[0.061s] Invoking command in '/home/ros/autoware.ai/build/op_simu': CMAKE_PREFIX_PATH=/home/ros/autoware.ai/install/op_planner:/home/ros/autoware.ai/install/op_utility:/home/ros/autoware.ai/install/vector_map_server:/home/ros/autoware.ai/install/vector_map:/home/ros/autoware.ai/install/vector_map_msgs:/home/ros/autoware.ai/install/autoware_msgs:/home/ros/autoware.ai/install/autoware_build_flags:${CMAKE_PREFIX_PATH} LD_LIBRARY_PATH=/home/ros/autoware.ai/install/op_planner/lib:/home/ros/autoware.ai/install/op_utility/lib:/home/ros/autoware.ai/install/vector_map/lib:${LD_LIBRARY_PATH} PKG_CONFIG_PATH=/home/ros/autoware.ai/install/op_planner/lib/x86_64-linux-gnu/pkgconfig:/home/ros/autoware.ai/install/op_planner/lib/pkgconfig:/home/ros/autoware.ai/install/op_utility/lib/x86_64-linux-gnu/pkgconfig:/home/ros/autoware.ai/install/op_utility/lib/pkgconfig:/home/ros/autoware.ai/install/vector_map_server/lib/x86_64-linux-gnu/pkgconfig:/home/ros/autoware.ai/install/vector_map_server/lib/pkgconfig:/home/ros/autoware.ai/install/vector_map/lib/x86_64-linux-gnu/pkgconfig:/home/ros/autoware.ai/install/vector_map/lib/pkgconfig:/home/ros/autoware.ai/install/vector_map_msgs/lib/x86_64-linux-gnu/pkgconfig:/home/ros/autoware.ai/install/vector_map_msgs/lib/pkgconfig:/home/ros/autoware.ai/install/autoware_msgs/lib/x86_64-linux-gnu/pkgconfig:/home/ros/autoware.ai/install/autoware_msgs/lib/pkgconfig:/home/ros/autoware.ai/install/autoware_build_flags/lib/x86_64-linux-gnu/pkgconfig:/home/ros/autoware.ai/install/autoware_build_flags/lib/pkgconfig:${PKG_CONFIG_PATH} PYTHONPATH=/home/ros/autoware.ai/install/vector_map_server/lib/python2.7/dist-packages:/home/ros/autoware.ai/install/vector_map_msgs/lib/python2.7/dist-packages:/home/ros/autoware.ai/install/autoware_msgs/lib/python2.7/dist-packages:${PYTHONPATH} ROS_PACKAGE_PATH=/home/ros/autoware.ai/install/op_planner/share:/home/ros/autoware.ai/install/op_utility/share:/home/ros/autoware.ai/install/vector_map_server/share:/home/ros/autoware.ai/install/vector_map/share:/home/ros/autoware.ai/install/vector_map_msgs/share:/home/ros/autoware.ai/install/autoware_msgs/share:/home/ros/autoware.ai/install/autoware_build_flags/share:${ROS_PACKAGE_PATH} /usr/bin/cmake /home/ros/autoware.ai/src/autoware/common/op_simu -DCMAKE_BUILD_TYPE=Release -DCATKIN_INSTALL_INTO_PREFIX_ROOT=0 -DCMAKE_INSTALL_PREFIX=/home/ros/autoware.ai/install/op_simu
[0.162s] -- The C compiler identification is GNU 7.5.0
[0.253s] -- The CXX compiler identification is GNU 7.5.0
[0.260s] -- Check for working C compiler: /usr/bin/cc
[0.372s] -- Check for working C compiler: /usr/bin/cc -- works
[0.372s] -- Detecting C compiler ABI info
[0.475s] -- Detecting C compiler ABI info - done
[0.488s] -- Detecting C compile features
[0.884s] -- Detecting C compile features - done
[0.888s] -- Check for working CXX compiler: /usr/bin/c++
[1.022s] -- Check for working CXX compiler: /usr/bin/c++ -- works
[1.022s] -- Detecting CXX compiler ABI info
[1.206s] -- Detecting CXX compiler ABI info - done
[1.219s] -- Detecting CXX compile features
[1.820s] -- Detecting CXX compile features - done
[1.823s] -- CUDA compilation status: .
[1.827s] -- Using CATKIN_DEVEL_PREFIX: /home/ros/autoware.ai/build/op_simu/devel
[1.827s] -- Using CMAKE_PREFIX_PATH: /home/ros/autoware.ai/install/op_planner;/home/ros/autoware.ai/install/op_utility;/home/ros/autoware.ai/install/vector_map_server;/home/ros/autoware.ai/install/vector_map;/home/ros/autoware.ai/install/vector_map_msgs;/home/ros/autoware.ai/install/autoware_msgs;/home/ros/autoware.ai/install/autoware_build_flags;/opt/ros/melodic
[1.828s] -- This workspace overlays: /home/ros/autoware.ai/install/op_planner;/home/ros/autoware.ai/install/op_utility;/home/ros/autoware.ai/install/vector_map_server;/home/ros/autoware.ai/install/vector_map;/home/ros/autoware.ai/install/vector_map_msgs;/home/ros/autoware.ai/install/autoware_msgs;/home/ros/autoware.ai/install/autoware_build_flags;/opt/ros/melodic
[1.851s] -- Found PythonInterp: /usr/bin/python2 (found suitable version "2.7.17", minimum required is "2") 
[1.851s] -- Using PYTHON_EXECUTABLE: /usr/bin/python2
[1.851s] -- Using Debian Python package layout
[1.851s] -- Using empy: /usr/bin/empy
[2.078s] -- Using CATKIN_ENABLE_TESTING: ON
[2.078s] -- Call enable_testing()
[2.081s] -- Using CATKIN_TEST_RESULTS_DIR: /home/ros/autoware.ai/build/op_simu/test_results
[2.103s] -- Found gtest sources under '/usr/src/googletest': gtests will be built
[2.104s] -- Found gmock sources under '/usr/src/googletest': gmock will be built
[2.122s] -- Found PythonInterp: /usr/bin/python2 (found version "2.7.17") 
[2.123s] -- Looking for pthread.h
[2.254s] -- Looking for pthread.h - found
[2.255s] -- Looking for pthread_create
[2.383s] -- Looking for pthread_create - not found
[2.383s] -- Looking for pthread_create in pthreads
[2.484s] -- Looking for pthread_create in pthreads - not found
[2.485s] -- Looking for pthread_create in pthread
[2.602s] -- Looking for pthread_create in pthread - found
[2.604s] -- Found Threads: TRUE  
[2.611s] -- Using Python nosetests: /usr/bin/nosetests-2.7
[2.672s] -- catkin 0.7.29
[2.672s] -- BUILD_SHARED_LIBS is on
[2.943s] -- Using these message generators: gencpp;geneus;genlisp;gennodejs;genpy
[3.247s] -- Found OpenCV: /usr (found version "3.2.0") 
[3.258s] -- Found OpenGL: /usr/lib/x86_64-linux-gnu/libOpenGL.so   
[3.267s] -- Found GLEW: /usr/include  
[3.274s] -- Found GLUT: /usr/lib/x86_64-linux-gnu/libglut.so  
[3.323s] -- Looking for XOpenDisplay in /usr/lib/x86_64-linux-gnu/libX11.so;/usr/lib/x86_64-linux-gnu/libXext.so
[3.438s] -- Looking for XOpenDisplay in /usr/lib/x86_64-linux-gnu/libX11.so;/usr/lib/x86_64-linux-gnu/libXext.so - found
[3.439s] -- Looking for gethostbyname
[3.549s] -- Looking for gethostbyname - found
[3.550s] -- Looking for connect
[3.679s] -- Looking for connect - found
[3.679s] -- Looking for remove
[3.782s] -- Looking for remove - found
[3.782s] -- Looking for shmat
[3.923s] -- Looking for shmat - found
[3.923s] -- Looking for IceConnectionNumber in ICE
[4.044s] -- Looking for IceConnectionNumber in ICE - found
[4.045s] -- Found X11: /usr/lib/x86_64-linux-gnu/libX11.so
[4.261s] -- Configuring done
[4.345s] -- Generating done
[4.355s] -- Build files have been written to: /home/ros/autoware.ai/build/op_simu
[4.361s] Invoked command in '/home/ros/autoware.ai/build/op_simu' returned '0': CMAKE_PREFIX_PATH=/home/ros/autoware.ai/install/op_planner:/home/ros/autoware.ai/install/op_utility:/home/ros/autoware.ai/install/vector_map_server:/home/ros/autoware.ai/install/vector_map:/home/ros/autoware.ai/install/vector_map_msgs:/home/ros/autoware.ai/install/autoware_msgs:/home/ros/autoware.ai/install/autoware_build_flags:${CMAKE_PREFIX_PATH} LD_LIBRARY_PATH=/home/ros/autoware.ai/install/op_planner/lib:/home/ros/autoware.ai/install/op_utility/lib:/home/ros/autoware.ai/install/vector_map/lib:${LD_LIBRARY_PATH} PKG_CONFIG_PATH=/home/ros/autoware.ai/install/op_planner/lib/x86_64-linux-gnu/pkgconfig:/home/ros/autoware.ai/install/op_planner/lib/pkgconfig:/home/ros/autoware.ai/install/op_utility/lib/x86_64-linux-gnu/pkgconfig:/home/ros/autoware.ai/install/op_utility/lib/pkgconfig:/home/ros/autoware.ai/install/vector_map_server/lib/x86_64-linux-gnu/pkgconfig:/home/ros/autoware.ai/install/vector_map_server/lib/pkgconfig:/home/ros/autoware.ai/install/vector_map/lib/x86_64-linux-gnu/pkgconfig:/home/ros/autoware.ai/install/vector_map/lib/pkgconfig:/home/ros/autoware.ai/install/vector_map_msgs/lib/x86_64-linux-gnu/pkgconfig:/home/ros/autoware.ai/install/vector_map_msgs/lib/pkgconfig:/home/ros/autoware.ai/install/autoware_msgs/lib/x86_64-linux-gnu/pkgconfig:/home/ros/autoware.ai/install/autoware_msgs/lib/pkgconfig:/home/ros/autoware.ai/install/autoware_build_flags/lib/x86_64-linux-gnu/pkgconfig:/home/ros/autoware.ai/install/autoware_build_flags/lib/pkgconfig:${PKG_CONFIG_PATH} PYTHONPATH=/home/ros/autoware.ai/install/vector_map_server/lib/python2.7/dist-packages:/home/ros/autoware.ai/install/vector_map_msgs/lib/python2.7/dist-packages:/home/ros/autoware.ai/install/autoware_msgs/lib/python2.7/dist-packages:${PYTHONPATH} ROS_PACKAGE_PATH=/home/ros/autoware.ai/install/op_planner/share:/home/ros/autoware.ai/install/op_utility/share:/home/ros/autoware.ai/install/vector_map_server/share:/home/ros/autoware.ai/install/vector_map/share:/home/ros/autoware.ai/install/vector_map_msgs/share:/home/ros/autoware.ai/install/autoware_msgs/share:/home/ros/autoware.ai/install/autoware_build_flags/share:${ROS_PACKAGE_PATH} /usr/bin/cmake /home/ros/autoware.ai/src/autoware/common/op_simu -DCMAKE_BUILD_TYPE=Release -DCATKIN_INSTALL_INTO_PREFIX_ROOT=0 -DCMAKE_INSTALL_PREFIX=/home/ros/autoware.ai/install/op_simu
[4.365s] Invoking command in '/home/ros/autoware.ai/build/op_simu': CMAKE_PREFIX_PATH=/home/ros/autoware.ai/install/op_planner:/home/ros/autoware.ai/install/op_utility:/home/ros/autoware.ai/install/vector_map_server:/home/ros/autoware.ai/install/vector_map:/home/ros/autoware.ai/install/vector_map_msgs:/home/ros/autoware.ai/install/autoware_msgs:/home/ros/autoware.ai/install/autoware_build_flags:${CMAKE_PREFIX_PATH} LD_LIBRARY_PATH=/home/ros/autoware.ai/install/op_planner/lib:/home/ros/autoware.ai/install/op_utility/lib:/home/ros/autoware.ai/install/vector_map/lib:${LD_LIBRARY_PATH} PKG_CONFIG_PATH=/home/ros/autoware.ai/install/op_planner/lib/x86_64-linux-gnu/pkgconfig:/home/ros/autoware.ai/install/op_planner/lib/pkgconfig:/home/ros/autoware.ai/install/op_utility/lib/x86_64-linux-gnu/pkgconfig:/home/ros/autoware.ai/install/op_utility/lib/pkgconfig:/home/ros/autoware.ai/install/vector_map_server/lib/x86_64-linux-gnu/pkgconfig:/home/ros/autoware.ai/install/vector_map_server/lib/pkgconfig:/home/ros/autoware.ai/install/vector_map/lib/x86_64-linux-gnu/pkgconfig:/home/ros/autoware.ai/install/vector_map/lib/pkgconfig:/home/ros/autoware.ai/install/vector_map_msgs/lib/x86_64-linux-gnu/pkgconfig:/home/ros/autoware.ai/install/vector_map_msgs/lib/pkgconfig:/home/ros/autoware.ai/install/autoware_msgs/lib/x86_64-linux-gnu/pkgconfig:/home/ros/autoware.ai/install/autoware_msgs/lib/pkgconfig:/home/ros/autoware.ai/install/autoware_build_flags/lib/x86_64-linux-gnu/pkgconfig:/home/ros/autoware.ai/install/autoware_build_flags/lib/pkgconfig:${PKG_CONFIG_PATH} PYTHONPATH=/home/ros/autoware.ai/install/vector_map_server/lib/python2.7/dist-packages:/home/ros/autoware.ai/install/vector_map_msgs/lib/python2.7/dist-packages:/home/ros/autoware.ai/install/autoware_msgs/lib/python2.7/dist-packages:${PYTHONPATH} ROS_PACKAGE_PATH=/home/ros/autoware.ai/install/op_planner/share:/home/ros/autoware.ai/install/op_utility/share:/home/ros/autoware.ai/install/vector_map_server/share:/home/ros/autoware.ai/install/vector_map/share:/home/ros/autoware.ai/install/vector_map_msgs/share:/home/ros/autoware.ai/install/autoware_msgs/share:/home/ros/autoware.ai/install/autoware_build_flags/share:${ROS_PACKAGE_PATH} /usr/bin/cmake --build /home/ros/autoware.ai/build/op_simu -- -j12 -l12
[4.442s] [35m[1mScanning dependencies of target Simu[0m
[4.480s] [ 11%] [32mBuilding CXX object CMakeFiles/Simu.dir/src/SimpleTracker.cpp.o[0m
[9.515s] [ 22%] [32mBuilding CXX object CMakeFiles/Simu.dir/main.cpp.o[0m
[9.799s] [ 33%] [32mBuilding CXX object CMakeFiles/Simu.dir/src/TrajectoryFollower.cpp.o[0m
[12.534s] [ 44%] [32mBuilding CXX object CMakeFiles/Simu.dir/src/SimulatedTrajectoryFollower.cpp.o[0m
[14.468s] [ 55%] [32m[1mLinking CXX executable devel/lib/op_simu/Simu[0m
[14.646s] [ 55%] Built target Simu
[14.665s] [35m[1mScanning dependencies of target op_simu[0m
[14.694s] [ 66%] [32mBuilding CXX object CMakeFiles/op_simu.dir/src/SimpleTracker.cpp.o[0m
[19.590s] [ 77%] [32mBuilding CXX object CMakeFiles/op_simu.dir/src/TrajectoryFollower.cpp.o[0m
[22.241s] [ 88%] [32mBuilding CXX object CMakeFiles/op_simu.dir/src/SimulatedTrajectoryFollower.cpp.o[0m
[24.118s] [100%] [32m[1mLinking CXX shared library devel/lib/libop_simu.so[0m
[24.289s] [100%] Built target op_simu
[24.307s] Invoked command in '/home/ros/autoware.ai/build/op_simu' returned '0': CMAKE_PREFIX_PATH=/home/ros/autoware.ai/install/op_planner:/home/ros/autoware.ai/install/op_utility:/home/ros/autoware.ai/install/vector_map_server:/home/ros/autoware.ai/install/vector_map:/home/ros/autoware.ai/install/vector_map_msgs:/home/ros/autoware.ai/install/autoware_msgs:/home/ros/autoware.ai/install/autoware_build_flags:${CMAKE_PREFIX_PATH} LD_LIBRARY_PATH=/home/ros/autoware.ai/install/op_planner/lib:/home/ros/autoware.ai/install/op_utility/lib:/home/ros/autoware.ai/install/vector_map/lib:${LD_LIBRARY_PATH} PKG_CONFIG_PATH=/home/ros/autoware.ai/install/op_planner/lib/x86_64-linux-gnu/pkgconfig:/home/ros/autoware.ai/install/op_planner/lib/pkgconfig:/home/ros/autoware.ai/install/op_utility/lib/x86_64-linux-gnu/pkgconfig:/home/ros/autoware.ai/install/op_utility/lib/pkgconfig:/home/ros/autoware.ai/install/vector_map_server/lib/x86_64-linux-gnu/pkgconfig:/home/ros/autoware.ai/install/vector_map_server/lib/pkgconfig:/home/ros/autoware.ai/install/vector_map/lib/x86_64-linux-gnu/pkgconfig:/home/ros/autoware.ai/install/vector_map/lib/pkgconfig:/home/ros/autoware.ai/install/vector_map_msgs/lib/x86_64-linux-gnu/pkgconfig:/home/ros/autoware.ai/install/vector_map_msgs/lib/pkgconfig:/home/ros/autoware.ai/install/autoware_msgs/lib/x86_64-linux-gnu/pkgconfig:/home/ros/autoware.ai/install/autoware_msgs/lib/pkgconfig:/home/ros/autoware.ai/install/autoware_build_flags/lib/x86_64-linux-gnu/pkgconfig:/home/ros/autoware.ai/install/autoware_build_flags/lib/pkgconfig:${PKG_CONFIG_PATH} PYTHONPATH=/home/ros/autoware.ai/install/vector_map_server/lib/python2.7/dist-packages:/home/ros/autoware.ai/install/vector_map_msgs/lib/python2.7/dist-packages:/home/ros/autoware.ai/install/autoware_msgs/lib/python2.7/dist-packages:${PYTHONPATH} ROS_PACKAGE_PATH=/home/ros/autoware.ai/install/op_planner/share:/home/ros/autoware.ai/install/op_utility/share:/home/ros/autoware.ai/install/vector_map_server/share:/home/ros/autoware.ai/install/vector_map/share:/home/ros/autoware.ai/install/vector_map_msgs/share:/home/ros/autoware.ai/install/autoware_msgs/share:/home/ros/autoware.ai/install/autoware_build_flags/share:${ROS_PACKAGE_PATH} /usr/bin/cmake --build /home/ros/autoware.ai/build/op_simu -- -j12 -l12
[24.688s] Invoking command in '/home/ros/autoware.ai/build/op_simu': CMAKE_PREFIX_PATH=/home/ros/autoware.ai/install/op_planner:/home/ros/autoware.ai/install/op_utility:/home/ros/autoware.ai/install/vector_map_server:/home/ros/autoware.ai/install/vector_map:/home/ros/autoware.ai/install/vector_map_msgs:/home/ros/autoware.ai/install/autoware_msgs:/home/ros/autoware.ai/install/autoware_build_flags:${CMAKE_PREFIX_PATH} LD_LIBRARY_PATH=/home/ros/autoware.ai/install/op_planner/lib:/home/ros/autoware.ai/install/op_utility/lib:/home/ros/autoware.ai/install/vector_map/lib:${LD_LIBRARY_PATH} PKG_CONFIG_PATH=/home/ros/autoware.ai/install/op_planner/lib/x86_64-linux-gnu/pkgconfig:/home/ros/autoware.ai/install/op_planner/lib/pkgconfig:/home/ros/autoware.ai/install/op_utility/lib/x86_64-linux-gnu/pkgconfig:/home/ros/autoware.ai/install/op_utility/lib/pkgconfig:/home/ros/autoware.ai/install/vector_map_server/lib/x86_64-linux-gnu/pkgconfig:/home/ros/autoware.ai/install/vector_map_server/lib/pkgconfig:/home/ros/autoware.ai/install/vector_map/lib/x86_64-linux-gnu/pkgconfig:/home/ros/autoware.ai/install/vector_map/lib/pkgconfig:/home/ros/autoware.ai/install/vector_map_msgs/lib/x86_64-linux-gnu/pkgconfig:/home/ros/autoware.ai/install/vector_map_msgs/lib/pkgconfig:/home/ros/autoware.ai/install/autoware_msgs/lib/x86_64-linux-gnu/pkgconfig:/home/ros/autoware.ai/install/autoware_msgs/lib/pkgconfig:/home/ros/autoware.ai/install/autoware_build_flags/lib/x86_64-linux-gnu/pkgconfig:/home/ros/autoware.ai/install/autoware_build_flags/lib/pkgconfig:${PKG_CONFIG_PATH} PYTHONPATH=/home/ros/autoware.ai/install/vector_map_server/lib/python2.7/dist-packages:/home/ros/autoware.ai/install/vector_map_msgs/lib/python2.7/dist-packages:/home/ros/autoware.ai/install/autoware_msgs/lib/python2.7/dist-packages:${PYTHONPATH} ROS_PACKAGE_PATH=/home/ros/autoware.ai/install/op_planner/share:/home/ros/autoware.ai/install/op_utility/share:/home/ros/autoware.ai/install/vector_map_server/share:/home/ros/autoware.ai/install/vector_map/share:/home/ros/autoware.ai/install/vector_map_msgs/share:/home/ros/autoware.ai/install/autoware_msgs/share:/home/ros/autoware.ai/install/autoware_build_flags/share:${ROS_PACKAGE_PATH} /usr/bin/cmake --build /home/ros/autoware.ai/build/op_simu --target tests -- -j12 -l12
[24.809s] [35m[1mScanning dependencies of target tests[0m
[24.822s] Built target tests
[24.841s] Invoked command in '/home/ros/autoware.ai/build/op_simu' returned '0': CMAKE_PREFIX_PATH=/home/ros/autoware.ai/install/op_planner:/home/ros/autoware.ai/install/op_utility:/home/ros/autoware.ai/install/vector_map_server:/home/ros/autoware.ai/install/vector_map:/home/ros/autoware.ai/install/vector_map_msgs:/home/ros/autoware.ai/install/autoware_msgs:/home/ros/autoware.ai/install/autoware_build_flags:${CMAKE_PREFIX_PATH} LD_LIBRARY_PATH=/home/ros/autoware.ai/install/op_planner/lib:/home/ros/autoware.ai/install/op_utility/lib:/home/ros/autoware.ai/install/vector_map/lib:${LD_LIBRARY_PATH} PKG_CONFIG_PATH=/home/ros/autoware.ai/install/op_planner/lib/x86_64-linux-gnu/pkgconfig:/home/ros/autoware.ai/install/op_planner/lib/pkgconfig:/home/ros/autoware.ai/install/op_utility/lib/x86_64-linux-gnu/pkgconfig:/home/ros/autoware.ai/install/op_utility/lib/pkgconfig:/home/ros/autoware.ai/install/vector_map_server/lib/x86_64-linux-gnu/pkgconfig:/home/ros/autoware.ai/install/vector_map_server/lib/pkgconfig:/home/ros/autoware.ai/install/vector_map/lib/x86_64-linux-gnu/pkgconfig:/home/ros/autoware.ai/install/vector_map/lib/pkgconfig:/home/ros/autoware.ai/install/vector_map_msgs/lib/x86_64-linux-gnu/pkgconfig:/home/ros/autoware.ai/install/vector_map_msgs/lib/pkgconfig:/home/ros/autoware.ai/install/autoware_msgs/lib/x86_64-linux-gnu/pkgconfig:/home/ros/autoware.ai/install/autoware_msgs/lib/pkgconfig:/home/ros/autoware.ai/install/autoware_build_flags/lib/x86_64-linux-gnu/pkgconfig:/home/ros/autoware.ai/install/autoware_build_flags/lib/pkgconfig:${PKG_CONFIG_PATH} PYTHONPATH=/home/ros/autoware.ai/install/vector_map_server/lib/python2.7/dist-packages:/home/ros/autoware.ai/install/vector_map_msgs/lib/python2.7/dist-packages:/home/ros/autoware.ai/install/autoware_msgs/lib/python2.7/dist-packages:${PYTHONPATH} ROS_PACKAGE_PATH=/home/ros/autoware.ai/install/op_planner/share:/home/ros/autoware.ai/install/op_utility/share:/home/ros/autoware.ai/install/vector_map_server/share:/home/ros/autoware.ai/install/vector_map/share:/home/ros/autoware.ai/install/vector_map_msgs/share:/home/ros/autoware.ai/install/autoware_msgs/share:/home/ros/autoware.ai/install/autoware_build_flags/share:${ROS_PACKAGE_PATH} /usr/bin/cmake --build /home/ros/autoware.ai/build/op_simu --target tests -- -j12 -l12
[26.316s] Invoking command in '/home/ros/autoware.ai/build/op_simu': CMAKE_PREFIX_PATH=/home/ros/autoware.ai/install/op_planner:/home/ros/autoware.ai/install/op_utility:/home/ros/autoware.ai/install/vector_map_server:/home/ros/autoware.ai/install/vector_map:/home/ros/autoware.ai/install/vector_map_msgs:/home/ros/autoware.ai/install/autoware_msgs:/home/ros/autoware.ai/install/autoware_build_flags:${CMAKE_PREFIX_PATH} LD_LIBRARY_PATH=/home/ros/autoware.ai/install/op_planner/lib:/home/ros/autoware.ai/install/op_utility/lib:/home/ros/autoware.ai/install/vector_map/lib:${LD_LIBRARY_PATH} PKG_CONFIG_PATH=/home/ros/autoware.ai/install/op_planner/lib/x86_64-linux-gnu/pkgconfig:/home/ros/autoware.ai/install/op_planner/lib/pkgconfig:/home/ros/autoware.ai/install/op_utility/lib/x86_64-linux-gnu/pkgconfig:/home/ros/autoware.ai/install/op_utility/lib/pkgconfig:/home/ros/autoware.ai/install/vector_map_server/lib/x86_64-linux-gnu/pkgconfig:/home/ros/autoware.ai/install/vector_map_server/lib/pkgconfig:/home/ros/autoware.ai/install/vector_map/lib/x86_64-linux-gnu/pkgconfig:/home/ros/autoware.ai/install/vector_map/lib/pkgconfig:/home/ros/autoware.ai/install/vector_map_msgs/lib/x86_64-linux-gnu/pkgconfig:/home/ros/autoware.ai/install/vector_map_msgs/lib/pkgconfig:/home/ros/autoware.ai/install/autoware_msgs/lib/x86_64-linux-gnu/pkgconfig:/home/ros/autoware.ai/install/autoware_msgs/lib/pkgconfig:/home/ros/autoware.ai/install/autoware_build_flags/lib/x86_64-linux-gnu/pkgconfig:/home/ros/autoware.ai/install/autoware_build_flags/lib/pkgconfig:${PKG_CONFIG_PATH} PYTHONPATH=/home/ros/autoware.ai/install/vector_map_server/lib/python2.7/dist-packages:/home/ros/autoware.ai/install/vector_map_msgs/lib/python2.7/dist-packages:/home/ros/autoware.ai/install/autoware_msgs/lib/python2.7/dist-packages:${PYTHONPATH} ROS_PACKAGE_PATH=/home/ros/autoware.ai/install/op_planner/share:/home/ros/autoware.ai/install/op_utility/share:/home/ros/autoware.ai/install/vector_map_server/share:/home/ros/autoware.ai/install/vector_map/share:/home/ros/autoware.ai/install/vector_map_msgs/share:/home/ros/autoware.ai/install/autoware_msgs/share:/home/ros/autoware.ai/install/autoware_build_flags/share:${ROS_PACKAGE_PATH} /usr/bin/cmake --build /home/ros/autoware.ai/build/op_simu --target install -- -j12 -l12
[26.708s] [ 55%] Built target Simu
[26.879s] [100%] Built target op_simu
[26.945s] [36mInstall the project...[0m
[26.976s] -- Install configuration: "Release"
[26.977s] -- Installing: /home/ros/autoware.ai/install/op_simu/lib/pkgconfig/op_simu.pc
[26.977s] -- Installing: /home/ros/autoware.ai/install/op_simu/share/op_simu/cmake/op_simuConfig.cmake
[26.977s] -- Installing: /home/ros/autoware.ai/install/op_simu/share/op_simu/cmake/op_simuConfig-version.cmake
[26.978s] -- Installing: /home/ros/autoware.ai/install/op_simu/share/op_simu/package.xml
[26.978s] -- Installing: /home/ros/autoware.ai/install/op_simu/include/op_simu
[26.978s] -- Installing: /home/ros/autoware.ai/install/op_simu/include/op_simu/SimpleTracker.h
[26.978s] -- Installing: /home/ros/autoware.ai/install/op_simu/include/op_simu/SimulatedTrajectoryFollower.h
[26.978s] -- Installing: /home/ros/autoware.ai/install/op_simu/include/op_simu/TrajectoryFollower.h
[26.978s] -- Installing: /home/ros/autoware.ai/install/op_simu/lib/libop_simu.so
[26.979s] -- Set runtime path of "/home/ros/autoware.ai/install/op_simu/lib/libop_simu.so" to ""
[26.979s] -- Installing: /home/ros/autoware.ai/install/op_simu/lib/op_simu/Simu
[26.980s] -- Set runtime path of "/home/ros/autoware.ai/install/op_simu/lib/op_simu/Simu" to ""
[26.986s] Invoked command in '/home/ros/autoware.ai/build/op_simu' returned '0': CMAKE_PREFIX_PATH=/home/ros/autoware.ai/install/op_planner:/home/ros/autoware.ai/install/op_utility:/home/ros/autoware.ai/install/vector_map_server:/home/ros/autoware.ai/install/vector_map:/home/ros/autoware.ai/install/vector_map_msgs:/home/ros/autoware.ai/install/autoware_msgs:/home/ros/autoware.ai/install/autoware_build_flags:${CMAKE_PREFIX_PATH} LD_LIBRARY_PATH=/home/ros/autoware.ai/install/op_planner/lib:/home/ros/autoware.ai/install/op_utility/lib:/home/ros/autoware.ai/install/vector_map/lib:${LD_LIBRARY_PATH} PKG_CONFIG_PATH=/home/ros/autoware.ai/install/op_planner/lib/x86_64-linux-gnu/pkgconfig:/home/ros/autoware.ai/install/op_planner/lib/pkgconfig:/home/ros/autoware.ai/install/op_utility/lib/x86_64-linux-gnu/pkgconfig:/home/ros/autoware.ai/install/op_utility/lib/pkgconfig:/home/ros/autoware.ai/install/vector_map_server/lib/x86_64-linux-gnu/pkgconfig:/home/ros/autoware.ai/install/vector_map_server/lib/pkgconfig:/home/ros/autoware.ai/install/vector_map/lib/x86_64-linux-gnu/pkgconfig:/home/ros/autoware.ai/install/vector_map/lib/pkgconfig:/home/ros/autoware.ai/install/vector_map_msgs/lib/x86_64-linux-gnu/pkgconfig:/home/ros/autoware.ai/install/vector_map_msgs/lib/pkgconfig:/home/ros/autoware.ai/install/autoware_msgs/lib/x86_64-linux-gnu/pkgconfig:/home/ros/autoware.ai/install/autoware_msgs/lib/pkgconfig:/home/ros/autoware.ai/install/autoware_build_flags/lib/x86_64-linux-gnu/pkgconfig:/home/ros/autoware.ai/install/autoware_build_flags/lib/pkgconfig:${PKG_CONFIG_PATH} PYTHONPATH=/home/ros/autoware.ai/install/vector_map_server/lib/python2.7/dist-packages:/home/ros/autoware.ai/install/vector_map_msgs/lib/python2.7/dist-packages:/home/ros/autoware.ai/install/autoware_msgs/lib/python2.7/dist-packages:${PYTHONPATH} ROS_PACKAGE_PATH=/home/ros/autoware.ai/install/op_planner/share:/home/ros/autoware.ai/install/op_utility/share:/home/ros/autoware.ai/install/vector_map_server/share:/home/ros/autoware.ai/install/vector_map/share:/home/ros/autoware.ai/install/vector_map_msgs/share:/home/ros/autoware.ai/install/autoware_msgs/share:/home/ros/autoware.ai/install/autoware_build_flags/share:${ROS_PACKAGE_PATH} /usr/bin/cmake --build /home/ros/autoware.ai/build/op_simu --target install -- -j12 -l12
