[0.069s] Invoking command in '/home/ros/autoware.ai/build/op_simulation_package': CMAKE_PREFIX_PATH=/home/ros/autoware.ai/install/op_ros_helpers:/home/ros/autoware.ai/install/op_simu:/home/ros/autoware.ai/install/op_planner:/home/ros/autoware.ai/install/op_utility:/home/ros/autoware.ai/install/map_file:/home/ros/autoware.ai/install/vector_map_server:/home/ros/autoware.ai/install/libwaypoint_follower:/home/ros/autoware.ai/install/lanelet2_extension:/home/ros/autoware.ai/install/vector_map:/home/ros/autoware.ai/install/amathutils_lib:/home/ros/autoware.ai/install/vector_map_msgs:/home/ros/autoware.ai/install/autoware_msgs:/home/ros/autoware.ai/install/autoware_lanelet2_msgs:/home/ros/autoware.ai/install/autoware_build_flags:${CMAKE_PREFIX_PATH} LD_LIBRARY_PATH=/home/ros/autoware.ai/install/op_ros_helpers/lib:/home/ros/autoware.ai/install/op_simu/lib:/home/ros/autoware.ai/install/op_planner/lib:/home/ros/autoware.ai/install/op_utility/lib:/home/ros/autoware.ai/install/map_file/lib:/home/ros/autoware.ai/install/libwaypoint_follower/lib:/home/ros/autoware.ai/install/lanelet2_extension/lib:/home/ros/autoware.ai/install/vector_map/lib:/home/ros/autoware.ai/install/amathutils_lib/lib:${LD_LIBRARY_PATH} PKG_CONFIG_PATH=/home/ros/autoware.ai/install/op_ros_helpers/lib/x86_64-linux-gnu/pkgconfig:/home/ros/autoware.ai/install/op_ros_helpers/lib/pkgconfig:/home/ros/autoware.ai/install/op_simu/lib/x86_64-linux-gnu/pkgconfig:/home/ros/autoware.ai/install/op_simu/lib/pkgconfig:/home/ros/autoware.ai/install/op_planner/lib/x86_64-linux-gnu/pkgconfig:/home/ros/autoware.ai/install/op_planner/lib/pkgconfig:/home/ros/autoware.ai/install/op_utility/lib/x86_64-linux-gnu/pkgconfig:/home/ros/autoware.ai/install/op_utility/lib/pkgconfig:/home/ros/autoware.ai/install/map_file/lib/x86_64-linux-gnu/pkgconfig:/home/ros/autoware.ai/install/map_file/lib/pkgconfig:/home/ros/autoware.ai/install/vector_map_server/lib/x86_64-linux-gnu/pkgconfig:/home/ros/autoware.ai/install/vector_map_server/lib/pkgconfig:/home/ros/autoware.ai/install/libwaypoint_follower/lib/x86_64-linux-gnu/pkgconfig:/home/ros/autoware.ai/install/libwaypoint_follower/lib/pkgconfig:/home/ros/autoware.ai/install/lanelet2_extension/lib/x86_64-linux-gnu/pkgconfig:/home/ros/autoware.ai/install/lanelet2_extension/lib/pkgconfig:/home/ros/autoware.ai/install/vector_map/lib/x86_64-linux-gnu/pkgconfig:/home/ros/autoware.ai/install/vector_map/lib/pkgconfig:/home/ros/autoware.ai/install/amathutils_lib/lib/x86_64-linux-gnu/pkgconfig:/home/ros/autoware.ai/install/amathutils_lib/lib/pkgconfig:/home/ros/autoware.ai/install/vector_map_msgs/lib/x86_64-linux-gnu/pkgconfig:/home/ros/autoware.ai/install/vector_map_msgs/lib/pkgconfig:/home/ros/autoware.ai/install/autoware_msgs/lib/x86_64-linux-gnu/pkgconfig:/home/ros/autoware.ai/install/autoware_msgs/lib/pkgconfig:/home/ros/autoware.ai/install/autoware_lanelet2_msgs/lib/x86_64-linux-gnu/pkgconfig:/home/ros/autoware.ai/install/autoware_lanelet2_msgs/lib/pkgconfig:/home/ros/autoware.ai/install/autoware_build_flags/lib/x86_64-linux-gnu/pkgconfig:/home/ros/autoware.ai/install/autoware_build_flags/lib/pkgconfig:${PKG_CONFIG_PATH} PYTHONPATH=/home/ros/autoware.ai/install/vector_map_server/lib/python2.7/dist-packages:/home/ros/autoware.ai/install/vector_map_msgs/lib/python2.7/dist-packages:/home/ros/autoware.ai/install/autoware_msgs/lib/python2.7/dist-packages:/home/ros/autoware.ai/install/autoware_lanelet2_msgs/lib/python2.7/dist-packages:${PYTHONPATH} ROS_PACKAGE_PATH=/home/ros/autoware.ai/install/op_ros_helpers/share:/home/ros/autoware.ai/install/op_simu/share:/home/ros/autoware.ai/install/op_planner/share:/home/ros/autoware.ai/install/op_utility/share:/home/ros/autoware.ai/install/map_file/share:/home/ros/autoware.ai/install/vector_map_server/share:/home/ros/autoware.ai/install/libwaypoint_follower/share:/home/ros/autoware.ai/install/lanelet2_extension/share:/home/ros/autoware.ai/install/vector_map/share:/home/ros/autoware.ai/install/amathutils_lib/share:/home/ros/autoware.ai/install/vector_map_msgs/share:/home/ros/autoware.ai/install/autoware_msgs/share:/home/ros/autoware.ai/install/autoware_lanelet2_msgs/share:/home/ros/autoware.ai/install/autoware_build_flags/share:${ROS_PACKAGE_PATH} /usr/bin/cmake /home/ros/autoware.ai/src/autoware/core_planning/op_simulation_package -DCMAKE_BUILD_TYPE=Release -DCATKIN_INSTALL_INTO_PREFIX_ROOT=0 -DCMAKE_INSTALL_PREFIX=/home/ros/autoware.ai/install/op_simulation_package
[0.155s] -- The C compiler identification is GNU 7.5.0
[0.234s] -- The CXX compiler identification is GNU 7.5.0
[0.241s] -- Check for working C compiler: /usr/bin/cc
[0.327s] -- Check for working C compiler: /usr/bin/cc -- works
[0.328s] -- Detecting C compiler ABI info
[0.422s] -- Detecting C compiler ABI info - done
[0.437s] -- Detecting C compile features
[0.721s] -- Detecting C compile features - done
[0.727s] -- Check for working CXX compiler: /usr/bin/c++
[0.835s] -- Check for working CXX compiler: /usr/bin/c++ -- works
[0.836s] -- Detecting CXX compiler ABI info
[0.949s] -- Detecting CXX compiler ABI info - done
[0.962s] -- Detecting CXX compile features
[1.453s] -- Detecting CXX compile features - done
[1.739s] -- CUDA compilation status: .
[1.761s] -- Found OpenCV: /usr (found version "3.2.0") 
[1.764s] -- Using CATKIN_DEVEL_PREFIX: /home/ros/autoware.ai/build/op_simulation_package/devel
[1.765s] -- Using CMAKE_PREFIX_PATH: /home/ros/autoware.ai/install/op_ros_helpers;/home/ros/autoware.ai/install/op_simu;/home/ros/autoware.ai/install/op_planner;/home/ros/autoware.ai/install/op_utility;/home/ros/autoware.ai/install/map_file;/home/ros/autoware.ai/install/vector_map_server;/home/ros/autoware.ai/install/libwaypoint_follower;/home/ros/autoware.ai/install/lanelet2_extension;/home/ros/autoware.ai/install/vector_map;/home/ros/autoware.ai/install/amathutils_lib;/home/ros/autoware.ai/install/vector_map_msgs;/home/ros/autoware.ai/install/autoware_msgs;/home/ros/autoware.ai/install/autoware_lanelet2_msgs;/home/ros/autoware.ai/install/autoware_build_flags;/opt/ros/melodic
[1.766s] -- This workspace overlays: /home/ros/autoware.ai/install/op_ros_helpers;/home/ros/autoware.ai/install/op_simu;/home/ros/autoware.ai/install/op_planner;/home/ros/autoware.ai/install/op_utility;/home/ros/autoware.ai/install/map_file;/home/ros/autoware.ai/install/vector_map_server;/home/ros/autoware.ai/install/libwaypoint_follower;/home/ros/autoware.ai/install/lanelet2_extension;/home/ros/autoware.ai/install/vector_map;/home/ros/autoware.ai/install/amathutils_lib;/home/ros/autoware.ai/install/vector_map_msgs;/home/ros/autoware.ai/install/autoware_msgs;/home/ros/autoware.ai/install/autoware_lanelet2_msgs;/home/ros/autoware.ai/install/autoware_build_flags;/opt/ros/melodic
[1.785s] -- Found PythonInterp: /usr/bin/python2 (found suitable version "2.7.17", minimum required is "2") 
[1.786s] -- Using PYTHON_EXECUTABLE: /usr/bin/python2
[1.786s] -- Using Debian Python package layout
[1.786s] -- Using empy: /usr/bin/empy
[2.013s] -- Using CATKIN_ENABLE_TESTING: ON
[2.014s] -- Call enable_testing()
[2.017s] -- Using CATKIN_TEST_RESULTS_DIR: /home/ros/autoware.ai/build/op_simulation_package/test_results
[2.048s] -- Found gtest sources under '/usr/src/googletest': gtests will be built
[2.049s] -- Found gmock sources under '/usr/src/googletest': gmock will be built
[2.068s] -- Found PythonInterp: /usr/bin/python2 (found version "2.7.17") 
[2.069s] -- Looking for pthread.h
[2.168s] -- Looking for pthread.h - found
[2.169s] -- Looking for pthread_create
[2.264s] -- Looking for pthread_create - not found
[2.265s] -- Looking for pthread_create in pthreads
[2.340s] -- Looking for pthread_create in pthreads - not found
[2.341s] -- Looking for pthread_create in pthread
[2.431s] -- Looking for pthread_create in pthread - found
[2.433s] -- Found Threads: TRUE  
[2.440s] -- Using Python nosetests: /usr/bin/nosetests-2.7
[2.499s] -- catkin 0.7.29
[2.499s] -- BUILD_SHARED_LIBS is on
[2.719s] -- Using these message generators: gencpp;geneus;genlisp;gennodejs;genpy
[4.423s] -- Configuring done
[4.604s] -- Generating done
[4.621s] -- Build files have been written to: /home/ros/autoware.ai/build/op_simulation_package
[4.632s] Invoked command in '/home/ros/autoware.ai/build/op_simulation_package' returned '0': CMAKE_PREFIX_PATH=/home/ros/autoware.ai/install/op_ros_helpers:/home/ros/autoware.ai/install/op_simu:/home/ros/autoware.ai/install/op_planner:/home/ros/autoware.ai/install/op_utility:/home/ros/autoware.ai/install/map_file:/home/ros/autoware.ai/install/vector_map_server:/home/ros/autoware.ai/install/libwaypoint_follower:/home/ros/autoware.ai/install/lanelet2_extension:/home/ros/autoware.ai/install/vector_map:/home/ros/autoware.ai/install/amathutils_lib:/home/ros/autoware.ai/install/vector_map_msgs:/home/ros/autoware.ai/install/autoware_msgs:/home/ros/autoware.ai/install/autoware_lanelet2_msgs:/home/ros/autoware.ai/install/autoware_build_flags:${CMAKE_PREFIX_PATH} LD_LIBRARY_PATH=/home/ros/autoware.ai/install/op_ros_helpers/lib:/home/ros/autoware.ai/install/op_simu/lib:/home/ros/autoware.ai/install/op_planner/lib:/home/ros/autoware.ai/install/op_utility/lib:/home/ros/autoware.ai/install/map_file/lib:/home/ros/autoware.ai/install/libwaypoint_follower/lib:/home/ros/autoware.ai/install/lanelet2_extension/lib:/home/ros/autoware.ai/install/vector_map/lib:/home/ros/autoware.ai/install/amathutils_lib/lib:${LD_LIBRARY_PATH} PKG_CONFIG_PATH=/home/ros/autoware.ai/install/op_ros_helpers/lib/x86_64-linux-gnu/pkgconfig:/home/ros/autoware.ai/install/op_ros_helpers/lib/pkgconfig:/home/ros/autoware.ai/install/op_simu/lib/x86_64-linux-gnu/pkgconfig:/home/ros/autoware.ai/install/op_simu/lib/pkgconfig:/home/ros/autoware.ai/install/op_planner/lib/x86_64-linux-gnu/pkgconfig:/home/ros/autoware.ai/install/op_planner/lib/pkgconfig:/home/ros/autoware.ai/install/op_utility/lib/x86_64-linux-gnu/pkgconfig:/home/ros/autoware.ai/install/op_utility/lib/pkgconfig:/home/ros/autoware.ai/install/map_file/lib/x86_64-linux-gnu/pkgconfig:/home/ros/autoware.ai/install/map_file/lib/pkgconfig:/home/ros/autoware.ai/install/vector_map_server/lib/x86_64-linux-gnu/pkgconfig:/home/ros/autoware.ai/install/vector_map_server/lib/pkgconfig:/home/ros/autoware.ai/install/libwaypoint_follower/lib/x86_64-linux-gnu/pkgconfig:/home/ros/autoware.ai/install/libwaypoint_follower/lib/pkgconfig:/home/ros/autoware.ai/install/lanelet2_extension/lib/x86_64-linux-gnu/pkgconfig:/home/ros/autoware.ai/install/lanelet2_extension/lib/pkgconfig:/home/ros/autoware.ai/install/vector_map/lib/x86_64-linux-gnu/pkgconfig:/home/ros/autoware.ai/install/vector_map/lib/pkgconfig:/home/ros/autoware.ai/install/amathutils_lib/lib/x86_64-linux-gnu/pkgconfig:/home/ros/autoware.ai/install/amathutils_lib/lib/pkgconfig:/home/ros/autoware.ai/install/vector_map_msgs/lib/x86_64-linux-gnu/pkgconfig:/home/ros/autoware.ai/install/vector_map_msgs/lib/pkgconfig:/home/ros/autoware.ai/install/autoware_msgs/lib/x86_64-linux-gnu/pkgconfig:/home/ros/autoware.ai/install/autoware_msgs/lib/pkgconfig:/home/ros/autoware.ai/install/autoware_lanelet2_msgs/lib/x86_64-linux-gnu/pkgconfig:/home/ros/autoware.ai/install/autoware_lanelet2_msgs/lib/pkgconfig:/home/ros/autoware.ai/install/autoware_build_flags/lib/x86_64-linux-gnu/pkgconfig:/home/ros/autoware.ai/install/autoware_build_flags/lib/pkgconfig:${PKG_CONFIG_PATH} PYTHONPATH=/home/ros/autoware.ai/install/vector_map_server/lib/python2.7/dist-packages:/home/ros/autoware.ai/install/vector_map_msgs/lib/python2.7/dist-packages:/home/ros/autoware.ai/install/autoware_msgs/lib/python2.7/dist-packages:/home/ros/autoware.ai/install/autoware_lanelet2_msgs/lib/python2.7/dist-packages:${PYTHONPATH} ROS_PACKAGE_PATH=/home/ros/autoware.ai/install/op_ros_helpers/share:/home/ros/autoware.ai/install/op_simu/share:/home/ros/autoware.ai/install/op_planner/share:/home/ros/autoware.ai/install/op_utility/share:/home/ros/autoware.ai/install/map_file/share:/home/ros/autoware.ai/install/vector_map_server/share:/home/ros/autoware.ai/install/libwaypoint_follower/share:/home/ros/autoware.ai/install/lanelet2_extension/share:/home/ros/autoware.ai/install/vector_map/share:/home/ros/autoware.ai/install/amathutils_lib/share:/home/ros/autoware.ai/install/vector_map_msgs/share:/home/ros/autoware.ai/install/autoware_msgs/share:/home/ros/autoware.ai/install/autoware_lanelet2_msgs/share:/home/ros/autoware.ai/install/autoware_build_flags/share:${ROS_PACKAGE_PATH} /usr/bin/cmake /home/ros/autoware.ai/src/autoware/core_planning/op_simulation_package -DCMAKE_BUILD_TYPE=Release -DCATKIN_INSTALL_INTO_PREFIX_ROOT=0 -DCMAKE_INSTALL_PREFIX=/home/ros/autoware.ai/install/op_simulation_package
[4.634s] Invoking command in '/home/ros/autoware.ai/build/op_simulation_package': CMAKE_PREFIX_PATH=/home/ros/autoware.ai/install/op_ros_helpers:/home/ros/autoware.ai/install/op_simu:/home/ros/autoware.ai/install/op_planner:/home/ros/autoware.ai/install/op_utility:/home/ros/autoware.ai/install/map_file:/home/ros/autoware.ai/install/vector_map_server:/home/ros/autoware.ai/install/libwaypoint_follower:/home/ros/autoware.ai/install/lanelet2_extension:/home/ros/autoware.ai/install/vector_map:/home/ros/autoware.ai/install/amathutils_lib:/home/ros/autoware.ai/install/vector_map_msgs:/home/ros/autoware.ai/install/autoware_msgs:/home/ros/autoware.ai/install/autoware_lanelet2_msgs:/home/ros/autoware.ai/install/autoware_build_flags:${CMAKE_PREFIX_PATH} LD_LIBRARY_PATH=/home/ros/autoware.ai/install/op_ros_helpers/lib:/home/ros/autoware.ai/install/op_simu/lib:/home/ros/autoware.ai/install/op_planner/lib:/home/ros/autoware.ai/install/op_utility/lib:/home/ros/autoware.ai/install/map_file/lib:/home/ros/autoware.ai/install/libwaypoint_follower/lib:/home/ros/autoware.ai/install/lanelet2_extension/lib:/home/ros/autoware.ai/install/vector_map/lib:/home/ros/autoware.ai/install/amathutils_lib/lib:${LD_LIBRARY_PATH} PKG_CONFIG_PATH=/home/ros/autoware.ai/install/op_ros_helpers/lib/x86_64-linux-gnu/pkgconfig:/home/ros/autoware.ai/install/op_ros_helpers/lib/pkgconfig:/home/ros/autoware.ai/install/op_simu/lib/x86_64-linux-gnu/pkgconfig:/home/ros/autoware.ai/install/op_simu/lib/pkgconfig:/home/ros/autoware.ai/install/op_planner/lib/x86_64-linux-gnu/pkgconfig:/home/ros/autoware.ai/install/op_planner/lib/pkgconfig:/home/ros/autoware.ai/install/op_utility/lib/x86_64-linux-gnu/pkgconfig:/home/ros/autoware.ai/install/op_utility/lib/pkgconfig:/home/ros/autoware.ai/install/map_file/lib/x86_64-linux-gnu/pkgconfig:/home/ros/autoware.ai/install/map_file/lib/pkgconfig:/home/ros/autoware.ai/install/vector_map_server/lib/x86_64-linux-gnu/pkgconfig:/home/ros/autoware.ai/install/vector_map_server/lib/pkgconfig:/home/ros/autoware.ai/install/libwaypoint_follower/lib/x86_64-linux-gnu/pkgconfig:/home/ros/autoware.ai/install/libwaypoint_follower/lib/pkgconfig:/home/ros/autoware.ai/install/lanelet2_extension/lib/x86_64-linux-gnu/pkgconfig:/home/ros/autoware.ai/install/lanelet2_extension/lib/pkgconfig:/home/ros/autoware.ai/install/vector_map/lib/x86_64-linux-gnu/pkgconfig:/home/ros/autoware.ai/install/vector_map/lib/pkgconfig:/home/ros/autoware.ai/install/amathutils_lib/lib/x86_64-linux-gnu/pkgconfig:/home/ros/autoware.ai/install/amathutils_lib/lib/pkgconfig:/home/ros/autoware.ai/install/vector_map_msgs/lib/x86_64-linux-gnu/pkgconfig:/home/ros/autoware.ai/install/vector_map_msgs/lib/pkgconfig:/home/ros/autoware.ai/install/autoware_msgs/lib/x86_64-linux-gnu/pkgconfig:/home/ros/autoware.ai/install/autoware_msgs/lib/pkgconfig:/home/ros/autoware.ai/install/autoware_lanelet2_msgs/lib/x86_64-linux-gnu/pkgconfig:/home/ros/autoware.ai/install/autoware_lanelet2_msgs/lib/pkgconfig:/home/ros/autoware.ai/install/autoware_build_flags/lib/x86_64-linux-gnu/pkgconfig:/home/ros/autoware.ai/install/autoware_build_flags/lib/pkgconfig:${PKG_CONFIG_PATH} PYTHONPATH=/home/ros/autoware.ai/install/vector_map_server/lib/python2.7/dist-packages:/home/ros/autoware.ai/install/vector_map_msgs/lib/python2.7/dist-packages:/home/ros/autoware.ai/install/autoware_msgs/lib/python2.7/dist-packages:/home/ros/autoware.ai/install/autoware_lanelet2_msgs/lib/python2.7/dist-packages:${PYTHONPATH} ROS_PACKAGE_PATH=/home/ros/autoware.ai/install/op_ros_helpers/share:/home/ros/autoware.ai/install/op_simu/share:/home/ros/autoware.ai/install/op_planner/share:/home/ros/autoware.ai/install/op_utility/share:/home/ros/autoware.ai/install/map_file/share:/home/ros/autoware.ai/install/vector_map_server/share:/home/ros/autoware.ai/install/libwaypoint_follower/share:/home/ros/autoware.ai/install/lanelet2_extension/share:/home/ros/autoware.ai/install/vector_map/share:/home/ros/autoware.ai/install/amathutils_lib/share:/home/ros/autoware.ai/install/vector_map_msgs/share:/home/ros/autoware.ai/install/autoware_msgs/share:/home/ros/autoware.ai/install/autoware_lanelet2_msgs/share:/home/ros/autoware.ai/install/autoware_build_flags/share:${ROS_PACKAGE_PATH} /usr/bin/cmake --build /home/ros/autoware.ai/build/op_simulation_package -- -j12 -l12
[4.702s] [35m[1mScanning dependencies of target op_signs_simulator[0m
[4.813s] [ 11%] [32mBuilding CXX object CMakeFiles/op_signs_simulator.dir/nodes/op_signs_simulator/op_signs_simulator.cpp.o[0m
[10.525s] [ 22%] [32mBuilding CXX object CMakeFiles/op_signs_simulator.dir/nodes/op_signs_simulator/op_signs_simulator_core.cpp.o[0m
[18.861s] [35m[1mScanning dependencies of target nodelet_generate_messages_nodejs[0m
[18.947s] [ 22%] Built target nodelet_generate_messages_nodejs
[18.994s] [35m[1mScanning dependencies of target bond_generate_messages_cpp[0m
[19.081s] [ 22%] Built target bond_generate_messages_cpp
[19.136s] [35m[1mScanning dependencies of target nodelet_generate_messages_eus[0m
[19.223s] [ 22%] Built target nodelet_generate_messages_eus
[19.345s] [35m[1mScanning dependencies of target nodelet_generate_messages_cpp[0m
[19.457s] [35m[1mScanning dependencies of target dynamic_reconfigure_generate_messages_py[0m
[19.458s] [ 22%] Built target nodelet_generate_messages_cpp
[19.541s] [35m[1mScanning dependencies of target bond_generate_messages_eus[0m
[19.558s] [ 22%] Built target dynamic_reconfigure_generate_messages_py
[19.635s] [ 22%] Built target bond_generate_messages_eus
[19.653s] [35m[1mScanning dependencies of target dynamic_reconfigure_generate_messages_nodejs[0m
[19.717s] [35m[1mScanning dependencies of target dynamic_reconfigure_generate_messages_lisp[0m
[19.769s] [ 22%] Built target dynamic_reconfigure_generate_messages_nodejs
[19.797s] [ 22%] Built target dynamic_reconfigure_generate_messages_lisp
[19.848s] [35m[1mScanning dependencies of target dynamic_reconfigure_generate_messages_eus[0m
[19.885s] [35m[1mScanning dependencies of target pcl_ros_gencfg[0m
[19.907s] [ 22%] Built target dynamic_reconfigure_generate_messages_eus
[19.935s] [ 22%] Built target pcl_ros_gencfg
[19.956s] [35m[1mScanning dependencies of target vector_map_server_generate_messages_nodejs[0m
[20.027s] [ 22%] Built target vector_map_server_generate_messages_nodejs
[20.035s] [35m[1mScanning dependencies of target vector_map_msgs_generate_messages_py[0m
[20.115s] [35m[1mScanning dependencies of target bond_generate_messages_py[0m
[20.127s] [ 22%] Built target vector_map_msgs_generate_messages_py
[20.177s] [ 22%] Built target bond_generate_messages_py
[20.230s] [35m[1mScanning dependencies of target vector_map_msgs_generate_messages_nodejs[0m
[20.245s] [35m[1mScanning dependencies of target vector_map_msgs_generate_messages_lisp[0m
[20.330s] [ 22%] Built target vector_map_msgs_generate_messages_nodejs
[20.334s] [ 22%] Built target vector_map_msgs_generate_messages_lisp
[20.424s] [35m[1mScanning dependencies of target sensor_msgs_generate_messages_nodejs[0m
[20.450s] [35m[1mScanning dependencies of target geometry_msgs_generate_messages_py[0m
[20.476s] [ 22%] Built target sensor_msgs_generate_messages_nodejs
[20.554s] [ 22%] Built target geometry_msgs_generate_messages_py
[20.565s] [35m[1mScanning dependencies of target vector_map_server_generate_messages_eus[0m
[20.660s] [ 22%] Built target vector_map_server_generate_messages_eus
[20.672s] [35m[1mScanning dependencies of target roscpp_generate_messages_cpp[0m
[20.733s] [35m[1mScanning dependencies of target actionlib_generate_messages_cpp[0m
[20.739s] [ 22%] Built target roscpp_generate_messages_cpp
[20.807s] [ 22%] Built target actionlib_generate_messages_cpp
[20.851s] [35m[1mScanning dependencies of target pcl_msgs_generate_messages_eus[0m
[20.971s] [35m[1mScanning dependencies of target rosgraph_msgs_generate_messages_eus[0m
[20.975s] [ 22%] Built target pcl_msgs_generate_messages_eus
[21.027s] [35m[1mScanning dependencies of target jsk_recognition_msgs_generate_messages_lisp[0m
[21.043s] [ 22%] Built target rosgraph_msgs_generate_messages_eus
[21.087s] [ 22%] Built target jsk_recognition_msgs_generate_messages_lisp
[21.119s] [35m[1mScanning dependencies of target jsk_recognition_msgs_generate_messages_eus[0m
[21.147s] [35m[1mScanning dependencies of target tf2_msgs_generate_messages_cpp[0m
[21.228s] [ 22%] Built target jsk_recognition_msgs_generate_messages_eus
[21.241s] [ 22%] Built target tf2_msgs_generate_messages_cpp
[21.307s] [35m[1mScanning dependencies of target nodelet_generate_messages_lisp[0m
[21.338s] [35m[1mScanning dependencies of target std_msgs_generate_messages_py[0m
[21.413s] [ 22%] Built target nodelet_generate_messages_lisp
[21.419s] [35m[1mScanning dependencies of target autoware_msgs_generate_messages_py[0m
[21.433s] [35m[1mScanning dependencies of target bond_generate_messages_lisp[0m
[21.434s] [ 22%] Built target std_msgs_generate_messages_py
[21.469s] [35m[1mScanning dependencies of target std_msgs_generate_messages_nodejs[0m
[21.496s] [ 22%] Built target autoware_msgs_generate_messages_py
[21.507s] [ 22%] Built target bond_generate_messages_lisp
[21.520s] [ 22%] Built target std_msgs_generate_messages_nodejs
[21.531s] [35m[1mScanning dependencies of target sensor_msgs_generate_messages_eus[0m
[21.554s] [35m[1mScanning dependencies of target std_srvs_generate_messages_lisp[0m
[21.563s] [35m[1mScanning dependencies of target _catkin_empty_exported_target[0m
[21.620s] [ 22%] Built target sensor_msgs_generate_messages_eus
[21.620s] [ 22%] Built target std_srvs_generate_messages_lisp
[21.628s] [ 22%] Built target _catkin_empty_exported_target
[21.685s] [35m[1mScanning dependencies of target sensor_msgs_generate_messages_cpp[0m
[21.686s] [35m[1mScanning dependencies of target autoware_msgs_generate_messages_cpp[0m
[21.704s] [35m[1mScanning dependencies of target rosgraph_msgs_generate_messages_cpp[0m
[21.741s] [ 22%] Built target sensor_msgs_generate_messages_cpp
[21.754s] [ 22%] Built target rosgraph_msgs_generate_messages_cpp
[21.754s] [ 22%] Built target autoware_msgs_generate_messages_cpp
[21.792s] [35m[1mScanning dependencies of target jsk_recognition_msgs_generate_messages_py[0m
[21.803s] [35m[1mScanning dependencies of target pcl_msgs_generate_messages_nodejs[0m
[21.806s] [35m[1mScanning dependencies of target std_srvs_generate_messages_cpp[0m
[21.861s] [ 22%] Built target jsk_recognition_msgs_generate_messages_py
[21.870s] [ 22%] Built target std_srvs_generate_messages_cpp
[21.878s] [ 22%] Built target pcl_msgs_generate_messages_nodejs
[21.950s] [35m[1mScanning dependencies of target sensor_msgs_generate_messages_py[0m
[21.957s] [35m[1mScanning dependencies of target sensor_msgs_generate_messages_lisp[0m
[21.957s] [35m[1mScanning dependencies of target nodelet_generate_messages_py[0m
[21.989s] [ 22%] Built target sensor_msgs_generate_messages_lisp
[22.027s] [ 22%] Built target sensor_msgs_generate_messages_py
[22.031s] [ 22%] Built target nodelet_generate_messages_py
[22.042s] [35m[1mScanning dependencies of target dynamic_reconfigure_generate_messages_cpp[0m
[22.072s] [35m[1mScanning dependencies of target std_msgs_generate_messages_cpp[0m
[22.095s] [35m[1mScanning dependencies of target tf_generate_messages_py[0m
[22.102s] [ 22%] Built target dynamic_reconfigure_generate_messages_cpp
[22.115s] [ 22%] Built target std_msgs_generate_messages_cpp
[22.166s] [ 22%] Built target tf_generate_messages_py
[22.173s] [35m[1mScanning dependencies of target jsk_footstep_msgs_generate_messages_py[0m
[22.220s] [35m[1mScanning dependencies of target visualization_msgs_generate_messages_nodejs[0m
[22.232s] [35m[1mScanning dependencies of target topic_tools_generate_messages_py[0m
[22.234s] [ 22%] Built target jsk_footstep_msgs_generate_messages_py
[22.250s] [ 22%] Built target visualization_msgs_generate_messages_nodejs
[22.299s] [35m[1mScanning dependencies of target nodelet_topic_tools_gencfg[0m
[22.315s] [ 22%] Built target topic_tools_generate_messages_py
[22.324s] [35m[1mScanning dependencies of target actionlib_msgs_generate_messages_nodejs[0m
[22.336s] [ 22%] Built target nodelet_topic_tools_gencfg
[22.344s] [35m[1mScanning dependencies of target geometry_msgs_generate_messages_eus[0m
[22.410s] [35m[1mScanning dependencies of target bond_generate_messages_nodejs[0m
[22.418s] [ 22%] Built target geometry_msgs_generate_messages_eus
[22.428s] [ 22%] Built target actionlib_msgs_generate_messages_nodejs
[22.454s] [35m[1mScanning dependencies of target std_msgs_generate_messages_lisp[0m
[22.471s] [ 22%] Built target bond_generate_messages_nodejs
[22.486s] [35m[1mScanning dependencies of target roscpp_generate_messages_nodejs[0m
[22.492s] [35m[1mScanning dependencies of target op_perception_simulator[0m
[22.575s] [ 22%] Built target std_msgs_generate_messages_lisp
[22.585s] [ 22%] Built target roscpp_generate_messages_nodejs
[22.587s] [35m[1mScanning dependencies of target geometry_msgs_generate_messages_nodejs[0m
[22.620s] [35m[1mScanning dependencies of target pcl_msgs_generate_messages_cpp[0m
[22.692s] [ 22%] Built target geometry_msgs_generate_messages_nodejs
[22.692s] [35m[1mScanning dependencies of target geometry_msgs_generate_messages_lisp[0m
[22.704s] [ 33%] [32mBuilding CXX object CMakeFiles/op_perception_simulator.dir/nodes/op_perception_simulator/op_perception_simulator.cpp.o[0m
[22.718s] [ 33%] Built target pcl_msgs_generate_messages_cpp
[22.738s] [35m[1mScanning dependencies of target topic_tools_generate_messages_lisp[0m
[22.852s] [35m[1mScanning dependencies of target jsk_recognition_msgs_generate_messages_cpp[0m
[22.890s] [ 33%] Built target geometry_msgs_generate_messages_lisp
[22.894s] [ 33%] Built target topic_tools_generate_messages_lisp
[22.937s] [ 33%] Built target jsk_recognition_msgs_generate_messages_cpp
[22.976s] [35m[1mScanning dependencies of target autoware_msgs_generate_messages_lisp[0m
[22.985s] [35m[1mScanning dependencies of target autoware_msgs_generate_messages_eus[0m
[23.030s] [35m[1mScanning dependencies of target visualization_msgs_generate_messages_lisp[0m
[23.103s] [ 33%] Built target autoware_msgs_generate_messages_eus
[23.108s] [ 33%] Built target visualization_msgs_generate_messages_lisp
[23.112s] [ 33%] Built target autoware_msgs_generate_messages_lisp
[25.658s] [ 44%] [32m[1mLinking CXX executable devel/lib/op_simulation_package/op_signs_simulator[0m
[26.203s] [ 44%] Built target op_signs_simulator
[27.396s] [ 55%] [32mBuilding CXX object CMakeFiles/op_perception_simulator.dir/nodes/op_perception_simulator/op_perception_simulator_core.cpp.o[0m
[28.912s] In file included from [01m[K/home/ros/autoware.ai/install/op_planner/include/op_planner/RoadNetwork.h:14:0[m[K,
[28.912s]                  from [01m[K/home/ros/autoware.ai/install/op_ros_helpers/include/op_ros_helpers/op_ROSHelpers.h:10[m[K,
[28.912s]                  from [01m[K/home/ros/autoware.ai/src/autoware/core_planning/op_simulation_package/nodes/op_perception_simulator/op_perception_simulator_core.cpp:25[m[K:
[28.912s] [01m[K/home/ros/autoware.ai/install/op_utility/include/op_utility/UtilityH.h:18:0:[m[K [01;35m[Kwarning: [m[K"DEG2RAD" redefined
[28.913s]  #define DEG2RAD M_PI / 180.
[28.913s]  
[28.913s] In file included from [01m[K/usr/include/pcl-1.8/pcl/PCLPointField.h:12:0[m[K,
[28.913s]                  from [01m[K/usr/include/pcl-1.8/pcl/conversions.h:47[m[K,
[28.913s]                  from [01m[K/opt/ros/melodic/include/pcl_conversions/pcl_conversions.h:44[m[K,
[28.913s]                  from [01m[K/home/ros/autoware.ai/src/autoware/core_planning/op_simulation_package/nodes/op_perception_simulator/op_perception_simulator_core.cpp:19[m[K:
[28.913s] [01m[K/usr/include/pcl-1.8/pcl/pcl_macros.h:139:0:[m[K [01;36m[Knote: [m[Kthis is the location of the previous definition
[28.913s]  #define DEG2RAD(x) ((x)*0.017453293)
[28.913s]  
[28.914s] In file included from [01m[K/home/ros/autoware.ai/install/op_planner/include/op_planner/RoadNetwork.h:14:0[m[K,
[28.914s]                  from [01m[K/home/ros/autoware.ai/install/op_ros_helpers/include/op_ros_helpers/op_ROSHelpers.h:10[m[K,
[28.914s]                  from [01m[K/home/ros/autoware.ai/src/autoware/core_planning/op_simulation_package/nodes/op_perception_simulator/op_perception_simulator_core.cpp:25[m[K:
[28.914s] [01m[K/home/ros/autoware.ai/install/op_utility/include/op_utility/UtilityH.h:19:0:[m[K [01;35m[Kwarning: [m[K"RAD2DEG" redefined
[28.914s]  #define RAD2DEG 180. / M_PI
[28.914s]  
[28.914s] In file included from [01m[K/usr/include/pcl-1.8/pcl/PCLPointField.h:12:0[m[K,
[28.914s]                  from [01m[K/usr/include/pcl-1.8/pcl/conversions.h:47[m[K,
[28.915s]                  from [01m[K/opt/ros/melodic/include/pcl_conversions/pcl_conversions.h:44[m[K,
[28.915s]                  from [01m[K/home/ros/autoware.ai/src/autoware/core_planning/op_simulation_package/nodes/op_perception_simulator/op_perception_simulator_core.cpp:19[m[K:
[28.915s] [01m[K/usr/include/pcl-1.8/pcl/pcl_macros.h:143:0:[m[K [01;36m[Knote: [m[Kthis is the location of the previous definition
[28.915s]  #define RAD2DEG(x) ((x)*57.29578)
[28.915s]  
[34.797s] [ 66%] [32m[1mLinking CXX executable devel/lib/op_simulation_package/op_perception_simulator[0m
[35.256s] [ 66%] Built target op_perception_simulator
[35.270s] [35m[1mScanning dependencies of target vector_map_server_generate_messages_lisp[0m
[35.284s] [ 66%] Built target vector_map_server_generate_messages_lisp
[35.297s] [35m[1mScanning dependencies of target jsk_footstep_msgs_generate_messages_lisp[0m
[35.311s] [ 66%] Built target jsk_footstep_msgs_generate_messages_lisp
[35.325s] [35m[1mScanning dependencies of target jsk_footstep_msgs_generate_messages_nodejs[0m
[35.339s] [ 66%] Built target jsk_footstep_msgs_generate_messages_nodejs
[35.353s] [35m[1mScanning dependencies of target actionlib_msgs_generate_messages_lisp[0m
[35.367s] [ 66%] Built target actionlib_msgs_generate_messages_lisp
[35.381s] [35m[1mScanning dependencies of target jsk_footstep_msgs_generate_messages_cpp[0m
[35.395s] [ 66%] Built target jsk_footstep_msgs_generate_messages_cpp
[35.409s] [35m[1mScanning dependencies of target actionlib_msgs_generate_messages_cpp[0m
[35.424s] [ 66%] Built target actionlib_msgs_generate_messages_cpp
[35.438s] [35m[1mScanning dependencies of target tf_generate_messages_eus[0m
[35.452s] [ 66%] Built target tf_generate_messages_eus
[35.466s] [35m[1mScanning dependencies of target tf_generate_messages_lisp[0m
[35.480s] [ 66%] Built target tf_generate_messages_lisp
[35.494s] [35m[1mScanning dependencies of target tf_generate_messages_nodejs[0m
[35.508s] [ 66%] Built target tf_generate_messages_nodejs
[35.522s] [35m[1mScanning dependencies of target std_srvs_generate_messages_eus[0m
[35.537s] [ 66%] Built target std_srvs_generate_messages_eus
[35.551s] [35m[1mScanning dependencies of target jsk_recognition_msgs_generate_messages_nodejs[0m
[35.565s] [ 66%] Built target jsk_recognition_msgs_generate_messages_nodejs
[35.579s] [35m[1mScanning dependencies of target roscpp_generate_messages_lisp[0m
[35.593s] [ 66%] Built target roscpp_generate_messages_lisp
[35.607s] [35m[1mScanning dependencies of target roscpp_generate_messages_py[0m
[35.622s] [ 66%] Built target roscpp_generate_messages_py
[35.636s] [35m[1mScanning dependencies of target rosgraph_msgs_generate_messages_lisp[0m
[35.650s] [ 66%] Built target rosgraph_msgs_generate_messages_lisp
[35.664s] [35m[1mScanning dependencies of target rosgraph_msgs_generate_messages_nodejs[0m
[35.678s] [ 66%] Built target rosgraph_msgs_generate_messages_nodejs
[35.692s] [35m[1mScanning dependencies of target vector_map_server_generate_messages_py[0m
[35.706s] [ 66%] Built target vector_map_server_generate_messages_py
[35.721s] [35m[1mScanning dependencies of target roscpp_generate_messages_eus[0m
[35.735s] [ 66%] Built target roscpp_generate_messages_eus
[35.749s] [35m[1mScanning dependencies of target actionlib_msgs_generate_messages_eus[0m
[35.763s] [ 66%] Built target actionlib_msgs_generate_messages_eus
[35.777s] [35m[1mScanning dependencies of target rosgraph_msgs_generate_messages_py[0m
[35.791s] [ 66%] Built target rosgraph_msgs_generate_messages_py
[35.805s] [35m[1mScanning dependencies of target pcl_msgs_generate_messages_py[0m
[35.819s] [ 66%] Built target pcl_msgs_generate_messages_py
[35.834s] [35m[1mScanning dependencies of target actionlib_generate_messages_eus[0m
[35.848s] [ 66%] Built target actionlib_generate_messages_eus
[35.862s] [35m[1mScanning dependencies of target geometry_msgs_generate_messages_cpp[0m
[35.877s] [ 66%] Built target geometry_msgs_generate_messages_cpp
[35.891s] [35m[1mScanning dependencies of target actionlib_generate_messages_lisp[0m
[35.905s] [ 66%] Built target actionlib_generate_messages_lisp
[35.919s] [35m[1mScanning dependencies of target pcl_msgs_generate_messages_lisp[0m
[35.933s] [ 66%] Built target pcl_msgs_generate_messages_lisp
[35.947s] [35m[1mScanning dependencies of target tf_generate_messages_cpp[0m
[35.961s] [ 66%] Built target tf_generate_messages_cpp
[35.975s] [35m[1mScanning dependencies of target actionlib_generate_messages_nodejs[0m
[35.989s] [ 66%] Built target actionlib_generate_messages_nodejs
[36.004s] [35m[1mScanning dependencies of target dynamic_reconfigure_gencfg[0m
[36.018s] [ 66%] Built target dynamic_reconfigure_gencfg
[36.032s] [35m[1mScanning dependencies of target tf2_msgs_generate_messages_lisp[0m
[36.046s] [ 66%] Built target tf2_msgs_generate_messages_lisp
[36.061s] [35m[1mScanning dependencies of target actionlib_generate_messages_py[0m
[36.075s] [ 66%] Built target actionlib_generate_messages_py
[36.085s] [35m[1mScanning dependencies of target tf2_msgs_generate_messages_py[0m
[36.099s] [ 66%] Built target tf2_msgs_generate_messages_py
[36.112s] [35m[1mScanning dependencies of target tf2_msgs_generate_messages_nodejs[0m
[36.126s] [ 66%] Built target tf2_msgs_generate_messages_nodejs
[36.140s] [35m[1mScanning dependencies of target tf2_msgs_generate_messages_eus[0m
[36.154s] [ 66%] Built target tf2_msgs_generate_messages_eus
[36.168s] [35m[1mScanning dependencies of target visualization_msgs_generate_messages_cpp[0m
[36.182s] [ 66%] Built target visualization_msgs_generate_messages_cpp
[36.196s] [35m[1mScanning dependencies of target vector_map_server_generate_messages_cpp[0m
[36.210s] [ 66%] Built target vector_map_server_generate_messages_cpp
[36.224s] [35m[1mScanning dependencies of target visualization_msgs_generate_messages_eus[0m
[36.238s] [ 66%] Built target visualization_msgs_generate_messages_eus
[36.252s] [35m[1mScanning dependencies of target visualization_msgs_generate_messages_py[0m
[36.266s] [ 66%] Built target visualization_msgs_generate_messages_py
[36.280s] [35m[1mScanning dependencies of target vector_map_msgs_generate_messages_cpp[0m
[36.294s] [ 66%] Built target vector_map_msgs_generate_messages_cpp
[36.307s] [35m[1mScanning dependencies of target actionlib_msgs_generate_messages_py[0m
[36.321s] [ 66%] Built target actionlib_msgs_generate_messages_py
[36.334s] [35m[1mScanning dependencies of target jsk_footstep_msgs_generate_messages_eus[0m
[36.348s] [ 66%] Built target jsk_footstep_msgs_generate_messages_eus
[36.361s] [35m[1mScanning dependencies of target autoware_msgs_generate_messages_nodejs[0m
[36.374s] [ 66%] Built target autoware_msgs_generate_messages_nodejs
[36.387s] [35m[1mScanning dependencies of target std_msgs_generate_messages_eus[0m
[36.396s] [ 66%] Built target std_msgs_generate_messages_eus
[36.409s] [35m[1mScanning dependencies of target std_srvs_generate_messages_nodejs[0m
[36.419s] [ 66%] Built target std_srvs_generate_messages_nodejs
[36.433s] [35m[1mScanning dependencies of target std_srvs_generate_messages_py[0m
[36.442s] [ 66%] Built target std_srvs_generate_messages_py
[36.451s] [35m[1mScanning dependencies of target topic_tools_generate_messages_cpp[0m
[36.464s] [ 66%] Built target topic_tools_generate_messages_cpp
[36.474s] [35m[1mScanning dependencies of target topic_tools_generate_messages_eus[0m
[36.483s] [ 66%] Built target topic_tools_generate_messages_eus
[36.497s] [35m[1mScanning dependencies of target topic_tools_generate_messages_nodejs[0m
[36.507s] [ 66%] Built target topic_tools_generate_messages_nodejs
[36.516s] [35m[1mScanning dependencies of target vector_map_msgs_generate_messages_eus[0m
[36.526s] [ 66%] Built target vector_map_msgs_generate_messages_eus
[36.540s] [35m[1mScanning dependencies of target op_car_simulator[0m
[36.647s] [ 77%] [32mBuilding CXX object CMakeFiles/op_car_simulator.dir/nodes/op_car_simulator/op_car_simulator.cpp.o[0m
[40.806s] [ 88%] [32mBuilding CXX object CMakeFiles/op_car_simulator.dir/nodes/op_car_simulator/op_car_simulator_core.cpp.o[0m
[45.810s] [01m[K/home/ros/autoware.ai/src/autoware/core_planning/op_simulation_package/nodes/op_car_simulator/op_car_simulator_core.cpp:[m[K In member function ‘[01m[Kvoid CarSimulatorNS::OpenPlannerCarSimulator::MainLoop()[m[K’:
[45.810s] [01m[K/home/ros/autoware.ai/src/autoware/core_planning/op_simulation_package/nodes/op_car_simulator/op_car_simulator_core.cpp:796:51:[m[K [01;35m[Kwarning: [m[Kcomparison between ‘[01m[Kenum CarSimulatorNS::MAP_SOURCE_TYPE[m[K’ and ‘[01m[Kenum PlannerHNS::MAP_SOURCE_TYPE[m[K’ [[01;35m[K-Wenum-compare[m[K]
[45.811s]      else if (m_SimParams.mapSource == PlannerHNS::[01;35m[KMAP_AUTOWARE[m[K && !m_bMap)
[45.811s]                                                    [01;35m[K^~~~~~~~~~~~[m[K
[64.578s] [100%] [32m[1mLinking CXX executable devel/lib/op_simulation_package/op_car_simulator[0m
[65.021s] [100%] Built target op_car_simulator
[65.035s] Invoked command in '/home/ros/autoware.ai/build/op_simulation_package' returned '0': CMAKE_PREFIX_PATH=/home/ros/autoware.ai/install/op_ros_helpers:/home/ros/autoware.ai/install/op_simu:/home/ros/autoware.ai/install/op_planner:/home/ros/autoware.ai/install/op_utility:/home/ros/autoware.ai/install/map_file:/home/ros/autoware.ai/install/vector_map_server:/home/ros/autoware.ai/install/libwaypoint_follower:/home/ros/autoware.ai/install/lanelet2_extension:/home/ros/autoware.ai/install/vector_map:/home/ros/autoware.ai/install/amathutils_lib:/home/ros/autoware.ai/install/vector_map_msgs:/home/ros/autoware.ai/install/autoware_msgs:/home/ros/autoware.ai/install/autoware_lanelet2_msgs:/home/ros/autoware.ai/install/autoware_build_flags:${CMAKE_PREFIX_PATH} LD_LIBRARY_PATH=/home/ros/autoware.ai/install/op_ros_helpers/lib:/home/ros/autoware.ai/install/op_simu/lib:/home/ros/autoware.ai/install/op_planner/lib:/home/ros/autoware.ai/install/op_utility/lib:/home/ros/autoware.ai/install/map_file/lib:/home/ros/autoware.ai/install/libwaypoint_follower/lib:/home/ros/autoware.ai/install/lanelet2_extension/lib:/home/ros/autoware.ai/install/vector_map/lib:/home/ros/autoware.ai/install/amathutils_lib/lib:${LD_LIBRARY_PATH} PKG_CONFIG_PATH=/home/ros/autoware.ai/install/op_ros_helpers/lib/x86_64-linux-gnu/pkgconfig:/home/ros/autoware.ai/install/op_ros_helpers/lib/pkgconfig:/home/ros/autoware.ai/install/op_simu/lib/x86_64-linux-gnu/pkgconfig:/home/ros/autoware.ai/install/op_simu/lib/pkgconfig:/home/ros/autoware.ai/install/op_planner/lib/x86_64-linux-gnu/pkgconfig:/home/ros/autoware.ai/install/op_planner/lib/pkgconfig:/home/ros/autoware.ai/install/op_utility/lib/x86_64-linux-gnu/pkgconfig:/home/ros/autoware.ai/install/op_utility/lib/pkgconfig:/home/ros/autoware.ai/install/map_file/lib/x86_64-linux-gnu/pkgconfig:/home/ros/autoware.ai/install/map_file/lib/pkgconfig:/home/ros/autoware.ai/install/vector_map_server/lib/x86_64-linux-gnu/pkgconfig:/home/ros/autoware.ai/install/vector_map_server/lib/pkgconfig:/home/ros/autoware.ai/install/libwaypoint_follower/lib/x86_64-linux-gnu/pkgconfig:/home/ros/autoware.ai/install/libwaypoint_follower/lib/pkgconfig:/home/ros/autoware.ai/install/lanelet2_extension/lib/x86_64-linux-gnu/pkgconfig:/home/ros/autoware.ai/install/lanelet2_extension/lib/pkgconfig:/home/ros/autoware.ai/install/vector_map/lib/x86_64-linux-gnu/pkgconfig:/home/ros/autoware.ai/install/vector_map/lib/pkgconfig:/home/ros/autoware.ai/install/amathutils_lib/lib/x86_64-linux-gnu/pkgconfig:/home/ros/autoware.ai/install/amathutils_lib/lib/pkgconfig:/home/ros/autoware.ai/install/vector_map_msgs/lib/x86_64-linux-gnu/pkgconfig:/home/ros/autoware.ai/install/vector_map_msgs/lib/pkgconfig:/home/ros/autoware.ai/install/autoware_msgs/lib/x86_64-linux-gnu/pkgconfig:/home/ros/autoware.ai/install/autoware_msgs/lib/pkgconfig:/home/ros/autoware.ai/install/autoware_lanelet2_msgs/lib/x86_64-linux-gnu/pkgconfig:/home/ros/autoware.ai/install/autoware_lanelet2_msgs/lib/pkgconfig:/home/ros/autoware.ai/install/autoware_build_flags/lib/x86_64-linux-gnu/pkgconfig:/home/ros/autoware.ai/install/autoware_build_flags/lib/pkgconfig:${PKG_CONFIG_PATH} PYTHONPATH=/home/ros/autoware.ai/install/vector_map_server/lib/python2.7/dist-packages:/home/ros/autoware.ai/install/vector_map_msgs/lib/python2.7/dist-packages:/home/ros/autoware.ai/install/autoware_msgs/lib/python2.7/dist-packages:/home/ros/autoware.ai/install/autoware_lanelet2_msgs/lib/python2.7/dist-packages:${PYTHONPATH} ROS_PACKAGE_PATH=/home/ros/autoware.ai/install/op_ros_helpers/share:/home/ros/autoware.ai/install/op_simu/share:/home/ros/autoware.ai/install/op_planner/share:/home/ros/autoware.ai/install/op_utility/share:/home/ros/autoware.ai/install/map_file/share:/home/ros/autoware.ai/install/vector_map_server/share:/home/ros/autoware.ai/install/libwaypoint_follower/share:/home/ros/autoware.ai/install/lanelet2_extension/share:/home/ros/autoware.ai/install/vector_map/share:/home/ros/autoware.ai/install/amathutils_lib/share:/home/ros/autoware.ai/install/vector_map_msgs/share:/home/ros/autoware.ai/install/autoware_msgs/share:/home/ros/autoware.ai/install/autoware_lanelet2_msgs/share:/home/ros/autoware.ai/install/autoware_build_flags/share:${ROS_PACKAGE_PATH} /usr/bin/cmake --build /home/ros/autoware.ai/build/op_simulation_package -- -j12 -l12
[65.111s] Invoking command in '/home/ros/autoware.ai/build/op_simulation_package': CMAKE_PREFIX_PATH=/home/ros/autoware.ai/install/op_ros_helpers:/home/ros/autoware.ai/install/op_simu:/home/ros/autoware.ai/install/op_planner:/home/ros/autoware.ai/install/op_utility:/home/ros/autoware.ai/install/map_file:/home/ros/autoware.ai/install/vector_map_server:/home/ros/autoware.ai/install/libwaypoint_follower:/home/ros/autoware.ai/install/lanelet2_extension:/home/ros/autoware.ai/install/vector_map:/home/ros/autoware.ai/install/amathutils_lib:/home/ros/autoware.ai/install/vector_map_msgs:/home/ros/autoware.ai/install/autoware_msgs:/home/ros/autoware.ai/install/autoware_lanelet2_msgs:/home/ros/autoware.ai/install/autoware_build_flags:${CMAKE_PREFIX_PATH} LD_LIBRARY_PATH=/home/ros/autoware.ai/install/op_ros_helpers/lib:/home/ros/autoware.ai/install/op_simu/lib:/home/ros/autoware.ai/install/op_planner/lib:/home/ros/autoware.ai/install/op_utility/lib:/home/ros/autoware.ai/install/map_file/lib:/home/ros/autoware.ai/install/libwaypoint_follower/lib:/home/ros/autoware.ai/install/lanelet2_extension/lib:/home/ros/autoware.ai/install/vector_map/lib:/home/ros/autoware.ai/install/amathutils_lib/lib:${LD_LIBRARY_PATH} PKG_CONFIG_PATH=/home/ros/autoware.ai/install/op_ros_helpers/lib/x86_64-linux-gnu/pkgconfig:/home/ros/autoware.ai/install/op_ros_helpers/lib/pkgconfig:/home/ros/autoware.ai/install/op_simu/lib/x86_64-linux-gnu/pkgconfig:/home/ros/autoware.ai/install/op_simu/lib/pkgconfig:/home/ros/autoware.ai/install/op_planner/lib/x86_64-linux-gnu/pkgconfig:/home/ros/autoware.ai/install/op_planner/lib/pkgconfig:/home/ros/autoware.ai/install/op_utility/lib/x86_64-linux-gnu/pkgconfig:/home/ros/autoware.ai/install/op_utility/lib/pkgconfig:/home/ros/autoware.ai/install/map_file/lib/x86_64-linux-gnu/pkgconfig:/home/ros/autoware.ai/install/map_file/lib/pkgconfig:/home/ros/autoware.ai/install/vector_map_server/lib/x86_64-linux-gnu/pkgconfig:/home/ros/autoware.ai/install/vector_map_server/lib/pkgconfig:/home/ros/autoware.ai/install/libwaypoint_follower/lib/x86_64-linux-gnu/pkgconfig:/home/ros/autoware.ai/install/libwaypoint_follower/lib/pkgconfig:/home/ros/autoware.ai/install/lanelet2_extension/lib/x86_64-linux-gnu/pkgconfig:/home/ros/autoware.ai/install/lanelet2_extension/lib/pkgconfig:/home/ros/autoware.ai/install/vector_map/lib/x86_64-linux-gnu/pkgconfig:/home/ros/autoware.ai/install/vector_map/lib/pkgconfig:/home/ros/autoware.ai/install/amathutils_lib/lib/x86_64-linux-gnu/pkgconfig:/home/ros/autoware.ai/install/amathutils_lib/lib/pkgconfig:/home/ros/autoware.ai/install/vector_map_msgs/lib/x86_64-linux-gnu/pkgconfig:/home/ros/autoware.ai/install/vector_map_msgs/lib/pkgconfig:/home/ros/autoware.ai/install/autoware_msgs/lib/x86_64-linux-gnu/pkgconfig:/home/ros/autoware.ai/install/autoware_msgs/lib/pkgconfig:/home/ros/autoware.ai/install/autoware_lanelet2_msgs/lib/x86_64-linux-gnu/pkgconfig:/home/ros/autoware.ai/install/autoware_lanelet2_msgs/lib/pkgconfig:/home/ros/autoware.ai/install/autoware_build_flags/lib/x86_64-linux-gnu/pkgconfig:/home/ros/autoware.ai/install/autoware_build_flags/lib/pkgconfig:${PKG_CONFIG_PATH} PYTHONPATH=/home/ros/autoware.ai/install/vector_map_server/lib/python2.7/dist-packages:/home/ros/autoware.ai/install/vector_map_msgs/lib/python2.7/dist-packages:/home/ros/autoware.ai/install/autoware_msgs/lib/python2.7/dist-packages:/home/ros/autoware.ai/install/autoware_lanelet2_msgs/lib/python2.7/dist-packages:${PYTHONPATH} ROS_PACKAGE_PATH=/home/ros/autoware.ai/install/op_ros_helpers/share:/home/ros/autoware.ai/install/op_simu/share:/home/ros/autoware.ai/install/op_planner/share:/home/ros/autoware.ai/install/op_utility/share:/home/ros/autoware.ai/install/map_file/share:/home/ros/autoware.ai/install/vector_map_server/share:/home/ros/autoware.ai/install/libwaypoint_follower/share:/home/ros/autoware.ai/install/lanelet2_extension/share:/home/ros/autoware.ai/install/vector_map/share:/home/ros/autoware.ai/install/amathutils_lib/share:/home/ros/autoware.ai/install/vector_map_msgs/share:/home/ros/autoware.ai/install/autoware_msgs/share:/home/ros/autoware.ai/install/autoware_lanelet2_msgs/share:/home/ros/autoware.ai/install/autoware_build_flags/share:${ROS_PACKAGE_PATH} /usr/bin/cmake --build /home/ros/autoware.ai/build/op_simulation_package --target tests -- -j12 -l12
[65.172s] [35m[1mScanning dependencies of target tests[0m
[65.181s] Built target tests
[65.195s] Invoked command in '/home/ros/autoware.ai/build/op_simulation_package' returned '0': CMAKE_PREFIX_PATH=/home/ros/autoware.ai/install/op_ros_helpers:/home/ros/autoware.ai/install/op_simu:/home/ros/autoware.ai/install/op_planner:/home/ros/autoware.ai/install/op_utility:/home/ros/autoware.ai/install/map_file:/home/ros/autoware.ai/install/vector_map_server:/home/ros/autoware.ai/install/libwaypoint_follower:/home/ros/autoware.ai/install/lanelet2_extension:/home/ros/autoware.ai/install/vector_map:/home/ros/autoware.ai/install/amathutils_lib:/home/ros/autoware.ai/install/vector_map_msgs:/home/ros/autoware.ai/install/autoware_msgs:/home/ros/autoware.ai/install/autoware_lanelet2_msgs:/home/ros/autoware.ai/install/autoware_build_flags:${CMAKE_PREFIX_PATH} LD_LIBRARY_PATH=/home/ros/autoware.ai/install/op_ros_helpers/lib:/home/ros/autoware.ai/install/op_simu/lib:/home/ros/autoware.ai/install/op_planner/lib:/home/ros/autoware.ai/install/op_utility/lib:/home/ros/autoware.ai/install/map_file/lib:/home/ros/autoware.ai/install/libwaypoint_follower/lib:/home/ros/autoware.ai/install/lanelet2_extension/lib:/home/ros/autoware.ai/install/vector_map/lib:/home/ros/autoware.ai/install/amathutils_lib/lib:${LD_LIBRARY_PATH} PKG_CONFIG_PATH=/home/ros/autoware.ai/install/op_ros_helpers/lib/x86_64-linux-gnu/pkgconfig:/home/ros/autoware.ai/install/op_ros_helpers/lib/pkgconfig:/home/ros/autoware.ai/install/op_simu/lib/x86_64-linux-gnu/pkgconfig:/home/ros/autoware.ai/install/op_simu/lib/pkgconfig:/home/ros/autoware.ai/install/op_planner/lib/x86_64-linux-gnu/pkgconfig:/home/ros/autoware.ai/install/op_planner/lib/pkgconfig:/home/ros/autoware.ai/install/op_utility/lib/x86_64-linux-gnu/pkgconfig:/home/ros/autoware.ai/install/op_utility/lib/pkgconfig:/home/ros/autoware.ai/install/map_file/lib/x86_64-linux-gnu/pkgconfig:/home/ros/autoware.ai/install/map_file/lib/pkgconfig:/home/ros/autoware.ai/install/vector_map_server/lib/x86_64-linux-gnu/pkgconfig:/home/ros/autoware.ai/install/vector_map_server/lib/pkgconfig:/home/ros/autoware.ai/install/libwaypoint_follower/lib/x86_64-linux-gnu/pkgconfig:/home/ros/autoware.ai/install/libwaypoint_follower/lib/pkgconfig:/home/ros/autoware.ai/install/lanelet2_extension/lib/x86_64-linux-gnu/pkgconfig:/home/ros/autoware.ai/install/lanelet2_extension/lib/pkgconfig:/home/ros/autoware.ai/install/vector_map/lib/x86_64-linux-gnu/pkgconfig:/home/ros/autoware.ai/install/vector_map/lib/pkgconfig:/home/ros/autoware.ai/install/amathutils_lib/lib/x86_64-linux-gnu/pkgconfig:/home/ros/autoware.ai/install/amathutils_lib/lib/pkgconfig:/home/ros/autoware.ai/install/vector_map_msgs/lib/x86_64-linux-gnu/pkgconfig:/home/ros/autoware.ai/install/vector_map_msgs/lib/pkgconfig:/home/ros/autoware.ai/install/autoware_msgs/lib/x86_64-linux-gnu/pkgconfig:/home/ros/autoware.ai/install/autoware_msgs/lib/pkgconfig:/home/ros/autoware.ai/install/autoware_lanelet2_msgs/lib/x86_64-linux-gnu/pkgconfig:/home/ros/autoware.ai/install/autoware_lanelet2_msgs/lib/pkgconfig:/home/ros/autoware.ai/install/autoware_build_flags/lib/x86_64-linux-gnu/pkgconfig:/home/ros/autoware.ai/install/autoware_build_flags/lib/pkgconfig:${PKG_CONFIG_PATH} PYTHONPATH=/home/ros/autoware.ai/install/vector_map_server/lib/python2.7/dist-packages:/home/ros/autoware.ai/install/vector_map_msgs/lib/python2.7/dist-packages:/home/ros/autoware.ai/install/autoware_msgs/lib/python2.7/dist-packages:/home/ros/autoware.ai/install/autoware_lanelet2_msgs/lib/python2.7/dist-packages:${PYTHONPATH} ROS_PACKAGE_PATH=/home/ros/autoware.ai/install/op_ros_helpers/share:/home/ros/autoware.ai/install/op_simu/share:/home/ros/autoware.ai/install/op_planner/share:/home/ros/autoware.ai/install/op_utility/share:/home/ros/autoware.ai/install/map_file/share:/home/ros/autoware.ai/install/vector_map_server/share:/home/ros/autoware.ai/install/libwaypoint_follower/share:/home/ros/autoware.ai/install/lanelet2_extension/share:/home/ros/autoware.ai/install/vector_map/share:/home/ros/autoware.ai/install/amathutils_lib/share:/home/ros/autoware.ai/install/vector_map_msgs/share:/home/ros/autoware.ai/install/autoware_msgs/share:/home/ros/autoware.ai/install/autoware_lanelet2_msgs/share:/home/ros/autoware.ai/install/autoware_build_flags/share:${ROS_PACKAGE_PATH} /usr/bin/cmake --build /home/ros/autoware.ai/build/op_simulation_package --target tests -- -j12 -l12
[65.265s] Invoking command in '/home/ros/autoware.ai/build/op_simulation_package': CMAKE_PREFIX_PATH=/home/ros/autoware.ai/install/op_ros_helpers:/home/ros/autoware.ai/install/op_simu:/home/ros/autoware.ai/install/op_planner:/home/ros/autoware.ai/install/op_utility:/home/ros/autoware.ai/install/map_file:/home/ros/autoware.ai/install/vector_map_server:/home/ros/autoware.ai/install/libwaypoint_follower:/home/ros/autoware.ai/install/lanelet2_extension:/home/ros/autoware.ai/install/vector_map:/home/ros/autoware.ai/install/amathutils_lib:/home/ros/autoware.ai/install/vector_map_msgs:/home/ros/autoware.ai/install/autoware_msgs:/home/ros/autoware.ai/install/autoware_lanelet2_msgs:/home/ros/autoware.ai/install/autoware_build_flags:${CMAKE_PREFIX_PATH} LD_LIBRARY_PATH=/home/ros/autoware.ai/install/op_ros_helpers/lib:/home/ros/autoware.ai/install/op_simu/lib:/home/ros/autoware.ai/install/op_planner/lib:/home/ros/autoware.ai/install/op_utility/lib:/home/ros/autoware.ai/install/map_file/lib:/home/ros/autoware.ai/install/libwaypoint_follower/lib:/home/ros/autoware.ai/install/lanelet2_extension/lib:/home/ros/autoware.ai/install/vector_map/lib:/home/ros/autoware.ai/install/amathutils_lib/lib:${LD_LIBRARY_PATH} PKG_CONFIG_PATH=/home/ros/autoware.ai/install/op_ros_helpers/lib/x86_64-linux-gnu/pkgconfig:/home/ros/autoware.ai/install/op_ros_helpers/lib/pkgconfig:/home/ros/autoware.ai/install/op_simu/lib/x86_64-linux-gnu/pkgconfig:/home/ros/autoware.ai/install/op_simu/lib/pkgconfig:/home/ros/autoware.ai/install/op_planner/lib/x86_64-linux-gnu/pkgconfig:/home/ros/autoware.ai/install/op_planner/lib/pkgconfig:/home/ros/autoware.ai/install/op_utility/lib/x86_64-linux-gnu/pkgconfig:/home/ros/autoware.ai/install/op_utility/lib/pkgconfig:/home/ros/autoware.ai/install/map_file/lib/x86_64-linux-gnu/pkgconfig:/home/ros/autoware.ai/install/map_file/lib/pkgconfig:/home/ros/autoware.ai/install/vector_map_server/lib/x86_64-linux-gnu/pkgconfig:/home/ros/autoware.ai/install/vector_map_server/lib/pkgconfig:/home/ros/autoware.ai/install/libwaypoint_follower/lib/x86_64-linux-gnu/pkgconfig:/home/ros/autoware.ai/install/libwaypoint_follower/lib/pkgconfig:/home/ros/autoware.ai/install/lanelet2_extension/lib/x86_64-linux-gnu/pkgconfig:/home/ros/autoware.ai/install/lanelet2_extension/lib/pkgconfig:/home/ros/autoware.ai/install/vector_map/lib/x86_64-linux-gnu/pkgconfig:/home/ros/autoware.ai/install/vector_map/lib/pkgconfig:/home/ros/autoware.ai/install/amathutils_lib/lib/x86_64-linux-gnu/pkgconfig:/home/ros/autoware.ai/install/amathutils_lib/lib/pkgconfig:/home/ros/autoware.ai/install/vector_map_msgs/lib/x86_64-linux-gnu/pkgconfig:/home/ros/autoware.ai/install/vector_map_msgs/lib/pkgconfig:/home/ros/autoware.ai/install/autoware_msgs/lib/x86_64-linux-gnu/pkgconfig:/home/ros/autoware.ai/install/autoware_msgs/lib/pkgconfig:/home/ros/autoware.ai/install/autoware_lanelet2_msgs/lib/x86_64-linux-gnu/pkgconfig:/home/ros/autoware.ai/install/autoware_lanelet2_msgs/lib/pkgconfig:/home/ros/autoware.ai/install/autoware_build_flags/lib/x86_64-linux-gnu/pkgconfig:/home/ros/autoware.ai/install/autoware_build_flags/lib/pkgconfig:${PKG_CONFIG_PATH} PYTHONPATH=/home/ros/autoware.ai/install/vector_map_server/lib/python2.7/dist-packages:/home/ros/autoware.ai/install/vector_map_msgs/lib/python2.7/dist-packages:/home/ros/autoware.ai/install/autoware_msgs/lib/python2.7/dist-packages:/home/ros/autoware.ai/install/autoware_lanelet2_msgs/lib/python2.7/dist-packages:${PYTHONPATH} ROS_PACKAGE_PATH=/home/ros/autoware.ai/install/op_ros_helpers/share:/home/ros/autoware.ai/install/op_simu/share:/home/ros/autoware.ai/install/op_planner/share:/home/ros/autoware.ai/install/op_utility/share:/home/ros/autoware.ai/install/map_file/share:/home/ros/autoware.ai/install/vector_map_server/share:/home/ros/autoware.ai/install/libwaypoint_follower/share:/home/ros/autoware.ai/install/lanelet2_extension/share:/home/ros/autoware.ai/install/vector_map/share:/home/ros/autoware.ai/install/amathutils_lib/share:/home/ros/autoware.ai/install/vector_map_msgs/share:/home/ros/autoware.ai/install/autoware_msgs/share:/home/ros/autoware.ai/install/autoware_lanelet2_msgs/share:/home/ros/autoware.ai/install/autoware_build_flags/share:${ROS_PACKAGE_PATH} /usr/bin/cmake --build /home/ros/autoware.ai/build/op_simulation_package --target install -- -j12 -l12
[65.314s] [  0%] Built target topic_tools_generate_messages_cpp
[65.319s] [  0%] Built target vector_map_msgs_generate_messages_eus
[65.320s] [  0%] Built target topic_tools_generate_messages_eus
[65.321s] [  0%] Built target topic_tools_generate_messages_nodejs
[65.337s] [  0%] Built target nodelet_generate_messages_nodejs
[65.341s] [ 33%] Built target op_signs_simulator
[65.344s] [ 33%] Built target dynamic_reconfigure_generate_messages_py
[65.345s] [ 33%] Built target nodelet_generate_messages_cpp
[65.347s] [ 33%] Built target nodelet_generate_messages_eus
[65.365s] [ 33%] Built target dynamic_reconfigure_generate_messages_eus
[65.365s] [ 33%] Built target dynamic_reconfigure_generate_messages_nodejs
[65.366s] [ 33%] Built target dynamic_reconfigure_generate_messages_lisp
[65.367s] [ 33%] Built target vector_map_server_generate_messages_nodejs
[65.369s] [ 33%] Built target pcl_ros_gencfg
[65.388s] [ 33%] Built target geometry_msgs_generate_messages_py
[65.388s] [ 33%] Built target vector_map_msgs_generate_messages_nodejs
[65.391s] [ 33%] Built target vector_map_msgs_generate_messages_py
[65.391s] [ 33%] Built target bond_generate_messages_cpp
[65.392s] [ 33%] Built target vector_map_msgs_generate_messages_lisp
[65.409s] [ 33%] Built target sensor_msgs_generate_messages_nodejs
[65.411s] [ 33%] Built target bond_generate_messages_py
[65.416s] [ 33%] Built target pcl_msgs_generate_messages_eus
[65.418s] [ 33%] Built target roscpp_generate_messages_cpp
[65.420s] [ 33%] Built target actionlib_generate_messages_cpp
[65.433s] [ 33%] Built target jsk_recognition_msgs_generate_messages_lisp
[65.433s] [ 33%] Built target rosgraph_msgs_generate_messages_eus
[65.439s] [ 33%] Built target jsk_recognition_msgs_generate_messages_eus
[65.441s] [ 33%] Built target tf2_msgs_generate_messages_cpp
[65.442s] [ 33%] Built target std_msgs_generate_messages_py
[65.454s] [ 33%] Built target vector_map_server_generate_messages_eus
[65.455s] [ 33%] Built target nodelet_generate_messages_lisp
[65.460s] [ 33%] Built target std_srvs_generate_messages_lisp
[65.465s] [ 33%] Built target sensor_msgs_generate_messages_eus
[65.465s] [ 33%] Built target std_msgs_generate_messages_nodejs
[65.478s] [ 33%] Built target _catkin_empty_exported_target
[65.480s] [ 33%] Built target sensor_msgs_generate_messages_cpp
[65.481s] [ 33%] Built target autoware_msgs_generate_messages_cpp
[65.488s] [ 33%] Built target rosgraph_msgs_generate_messages_cpp
[65.490s] [ 33%] Built target pcl_msgs_generate_messages_nodejs
[65.496s] [ 33%] Built target jsk_recognition_msgs_generate_messages_py
[65.505s] [ 33%] Built target std_srvs_generate_messages_cpp
[65.505s] [ 33%] Built target sensor_msgs_generate_messages_lisp
[65.509s] [ 33%] Built target nodelet_generate_messages_py
[65.514s] [ 33%] Built target dynamic_reconfigure_generate_messages_cpp
[65.517s] [ 33%] Built target sensor_msgs_generate_messages_py
[65.527s] [ 33%] Built target autoware_msgs_generate_messages_py
[65.530s] [ 33%] Built target tf_generate_messages_py
[65.536s] [ 33%] Built target visualization_msgs_generate_messages_nodejs
[65.536s] [ 33%] Built target jsk_footstep_msgs_generate_messages_py
[65.538s] [ 33%] Built target topic_tools_generate_messages_py
[65.552s] [ 33%] Built target nodelet_topic_tools_gencfg
[65.557s] [ 33%] Built target actionlib_msgs_generate_messages_nodejs
[65.558s] [ 33%] Built target geometry_msgs_generate_messages_eus
[65.561s] [ 33%] Built target std_msgs_generate_messages_lisp
[65.562s] [ 33%] Built target roscpp_generate_messages_nodejs
[65.581s] [ 33%] Built target geometry_msgs_generate_messages_lisp
[65.581s] [ 33%] Built target std_msgs_generate_messages_cpp
[65.582s] [ 33%] Built target geometry_msgs_generate_messages_nodejs
[65.585s] [ 33%] Built target pcl_msgs_generate_messages_cpp
[65.590s] [ 66%] Built target op_perception_simulator
[65.604s] [ 66%] Built target autoware_msgs_generate_messages_lisp
[65.604s] [ 66%] Built target topic_tools_generate_messages_lisp
[65.606s] [ 66%] Built target jsk_recognition_msgs_generate_messages_cpp
[65.607s] [ 66%] Built target visualization_msgs_generate_messages_lisp
[65.613s] [ 66%] Built target std_msgs_generate_messages_eus
[65.624s] [ 66%] Built target autoware_msgs_generate_messages_nodejs
[65.626s] [ 66%] Built target autoware_msgs_generate_messages_eus
[65.629s] [ 66%] Built target vector_map_server_generate_messages_lisp
[65.634s] [ 66%] Built target actionlib_msgs_generate_messages_py
[65.639s] [ 66%] Built target jsk_footstep_msgs_generate_messages_lisp
[65.647s] [ 66%] Built target actionlib_msgs_generate_messages_lisp
[65.649s] [ 66%] Built target jsk_footstep_msgs_generate_messages_nodejs
[65.655s] [ 66%] Built target jsk_footstep_msgs_generate_messages_cpp
[65.656s] [ 66%] Built target tf_generate_messages_eus
[65.658s] [ 66%] Built target actionlib_msgs_generate_messages_cpp
[65.664s] [ 66%] Built target tf_generate_messages_lisp
[65.673s] [ 66%] Built target tf_generate_messages_nodejs
[65.674s] [ 66%] Built target jsk_footstep_msgs_generate_messages_eus
[65.681s] [ 66%] Built target std_srvs_generate_messages_eus
[65.684s] [ 66%] Built target roscpp_generate_messages_lisp
[65.690s] [ 66%] Built target rosgraph_msgs_generate_messages_lisp
[65.690s] [ 66%] Built target roscpp_generate_messages_py
[65.698s] [ 66%] Built target rosgraph_msgs_generate_messages_nodejs
[65.703s] [ 66%] Built target vector_map_server_generate_messages_py
[65.710s] [ 66%] Built target roscpp_generate_messages_eus
[65.712s] [ 66%] Built target rosgraph_msgs_generate_messages_py
[65.715s] [ 66%] Built target actionlib_msgs_generate_messages_eus
[65.723s] [ 66%] Built target pcl_msgs_generate_messages_py
[65.728s] [ 66%] Built target actionlib_generate_messages_eus
[65.731s] [ 66%] Built target geometry_msgs_generate_messages_cpp
[65.731s] [ 66%] Built target actionlib_generate_messages_lisp
[65.739s] [ 66%] Built target pcl_msgs_generate_messages_lisp
[65.743s] [ 66%] Built target tf_generate_messages_cpp
[65.748s] [ 66%] Built target jsk_recognition_msgs_generate_messages_nodejs
[65.748s] [ 66%] Built target actionlib_generate_messages_nodejs
[65.757s] [ 66%] Built target dynamic_reconfigure_gencfg
[65.765s] [ 66%] Built target actionlib_generate_messages_py
[65.765s] [ 66%] Built target tf2_msgs_generate_messages_nodejs
[65.768s] [ 66%] Built target tf2_msgs_generate_messages_py
[65.769s] [ 66%] Built target tf2_msgs_generate_messages_lisp
[65.784s] [ 66%] Built target visualization_msgs_generate_messages_cpp
[65.788s] [ 66%] Built target vector_map_server_generate_messages_cpp
[65.791s] [ 66%] Built target vector_map_msgs_generate_messages_cpp
[65.791s] [ 66%] Built target tf2_msgs_generate_messages_eus
[65.793s] [ 66%] Built target visualization_msgs_generate_messages_py
[65.804s] [ 66%] Built target visualization_msgs_generate_messages_eus
[65.811s] [ 66%] Built target bond_generate_messages_lisp
[65.811s] [ 66%] Built target bond_generate_messages_eus
[65.811s] [ 66%] Built target bond_generate_messages_nodejs
[65.813s] [ 66%] Built target std_srvs_generate_messages_nodejs
[65.823s] [ 66%] Built target std_srvs_generate_messages_py
[65.865s] [100%] Built target op_car_simulator
[65.883s] [36mInstall the project...[0m
[65.890s] -- Install configuration: "Release"
[65.890s] -- Installing: /home/ros/autoware.ai/install/op_simulation_package/lib/pkgconfig/op_simulation_package.pc
[65.891s] -- Installing: /home/ros/autoware.ai/install/op_simulation_package/share/op_simulation_package/cmake/op_simulation_packageConfig.cmake
[65.891s] -- Installing: /home/ros/autoware.ai/install/op_simulation_package/share/op_simulation_package/cmake/op_simulation_packageConfig-version.cmake
[65.891s] -- Installing: /home/ros/autoware.ai/install/op_simulation_package/share/op_simulation_package/package.xml
[65.891s] -- Installing: /home/ros/autoware.ai/install/op_simulation_package/lib/op_simulation_package/op_car_simulator
[65.891s] -- Set runtime path of "/home/ros/autoware.ai/install/op_simulation_package/lib/op_simulation_package/op_car_simulator" to ""
[65.892s] -- Installing: /home/ros/autoware.ai/install/op_simulation_package/lib/op_simulation_package/op_perception_simulator
[65.892s] -- Set runtime path of "/home/ros/autoware.ai/install/op_simulation_package/lib/op_simulation_package/op_perception_simulator" to ""
[65.892s] -- Installing: /home/ros/autoware.ai/install/op_simulation_package/lib/op_simulation_package/op_signs_simulator
[65.893s] -- Set runtime path of "/home/ros/autoware.ai/install/op_simulation_package/lib/op_simulation_package/op_signs_simulator" to ""
[65.893s] -- Installing: /home/ros/autoware.ai/install/op_simulation_package/share/op_simulation_package/launch
[65.893s] -- Installing: /home/ros/autoware.ai/install/op_simulation_package/share/op_simulation_package/launch/op_perception_simulator.launch
[65.893s] -- Installing: /home/ros/autoware.ai/install/op_simulation_package/share/op_simulation_package/launch/op_car_simulator_3.launch
[65.893s] -- Installing: /home/ros/autoware.ai/install/op_simulation_package/share/op_simulation_package/launch/op_car_simulator_1.launch
[65.893s] -- Installing: /home/ros/autoware.ai/install/op_simulation_package/share/op_simulation_package/launch/op_car_simulator_2.launch
[65.893s] -- Installing: /home/ros/autoware.ai/install/op_simulation_package/share/op_simulation_package/launch/op_car_simulator_5.launch
[65.893s] -- Installing: /home/ros/autoware.ai/install/op_simulation_package/share/op_simulation_package/launch/op_signs_simulator.launch
[65.894s] -- Installing: /home/ros/autoware.ai/install/op_simulation_package/share/op_simulation_package/launch/op_car_simulator_4.launch
[65.896s] Invoked command in '/home/ros/autoware.ai/build/op_simulation_package' returned '0': CMAKE_PREFIX_PATH=/home/ros/autoware.ai/install/op_ros_helpers:/home/ros/autoware.ai/install/op_simu:/home/ros/autoware.ai/install/op_planner:/home/ros/autoware.ai/install/op_utility:/home/ros/autoware.ai/install/map_file:/home/ros/autoware.ai/install/vector_map_server:/home/ros/autoware.ai/install/libwaypoint_follower:/home/ros/autoware.ai/install/lanelet2_extension:/home/ros/autoware.ai/install/vector_map:/home/ros/autoware.ai/install/amathutils_lib:/home/ros/autoware.ai/install/vector_map_msgs:/home/ros/autoware.ai/install/autoware_msgs:/home/ros/autoware.ai/install/autoware_lanelet2_msgs:/home/ros/autoware.ai/install/autoware_build_flags:${CMAKE_PREFIX_PATH} LD_LIBRARY_PATH=/home/ros/autoware.ai/install/op_ros_helpers/lib:/home/ros/autoware.ai/install/op_simu/lib:/home/ros/autoware.ai/install/op_planner/lib:/home/ros/autoware.ai/install/op_utility/lib:/home/ros/autoware.ai/install/map_file/lib:/home/ros/autoware.ai/install/libwaypoint_follower/lib:/home/ros/autoware.ai/install/lanelet2_extension/lib:/home/ros/autoware.ai/install/vector_map/lib:/home/ros/autoware.ai/install/amathutils_lib/lib:${LD_LIBRARY_PATH} PKG_CONFIG_PATH=/home/ros/autoware.ai/install/op_ros_helpers/lib/x86_64-linux-gnu/pkgconfig:/home/ros/autoware.ai/install/op_ros_helpers/lib/pkgconfig:/home/ros/autoware.ai/install/op_simu/lib/x86_64-linux-gnu/pkgconfig:/home/ros/autoware.ai/install/op_simu/lib/pkgconfig:/home/ros/autoware.ai/install/op_planner/lib/x86_64-linux-gnu/pkgconfig:/home/ros/autoware.ai/install/op_planner/lib/pkgconfig:/home/ros/autoware.ai/install/op_utility/lib/x86_64-linux-gnu/pkgconfig:/home/ros/autoware.ai/install/op_utility/lib/pkgconfig:/home/ros/autoware.ai/install/map_file/lib/x86_64-linux-gnu/pkgconfig:/home/ros/autoware.ai/install/map_file/lib/pkgconfig:/home/ros/autoware.ai/install/vector_map_server/lib/x86_64-linux-gnu/pkgconfig:/home/ros/autoware.ai/install/vector_map_server/lib/pkgconfig:/home/ros/autoware.ai/install/libwaypoint_follower/lib/x86_64-linux-gnu/pkgconfig:/home/ros/autoware.ai/install/libwaypoint_follower/lib/pkgconfig:/home/ros/autoware.ai/install/lanelet2_extension/lib/x86_64-linux-gnu/pkgconfig:/home/ros/autoware.ai/install/lanelet2_extension/lib/pkgconfig:/home/ros/autoware.ai/install/vector_map/lib/x86_64-linux-gnu/pkgconfig:/home/ros/autoware.ai/install/vector_map/lib/pkgconfig:/home/ros/autoware.ai/install/amathutils_lib/lib/x86_64-linux-gnu/pkgconfig:/home/ros/autoware.ai/install/amathutils_lib/lib/pkgconfig:/home/ros/autoware.ai/install/vector_map_msgs/lib/x86_64-linux-gnu/pkgconfig:/home/ros/autoware.ai/install/vector_map_msgs/lib/pkgconfig:/home/ros/autoware.ai/install/autoware_msgs/lib/x86_64-linux-gnu/pkgconfig:/home/ros/autoware.ai/install/autoware_msgs/lib/pkgconfig:/home/ros/autoware.ai/install/autoware_lanelet2_msgs/lib/x86_64-linux-gnu/pkgconfig:/home/ros/autoware.ai/install/autoware_lanelet2_msgs/lib/pkgconfig:/home/ros/autoware.ai/install/autoware_build_flags/lib/x86_64-linux-gnu/pkgconfig:/home/ros/autoware.ai/install/autoware_build_flags/lib/pkgconfig:${PKG_CONFIG_PATH} PYTHONPATH=/home/ros/autoware.ai/install/vector_map_server/lib/python2.7/dist-packages:/home/ros/autoware.ai/install/vector_map_msgs/lib/python2.7/dist-packages:/home/ros/autoware.ai/install/autoware_msgs/lib/python2.7/dist-packages:/home/ros/autoware.ai/install/autoware_lanelet2_msgs/lib/python2.7/dist-packages:${PYTHONPATH} ROS_PACKAGE_PATH=/home/ros/autoware.ai/install/op_ros_helpers/share:/home/ros/autoware.ai/install/op_simu/share:/home/ros/autoware.ai/install/op_planner/share:/home/ros/autoware.ai/install/op_utility/share:/home/ros/autoware.ai/install/map_file/share:/home/ros/autoware.ai/install/vector_map_server/share:/home/ros/autoware.ai/install/libwaypoint_follower/share:/home/ros/autoware.ai/install/lanelet2_extension/share:/home/ros/autoware.ai/install/vector_map/share:/home/ros/autoware.ai/install/amathutils_lib/share:/home/ros/autoware.ai/install/vector_map_msgs/share:/home/ros/autoware.ai/install/autoware_msgs/share:/home/ros/autoware.ai/install/autoware_lanelet2_msgs/share:/home/ros/autoware.ai/install/autoware_build_flags/share:${ROS_PACKAGE_PATH} /usr/bin/cmake --build /home/ros/autoware.ai/build/op_simulation_package --target install -- -j12 -l12
