Determining if the pthread_create exist failed with the following output:
Change Dir: /home/ros/autoware.ai/build/pc2_downsampler/CMakeFiles/CMakeTmp

Run Build Command:"/usr/bin/make" "cmTC_255ea/fast"
/usr/bin/make -f CMakeFiles/cmTC_255ea.dir/build.make CMakeFiles/cmTC_255ea.dir/build
make[1]: Entering directory '/home/ros/autoware.ai/build/pc2_downsampler/CMakeFiles/CMakeTmp'
Building C object CMakeFiles/cmTC_255ea.dir/CheckSymbolExists.c.o
/usr/bin/cc    -o CMakeFiles/cmTC_255ea.dir/CheckSymbolExists.c.o   -c /home/ros/autoware.ai/build/pc2_downsampler/CMakeFiles/CMakeTmp/CheckSymbolExists.c
Linking C executable cmTC_255ea
/usr/bin/cmake -E cmake_link_script CMakeFiles/cmTC_255ea.dir/link.txt --verbose=1
/usr/bin/cc      -rdynamic CMakeFiles/cmTC_255ea.dir/CheckSymbolExists.c.o  -o cmTC_255ea 
CMakeFiles/cmTC_255ea.dir/CheckSymbolExists.c.o: In function `main':
CheckSymbolExists.c:(.text+0x1b): undefined reference to `pthread_create'
collect2: error: ld returned 1 exit status
CMakeFiles/cmTC_255ea.dir/build.make:97: recipe for target 'cmTC_255ea' failed
make[1]: *** [cmTC_255ea] Error 1
make[1]: Leaving directory '/home/ros/autoware.ai/build/pc2_downsampler/CMakeFiles/CMakeTmp'
Makefile:126: recipe for target 'cmTC_255ea/fast' failed
make: *** [cmTC_255ea/fast] Error 2

File /home/ros/autoware.ai/build/pc2_downsampler/CMakeFiles/CMakeTmp/CheckSymbolExists.c:
/* */
#include <pthread.h>

int main(int argc, char** argv)
{
  (void)argv;
#ifndef pthread_create
  return ((int*)(&pthread_create))[argc];
#else
  (void)argc;
  return 0;
#endif
}

Determining if the function pthread_create exists in the pthreads failed with the following output:
Change Dir: /home/ros/autoware.ai/build/pc2_downsampler/CMakeFiles/CMakeTmp

Run Build Command:"/usr/bin/make" "cmTC_1969b/fast"
/usr/bin/make -f CMakeFiles/cmTC_1969b.dir/build.make CMakeFiles/cmTC_1969b.dir/build
make[1]: Entering directory '/home/ros/autoware.ai/build/pc2_downsampler/CMakeFiles/CMakeTmp'
Building C object CMakeFiles/cmTC_1969b.dir/CheckFunctionExists.c.o
/usr/bin/cc   -DCHECK_FUNCTION_EXISTS=pthread_create   -o CMakeFiles/cmTC_1969b.dir/CheckFunctionExists.c.o   -c /usr/share/cmake-3.10/Modules/CheckFunctionExists.c
Linking C executable cmTC_1969b
/usr/bin/cmake -E cmake_link_script CMakeFiles/cmTC_1969b.dir/link.txt --verbose=1
/usr/bin/cc  -DCHECK_FUNCTION_EXISTS=pthread_create    -rdynamic CMakeFiles/cmTC_1969b.dir/CheckFunctionExists.c.o  -o cmTC_1969b -lpthreads 
/usr/bin/ld: cannot find -lpthreads
collect2: error: ld returned 1 exit status
CMakeFiles/cmTC_1969b.dir/build.make:97: recipe for target 'cmTC_1969b' failed
make[1]: *** [cmTC_1969b] Error 1
make[1]: Leaving directory '/home/ros/autoware.ai/build/pc2_downsampler/CMakeFiles/CMakeTmp'
Makefile:126: recipe for target 'cmTC_1969b/fast' failed
make: *** [cmTC_1969b/fast] Error 2


