Determining if the pthread_create exist failed with the following output:
Change Dir: /home/ros/autoware.ai/build/lidar_localizer/CMakeFiles/CMakeTmp

Run Build Command:"/usr/bin/make" "cmTC_6e012/fast"
/usr/bin/make -f CMakeFiles/cmTC_6e012.dir/build.make CMakeFiles/cmTC_6e012.dir/build
make[1]: Entering directory '/home/ros/autoware.ai/build/lidar_localizer/CMakeFiles/CMakeTmp'
Building C object CMakeFiles/cmTC_6e012.dir/CheckSymbolExists.c.o
/usr/bin/cc    -o CMakeFiles/cmTC_6e012.dir/CheckSymbolExists.c.o   -c /home/ros/autoware.ai/build/lidar_localizer/CMakeFiles/CMakeTmp/CheckSymbolExists.c
Linking C executable cmTC_6e012
/usr/bin/cmake -E cmake_link_script CMakeFiles/cmTC_6e012.dir/link.txt --verbose=1
/usr/bin/cc      -rdynamic CMakeFiles/cmTC_6e012.dir/CheckSymbolExists.c.o  -o cmTC_6e012 
CMakeFiles/cmTC_6e012.dir/CheckSymbolExists.c.o: In function `main':
CheckSymbolExists.c:(.text+0x1b): undefined reference to `pthread_create'
collect2: error: ld returned 1 exit status
CMakeFiles/cmTC_6e012.dir/build.make:97: recipe for target 'cmTC_6e012' failed
make[1]: *** [cmTC_6e012] Error 1
make[1]: Leaving directory '/home/ros/autoware.ai/build/lidar_localizer/CMakeFiles/CMakeTmp'
Makefile:126: recipe for target 'cmTC_6e012/fast' failed
make: *** [cmTC_6e012/fast] Error 2

File /home/ros/autoware.ai/build/lidar_localizer/CMakeFiles/CMakeTmp/CheckSymbolExists.c:
/* */
#include <pthread.h>

int main(int argc, char** argv)
{
  (void)argv;
#ifndef pthread_create
  return ((int*)(&pthread_create))[argc];
#else
  (void)argc;
  return 0;
#endif
}

Determining if the function pthread_create exists in the pthreads failed with the following output:
Change Dir: /home/ros/autoware.ai/build/lidar_localizer/CMakeFiles/CMakeTmp

Run Build Command:"/usr/bin/make" "cmTC_2aebd/fast"
/usr/bin/make -f CMakeFiles/cmTC_2aebd.dir/build.make CMakeFiles/cmTC_2aebd.dir/build
make[1]: Entering directory '/home/ros/autoware.ai/build/lidar_localizer/CMakeFiles/CMakeTmp'
Building C object CMakeFiles/cmTC_2aebd.dir/CheckFunctionExists.c.o
/usr/bin/cc   -DCHECK_FUNCTION_EXISTS=pthread_create   -o CMakeFiles/cmTC_2aebd.dir/CheckFunctionExists.c.o   -c /usr/share/cmake-3.10/Modules/CheckFunctionExists.c
Linking C executable cmTC_2aebd
/usr/bin/cmake -E cmake_link_script CMakeFiles/cmTC_2aebd.dir/link.txt --verbose=1
/usr/bin/cc  -DCHECK_FUNCTION_EXISTS=pthread_create    -rdynamic CMakeFiles/cmTC_2aebd.dir/CheckFunctionExists.c.o  -o cmTC_2aebd -lpthreads 
/usr/bin/ld: cannot find -lpthreads
collect2: error: ld returned 1 exit status
CMakeFiles/cmTC_2aebd.dir/build.make:97: recipe for target 'cmTC_2aebd' failed
make[1]: *** [cmTC_2aebd] Error 1
make[1]: Leaving directory '/home/ros/autoware.ai/build/lidar_localizer/CMakeFiles/CMakeTmp'
Makefile:126: recipe for target 'cmTC_2aebd/fast' failed
make: *** [cmTC_2aebd/fast] Error 2


Performing C SOURCE FILE Test CMAKE_HAVE_LIBC_PTHREAD failed with the following output:
Change Dir: /home/ros/autoware.ai/build/lidar_localizer/CMakeFiles/CMakeTmp

Run Build Command(s):/usr/bin/make cmTC_6386c/fast && /usr/bin/make  -f CMakeFiles/cmTC_6386c.dir/build.make CMakeFiles/cmTC_6386c.dir/build
make[1]: Entering directory '/home/ros/autoware.ai/build/lidar_localizer/CMakeFiles/CMakeTmp'
Building C object CMakeFiles/cmTC_6386c.dir/src.c.o
/usr/bin/cc   -DCMAKE_HAVE_LIBC_PTHREAD -o CMakeFiles/cmTC_6386c.dir/src.c.o -c /home/ros/autoware.ai/build/lidar_localizer/CMakeFiles/CMakeTmp/src.c
Linking C executable cmTC_6386c
/home/ros/.local/lib/python3.6/site-packages/cmake/data/bin/cmake -E cmake_link_script CMakeFiles/cmTC_6386c.dir/link.txt --verbose=1
/usr/bin/cc  -DCMAKE_HAVE_LIBC_PTHREAD -rdynamic CMakeFiles/cmTC_6386c.dir/src.c.o -o cmTC_6386c 
CMakeFiles/cmTC_6386c.dir/src.c.o: In function `main':
src.c:(.text+0x3e): undefined reference to `pthread_create'
src.c:(.text+0x4a): undefined reference to `pthread_detach'
src.c:(.text+0x56): undefined reference to `pthread_cancel'
src.c:(.text+0x67): undefined reference to `pthread_join'
src.c:(.text+0x7b): undefined reference to `pthread_atfork'
collect2: error: ld returned 1 exit status
CMakeFiles/cmTC_6386c.dir/build.make:105: recipe for target 'cmTC_6386c' failed
make[1]: *** [cmTC_6386c] Error 1
make[1]: Leaving directory '/home/ros/autoware.ai/build/lidar_localizer/CMakeFiles/CMakeTmp'
Makefile:140: recipe for target 'cmTC_6386c/fast' failed
make: *** [cmTC_6386c/fast] Error 2


Source file was:
#include <pthread.h>

void* test_func(void* data)
{
  return data;
}

int main(void)
{
  pthread_t thread;
  pthread_create(&thread, NULL, test_func, NULL);
  pthread_detach(thread);
  pthread_cancel(thread);
  pthread_join(thread, NULL);
  pthread_atfork(NULL, NULL, NULL);
  pthread_exit(NULL);

  return 0;
}

