-- The C compiler identification is GNU 7.5.0
-- The CXX compiler identification is GNU 7.5.0
-- Check for working C compiler: /usr/bin/cc
-- Check for working C compiler: /usr/bin/cc -- works
-- Detecting C compiler ABI info
-- Detecting C compiler ABI info - done
-- Detecting C compile features
-- Detecting C compile features - done
-- Check for working CXX compiler: /usr/bin/c++
-- Check for working CXX compiler: /usr/bin/c++ -- works
-- Detecting CXX compiler ABI info
-- Detecting CXX compiler ABI info - done
-- Detecting CXX compile features
-- Detecting CXX compile features - done
-- Using CATKIN_DEVEL_PREFIX: /home/ros/autoware.ai/build/ll2_global_planner/devel
-- Using CMAKE_PREFIX_PATH: /home/ros/autoware.ai/install/lanelet2_extension;/home/ros/autoware.ai/install/amathutils_lib;/home/ros/autoware.ai/install/autoware_msgs;/home/ros/autoware.ai/install/autoware_lanelet2_msgs;/opt/ros/melodic
-- This workspace overlays: /home/ros/autoware.ai/install/lanelet2_extension;/home/ros/autoware.ai/install/amathutils_lib;/home/ros/autoware.ai/install/autoware_msgs;/home/ros/autoware.ai/install/autoware_lanelet2_msgs;/opt/ros/melodic
-- Found PythonInterp: /usr/bin/python2 (found suitable version "2.7.17", minimum required is "2") 
-- Using PYTHON_EXECUTABLE: /usr/bin/python2
-- Using Debian Python package layout
-- Using empy: /usr/bin/empy
-- Using CATKIN_ENABLE_TESTING: ON
-- Call enable_testing()
-- Using CATKIN_TEST_RESULTS_DIR: /home/ros/autoware.ai/build/ll2_global_planner/test_results
-- Found gtest sources under '/usr/src/googletest': gtests will be built
-- Found gmock sources under '/usr/src/googletest': gmock will be built
-- Found PythonInterp: /usr/bin/python2 (found version "2.7.17") 
-- Looking for pthread.h
-- Looking for pthread.h - found
-- Looking for pthread_create
-- Looking for pthread_create - not found
-- Looking for pthread_create in pthreads
-- Looking for pthread_create in pthreads - not found
-- Looking for pthread_create in pthread
-- Looking for pthread_create in pthread - found
-- Found Threads: TRUE  
-- Using Python nosetests: /usr/bin/nosetests-2.7
-- catkin 0.7.29
-- BUILD_SHARED_LIBS is on
-- Using these message generators: gencpp;geneus;genlisp;gennodejs;genpy
-- Boost version: 1.65.1
-- Found the following Boost libraries:
--   wserialization
--   thread
--   random
--   serialization
--   log_setup
--   prg_exec_monitor
--   wave
--   system
--   chrono
--   filesystem
--   locale
--   timer
--   date_time
--   regex
--   graph
--   program_options
--   unit_test_framework
--   log
--   atomic
-- Found OpenMP_C: -fopenmp (found version "4.5") 
-- Found OpenMP_CXX: -fopenmp (found version "4.5") 
-- Found OpenMP: TRUE (found version "4.5")  
-- Found pugixml: /usr/lib/x86_64-linux-gnu/libpugixml.so  
-- Found PkgConfig: /usr/bin/pkg-config (found version "0.29.1") 
-- Found GeographicLib: /usr/lib/x86_64-linux-gnu/libGeographic.so  
-- Configuring done
-- Generating done
-- Build files have been written to: /home/ros/autoware.ai/build/ll2_global_planner
[35m[1mScanning dependencies of target ll2_global_planner_node[0m
[ 25%] [32mBuilding CXX object CMakeFiles/ll2_global_planner_node.dir/src/ll2_global_planner_node.cpp.o[0m
[ 50%] [32m[1mLinking CXX executable devel/lib/ll2_global_planner/ll2_global_planner_node[0m
[ 50%] Built target ll2_global_planner_node
[35m[1mScanning dependencies of target ll2_global_planner_nodelet[0m
[ 75%] [32mBuilding CXX object CMakeFiles/ll2_global_planner_nodelet.dir/src/ll2_global_planner_nodelet.cpp.o[0m
[100%] [32m[1mLinking CXX shared library devel/lib/libll2_global_planner_nodelet.so[0m
[100%] Built target ll2_global_planner_nodelet
[35m[1mScanning dependencies of target tests[0m
Built target tests
[ 50%] Built target ll2_global_planner_node
[100%] Built target ll2_global_planner_nodelet
[36mInstall the project...[0m
-- Install configuration: "Release"
-- Installing: /home/ros/autoware.ai/install/ll2_global_planner/lib/pkgconfig/ll2_global_planner.pc
-- Installing: /home/ros/autoware.ai/install/ll2_global_planner/share/ll2_global_planner/cmake/ll2_global_plannerConfig.cmake
-- Installing: /home/ros/autoware.ai/install/ll2_global_planner/share/ll2_global_planner/cmake/ll2_global_plannerConfig-version.cmake
-- Installing: /home/ros/autoware.ai/install/ll2_global_planner/share/ll2_global_planner/package.xml
-- Installing: /home/ros/autoware.ai/install/ll2_global_planner/lib/ll2_global_planner/ll2_global_planner_node
-- Set runtime path of "/home/ros/autoware.ai/install/ll2_global_planner/lib/ll2_global_planner/ll2_global_planner_node" to ""
-- Installing: /home/ros/autoware.ai/install/ll2_global_planner/lib/libll2_global_planner_nodelet.so
-- Set runtime path of "/home/ros/autoware.ai/install/ll2_global_planner/lib/libll2_global_planner_nodelet.so" to ""
-- Installing: /home/ros/autoware.ai/install/ll2_global_planner/share/ll2_global_planner/launch
-- Installing: /home/ros/autoware.ai/install/ll2_global_planner/share/ll2_global_planner/launch/ll2_global_planner_node.launch
-- Installing: /home/ros/autoware.ai/install/ll2_global_planner/share/ll2_global_planner/config
-- Installing: /home/ros/autoware.ai/install/ll2_global_planner/share/ll2_global_planner/config/params.yaml
-- Installing: /home/ros/autoware.ai/install/ll2_global_planner/share/ll2_global_planner/nodelets.xml
