[0.024s] Invoking command in '/home/ros/autoware.ai/build/ll2_global_planner': CMAKE_PREFIX_PATH=/home/ros/autoware.ai/install/lanelet2_extension:/home/ros/autoware.ai/install/amathutils_lib:/home/ros/autoware.ai/install/autoware_msgs:/home/ros/autoware.ai/install/autoware_lanelet2_msgs:${CMAKE_PREFIX_PATH} LD_LIBRARY_PATH=/home/ros/autoware.ai/install/lanelet2_extension/lib:/home/ros/autoware.ai/install/amathutils_lib/lib:${LD_LIBRARY_PATH} PKG_CONFIG_PATH=/home/ros/autoware.ai/install/lanelet2_extension/lib/x86_64-linux-gnu/pkgconfig:/home/ros/autoware.ai/install/lanelet2_extension/lib/pkgconfig:/home/ros/autoware.ai/install/amathutils_lib/lib/x86_64-linux-gnu/pkgconfig:/home/ros/autoware.ai/install/amathutils_lib/lib/pkgconfig:/home/ros/autoware.ai/install/autoware_msgs/lib/x86_64-linux-gnu/pkgconfig:/home/ros/autoware.ai/install/autoware_msgs/lib/pkgconfig:/home/ros/autoware.ai/install/autoware_lanelet2_msgs/lib/x86_64-linux-gnu/pkgconfig:/home/ros/autoware.ai/install/autoware_lanelet2_msgs/lib/pkgconfig:${PKG_CONFIG_PATH} PYTHONPATH=/home/ros/autoware.ai/install/autoware_msgs/lib/python2.7/dist-packages:/home/ros/autoware.ai/install/autoware_lanelet2_msgs/lib/python2.7/dist-packages:${PYTHONPATH} ROS_PACKAGE_PATH=/home/ros/autoware.ai/install/lanelet2_extension/share:/home/ros/autoware.ai/install/amathutils_lib/share:/home/ros/autoware.ai/install/autoware_msgs/share:/home/ros/autoware.ai/install/autoware_lanelet2_msgs/share:${ROS_PACKAGE_PATH} /usr/bin/cmake /home/ros/autoware.ai/src/autoware/core_planning/ll2_global_planner -DCMAKE_BUILD_TYPE=Release -DCATKIN_INSTALL_INTO_PREFIX_ROOT=0 -DCMAKE_INSTALL_PREFIX=/home/ros/autoware.ai/install/ll2_global_planner
[0.111s] -- The C compiler identification is GNU 7.5.0
[0.186s] -- The CXX compiler identification is GNU 7.5.0
[0.193s] -- Check for working C compiler: /usr/bin/cc
[0.277s] -- Check for working C compiler: /usr/bin/cc -- works
[0.279s] -- Detecting C compiler ABI info
[0.364s] -- Detecting C compiler ABI info - done
[0.377s] -- Detecting C compile features
[0.627s] -- Detecting C compile features - done
[0.631s] -- Check for working CXX compiler: /usr/bin/c++
[0.734s] -- Check for working CXX compiler: /usr/bin/c++ -- works
[0.735s] -- Detecting CXX compiler ABI info
[0.841s] -- Detecting CXX compiler ABI info - done
[0.854s] -- Detecting CXX compile features
[1.309s] -- Detecting CXX compile features - done
[1.312s] -- Using CATKIN_DEVEL_PREFIX: /home/ros/autoware.ai/build/ll2_global_planner/devel
[1.312s] -- Using CMAKE_PREFIX_PATH: /home/ros/autoware.ai/install/lanelet2_extension;/home/ros/autoware.ai/install/amathutils_lib;/home/ros/autoware.ai/install/autoware_msgs;/home/ros/autoware.ai/install/autoware_lanelet2_msgs;/opt/ros/melodic
[1.313s] -- This workspace overlays: /home/ros/autoware.ai/install/lanelet2_extension;/home/ros/autoware.ai/install/amathutils_lib;/home/ros/autoware.ai/install/autoware_msgs;/home/ros/autoware.ai/install/autoware_lanelet2_msgs;/opt/ros/melodic
[1.333s] -- Found PythonInterp: /usr/bin/python2 (found suitable version "2.7.17", minimum required is "2") 
[1.334s] -- Using PYTHON_EXECUTABLE: /usr/bin/python2
[1.334s] -- Using Debian Python package layout
[1.334s] -- Using empy: /usr/bin/empy
[1.537s] -- Using CATKIN_ENABLE_TESTING: ON
[1.537s] -- Call enable_testing()
[1.540s] -- Using CATKIN_TEST_RESULTS_DIR: /home/ros/autoware.ai/build/ll2_global_planner/test_results
[1.568s] -- Found gtest sources under '/usr/src/googletest': gtests will be built
[1.568s] -- Found gmock sources under '/usr/src/googletest': gmock will be built
[1.586s] -- Found PythonInterp: /usr/bin/python2 (found version "2.7.17") 
[1.587s] -- Looking for pthread.h
[1.676s] -- Looking for pthread.h - found
[1.677s] -- Looking for pthread_create
[1.768s] -- Looking for pthread_create - not found
[1.768s] -- Looking for pthread_create in pthreads
[1.840s] -- Looking for pthread_create in pthreads - not found
[1.841s] -- Looking for pthread_create in pthread
[1.942s] -- Looking for pthread_create in pthread - found
[1.944s] -- Found Threads: TRUE  
[1.950s] -- Using Python nosetests: /usr/bin/nosetests-2.7
[2.009s] -- catkin 0.7.29
[2.009s] -- BUILD_SHARED_LIBS is on
[2.202s] -- Using these message generators: gencpp;geneus;genlisp;gennodejs;genpy
[2.561s] -- Boost version: 1.65.1
[2.561s] -- Found the following Boost libraries:
[2.562s] --   wserialization
[2.562s] --   thread
[2.562s] --   random
[2.562s] --   serialization
[2.562s] --   log_setup
[2.562s] --   prg_exec_monitor
[2.562s] --   wave
[2.562s] --   system
[2.563s] --   chrono
[2.563s] --   filesystem
[2.563s] --   locale
[2.563s] --   timer
[2.563s] --   date_time
[2.563s] --   regex
[2.563s] --   graph
[2.563s] --   program_options
[2.564s] --   unit_test_framework
[2.564s] --   log
[2.564s] --   atomic
[2.892s] -- Found OpenMP_C: -fopenmp (found version "4.5") 
[3.002s] -- Found OpenMP_CXX: -fopenmp (found version "4.5") 
[3.003s] -- Found OpenMP: TRUE (found version "4.5")  
[3.016s] -- Found pugixml: /usr/lib/x86_64-linux-gnu/libpugixml.so  
[3.039s] -- Found PkgConfig: /usr/bin/pkg-config (found version "0.29.1") 
[3.042s] -- Found GeographicLib: /usr/lib/x86_64-linux-gnu/libGeographic.so  
[3.448s] -- Configuring done
[3.518s] -- Generating done
[3.534s] -- Build files have been written to: /home/ros/autoware.ai/build/ll2_global_planner
[3.546s] Invoked command in '/home/ros/autoware.ai/build/ll2_global_planner' returned '0': CMAKE_PREFIX_PATH=/home/ros/autoware.ai/install/lanelet2_extension:/home/ros/autoware.ai/install/amathutils_lib:/home/ros/autoware.ai/install/autoware_msgs:/home/ros/autoware.ai/install/autoware_lanelet2_msgs:${CMAKE_PREFIX_PATH} LD_LIBRARY_PATH=/home/ros/autoware.ai/install/lanelet2_extension/lib:/home/ros/autoware.ai/install/amathutils_lib/lib:${LD_LIBRARY_PATH} PKG_CONFIG_PATH=/home/ros/autoware.ai/install/lanelet2_extension/lib/x86_64-linux-gnu/pkgconfig:/home/ros/autoware.ai/install/lanelet2_extension/lib/pkgconfig:/home/ros/autoware.ai/install/amathutils_lib/lib/x86_64-linux-gnu/pkgconfig:/home/ros/autoware.ai/install/amathutils_lib/lib/pkgconfig:/home/ros/autoware.ai/install/autoware_msgs/lib/x86_64-linux-gnu/pkgconfig:/home/ros/autoware.ai/install/autoware_msgs/lib/pkgconfig:/home/ros/autoware.ai/install/autoware_lanelet2_msgs/lib/x86_64-linux-gnu/pkgconfig:/home/ros/autoware.ai/install/autoware_lanelet2_msgs/lib/pkgconfig:${PKG_CONFIG_PATH} PYTHONPATH=/home/ros/autoware.ai/install/autoware_msgs/lib/python2.7/dist-packages:/home/ros/autoware.ai/install/autoware_lanelet2_msgs/lib/python2.7/dist-packages:${PYTHONPATH} ROS_PACKAGE_PATH=/home/ros/autoware.ai/install/lanelet2_extension/share:/home/ros/autoware.ai/install/amathutils_lib/share:/home/ros/autoware.ai/install/autoware_msgs/share:/home/ros/autoware.ai/install/autoware_lanelet2_msgs/share:${ROS_PACKAGE_PATH} /usr/bin/cmake /home/ros/autoware.ai/src/autoware/core_planning/ll2_global_planner -DCMAKE_BUILD_TYPE=Release -DCATKIN_INSTALL_INTO_PREFIX_ROOT=0 -DCMAKE_INSTALL_PREFIX=/home/ros/autoware.ai/install/ll2_global_planner
[3.548s] Invoking command in '/home/ros/autoware.ai/build/ll2_global_planner': CMAKE_PREFIX_PATH=/home/ros/autoware.ai/install/lanelet2_extension:/home/ros/autoware.ai/install/amathutils_lib:/home/ros/autoware.ai/install/autoware_msgs:/home/ros/autoware.ai/install/autoware_lanelet2_msgs:${CMAKE_PREFIX_PATH} LD_LIBRARY_PATH=/home/ros/autoware.ai/install/lanelet2_extension/lib:/home/ros/autoware.ai/install/amathutils_lib/lib:${LD_LIBRARY_PATH} PKG_CONFIG_PATH=/home/ros/autoware.ai/install/lanelet2_extension/lib/x86_64-linux-gnu/pkgconfig:/home/ros/autoware.ai/install/lanelet2_extension/lib/pkgconfig:/home/ros/autoware.ai/install/amathutils_lib/lib/x86_64-linux-gnu/pkgconfig:/home/ros/autoware.ai/install/amathutils_lib/lib/pkgconfig:/home/ros/autoware.ai/install/autoware_msgs/lib/x86_64-linux-gnu/pkgconfig:/home/ros/autoware.ai/install/autoware_msgs/lib/pkgconfig:/home/ros/autoware.ai/install/autoware_lanelet2_msgs/lib/x86_64-linux-gnu/pkgconfig:/home/ros/autoware.ai/install/autoware_lanelet2_msgs/lib/pkgconfig:${PKG_CONFIG_PATH} PYTHONPATH=/home/ros/autoware.ai/install/autoware_msgs/lib/python2.7/dist-packages:/home/ros/autoware.ai/install/autoware_lanelet2_msgs/lib/python2.7/dist-packages:${PYTHONPATH} ROS_PACKAGE_PATH=/home/ros/autoware.ai/install/lanelet2_extension/share:/home/ros/autoware.ai/install/amathutils_lib/share:/home/ros/autoware.ai/install/autoware_msgs/share:/home/ros/autoware.ai/install/autoware_lanelet2_msgs/share:${ROS_PACKAGE_PATH} /usr/bin/cmake --build /home/ros/autoware.ai/build/ll2_global_planner -- -j12 -l12
[3.615s] [35m[1mScanning dependencies of target ll2_global_planner_node[0m
[3.647s] [ 25%] [32mBuilding CXX object CMakeFiles/ll2_global_planner_node.dir/src/ll2_global_planner_node.cpp.o[0m
[5.785s] [ 50%] [32m[1mLinking CXX executable devel/lib/ll2_global_planner/ll2_global_planner_node[0m
[6.040s] [ 50%] Built target ll2_global_planner_node
[6.058s] [35m[1mScanning dependencies of target ll2_global_planner_nodelet[0m
[6.140s] [ 75%] [32mBuilding CXX object CMakeFiles/ll2_global_planner_nodelet.dir/src/ll2_global_planner_nodelet.cpp.o[0m
[17.133s] [100%] [32m[1mLinking CXX shared library devel/lib/libll2_global_planner_nodelet.so[0m
[17.404s] [100%] Built target ll2_global_planner_nodelet
[17.420s] Invoked command in '/home/ros/autoware.ai/build/ll2_global_planner' returned '0': CMAKE_PREFIX_PATH=/home/ros/autoware.ai/install/lanelet2_extension:/home/ros/autoware.ai/install/amathutils_lib:/home/ros/autoware.ai/install/autoware_msgs:/home/ros/autoware.ai/install/autoware_lanelet2_msgs:${CMAKE_PREFIX_PATH} LD_LIBRARY_PATH=/home/ros/autoware.ai/install/lanelet2_extension/lib:/home/ros/autoware.ai/install/amathutils_lib/lib:${LD_LIBRARY_PATH} PKG_CONFIG_PATH=/home/ros/autoware.ai/install/lanelet2_extension/lib/x86_64-linux-gnu/pkgconfig:/home/ros/autoware.ai/install/lanelet2_extension/lib/pkgconfig:/home/ros/autoware.ai/install/amathutils_lib/lib/x86_64-linux-gnu/pkgconfig:/home/ros/autoware.ai/install/amathutils_lib/lib/pkgconfig:/home/ros/autoware.ai/install/autoware_msgs/lib/x86_64-linux-gnu/pkgconfig:/home/ros/autoware.ai/install/autoware_msgs/lib/pkgconfig:/home/ros/autoware.ai/install/autoware_lanelet2_msgs/lib/x86_64-linux-gnu/pkgconfig:/home/ros/autoware.ai/install/autoware_lanelet2_msgs/lib/pkgconfig:${PKG_CONFIG_PATH} PYTHONPATH=/home/ros/autoware.ai/install/autoware_msgs/lib/python2.7/dist-packages:/home/ros/autoware.ai/install/autoware_lanelet2_msgs/lib/python2.7/dist-packages:${PYTHONPATH} ROS_PACKAGE_PATH=/home/ros/autoware.ai/install/lanelet2_extension/share:/home/ros/autoware.ai/install/amathutils_lib/share:/home/ros/autoware.ai/install/autoware_msgs/share:/home/ros/autoware.ai/install/autoware_lanelet2_msgs/share:${ROS_PACKAGE_PATH} /usr/bin/cmake --build /home/ros/autoware.ai/build/ll2_global_planner -- -j12 -l12
[17.531s] Invoking command in '/home/ros/autoware.ai/build/ll2_global_planner': CMAKE_PREFIX_PATH=/home/ros/autoware.ai/install/lanelet2_extension:/home/ros/autoware.ai/install/amathutils_lib:/home/ros/autoware.ai/install/autoware_msgs:/home/ros/autoware.ai/install/autoware_lanelet2_msgs:${CMAKE_PREFIX_PATH} LD_LIBRARY_PATH=/home/ros/autoware.ai/install/lanelet2_extension/lib:/home/ros/autoware.ai/install/amathutils_lib/lib:${LD_LIBRARY_PATH} PKG_CONFIG_PATH=/home/ros/autoware.ai/install/lanelet2_extension/lib/x86_64-linux-gnu/pkgconfig:/home/ros/autoware.ai/install/lanelet2_extension/lib/pkgconfig:/home/ros/autoware.ai/install/amathutils_lib/lib/x86_64-linux-gnu/pkgconfig:/home/ros/autoware.ai/install/amathutils_lib/lib/pkgconfig:/home/ros/autoware.ai/install/autoware_msgs/lib/x86_64-linux-gnu/pkgconfig:/home/ros/autoware.ai/install/autoware_msgs/lib/pkgconfig:/home/ros/autoware.ai/install/autoware_lanelet2_msgs/lib/x86_64-linux-gnu/pkgconfig:/home/ros/autoware.ai/install/autoware_lanelet2_msgs/lib/pkgconfig:${PKG_CONFIG_PATH} PYTHONPATH=/home/ros/autoware.ai/install/autoware_msgs/lib/python2.7/dist-packages:/home/ros/autoware.ai/install/autoware_lanelet2_msgs/lib/python2.7/dist-packages:${PYTHONPATH} ROS_PACKAGE_PATH=/home/ros/autoware.ai/install/lanelet2_extension/share:/home/ros/autoware.ai/install/amathutils_lib/share:/home/ros/autoware.ai/install/autoware_msgs/share:/home/ros/autoware.ai/install/autoware_lanelet2_msgs/share:${ROS_PACKAGE_PATH} /usr/bin/cmake --build /home/ros/autoware.ai/build/ll2_global_planner --target tests -- -j12 -l12
[17.613s] [35m[1mScanning dependencies of target tests[0m
[17.627s] Built target tests
[17.644s] Invoked command in '/home/ros/autoware.ai/build/ll2_global_planner' returned '0': CMAKE_PREFIX_PATH=/home/ros/autoware.ai/install/lanelet2_extension:/home/ros/autoware.ai/install/amathutils_lib:/home/ros/autoware.ai/install/autoware_msgs:/home/ros/autoware.ai/install/autoware_lanelet2_msgs:${CMAKE_PREFIX_PATH} LD_LIBRARY_PATH=/home/ros/autoware.ai/install/lanelet2_extension/lib:/home/ros/autoware.ai/install/amathutils_lib/lib:${LD_LIBRARY_PATH} PKG_CONFIG_PATH=/home/ros/autoware.ai/install/lanelet2_extension/lib/x86_64-linux-gnu/pkgconfig:/home/ros/autoware.ai/install/lanelet2_extension/lib/pkgconfig:/home/ros/autoware.ai/install/amathutils_lib/lib/x86_64-linux-gnu/pkgconfig:/home/ros/autoware.ai/install/amathutils_lib/lib/pkgconfig:/home/ros/autoware.ai/install/autoware_msgs/lib/x86_64-linux-gnu/pkgconfig:/home/ros/autoware.ai/install/autoware_msgs/lib/pkgconfig:/home/ros/autoware.ai/install/autoware_lanelet2_msgs/lib/x86_64-linux-gnu/pkgconfig:/home/ros/autoware.ai/install/autoware_lanelet2_msgs/lib/pkgconfig:${PKG_CONFIG_PATH} PYTHONPATH=/home/ros/autoware.ai/install/autoware_msgs/lib/python2.7/dist-packages:/home/ros/autoware.ai/install/autoware_lanelet2_msgs/lib/python2.7/dist-packages:${PYTHONPATH} ROS_PACKAGE_PATH=/home/ros/autoware.ai/install/lanelet2_extension/share:/home/ros/autoware.ai/install/amathutils_lib/share:/home/ros/autoware.ai/install/autoware_msgs/share:/home/ros/autoware.ai/install/autoware_lanelet2_msgs/share:${ROS_PACKAGE_PATH} /usr/bin/cmake --build /home/ros/autoware.ai/build/ll2_global_planner --target tests -- -j12 -l12
[17.771s] Invoking command in '/home/ros/autoware.ai/build/ll2_global_planner': CMAKE_PREFIX_PATH=/home/ros/autoware.ai/install/lanelet2_extension:/home/ros/autoware.ai/install/amathutils_lib:/home/ros/autoware.ai/install/autoware_msgs:/home/ros/autoware.ai/install/autoware_lanelet2_msgs:${CMAKE_PREFIX_PATH} LD_LIBRARY_PATH=/home/ros/autoware.ai/install/lanelet2_extension/lib:/home/ros/autoware.ai/install/amathutils_lib/lib:${LD_LIBRARY_PATH} PKG_CONFIG_PATH=/home/ros/autoware.ai/install/lanelet2_extension/lib/x86_64-linux-gnu/pkgconfig:/home/ros/autoware.ai/install/lanelet2_extension/lib/pkgconfig:/home/ros/autoware.ai/install/amathutils_lib/lib/x86_64-linux-gnu/pkgconfig:/home/ros/autoware.ai/install/amathutils_lib/lib/pkgconfig:/home/ros/autoware.ai/install/autoware_msgs/lib/x86_64-linux-gnu/pkgconfig:/home/ros/autoware.ai/install/autoware_msgs/lib/pkgconfig:/home/ros/autoware.ai/install/autoware_lanelet2_msgs/lib/x86_64-linux-gnu/pkgconfig:/home/ros/autoware.ai/install/autoware_lanelet2_msgs/lib/pkgconfig:${PKG_CONFIG_PATH} PYTHONPATH=/home/ros/autoware.ai/install/autoware_msgs/lib/python2.7/dist-packages:/home/ros/autoware.ai/install/autoware_lanelet2_msgs/lib/python2.7/dist-packages:${PYTHONPATH} ROS_PACKAGE_PATH=/home/ros/autoware.ai/install/lanelet2_extension/share:/home/ros/autoware.ai/install/amathutils_lib/share:/home/ros/autoware.ai/install/autoware_msgs/share:/home/ros/autoware.ai/install/autoware_lanelet2_msgs/share:${ROS_PACKAGE_PATH} /usr/bin/cmake --build /home/ros/autoware.ai/build/ll2_global_planner --target install -- -j12 -l12
[17.858s] [ 50%] Built target ll2_global_planner_node
[17.905s] [100%] Built target ll2_global_planner_nodelet
[17.937s] [36mInstall the project...[0m
[17.950s] -- Install configuration: "Release"
[17.950s] -- Installing: /home/ros/autoware.ai/install/ll2_global_planner/lib/pkgconfig/ll2_global_planner.pc
[17.951s] -- Installing: /home/ros/autoware.ai/install/ll2_global_planner/share/ll2_global_planner/cmake/ll2_global_plannerConfig.cmake
[17.951s] -- Installing: /home/ros/autoware.ai/install/ll2_global_planner/share/ll2_global_planner/cmake/ll2_global_plannerConfig-version.cmake
[17.951s] -- Installing: /home/ros/autoware.ai/install/ll2_global_planner/share/ll2_global_planner/package.xml
[17.952s] -- Installing: /home/ros/autoware.ai/install/ll2_global_planner/lib/ll2_global_planner/ll2_global_planner_node
[17.953s] -- Set runtime path of "/home/ros/autoware.ai/install/ll2_global_planner/lib/ll2_global_planner/ll2_global_planner_node" to ""
[17.953s] -- Installing: /home/ros/autoware.ai/install/ll2_global_planner/lib/libll2_global_planner_nodelet.so
[17.954s] -- Set runtime path of "/home/ros/autoware.ai/install/ll2_global_planner/lib/libll2_global_planner_nodelet.so" to ""
[17.954s] -- Installing: /home/ros/autoware.ai/install/ll2_global_planner/share/ll2_global_planner/launch
[17.955s] -- Installing: /home/ros/autoware.ai/install/ll2_global_planner/share/ll2_global_planner/launch/ll2_global_planner_node.launch
[17.955s] -- Installing: /home/ros/autoware.ai/install/ll2_global_planner/share/ll2_global_planner/config
[17.955s] -- Installing: /home/ros/autoware.ai/install/ll2_global_planner/share/ll2_global_planner/config/params.yaml
[17.956s] -- Installing: /home/ros/autoware.ai/install/ll2_global_planner/share/ll2_global_planner/nodelets.xml
[17.963s] Invoked command in '/home/ros/autoware.ai/build/ll2_global_planner' returned '0': CMAKE_PREFIX_PATH=/home/ros/autoware.ai/install/lanelet2_extension:/home/ros/autoware.ai/install/amathutils_lib:/home/ros/autoware.ai/install/autoware_msgs:/home/ros/autoware.ai/install/autoware_lanelet2_msgs:${CMAKE_PREFIX_PATH} LD_LIBRARY_PATH=/home/ros/autoware.ai/install/lanelet2_extension/lib:/home/ros/autoware.ai/install/amathutils_lib/lib:${LD_LIBRARY_PATH} PKG_CONFIG_PATH=/home/ros/autoware.ai/install/lanelet2_extension/lib/x86_64-linux-gnu/pkgconfig:/home/ros/autoware.ai/install/lanelet2_extension/lib/pkgconfig:/home/ros/autoware.ai/install/amathutils_lib/lib/x86_64-linux-gnu/pkgconfig:/home/ros/autoware.ai/install/amathutils_lib/lib/pkgconfig:/home/ros/autoware.ai/install/autoware_msgs/lib/x86_64-linux-gnu/pkgconfig:/home/ros/autoware.ai/install/autoware_msgs/lib/pkgconfig:/home/ros/autoware.ai/install/autoware_lanelet2_msgs/lib/x86_64-linux-gnu/pkgconfig:/home/ros/autoware.ai/install/autoware_lanelet2_msgs/lib/pkgconfig:${PKG_CONFIG_PATH} PYTHONPATH=/home/ros/autoware.ai/install/autoware_msgs/lib/python2.7/dist-packages:/home/ros/autoware.ai/install/autoware_lanelet2_msgs/lib/python2.7/dist-packages:${PYTHONPATH} ROS_PACKAGE_PATH=/home/ros/autoware.ai/install/lanelet2_extension/share:/home/ros/autoware.ai/install/amathutils_lib/share:/home/ros/autoware.ai/install/autoware_msgs/share:/home/ros/autoware.ai/install/autoware_lanelet2_msgs/share:${ROS_PACKAGE_PATH} /usr/bin/cmake --build /home/ros/autoware.ai/build/ll2_global_planner --target install -- -j12 -l12
