-- The C compiler identification is GNU 7.5.0
-- The CXX compiler identification is GNU 7.5.0
-- Check for working C compiler: /usr/bin/cc
-- Check for working C compiler: /usr/bin/cc -- works
-- Detecting C compiler ABI info
-- Detecting C compiler ABI info - done
-- Detecting C compile features
-- Detecting C compile features - done
-- Check for working CXX compiler: /usr/bin/c++
-- Check for working CXX compiler: /usr/bin/c++ -- works
-- Detecting CXX compiler ABI info
-- Detecting CXX compiler ABI info - done
-- Detecting CXX compile features
-- Detecting CXX compile features - done
-- CUDA compilation status: .
-- Using CATKIN_DEVEL_PREFIX: /home/ros/autoware.ai/build/vehicle_sim_model/devel
-- Using CMAKE_PREFIX_PATH: /home/ros/autoware.ai/install/autoware_build_flags;/opt/ros/melodic
-- This workspace overlays: /home/ros/autoware.ai/install/autoware_build_flags;/opt/ros/melodic
-- Found PythonInterp: /usr/bin/python2 (found suitable version "2.7.17", minimum required is "2") 
-- Using PYTHON_EXECUTABLE: /usr/bin/python2
-- Using Debian Python package layout
-- Using empy: /usr/bin/empy
-- Using CATKIN_ENABLE_TESTING: ON
-- Call enable_testing()
-- Using CATKIN_TEST_RESULTS_DIR: /home/ros/autoware.ai/build/vehicle_sim_model/test_results
-- Found gtest sources under '/usr/src/googletest': gtests will be built
-- Found gmock sources under '/usr/src/googletest': gmock will be built
-- Found PythonInterp: /usr/bin/python2 (found version "2.7.17") 
-- Looking for pthread.h
-- Looking for pthread.h - found
-- Looking for pthread_create
-- Looking for pthread_create - not found
-- Looking for pthread_create in pthreads
-- Looking for pthread_create in pthreads - not found
-- Looking for pthread_create in pthread
-- Looking for pthread_create in pthread - found
-- Found Threads: TRUE  
-- Using Python nosetests: /usr/bin/nosetests-2.7
-- catkin 0.7.29
-- BUILD_SHARED_LIBS is on
-- Configuring done
-- Generating done
-- Build files have been written to: /home/ros/autoware.ai/build/vehicle_sim_model
[35m[1mScanning dependencies of target _catkin_empty_exported_target[0m
[  0%] Built target _catkin_empty_exported_target
[35m[1mScanning dependencies of target vehicle_sim_model[0m
[ 20%] [32mBuilding CXX object CMakeFiles/vehicle_sim_model.dir/src/vehicle_model_ideal.cpp.o[0m
[ 40%] [32mBuilding CXX object CMakeFiles/vehicle_sim_model.dir/src/vehicle_model_interface.cpp.o[0m
[ 60%] [32mBuilding CXX object CMakeFiles/vehicle_sim_model.dir/src/vehicle_model_constant_acceleration.cpp.o[0m
[ 80%] [32mBuilding CXX object CMakeFiles/vehicle_sim_model.dir/src/vehicle_model_time_delay.cpp.o[0m
[100%] [32m[1mLinking CXX shared library devel/lib/libvehicle_sim_model.so[0m
[100%] Built target vehicle_sim_model
[35m[1mScanning dependencies of target gtest[0m
[  0%] Built target _catkin_empty_exported_target
[ 11%] [32mBuilding CXX object gtest/googlemock/gtest/CMakeFiles/gtest.dir/src/gtest-all.cc.o[0m
[ 66%] Built target vehicle_sim_model
[ 77%] [32m[1mLinking CXX shared library libgtest.so[0m
[ 77%] Built target gtest
[35m[1mScanning dependencies of target test-vehicle_sim_model[0m
[ 88%] [32mBuilding CXX object CMakeFiles/test-vehicle_sim_model.dir/test/src/test_vehicle_sim_model.cpp.o[0m
[100%] [32m[1mLinking CXX executable devel/lib/vehicle_sim_model/test-vehicle_sim_model[0m
[100%] Built target test-vehicle_sim_model
[35m[1mScanning dependencies of target tests[0m
[100%] Built target tests
[  0%] Built target _catkin_empty_exported_target
[100%] Built target vehicle_sim_model
[36mInstall the project...[0m
-- Install configuration: "Release"
-- Installing: /home/ros/autoware.ai/install/vehicle_sim_model/lib/pkgconfig/vehicle_sim_model.pc
-- Installing: /home/ros/autoware.ai/install/vehicle_sim_model/share/vehicle_sim_model/cmake/vehicle_sim_modelConfig.cmake
-- Installing: /home/ros/autoware.ai/install/vehicle_sim_model/share/vehicle_sim_model/cmake/vehicle_sim_modelConfig-version.cmake
-- Installing: /home/ros/autoware.ai/install/vehicle_sim_model/share/vehicle_sim_model/package.xml
-- Installing: /home/ros/autoware.ai/install/vehicle_sim_model/lib/libvehicle_sim_model.so
-- Installing: /home/ros/autoware.ai/install/vehicle_sim_model/include/vehicle_sim_model
-- Installing: /home/ros/autoware.ai/install/vehicle_sim_model/include/vehicle_sim_model/vehicle_model_ideal.h
-- Installing: /home/ros/autoware.ai/install/vehicle_sim_model/include/vehicle_sim_model/vehicle_model_interface.h
-- Installing: /home/ros/autoware.ai/install/vehicle_sim_model/include/vehicle_sim_model/vehicle_model_constant_acceleration.h
-- Installing: /home/ros/autoware.ai/install/vehicle_sim_model/include/vehicle_sim_model/vehicle_model_time_delay.h
-- Installing: /home/ros/autoware.ai/install/vehicle_sim_model/lib/vehicle_sim_model/fitParamDelayInputModel.py
