[0.041s] Invoking command in '/home/ros/autoware.ai/build/waypoint_maker': CMAKE_PREFIX_PATH=/home/ros/autoware.ai/install/lane_planner:/home/ros/autoware.ai/install/libwaypoint_follower:/home/ros/autoware.ai/install/lanelet2_extension:/home/ros/autoware.ai/install/vector_map:/home/ros/autoware.ai/install/amathutils_lib:/home/ros/autoware.ai/install/vector_map_msgs:/home/ros/autoware.ai/install/tablet_socket_msgs:/home/ros/autoware.ai/install/gnss:/home/ros/autoware.ai/install/autoware_msgs:/home/ros/autoware.ai/install/autoware_lanelet2_msgs:/home/ros/autoware.ai/install/autoware_config_msgs:/home/ros/autoware.ai/install/autoware_build_flags:${CMAKE_PREFIX_PATH} LD_LIBRARY_PATH=/home/ros/autoware.ai/install/lane_planner/lib:/home/ros/autoware.ai/install/libwaypoint_follower/lib:/home/ros/autoware.ai/install/lanelet2_extension/lib:/home/ros/autoware.ai/install/vector_map/lib:/home/ros/autoware.ai/install/amathutils_lib/lib:/home/ros/autoware.ai/install/gnss/lib:${LD_LIBRARY_PATH} PKG_CONFIG_PATH=/home/ros/autoware.ai/install/lane_planner/lib/x86_64-linux-gnu/pkgconfig:/home/ros/autoware.ai/install/lane_planner/lib/pkgconfig:/home/ros/autoware.ai/install/libwaypoint_follower/lib/x86_64-linux-gnu/pkgconfig:/home/ros/autoware.ai/install/libwaypoint_follower/lib/pkgconfig:/home/ros/autoware.ai/install/lanelet2_extension/lib/x86_64-linux-gnu/pkgconfig:/home/ros/autoware.ai/install/lanelet2_extension/lib/pkgconfig:/home/ros/autoware.ai/install/vector_map/lib/x86_64-linux-gnu/pkgconfig:/home/ros/autoware.ai/install/vector_map/lib/pkgconfig:/home/ros/autoware.ai/install/amathutils_lib/lib/x86_64-linux-gnu/pkgconfig:/home/ros/autoware.ai/install/amathutils_lib/lib/pkgconfig:/home/ros/autoware.ai/install/vector_map_msgs/lib/x86_64-linux-gnu/pkgconfig:/home/ros/autoware.ai/install/vector_map_msgs/lib/pkgconfig:/home/ros/autoware.ai/install/tablet_socket_msgs/lib/x86_64-linux-gnu/pkgconfig:/home/ros/autoware.ai/install/tablet_socket_msgs/lib/pkgconfig:/home/ros/autoware.ai/install/gnss/lib/x86_64-linux-gnu/pkgconfig:/home/ros/autoware.ai/install/gnss/lib/pkgconfig:/home/ros/autoware.ai/install/autoware_msgs/lib/x86_64-linux-gnu/pkgconfig:/home/ros/autoware.ai/install/autoware_msgs/lib/pkgconfig:/home/ros/autoware.ai/install/autoware_lanelet2_msgs/lib/x86_64-linux-gnu/pkgconfig:/home/ros/autoware.ai/install/autoware_lanelet2_msgs/lib/pkgconfig:/home/ros/autoware.ai/install/autoware_config_msgs/lib/x86_64-linux-gnu/pkgconfig:/home/ros/autoware.ai/install/autoware_config_msgs/lib/pkgconfig:/home/ros/autoware.ai/install/autoware_build_flags/lib/x86_64-linux-gnu/pkgconfig:/home/ros/autoware.ai/install/autoware_build_flags/lib/pkgconfig:${PKG_CONFIG_PATH} PYTHONPATH=/home/ros/autoware.ai/install/vector_map_msgs/lib/python2.7/dist-packages:/home/ros/autoware.ai/install/tablet_socket_msgs/lib/python2.7/dist-packages:/home/ros/autoware.ai/install/autoware_msgs/lib/python2.7/dist-packages:/home/ros/autoware.ai/install/autoware_lanelet2_msgs/lib/python2.7/dist-packages:/home/ros/autoware.ai/install/autoware_config_msgs/lib/python2.7/dist-packages:${PYTHONPATH} ROS_PACKAGE_PATH=/home/ros/autoware.ai/install/lane_planner/share:/home/ros/autoware.ai/install/libwaypoint_follower/share:/home/ros/autoware.ai/install/lanelet2_extension/share:/home/ros/autoware.ai/install/vector_map/share:/home/ros/autoware.ai/install/amathutils_lib/share:/home/ros/autoware.ai/install/vector_map_msgs/share:/home/ros/autoware.ai/install/tablet_socket_msgs/share:/home/ros/autoware.ai/install/gnss/share:/home/ros/autoware.ai/install/autoware_msgs/share:/home/ros/autoware.ai/install/autoware_lanelet2_msgs/share:/home/ros/autoware.ai/install/autoware_config_msgs/share:/home/ros/autoware.ai/install/autoware_build_flags/share:${ROS_PACKAGE_PATH} /usr/bin/cmake /home/ros/autoware.ai/src/autoware/core_planning/waypoint_maker -DCMAKE_BUILD_TYPE=Release -DCATKIN_INSTALL_INTO_PREFIX_ROOT=0 -DCMAKE_INSTALL_PREFIX=/home/ros/autoware.ai/install/waypoint_maker
[0.114s] -- The C compiler identification is GNU 7.5.0
[0.184s] -- The CXX compiler identification is GNU 7.5.0
[0.190s] -- Check for working C compiler: /usr/bin/cc
[0.267s] -- Check for working C compiler: /usr/bin/cc -- works
[0.268s] -- Detecting C compiler ABI info
[0.346s] -- Detecting C compiler ABI info - done
[0.358s] -- Detecting C compile features
[0.611s] -- Detecting C compile features - done
[0.616s] -- Check for working CXX compiler: /usr/bin/c++
[0.710s] -- Check for working CXX compiler: /usr/bin/c++ -- works
[0.711s] -- Detecting CXX compiler ABI info
[0.813s] -- Detecting CXX compiler ABI info - done
[0.825s] -- Detecting CXX compile features
[1.281s] -- Detecting CXX compile features - done
[1.284s] -- CUDA compilation status: .
[1.287s] -- Using CATKIN_DEVEL_PREFIX: /home/ros/autoware.ai/build/waypoint_maker/devel
[1.287s] -- Using CMAKE_PREFIX_PATH: /home/ros/autoware.ai/install/lane_planner;/home/ros/autoware.ai/install/libwaypoint_follower;/home/ros/autoware.ai/install/lanelet2_extension;/home/ros/autoware.ai/install/vector_map;/home/ros/autoware.ai/install/amathutils_lib;/home/ros/autoware.ai/install/vector_map_msgs;/home/ros/autoware.ai/install/tablet_socket_msgs;/home/ros/autoware.ai/install/gnss;/home/ros/autoware.ai/install/autoware_msgs;/home/ros/autoware.ai/install/autoware_lanelet2_msgs;/home/ros/autoware.ai/install/autoware_config_msgs;/home/ros/autoware.ai/install/autoware_build_flags;/opt/ros/melodic
[1.289s] -- This workspace overlays: /home/ros/autoware.ai/install/lane_planner;/home/ros/autoware.ai/install/libwaypoint_follower;/home/ros/autoware.ai/install/lanelet2_extension;/home/ros/autoware.ai/install/vector_map;/home/ros/autoware.ai/install/amathutils_lib;/home/ros/autoware.ai/install/vector_map_msgs;/home/ros/autoware.ai/install/tablet_socket_msgs;/home/ros/autoware.ai/install/gnss;/home/ros/autoware.ai/install/autoware_msgs;/home/ros/autoware.ai/install/autoware_lanelet2_msgs;/home/ros/autoware.ai/install/autoware_config_msgs;/home/ros/autoware.ai/install/autoware_build_flags;/opt/ros/melodic
[1.309s] -- Found PythonInterp: /usr/bin/python2 (found suitable version "2.7.17", minimum required is "2") 
[1.309s] -- Using PYTHON_EXECUTABLE: /usr/bin/python2
[1.309s] -- Using Debian Python package layout
[1.310s] -- Using empy: /usr/bin/empy
[1.529s] -- Using CATKIN_ENABLE_TESTING: ON
[1.529s] -- Call enable_testing()
[1.532s] -- Using CATKIN_TEST_RESULTS_DIR: /home/ros/autoware.ai/build/waypoint_maker/test_results
[1.560s] -- Found gtest sources under '/usr/src/googletest': gtests will be built
[1.560s] -- Found gmock sources under '/usr/src/googletest': gmock will be built
[1.578s] -- Found PythonInterp: /usr/bin/python2 (found version "2.7.17") 
[1.580s] -- Looking for pthread.h
[1.672s] -- Looking for pthread.h - found
[1.673s] -- Looking for pthread_create
[1.766s] -- Looking for pthread_create - not found
[1.767s] -- Looking for pthread_create in pthreads
[1.840s] -- Looking for pthread_create in pthreads - not found
[1.841s] -- Looking for pthread_create in pthread
[1.927s] -- Looking for pthread_create in pthread - found
[1.929s] -- Found Threads: TRUE  
[1.935s] -- Using Python nosetests: /usr/bin/nosetests-2.7
[1.994s] -- catkin 0.7.29
[1.994s] -- BUILD_SHARED_LIBS is on
[2.213s] -- Using these message generators: gencpp;geneus;genlisp;gennodejs;genpy
[2.658s] -- Boost version: 1.65.1
[2.846s] -- Configuring done
[2.943s] -- Generating done
[2.962s] -- Build files have been written to: /home/ros/autoware.ai/build/waypoint_maker
[2.973s] Invoked command in '/home/ros/autoware.ai/build/waypoint_maker' returned '0': CMAKE_PREFIX_PATH=/home/ros/autoware.ai/install/lane_planner:/home/ros/autoware.ai/install/libwaypoint_follower:/home/ros/autoware.ai/install/lanelet2_extension:/home/ros/autoware.ai/install/vector_map:/home/ros/autoware.ai/install/amathutils_lib:/home/ros/autoware.ai/install/vector_map_msgs:/home/ros/autoware.ai/install/tablet_socket_msgs:/home/ros/autoware.ai/install/gnss:/home/ros/autoware.ai/install/autoware_msgs:/home/ros/autoware.ai/install/autoware_lanelet2_msgs:/home/ros/autoware.ai/install/autoware_config_msgs:/home/ros/autoware.ai/install/autoware_build_flags:${CMAKE_PREFIX_PATH} LD_LIBRARY_PATH=/home/ros/autoware.ai/install/lane_planner/lib:/home/ros/autoware.ai/install/libwaypoint_follower/lib:/home/ros/autoware.ai/install/lanelet2_extension/lib:/home/ros/autoware.ai/install/vector_map/lib:/home/ros/autoware.ai/install/amathutils_lib/lib:/home/ros/autoware.ai/install/gnss/lib:${LD_LIBRARY_PATH} PKG_CONFIG_PATH=/home/ros/autoware.ai/install/lane_planner/lib/x86_64-linux-gnu/pkgconfig:/home/ros/autoware.ai/install/lane_planner/lib/pkgconfig:/home/ros/autoware.ai/install/libwaypoint_follower/lib/x86_64-linux-gnu/pkgconfig:/home/ros/autoware.ai/install/libwaypoint_follower/lib/pkgconfig:/home/ros/autoware.ai/install/lanelet2_extension/lib/x86_64-linux-gnu/pkgconfig:/home/ros/autoware.ai/install/lanelet2_extension/lib/pkgconfig:/home/ros/autoware.ai/install/vector_map/lib/x86_64-linux-gnu/pkgconfig:/home/ros/autoware.ai/install/vector_map/lib/pkgconfig:/home/ros/autoware.ai/install/amathutils_lib/lib/x86_64-linux-gnu/pkgconfig:/home/ros/autoware.ai/install/amathutils_lib/lib/pkgconfig:/home/ros/autoware.ai/install/vector_map_msgs/lib/x86_64-linux-gnu/pkgconfig:/home/ros/autoware.ai/install/vector_map_msgs/lib/pkgconfig:/home/ros/autoware.ai/install/tablet_socket_msgs/lib/x86_64-linux-gnu/pkgconfig:/home/ros/autoware.ai/install/tablet_socket_msgs/lib/pkgconfig:/home/ros/autoware.ai/install/gnss/lib/x86_64-linux-gnu/pkgconfig:/home/ros/autoware.ai/install/gnss/lib/pkgconfig:/home/ros/autoware.ai/install/autoware_msgs/lib/x86_64-linux-gnu/pkgconfig:/home/ros/autoware.ai/install/autoware_msgs/lib/pkgconfig:/home/ros/autoware.ai/install/autoware_lanelet2_msgs/lib/x86_64-linux-gnu/pkgconfig:/home/ros/autoware.ai/install/autoware_lanelet2_msgs/lib/pkgconfig:/home/ros/autoware.ai/install/autoware_config_msgs/lib/x86_64-linux-gnu/pkgconfig:/home/ros/autoware.ai/install/autoware_config_msgs/lib/pkgconfig:/home/ros/autoware.ai/install/autoware_build_flags/lib/x86_64-linux-gnu/pkgconfig:/home/ros/autoware.ai/install/autoware_build_flags/lib/pkgconfig:${PKG_CONFIG_PATH} PYTHONPATH=/home/ros/autoware.ai/install/vector_map_msgs/lib/python2.7/dist-packages:/home/ros/autoware.ai/install/tablet_socket_msgs/lib/python2.7/dist-packages:/home/ros/autoware.ai/install/autoware_msgs/lib/python2.7/dist-packages:/home/ros/autoware.ai/install/autoware_lanelet2_msgs/lib/python2.7/dist-packages:/home/ros/autoware.ai/install/autoware_config_msgs/lib/python2.7/dist-packages:${PYTHONPATH} ROS_PACKAGE_PATH=/home/ros/autoware.ai/install/lane_planner/share:/home/ros/autoware.ai/install/libwaypoint_follower/share:/home/ros/autoware.ai/install/lanelet2_extension/share:/home/ros/autoware.ai/install/vector_map/share:/home/ros/autoware.ai/install/amathutils_lib/share:/home/ros/autoware.ai/install/vector_map_msgs/share:/home/ros/autoware.ai/install/tablet_socket_msgs/share:/home/ros/autoware.ai/install/gnss/share:/home/ros/autoware.ai/install/autoware_msgs/share:/home/ros/autoware.ai/install/autoware_lanelet2_msgs/share:/home/ros/autoware.ai/install/autoware_config_msgs/share:/home/ros/autoware.ai/install/autoware_build_flags/share:${ROS_PACKAGE_PATH} /usr/bin/cmake /home/ros/autoware.ai/src/autoware/core_planning/waypoint_maker -DCMAKE_BUILD_TYPE=Release -DCATKIN_INSTALL_INTO_PREFIX_ROOT=0 -DCMAKE_INSTALL_PREFIX=/home/ros/autoware.ai/install/waypoint_maker
[2.974s] Invoking command in '/home/ros/autoware.ai/build/waypoint_maker': CMAKE_PREFIX_PATH=/home/ros/autoware.ai/install/lane_planner:/home/ros/autoware.ai/install/libwaypoint_follower:/home/ros/autoware.ai/install/lanelet2_extension:/home/ros/autoware.ai/install/vector_map:/home/ros/autoware.ai/install/amathutils_lib:/home/ros/autoware.ai/install/vector_map_msgs:/home/ros/autoware.ai/install/tablet_socket_msgs:/home/ros/autoware.ai/install/gnss:/home/ros/autoware.ai/install/autoware_msgs:/home/ros/autoware.ai/install/autoware_lanelet2_msgs:/home/ros/autoware.ai/install/autoware_config_msgs:/home/ros/autoware.ai/install/autoware_build_flags:${CMAKE_PREFIX_PATH} LD_LIBRARY_PATH=/home/ros/autoware.ai/install/lane_planner/lib:/home/ros/autoware.ai/install/libwaypoint_follower/lib:/home/ros/autoware.ai/install/lanelet2_extension/lib:/home/ros/autoware.ai/install/vector_map/lib:/home/ros/autoware.ai/install/amathutils_lib/lib:/home/ros/autoware.ai/install/gnss/lib:${LD_LIBRARY_PATH} PKG_CONFIG_PATH=/home/ros/autoware.ai/install/lane_planner/lib/x86_64-linux-gnu/pkgconfig:/home/ros/autoware.ai/install/lane_planner/lib/pkgconfig:/home/ros/autoware.ai/install/libwaypoint_follower/lib/x86_64-linux-gnu/pkgconfig:/home/ros/autoware.ai/install/libwaypoint_follower/lib/pkgconfig:/home/ros/autoware.ai/install/lanelet2_extension/lib/x86_64-linux-gnu/pkgconfig:/home/ros/autoware.ai/install/lanelet2_extension/lib/pkgconfig:/home/ros/autoware.ai/install/vector_map/lib/x86_64-linux-gnu/pkgconfig:/home/ros/autoware.ai/install/vector_map/lib/pkgconfig:/home/ros/autoware.ai/install/amathutils_lib/lib/x86_64-linux-gnu/pkgconfig:/home/ros/autoware.ai/install/amathutils_lib/lib/pkgconfig:/home/ros/autoware.ai/install/vector_map_msgs/lib/x86_64-linux-gnu/pkgconfig:/home/ros/autoware.ai/install/vector_map_msgs/lib/pkgconfig:/home/ros/autoware.ai/install/tablet_socket_msgs/lib/x86_64-linux-gnu/pkgconfig:/home/ros/autoware.ai/install/tablet_socket_msgs/lib/pkgconfig:/home/ros/autoware.ai/install/gnss/lib/x86_64-linux-gnu/pkgconfig:/home/ros/autoware.ai/install/gnss/lib/pkgconfig:/home/ros/autoware.ai/install/autoware_msgs/lib/x86_64-linux-gnu/pkgconfig:/home/ros/autoware.ai/install/autoware_msgs/lib/pkgconfig:/home/ros/autoware.ai/install/autoware_lanelet2_msgs/lib/x86_64-linux-gnu/pkgconfig:/home/ros/autoware.ai/install/autoware_lanelet2_msgs/lib/pkgconfig:/home/ros/autoware.ai/install/autoware_config_msgs/lib/x86_64-linux-gnu/pkgconfig:/home/ros/autoware.ai/install/autoware_config_msgs/lib/pkgconfig:/home/ros/autoware.ai/install/autoware_build_flags/lib/x86_64-linux-gnu/pkgconfig:/home/ros/autoware.ai/install/autoware_build_flags/lib/pkgconfig:${PKG_CONFIG_PATH} PYTHONPATH=/home/ros/autoware.ai/install/vector_map_msgs/lib/python2.7/dist-packages:/home/ros/autoware.ai/install/tablet_socket_msgs/lib/python2.7/dist-packages:/home/ros/autoware.ai/install/autoware_msgs/lib/python2.7/dist-packages:/home/ros/autoware.ai/install/autoware_lanelet2_msgs/lib/python2.7/dist-packages:/home/ros/autoware.ai/install/autoware_config_msgs/lib/python2.7/dist-packages:${PYTHONPATH} ROS_PACKAGE_PATH=/home/ros/autoware.ai/install/lane_planner/share:/home/ros/autoware.ai/install/libwaypoint_follower/share:/home/ros/autoware.ai/install/lanelet2_extension/share:/home/ros/autoware.ai/install/vector_map/share:/home/ros/autoware.ai/install/amathutils_lib/share:/home/ros/autoware.ai/install/vector_map_msgs/share:/home/ros/autoware.ai/install/tablet_socket_msgs/share:/home/ros/autoware.ai/install/gnss/share:/home/ros/autoware.ai/install/autoware_msgs/share:/home/ros/autoware.ai/install/autoware_lanelet2_msgs/share:/home/ros/autoware.ai/install/autoware_config_msgs/share:/home/ros/autoware.ai/install/autoware_build_flags/share:${ROS_PACKAGE_PATH} /usr/bin/cmake --build /home/ros/autoware.ai/build/waypoint_maker -- -j12 -l12
[3.043s] [35m[1mScanning dependencies of target rosgraph_msgs_generate_messages_nodejs[0m
[3.062s] [  0%] Built target rosgraph_msgs_generate_messages_nodejs
[3.076s] [35m[1mScanning dependencies of target actionlib_generate_messages_nodejs[0m
[3.094s] [  0%] Built target actionlib_generate_messages_nodejs
[3.108s] [35m[1mScanning dependencies of target visualization_msgs_generate_messages_cpp[0m
[3.124s] [  0%] Built target visualization_msgs_generate_messages_cpp
[3.138s] [35m[1mScanning dependencies of target tablet_socket_msgs_generate_messages_eus[0m
[3.157s] [  0%] Built target tablet_socket_msgs_generate_messages_eus
[3.173s] [35m[1mScanning dependencies of target nav_msgs_generate_messages_eus[0m
[3.200s] [  0%] Built target nav_msgs_generate_messages_eus
[3.213s] [35m[1mScanning dependencies of target tf2_msgs_generate_messages_eus[0m
[3.229s] [  0%] Built target tf2_msgs_generate_messages_eus
[3.244s] [35m[1mScanning dependencies of target nav_msgs_generate_messages_py[0m
[3.257s] [  0%] Built target nav_msgs_generate_messages_py
[3.269s] [35m[1mScanning dependencies of target tf2_msgs_generate_messages_lisp[0m
[3.283s] [  0%] Built target tf2_msgs_generate_messages_lisp
[3.296s] [35m[1mScanning dependencies of target actionlib_generate_messages_py[0m
[3.313s] [  0%] Built target actionlib_generate_messages_py
[3.329s] [35m[1mScanning dependencies of target tf2_msgs_generate_messages_py[0m
[3.343s] [  0%] Built target tf2_msgs_generate_messages_py
[3.357s] [35m[1mScanning dependencies of target tf2_msgs_generate_messages_nodejs[0m
[3.370s] [  0%] Built target tf2_msgs_generate_messages_nodejs
[3.383s] [35m[1mScanning dependencies of target tablet_socket_msgs_generate_messages_cpp[0m
[3.396s] [  0%] Built target tablet_socket_msgs_generate_messages_cpp
[3.409s] [35m[1mScanning dependencies of target autoware_config_msgs_generate_messages_lisp[0m
[3.424s] [  0%] Built target autoware_config_msgs_generate_messages_lisp
[3.439s] [35m[1mScanning dependencies of target sensor_msgs_generate_messages_lisp[0m
[3.453s] [  0%] Built target sensor_msgs_generate_messages_lisp
[3.467s] [35m[1mScanning dependencies of target nav_msgs_generate_messages_cpp[0m
[3.483s] [  0%] Built target nav_msgs_generate_messages_cpp
[3.497s] [35m[1mScanning dependencies of target vector_map_msgs_generate_messages_py[0m
[3.512s] [  0%] Built target vector_map_msgs_generate_messages_py
[3.527s] [35m[1mScanning dependencies of target vector_map_msgs_generate_messages_nodejs[0m
[3.542s] [  0%] Built target vector_map_msgs_generate_messages_nodejs
[3.556s] [35m[1mScanning dependencies of target vector_map_msgs_generate_messages_lisp[0m
[3.571s] [  0%] Built target vector_map_msgs_generate_messages_lisp
[3.586s] [35m[1mScanning dependencies of target vector_map_msgs_generate_messages_eus[0m
[3.601s] [  0%] Built target vector_map_msgs_generate_messages_eus
[3.618s] [35m[1mScanning dependencies of target vector_map_msgs_generate_messages_cpp[0m
[3.634s] [  0%] Built target vector_map_msgs_generate_messages_cpp
[3.649s] [35m[1mScanning dependencies of target visualization_msgs_generate_messages_py[0m
[3.664s] [  0%] Built target visualization_msgs_generate_messages_py
[3.681s] [35m[1mScanning dependencies of target visualization_msgs_generate_messages_eus[0m
[3.693s] [  0%] Built target visualization_msgs_generate_messages_eus
[3.714s] [35m[1mScanning dependencies of target visualization_msgs_generate_messages_nodejs[0m
[3.722s] [  0%] Built target visualization_msgs_generate_messages_nodejs
[3.737s] [35m[1mScanning dependencies of target tablet_socket_msgs_generate_messages_lisp[0m
[3.751s] [  0%] Built target tablet_socket_msgs_generate_messages_lisp
[3.766s] [35m[1mScanning dependencies of target nav_msgs_generate_messages_nodejs[0m
[3.786s] [  0%] Built target nav_msgs_generate_messages_nodejs
[3.794s] [35m[1mScanning dependencies of target geometry_msgs_generate_messages_py[0m
[3.815s] [  0%] Built target geometry_msgs_generate_messages_py
[3.841s] [35m[1mScanning dependencies of target sensor_msgs_generate_messages_nodejs[0m
[3.858s] [  0%] Built target sensor_msgs_generate_messages_nodejs
[3.871s] [35m[1mScanning dependencies of target roscpp_generate_messages_cpp[0m
[3.886s] [  0%] Built target roscpp_generate_messages_cpp
[3.901s] [35m[1mScanning dependencies of target actionlib_generate_messages_cpp[0m
[3.923s] [  0%] Built target actionlib_generate_messages_cpp
[3.932s] [35m[1mScanning dependencies of target pcl_msgs_generate_messages_eus[0m
[3.946s] [  0%] Built target pcl_msgs_generate_messages_eus
[3.960s] [35m[1mScanning dependencies of target rosgraph_msgs_generate_messages_eus[0m
[3.975s] [  0%] Built target rosgraph_msgs_generate_messages_eus
[3.989s] [35m[1mScanning dependencies of target jsk_recognition_msgs_generate_messages_lisp[0m
[4.003s] [  0%] Built target jsk_recognition_msgs_generate_messages_lisp
[4.019s] [35m[1mScanning dependencies of target jsk_recognition_msgs_generate_messages_eus[0m
[4.036s] [  0%] Built target jsk_recognition_msgs_generate_messages_eus
[4.050s] [35m[1mScanning dependencies of target tf2_msgs_generate_messages_cpp[0m
[4.065s] [  0%] Built target tf2_msgs_generate_messages_cpp
[4.080s] [35m[1mScanning dependencies of target std_msgs_generate_messages_py[0m
[4.095s] [  0%] Built target std_msgs_generate_messages_py
[4.110s] [35m[1mScanning dependencies of target autoware_msgs_generate_messages_py[0m
[4.126s] [  0%] Built target autoware_msgs_generate_messages_py
[4.142s] [35m[1mScanning dependencies of target std_msgs_generate_messages_nodejs[0m
[4.157s] [  0%] Built target std_msgs_generate_messages_nodejs
[4.172s] [35m[1mScanning dependencies of target sensor_msgs_generate_messages_eus[0m
[4.187s] [  0%] Built target sensor_msgs_generate_messages_eus
[4.203s] [35m[1mScanning dependencies of target _catkin_empty_exported_target[0m
[4.217s] [  0%] Built target _catkin_empty_exported_target
[4.236s] [35m[1mScanning dependencies of target sensor_msgs_generate_messages_cpp[0m
[4.251s] [  0%] Built target sensor_msgs_generate_messages_cpp
[4.264s] [35m[1mScanning dependencies of target autoware_msgs_generate_messages_cpp[0m
[4.279s] [  0%] Built target autoware_msgs_generate_messages_cpp
[4.294s] [35m[1mScanning dependencies of target rosgraph_msgs_generate_messages_cpp[0m
[4.308s] [  0%] Built target rosgraph_msgs_generate_messages_cpp
[4.322s] [35m[1mScanning dependencies of target nav_msgs_generate_messages_lisp[0m
[4.338s] [  0%] Built target nav_msgs_generate_messages_lisp
[4.351s] [35m[1mScanning dependencies of target pcl_msgs_generate_messages_nodejs[0m
[4.372s] [  0%] Built target pcl_msgs_generate_messages_nodejs
[4.388s] [35m[1mScanning dependencies of target jsk_recognition_msgs_generate_messages_py[0m
[4.405s] [  0%] Built target jsk_recognition_msgs_generate_messages_py
[4.419s] [35m[1mScanning dependencies of target sensor_msgs_generate_messages_py[0m
[4.436s] [  0%] Built target sensor_msgs_generate_messages_py
[4.450s] [35m[1mScanning dependencies of target tablet_socket_msgs_generate_messages_nodejs[0m
[4.463s] [  0%] Built target tablet_socket_msgs_generate_messages_nodejs
[4.477s] [35m[1mScanning dependencies of target tf_generate_messages_py[0m
[4.491s] [  0%] Built target tf_generate_messages_py
[4.506s] [35m[1mScanning dependencies of target std_msgs_generate_messages_cpp[0m
[4.520s] [  0%] Built target std_msgs_generate_messages_cpp
[4.535s] [35m[1mScanning dependencies of target tablet_socket_msgs_generate_messages_py[0m
[4.549s] [  0%] Built target tablet_socket_msgs_generate_messages_py
[4.563s] [35m[1mScanning dependencies of target jsk_footstep_msgs_generate_messages_py[0m
[4.591s] [  0%] Built target jsk_footstep_msgs_generate_messages_py
[4.608s] [35m[1mScanning dependencies of target actionlib_msgs_generate_messages_nodejs[0m
[4.621s] [  0%] Built target actionlib_msgs_generate_messages_nodejs
[4.637s] [35m[1mScanning dependencies of target geometry_msgs_generate_messages_eus[0m
[4.650s] [  0%] Built target geometry_msgs_generate_messages_eus
[4.665s] [35m[1mScanning dependencies of target std_msgs_generate_messages_lisp[0m
[4.679s] [  0%] Built target std_msgs_generate_messages_lisp
[4.693s] [35m[1mScanning dependencies of target roscpp_generate_messages_nodejs[0m
[4.707s] [  0%] Built target roscpp_generate_messages_nodejs
[4.724s] [35m[1mScanning dependencies of target geometry_msgs_generate_messages_nodejs[0m
[4.739s] [  0%] Built target geometry_msgs_generate_messages_nodejs
[4.754s] [35m[1mScanning dependencies of target geometry_msgs_generate_messages_lisp[0m
[4.768s] [  0%] Built target geometry_msgs_generate_messages_lisp
[4.782s] [35m[1mScanning dependencies of target pcl_msgs_generate_messages_cpp[0m
[4.795s] [  0%] Built target pcl_msgs_generate_messages_cpp
[4.809s] [35m[1mScanning dependencies of target jsk_recognition_msgs_generate_messages_cpp[0m
[4.822s] [  0%] Built target jsk_recognition_msgs_generate_messages_cpp
[4.836s] [35m[1mScanning dependencies of target autoware_msgs_generate_messages_eus[0m
[4.851s] [  0%] Built target autoware_msgs_generate_messages_eus
[4.864s] [35m[1mScanning dependencies of target autoware_msgs_generate_messages_lisp[0m
[4.879s] [  0%] Built target autoware_msgs_generate_messages_lisp
[4.895s] [35m[1mScanning dependencies of target visualization_msgs_generate_messages_lisp[0m
[4.908s] [  0%] Built target visualization_msgs_generate_messages_lisp
[4.922s] [35m[1mScanning dependencies of target std_msgs_generate_messages_eus[0m
[4.936s] [  0%] Built target std_msgs_generate_messages_eus
[4.951s] [35m[1mScanning dependencies of target autoware_msgs_generate_messages_nodejs[0m
[4.964s] [  0%] Built target autoware_msgs_generate_messages_nodejs
[4.979s] [35m[1mScanning dependencies of target jsk_footstep_msgs_generate_messages_eus[0m
[4.998s] [  0%] Built target jsk_footstep_msgs_generate_messages_eus
[5.016s] [35m[1mScanning dependencies of target actionlib_msgs_generate_messages_py[0m
[5.030s] [  0%] Built target actionlib_msgs_generate_messages_py
[5.047s] [35m[1mScanning dependencies of target autoware_config_msgs_generate_messages_eus[0m
[5.063s] [  0%] Built target autoware_config_msgs_generate_messages_eus
[5.078s] [35m[1mScanning dependencies of target jsk_footstep_msgs_generate_messages_lisp[0m
[5.092s] [  0%] Built target jsk_footstep_msgs_generate_messages_lisp
[5.107s] [35m[1mScanning dependencies of target jsk_footstep_msgs_generate_messages_nodejs[0m
[5.124s] [  0%] Built target jsk_footstep_msgs_generate_messages_nodejs
[5.139s] [35m[1mScanning dependencies of target actionlib_msgs_generate_messages_lisp[0m
[5.156s] [  0%] Built target actionlib_msgs_generate_messages_lisp
[5.170s] [35m[1mScanning dependencies of target jsk_footstep_msgs_generate_messages_cpp[0m
[5.185s] [  0%] Built target jsk_footstep_msgs_generate_messages_cpp
[5.199s] [35m[1mScanning dependencies of target actionlib_msgs_generate_messages_cpp[0m
[5.214s] [  0%] Built target actionlib_msgs_generate_messages_cpp
[5.229s] [35m[1mScanning dependencies of target tf_generate_messages_eus[0m
[5.246s] [  0%] Built target tf_generate_messages_eus
[5.260s] [35m[1mScanning dependencies of target tf_generate_messages_lisp[0m
[5.274s] [  0%] Built target tf_generate_messages_lisp
[5.287s] [35m[1mScanning dependencies of target autoware_config_msgs_generate_messages_nodejs[0m
[5.302s] [  0%] Built target autoware_config_msgs_generate_messages_nodejs
[5.316s] [35m[1mScanning dependencies of target tf_generate_messages_nodejs[0m
[5.330s] [  0%] Built target tf_generate_messages_nodejs
[5.343s] [35m[1mScanning dependencies of target jsk_recognition_msgs_generate_messages_nodejs[0m
[5.356s] [  0%] Built target jsk_recognition_msgs_generate_messages_nodejs
[5.370s] [35m[1mScanning dependencies of target roscpp_generate_messages_lisp[0m
[5.383s] [  0%] Built target roscpp_generate_messages_lisp
[5.397s] [35m[1mScanning dependencies of target roscpp_generate_messages_py[0m
[5.411s] [  0%] Built target roscpp_generate_messages_py
[5.425s] [35m[1mScanning dependencies of target rosgraph_msgs_generate_messages_lisp[0m
[5.438s] [  0%] Built target rosgraph_msgs_generate_messages_lisp
[5.452s] [35m[1mScanning dependencies of target autoware_config_msgs_generate_messages_cpp[0m
[5.467s] [  0%] Built target autoware_config_msgs_generate_messages_cpp
[5.481s] [35m[1mScanning dependencies of target waypoint_clicker[0m
[5.525s] [  5%] [32mBuilding CXX object CMakeFiles/waypoint_clicker.dir/nodes/waypoint_clicker/waypoint_clicker.cpp.o[0m
[14.414s] [ 10%] [32m[1mLinking CXX executable devel/lib/waypoint_maker/waypoint_clicker[0m
[14.675s] [ 10%] Built target waypoint_clicker
[14.690s] [35m[1mScanning dependencies of target tf_generate_messages_cpp[0m
[14.706s] [ 10%] Built target tf_generate_messages_cpp
[14.722s] [35m[1mScanning dependencies of target pcl_msgs_generate_messages_lisp[0m
[14.738s] [ 10%] Built target pcl_msgs_generate_messages_lisp
[14.753s] [35m[1mScanning dependencies of target actionlib_generate_messages_lisp[0m
[14.769s] [ 10%] Built target actionlib_generate_messages_lisp
[14.785s] [35m[1mScanning dependencies of target geometry_msgs_generate_messages_cpp[0m
[14.801s] [ 10%] Built target geometry_msgs_generate_messages_cpp
[14.828s] [35m[1mScanning dependencies of target actionlib_generate_messages_eus[0m
[14.850s] [ 10%] Built target actionlib_generate_messages_eus
[14.867s] [35m[1mScanning dependencies of target pcl_msgs_generate_messages_py[0m
[14.883s] [ 10%] Built target pcl_msgs_generate_messages_py
[14.898s] [35m[1mScanning dependencies of target autoware_config_msgs_generate_messages_py[0m
[14.913s] [ 10%] Built target autoware_config_msgs_generate_messages_py
[14.927s] [35m[1mScanning dependencies of target rosgraph_msgs_generate_messages_py[0m
[14.943s] [ 10%] Built target rosgraph_msgs_generate_messages_py
[14.957s] [35m[1mScanning dependencies of target actionlib_msgs_generate_messages_eus[0m
[14.975s] [ 10%] Built target actionlib_msgs_generate_messages_eus
[14.993s] [35m[1mScanning dependencies of target roscpp_generate_messages_eus[0m
[15.008s] [ 10%] Built target roscpp_generate_messages_eus
[15.025s] [35m[1mScanning dependencies of target waypoint_marker_publisher[0m
[15.065s] [ 15%] [32mBuilding CXX object CMakeFiles/waypoint_marker_publisher.dir/nodes/waypoint_marker_publisher/waypoint_marker_publisher.cpp.o[0m
[20.198s] [01m[K/home/ros/autoware.ai/src/autoware/core_planning/waypoint_maker/nodes/waypoint_marker_publisher/waypoint_marker_publisher.cpp:223:6:[m[K [01;35m[Kwarning: [m[K‘[01m[Kvoid {anonymous}::createGlobalLaneArrayMarker(std_msgs::ColorRGBA, const LaneArray&)[m[K’ defined but not used [[01;35m[K-Wunused-function[m[K]
[20.198s]  void [01;35m[KcreateGlobalLaneArrayMarker[m[K(std_msgs::ColorRGBA color, const autoware_msgs::LaneArray& lane_waypoints_array)
[20.198s]       [01;35m[K^~~~~~~~~~~~~~~~~~~~~~~~~~~[m[K
[25.710s] [ 20%] [32m[1mLinking CXX executable devel/lib/waypoint_maker/waypoint_marker_publisher[0m
[25.960s] [ 20%] Built target waypoint_marker_publisher
[25.974s] [35m[1mScanning dependencies of target waypoint_replanner[0m
[26.020s] [ 25%] [32mBuilding CXX object CMakeFiles/waypoint_replanner.dir/nodes/waypoint_replanner/waypoint_replanner.cpp.o[0m
[33.939s] [ 30%] [32mBuilding CXX object CMakeFiles/waypoint_replanner.dir/nodes/waypoint_replanner/waypoint_replanner_node.cpp.o[0m
[42.343s] [ 35%] [32m[1mLinking CXX executable devel/lib/waypoint_maker/waypoint_replanner[0m
[42.627s] [ 35%] Built target waypoint_replanner
[42.646s] [35m[1mScanning dependencies of target waypoint_velocity_visualizer[0m
[42.687s] [ 40%] [32mBuilding CXX object CMakeFiles/waypoint_velocity_visualizer.dir/nodes/waypoint_velocity_visualizer/waypoint_velocity_visualizer.cpp.o[0m
[60.011s] [ 45%] [32m[1mLinking CXX executable devel/lib/waypoint_maker/waypoint_velocity_visualizer[0m
[60.309s] [ 45%] Built target waypoint_velocity_visualizer
[60.324s] [35m[1mScanning dependencies of target waypoint_creator[0m
[60.365s] [ 50%] [32mBuilding CXX object CMakeFiles/waypoint_creator.dir/nodes/waypoint_creator/waypoint_creator_node.cpp.o[0m
[66.239s] [ 55%] [32mBuilding CXX object CMakeFiles/waypoint_creator.dir/nodes/waypoint_creator/interpolate.cpp.o[0m
[67.055s] [ 60%] [32mBuilding CXX object CMakeFiles/waypoint_creator.dir/nodes/waypoint_creator/waypoint_creator_core.cpp.o[0m
[76.039s] [ 65%] [32m[1mLinking CXX executable devel/lib/waypoint_maker/waypoint_creator[0m
[76.316s] [ 65%] Built target waypoint_creator
[76.330s] [35m[1mScanning dependencies of target waypoint_saver[0m
[76.373s] [ 70%] [32mBuilding CXX object CMakeFiles/waypoint_saver.dir/nodes/waypoint_saver/waypoint_saver.cpp.o[0m
[88.978s] [ 75%] [32m[1mLinking CXX executable devel/lib/waypoint_maker/waypoint_saver[0m
[89.162s] [ 75%] Built target waypoint_saver
[89.175s] [35m[1mScanning dependencies of target waypoint_loader[0m
[89.177s] [35m[1mScanning dependencies of target waypoint_extractor[0m
[89.204s] [ 80%] [32mBuilding CXX object CMakeFiles/waypoint_extractor.dir/nodes/waypoint_extractor/waypoint_extractor.cpp.o[0m
[89.205s] [ 85%] [32mBuilding CXX object CMakeFiles/waypoint_loader.dir/nodes/waypoint_loader/waypoint_loader_core.cpp.o[0m
[89.206s] [ 90%] [32mBuilding CXX object CMakeFiles/waypoint_loader.dir/nodes/waypoint_loader/waypoint_loader_node.cpp.o[0m
[94.262s] [ 95%] [32m[1mLinking CXX executable devel/lib/waypoint_maker/waypoint_extractor[0m
[94.461s] [100%] [32m[1mLinking CXX executable devel/lib/waypoint_maker/waypoint_loader[0m
[94.482s] [100%] Built target waypoint_extractor
[94.679s] [100%] Built target waypoint_loader
[94.698s] Invoked command in '/home/ros/autoware.ai/build/waypoint_maker' returned '0': CMAKE_PREFIX_PATH=/home/ros/autoware.ai/install/lane_planner:/home/ros/autoware.ai/install/libwaypoint_follower:/home/ros/autoware.ai/install/lanelet2_extension:/home/ros/autoware.ai/install/vector_map:/home/ros/autoware.ai/install/amathutils_lib:/home/ros/autoware.ai/install/vector_map_msgs:/home/ros/autoware.ai/install/tablet_socket_msgs:/home/ros/autoware.ai/install/gnss:/home/ros/autoware.ai/install/autoware_msgs:/home/ros/autoware.ai/install/autoware_lanelet2_msgs:/home/ros/autoware.ai/install/autoware_config_msgs:/home/ros/autoware.ai/install/autoware_build_flags:${CMAKE_PREFIX_PATH} LD_LIBRARY_PATH=/home/ros/autoware.ai/install/lane_planner/lib:/home/ros/autoware.ai/install/libwaypoint_follower/lib:/home/ros/autoware.ai/install/lanelet2_extension/lib:/home/ros/autoware.ai/install/vector_map/lib:/home/ros/autoware.ai/install/amathutils_lib/lib:/home/ros/autoware.ai/install/gnss/lib:${LD_LIBRARY_PATH} PKG_CONFIG_PATH=/home/ros/autoware.ai/install/lane_planner/lib/x86_64-linux-gnu/pkgconfig:/home/ros/autoware.ai/install/lane_planner/lib/pkgconfig:/home/ros/autoware.ai/install/libwaypoint_follower/lib/x86_64-linux-gnu/pkgconfig:/home/ros/autoware.ai/install/libwaypoint_follower/lib/pkgconfig:/home/ros/autoware.ai/install/lanelet2_extension/lib/x86_64-linux-gnu/pkgconfig:/home/ros/autoware.ai/install/lanelet2_extension/lib/pkgconfig:/home/ros/autoware.ai/install/vector_map/lib/x86_64-linux-gnu/pkgconfig:/home/ros/autoware.ai/install/vector_map/lib/pkgconfig:/home/ros/autoware.ai/install/amathutils_lib/lib/x86_64-linux-gnu/pkgconfig:/home/ros/autoware.ai/install/amathutils_lib/lib/pkgconfig:/home/ros/autoware.ai/install/vector_map_msgs/lib/x86_64-linux-gnu/pkgconfig:/home/ros/autoware.ai/install/vector_map_msgs/lib/pkgconfig:/home/ros/autoware.ai/install/tablet_socket_msgs/lib/x86_64-linux-gnu/pkgconfig:/home/ros/autoware.ai/install/tablet_socket_msgs/lib/pkgconfig:/home/ros/autoware.ai/install/gnss/lib/x86_64-linux-gnu/pkgconfig:/home/ros/autoware.ai/install/gnss/lib/pkgconfig:/home/ros/autoware.ai/install/autoware_msgs/lib/x86_64-linux-gnu/pkgconfig:/home/ros/autoware.ai/install/autoware_msgs/lib/pkgconfig:/home/ros/autoware.ai/install/autoware_lanelet2_msgs/lib/x86_64-linux-gnu/pkgconfig:/home/ros/autoware.ai/install/autoware_lanelet2_msgs/lib/pkgconfig:/home/ros/autoware.ai/install/autoware_config_msgs/lib/x86_64-linux-gnu/pkgconfig:/home/ros/autoware.ai/install/autoware_config_msgs/lib/pkgconfig:/home/ros/autoware.ai/install/autoware_build_flags/lib/x86_64-linux-gnu/pkgconfig:/home/ros/autoware.ai/install/autoware_build_flags/lib/pkgconfig:${PKG_CONFIG_PATH} PYTHONPATH=/home/ros/autoware.ai/install/vector_map_msgs/lib/python2.7/dist-packages:/home/ros/autoware.ai/install/tablet_socket_msgs/lib/python2.7/dist-packages:/home/ros/autoware.ai/install/autoware_msgs/lib/python2.7/dist-packages:/home/ros/autoware.ai/install/autoware_lanelet2_msgs/lib/python2.7/dist-packages:/home/ros/autoware.ai/install/autoware_config_msgs/lib/python2.7/dist-packages:${PYTHONPATH} ROS_PACKAGE_PATH=/home/ros/autoware.ai/install/lane_planner/share:/home/ros/autoware.ai/install/libwaypoint_follower/share:/home/ros/autoware.ai/install/lanelet2_extension/share:/home/ros/autoware.ai/install/vector_map/share:/home/ros/autoware.ai/install/amathutils_lib/share:/home/ros/autoware.ai/install/vector_map_msgs/share:/home/ros/autoware.ai/install/tablet_socket_msgs/share:/home/ros/autoware.ai/install/gnss/share:/home/ros/autoware.ai/install/autoware_msgs/share:/home/ros/autoware.ai/install/autoware_lanelet2_msgs/share:/home/ros/autoware.ai/install/autoware_config_msgs/share:/home/ros/autoware.ai/install/autoware_build_flags/share:${ROS_PACKAGE_PATH} /usr/bin/cmake --build /home/ros/autoware.ai/build/waypoint_maker -- -j12 -l12
[94.835s] Invoking command in '/home/ros/autoware.ai/build/waypoint_maker': CMAKE_PREFIX_PATH=/home/ros/autoware.ai/install/lane_planner:/home/ros/autoware.ai/install/libwaypoint_follower:/home/ros/autoware.ai/install/lanelet2_extension:/home/ros/autoware.ai/install/vector_map:/home/ros/autoware.ai/install/amathutils_lib:/home/ros/autoware.ai/install/vector_map_msgs:/home/ros/autoware.ai/install/tablet_socket_msgs:/home/ros/autoware.ai/install/gnss:/home/ros/autoware.ai/install/autoware_msgs:/home/ros/autoware.ai/install/autoware_lanelet2_msgs:/home/ros/autoware.ai/install/autoware_config_msgs:/home/ros/autoware.ai/install/autoware_build_flags:${CMAKE_PREFIX_PATH} LD_LIBRARY_PATH=/home/ros/autoware.ai/install/lane_planner/lib:/home/ros/autoware.ai/install/libwaypoint_follower/lib:/home/ros/autoware.ai/install/lanelet2_extension/lib:/home/ros/autoware.ai/install/vector_map/lib:/home/ros/autoware.ai/install/amathutils_lib/lib:/home/ros/autoware.ai/install/gnss/lib:${LD_LIBRARY_PATH} PKG_CONFIG_PATH=/home/ros/autoware.ai/install/lane_planner/lib/x86_64-linux-gnu/pkgconfig:/home/ros/autoware.ai/install/lane_planner/lib/pkgconfig:/home/ros/autoware.ai/install/libwaypoint_follower/lib/x86_64-linux-gnu/pkgconfig:/home/ros/autoware.ai/install/libwaypoint_follower/lib/pkgconfig:/home/ros/autoware.ai/install/lanelet2_extension/lib/x86_64-linux-gnu/pkgconfig:/home/ros/autoware.ai/install/lanelet2_extension/lib/pkgconfig:/home/ros/autoware.ai/install/vector_map/lib/x86_64-linux-gnu/pkgconfig:/home/ros/autoware.ai/install/vector_map/lib/pkgconfig:/home/ros/autoware.ai/install/amathutils_lib/lib/x86_64-linux-gnu/pkgconfig:/home/ros/autoware.ai/install/amathutils_lib/lib/pkgconfig:/home/ros/autoware.ai/install/vector_map_msgs/lib/x86_64-linux-gnu/pkgconfig:/home/ros/autoware.ai/install/vector_map_msgs/lib/pkgconfig:/home/ros/autoware.ai/install/tablet_socket_msgs/lib/x86_64-linux-gnu/pkgconfig:/home/ros/autoware.ai/install/tablet_socket_msgs/lib/pkgconfig:/home/ros/autoware.ai/install/gnss/lib/x86_64-linux-gnu/pkgconfig:/home/ros/autoware.ai/install/gnss/lib/pkgconfig:/home/ros/autoware.ai/install/autoware_msgs/lib/x86_64-linux-gnu/pkgconfig:/home/ros/autoware.ai/install/autoware_msgs/lib/pkgconfig:/home/ros/autoware.ai/install/autoware_lanelet2_msgs/lib/x86_64-linux-gnu/pkgconfig:/home/ros/autoware.ai/install/autoware_lanelet2_msgs/lib/pkgconfig:/home/ros/autoware.ai/install/autoware_config_msgs/lib/x86_64-linux-gnu/pkgconfig:/home/ros/autoware.ai/install/autoware_config_msgs/lib/pkgconfig:/home/ros/autoware.ai/install/autoware_build_flags/lib/x86_64-linux-gnu/pkgconfig:/home/ros/autoware.ai/install/autoware_build_flags/lib/pkgconfig:${PKG_CONFIG_PATH} PYTHONPATH=/home/ros/autoware.ai/install/vector_map_msgs/lib/python2.7/dist-packages:/home/ros/autoware.ai/install/tablet_socket_msgs/lib/python2.7/dist-packages:/home/ros/autoware.ai/install/autoware_msgs/lib/python2.7/dist-packages:/home/ros/autoware.ai/install/autoware_lanelet2_msgs/lib/python2.7/dist-packages:/home/ros/autoware.ai/install/autoware_config_msgs/lib/python2.7/dist-packages:${PYTHONPATH} ROS_PACKAGE_PATH=/home/ros/autoware.ai/install/lane_planner/share:/home/ros/autoware.ai/install/libwaypoint_follower/share:/home/ros/autoware.ai/install/lanelet2_extension/share:/home/ros/autoware.ai/install/vector_map/share:/home/ros/autoware.ai/install/amathutils_lib/share:/home/ros/autoware.ai/install/vector_map_msgs/share:/home/ros/autoware.ai/install/tablet_socket_msgs/share:/home/ros/autoware.ai/install/gnss/share:/home/ros/autoware.ai/install/autoware_msgs/share:/home/ros/autoware.ai/install/autoware_lanelet2_msgs/share:/home/ros/autoware.ai/install/autoware_config_msgs/share:/home/ros/autoware.ai/install/autoware_build_flags/share:${ROS_PACKAGE_PATH} /usr/bin/cmake --build /home/ros/autoware.ai/build/waypoint_maker --target tests -- -j12 -l12
[94.915s] [35m[1mScanning dependencies of target tests[0m
[94.929s] Built target tests
[94.946s] Invoked command in '/home/ros/autoware.ai/build/waypoint_maker' returned '0': CMAKE_PREFIX_PATH=/home/ros/autoware.ai/install/lane_planner:/home/ros/autoware.ai/install/libwaypoint_follower:/home/ros/autoware.ai/install/lanelet2_extension:/home/ros/autoware.ai/install/vector_map:/home/ros/autoware.ai/install/amathutils_lib:/home/ros/autoware.ai/install/vector_map_msgs:/home/ros/autoware.ai/install/tablet_socket_msgs:/home/ros/autoware.ai/install/gnss:/home/ros/autoware.ai/install/autoware_msgs:/home/ros/autoware.ai/install/autoware_lanelet2_msgs:/home/ros/autoware.ai/install/autoware_config_msgs:/home/ros/autoware.ai/install/autoware_build_flags:${CMAKE_PREFIX_PATH} LD_LIBRARY_PATH=/home/ros/autoware.ai/install/lane_planner/lib:/home/ros/autoware.ai/install/libwaypoint_follower/lib:/home/ros/autoware.ai/install/lanelet2_extension/lib:/home/ros/autoware.ai/install/vector_map/lib:/home/ros/autoware.ai/install/amathutils_lib/lib:/home/ros/autoware.ai/install/gnss/lib:${LD_LIBRARY_PATH} PKG_CONFIG_PATH=/home/ros/autoware.ai/install/lane_planner/lib/x86_64-linux-gnu/pkgconfig:/home/ros/autoware.ai/install/lane_planner/lib/pkgconfig:/home/ros/autoware.ai/install/libwaypoint_follower/lib/x86_64-linux-gnu/pkgconfig:/home/ros/autoware.ai/install/libwaypoint_follower/lib/pkgconfig:/home/ros/autoware.ai/install/lanelet2_extension/lib/x86_64-linux-gnu/pkgconfig:/home/ros/autoware.ai/install/lanelet2_extension/lib/pkgconfig:/home/ros/autoware.ai/install/vector_map/lib/x86_64-linux-gnu/pkgconfig:/home/ros/autoware.ai/install/vector_map/lib/pkgconfig:/home/ros/autoware.ai/install/amathutils_lib/lib/x86_64-linux-gnu/pkgconfig:/home/ros/autoware.ai/install/amathutils_lib/lib/pkgconfig:/home/ros/autoware.ai/install/vector_map_msgs/lib/x86_64-linux-gnu/pkgconfig:/home/ros/autoware.ai/install/vector_map_msgs/lib/pkgconfig:/home/ros/autoware.ai/install/tablet_socket_msgs/lib/x86_64-linux-gnu/pkgconfig:/home/ros/autoware.ai/install/tablet_socket_msgs/lib/pkgconfig:/home/ros/autoware.ai/install/gnss/lib/x86_64-linux-gnu/pkgconfig:/home/ros/autoware.ai/install/gnss/lib/pkgconfig:/home/ros/autoware.ai/install/autoware_msgs/lib/x86_64-linux-gnu/pkgconfig:/home/ros/autoware.ai/install/autoware_msgs/lib/pkgconfig:/home/ros/autoware.ai/install/autoware_lanelet2_msgs/lib/x86_64-linux-gnu/pkgconfig:/home/ros/autoware.ai/install/autoware_lanelet2_msgs/lib/pkgconfig:/home/ros/autoware.ai/install/autoware_config_msgs/lib/x86_64-linux-gnu/pkgconfig:/home/ros/autoware.ai/install/autoware_config_msgs/lib/pkgconfig:/home/ros/autoware.ai/install/autoware_build_flags/lib/x86_64-linux-gnu/pkgconfig:/home/ros/autoware.ai/install/autoware_build_flags/lib/pkgconfig:${PKG_CONFIG_PATH} PYTHONPATH=/home/ros/autoware.ai/install/vector_map_msgs/lib/python2.7/dist-packages:/home/ros/autoware.ai/install/tablet_socket_msgs/lib/python2.7/dist-packages:/home/ros/autoware.ai/install/autoware_msgs/lib/python2.7/dist-packages:/home/ros/autoware.ai/install/autoware_lanelet2_msgs/lib/python2.7/dist-packages:/home/ros/autoware.ai/install/autoware_config_msgs/lib/python2.7/dist-packages:${PYTHONPATH} ROS_PACKAGE_PATH=/home/ros/autoware.ai/install/lane_planner/share:/home/ros/autoware.ai/install/libwaypoint_follower/share:/home/ros/autoware.ai/install/lanelet2_extension/share:/home/ros/autoware.ai/install/vector_map/share:/home/ros/autoware.ai/install/amathutils_lib/share:/home/ros/autoware.ai/install/vector_map_msgs/share:/home/ros/autoware.ai/install/tablet_socket_msgs/share:/home/ros/autoware.ai/install/gnss/share:/home/ros/autoware.ai/install/autoware_msgs/share:/home/ros/autoware.ai/install/autoware_lanelet2_msgs/share:/home/ros/autoware.ai/install/autoware_config_msgs/share:/home/ros/autoware.ai/install/autoware_build_flags/share:${ROS_PACKAGE_PATH} /usr/bin/cmake --build /home/ros/autoware.ai/build/waypoint_maker --target tests -- -j12 -l12
[95.078s] Invoking command in '/home/ros/autoware.ai/build/waypoint_maker': CMAKE_PREFIX_PATH=/home/ros/autoware.ai/install/lane_planner:/home/ros/autoware.ai/install/libwaypoint_follower:/home/ros/autoware.ai/install/lanelet2_extension:/home/ros/autoware.ai/install/vector_map:/home/ros/autoware.ai/install/amathutils_lib:/home/ros/autoware.ai/install/vector_map_msgs:/home/ros/autoware.ai/install/tablet_socket_msgs:/home/ros/autoware.ai/install/gnss:/home/ros/autoware.ai/install/autoware_msgs:/home/ros/autoware.ai/install/autoware_lanelet2_msgs:/home/ros/autoware.ai/install/autoware_config_msgs:/home/ros/autoware.ai/install/autoware_build_flags:${CMAKE_PREFIX_PATH} LD_LIBRARY_PATH=/home/ros/autoware.ai/install/lane_planner/lib:/home/ros/autoware.ai/install/libwaypoint_follower/lib:/home/ros/autoware.ai/install/lanelet2_extension/lib:/home/ros/autoware.ai/install/vector_map/lib:/home/ros/autoware.ai/install/amathutils_lib/lib:/home/ros/autoware.ai/install/gnss/lib:${LD_LIBRARY_PATH} PKG_CONFIG_PATH=/home/ros/autoware.ai/install/lane_planner/lib/x86_64-linux-gnu/pkgconfig:/home/ros/autoware.ai/install/lane_planner/lib/pkgconfig:/home/ros/autoware.ai/install/libwaypoint_follower/lib/x86_64-linux-gnu/pkgconfig:/home/ros/autoware.ai/install/libwaypoint_follower/lib/pkgconfig:/home/ros/autoware.ai/install/lanelet2_extension/lib/x86_64-linux-gnu/pkgconfig:/home/ros/autoware.ai/install/lanelet2_extension/lib/pkgconfig:/home/ros/autoware.ai/install/vector_map/lib/x86_64-linux-gnu/pkgconfig:/home/ros/autoware.ai/install/vector_map/lib/pkgconfig:/home/ros/autoware.ai/install/amathutils_lib/lib/x86_64-linux-gnu/pkgconfig:/home/ros/autoware.ai/install/amathutils_lib/lib/pkgconfig:/home/ros/autoware.ai/install/vector_map_msgs/lib/x86_64-linux-gnu/pkgconfig:/home/ros/autoware.ai/install/vector_map_msgs/lib/pkgconfig:/home/ros/autoware.ai/install/tablet_socket_msgs/lib/x86_64-linux-gnu/pkgconfig:/home/ros/autoware.ai/install/tablet_socket_msgs/lib/pkgconfig:/home/ros/autoware.ai/install/gnss/lib/x86_64-linux-gnu/pkgconfig:/home/ros/autoware.ai/install/gnss/lib/pkgconfig:/home/ros/autoware.ai/install/autoware_msgs/lib/x86_64-linux-gnu/pkgconfig:/home/ros/autoware.ai/install/autoware_msgs/lib/pkgconfig:/home/ros/autoware.ai/install/autoware_lanelet2_msgs/lib/x86_64-linux-gnu/pkgconfig:/home/ros/autoware.ai/install/autoware_lanelet2_msgs/lib/pkgconfig:/home/ros/autoware.ai/install/autoware_config_msgs/lib/x86_64-linux-gnu/pkgconfig:/home/ros/autoware.ai/install/autoware_config_msgs/lib/pkgconfig:/home/ros/autoware.ai/install/autoware_build_flags/lib/x86_64-linux-gnu/pkgconfig:/home/ros/autoware.ai/install/autoware_build_flags/lib/pkgconfig:${PKG_CONFIG_PATH} PYTHONPATH=/home/ros/autoware.ai/install/vector_map_msgs/lib/python2.7/dist-packages:/home/ros/autoware.ai/install/tablet_socket_msgs/lib/python2.7/dist-packages:/home/ros/autoware.ai/install/autoware_msgs/lib/python2.7/dist-packages:/home/ros/autoware.ai/install/autoware_lanelet2_msgs/lib/python2.7/dist-packages:/home/ros/autoware.ai/install/autoware_config_msgs/lib/python2.7/dist-packages:${PYTHONPATH} ROS_PACKAGE_PATH=/home/ros/autoware.ai/install/lane_planner/share:/home/ros/autoware.ai/install/libwaypoint_follower/share:/home/ros/autoware.ai/install/lanelet2_extension/share:/home/ros/autoware.ai/install/vector_map/share:/home/ros/autoware.ai/install/amathutils_lib/share:/home/ros/autoware.ai/install/vector_map_msgs/share:/home/ros/autoware.ai/install/tablet_socket_msgs/share:/home/ros/autoware.ai/install/gnss/share:/home/ros/autoware.ai/install/autoware_msgs/share:/home/ros/autoware.ai/install/autoware_lanelet2_msgs/share:/home/ros/autoware.ai/install/autoware_config_msgs/share:/home/ros/autoware.ai/install/autoware_build_flags/share:${ROS_PACKAGE_PATH} /usr/bin/cmake --build /home/ros/autoware.ai/build/waypoint_maker --target install -- -j12 -l12
[95.153s] [  0%] Built target rosgraph_msgs_generate_messages_nodejs
[95.180s] [  0%] Built target actionlib_generate_messages_nodejs
[95.207s] [  0%] Built target visualization_msgs_generate_messages_cpp
[95.235s] [  0%] Built target tablet_socket_msgs_generate_messages_eus
[95.254s] [  0%] Built target nav_msgs_generate_messages_eus
[95.275s] [  0%] Built target tf2_msgs_generate_messages_eus
[95.298s] [  0%] Built target nav_msgs_generate_messages_py
[95.326s] [  0%] Built target tf2_msgs_generate_messages_lisp
[95.349s] [  0%] Built target actionlib_generate_messages_py
[95.376s] [  0%] Built target tf2_msgs_generate_messages_py
[95.403s] [  0%] Built target tf2_msgs_generate_messages_nodejs
[95.432s] [  0%] Built target tablet_socket_msgs_generate_messages_cpp
[95.458s] [  0%] Built target autoware_config_msgs_generate_messages_lisp
[95.485s] [  0%] Built target sensor_msgs_generate_messages_lisp
[95.513s] [  0%] Built target nav_msgs_generate_messages_cpp
[95.547s] [  0%] Built target vector_map_msgs_generate_messages_py
[95.574s] [  0%] Built target vector_map_msgs_generate_messages_nodejs
[95.601s] [  0%] Built target vector_map_msgs_generate_messages_lisp
[95.627s] [  0%] Built target vector_map_msgs_generate_messages_eus
[95.653s] [  0%] Built target vector_map_msgs_generate_messages_cpp
[95.680s] [  0%] Built target visualization_msgs_generate_messages_py
[95.715s] [  0%] Built target visualization_msgs_generate_messages_eus
[95.741s] [  0%] Built target visualization_msgs_generate_messages_nodejs
[95.771s] [  0%] Built target tablet_socket_msgs_generate_messages_lisp
[95.797s] [  0%] Built target nav_msgs_generate_messages_nodejs
[95.822s] [  0%] Built target geometry_msgs_generate_messages_py
[95.845s] [  0%] Built target sensor_msgs_generate_messages_nodejs
[95.877s] [  0%] Built target roscpp_generate_messages_cpp
[95.903s] [  0%] Built target actionlib_generate_messages_cpp
[95.930s] [  0%] Built target pcl_msgs_generate_messages_eus
[95.958s] [  0%] Built target rosgraph_msgs_generate_messages_eus
[95.985s] [  0%] Built target jsk_recognition_msgs_generate_messages_lisp
[96.012s] [  0%] Built target jsk_recognition_msgs_generate_messages_eus
[96.041s] [  0%] Built target tf2_msgs_generate_messages_cpp
[96.068s] [  0%] Built target std_msgs_generate_messages_py
[96.095s] [  0%] Built target autoware_msgs_generate_messages_py
[96.122s] [  0%] Built target std_msgs_generate_messages_nodejs
[96.148s] [  0%] Built target sensor_msgs_generate_messages_eus
[96.176s] [  0%] Built target _catkin_empty_exported_target
[96.203s] [  0%] Built target sensor_msgs_generate_messages_cpp
[96.231s] [  0%] Built target autoware_msgs_generate_messages_cpp
[96.260s] [  0%] Built target rosgraph_msgs_generate_messages_cpp
[96.287s] [  0%] Built target nav_msgs_generate_messages_lisp
[96.314s] [  0%] Built target pcl_msgs_generate_messages_nodejs
[96.345s] [  0%] Built target jsk_recognition_msgs_generate_messages_py
[96.372s] [  0%] Built target sensor_msgs_generate_messages_py
[96.399s] [  0%] Built target tablet_socket_msgs_generate_messages_nodejs
[96.427s] [  0%] Built target tf_generate_messages_py
[96.458s] [  0%] Built target std_msgs_generate_messages_cpp
[96.486s] [  0%] Built target tablet_socket_msgs_generate_messages_py
[96.514s] [  0%] Built target jsk_footstep_msgs_generate_messages_py
[96.541s] [  0%] Built target actionlib_msgs_generate_messages_nodejs
[96.568s] [  0%] Built target geometry_msgs_generate_messages_eus
[96.597s] [  0%] Built target std_msgs_generate_messages_lisp
[96.627s] [  0%] Built target roscpp_generate_messages_nodejs
[96.655s] [  0%] Built target geometry_msgs_generate_messages_nodejs
[96.684s] [  0%] Built target geometry_msgs_generate_messages_lisp
[96.710s] [  0%] Built target pcl_msgs_generate_messages_cpp
[96.738s] [  0%] Built target jsk_recognition_msgs_generate_messages_cpp
[96.763s] [  0%] Built target autoware_msgs_generate_messages_eus
[96.791s] [  0%] Built target autoware_msgs_generate_messages_lisp
[96.822s] [  0%] Built target visualization_msgs_generate_messages_lisp
[96.850s] [  0%] Built target std_msgs_generate_messages_eus
[96.879s] [  0%] Built target autoware_msgs_generate_messages_nodejs
[96.907s] [  0%] Built target jsk_footstep_msgs_generate_messages_eus
[96.938s] [  0%] Built target actionlib_msgs_generate_messages_py
[96.967s] [  0%] Built target autoware_config_msgs_generate_messages_eus
[96.997s] [  0%] Built target jsk_footstep_msgs_generate_messages_lisp
[97.027s] [  0%] Built target jsk_footstep_msgs_generate_messages_nodejs
[97.054s] [  0%] Built target actionlib_msgs_generate_messages_lisp
[97.084s] [  0%] Built target jsk_footstep_msgs_generate_messages_cpp
[97.112s] [  0%] Built target actionlib_msgs_generate_messages_cpp
[97.140s] [  0%] Built target tf_generate_messages_eus
[97.168s] [  0%] Built target tf_generate_messages_lisp
[97.196s] [  0%] Built target autoware_config_msgs_generate_messages_nodejs
[97.225s] [  0%] Built target tf_generate_messages_nodejs
[97.252s] [  0%] Built target jsk_recognition_msgs_generate_messages_nodejs
[97.280s] [  0%] Built target roscpp_generate_messages_lisp
[97.308s] [  0%] Built target roscpp_generate_messages_py
[97.336s] [  0%] Built target rosgraph_msgs_generate_messages_lisp
[97.363s] [  0%] Built target autoware_config_msgs_generate_messages_cpp
[97.398s] [ 10%] Built target waypoint_clicker
[97.426s] [ 10%] Built target tf_generate_messages_cpp
[97.453s] [ 10%] Built target pcl_msgs_generate_messages_lisp
[97.481s] [ 10%] Built target actionlib_generate_messages_lisp
[97.507s] [ 10%] Built target geometry_msgs_generate_messages_cpp
[97.532s] [ 10%] Built target actionlib_generate_messages_eus
[97.551s] [ 10%] Built target pcl_msgs_generate_messages_py
[97.570s] [ 10%] Built target autoware_config_msgs_generate_messages_py
[97.598s] [ 10%] Built target rosgraph_msgs_generate_messages_py
[97.622s] [ 10%] Built target actionlib_msgs_generate_messages_eus
[97.644s] [ 10%] Built target roscpp_generate_messages_eus
[97.679s] [ 20%] Built target waypoint_marker_publisher
[97.708s] [ 35%] Built target waypoint_replanner
[97.740s] [ 45%] Built target waypoint_velocity_visualizer
[97.775s] [ 65%] Built target waypoint_creator
[97.807s] [ 75%] Built target waypoint_saver
[97.832s] [ 90%] Built target waypoint_loader
[97.864s] [100%] Built target waypoint_extractor
[97.889s] [36mInstall the project...[0m
[97.902s] -- Install configuration: "Release"
[97.902s] -- Installing: /home/ros/autoware.ai/install/waypoint_maker/lib/pkgconfig/waypoint_maker.pc
[97.902s] -- Installing: /home/ros/autoware.ai/install/waypoint_maker/share/waypoint_maker/cmake/waypoint_makerConfig.cmake
[97.902s] -- Installing: /home/ros/autoware.ai/install/waypoint_maker/share/waypoint_maker/cmake/waypoint_makerConfig-version.cmake
[97.902s] -- Installing: /home/ros/autoware.ai/install/waypoint_maker/share/waypoint_maker/package.xml
[97.902s] -- Installing: /home/ros/autoware.ai/install/waypoint_maker/lib/waypoint_maker/waypoint_loader
[97.904s] -- Set runtime path of "/home/ros/autoware.ai/install/waypoint_maker/lib/waypoint_maker/waypoint_loader" to ""
[97.904s] -- Installing: /home/ros/autoware.ai/install/waypoint_maker/lib/waypoint_maker/waypoint_replanner
[97.908s] -- Set runtime path of "/home/ros/autoware.ai/install/waypoint_maker/lib/waypoint_maker/waypoint_replanner" to ""
[97.908s] -- Installing: /home/ros/autoware.ai/install/waypoint_maker/lib/waypoint_maker/waypoint_saver
[97.913s] -- Set runtime path of "/home/ros/autoware.ai/install/waypoint_maker/lib/waypoint_maker/waypoint_saver" to ""
[97.913s] -- Installing: /home/ros/autoware.ai/install/waypoint_maker/lib/waypoint_maker/waypoint_clicker
[97.915s] -- Set runtime path of "/home/ros/autoware.ai/install/waypoint_maker/lib/waypoint_maker/waypoint_clicker" to ""
[97.915s] -- Installing: /home/ros/autoware.ai/install/waypoint_maker/lib/waypoint_maker/waypoint_marker_publisher
[97.918s] -- Set runtime path of "/home/ros/autoware.ai/install/waypoint_maker/lib/waypoint_maker/waypoint_marker_publisher" to ""
[97.918s] -- Installing: /home/ros/autoware.ai/install/waypoint_maker/lib/waypoint_maker/waypoint_velocity_visualizer
[97.924s] -- Set runtime path of "/home/ros/autoware.ai/install/waypoint_maker/lib/waypoint_maker/waypoint_velocity_visualizer" to ""
[97.924s] -- Installing: /home/ros/autoware.ai/install/waypoint_maker/lib/waypoint_maker/waypoint_extractor
[97.925s] -- Set runtime path of "/home/ros/autoware.ai/install/waypoint_maker/lib/waypoint_maker/waypoint_extractor" to ""
[97.925s] -- Installing: /home/ros/autoware.ai/install/waypoint_maker/lib/waypoint_maker/waypoint_creator
[97.929s] -- Set runtime path of "/home/ros/autoware.ai/install/waypoint_maker/lib/waypoint_maker/waypoint_creator" to ""
[97.929s] -- Installing: /home/ros/autoware.ai/install/waypoint_maker/share/waypoint_maker/launch
[97.929s] -- Installing: /home/ros/autoware.ai/install/waypoint_maker/share/waypoint_maker/launch/waypoint_loader.launch
[97.929s] -- Installing: /home/ros/autoware.ai/install/waypoint_maker/share/waypoint_maker/launch/waypoint_saver.launch
[97.929s] -- Installing: /home/ros/autoware.ai/install/waypoint_maker/share/waypoint_maker/launch/waypoint_creator.launch
[97.929s] -- Installing: /home/ros/autoware.ai/install/waypoint_maker/share/waypoint_maker/launch/waypoint_velocity_visualizer.launch
[97.933s] Invoked command in '/home/ros/autoware.ai/build/waypoint_maker' returned '0': CMAKE_PREFIX_PATH=/home/ros/autoware.ai/install/lane_planner:/home/ros/autoware.ai/install/libwaypoint_follower:/home/ros/autoware.ai/install/lanelet2_extension:/home/ros/autoware.ai/install/vector_map:/home/ros/autoware.ai/install/amathutils_lib:/home/ros/autoware.ai/install/vector_map_msgs:/home/ros/autoware.ai/install/tablet_socket_msgs:/home/ros/autoware.ai/install/gnss:/home/ros/autoware.ai/install/autoware_msgs:/home/ros/autoware.ai/install/autoware_lanelet2_msgs:/home/ros/autoware.ai/install/autoware_config_msgs:/home/ros/autoware.ai/install/autoware_build_flags:${CMAKE_PREFIX_PATH} LD_LIBRARY_PATH=/home/ros/autoware.ai/install/lane_planner/lib:/home/ros/autoware.ai/install/libwaypoint_follower/lib:/home/ros/autoware.ai/install/lanelet2_extension/lib:/home/ros/autoware.ai/install/vector_map/lib:/home/ros/autoware.ai/install/amathutils_lib/lib:/home/ros/autoware.ai/install/gnss/lib:${LD_LIBRARY_PATH} PKG_CONFIG_PATH=/home/ros/autoware.ai/install/lane_planner/lib/x86_64-linux-gnu/pkgconfig:/home/ros/autoware.ai/install/lane_planner/lib/pkgconfig:/home/ros/autoware.ai/install/libwaypoint_follower/lib/x86_64-linux-gnu/pkgconfig:/home/ros/autoware.ai/install/libwaypoint_follower/lib/pkgconfig:/home/ros/autoware.ai/install/lanelet2_extension/lib/x86_64-linux-gnu/pkgconfig:/home/ros/autoware.ai/install/lanelet2_extension/lib/pkgconfig:/home/ros/autoware.ai/install/vector_map/lib/x86_64-linux-gnu/pkgconfig:/home/ros/autoware.ai/install/vector_map/lib/pkgconfig:/home/ros/autoware.ai/install/amathutils_lib/lib/x86_64-linux-gnu/pkgconfig:/home/ros/autoware.ai/install/amathutils_lib/lib/pkgconfig:/home/ros/autoware.ai/install/vector_map_msgs/lib/x86_64-linux-gnu/pkgconfig:/home/ros/autoware.ai/install/vector_map_msgs/lib/pkgconfig:/home/ros/autoware.ai/install/tablet_socket_msgs/lib/x86_64-linux-gnu/pkgconfig:/home/ros/autoware.ai/install/tablet_socket_msgs/lib/pkgconfig:/home/ros/autoware.ai/install/gnss/lib/x86_64-linux-gnu/pkgconfig:/home/ros/autoware.ai/install/gnss/lib/pkgconfig:/home/ros/autoware.ai/install/autoware_msgs/lib/x86_64-linux-gnu/pkgconfig:/home/ros/autoware.ai/install/autoware_msgs/lib/pkgconfig:/home/ros/autoware.ai/install/autoware_lanelet2_msgs/lib/x86_64-linux-gnu/pkgconfig:/home/ros/autoware.ai/install/autoware_lanelet2_msgs/lib/pkgconfig:/home/ros/autoware.ai/install/autoware_config_msgs/lib/x86_64-linux-gnu/pkgconfig:/home/ros/autoware.ai/install/autoware_config_msgs/lib/pkgconfig:/home/ros/autoware.ai/install/autoware_build_flags/lib/x86_64-linux-gnu/pkgconfig:/home/ros/autoware.ai/install/autoware_build_flags/lib/pkgconfig:${PKG_CONFIG_PATH} PYTHONPATH=/home/ros/autoware.ai/install/vector_map_msgs/lib/python2.7/dist-packages:/home/ros/autoware.ai/install/tablet_socket_msgs/lib/python2.7/dist-packages:/home/ros/autoware.ai/install/autoware_msgs/lib/python2.7/dist-packages:/home/ros/autoware.ai/install/autoware_lanelet2_msgs/lib/python2.7/dist-packages:/home/ros/autoware.ai/install/autoware_config_msgs/lib/python2.7/dist-packages:${PYTHONPATH} ROS_PACKAGE_PATH=/home/ros/autoware.ai/install/lane_planner/share:/home/ros/autoware.ai/install/libwaypoint_follower/share:/home/ros/autoware.ai/install/lanelet2_extension/share:/home/ros/autoware.ai/install/vector_map/share:/home/ros/autoware.ai/install/amathutils_lib/share:/home/ros/autoware.ai/install/vector_map_msgs/share:/home/ros/autoware.ai/install/tablet_socket_msgs/share:/home/ros/autoware.ai/install/gnss/share:/home/ros/autoware.ai/install/autoware_msgs/share:/home/ros/autoware.ai/install/autoware_lanelet2_msgs/share:/home/ros/autoware.ai/install/autoware_config_msgs/share:/home/ros/autoware.ai/install/autoware_build_flags/share:${ROS_PACKAGE_PATH} /usr/bin/cmake --build /home/ros/autoware.ai/build/waypoint_maker --target install -- -j12 -l12
