[0.035s] Invoking command in '/home/ros/autoware.ai/build/road_occupancy_processor': CMAKE_PREFIX_PATH=/home/ros/autoware.ai/install/vector_map:/home/ros/autoware.ai/install/vector_map_msgs:/home/ros/autoware.ai/install/autoware_build_flags:${CMAKE_PREFIX_PATH} LD_LIBRARY_PATH=/home/ros/autoware.ai/install/vector_map/lib:${LD_LIBRARY_PATH} PKG_CONFIG_PATH=/home/ros/autoware.ai/install/vector_map/lib/x86_64-linux-gnu/pkgconfig:/home/ros/autoware.ai/install/vector_map/lib/pkgconfig:/home/ros/autoware.ai/install/vector_map_msgs/lib/x86_64-linux-gnu/pkgconfig:/home/ros/autoware.ai/install/vector_map_msgs/lib/pkgconfig:/home/ros/autoware.ai/install/autoware_build_flags/lib/x86_64-linux-gnu/pkgconfig:/home/ros/autoware.ai/install/autoware_build_flags/lib/pkgconfig:${PKG_CONFIG_PATH} PYTHONPATH=/home/ros/autoware.ai/install/vector_map_msgs/lib/python2.7/dist-packages:${PYTHONPATH} ROS_PACKAGE_PATH=/home/ros/autoware.ai/install/vector_map/share:/home/ros/autoware.ai/install/vector_map_msgs/share:/home/ros/autoware.ai/install/autoware_build_flags/share:${ROS_PACKAGE_PATH} /usr/bin/cmake /home/ros/autoware.ai/src/autoware/core_perception/road_occupancy_processor -DCMAKE_BUILD_TYPE=Release -DCATKIN_INSTALL_INTO_PREFIX_ROOT=0 -DCMAKE_INSTALL_PREFIX=/home/ros/autoware.ai/install/road_occupancy_processor
[0.134s] -- The C compiler identification is GNU 7.5.0
[0.215s] -- The CXX compiler identification is GNU 7.5.0
[0.222s] -- Check for working C compiler: /usr/bin/cc
[0.315s] -- Check for working C compiler: /usr/bin/cc -- works
[0.316s] -- Detecting C compiler ABI info
[0.404s] -- Detecting C compiler ABI info - done
[0.426s] -- Detecting C compile features
[0.698s] -- Detecting C compile features - done
[0.702s] -- Check for working CXX compiler: /usr/bin/c++
[0.819s] -- Check for working CXX compiler: /usr/bin/c++ -- works
[0.820s] -- Detecting CXX compiler ABI info
[0.924s] -- Detecting CXX compiler ABI info - done
[0.936s] -- Detecting CXX compile features
[1.392s] -- Detecting CXX compile features - done
[1.394s] -- CUDA compilation status: .
[1.396s] -- Using CATKIN_DEVEL_PREFIX: /home/ros/autoware.ai/build/road_occupancy_processor/devel
[1.396s] -- Using CMAKE_PREFIX_PATH: /home/ros/autoware.ai/install/vector_map;/home/ros/autoware.ai/install/vector_map_msgs;/home/ros/autoware.ai/install/autoware_build_flags;/opt/ros/melodic
[1.397s] -- This workspace overlays: /home/ros/autoware.ai/install/vector_map;/home/ros/autoware.ai/install/vector_map_msgs;/home/ros/autoware.ai/install/autoware_build_flags;/opt/ros/melodic
[1.417s] -- Found PythonInterp: /usr/bin/python2 (found suitable version "2.7.17", minimum required is "2") 
[1.418s] -- Using PYTHON_EXECUTABLE: /usr/bin/python2
[1.418s] -- Using Debian Python package layout
[1.419s] -- Using empy: /usr/bin/empy
[1.632s] -- Using CATKIN_ENABLE_TESTING: ON
[1.632s] -- Call enable_testing()
[1.635s] -- Using CATKIN_TEST_RESULTS_DIR: /home/ros/autoware.ai/build/road_occupancy_processor/test_results
[1.658s] -- Found gtest sources under '/usr/src/googletest': gtests will be built
[1.658s] -- Found gmock sources under '/usr/src/googletest': gmock will be built
[1.674s] -- Found PythonInterp: /usr/bin/python2 (found version "2.7.17") 
[1.676s] -- Looking for pthread.h
[1.762s] -- Looking for pthread.h - found
[1.763s] -- Looking for pthread_create
[1.855s] -- Looking for pthread_create - not found
[1.856s] -- Looking for pthread_create in pthreads
[1.928s] -- Looking for pthread_create in pthreads - not found
[1.929s] -- Looking for pthread_create in pthread
[2.013s] -- Looking for pthread_create in pthread - found
[2.018s] -- Found Threads: TRUE  
[2.020s] -- Using Python nosetests: /usr/bin/nosetests-2.7
[2.078s] -- catkin 0.7.29
[2.078s] -- BUILD_SHARED_LIBS is on
[2.398s] -- Using these message generators: gencpp;geneus;genlisp;gennodejs;genpy
[3.720s] -- Found OpenCV: /usr (found version "3.2.0") 
[3.730s] -- Checking for module 'eigen3'
[3.749s] --   Found eigen3, version 3.3.4
[3.801s] -- Found eigen: /usr/include/eigen3  
[3.918s] -- Boost version: 1.65.1
[3.919s] -- Found the following Boost libraries:
[3.919s] --   system
[3.919s] --   filesystem
[3.919s] --   thread
[3.919s] --   date_time
[3.920s] --   iostreams
[3.920s] --   serialization
[3.920s] --   chrono
[3.920s] --   atomic
[3.920s] --   regex
[3.924s] -- Checking for module 'libopenni'
[3.944s] --   Found libopenni, version 1.5.4.0
[4.002s] -- Found openni: /usr/lib/libOpenNI.so  
[4.003s] -- Checking for module 'libopenni2'
[4.027s] --   Found libopenni2, version 2.2.0.3
[4.086s] -- Found OpenNI2: /usr/lib/libOpenNI2.so  
[4.096s] -- Could NOT find ensenso (missing: ENSENSO_LIBRARY ENSENSO_INCLUDE_DIR) 
[4.096s] ** WARNING ** io features related to ensenso will be disabled
[4.101s] -- Could NOT find DAVIDSDK (missing: DAVIDSDK_LIBRARY DAVIDSDK_INCLUDE_DIR) 
[4.101s] ** WARNING ** io features related to davidSDK will be disabled
[4.102s] -- Could NOT find DSSDK (missing: _DSSDK_LIBRARIES) 
[4.103s] ** WARNING ** io features related to dssdk will be disabled
[4.103s] ** WARNING ** io features related to pcap will be disabled
[4.103s] ** WARNING ** io features related to png will be disabled
[4.190s] -- The imported target "vtkRenderingPythonTkWidgets" references the file
[4.190s]    "/usr/lib/x86_64-linux-gnu/libvtkRenderingPythonTkWidgets.so"
[4.190s] but this file does not exist.  Possible reasons include:
[4.190s] * The file was deleted, renamed, or moved to another location.
[4.190s] * An install or uninstall procedure did not complete successfully.
[4.191s] * The installation package was faulty and contained
[4.191s]    "/usr/lib/cmake/vtk-6.3/VTKTargets.cmake"
[4.191s] but not all the files it references.
[4.191s] 
[4.191s] -- The imported target "vtk" references the file
[4.191s]    "/usr/bin/vtk"
[4.191s] but this file does not exist.  Possible reasons include:
[4.191s] * The file was deleted, renamed, or moved to another location.
[4.192s] * An install or uninstall procedure did not complete successfully.
[4.192s] * The installation package was faulty and contained
[4.192s]    "/usr/lib/cmake/vtk-6.3/VTKTargets.cmake"
[4.192s] but not all the files it references.
[4.192s] 
[4.286s] -- Found libusb-1.0: /usr/include  
[4.286s] ** WARNING ** io features related to libusb-1.0 will be disabled
[4.286s] -- Checking for module 'flann'
[4.306s] --   Found flann, version 1.9.1
[4.375s] -- Found Flann: /usr/lib/x86_64-linux-gnu/libflann_cpp_s.a  
[4.439s] -- Could NOT find ensenso (missing: ENSENSO_LIBRARY ENSENSO_INCLUDE_DIR) 
[4.439s] ** WARNING ** visualization features related to ensenso will be disabled
[4.444s] -- Could NOT find DAVIDSDK (missing: DAVIDSDK_LIBRARY DAVIDSDK_INCLUDE_DIR) 
[4.444s] ** WARNING ** visualization features related to davidSDK will be disabled
[4.445s] -- Could NOT find DSSDK (missing: _DSSDK_LIBRARIES) 
[4.446s] ** WARNING ** visualization features related to dssdk will be disabled
[4.447s] -- Could NOT find RSSDK (missing: _RSSDK_LIBRARIES) 
[4.447s] ** WARNING ** visualization features related to rssdk will be disabled
[4.495s] -- Found qhull: /usr/lib/x86_64-linux-gnu/libqhull.so  
[4.540s] -- looking for PCL_COMMON
[4.543s] -- Found PCL_COMMON: /usr/lib/x86_64-linux-gnu/libpcl_common.so  
[4.543s] -- looking for PCL_OCTREE
[4.546s] -- Found PCL_OCTREE: /usr/lib/x86_64-linux-gnu/libpcl_octree.so  
[4.546s] -- looking for PCL_IO
[4.549s] -- Found PCL_IO: /usr/lib/x86_64-linux-gnu/libpcl_io.so  
[4.550s] -- looking for PCL_KDTREE
[4.552s] -- Found PCL_KDTREE: /usr/lib/x86_64-linux-gnu/libpcl_kdtree.so  
[4.553s] -- looking for PCL_SEARCH
[4.555s] -- Found PCL_SEARCH: /usr/lib/x86_64-linux-gnu/libpcl_search.so  
[4.556s] -- looking for PCL_SAMPLE_CONSENSUS
[4.558s] -- Found PCL_SAMPLE_CONSENSUS: /usr/lib/x86_64-linux-gnu/libpcl_sample_consensus.so  
[4.559s] -- looking for PCL_FILTERS
[4.562s] -- Found PCL_FILTERS: /usr/lib/x86_64-linux-gnu/libpcl_filters.so  
[4.563s] -- looking for PCL_2D
[4.563s] -- Found PCL_2D: /usr/include/pcl-1.8  
[4.564s] -- looking for PCL_GEOMETRY
[4.565s] -- Found PCL_GEOMETRY: /usr/include/pcl-1.8  
[4.565s] -- looking for PCL_FEATURES
[4.568s] -- Found PCL_FEATURES: /usr/lib/x86_64-linux-gnu/libpcl_features.so  
[4.569s] -- looking for PCL_ML
[4.571s] -- Found PCL_ML: /usr/lib/x86_64-linux-gnu/libpcl_ml.so  
[4.572s] -- looking for PCL_SEGMENTATION
[4.575s] -- Found PCL_SEGMENTATION: /usr/lib/x86_64-linux-gnu/libpcl_segmentation.so  
[4.576s] -- looking for PCL_VISUALIZATION
[4.579s] -- Found PCL_VISUALIZATION: /usr/lib/x86_64-linux-gnu/libpcl_visualization.so  
[4.579s] -- looking for PCL_SURFACE
[4.582s] -- Found PCL_SURFACE: /usr/lib/x86_64-linux-gnu/libpcl_surface.so  
[4.583s] -- looking for PCL_REGISTRATION
[4.586s] -- Found PCL_REGISTRATION: /usr/lib/x86_64-linux-gnu/libpcl_registration.so  
[4.586s] -- looking for PCL_KEYPOINTS
[4.589s] -- Found PCL_KEYPOINTS: /usr/lib/x86_64-linux-gnu/libpcl_keypoints.so  
[4.590s] -- looking for PCL_TRACKING
[4.593s] -- Found PCL_TRACKING: /usr/lib/x86_64-linux-gnu/libpcl_tracking.so  
[4.594s] -- looking for PCL_RECOGNITION
[4.597s] -- Found PCL_RECOGNITION: /usr/lib/x86_64-linux-gnu/libpcl_recognition.so  
[4.598s] -- looking for PCL_STEREO
[4.601s] -- Found PCL_STEREO: /usr/lib/x86_64-linux-gnu/libpcl_stereo.so  
[4.602s] -- looking for PCL_APPS
[4.604s] -- Found PCL_APPS: /usr/lib/x86_64-linux-gnu/libpcl_apps.so  
[4.608s] -- looking for PCL_IN_HAND_SCANNER
[4.610s] -- Found PCL_IN_HAND_SCANNER: /usr/include/pcl-1.8  
[4.610s] -- looking for PCL_MODELER
[4.610s] -- Found PCL_MODELER: /usr/include/pcl-1.8  
[4.610s] -- looking for PCL_POINT_CLOUD_EDITOR
[4.613s] -- Found PCL_POINT_CLOUD_EDITOR: /usr/include/pcl-1.8  
[4.613s] -- looking for PCL_OUTOFCORE
[4.614s] -- Found PCL_OUTOFCORE: /usr/lib/x86_64-linux-gnu/libpcl_outofcore.so  
[4.615s] -- looking for PCL_PEOPLE
[4.618s] -- Found PCL_PEOPLE: /usr/lib/x86_64-linux-gnu/libpcl_people.so  
[4.652s] -- Found PCL: /usr/lib/x86_64-linux-gnu/libboost_system.so;/usr/lib/x86_64-linux-gnu/libboost_filesystem.so;/usr/lib/x86_64-linux-gnu/libboost_thread.so;/usr/lib/x86_64-linux-gnu/libboost_date_time.so;/usr/lib/x86_64-linux-gnu/libboost_iostreams.so;/usr/lib/x86_64-linux-gnu/libboost_serialization.so;/usr/lib/x86_64-linux-gnu/libboost_chrono.so;/usr/lib/x86_64-linux-gnu/libboost_atomic.so;/usr/lib/x86_64-linux-gnu/libboost_regex.so;/usr/lib/x86_64-linux-gnu/libpthread.so;optimized;/usr/lib/x86_64-linux-gnu/libpcl_common.so;debug;/usr/lib/x86_64-linux-gnu/libpcl_common.so;optimized;/usr/lib/x86_64-linux-gnu/libpcl_octree.so;debug;/usr/lib/x86_64-linux-gnu/libpcl_octree.so;/usr/lib/libOpenNI.so;/usr/lib/libOpenNI2.so;vtkChartsCore;vtkCommonColor;vtkCommonDataModel;vtkCommonMath;vtkCommonCore;vtksys;vtkCommonMisc;vtkCommonSystem;vtkCommonTransforms;vtkInfovisCore;vtkFiltersExtraction;vtkCommonExecutionModel;vtkFiltersCore;vtkFiltersGeneral;vtkCommonComputationalGeometry;vtkFiltersStatistics;vtkImagingFourier;vtkImagingCore;vtkalglib;vtkRenderingContext2D;vtkRenderingCore;vtkFiltersGeometry;vtkFiltersSources;vtkRenderingFreeType;/usr/lib/x86_64-linux-gnu/libfreetype.so;/usr/lib/x86_64-linux-gnu/libz.so;vtkftgl;vtkDICOMParser;vtkDomainsChemistry;vtkIOXML;vtkIOGeometry;vtkIOCore;vtkIOXMLParser;/usr/lib/x86_64-linux-gnu/libexpat.so;vtkFiltersAMR;vtkParallelCore;vtkIOLegacy;vtkFiltersFlowPaths;vtkFiltersGeneric;vtkFiltersHybrid;vtkImagingSources;vtkFiltersHyperTree;vtkFiltersImaging;vtkImagingGeneral;vtkFiltersModeling;vtkFiltersParallel;vtkFiltersParallelFlowPaths;vtkParallelMPI;vtkFiltersParallelGeometry;vtkFiltersParallelImaging;vtkFiltersParallelMPI;vtkFiltersParallelStatistics;vtkFiltersProgrammable;vtkFiltersPython;/usr/lib/x86_64-linux-gnu/libpython2.7.so;vtkWrappingPythonCore;vtkWrappingTools;vtkFiltersReebGraph;vtkFiltersSMP;vtkFiltersSelection;vtkFiltersTexture;vtkFiltersVerdict;verdict;vtkGUISupportQt;vtkInteractionStyle;vtkRenderingOpenGL;vtkImagingHybrid;vtkIOImage;vtkmetaio;/usr/lib/x86_64-linux-gnu/libjpeg.so;/usr/lib/x86_64-linux-gnu/libpng.so;/usr/lib/x86_64-linux-gnu/libtiff.so;vtkGUISupportQtOpenGL;vtkGUISupportQtSQL;vtkIOSQL;sqlite3;vtkGUISupportQtWebkit;vtkViewsQt;vtkViewsInfovis;vtkInfovisLayout;vtkInfovisBoostGraphAlgorithms;vtkRenderingLabel;vtkViewsCore;vtkInteractionWidgets;vtkRenderingAnnotation;vtkImagingColor;vtkRenderingVolume;vtkGeovisCore;/usr/lib/x86_64-linux-gnu/libproj.so;vtkIOAMR;/usr/lib/x86_64-linux-gnu/hdf5/openmpi/libhdf5.so;/usr/lib/x86_64-linux-gnu/libsz.so;/usr/lib/x86_64-linux-gnu/libdl.so;/usr/lib/x86_64-linux-gnu/libm.so;/usr/lib/x86_64-linux-gnu/openmpi/lib/libmpi.so;vtkIOEnSight;vtkIOExodus;vtkexoIIc;/usr/lib/x86_64-linux-gnu/libnetcdf_c++.so;/usr/lib/x86_64-linux-gnu/libnetcdf.so;vtkIOExport;vtkRenderingGL2PS;vtkRenderingContextOpenGL;/usr/lib/x86_64-linux-gnu/libgl2ps.so;vtkIOFFMPEG;vtkIOMovie;/usr/lib/x86_64-linux-gnu/libtheoraenc.so;/usr/lib/x86_64-linux-gnu/libtheoradec.so;/usr/lib/x86_64-linux-gnu/libogg.so;vtkIOGDAL;vtkIOGeoJSON;vtkIOImport;vtkIOInfovis;/usr/lib/x86_64-linux-gnu/libxml2.so;vtkIOLSDyna;vtkIOMINC;vtkIOMPIImage;vtkIOMPIParallel;vtkIOParallel;vtkIONetCDF;/usr/lib/x86_64-linux-gnu/libjsoncpp.so;vtkIOMySQL;vtkIOODBC;vtkIOPLY;vtkIOParallelExodus;vtkIOParallelLSDyna;vtkIOParallelNetCDF;vtkIOParallelXML;vtkIOPostgreSQL;vtkIOVPIC;VPIC;vtkIOVideo;vtkIOXdmf2;vtkxdmf2;vtkImagingMath;vtkImagingMorphological;vtkImagingStatistics;vtkImagingStencil;vtkInteractionImage;vtkLocalExample;vtkParallelMPI4Py;vtkPythonInterpreter;vtkRenderingExternal;vtkRenderingFreeTypeFontConfig;vtkRenderingImage;vtkRenderingLIC;vtkRenderingLOD;vtkRenderingMatplotlib;vtkRenderingParallel;vtkRenderingParallelLIC;vtkRenderingQt;vtkRenderingVolumeAMR;vtkRenderingVolumeOpenGL;vtkTestingGenericBridge;vtkTestingIOSQL;vtkTestingRendering;vtkViewsContext2D;vtkViewsGeovis;vtkWrappingJava;optimized;/usr/lib/x86_64-linux-gnu/libpcl_io.so;debug;/usr/lib/x86_64-linux-gnu/libpcl_io.so;optimized;/usr/lib/x86_64-linux-gnu/libflann_cpp_s.a;debug;/usr/lib/x86_64-linux-gnu/libflann_cpp_s.a;optimized;/usr/lib/x86_64-linux-gnu/libpcl_kdtree.so;debug;/usr/lib/x86_64-linux-gnu/libpcl_kdtree.so;optimized;/usr/lib/x86_64-linux-gnu/libpcl_search.so;debug;/usr/lib/x86_64-linux-gnu/libpcl_search.so;optimized;/usr/lib/x86_64-linux-gnu/libpcl_sample_consensus.so;debug;/usr/lib/x86_64-linux-gnu/libpcl_sample_consensus.so;optimized;/usr/lib/x86_64-linux-gnu/libpcl_filters.so;debug;/usr/lib/x86_64-linux-gnu/libpcl_filters.so;optimized;/usr/lib/x86_64-linux-gnu/libpcl_features.so;debug;/usr/lib/x86_64-linux-gnu/libpcl_features.so;optimized;/usr/lib/x86_64-linux-gnu/libpcl_ml.so;debug;/usr/lib/x86_64-linux-gnu/libpcl_ml.so;optimized;/usr/lib/x86_64-linux-gnu/libpcl_segmentation.so;debug;/usr/lib/x86_64-linux-gnu/libpcl_segmentation.so;optimized;/usr/lib/x86_64-linux-gnu/libpcl_visualization.so;debug;/usr/lib/x86_64-linux-gnu/libpcl_visualization.so;optimized;/usr/lib/x86_64-linux-gnu/libqhull.so;debug;/usr/lib/x86_64-linux-gnu/libqhull.so;optimized;/usr/lib/x86_64-linux-gnu/libpcl_surface.so;debug;/usr/lib/x86_64-linux-gnu/libpcl_surface.so;optimized;/usr/lib/x86_64-linux-gnu/libpcl_registration.so;debug;/usr/lib/x86_64-linux-gnu/libpcl_registration.so;optimized;/usr/lib/x86_64-linux-gnu/libpcl_keypoints.so;debug;/usr/lib/x86_64-linux-gnu/libpcl_keypoints.so;optimized;/usr/lib/x86_64-linux-gnu/libpcl_tracking.so;debug;/usr/lib/x86_64-linux-gnu/libpcl_tracking.so;optimized;/usr/lib/x86_64-linux-gnu/libpcl_recognition.so;debug;/usr/lib/x86_64-linux-gnu/libpcl_recognition.so;optimized;/usr/lib/x86_64-linux-gnu/libpcl_stereo.so;debug;/usr/lib/x86_64-linux-gnu/libpcl_stereo.so;optimized;/usr/lib/x86_64-linux-gnu/libpcl_apps.so;debug;/usr/lib/x86_64-linux-gnu/libpcl_apps.so;optimized;/usr/lib/x86_64-linux-gnu/libpcl_outofcore.so;debug;/usr/lib/x86_64-linux-gnu/libpcl_outofcore.so;optimized;/usr/lib/x86_64-linux-gnu/libpcl_people.so;debug;/usr/lib/x86_64-linux-gnu/libpcl_people.so;/usr/lib/x86_64-linux-gnu/libboost_system.so;/usr/lib/x86_64-linux-gnu/libboost_filesystem.so;/usr/lib/x86_64-linux-gnu/libboost_thread.so;/usr/lib/x86_64-linux-gnu/libboost_date_time.so;/usr/lib/x86_64-linux-gnu/libboost_iostreams.so;/usr/lib/x86_64-linux-gnu/libboost_serialization.so;/usr/lib/x86_64-linux-gnu/libboost_chrono.so;/usr/lib/x86_64-linux-gnu/libboost_atomic.so;/usr/lib/x86_64-linux-gnu/libboost_regex.so;/usr/lib/x86_64-linux-gnu/libpthread.so;optimized;/usr/lib/x86_64-linux-gnu/libqhull.so;debug;/usr/lib/x86_64-linux-gnu/libqhull.so;/usr/lib/libOpenNI.so;/usr/lib/libOpenNI2.so;optimized;/usr/lib/x86_64-linux-gnu/libflann_cpp_s.a;debug;/usr/lib/x86_64-linux-gnu/libflann_cpp_s.a;vtkChartsCore;vtkCommonColor;vtkCommonDataModel;vtkCommonMath;vtkCommonCore;vtksys;vtkCommonMisc;vtkCommonSystem;vtkCommonTransforms;vtkInfovisCore;vtkFiltersExtraction;vtkCommonExecutionModel;vtkFiltersCore;vtkFiltersGeneral;vtkCommonComputationalGeometry;vtkFiltersStatistics;vtkImagingFourier;vtkImagingCore;vtkalglib;vtkRenderingContext2D;vtkRenderingCore;vtkFiltersGeometry;vtkFiltersSources;vtkRenderingFreeType;/usr/lib/x86_64-linux-gnu/libfreetype.so;/usr/lib/x86_64-linux-gnu/libz.so;vtkftgl;vtkDICOMParser;vtkDomainsChemistry;vtkIOXML;vtkIOGeometry;vtkIOCore;vtkIOXMLParser;/usr/lib/x86_64-linux-gnu/libexpat.so;vtkFiltersAMR;vtkParallelCore;vtkIOLegacy;vtkFiltersFlowPaths;vtkFiltersGeneric;vtkFiltersHybrid;vtkImagingSources;vtkFiltersHyperTree;vtkFiltersImaging;vtkImagingGeneral;vtkFiltersModeling;vtkFiltersParallel;vtkFiltersParallelFlowPaths;vtkParallelMPI;vtkFiltersParallelGeometry;vtkFiltersParallelImaging;vtkFiltersParallelMPI;vtkFiltersParallelStatistics;vtkFiltersProgrammable;vtkFiltersPython;/usr/lib/x86_64-linux-gnu/libpython2.7.so;vtkWrappingPythonCore;vtkWrappingTools;vtkFiltersReebGraph;vtkFiltersSMP;vtkFiltersSelection;vtkFiltersTexture;vtkFiltersVerdict;verdict;vtkGUISupportQt;vtkInteractionStyle;vtkRenderingOpenGL;vtkImagingHybrid;vtkIOImage;vtkmetaio;/usr/lib/x86_64-linux-gnu/libjpeg.so;/usr/lib/x86_64-linux-gnu/libpng.so;/usr/lib/x86_64-linux-gnu/libtiff.so;vtkGUISupportQtOpenGL;vtkGUISupportQtSQL;vtkIOSQL;sqlite3;vtkGUISupportQtWebkit;vtkViewsQt;vtkViewsInfovis;vtkInfovisLayout;vtkInfovisBoostGraphAlgorithms;vtkRenderingLabel;vtkViewsCore;vtkInteractionWidgets;vtkRenderingAnnotation;vtkImagingColor;vtkRenderingVolume;vtkGeovisCore;/usr/lib/x86_64-linux-gnu/libproj.so;vtkIOAMR;/usr/lib/x86_64-linux-gnu/hdf5/openmpi/libhdf5.so;/usr/lib/x86_64-linux-gnu/libsz.so;/usr/lib/x86_64-linux-gnu/libdl.so;/usr/lib/x86_64-linux-gnu/libm.so;/usr/lib/x86_64-linux-gnu/openmpi/lib/libmpi.so;vtkIOEnSight;vtkIOExodus;vtkexoIIc;/usr/lib/x86_64-linux-gnu/libnetcdf_c++.so;/usr/lib/x86_64-linux-gnu/libnetcdf.so;vtkIOExport;vtkRenderingGL2PS;vtkRenderingContextOpenGL;/usr/lib/x86_64-linux-gnu/libgl2ps.so;vtkIOFFMPEG;vtkIOMovie;/usr/lib/x86_64-linux-gnu/libtheoraenc.so;/usr/lib/x86_64-linux-gnu/libtheoradec.so;/usr/lib/x86_64-linux-gnu/libogg.so;vtkIOGDAL;vtkIOGeoJSON;vtkIOImport;vtkIOInfovis;/usr/lib/x86_64-linux-gnu/libxml2.so;vtkIOLSDyna;vtkIOMINC;vtkIOMPIImage;vtkIOMPIParallel;vtkIOParallel;vtkIONetCDF;/usr/lib/x86_64-linux-gnu/libjsoncpp.so;vtkIOMySQL;vtkIOODBC;vtkIOPLY;vtkIOParallelExodus;vtkIOParallelLSDyna;vtkIOParallelNetCDF;vtkIOParallelXML;vtkIOPostgreSQL;vtkIOVPIC;VPIC;vtkIOVideo;vtkIOXdmf2;vtkxdmf2;vtkImagingMath;vtkImagingMorphological;vtkImagingStatistics;vtkImagingStencil;vtkInteractionImage;vtkLocalExample;vtkParallelMPI4Py;vtkPythonInterpreter;vtkRenderingExternal;vtkRenderingFreeTypeFontConfig;vtkRenderingImage;vtkRenderingLIC;vtkRenderingLOD;vtkRenderingMatplotlib;vtkRenderingParallel;vtkRenderingParallelLIC;vtkRenderingQt;vtkRenderingVolumeAMR;vtkRenderingVolumeOpenGL;vtkTestingGenericBridge;vtkTestingIOSQL;vtkTestingRendering;vtkViewsContext2D;vtkViewsGeovis;vtkWrappingJava  
[5.002s] -- Found OpenMP_C: -fopenmp (found version "4.5") 
[5.111s] -- Found OpenMP_CXX: -fopenmp (found version "4.5") 
[5.113s] -- Found OpenMP: TRUE (found version "4.5")  
[5.290s] -- Configuring done
[5.582s] -- Generating done
[5.599s] -- Build files have been written to: /home/ros/autoware.ai/build/road_occupancy_processor
[5.615s] Invoked command in '/home/ros/autoware.ai/build/road_occupancy_processor' returned '0': CMAKE_PREFIX_PATH=/home/ros/autoware.ai/install/vector_map:/home/ros/autoware.ai/install/vector_map_msgs:/home/ros/autoware.ai/install/autoware_build_flags:${CMAKE_PREFIX_PATH} LD_LIBRARY_PATH=/home/ros/autoware.ai/install/vector_map/lib:${LD_LIBRARY_PATH} PKG_CONFIG_PATH=/home/ros/autoware.ai/install/vector_map/lib/x86_64-linux-gnu/pkgconfig:/home/ros/autoware.ai/install/vector_map/lib/pkgconfig:/home/ros/autoware.ai/install/vector_map_msgs/lib/x86_64-linux-gnu/pkgconfig:/home/ros/autoware.ai/install/vector_map_msgs/lib/pkgconfig:/home/ros/autoware.ai/install/autoware_build_flags/lib/x86_64-linux-gnu/pkgconfig:/home/ros/autoware.ai/install/autoware_build_flags/lib/pkgconfig:${PKG_CONFIG_PATH} PYTHONPATH=/home/ros/autoware.ai/install/vector_map_msgs/lib/python2.7/dist-packages:${PYTHONPATH} ROS_PACKAGE_PATH=/home/ros/autoware.ai/install/vector_map/share:/home/ros/autoware.ai/install/vector_map_msgs/share:/home/ros/autoware.ai/install/autoware_build_flags/share:${ROS_PACKAGE_PATH} /usr/bin/cmake /home/ros/autoware.ai/src/autoware/core_perception/road_occupancy_processor -DCMAKE_BUILD_TYPE=Release -DCATKIN_INSTALL_INTO_PREFIX_ROOT=0 -DCMAKE_INSTALL_PREFIX=/home/ros/autoware.ai/install/road_occupancy_processor
[5.617s] Invoking command in '/home/ros/autoware.ai/build/road_occupancy_processor': CMAKE_PREFIX_PATH=/home/ros/autoware.ai/install/vector_map:/home/ros/autoware.ai/install/vector_map_msgs:/home/ros/autoware.ai/install/autoware_build_flags:${CMAKE_PREFIX_PATH} LD_LIBRARY_PATH=/home/ros/autoware.ai/install/vector_map/lib:${LD_LIBRARY_PATH} PKG_CONFIG_PATH=/home/ros/autoware.ai/install/vector_map/lib/x86_64-linux-gnu/pkgconfig:/home/ros/autoware.ai/install/vector_map/lib/pkgconfig:/home/ros/autoware.ai/install/vector_map_msgs/lib/x86_64-linux-gnu/pkgconfig:/home/ros/autoware.ai/install/vector_map_msgs/lib/pkgconfig:/home/ros/autoware.ai/install/autoware_build_flags/lib/x86_64-linux-gnu/pkgconfig:/home/ros/autoware.ai/install/autoware_build_flags/lib/pkgconfig:${PKG_CONFIG_PATH} PYTHONPATH=/home/ros/autoware.ai/install/vector_map_msgs/lib/python2.7/dist-packages:${PYTHONPATH} ROS_PACKAGE_PATH=/home/ros/autoware.ai/install/vector_map/share:/home/ros/autoware.ai/install/vector_map_msgs/share:/home/ros/autoware.ai/install/autoware_build_flags/share:${ROS_PACKAGE_PATH} /usr/bin/cmake --build /home/ros/autoware.ai/build/road_occupancy_processor -- -j12 -l12
[5.682s] [35m[1mScanning dependencies of target pcl_msgs_generate_messages_eus[0m
[5.702s] [  0%] Built target pcl_msgs_generate_messages_eus
[5.715s] [35m[1mScanning dependencies of target nodelet_generate_messages_nodejs[0m
[5.733s] [  0%] Built target nodelet_generate_messages_nodejs
[5.750s] [35m[1mScanning dependencies of target nodelet_generate_messages_lisp[0m
[5.767s] [  0%] Built target nodelet_generate_messages_lisp
[5.780s] [35m[1mScanning dependencies of target nodelet_generate_messages_eus[0m
[5.794s] [  0%] Built target nodelet_generate_messages_eus
[5.808s] [35m[1mScanning dependencies of target nodelet_generate_messages_cpp[0m
[5.823s] [  0%] Built target nodelet_generate_messages_cpp
[5.836s] [35m[1mScanning dependencies of target dynamic_reconfigure_generate_messages_py[0m
[5.851s] [  0%] Built target dynamic_reconfigure_generate_messages_py
[5.866s] [35m[1mScanning dependencies of target dynamic_reconfigure_generate_messages_nodejs[0m
[5.880s] [  0%] Built target dynamic_reconfigure_generate_messages_nodejs
[5.894s] [35m[1mScanning dependencies of target dynamic_reconfigure_generate_messages_lisp[0m
[5.907s] [  0%] Built target dynamic_reconfigure_generate_messages_lisp
[5.921s] [35m[1mScanning dependencies of target dynamic_reconfigure_generate_messages_eus[0m
[5.935s] [  0%] Built target dynamic_reconfigure_generate_messages_eus
[5.951s] [35m[1mScanning dependencies of target pcl_ros_gencfg[0m
[5.968s] [  0%] Built target pcl_ros_gencfg
[5.980s] [35m[1mScanning dependencies of target grid_map_msgs_generate_messages_nodejs[0m
[5.995s] [  0%] Built target grid_map_msgs_generate_messages_nodejs
[6.008s] [35m[1mScanning dependencies of target grid_map_msgs_generate_messages_eus[0m
[6.022s] [  0%] Built target grid_map_msgs_generate_messages_eus
[6.043s] [35m[1mScanning dependencies of target roscpp_generate_messages_py[0m
[6.064s] [  0%] Built target roscpp_generate_messages_py
[6.077s] [35m[1mScanning dependencies of target grid_map_msgs_generate_messages_cpp[0m
[6.091s] [  0%] Built target grid_map_msgs_generate_messages_cpp
[6.107s] [35m[1mScanning dependencies of target rosgraph_msgs_generate_messages_lisp[0m
[6.119s] [  0%] Built target rosgraph_msgs_generate_messages_lisp
[6.136s] [35m[1mScanning dependencies of target rosgraph_msgs_generate_messages_eus[0m
[6.150s] [  0%] Built target rosgraph_msgs_generate_messages_eus
[6.164s] [35m[1mScanning dependencies of target rosgraph_msgs_generate_messages_cpp[0m
[6.178s] [  0%] Built target rosgraph_msgs_generate_messages_cpp
[6.192s] [35m[1mScanning dependencies of target topic_tools_generate_messages_cpp[0m
[6.205s] [  0%] Built target topic_tools_generate_messages_cpp
[6.219s] [35m[1mScanning dependencies of target geometry_msgs_generate_messages_eus[0m
[6.236s] [  0%] Built target geometry_msgs_generate_messages_eus
[6.249s] [35m[1mScanning dependencies of target std_msgs_generate_messages_py[0m
[6.263s] [  0%] Built target std_msgs_generate_messages_py
[6.275s] [35m[1mScanning dependencies of target std_msgs_generate_messages_nodejs[0m
[6.289s] [  0%] Built target std_msgs_generate_messages_nodejs
[6.303s] [35m[1mScanning dependencies of target grid_map_msgs_generate_messages_lisp[0m
[6.316s] [  0%] Built target grid_map_msgs_generate_messages_lisp
[6.333s] [35m[1mScanning dependencies of target actionlib_msgs_generate_messages_lisp[0m
[6.347s] [  0%] Built target actionlib_msgs_generate_messages_lisp
[6.360s] [35m[1mScanning dependencies of target rosgraph_msgs_generate_messages_nodejs[0m
[6.375s] [  0%] Built target rosgraph_msgs_generate_messages_nodejs
[6.388s] [35m[1mScanning dependencies of target std_srvs_generate_messages_cpp[0m
[6.401s] [  0%] Built target std_srvs_generate_messages_cpp
[6.415s] [35m[1mScanning dependencies of target nav_msgs_generate_messages_cpp[0m
[6.428s] [  0%] Built target nav_msgs_generate_messages_cpp
[6.455s] [35m[1mScanning dependencies of target sensor_msgs_generate_messages_lisp[0m
[6.473s] [  0%] Built target sensor_msgs_generate_messages_lisp
[6.489s] [35m[1mScanning dependencies of target std_srvs_generate_messages_eus[0m
[6.503s] [  0%] Built target std_srvs_generate_messages_eus
[6.520s] [35m[1mScanning dependencies of target roscpp_generate_messages_lisp[0m
[6.544s] [  0%] Built target roscpp_generate_messages_lisp
[6.559s] [35m[1mScanning dependencies of target std_msgs_generate_messages_cpp[0m
[6.573s] [  0%] Built target std_msgs_generate_messages_cpp
[6.588s] [35m[1mScanning dependencies of target std_msgs_generate_messages_eus[0m
[6.605s] [  0%] Built target std_msgs_generate_messages_eus
[6.620s] [35m[1mScanning dependencies of target visualization_msgs_generate_messages_lisp[0m
[6.640s] [  0%] Built target visualization_msgs_generate_messages_lisp
[6.654s] [35m[1mScanning dependencies of target visualization_msgs_generate_messages_nodejs[0m
[6.669s] [  0%] Built target visualization_msgs_generate_messages_nodejs
[6.683s] [35m[1mScanning dependencies of target nav_msgs_generate_messages_nodejs[0m
[6.697s] [  0%] Built target nav_msgs_generate_messages_nodejs
[6.711s] [35m[1mScanning dependencies of target roscpp_generate_messages_cpp[0m
[6.724s] [  0%] Built target roscpp_generate_messages_cpp
[6.742s] [35m[1mScanning dependencies of target sensor_msgs_generate_messages_nodejs[0m
[6.758s] [  0%] Built target sensor_msgs_generate_messages_nodejs
[6.774s] [35m[1mScanning dependencies of target actionlib_generate_messages_cpp[0m
[6.794s] [  0%] Built target actionlib_generate_messages_cpp
[6.807s] [35m[1mScanning dependencies of target geometry_msgs_generate_messages_nodejs[0m
[6.821s] [  0%] Built target geometry_msgs_generate_messages_nodejs
[6.840s] [35m[1mScanning dependencies of target nodelet_generate_messages_py[0m
[6.855s] [  0%] Built target nodelet_generate_messages_py
[6.867s] [35m[1mScanning dependencies of target sensor_msgs_generate_messages_py[0m
[6.881s] [  0%] Built target sensor_msgs_generate_messages_py
[6.903s] [35m[1mScanning dependencies of target dynamic_reconfigure_generate_messages_cpp[0m
[6.916s] [  0%] Built target dynamic_reconfigure_generate_messages_cpp
[6.929s] [35m[1mScanning dependencies of target tf_generate_messages_py[0m
[6.948s] [  0%] Built target tf_generate_messages_py
[6.965s] [35m[1mScanning dependencies of target geometry_msgs_generate_messages_lisp[0m
[6.977s] [  0%] Built target geometry_msgs_generate_messages_lisp
[6.992s] [35m[1mScanning dependencies of target roscpp_generate_messages_nodejs[0m
[7.008s] [  0%] Built target roscpp_generate_messages_nodejs
[7.026s] [35m[1mScanning dependencies of target std_msgs_generate_messages_lisp[0m
[7.047s] [  0%] Built target std_msgs_generate_messages_lisp
[7.060s] [35m[1mScanning dependencies of target sensor_msgs_generate_messages_cpp[0m
[7.076s] [  0%] Built target sensor_msgs_generate_messages_cpp
[7.091s] [35m[1mScanning dependencies of target sensor_msgs_generate_messages_eus[0m
[7.105s] [  0%] Built target sensor_msgs_generate_messages_eus
[7.118s] [35m[1mScanning dependencies of target grid_map_msgs_generate_messages_py[0m
[7.135s] [  0%] Built target grid_map_msgs_generate_messages_py
[7.153s] [35m[1mScanning dependencies of target geometry_msgs_generate_messages_py[0m
[7.172s] [  0%] Built target geometry_msgs_generate_messages_py
[7.187s] [35m[1mScanning dependencies of target pcl_msgs_generate_messages_nodejs[0m
[7.211s] [  0%] Built target pcl_msgs_generate_messages_nodejs
[7.223s] [35m[1mScanning dependencies of target nav_msgs_generate_messages_lisp[0m
[7.236s] [  0%] Built target nav_msgs_generate_messages_lisp
[7.249s] [35m[1mScanning dependencies of target roscpp_generate_messages_eus[0m
[7.266s] [  0%] Built target roscpp_generate_messages_eus
[7.276s] [35m[1mScanning dependencies of target rosgraph_msgs_generate_messages_py[0m
[7.290s] [  0%] Built target rosgraph_msgs_generate_messages_py
[7.303s] [35m[1mScanning dependencies of target actionlib_msgs_generate_messages_eus[0m
[7.321s] [  0%] Built target actionlib_msgs_generate_messages_eus
[7.336s] [35m[1mScanning dependencies of target actionlib_msgs_generate_messages_py[0m
[7.355s] [  0%] Built target actionlib_msgs_generate_messages_py
[7.370s] [35m[1mScanning dependencies of target std_srvs_generate_messages_lisp[0m
[7.381s] [  0%] Built target std_srvs_generate_messages_lisp
[7.393s] [35m[1mScanning dependencies of target topic_tools_generate_messages_lisp[0m
[7.411s] [  0%] Built target topic_tools_generate_messages_lisp
[7.424s] [35m[1mScanning dependencies of target std_srvs_generate_messages_nodejs[0m
[7.440s] [  0%] Built target std_srvs_generate_messages_nodejs
[7.455s] [35m[1mScanning dependencies of target geometry_msgs_generate_messages_cpp[0m
[7.472s] [  0%] Built target geometry_msgs_generate_messages_cpp
[7.487s] [35m[1mScanning dependencies of target actionlib_generate_messages_lisp[0m
[7.502s] [  0%] Built target actionlib_generate_messages_lisp
[7.516s] [35m[1mScanning dependencies of target std_srvs_generate_messages_py[0m
[7.529s] [  0%] Built target std_srvs_generate_messages_py
[7.542s] [35m[1mScanning dependencies of target topic_tools_generate_messages_eus[0m
[7.555s] [  0%] Built target topic_tools_generate_messages_eus
[7.568s] [35m[1mScanning dependencies of target topic_tools_generate_messages_nodejs[0m
[7.580s] [  0%] Built target topic_tools_generate_messages_nodejs
[7.596s] [35m[1mScanning dependencies of target nodelet_topic_tools_gencfg[0m
[7.613s] [  0%] Built target nodelet_topic_tools_gencfg
[7.627s] [35m[1mScanning dependencies of target actionlib_msgs_generate_messages_nodejs[0m
[7.641s] [  0%] Built target actionlib_msgs_generate_messages_nodejs
[7.658s] [35m[1mScanning dependencies of target topic_tools_generate_messages_py[0m
[7.671s] [  0%] Built target topic_tools_generate_messages_py
[7.685s] [35m[1mScanning dependencies of target actionlib_msgs_generate_messages_cpp[0m
[7.698s] [  0%] Built target actionlib_msgs_generate_messages_cpp
[7.711s] [35m[1mScanning dependencies of target tf_generate_messages_eus[0m
[7.728s] [  0%] Built target tf_generate_messages_eus
[7.746s] [35m[1mScanning dependencies of target tf_generate_messages_lisp[0m
[7.761s] [  0%] Built target tf_generate_messages_lisp
[7.774s] [35m[1mScanning dependencies of target tf_generate_messages_nodejs[0m
[7.787s] [  0%] Built target tf_generate_messages_nodejs
[7.801s] [35m[1mScanning dependencies of target pcl_msgs_generate_messages_py[0m
[7.814s] [  0%] Built target pcl_msgs_generate_messages_py
[7.827s] [35m[1mScanning dependencies of target actionlib_generate_messages_eus[0m
[7.840s] [  0%] Built target actionlib_generate_messages_eus
[7.853s] [35m[1mScanning dependencies of target pcl_msgs_generate_messages_lisp[0m
[7.866s] [  0%] Built target pcl_msgs_generate_messages_lisp
[7.878s] [35m[1mScanning dependencies of target tf_generate_messages_cpp[0m
[7.897s] [  0%] Built target tf_generate_messages_cpp
[7.911s] [35m[1mScanning dependencies of target actionlib_generate_messages_nodejs[0m
[7.923s] [  0%] Built target actionlib_generate_messages_nodejs
[7.941s] [35m[1mScanning dependencies of target tf2_msgs_generate_messages_cpp[0m
[7.954s] [  0%] Built target tf2_msgs_generate_messages_cpp
[7.972s] [35m[1mScanning dependencies of target dynamic_reconfigure_gencfg[0m
[7.991s] [  0%] Built target dynamic_reconfigure_gencfg
[8.003s] [35m[1mScanning dependencies of target nav_msgs_generate_messages_py[0m
[8.015s] [  0%] Built target nav_msgs_generate_messages_py
[8.028s] [35m[1mScanning dependencies of target tf2_msgs_generate_messages_lisp[0m
[8.047s] [  0%] Built target tf2_msgs_generate_messages_lisp
[8.062s] [35m[1mScanning dependencies of target actionlib_generate_messages_py[0m
[8.077s] [  0%] Built target actionlib_generate_messages_py
[8.091s] [35m[1mScanning dependencies of target tf2_msgs_generate_messages_py[0m
[8.106s] [  0%] Built target tf2_msgs_generate_messages_py
[8.120s] [35m[1mScanning dependencies of target tf2_msgs_generate_messages_nodejs[0m
[8.133s] [  0%] Built target tf2_msgs_generate_messages_nodejs
[8.153s] [35m[1mScanning dependencies of target nav_msgs_generate_messages_eus[0m
[8.166s] [  0%] Built target nav_msgs_generate_messages_eus
[8.180s] [35m[1mScanning dependencies of target tf2_msgs_generate_messages_eus[0m
[8.195s] [  0%] Built target tf2_msgs_generate_messages_eus
[8.209s] [35m[1mScanning dependencies of target visualization_msgs_generate_messages_cpp[0m
[8.222s] [  0%] Built target visualization_msgs_generate_messages_cpp
[8.239s] [35m[1mScanning dependencies of target visualization_msgs_generate_messages_eus[0m
[8.252s] [  0%] Built target visualization_msgs_generate_messages_eus
[8.267s] [35m[1mScanning dependencies of target visualization_msgs_generate_messages_py[0m
[8.280s] [  0%] Built target visualization_msgs_generate_messages_py
[8.294s] [35m[1mScanning dependencies of target pcl_msgs_generate_messages_cpp[0m
[8.307s] [  0%] Built target pcl_msgs_generate_messages_cpp
[8.321s] [35m[1mScanning dependencies of target bond_generate_messages_cpp[0m
[8.335s] [  0%] Built target bond_generate_messages_cpp
[8.350s] [35m[1mScanning dependencies of target bond_generate_messages_eus[0m
[8.366s] [  0%] Built target bond_generate_messages_eus
[8.380s] [35m[1mScanning dependencies of target bond_generate_messages_lisp[0m
[8.396s] [  0%] Built target bond_generate_messages_lisp
[8.419s] [35m[1mScanning dependencies of target bond_generate_messages_nodejs[0m
[8.433s] [  0%] Built target bond_generate_messages_nodejs
[8.446s] [35m[1mScanning dependencies of target bond_generate_messages_py[0m
[8.460s] [  0%] Built target bond_generate_messages_py
[8.478s] [35m[1mScanning dependencies of target vector_map_msgs_generate_messages_nodejs[0m
[8.495s] [  0%] Built target vector_map_msgs_generate_messages_nodejs
[8.508s] [35m[1mScanning dependencies of target vector_map_msgs_generate_messages_cpp[0m
[8.522s] [  0%] Built target vector_map_msgs_generate_messages_cpp
[8.535s] [35m[1mScanning dependencies of target vector_map_msgs_generate_messages_eus[0m
[8.549s] [  0%] Built target vector_map_msgs_generate_messages_eus
[8.563s] [35m[1mScanning dependencies of target vector_map_msgs_generate_messages_lisp[0m
[8.580s] [  0%] Built target vector_map_msgs_generate_messages_lisp
[8.594s] [35m[1mScanning dependencies of target vector_map_msgs_generate_messages_py[0m
[8.608s] [  0%] Built target vector_map_msgs_generate_messages_py
[8.626s] [35m[1mScanning dependencies of target road_occupancy_processor_lib[0m
[8.747s] [ 25%] [32mBuilding CXX object CMakeFiles/road_occupancy_processor_lib.dir/src/road_occupancy_processor.cpp.o[0m
[37.498s] [ 50%] [32m[1mLinking CXX shared library devel/lib/libroad_occupancy_processor_lib.so[0m
[40.111s] [ 50%] Built target road_occupancy_processor_lib
[40.134s] [35m[1mScanning dependencies of target road_occupancy_processor[0m
[40.258s] [ 75%] [32mBuilding CXX object CMakeFiles/road_occupancy_processor.dir/src/road_occupancy_processor_node.cpp.o[0m
[58.587s] [100%] [32m[1mLinking CXX executable devel/lib/road_occupancy_processor/road_occupancy_processor[0m
[60.402s] [100%] Built target road_occupancy_processor
[60.420s] Invoked command in '/home/ros/autoware.ai/build/road_occupancy_processor' returned '0': CMAKE_PREFIX_PATH=/home/ros/autoware.ai/install/vector_map:/home/ros/autoware.ai/install/vector_map_msgs:/home/ros/autoware.ai/install/autoware_build_flags:${CMAKE_PREFIX_PATH} LD_LIBRARY_PATH=/home/ros/autoware.ai/install/vector_map/lib:${LD_LIBRARY_PATH} PKG_CONFIG_PATH=/home/ros/autoware.ai/install/vector_map/lib/x86_64-linux-gnu/pkgconfig:/home/ros/autoware.ai/install/vector_map/lib/pkgconfig:/home/ros/autoware.ai/install/vector_map_msgs/lib/x86_64-linux-gnu/pkgconfig:/home/ros/autoware.ai/install/vector_map_msgs/lib/pkgconfig:/home/ros/autoware.ai/install/autoware_build_flags/lib/x86_64-linux-gnu/pkgconfig:/home/ros/autoware.ai/install/autoware_build_flags/lib/pkgconfig:${PKG_CONFIG_PATH} PYTHONPATH=/home/ros/autoware.ai/install/vector_map_msgs/lib/python2.7/dist-packages:${PYTHONPATH} ROS_PACKAGE_PATH=/home/ros/autoware.ai/install/vector_map/share:/home/ros/autoware.ai/install/vector_map_msgs/share:/home/ros/autoware.ai/install/autoware_build_flags/share:${ROS_PACKAGE_PATH} /usr/bin/cmake --build /home/ros/autoware.ai/build/road_occupancy_processor -- -j12 -l12
[60.523s] Invoking command in '/home/ros/autoware.ai/build/road_occupancy_processor': CMAKE_PREFIX_PATH=/home/ros/autoware.ai/install/vector_map:/home/ros/autoware.ai/install/vector_map_msgs:/home/ros/autoware.ai/install/autoware_build_flags:${CMAKE_PREFIX_PATH} LD_LIBRARY_PATH=/home/ros/autoware.ai/install/vector_map/lib:${LD_LIBRARY_PATH} PKG_CONFIG_PATH=/home/ros/autoware.ai/install/vector_map/lib/x86_64-linux-gnu/pkgconfig:/home/ros/autoware.ai/install/vector_map/lib/pkgconfig:/home/ros/autoware.ai/install/vector_map_msgs/lib/x86_64-linux-gnu/pkgconfig:/home/ros/autoware.ai/install/vector_map_msgs/lib/pkgconfig:/home/ros/autoware.ai/install/autoware_build_flags/lib/x86_64-linux-gnu/pkgconfig:/home/ros/autoware.ai/install/autoware_build_flags/lib/pkgconfig:${PKG_CONFIG_PATH} PYTHONPATH=/home/ros/autoware.ai/install/vector_map_msgs/lib/python2.7/dist-packages:${PYTHONPATH} ROS_PACKAGE_PATH=/home/ros/autoware.ai/install/vector_map/share:/home/ros/autoware.ai/install/vector_map_msgs/share:/home/ros/autoware.ai/install/autoware_build_flags/share:${ROS_PACKAGE_PATH} /usr/bin/cmake --build /home/ros/autoware.ai/build/road_occupancy_processor --target tests -- -j12 -l12
[60.609s] [35m[1mScanning dependencies of target tests[0m
[60.624s] Built target tests
[60.642s] Invoked command in '/home/ros/autoware.ai/build/road_occupancy_processor' returned '0': CMAKE_PREFIX_PATH=/home/ros/autoware.ai/install/vector_map:/home/ros/autoware.ai/install/vector_map_msgs:/home/ros/autoware.ai/install/autoware_build_flags:${CMAKE_PREFIX_PATH} LD_LIBRARY_PATH=/home/ros/autoware.ai/install/vector_map/lib:${LD_LIBRARY_PATH} PKG_CONFIG_PATH=/home/ros/autoware.ai/install/vector_map/lib/x86_64-linux-gnu/pkgconfig:/home/ros/autoware.ai/install/vector_map/lib/pkgconfig:/home/ros/autoware.ai/install/vector_map_msgs/lib/x86_64-linux-gnu/pkgconfig:/home/ros/autoware.ai/install/vector_map_msgs/lib/pkgconfig:/home/ros/autoware.ai/install/autoware_build_flags/lib/x86_64-linux-gnu/pkgconfig:/home/ros/autoware.ai/install/autoware_build_flags/lib/pkgconfig:${PKG_CONFIG_PATH} PYTHONPATH=/home/ros/autoware.ai/install/vector_map_msgs/lib/python2.7/dist-packages:${PYTHONPATH} ROS_PACKAGE_PATH=/home/ros/autoware.ai/install/vector_map/share:/home/ros/autoware.ai/install/vector_map_msgs/share:/home/ros/autoware.ai/install/autoware_build_flags/share:${ROS_PACKAGE_PATH} /usr/bin/cmake --build /home/ros/autoware.ai/build/road_occupancy_processor --target tests -- -j12 -l12
[60.747s] Invoking command in '/home/ros/autoware.ai/build/road_occupancy_processor': CMAKE_PREFIX_PATH=/home/ros/autoware.ai/install/vector_map:/home/ros/autoware.ai/install/vector_map_msgs:/home/ros/autoware.ai/install/autoware_build_flags:${CMAKE_PREFIX_PATH} LD_LIBRARY_PATH=/home/ros/autoware.ai/install/vector_map/lib:${LD_LIBRARY_PATH} PKG_CONFIG_PATH=/home/ros/autoware.ai/install/vector_map/lib/x86_64-linux-gnu/pkgconfig:/home/ros/autoware.ai/install/vector_map/lib/pkgconfig:/home/ros/autoware.ai/install/vector_map_msgs/lib/x86_64-linux-gnu/pkgconfig:/home/ros/autoware.ai/install/vector_map_msgs/lib/pkgconfig:/home/ros/autoware.ai/install/autoware_build_flags/lib/x86_64-linux-gnu/pkgconfig:/home/ros/autoware.ai/install/autoware_build_flags/lib/pkgconfig:${PKG_CONFIG_PATH} PYTHONPATH=/home/ros/autoware.ai/install/vector_map_msgs/lib/python2.7/dist-packages:${PYTHONPATH} ROS_PACKAGE_PATH=/home/ros/autoware.ai/install/vector_map/share:/home/ros/autoware.ai/install/vector_map_msgs/share:/home/ros/autoware.ai/install/autoware_build_flags/share:${ROS_PACKAGE_PATH} /usr/bin/cmake --build /home/ros/autoware.ai/build/road_occupancy_processor --target install -- -j12 -l12
[60.825s] [  0%] Built target pcl_msgs_generate_messages_eus
[60.852s] [  0%] Built target nodelet_generate_messages_nodejs
[60.878s] [  0%] Built target nodelet_generate_messages_lisp
[60.903s] [  0%] Built target nodelet_generate_messages_eus
[60.928s] [  0%] Built target nodelet_generate_messages_cpp
[60.953s] [  0%] Built target dynamic_reconfigure_generate_messages_py
[60.978s] [  0%] Built target dynamic_reconfigure_generate_messages_nodejs
[61.003s] [  0%] Built target dynamic_reconfigure_generate_messages_lisp
[61.028s] [  0%] Built target dynamic_reconfigure_generate_messages_eus
[61.054s] [  0%] Built target pcl_ros_gencfg
[61.081s] [  0%] Built target grid_map_msgs_generate_messages_nodejs
[61.108s] [  0%] Built target grid_map_msgs_generate_messages_eus
[61.135s] [  0%] Built target roscpp_generate_messages_py
[61.163s] [  0%] Built target grid_map_msgs_generate_messages_cpp
[61.189s] [  0%] Built target rosgraph_msgs_generate_messages_lisp
[61.217s] [  0%] Built target rosgraph_msgs_generate_messages_eus
[61.244s] [  0%] Built target rosgraph_msgs_generate_messages_cpp
[61.271s] [  0%] Built target topic_tools_generate_messages_cpp
[61.298s] [  0%] Built target geometry_msgs_generate_messages_eus
[61.324s] [  0%] Built target std_msgs_generate_messages_py
[61.351s] [  0%] Built target std_msgs_generate_messages_nodejs
[61.378s] [  0%] Built target grid_map_msgs_generate_messages_lisp
[61.405s] [  0%] Built target actionlib_msgs_generate_messages_lisp
[61.432s] [  0%] Built target rosgraph_msgs_generate_messages_nodejs
[61.459s] [  0%] Built target std_srvs_generate_messages_cpp
[61.486s] [  0%] Built target nav_msgs_generate_messages_cpp
[61.513s] [  0%] Built target sensor_msgs_generate_messages_lisp
[61.540s] [  0%] Built target std_srvs_generate_messages_eus
[61.566s] [  0%] Built target roscpp_generate_messages_lisp
[61.593s] [  0%] Built target std_msgs_generate_messages_cpp
[61.619s] [  0%] Built target std_msgs_generate_messages_eus
[61.646s] [  0%] Built target visualization_msgs_generate_messages_lisp
[61.672s] [  0%] Built target visualization_msgs_generate_messages_nodejs
[61.699s] [  0%] Built target nav_msgs_generate_messages_nodejs
[61.725s] [  0%] Built target roscpp_generate_messages_cpp
[61.751s] [  0%] Built target sensor_msgs_generate_messages_nodejs
[61.777s] [  0%] Built target actionlib_generate_messages_cpp
[61.804s] [  0%] Built target geometry_msgs_generate_messages_nodejs
[61.831s] [  0%] Built target nodelet_generate_messages_py
[61.857s] [  0%] Built target sensor_msgs_generate_messages_py
[61.882s] [  0%] Built target dynamic_reconfigure_generate_messages_cpp
[61.907s] [  0%] Built target tf_generate_messages_py
[61.933s] [  0%] Built target geometry_msgs_generate_messages_lisp
[61.959s] [  0%] Built target roscpp_generate_messages_nodejs
[61.985s] [  0%] Built target std_msgs_generate_messages_lisp
[62.010s] [  0%] Built target sensor_msgs_generate_messages_cpp
[62.037s] [  0%] Built target sensor_msgs_generate_messages_eus
[62.063s] [  0%] Built target grid_map_msgs_generate_messages_py
[62.090s] [  0%] Built target geometry_msgs_generate_messages_py
[62.119s] [  0%] Built target pcl_msgs_generate_messages_nodejs
[62.147s] [  0%] Built target nav_msgs_generate_messages_lisp
[62.174s] [  0%] Built target roscpp_generate_messages_eus
[62.202s] [  0%] Built target rosgraph_msgs_generate_messages_py
[62.229s] [  0%] Built target actionlib_msgs_generate_messages_eus
[62.256s] [  0%] Built target actionlib_msgs_generate_messages_py
[62.283s] [  0%] Built target std_srvs_generate_messages_lisp
[62.315s] [  0%] Built target topic_tools_generate_messages_lisp
[62.346s] [  0%] Built target std_srvs_generate_messages_nodejs
[62.376s] [  0%] Built target geometry_msgs_generate_messages_cpp
[62.405s] [  0%] Built target actionlib_generate_messages_lisp
[62.438s] [  0%] Built target std_srvs_generate_messages_py
[62.467s] [  0%] Built target topic_tools_generate_messages_eus
[62.498s] [  0%] Built target topic_tools_generate_messages_nodejs
[62.530s] [  0%] Built target nodelet_topic_tools_gencfg
[62.559s] [  0%] Built target actionlib_msgs_generate_messages_nodejs
[62.589s] [  0%] Built target topic_tools_generate_messages_py
[62.617s] [  0%] Built target actionlib_msgs_generate_messages_cpp
[62.658s] [  0%] Built target tf_generate_messages_eus
[62.685s] [  0%] Built target tf_generate_messages_lisp
[62.713s] [  0%] Built target tf_generate_messages_nodejs
[62.743s] [  0%] Built target pcl_msgs_generate_messages_py
[62.773s] [  0%] Built target actionlib_generate_messages_eus
[62.817s] [  0%] Built target pcl_msgs_generate_messages_lisp
[62.844s] [  0%] Built target tf_generate_messages_cpp
[62.875s] [  0%] Built target actionlib_generate_messages_nodejs
[62.902s] [  0%] Built target tf2_msgs_generate_messages_cpp
[62.932s] [  0%] Built target dynamic_reconfigure_gencfg
[62.967s] [  0%] Built target nav_msgs_generate_messages_py
[62.995s] [  0%] Built target tf2_msgs_generate_messages_lisp
[63.025s] [  0%] Built target actionlib_generate_messages_py
[63.061s] [  0%] Built target tf2_msgs_generate_messages_py
[63.088s] [  0%] Built target tf2_msgs_generate_messages_nodejs
[63.117s] [  0%] Built target nav_msgs_generate_messages_eus
[63.151s] [  0%] Built target tf2_msgs_generate_messages_eus
[63.181s] [  0%] Built target visualization_msgs_generate_messages_cpp
[63.209s] [  0%] Built target visualization_msgs_generate_messages_eus
[63.239s] [  0%] Built target visualization_msgs_generate_messages_py
[63.269s] [  0%] Built target pcl_msgs_generate_messages_cpp
[63.299s] [  0%] Built target bond_generate_messages_cpp
[63.327s] [  0%] Built target bond_generate_messages_eus
[63.357s] [  0%] Built target bond_generate_messages_lisp
[63.389s] [  0%] Built target bond_generate_messages_nodejs
[63.438s] [  0%] Built target bond_generate_messages_py
[63.469s] [  0%] Built target vector_map_msgs_generate_messages_nodejs
[63.494s] [  0%] Built target vector_map_msgs_generate_messages_cpp
[63.519s] [  0%] Built target vector_map_msgs_generate_messages_eus
[63.545s] [  0%] Built target vector_map_msgs_generate_messages_lisp
[63.570s] [  0%] Built target vector_map_msgs_generate_messages_py
[63.621s] [ 50%] Built target road_occupancy_processor_lib
[63.672s] [100%] Built target road_occupancy_processor
[63.708s] [36mInstall the project...[0m
[63.720s] -- Install configuration: "Release"
[63.720s] -- Installing: /home/ros/autoware.ai/install/road_occupancy_processor/lib/pkgconfig/road_occupancy_processor.pc
[63.721s] -- Installing: /home/ros/autoware.ai/install/road_occupancy_processor/share/road_occupancy_processor/cmake/road_occupancy_processorConfig.cmake
[63.721s] -- Installing: /home/ros/autoware.ai/install/road_occupancy_processor/share/road_occupancy_processor/cmake/road_occupancy_processorConfig-version.cmake
[63.722s] -- Installing: /home/ros/autoware.ai/install/road_occupancy_processor/share/road_occupancy_processor/package.xml
[63.722s] -- Installing: /home/ros/autoware.ai/install/road_occupancy_processor/lib/road_occupancy_processor/road_occupancy_processor
[63.732s] -- Set runtime path of "/home/ros/autoware.ai/install/road_occupancy_processor/lib/road_occupancy_processor/road_occupancy_processor" to ""
[63.732s] -- Installing: /home/ros/autoware.ai/install/road_occupancy_processor/lib/libroad_occupancy_processor_lib.so
[63.747s] -- Set runtime path of "/home/ros/autoware.ai/install/road_occupancy_processor/lib/libroad_occupancy_processor_lib.so" to ""
[63.747s] -- Installing: /home/ros/autoware.ai/install/road_occupancy_processor/include/road_occupancy_processor
[63.747s] -- Installing: /home/ros/autoware.ai/install/road_occupancy_processor/include/road_occupancy_processor/road_occupancy_processor.h
[63.748s] -- Installing: /home/ros/autoware.ai/install/road_occupancy_processor/share/road_occupancy_processor/launch
[63.748s] -- Installing: /home/ros/autoware.ai/install/road_occupancy_processor/share/road_occupancy_processor/launch/road_occupancy_processor.launch
[63.754s] Invoked command in '/home/ros/autoware.ai/build/road_occupancy_processor' returned '0': CMAKE_PREFIX_PATH=/home/ros/autoware.ai/install/vector_map:/home/ros/autoware.ai/install/vector_map_msgs:/home/ros/autoware.ai/install/autoware_build_flags:${CMAKE_PREFIX_PATH} LD_LIBRARY_PATH=/home/ros/autoware.ai/install/vector_map/lib:${LD_LIBRARY_PATH} PKG_CONFIG_PATH=/home/ros/autoware.ai/install/vector_map/lib/x86_64-linux-gnu/pkgconfig:/home/ros/autoware.ai/install/vector_map/lib/pkgconfig:/home/ros/autoware.ai/install/vector_map_msgs/lib/x86_64-linux-gnu/pkgconfig:/home/ros/autoware.ai/install/vector_map_msgs/lib/pkgconfig:/home/ros/autoware.ai/install/autoware_build_flags/lib/x86_64-linux-gnu/pkgconfig:/home/ros/autoware.ai/install/autoware_build_flags/lib/pkgconfig:${PKG_CONFIG_PATH} PYTHONPATH=/home/ros/autoware.ai/install/vector_map_msgs/lib/python2.7/dist-packages:${PYTHONPATH} ROS_PACKAGE_PATH=/home/ros/autoware.ai/install/vector_map/share:/home/ros/autoware.ai/install/vector_map_msgs/share:/home/ros/autoware.ai/install/autoware_build_flags/share:${ROS_PACKAGE_PATH} /usr/bin/cmake --build /home/ros/autoware.ai/build/road_occupancy_processor --target install -- -j12 -l12
