[0.141s] Invoking command in '/home/ros/autoware.ai/build/op_planner': CMAKE_PREFIX_PATH=/home/ros/autoware.ai/install/op_utility:/home/ros/autoware.ai/install/vector_map_server:/home/ros/autoware.ai/install/vector_map:/home/ros/autoware.ai/install/vector_map_msgs:/home/ros/autoware.ai/install/autoware_msgs:/home/ros/autoware.ai/install/autoware_build_flags:${CMAKE_PREFIX_PATH} LD_LIBRARY_PATH=/home/ros/autoware.ai/install/op_utility/lib:/home/ros/autoware.ai/install/vector_map/lib:${LD_LIBRARY_PATH} PKG_CONFIG_PATH=/home/ros/autoware.ai/install/op_utility/lib/x86_64-linux-gnu/pkgconfig:/home/ros/autoware.ai/install/op_utility/lib/pkgconfig:/home/ros/autoware.ai/install/vector_map_server/lib/x86_64-linux-gnu/pkgconfig:/home/ros/autoware.ai/install/vector_map_server/lib/pkgconfig:/home/ros/autoware.ai/install/vector_map/lib/x86_64-linux-gnu/pkgconfig:/home/ros/autoware.ai/install/vector_map/lib/pkgconfig:/home/ros/autoware.ai/install/vector_map_msgs/lib/x86_64-linux-gnu/pkgconfig:/home/ros/autoware.ai/install/vector_map_msgs/lib/pkgconfig:/home/ros/autoware.ai/install/autoware_msgs/lib/x86_64-linux-gnu/pkgconfig:/home/ros/autoware.ai/install/autoware_msgs/lib/pkgconfig:/home/ros/autoware.ai/install/autoware_build_flags/lib/x86_64-linux-gnu/pkgconfig:/home/ros/autoware.ai/install/autoware_build_flags/lib/pkgconfig:${PKG_CONFIG_PATH} PYTHONPATH=/home/ros/autoware.ai/install/vector_map_server/lib/python2.7/dist-packages:/home/ros/autoware.ai/install/vector_map_msgs/lib/python2.7/dist-packages:/home/ros/autoware.ai/install/autoware_msgs/lib/python2.7/dist-packages:${PYTHONPATH} ROS_PACKAGE_PATH=/home/ros/autoware.ai/install/op_utility/share:/home/ros/autoware.ai/install/vector_map_server/share:/home/ros/autoware.ai/install/vector_map/share:/home/ros/autoware.ai/install/vector_map_msgs/share:/home/ros/autoware.ai/install/autoware_msgs/share:/home/ros/autoware.ai/install/autoware_build_flags/share:${ROS_PACKAGE_PATH} /usr/bin/cmake /home/ros/autoware.ai/src/autoware/common/op_planner -DCMAKE_BUILD_TYPE=Release -DCATKIN_INSTALL_INTO_PREFIX_ROOT=0 -DCMAKE_INSTALL_PREFIX=/home/ros/autoware.ai/install/op_planner
[0.230s] -- The C compiler identification is GNU 7.5.0
[0.327s] -- The CXX compiler identification is GNU 7.5.0
[0.333s] -- Check for working C compiler: /usr/bin/cc
[0.424s] -- Check for working C compiler: /usr/bin/cc -- works
[0.425s] -- Detecting C compiler ABI info
[0.533s] -- Detecting C compiler ABI info - done
[0.547s] -- Detecting C compile features
[0.924s] -- Detecting C compile features - done
[0.929s] -- Check for working CXX compiler: /usr/bin/c++
[1.074s] -- Check for working CXX compiler: /usr/bin/c++ -- works
[1.074s] -- Detecting CXX compiler ABI info
[1.189s] -- Detecting CXX compiler ABI info - done
[1.201s] -- Detecting CXX compile features
[1.764s] -- Detecting CXX compile features - done
[1.767s] -- CUDA compilation status: .
[1.769s] -- Using CATKIN_DEVEL_PREFIX: /home/ros/autoware.ai/build/op_planner/devel
[1.770s] -- Using CMAKE_PREFIX_PATH: /home/ros/autoware.ai/install/op_utility;/home/ros/autoware.ai/install/vector_map_server;/home/ros/autoware.ai/install/vector_map;/home/ros/autoware.ai/install/vector_map_msgs;/home/ros/autoware.ai/install/autoware_msgs;/home/ros/autoware.ai/install/autoware_build_flags;/opt/ros/melodic
[1.770s] -- This workspace overlays: /home/ros/autoware.ai/install/op_utility;/home/ros/autoware.ai/install/vector_map_server;/home/ros/autoware.ai/install/vector_map;/home/ros/autoware.ai/install/vector_map_msgs;/home/ros/autoware.ai/install/autoware_msgs;/home/ros/autoware.ai/install/autoware_build_flags;/opt/ros/melodic
[1.791s] -- Found PythonInterp: /usr/bin/python2 (found suitable version "2.7.17", minimum required is "2") 
[1.791s] -- Using PYTHON_EXECUTABLE: /usr/bin/python2
[1.791s] -- Using Debian Python package layout
[1.791s] -- Using empy: /usr/bin/empy
[2.005s] -- Using CATKIN_ENABLE_TESTING: ON
[2.006s] -- Call enable_testing()
[2.009s] -- Using CATKIN_TEST_RESULTS_DIR: /home/ros/autoware.ai/build/op_planner/test_results
[2.034s] -- Found gtest sources under '/usr/src/googletest': gtests will be built
[2.034s] -- Found gmock sources under '/usr/src/googletest': gmock will be built
[2.052s] -- Found PythonInterp: /usr/bin/python2 (found version "2.7.17") 
[2.053s] -- Looking for pthread.h
[2.163s] -- Looking for pthread.h - found
[2.163s] -- Looking for pthread_create
[2.259s] -- Looking for pthread_create - not found
[2.259s] -- Looking for pthread_create in pthreads
[2.355s] -- Looking for pthread_create in pthreads - not found
[2.358s] -- Looking for pthread_create in pthread
[2.483s] -- Looking for pthread_create in pthread - found
[2.486s] -- Found Threads: TRUE  
[2.493s] -- Using Python nosetests: /usr/bin/nosetests-2.7
[2.557s] -- catkin 0.7.29
[2.557s] -- BUILD_SHARED_LIBS is on
[2.860s] -- Using these message generators: gencpp;geneus;genlisp;gennodejs;genpy
[3.117s] -- Found TinyXML: /usr/lib/x86_64-linux-gnu/libtinyxml.so  
[3.302s] -- Configuring done
[3.362s] -- Generating done
[3.376s] -- Build files have been written to: /home/ros/autoware.ai/build/op_planner
[3.420s] Invoked command in '/home/ros/autoware.ai/build/op_planner' returned '0': CMAKE_PREFIX_PATH=/home/ros/autoware.ai/install/op_utility:/home/ros/autoware.ai/install/vector_map_server:/home/ros/autoware.ai/install/vector_map:/home/ros/autoware.ai/install/vector_map_msgs:/home/ros/autoware.ai/install/autoware_msgs:/home/ros/autoware.ai/install/autoware_build_flags:${CMAKE_PREFIX_PATH} LD_LIBRARY_PATH=/home/ros/autoware.ai/install/op_utility/lib:/home/ros/autoware.ai/install/vector_map/lib:${LD_LIBRARY_PATH} PKG_CONFIG_PATH=/home/ros/autoware.ai/install/op_utility/lib/x86_64-linux-gnu/pkgconfig:/home/ros/autoware.ai/install/op_utility/lib/pkgconfig:/home/ros/autoware.ai/install/vector_map_server/lib/x86_64-linux-gnu/pkgconfig:/home/ros/autoware.ai/install/vector_map_server/lib/pkgconfig:/home/ros/autoware.ai/install/vector_map/lib/x86_64-linux-gnu/pkgconfig:/home/ros/autoware.ai/install/vector_map/lib/pkgconfig:/home/ros/autoware.ai/install/vector_map_msgs/lib/x86_64-linux-gnu/pkgconfig:/home/ros/autoware.ai/install/vector_map_msgs/lib/pkgconfig:/home/ros/autoware.ai/install/autoware_msgs/lib/x86_64-linux-gnu/pkgconfig:/home/ros/autoware.ai/install/autoware_msgs/lib/pkgconfig:/home/ros/autoware.ai/install/autoware_build_flags/lib/x86_64-linux-gnu/pkgconfig:/home/ros/autoware.ai/install/autoware_build_flags/lib/pkgconfig:${PKG_CONFIG_PATH} PYTHONPATH=/home/ros/autoware.ai/install/vector_map_server/lib/python2.7/dist-packages:/home/ros/autoware.ai/install/vector_map_msgs/lib/python2.7/dist-packages:/home/ros/autoware.ai/install/autoware_msgs/lib/python2.7/dist-packages:${PYTHONPATH} ROS_PACKAGE_PATH=/home/ros/autoware.ai/install/op_utility/share:/home/ros/autoware.ai/install/vector_map_server/share:/home/ros/autoware.ai/install/vector_map/share:/home/ros/autoware.ai/install/vector_map_msgs/share:/home/ros/autoware.ai/install/autoware_msgs/share:/home/ros/autoware.ai/install/autoware_build_flags/share:${ROS_PACKAGE_PATH} /usr/bin/cmake /home/ros/autoware.ai/src/autoware/common/op_planner -DCMAKE_BUILD_TYPE=Release -DCATKIN_INSTALL_INTO_PREFIX_ROOT=0 -DCMAKE_INSTALL_PREFIX=/home/ros/autoware.ai/install/op_planner
[3.423s] Invoking command in '/home/ros/autoware.ai/build/op_planner': CMAKE_PREFIX_PATH=/home/ros/autoware.ai/install/op_utility:/home/ros/autoware.ai/install/vector_map_server:/home/ros/autoware.ai/install/vector_map:/home/ros/autoware.ai/install/vector_map_msgs:/home/ros/autoware.ai/install/autoware_msgs:/home/ros/autoware.ai/install/autoware_build_flags:${CMAKE_PREFIX_PATH} LD_LIBRARY_PATH=/home/ros/autoware.ai/install/op_utility/lib:/home/ros/autoware.ai/install/vector_map/lib:${LD_LIBRARY_PATH} PKG_CONFIG_PATH=/home/ros/autoware.ai/install/op_utility/lib/x86_64-linux-gnu/pkgconfig:/home/ros/autoware.ai/install/op_utility/lib/pkgconfig:/home/ros/autoware.ai/install/vector_map_server/lib/x86_64-linux-gnu/pkgconfig:/home/ros/autoware.ai/install/vector_map_server/lib/pkgconfig:/home/ros/autoware.ai/install/vector_map/lib/x86_64-linux-gnu/pkgconfig:/home/ros/autoware.ai/install/vector_map/lib/pkgconfig:/home/ros/autoware.ai/install/vector_map_msgs/lib/x86_64-linux-gnu/pkgconfig:/home/ros/autoware.ai/install/vector_map_msgs/lib/pkgconfig:/home/ros/autoware.ai/install/autoware_msgs/lib/x86_64-linux-gnu/pkgconfig:/home/ros/autoware.ai/install/autoware_msgs/lib/pkgconfig:/home/ros/autoware.ai/install/autoware_build_flags/lib/x86_64-linux-gnu/pkgconfig:/home/ros/autoware.ai/install/autoware_build_flags/lib/pkgconfig:${PKG_CONFIG_PATH} PYTHONPATH=/home/ros/autoware.ai/install/vector_map_server/lib/python2.7/dist-packages:/home/ros/autoware.ai/install/vector_map_msgs/lib/python2.7/dist-packages:/home/ros/autoware.ai/install/autoware_msgs/lib/python2.7/dist-packages:${PYTHONPATH} ROS_PACKAGE_PATH=/home/ros/autoware.ai/install/op_utility/share:/home/ros/autoware.ai/install/vector_map_server/share:/home/ros/autoware.ai/install/vector_map/share:/home/ros/autoware.ai/install/vector_map_msgs/share:/home/ros/autoware.ai/install/autoware_msgs/share:/home/ros/autoware.ai/install/autoware_build_flags/share:${ROS_PACKAGE_PATH} /usr/bin/cmake --build /home/ros/autoware.ai/build/op_planner -- -j12 -l12
[3.528s] [35m[1mScanning dependencies of target op_planner[0m
[3.584s] [  7%] [32mBuilding CXX object CMakeFiles/op_planner.dir/src/BehaviorPrediction.cpp.o[0m
[9.853s] [ 15%] [32mBuilding CXX object CMakeFiles/op_planner.dir/src/TrajectoryDynamicCosts.cpp.o[0m
[13.118s] [ 23%] [32mBuilding CXX object CMakeFiles/op_planner.dir/src/TrajectoryCosts.cpp.o[0m
[15.470s] [ 30%] [32mBuilding CXX object CMakeFiles/op_planner.dir/src/SimuDecisionMaker.cpp.o[0m
[17.686s] [ 38%] [32mBuilding CXX object CMakeFiles/op_planner.dir/src/PlanningHelpers.cpp.o[0m
[22.603s] [ 46%] [32mBuilding CXX object CMakeFiles/op_planner.dir/src/PlannerH.cpp.o[0m
[27.144s] [ 53%] [32mBuilding CXX object CMakeFiles/op_planner.dir/src/PassiveDecisionMaker.cpp.o[0m
[28.736s] [ 61%] [32mBuilding CXX object CMakeFiles/op_planner.dir/src/MatrixOperations.cpp.o[0m
[29.226s] [ 69%] [32mBuilding CXX object CMakeFiles/op_planner.dir/src/MappingHelpers.cpp.o[0m
[37.144s] [ 76%] [32mBuilding CXX object CMakeFiles/op_planner.dir/src/LocalPlannerH.cpp.o[0m
[41.478s] [ 84%] [32mBuilding CXX object CMakeFiles/op_planner.dir/src/DecisionMaker.cpp.o[0m
[44.409s] [ 92%] [32mBuilding CXX object CMakeFiles/op_planner.dir/src/BehaviorStateMachine.cpp.o[0m
[45.355s] [100%] [32m[1mLinking CXX shared library devel/lib/libop_planner.so[0m
[45.533s] [100%] Built target op_planner
[45.552s] Invoked command in '/home/ros/autoware.ai/build/op_planner' returned '0': CMAKE_PREFIX_PATH=/home/ros/autoware.ai/install/op_utility:/home/ros/autoware.ai/install/vector_map_server:/home/ros/autoware.ai/install/vector_map:/home/ros/autoware.ai/install/vector_map_msgs:/home/ros/autoware.ai/install/autoware_msgs:/home/ros/autoware.ai/install/autoware_build_flags:${CMAKE_PREFIX_PATH} LD_LIBRARY_PATH=/home/ros/autoware.ai/install/op_utility/lib:/home/ros/autoware.ai/install/vector_map/lib:${LD_LIBRARY_PATH} PKG_CONFIG_PATH=/home/ros/autoware.ai/install/op_utility/lib/x86_64-linux-gnu/pkgconfig:/home/ros/autoware.ai/install/op_utility/lib/pkgconfig:/home/ros/autoware.ai/install/vector_map_server/lib/x86_64-linux-gnu/pkgconfig:/home/ros/autoware.ai/install/vector_map_server/lib/pkgconfig:/home/ros/autoware.ai/install/vector_map/lib/x86_64-linux-gnu/pkgconfig:/home/ros/autoware.ai/install/vector_map/lib/pkgconfig:/home/ros/autoware.ai/install/vector_map_msgs/lib/x86_64-linux-gnu/pkgconfig:/home/ros/autoware.ai/install/vector_map_msgs/lib/pkgconfig:/home/ros/autoware.ai/install/autoware_msgs/lib/x86_64-linux-gnu/pkgconfig:/home/ros/autoware.ai/install/autoware_msgs/lib/pkgconfig:/home/ros/autoware.ai/install/autoware_build_flags/lib/x86_64-linux-gnu/pkgconfig:/home/ros/autoware.ai/install/autoware_build_flags/lib/pkgconfig:${PKG_CONFIG_PATH} PYTHONPATH=/home/ros/autoware.ai/install/vector_map_server/lib/python2.7/dist-packages:/home/ros/autoware.ai/install/vector_map_msgs/lib/python2.7/dist-packages:/home/ros/autoware.ai/install/autoware_msgs/lib/python2.7/dist-packages:${PYTHONPATH} ROS_PACKAGE_PATH=/home/ros/autoware.ai/install/op_utility/share:/home/ros/autoware.ai/install/vector_map_server/share:/home/ros/autoware.ai/install/vector_map/share:/home/ros/autoware.ai/install/vector_map_msgs/share:/home/ros/autoware.ai/install/autoware_msgs/share:/home/ros/autoware.ai/install/autoware_build_flags/share:${ROS_PACKAGE_PATH} /usr/bin/cmake --build /home/ros/autoware.ai/build/op_planner -- -j12 -l12
[45.879s] Invoking command in '/home/ros/autoware.ai/build/op_planner': CMAKE_PREFIX_PATH=/home/ros/autoware.ai/install/op_utility:/home/ros/autoware.ai/install/vector_map_server:/home/ros/autoware.ai/install/vector_map:/home/ros/autoware.ai/install/vector_map_msgs:/home/ros/autoware.ai/install/autoware_msgs:/home/ros/autoware.ai/install/autoware_build_flags:${CMAKE_PREFIX_PATH} LD_LIBRARY_PATH=/home/ros/autoware.ai/install/op_utility/lib:/home/ros/autoware.ai/install/vector_map/lib:${LD_LIBRARY_PATH} PKG_CONFIG_PATH=/home/ros/autoware.ai/install/op_utility/lib/x86_64-linux-gnu/pkgconfig:/home/ros/autoware.ai/install/op_utility/lib/pkgconfig:/home/ros/autoware.ai/install/vector_map_server/lib/x86_64-linux-gnu/pkgconfig:/home/ros/autoware.ai/install/vector_map_server/lib/pkgconfig:/home/ros/autoware.ai/install/vector_map/lib/x86_64-linux-gnu/pkgconfig:/home/ros/autoware.ai/install/vector_map/lib/pkgconfig:/home/ros/autoware.ai/install/vector_map_msgs/lib/x86_64-linux-gnu/pkgconfig:/home/ros/autoware.ai/install/vector_map_msgs/lib/pkgconfig:/home/ros/autoware.ai/install/autoware_msgs/lib/x86_64-linux-gnu/pkgconfig:/home/ros/autoware.ai/install/autoware_msgs/lib/pkgconfig:/home/ros/autoware.ai/install/autoware_build_flags/lib/x86_64-linux-gnu/pkgconfig:/home/ros/autoware.ai/install/autoware_build_flags/lib/pkgconfig:${PKG_CONFIG_PATH} PYTHONPATH=/home/ros/autoware.ai/install/vector_map_server/lib/python2.7/dist-packages:/home/ros/autoware.ai/install/vector_map_msgs/lib/python2.7/dist-packages:/home/ros/autoware.ai/install/autoware_msgs/lib/python2.7/dist-packages:${PYTHONPATH} ROS_PACKAGE_PATH=/home/ros/autoware.ai/install/op_utility/share:/home/ros/autoware.ai/install/vector_map_server/share:/home/ros/autoware.ai/install/vector_map/share:/home/ros/autoware.ai/install/vector_map_msgs/share:/home/ros/autoware.ai/install/autoware_msgs/share:/home/ros/autoware.ai/install/autoware_build_flags/share:${ROS_PACKAGE_PATH} /usr/bin/cmake --build /home/ros/autoware.ai/build/op_planner --target tests -- -j12 -l12
[45.971s] [35m[1mScanning dependencies of target tests[0m
[45.992s] Built target tests
[46.015s] Invoked command in '/home/ros/autoware.ai/build/op_planner' returned '0': CMAKE_PREFIX_PATH=/home/ros/autoware.ai/install/op_utility:/home/ros/autoware.ai/install/vector_map_server:/home/ros/autoware.ai/install/vector_map:/home/ros/autoware.ai/install/vector_map_msgs:/home/ros/autoware.ai/install/autoware_msgs:/home/ros/autoware.ai/install/autoware_build_flags:${CMAKE_PREFIX_PATH} LD_LIBRARY_PATH=/home/ros/autoware.ai/install/op_utility/lib:/home/ros/autoware.ai/install/vector_map/lib:${LD_LIBRARY_PATH} PKG_CONFIG_PATH=/home/ros/autoware.ai/install/op_utility/lib/x86_64-linux-gnu/pkgconfig:/home/ros/autoware.ai/install/op_utility/lib/pkgconfig:/home/ros/autoware.ai/install/vector_map_server/lib/x86_64-linux-gnu/pkgconfig:/home/ros/autoware.ai/install/vector_map_server/lib/pkgconfig:/home/ros/autoware.ai/install/vector_map/lib/x86_64-linux-gnu/pkgconfig:/home/ros/autoware.ai/install/vector_map/lib/pkgconfig:/home/ros/autoware.ai/install/vector_map_msgs/lib/x86_64-linux-gnu/pkgconfig:/home/ros/autoware.ai/install/vector_map_msgs/lib/pkgconfig:/home/ros/autoware.ai/install/autoware_msgs/lib/x86_64-linux-gnu/pkgconfig:/home/ros/autoware.ai/install/autoware_msgs/lib/pkgconfig:/home/ros/autoware.ai/install/autoware_build_flags/lib/x86_64-linux-gnu/pkgconfig:/home/ros/autoware.ai/install/autoware_build_flags/lib/pkgconfig:${PKG_CONFIG_PATH} PYTHONPATH=/home/ros/autoware.ai/install/vector_map_server/lib/python2.7/dist-packages:/home/ros/autoware.ai/install/vector_map_msgs/lib/python2.7/dist-packages:/home/ros/autoware.ai/install/autoware_msgs/lib/python2.7/dist-packages:${PYTHONPATH} ROS_PACKAGE_PATH=/home/ros/autoware.ai/install/op_utility/share:/home/ros/autoware.ai/install/vector_map_server/share:/home/ros/autoware.ai/install/vector_map/share:/home/ros/autoware.ai/install/vector_map_msgs/share:/home/ros/autoware.ai/install/autoware_msgs/share:/home/ros/autoware.ai/install/autoware_build_flags/share:${ROS_PACKAGE_PATH} /usr/bin/cmake --build /home/ros/autoware.ai/build/op_planner --target tests -- -j12 -l12
[46.359s] Invoking command in '/home/ros/autoware.ai/build/op_planner': CMAKE_PREFIX_PATH=/home/ros/autoware.ai/install/op_utility:/home/ros/autoware.ai/install/vector_map_server:/home/ros/autoware.ai/install/vector_map:/home/ros/autoware.ai/install/vector_map_msgs:/home/ros/autoware.ai/install/autoware_msgs:/home/ros/autoware.ai/install/autoware_build_flags:${CMAKE_PREFIX_PATH} LD_LIBRARY_PATH=/home/ros/autoware.ai/install/op_utility/lib:/home/ros/autoware.ai/install/vector_map/lib:${LD_LIBRARY_PATH} PKG_CONFIG_PATH=/home/ros/autoware.ai/install/op_utility/lib/x86_64-linux-gnu/pkgconfig:/home/ros/autoware.ai/install/op_utility/lib/pkgconfig:/home/ros/autoware.ai/install/vector_map_server/lib/x86_64-linux-gnu/pkgconfig:/home/ros/autoware.ai/install/vector_map_server/lib/pkgconfig:/home/ros/autoware.ai/install/vector_map/lib/x86_64-linux-gnu/pkgconfig:/home/ros/autoware.ai/install/vector_map/lib/pkgconfig:/home/ros/autoware.ai/install/vector_map_msgs/lib/x86_64-linux-gnu/pkgconfig:/home/ros/autoware.ai/install/vector_map_msgs/lib/pkgconfig:/home/ros/autoware.ai/install/autoware_msgs/lib/x86_64-linux-gnu/pkgconfig:/home/ros/autoware.ai/install/autoware_msgs/lib/pkgconfig:/home/ros/autoware.ai/install/autoware_build_flags/lib/x86_64-linux-gnu/pkgconfig:/home/ros/autoware.ai/install/autoware_build_flags/lib/pkgconfig:${PKG_CONFIG_PATH} PYTHONPATH=/home/ros/autoware.ai/install/vector_map_server/lib/python2.7/dist-packages:/home/ros/autoware.ai/install/vector_map_msgs/lib/python2.7/dist-packages:/home/ros/autoware.ai/install/autoware_msgs/lib/python2.7/dist-packages:${PYTHONPATH} ROS_PACKAGE_PATH=/home/ros/autoware.ai/install/op_utility/share:/home/ros/autoware.ai/install/vector_map_server/share:/home/ros/autoware.ai/install/vector_map/share:/home/ros/autoware.ai/install/vector_map_msgs/share:/home/ros/autoware.ai/install/autoware_msgs/share:/home/ros/autoware.ai/install/autoware_build_flags/share:${ROS_PACKAGE_PATH} /usr/bin/cmake --build /home/ros/autoware.ai/build/op_planner --target install -- -j12 -l12
[46.493s] [100%] Built target op_planner
[46.536s] [36mInstall the project...[0m
[46.548s] -- Install configuration: "Release"
[46.549s] -- Installing: /home/ros/autoware.ai/install/op_planner/lib/pkgconfig/op_planner.pc
[46.549s] -- Installing: /home/ros/autoware.ai/install/op_planner/share/op_planner/cmake/op_plannerConfig.cmake
[46.549s] -- Installing: /home/ros/autoware.ai/install/op_planner/share/op_planner/cmake/op_plannerConfig-version.cmake
[46.549s] -- Installing: /home/ros/autoware.ai/install/op_planner/share/op_planner/package.xml
[46.549s] -- Installing: /home/ros/autoware.ai/install/op_planner/include/op_planner
[46.549s] -- Installing: /home/ros/autoware.ai/install/op_planner/include/op_planner/RoadNetwork.h
[46.550s] -- Installing: /home/ros/autoware.ai/install/op_planner/include/op_planner/MatrixOperations.h
[46.550s] -- Installing: /home/ros/autoware.ai/install/op_planner/include/op_planner/PlannerH.h
[46.550s] -- Installing: /home/ros/autoware.ai/install/op_planner/include/op_planner/SimuDecisionMaker.h
[46.550s] -- Installing: /home/ros/autoware.ai/install/op_planner/include/op_planner/DecisionMaker.h
[46.551s] -- Installing: /home/ros/autoware.ai/install/op_planner/include/op_planner/MappingHelpers.h
[46.551s] -- Installing: /home/ros/autoware.ai/install/op_planner/include/op_planner/TrajectoryDynamicCosts.h
[46.551s] -- Installing: /home/ros/autoware.ai/install/op_planner/include/op_planner/BehaviorPrediction.h
[46.551s] -- Installing: /home/ros/autoware.ai/install/op_planner/include/op_planner/TrajectoryCosts.h
[46.551s] -- Installing: /home/ros/autoware.ai/install/op_planner/include/op_planner/BehaviorStateMachine.h
[46.551s] -- Installing: /home/ros/autoware.ai/install/op_planner/include/op_planner/PlannerCommonDef.h
[46.551s] -- Installing: /home/ros/autoware.ai/install/op_planner/include/op_planner/PlanningHelpers.h
[46.552s] -- Installing: /home/ros/autoware.ai/install/op_planner/include/op_planner/LocalPlannerH.h
[46.552s] -- Installing: /home/ros/autoware.ai/install/op_planner/include/op_planner/PassiveDecisionMaker.h
[46.552s] -- Installing: /home/ros/autoware.ai/install/op_planner/lib/libop_planner.so
[46.552s] -- Set runtime path of "/home/ros/autoware.ai/install/op_planner/lib/libop_planner.so" to ""
[46.556s] Invoked command in '/home/ros/autoware.ai/build/op_planner' returned '0': CMAKE_PREFIX_PATH=/home/ros/autoware.ai/install/op_utility:/home/ros/autoware.ai/install/vector_map_server:/home/ros/autoware.ai/install/vector_map:/home/ros/autoware.ai/install/vector_map_msgs:/home/ros/autoware.ai/install/autoware_msgs:/home/ros/autoware.ai/install/autoware_build_flags:${CMAKE_PREFIX_PATH} LD_LIBRARY_PATH=/home/ros/autoware.ai/install/op_utility/lib:/home/ros/autoware.ai/install/vector_map/lib:${LD_LIBRARY_PATH} PKG_CONFIG_PATH=/home/ros/autoware.ai/install/op_utility/lib/x86_64-linux-gnu/pkgconfig:/home/ros/autoware.ai/install/op_utility/lib/pkgconfig:/home/ros/autoware.ai/install/vector_map_server/lib/x86_64-linux-gnu/pkgconfig:/home/ros/autoware.ai/install/vector_map_server/lib/pkgconfig:/home/ros/autoware.ai/install/vector_map/lib/x86_64-linux-gnu/pkgconfig:/home/ros/autoware.ai/install/vector_map/lib/pkgconfig:/home/ros/autoware.ai/install/vector_map_msgs/lib/x86_64-linux-gnu/pkgconfig:/home/ros/autoware.ai/install/vector_map_msgs/lib/pkgconfig:/home/ros/autoware.ai/install/autoware_msgs/lib/x86_64-linux-gnu/pkgconfig:/home/ros/autoware.ai/install/autoware_msgs/lib/pkgconfig:/home/ros/autoware.ai/install/autoware_build_flags/lib/x86_64-linux-gnu/pkgconfig:/home/ros/autoware.ai/install/autoware_build_flags/lib/pkgconfig:${PKG_CONFIG_PATH} PYTHONPATH=/home/ros/autoware.ai/install/vector_map_server/lib/python2.7/dist-packages:/home/ros/autoware.ai/install/vector_map_msgs/lib/python2.7/dist-packages:/home/ros/autoware.ai/install/autoware_msgs/lib/python2.7/dist-packages:${PYTHONPATH} ROS_PACKAGE_PATH=/home/ros/autoware.ai/install/op_utility/share:/home/ros/autoware.ai/install/vector_map_server/share:/home/ros/autoware.ai/install/vector_map/share:/home/ros/autoware.ai/install/vector_map_msgs/share:/home/ros/autoware.ai/install/autoware_msgs/share:/home/ros/autoware.ai/install/autoware_build_flags/share:${ROS_PACKAGE_PATH} /usr/bin/cmake --build /home/ros/autoware.ai/build/op_planner --target install -- -j12 -l12
