[0.000000] (-) TimerEvent: {}
[0.000113] (-) JobUnselected: {'identifier': 'amathutils_lib'}
[0.000140] (-) JobUnselected: {'identifier': 'astar_search'}
[0.000158] (-) JobUnselected: {'identifier': 'autoware_bag_tools'}
[0.000172] (-) JobUnselected: {'identifier': 'autoware_build_flags'}
[0.000185] (-) JobUnselected: {'identifier': 'autoware_camera_lidar_calibrator'}
[0.000198] (-) JobUnselected: {'identifier': 'autoware_can_msgs'}
[0.000210] (-) JobUnselected: {'identifier': 'autoware_config_msgs'}
[0.000223] (-) JobUnselected: {'identifier': 'autoware_connector'}
[0.000235] (-) JobUnselected: {'identifier': 'autoware_external_msgs'}
[0.000247] (-) JobUnselected: {'identifier': 'autoware_health_checker'}
[0.000259] (-) JobUnselected: {'identifier': 'autoware_lanelet2_msgs'}
[0.000272] (-) JobUnselected: {'identifier': 'autoware_launcher'}
[0.000284] (-) JobUnselected: {'identifier': 'autoware_launcher_rviz'}
[0.000296] (-) JobUnselected: {'identifier': 'autoware_map_msgs'}
[0.000308] (-) JobUnselected: {'identifier': 'autoware_msgs'}
[0.000320] (-) JobUnselected: {'identifier': 'autoware_quickstart_examples'}
[0.000332] (-) JobUnselected: {'identifier': 'autoware_rviz_plugins'}
[0.000344] (-) JobUnselected: {'identifier': 'autoware_system_msgs'}
[0.000356] (-) JobUnselected: {'identifier': 'calibration_publisher'}
[0.000369] (-) JobUnselected: {'identifier': 'carla_autoware_bridge'}
[0.000381] (-) JobUnselected: {'identifier': 'costmap_generator'}
[0.000395] (-) JobUnselected: {'identifier': 'data_preprocessor'}
[0.000408] (-) JobUnselected: {'identifier': 'decision_maker'}
[0.000420] (-) JobUnselected: {'identifier': 'decision_maker_panel'}
[0.000432] (-) JobUnselected: {'identifier': 'detected_objects_visualizer'}
[0.000444] (-) JobUnselected: {'identifier': 'dp_planner'}
[0.000457] (-) JobUnselected: {'identifier': 'ekf_localizer'}
[0.000482] (-) JobUnselected: {'identifier': 'emergency_handler'}
[0.000494] (-) JobUnselected: {'identifier': 'fastvirtualscan'}
[0.000506] (-) JobUnselected: {'identifier': 'ff_waypoint_follower'}
[0.000518] (-) JobUnselected: {'identifier': 'freespace_planner'}
[0.000529] (-) JobUnselected: {'identifier': 'gazebo_camera_description'}
[0.000541] (-) JobUnselected: {'identifier': 'gazebo_imu_description'}
[0.000553] (-) JobUnselected: {'identifier': 'gazebo_world_description'}
[0.000565] (-) JobUnselected: {'identifier': 'glviewer'}
[0.000576] (-) JobUnselected: {'identifier': 'gnss'}
[0.000588] (-) JobUnselected: {'identifier': 'gnss_localizer'}
[0.000600] (-) JobUnselected: {'identifier': 'graph_tools'}
[0.000612] (-) JobUnselected: {'identifier': 'image_processor'}
[0.000624] (-) JobUnselected: {'identifier': 'imm_ukf_pda_track'}
[0.000636] (-) JobUnselected: {'identifier': 'integrated_viewer'}
[0.000648] (-) JobUnselected: {'identifier': 'kitti_box_publisher'}
[0.000659] (-) JobUnselected: {'identifier': 'kitti_launch'}
[0.000671] (-) JobUnselected: {'identifier': 'kitti_player'}
[0.000683] (-) JobUnselected: {'identifier': 'lane_planner'}
[0.000695] (-) JobUnselected: {'identifier': 'lanelet2_extension'}
[0.000706] (-) JobUnselected: {'identifier': 'lanelet_aisan_converter'}
[0.000718] (-) JobUnselected: {'identifier': 'lattice_planner'}
[0.000730] (-) JobUnselected: {'identifier': 'lgsvl_simulator_bridge'}
[0.000741] (-) JobUnselected: {'identifier': 'libvectormap'}
[0.000753] (-) JobUnselected: {'identifier': 'libwaypoint_follower'}
[0.000765] (-) JobUnselected: {'identifier': 'lidar_apollo_cnn_seg_detect'}
[0.000801] (-) JobUnselected: {'identifier': 'lidar_euclidean_cluster_detect'}
[0.000835] (-) JobUnselected: {'identifier': 'lidar_fake_perception'}
[0.000848] (-) JobUnselected: {'identifier': 'lidar_kf_contour_track'}
[0.000887] (-) JobUnselected: {'identifier': 'lidar_localizer'}
[0.000899] (-) JobUnselected: {'identifier': 'lidar_naive_l_shape_detect'}
[0.000911] (-) JobUnselected: {'identifier': 'lidar_point_pillars'}
[0.000922] (-) JobUnselected: {'identifier': 'lidar_shape_estimation'}
[0.000934] (-) JobUnselected: {'identifier': 'll2_global_planner'}
[0.000945] (-) JobUnselected: {'identifier': 'log_tools'}
[0.000961] (-) JobUnselected: {'identifier': 'map_file'}
[0.000973] (-) JobUnselected: {'identifier': 'map_tf_generator'}
[0.000985] (-) JobUnselected: {'identifier': 'map_tools'}
[0.000997] (-) JobUnselected: {'identifier': 'marker_downsampler'}
[0.001008] (-) JobUnselected: {'identifier': 'mpc_follower'}
[0.001020] (-) JobUnselected: {'identifier': 'mqtt_socket'}
[0.001032] (-) JobUnselected: {'identifier': 'multi_lidar_calibrator'}
[0.001044] (-) JobUnselected: {'identifier': 'naive_motion_predict'}
[0.001056] (-) JobUnselected: {'identifier': 'ndt_cpu'}
[0.001067] (-) JobUnselected: {'identifier': 'ndt_gpu'}
[0.001079] (-) JobUnselected: {'identifier': 'ndt_tku'}
[0.001090] (-) JobUnselected: {'identifier': 'obj_db'}
[0.001102] (-) JobUnselected: {'identifier': 'object_map'}
[0.001114] (-) JobUnselected: {'identifier': 'oculus_socket'}
[0.001126] (-) JobUnselected: {'identifier': 'op_global_planner'}
[0.001137] (-) JobUnselected: {'identifier': 'op_local_planner'}
[0.001149] (-) JobUnselected: {'identifier': 'op_planner'}
[0.001160] (-) JobUnselected: {'identifier': 'op_ros_helpers'}
[0.001172] (-) JobUnselected: {'identifier': 'op_simu'}
[0.001184] (-) JobUnselected: {'identifier': 'op_simulation_package'}
[0.001195] (-) JobUnselected: {'identifier': 'op_utilities'}
[0.001207] (-) JobUnselected: {'identifier': 'op_utility'}
[0.001219] (-) JobUnselected: {'identifier': 'pc2_downsampler'}
[0.001230] (-) JobUnselected: {'identifier': 'pcl_omp_registration'}
[0.001245] (-) JobUnselected: {'identifier': 'pixel_cloud_fusion'}
[0.001257] (-) JobUnselected: {'identifier': 'points2image'}
[0.001269] (-) JobUnselected: {'identifier': 'points_downsampler'}
[0.001281] (-) JobUnselected: {'identifier': 'points_preprocessor'}
[0.001293] (-) JobUnselected: {'identifier': 'pos_db'}
[0.001304] (-) JobUnselected: {'identifier': 'pure_pursuit'}
[0.001316] (-) JobUnselected: {'identifier': 'range_vision_fusion'}
[0.001327] (-) JobUnselected: {'identifier': 'road_occupancy_processor'}
[0.001339] (-) JobUnselected: {'identifier': 'roi_object_filter'}
[0.001350] (-) JobUnselected: {'identifier': 'ros_observer'}
[0.001362] (-) JobUnselected: {'identifier': 'rosbag_controller'}
[0.001374] (-) JobUnselected: {'identifier': 'rosinterface'}
[0.001385] (-) JobUnselected: {'identifier': 'runtime_manager'}
[0.001397] (-) JobUnselected: {'identifier': 'sound_player'}
[0.001408] (-) JobUnselected: {'identifier': 'state_machine_lib'}
[0.001420] (-) JobUnselected: {'identifier': 'system_monitor'}
[0.001431] (-) JobUnselected: {'identifier': 'tablet_socket'}
[0.001443] (-) JobUnselected: {'identifier': 'tablet_socket_msgs'}
[0.001454] (-) JobUnselected: {'identifier': 'trafficlight_recognizer'}
[0.001466] (-) JobUnselected: {'identifier': 'twist2odom'}
[0.001478] (-) JobUnselected: {'identifier': 'twist_filter'}
[0.001489] (-) JobUnselected: {'identifier': 'twist_gate'}
[0.001501] (-) JobUnselected: {'identifier': 'twist_generator'}
[0.001512] (-) JobUnselected: {'identifier': 'udon_socket'}
[0.001524] (-) JobUnselected: {'identifier': 'vector_map'}
[0.001535] (-) JobUnselected: {'identifier': 'vector_map_msgs'}
[0.001546] (-) JobUnselected: {'identifier': 'vector_map_server'}
[0.001558] (-) JobUnselected: {'identifier': 'vehicle_description'}
[0.001570] (-) JobUnselected: {'identifier': 'vehicle_engage_panel'}
[0.001581] (-) JobUnselected: {'identifier': 'vehicle_gazebo_simulation_interface'}
[0.001593] (-) JobUnselected: {'identifier': 'vehicle_gazebo_simulation_launcher'}
[0.001604] (-) JobUnselected: {'identifier': 'vehicle_model'}
[0.001616] (-) JobUnselected: {'identifier': 'vehicle_sim_model'}
[0.001628] (-) JobUnselected: {'identifier': 'vehicle_socket'}
[0.001639] (-) JobUnselected: {'identifier': 'vel_pose_diff_checker'}
[0.001651] (-) JobUnselected: {'identifier': 'vision_beyond_track'}
[0.001662] (-) JobUnselected: {'identifier': 'vision_darknet_detect'}
[0.001674] (-) JobUnselected: {'identifier': 'vision_lane_detect'}
[0.001685] (-) JobUnselected: {'identifier': 'vision_segment_enet_detect'}
[0.001697] (-) JobUnselected: {'identifier': 'vision_ssd_detect'}
[0.001711] (-) JobUnselected: {'identifier': 'way_planner'}
[0.001723] (-) JobUnselected: {'identifier': 'waypoint_maker'}
[0.001734] (-) JobUnselected: {'identifier': 'waypoint_planner'}
[0.001746] (-) JobUnselected: {'identifier': 'wf_simulator'}
[0.001758] (-) EventReactorShutdown: {}
