[0.016s] Invoking command in '/home/ros/autoware.ai/build/gnss': /home/ros/.local/bin/cmake --build /home/ros/autoware.ai/build/gnss -- -j12 -l12
[0.087s] [100%] Built target gnss
[0.096s] Invoked command in '/home/ros/autoware.ai/build/gnss' returned '0': /home/ros/.local/bin/cmake --build /home/ros/autoware.ai/build/gnss -- -j12 -l12
[0.239s] Invoking command in '/home/ros/autoware.ai/build/gnss': /home/ros/.local/bin/cmake --build /home/ros/autoware.ai/build/gnss --target tests -- -j12 -l12
[0.322s] [  0%] Built target roscpp_generate_messages_py
[0.323s] [ 40%] Built target gtest
[0.324s] [ 40%] Built target roscpp_generate_messages_eus
[0.324s] [ 40%] Built target rosgraph_msgs_generate_messages_eus
[0.324s] [ 40%] Built target roscpp_generate_messages_cpp
[0.324s] [ 40%] Built target std_msgs_generate_messages_lisp
[0.325s] [ 40%] Built target roscpp_generate_messages_nodejs
[0.326s] [ 40%] Built target std_msgs_generate_messages_nodejs
[0.326s] [ 40%] Built target rosgraph_msgs_generate_messages_cpp
[0.327s] [ 40%] Built target std_msgs_generate_messages_cpp
[0.328s] [ 40%] Built target rosgraph_msgs_generate_messages_nodejs
[0.333s] [ 40%] Built target rosgraph_msgs_generate_messages_lisp
[0.340s] [ 40%] Built target rosgraph_msgs_generate_messages_py
[0.340s] [ 40%] Built target std_msgs_generate_messages_eus
[0.341s] [ 40%] Built target std_msgs_generate_messages_py
[0.341s] [ 40%] Built target roscpp_generate_messages_lisp
[0.357s] [100%] Built target test_gnss
[0.372s] [100%] Built target tests
[0.381s] Invoked command in '/home/ros/autoware.ai/build/gnss' returned '0': /home/ros/.local/bin/cmake --build /home/ros/autoware.ai/build/gnss --target tests -- -j12 -l12
[0.571s] Invoking command in '/home/ros/autoware.ai/build/gnss': /home/ros/.local/bin/cmake --install /home/ros/autoware.ai/build/gnss
[0.612s] -- Install configuration: "Release"
[0.612s] -- Up-to-date: /home/ros/autoware.ai/install/gnss/lib/pkgconfig/gnss.pc
[0.612s] -- Up-to-date: /home/ros/autoware.ai/install/gnss/share/gnss/cmake/gnssConfig.cmake
[0.612s] -- Up-to-date: /home/ros/autoware.ai/install/gnss/share/gnss/cmake/gnssConfig-version.cmake
[0.612s] -- Up-to-date: /home/ros/autoware.ai/install/gnss/share/gnss/package.xml
[0.612s] -- Up-to-date: /home/ros/autoware.ai/install/gnss/include/gnss
[0.612s] -- Up-to-date: /home/ros/autoware.ai/install/gnss/include/gnss/geo_pos_conv.hpp
[0.612s] -- Up-to-date: /home/ros/autoware.ai/install/gnss/lib/libgnss.so
[0.617s] Invoked command in '/home/ros/autoware.ai/build/gnss' returned '0': /home/ros/.local/bin/cmake --install /home/ros/autoware.ai/build/gnss
