[  0%] Built target pcl_msgs_generate_messages_eus
[  0%] Built target sensor_msgs_generate_messages_py
[  0%] Built target autoware_config_msgs_generate_messages_lisp
[  0%] Built target std_msgs_generate_messages_py
[  0%] Built target rosgraph_msgs_generate_messages_eus
[  0%] Built target roscpp_generate_messages_lisp
[  0%] Built target rosgraph_msgs_generate_messages_lisp
[  0%] Built target rosgraph_msgs_generate_messages_nodejs
[  0%] Built target std_msgs_generate_messages_eus
[  0%] Built target roscpp_generate_messages_nodejs
[  0%] Built target actionlib_generate_messages_eus
[  0%] Built target tf2_msgs_generate_messages_cpp
[  0%] Built target tf2_msgs_generate_messages_eus
[  0%] Built target autoware_msgs_generate_messages_eus
[  0%] Built target tf2_msgs_generate_messages_lisp
[  0%] Built target tf2_msgs_generate_messages_nodejs
[  0%] Built target autoware_config_msgs_generate_messages_cpp
[  0%] Built target actionlib_msgs_generate_messages_nodejs
[  0%] Built target autoware_config_msgs_generate_messages_py
[  0%] Built target autoware_msgs_generate_messages_py
[  0%] Built target autoware_system_msgs_generate_messages_eus
[  0%] Built target autoware_config_msgs_generate_messages_eus
[  0%] Built target autoware_system_msgs_generate_messages_lisp
[  0%] Built target jsk_recognition_msgs_generate_messages_py
[  0%] Built target sensor_msgs_generate_messages_eus
[  0%] Built target geometry_msgs_generate_messages_lisp
[  0%] Built target tf_generate_messages_py
[  0%] Built target autoware_config_msgs_generate_messages_nodejs
[  0%] Built target std_msgs_generate_messages_nodejs
[  0%] Built target geometry_msgs_generate_messages_py
[  0%] Built target tf_generate_messages_cpp
[  0%] Built target autoware_system_msgs_generate_messages_cpp
[  0%] Built target actionlib_generate_messages_py
[  0%] Built target actionlib_msgs_generate_messages_py
[  0%] Built target pcl_msgs_generate_messages_lisp
[  0%] Built target std_msgs_generate_messages_lisp
[  0%] Built target jsk_recognition_msgs_generate_messages_lisp
[  0%] Built target jsk_recognition_msgs_generate_messages_cpp
[  0%] Built target sensor_msgs_generate_messages_nodejs
[  0%] Built target std_msgs_generate_messages_cpp
[  0%] Built target geometry_msgs_generate_messages_nodejs
[  0%] Built target autoware_system_msgs_generate_messages_nodejs
[  0%] Built target tf_generate_messages_lisp
[  0%] Built target geometry_msgs_generate_messages_eus
[  0%] Built target geometry_msgs_generate_messages_cpp
[  0%] Built target tf_generate_messages_eus
[  0%] Built target actionlib_generate_messages_cpp
[  0%] Built target rosgraph_msgs_generate_messages_py
[  0%] Built target tf_generate_messages_nodejs
[  0%] Built target roscpp_generate_messages_py
[  0%] Built target actionlib_generate_messages_nodejs
[  0%] Built target roscpp_generate_messages_cpp
[  0%] Built target roscpp_generate_messages_eus
[  0%] Built target actionlib_msgs_generate_messages_cpp
[  0%] Built target actionlib_msgs_generate_messages_lisp
[  0%] Built target jsk_footstep_msgs_generate_messages_cpp
[  0%] Built target jsk_recognition_msgs_generate_messages_eus
[  0%] Built target actionlib_msgs_generate_messages_eus
[  0%] Built target jsk_footstep_msgs_generate_messages_py
[  0%] Built target autoware_msgs_generate_messages_lisp
[  0%] Built target rosgraph_msgs_generate_messages_cpp
[  0%] Built target pcl_msgs_generate_messages_nodejs
[  0%] Built target autoware_msgs_generate_messages_nodejs
[  0%] Built target pcl_msgs_generate_messages_cpp
[  0%] Built target jsk_recognition_msgs_generate_messages_nodejs
[  0%] Built target sensor_msgs_generate_messages_cpp
[  0%] Built target jsk_footstep_msgs_generate_messages_lisp
[  0%] Built target autoware_system_msgs_generate_messages_py
[  0%] Built target autoware_msgs_generate_messages_cpp
[  0%] Built target sensor_msgs_generate_messages_lisp
[  0%] Built target pcl_msgs_generate_messages_py
[  0%] Built target actionlib_generate_messages_lisp
[  0%] Built target tf2_msgs_generate_messages_py
[  0%] Built target jsk_footstep_msgs_generate_messages_nodejs
[  0%] Built target _catkin_empty_exported_target
[  0%] Built target jsk_footstep_msgs_generate_messages_eus
[35m[1mScanning dependencies of target pure_pursuit[0m
[ 20%] [32mBuilding CXX object CMakeFiles/pure_pursuit.dir/src/pure_pursuit_core.cpp.o[0m
[ 40%] [32m[1mLinking CXX executable devel/lib/pure_pursuit/pure_pursuit[0m
[100%] Built target pure_pursuit
[  0%] Built target roscpp_generate_messages_nodejs
[  0%] Built target roscpp_generate_messages_lisp
[  0%] Built target sensor_msgs_generate_messages_py
[  0%] Built target pcl_msgs_generate_messages_eus
[  0%] Built target std_msgs_generate_messages_py
[  0%] Built target rosgraph_msgs_generate_messages_nodejs
[  0%] Built target std_msgs_generate_messages_eus
[  0%] Built target autoware_config_msgs_generate_messages_lisp
[  0%] Built target tf2_msgs_generate_messages_cpp
[  0%] Built target rosgraph_msgs_generate_messages_eus
[  0%] Built target actionlib_generate_messages_eus
[  0%] Built target rosgraph_msgs_generate_messages_lisp
[  0%] Built target tf2_msgs_generate_messages_lisp
[  0%] Built target autoware_config_msgs_generate_messages_py
[  0%] Built target tf2_msgs_generate_messages_eus
[  0%] Built target autoware_msgs_generate_messages_eus
[  0%] Built target autoware_config_msgs_generate_messages_eus
[  0%] Built target tf2_msgs_generate_messages_nodejs
[  0%] Built target autoware_system_msgs_generate_messages_eus
[  0%] Built target autoware_config_msgs_generate_messages_cpp
[  0%] Built target autoware_system_msgs_generate_messages_lisp
[  0%] Built target actionlib_msgs_generate_messages_nodejs
[  0%] Built target jsk_recognition_msgs_generate_messages_py
[  0%] Built target autoware_msgs_generate_messages_py
[  0%] Built target autoware_config_msgs_generate_messages_nodejs
[  0%] Built target tf_generate_messages_py
[  0%] Built target autoware_system_msgs_generate_messages_cpp
[  0%] Built target std_msgs_generate_messages_nodejs
[  0%] Built target geometry_msgs_generate_messages_py
[  0%] Built target sensor_msgs_generate_messages_eus
[ 28%] Built target gtest
[ 28%] Built target tf_generate_messages_cpp
[ 28%] Built target geometry_msgs_generate_messages_lisp
[ 28%] Built target actionlib_generate_messages_py
[ 28%] Built target actionlib_msgs_generate_messages_py
[ 28%] Built target pcl_msgs_generate_messages_lisp
[ 28%] Built target std_msgs_generate_messages_cpp
[ 28%] Built target jsk_recognition_msgs_generate_messages_lisp
[ 28%] Built target jsk_recognition_msgs_generate_messages_cpp
[ 28%] Built target autoware_system_msgs_generate_messages_nodejs
[ 28%] Built target geometry_msgs_generate_messages_eus
[ 28%] Built target sensor_msgs_generate_messages_nodejs
[ 28%] Built target geometry_msgs_generate_messages_nodejs
[ 28%] Built target std_msgs_generate_messages_lisp
[ 28%] Built target tf_generate_messages_lisp
[ 28%] Built target geometry_msgs_generate_messages_cpp
[ 28%] Built target tf_generate_messages_eus
[ 28%] Built target actionlib_generate_messages_cpp
[ 28%] Built target rosgraph_msgs_generate_messages_py
[ 28%] Built target tf_generate_messages_nodejs
[ 28%] Built target jsk_recognition_msgs_generate_messages_eus
[ 28%] Built target roscpp_generate_messages_eus
[ 28%] Built target roscpp_generate_messages_py
[ 28%] Built target actionlib_msgs_generate_messages_lisp
[ 28%] Built target roscpp_generate_messages_cpp
[ 28%] Built target actionlib_msgs_generate_messages_cpp
[ 28%] Built target actionlib_generate_messages_nodejs
[ 28%] Built target jsk_footstep_msgs_generate_messages_py
[ 28%] Built target actionlib_msgs_generate_messages_eus
[ 28%] Built target jsk_footstep_msgs_generate_messages_cpp
[ 28%] Built target autoware_msgs_generate_messages_lisp
[ 28%] Built target rosgraph_msgs_generate_messages_cpp
[ 28%] Built target pcl_msgs_generate_messages_nodejs
[ 28%] Built target autoware_msgs_generate_messages_nodejs
[ 28%] Built target jsk_footstep_msgs_generate_messages_lisp
[ 28%] Built target autoware_system_msgs_generate_messages_py
[ 28%] Built target sensor_msgs_generate_messages_cpp
[ 28%] Built target pcl_msgs_generate_messages_cpp
[ 28%] Built target jsk_recognition_msgs_generate_messages_nodejs
[ 28%] Built target sensor_msgs_generate_messages_lisp
[ 28%] Built target pcl_msgs_generate_messages_py
[ 28%] Built target autoware_msgs_generate_messages_cpp
[ 28%] Built target actionlib_generate_messages_lisp
[ 28%] Built target _catkin_empty_exported_target
[ 28%] Built target tf2_msgs_generate_messages_py
[ 28%] Built target jsk_footstep_msgs_generate_messages_nodejs
[ 28%] Built target jsk_footstep_msgs_generate_messages_eus
[35m[1mScanning dependencies of target test-pure_pursuit[0m
[ 42%] [32mBuilding CXX object CMakeFiles/test-pure_pursuit.dir/src/pure_pursuit_core.cpp.o[0m
[ 57%] [32m[1mLinking CXX executable devel/lib/pure_pursuit/test-pure_pursuit[0m
[100%] Built target test-pure_pursuit
[100%] Built target tests
-- Install configuration: "Release"
-- Up-to-date: /home/ros/autoware.ai/install/pure_pursuit/lib/pkgconfig/pure_pursuit.pc
-- Up-to-date: /home/ros/autoware.ai/install/pure_pursuit/share/pure_pursuit/cmake/pure_pursuitConfig.cmake
-- Up-to-date: /home/ros/autoware.ai/install/pure_pursuit/share/pure_pursuit/cmake/pure_pursuitConfig-version.cmake
-- Up-to-date: /home/ros/autoware.ai/install/pure_pursuit/share/pure_pursuit/package.xml
-- Installing: /home/ros/autoware.ai/install/pure_pursuit/lib/pure_pursuit/pure_pursuit
-- Set runtime path of "/home/ros/autoware.ai/install/pure_pursuit/lib/pure_pursuit/pure_pursuit" to ""
-- Up-to-date: /home/ros/autoware.ai/install/pure_pursuit/share/pure_pursuit/launch
-- Up-to-date: /home/ros/autoware.ai/install/pure_pursuit/share/pure_pursuit/launch/pure_pursuit.launch
