[0.057s] Invoking command in '/home/ros/autoware.ai/build/autoware_msgs': /usr/bin/cmake /home/ros/autoware.ai/src/autoware/messages/autoware_msgs -DCMAKE_BUILD_TYPE=Release -DCATKIN_INSTALL_INTO_PREFIX_ROOT=0 -DCMAKE_INSTALL_PREFIX=/home/ros/autoware.ai/install/autoware_msgs
[0.117s] -- The C compiler identification is GNU 7.5.0
[0.196s] -- The CXX compiler identification is GNU 7.5.0
[0.201s] -- Check for working C compiler: /usr/bin/cc
[0.291s] -- Check for working C compiler: /usr/bin/cc -- works
[0.292s] -- Detecting C compiler ABI info
[0.369s] -- Detecting C compiler ABI info - done
[0.380s] -- Detecting C compile features
[0.653s] -- Detecting C compile features - done
[0.656s] -- Check for working CXX compiler: /usr/bin/c++
[0.791s] -- Check for working CXX compiler: /usr/bin/c++ -- works
[0.792s] -- Detecting CXX compiler ABI info
[0.903s] -- Detecting CXX compiler ABI info - done
[0.912s] -- Detecting CXX compile features
[1.433s] -- Detecting CXX compile features - done
[1.435s] -- Using CATKIN_DEVEL_PREFIX: /home/ros/autoware.ai/build/autoware_msgs/devel
[1.435s] -- Using CMAKE_PREFIX_PATH: /opt/ros/melodic
[1.435s] -- This workspace overlays: /opt/ros/melodic
[1.466s] -- Found PythonInterp: /usr/bin/python2 (found suitable version "2.7.17", minimum required is "2") 
[1.466s] -- Using PYTHON_EXECUTABLE: /usr/bin/python2
[1.466s] -- Using Debian Python package layout
[1.466s] -- Using empy: /usr/bin/empy
[1.732s] -- Using CATKIN_ENABLE_TESTING: ON
[1.732s] -- Call enable_testing()
[1.737s] -- Using CATKIN_TEST_RESULTS_DIR: /home/ros/autoware.ai/build/autoware_msgs/test_results
[1.760s] -- Found gtest sources under '/usr/src/googletest': gtests will be built
[1.760s] -- Found gmock sources under '/usr/src/googletest': gmock will be built
[1.780s] -- Found PythonInterp: /usr/bin/python2 (found version "2.7.17") 
[1.782s] -- Looking for pthread.h
[1.919s] -- Looking for pthread.h - found
[1.919s] -- Looking for pthread_create
[1.998s] -- Looking for pthread_create - not found
[1.998s] -- Looking for pthread_create in pthreads
[2.067s] -- Looking for pthread_create in pthreads - not found
[2.068s] -- Looking for pthread_create in pthread
[2.155s] -- Looking for pthread_create in pthread - found
[2.156s] -- Found Threads: TRUE  
[2.161s] -- Using Python nosetests: /usr/bin/nosetests-2.7
[2.213s] -- catkin 0.7.29
[2.214s] -- BUILD_SHARED_LIBS is on
[2.362s] -- Could NOT find jsk_recognition_msgs (missing: jsk_recognition_msgs_DIR)
[2.362s] -- Could not find the required component 'jsk_recognition_msgs'. The following CMake error indicates that you either need to install the package with the same name or change your environment so that it can be found.
[2.362s] CMake Error at /opt/ros/melodic/share/catkin/cmake/catkinConfig.cmake:83 (find_package):
[2.362s]   Could not find a package configuration file provided by
[2.362s]   "jsk_recognition_msgs" with any of the following names:
[2.362s] 
[2.362s]     jsk_recognition_msgsConfig.cmake
[2.362s]     jsk_recognition_msgs-config.cmake
[2.363s] 
[2.363s]   Add the installation prefix of "jsk_recognition_msgs" to CMAKE_PREFIX_PATH
[2.363s]   or set "jsk_recognition_msgs_DIR" to a directory containing one of the
[2.363s]   above files.  If "jsk_recognition_msgs" provides a separate development
[2.363s]   package or SDK, be sure it has been installed.
[2.363s] Call Stack (most recent call first):
[2.363s]   CMakeLists.txt:4 (find_package)
[2.363s] 
[2.363s] 
[2.364s] -- Configuring incomplete, errors occurred!
[2.364s] See also "/home/ros/autoware.ai/build/autoware_msgs/CMakeFiles/CMakeOutput.log".
[2.364s] See also "/home/ros/autoware.ai/build/autoware_msgs/CMakeFiles/CMakeError.log".
[2.369s] Invoked command in '/home/ros/autoware.ai/build/autoware_msgs' returned '1': /usr/bin/cmake /home/ros/autoware.ai/src/autoware/messages/autoware_msgs -DCMAKE_BUILD_TYPE=Release -DCATKIN_INSTALL_INTO_PREFIX_ROOT=0 -DCMAKE_INSTALL_PREFIX=/home/ros/autoware.ai/install/autoware_msgs
