[  0%] Built target actionlib_msgs_generate_messages_cpp
[  0%] Built target std_msgs_generate_messages_cpp
[  0%] Built target dynamic_reconfigure_generate_messages_nodejs
[  0%] Built target pcl_msgs_generate_messages_nodejs
[  0%] Built target sensor_msgs_generate_messages_eus
[  0%] Built target topic_tools_generate_messages_cpp
[  0%] Built target std_srvs_generate_messages_cpp
[  0%] Built target nodelet_generate_messages_eus
[  0%] Built target autoware_msgs_generate_messages_nodejs
[  0%] Built target rosgraph_msgs_generate_messages_cpp
[  0%] Built target pcl_msgs_generate_messages_cpp
[  0%] Built target jsk_footstep_msgs_generate_messages_eus
[  0%] Built target jsk_footstep_msgs_generate_messages_nodejs
[  0%] Built target topic_tools_generate_messages_nodejs
[  0%] Built target actionlib_msgs_generate_messages_nodejs
[  0%] Built target geometry_msgs_generate_messages_lisp
[  0%] Built target autoware_msgs_generate_messages_eus
[  0%] Built target dynamic_reconfigure_generate_messages_py
[  0%] Built target actionlib_generate_messages_py
[  0%] Built target tf2_msgs_generate_messages_py
[  0%] Built target topic_tools_generate_messages_lisp
[  0%] Built target autoware_msgs_generate_messages_cpp
[  0%] Built target actionlib_msgs_generate_messages_eus
[  0%] Built target geometry_msgs_generate_messages_py
[  0%] Built target actionlib_generate_messages_lisp
[  0%] Built target topic_tools_generate_messages_py
[  0%] Built target sensor_msgs_generate_messages_nodejs
[  0%] Built target visualization_msgs_generate_messages_cpp
[  0%] Built target nav_msgs_generate_messages_lisp
[  0%] Built target geometry_msgs_generate_messages_cpp
[  0%] Built target nav_msgs_generate_messages_nodejs
[  0%] Built target roscpp_generate_messages_cpp
[  0%] Built target roscpp_generate_messages_nodejs
[  0%] Built target roscpp_generate_messages_eus
[  0%] Built target roscpp_generate_messages_lisp
[  0%] Built target sensor_msgs_generate_messages_py
[  0%] Built target jsk_recognition_msgs_generate_messages_eus
[  0%] Built target std_msgs_generate_messages_py
[  0%] Built target std_srvs_generate_messages_py
[  0%] Built target roscpp_generate_messages_py
[  0%] Built target tf_generate_messages_nodejs
[  0%] Built target actionlib_msgs_generate_messages_lisp
[  0%] Built target rosgraph_msgs_generate_messages_eus
[  0%] Built target nodelet_generate_messages_cpp
[  0%] Built target autoware_msgs_generate_messages_lisp
[  0%] Built target actionlib_generate_messages_nodejs
[  0%] Built target jsk_footstep_msgs_generate_messages_cpp
[  0%] Built target pcl_msgs_generate_messages_eus
[  0%] Built target jsk_footstep_msgs_generate_messages_py
[  0%] Built target jsk_recognition_msgs_generate_messages_py
[  0%] Built target sensor_msgs_generate_messages_lisp
[  0%] Built target jsk_recognition_msgs_generate_messages_nodejs
[  0%] Built target std_srvs_generate_messages_lisp
[  0%] Built target jsk_footstep_msgs_generate_messages_lisp
[  0%] Built target _catkin_empty_exported_target
[  0%] Built target sensor_msgs_generate_messages_cpp
[  0%] Built target bond_generate_messages_py
[  0%] Built target vector_map_msgs_generate_messages_cpp
[  0%] Built target std_srvs_generate_messages_eus
[  0%] Built target visualization_msgs_generate_messages_nodejs
[  0%] Built target topic_tools_generate_messages_eus
[  0%] Built target std_srvs_generate_messages_nodejs
[  0%] Built target nodelet_topic_tools_gencfg
[  0%] Built target bond_generate_messages_cpp
[  0%] Built target rosgraph_msgs_generate_messages_nodejs
[  0%] Built target bond_generate_messages_lisp
[  0%] Built target rosgraph_msgs_generate_messages_lisp
[  0%] Built target bond_generate_messages_eus
[  0%] Built target actionlib_generate_messages_cpp
[  0%] Built target rosgraph_msgs_generate_messages_py
[  0%] Built target tf_generate_messages_lisp
[  0%] Built target tf_generate_messages_eus
[  0%] Built target tf_generate_messages_py
[  0%] Built target std_msgs_generate_messages_eus
[  0%] Built target actionlib_generate_messages_eus
[  0%] Built target tf2_msgs_generate_messages_eus
[  0%] Built target nav_msgs_generate_messages_cpp
[  0%] Built target pcl_ros_gencfg
[  0%] Built target tf2_msgs_generate_messages_lisp
[  0%] Built target visualization_msgs_generate_messages_lisp
[  0%] Built target tf2_msgs_generate_messages_nodejs
[  0%] Built target nav_msgs_generate_messages_eus
[  0%] Built target tf2_msgs_generate_messages_cpp
[  0%] Built target visualization_msgs_generate_messages_py
[  0%] Built target dynamic_reconfigure_gencfg
[  0%] Built target vector_map_msgs_generate_messages_eus
[  0%] Built target tf_generate_messages_cpp
[  0%] Built target nodelet_generate_messages_py
[  0%] Built target vector_map_server_generate_messages_eus
[  0%] Built target vector_map_msgs_generate_messages_nodejs
[  0%] Built target vector_map_msgs_generate_messages_py
[  0%] Built target vector_map_server_generate_messages_cpp
[  0%] Built target dynamic_reconfigure_generate_messages_cpp
[  0%] Built target vector_map_server_generate_messages_nodejs
[  0%] Built target vector_map_server_generate_messages_lisp
[  0%] Built target nodelet_generate_messages_lisp
[  0%] Built target visualization_msgs_generate_messages_eus
[  0%] Built target bond_generate_messages_nodejs
[  0%] Built target pcl_msgs_generate_messages_py
[  0%] Built target vector_map_server_generate_messages_py
[  0%] Built target dynamic_reconfigure_generate_messages_eus
[  0%] Built target nodelet_generate_messages_nodejs
[  0%] Built target dynamic_reconfigure_generate_messages_lisp
[  0%] Built target std_msgs_generate_messages_nodejs
[  0%] Built target autoware_msgs_generate_messages_py
[  0%] Built target pcl_msgs_generate_messages_lisp
[  0%] Built target vector_map_msgs_generate_messages_lisp
[  0%] Built target actionlib_msgs_generate_messages_py
[  0%] Built target std_msgs_generate_messages_lisp
[  0%] Built target nav_msgs_generate_messages_py
[  0%] Built target jsk_recognition_msgs_generate_messages_cpp
[  0%] Built target geometry_msgs_generate_messages_nodejs
[  0%] Built target jsk_recognition_msgs_generate_messages_lisp
[  0%] Built target geometry_msgs_generate_messages_eus
[35m[1mScanning dependencies of target astar_navi[0m
[ 33%] [32mBuilding CXX object CMakeFiles/astar_navi.dir/src/astar_navi/astar_navi.cpp.o[0m
CMakeFiles/astar_navi.dir/build.make:81: recipe for target 'CMakeFiles/astar_navi.dir/src/astar_navi/astar_navi.cpp.o' failed
CMakeFiles/Makefile2:3085: recipe for target 'CMakeFiles/astar_navi.dir/all' failed
Makefile:159: recipe for target 'all' failed
