[  0%] Built target actionlib_msgs_generate_messages_cpp
[  0%] Built target std_msgs_generate_messages_cpp
[  0%] Built target dynamic_reconfigure_generate_messages_nodejs
[  0%] Built target pcl_msgs_generate_messages_nodejs
[  0%] Built target sensor_msgs_generate_messages_eus
[  0%] Built target topic_tools_generate_messages_cpp
[  0%] Built target std_srvs_generate_messages_cpp
[  0%] Built target nodelet_generate_messages_eus
[  0%] Built target autoware_msgs_generate_messages_nodejs
[  0%] Built target rosgraph_msgs_generate_messages_cpp
[  0%] Built target pcl_msgs_generate_messages_cpp
[  0%] Built target jsk_footstep_msgs_generate_messages_eus
[  0%] Built target jsk_footstep_msgs_generate_messages_nodejs
[  0%] Built target topic_tools_generate_messages_nodejs
[  0%] Built target actionlib_msgs_generate_messages_nodejs
[  0%] Built target geometry_msgs_generate_messages_lisp
[  0%] Built target autoware_msgs_generate_messages_eus
[  0%] Built target dynamic_reconfigure_generate_messages_py
[  0%] Built target actionlib_generate_messages_py
[  0%] Built target tf2_msgs_generate_messages_py
[  0%] Built target topic_tools_generate_messages_lisp
[  0%] Built target autoware_msgs_generate_messages_cpp
[  0%] Built target actionlib_msgs_generate_messages_eus
[  0%] Built target geometry_msgs_generate_messages_py
[  0%] Built target actionlib_generate_messages_lisp
[  0%] Built target topic_tools_generate_messages_py
[  0%] Built target sensor_msgs_generate_messages_nodejs
[  0%] Built target visualization_msgs_generate_messages_cpp
[  0%] Built target nav_msgs_generate_messages_lisp
[  0%] Built target geometry_msgs_generate_messages_cpp
[  0%] Built target nav_msgs_generate_messages_nodejs
[  0%] Built target roscpp_generate_messages_cpp
[  0%] Built target roscpp_generate_messages_nodejs
[  0%] Built target roscpp_generate_messages_eus
[  0%] Built target roscpp_generate_messages_lisp
[  0%] Built target sensor_msgs_generate_messages_py
[  0%] Built target jsk_recognition_msgs_generate_messages_eus
[  0%] Built target std_msgs_generate_messages_py
[  0%] Built target std_srvs_generate_messages_py
[  0%] Built target roscpp_generate_messages_py
[  0%] Built target tf_generate_messages_nodejs
[  0%] Built target actionlib_msgs_generate_messages_lisp
[  0%] Built target rosgraph_msgs_generate_messages_eus
[  0%] Built target nodelet_generate_messages_cpp
[  0%] Built target autoware_msgs_generate_messages_lisp
[  0%] Built target actionlib_generate_messages_nodejs
[  0%] Built target jsk_footstep_msgs_generate_messages_cpp
[  0%] Built target pcl_msgs_generate_messages_eus
[  0%] Built target jsk_footstep_msgs_generate_messages_py
[  0%] Built target jsk_recognition_msgs_generate_messages_py
[  0%] Built target sensor_msgs_generate_messages_lisp
[  0%] Built target jsk_recognition_msgs_generate_messages_nodejs
[  0%] Built target std_srvs_generate_messages_lisp
[  0%] Built target jsk_footstep_msgs_generate_messages_lisp
[  0%] Built target _catkin_empty_exported_target
[  0%] Built target sensor_msgs_generate_messages_cpp
[  0%] Built target bond_generate_messages_py
[  0%] Built target vector_map_msgs_generate_messages_cpp
[  0%] Built target std_srvs_generate_messages_eus
[  0%] Built target visualization_msgs_generate_messages_nodejs
[  0%] Built target topic_tools_generate_messages_eus
[  0%] Built target std_srvs_generate_messages_nodejs
[  0%] Built target nodelet_topic_tools_gencfg
[  0%] Built target bond_generate_messages_cpp
[  0%] Built target rosgraph_msgs_generate_messages_nodejs
[  0%] Built target bond_generate_messages_lisp
[  0%] Built target rosgraph_msgs_generate_messages_lisp
[  0%] Built target bond_generate_messages_eus
[  0%] Built target actionlib_generate_messages_cpp
[  0%] Built target rosgraph_msgs_generate_messages_py
[  0%] Built target tf_generate_messages_lisp
[  0%] Built target tf_generate_messages_eus
[  0%] Built target tf_generate_messages_py
[  0%] Built target std_msgs_generate_messages_eus
[  0%] Built target actionlib_generate_messages_eus
[  0%] Built target tf2_msgs_generate_messages_eus
[  0%] Built target nav_msgs_generate_messages_cpp
[  0%] Built target pcl_ros_gencfg
[  0%] Built target tf2_msgs_generate_messages_lisp
[  0%] Built target visualization_msgs_generate_messages_lisp
[  0%] Built target tf2_msgs_generate_messages_nodejs
[  0%] Built target nav_msgs_generate_messages_eus
[  0%] Built target tf2_msgs_generate_messages_cpp
[  0%] Built target visualization_msgs_generate_messages_py
[  0%] Built target dynamic_reconfigure_gencfg
[  0%] Built target vector_map_msgs_generate_messages_eus
[  0%] Built target tf_generate_messages_cpp
[  0%] Built target nodelet_generate_messages_py
[  0%] Built target vector_map_server_generate_messages_eus
[  0%] Built target vector_map_msgs_generate_messages_nodejs
[  0%] Built target vector_map_msgs_generate_messages_py
[  0%] Built target vector_map_server_generate_messages_cpp
[  0%] Built target dynamic_reconfigure_generate_messages_cpp
[  0%] Built target vector_map_server_generate_messages_nodejs
[  0%] Built target vector_map_server_generate_messages_lisp
[  0%] Built target nodelet_generate_messages_lisp
[  0%] Built target visualization_msgs_generate_messages_eus
[  0%] Built target bond_generate_messages_nodejs
[  0%] Built target pcl_msgs_generate_messages_py
[  0%] Built target vector_map_server_generate_messages_py
[  0%] Built target dynamic_reconfigure_generate_messages_eus
[  0%] Built target nodelet_generate_messages_nodejs
[  0%] Built target dynamic_reconfigure_generate_messages_lisp
[  0%] Built target std_msgs_generate_messages_nodejs
[  0%] Built target autoware_msgs_generate_messages_py
[  0%] Built target pcl_msgs_generate_messages_lisp
[  0%] Built target vector_map_msgs_generate_messages_lisp
[  0%] Built target actionlib_msgs_generate_messages_py
[  0%] Built target std_msgs_generate_messages_lisp
[  0%] Built target nav_msgs_generate_messages_py
[  0%] Built target jsk_recognition_msgs_generate_messages_cpp
[  0%] Built target geometry_msgs_generate_messages_nodejs
[  0%] Built target jsk_recognition_msgs_generate_messages_lisp
[  0%] Built target geometry_msgs_generate_messages_eus
[35m[1mScanning dependencies of target astar_navi[0m
[ 33%] [32mBuilding CXX object CMakeFiles/astar_navi.dir/src/astar_navi/astar_navi.cpp.o[0m
[01m[K/home/ros/autoware.ai/src/autoware/core_planning/freespace_planner/src/astar_navi/astar_navi.cpp:[m[K In member function ‘[01m[Kvoid AstarNavi::publishWaypoints(const Path&, const double&)[m[K’:
[01m[K/home/ros/autoware.ai/src/autoware/core_planning/freespace_planner/src/astar_navi/astar_navi.cpp:161:57:[m[K [01;31m[Kerror: [m[K‘[01m[Kgeometry_msgs::PoseWithCovarianceStamped_<std::allocator<void> >::_pose_type {aka struct geometry_msgs::PoseWithCovariance_<std::allocator<void> >}[m[K’ has no member named ‘[01m[Kposition[m[K’
     wp.pose.pose.position.z = current_pose_global_.pose.[01;31m[Kposition[m[K.z; // height = const
                                                         [01;31m[K^~~~~~~~[m[K
[01m[K/home/ros/autoware.ai/src/autoware/core_planning/freespace_planner/src/astar_navi/astar_navi.cpp:[m[K In member function ‘[01m[Kvoid AstarNavi::publishStopWaypoints()[m[K’:
[01m[K/home/ros/autoware.ai/src/autoware/core_planning/freespace_planner/src/astar_navi/astar_navi.cpp:189:36:[m[K [01;31m[Kerror: [m[Kno match for ‘[01m[Koperator=[m[K’ (operand types are ‘[01m[Kgeometry_msgs::PoseStamped_<std::allocator<void> >::_pose_type {aka geometry_msgs::Pose_<std::allocator<void> >}[m[K’ and ‘[01m[Kgeometry_msgs::PoseWithCovarianceStamped_<std::allocator<void> >::_pose_type {aka geometry_msgs::PoseWithCovariance_<std::allocator<void> >}[m[K’)
   pose.pose = current_pose_global_.[01;31m[Kpose[m[K;
                                    [01;31m[K^~~~[m[K
In file included from [01m[K/opt/ros/melodic/include/geometry_msgs/PoseStamped.h:19:0[m[K,
                 from [01m[K/opt/ros/melodic/include/tf/transform_datatypes.h:40[m[K,
                 from [01m[K/opt/ros/melodic/include/tf/time_cache.h:38[m[K,
                 from [01m[K/opt/ros/melodic/include/tf/tf.h:44[m[K,
                 from [01m[K/opt/ros/melodic/include/tf/transform_listener.h:38[m[K,
                 from [01m[K/home/ros/autoware.ai/src/autoware/core_planning/freespace_planner/include/freespace_planner/astar_navi.h:24[m[K,
                 from [01m[K/home/ros/autoware.ai/src/autoware/core_planning/freespace_planner/src/astar_navi/astar_navi.cpp:17[m[K:
[01m[K/opt/ros/melodic/include/geometry_msgs/Pose.h:24:8:[m[K [01;36m[Knote: [m[Kcandidate: constexpr geometry_msgs::Pose_<std::allocator<void> >& geometry_msgs::Pose_<std::allocator<void> >::operator=(const geometry_msgs::Pose_<std::allocator<void> >&)
 struct [01;36m[KPose_[m[K
        [01;36m[K^~~~~[m[K
[01m[K/opt/ros/melodic/include/geometry_msgs/Pose.h:24:8:[m[K [01;36m[Knote: [m[K  no known conversion for argument 1 from ‘[01m[Kgeometry_msgs::PoseWithCovarianceStamped_<std::allocator<void> >::_pose_type {aka geometry_msgs::PoseWithCovariance_<std::allocator<void> >}[m[K’ to ‘[01m[Kconst geometry_msgs::Pose_<std::allocator<void> >&[m[K’
[01m[K/opt/ros/melodic/include/geometry_msgs/Pose.h:24:8:[m[K [01;36m[Knote: [m[Kcandidate: constexpr geometry_msgs::Pose_<std::allocator<void> >& geometry_msgs::Pose_<std::allocator<void> >::operator=(geometry_msgs::Pose_<std::allocator<void> >&&)
[01m[K/opt/ros/melodic/include/geometry_msgs/Pose.h:24:8:[m[K [01;36m[Knote: [m[K  no known conversion for argument 1 from ‘[01m[Kgeometry_msgs::PoseWithCovarianceStamped_<std::allocator<void> >::_pose_type {aka geometry_msgs::PoseWithCovariance_<std::allocator<void> >}[m[K’ to ‘[01m[Kgeometry_msgs::Pose_<std::allocator<void> >&&[m[K’
CMakeFiles/astar_navi.dir/build.make:81: recipe for target 'CMakeFiles/astar_navi.dir/src/astar_navi/astar_navi.cpp.o' failed
CMakeFiles/Makefile2:3085: recipe for target 'CMakeFiles/astar_navi.dir/all' failed
make[2]: *** [CMakeFiles/astar_navi.dir/src/astar_navi/astar_navi.cpp.o] Error 1
make[1]: *** [CMakeFiles/astar_navi.dir/all] Error 2
make: *** [all] Error 2
Makefile:159: recipe for target 'all' failed
