[0.014s] Invoking command in '/home/ros/autoware.ai/build/glviewer': CMAKE_PREFIX_PATH=/home/ros/autoware.ai/install/autoware_build_flags:${CMAKE_PREFIX_PATH} PKG_CONFIG_PATH=/home/ros/autoware.ai/install/autoware_build_flags/lib/x86_64-linux-gnu/pkgconfig:/home/ros/autoware.ai/install/autoware_build_flags/lib/pkgconfig:${PKG_CONFIG_PATH} ROS_PACKAGE_PATH=/home/ros/autoware.ai/install/autoware_build_flags/share:${ROS_PACKAGE_PATH} /usr/bin/cmake /home/ros/autoware.ai/src/autoware/visualization/glviewer -DCMAKE_BUILD_TYPE=Release -DCATKIN_INSTALL_INTO_PREFIX_ROOT=0 -DCMAKE_INSTALL_PREFIX=/home/ros/autoware.ai/install/glviewer
[0.117s] -- The C compiler identification is GNU 7.5.0
[0.204s] -- The CXX compiler identification is GNU 7.5.0
[0.210s] -- Check for working C compiler: /usr/bin/cc
[0.329s] -- Check for working C compiler: /usr/bin/cc -- works
[0.332s] -- Detecting C compiler ABI info
[0.490s] -- Detecting C compiler ABI info - done
[0.519s] -- Detecting C compile features
[0.878s] -- Detecting C compile features - done
[0.883s] -- Check for working CXX compiler: /usr/bin/c++
[1.014s] -- Check for working CXX compiler: /usr/bin/c++ -- works
[1.015s] -- Detecting CXX compiler ABI info
[1.159s] -- Detecting CXX compiler ABI info - done
[1.172s] -- Detecting CXX compile features
[1.792s] -- Detecting CXX compile features - done
[1.797s] -- Found PkgConfig: /usr/bin/pkg-config (found version "0.29.1") 
[1.799s] -- CUDA compilation status: .
[1.801s] -- Using CATKIN_DEVEL_PREFIX: /home/ros/autoware.ai/build/glviewer/devel
[1.801s] -- Using CMAKE_PREFIX_PATH: /home/ros/autoware.ai/install/autoware_build_flags;/opt/ros/melodic
[1.801s] -- This workspace overlays: /home/ros/autoware.ai/install/autoware_build_flags;/opt/ros/melodic
[1.820s] -- Found PythonInterp: /usr/bin/python2 (found suitable version "2.7.17", minimum required is "2") 
[1.820s] -- Using PYTHON_EXECUTABLE: /usr/bin/python2
[1.822s] -- Using Debian Python package layout
[1.822s] -- Using empy: /usr/bin/empy
[2.060s] -- Using CATKIN_ENABLE_TESTING: ON
[2.060s] -- Call enable_testing()
[2.063s] -- Using CATKIN_TEST_RESULTS_DIR: /home/ros/autoware.ai/build/glviewer/test_results
[2.087s] -- Found gtest sources under '/usr/src/googletest': gtests will be built
[2.088s] -- Found gmock sources under '/usr/src/googletest': gmock will be built
[2.106s] -- Found PythonInterp: /usr/bin/python2 (found version "2.7.17") 
[2.107s] -- Looking for pthread.h
[2.263s] -- Looking for pthread.h - found
[2.264s] -- Looking for pthread_create
[2.409s] -- Looking for pthread_create - not found
[2.409s] -- Looking for pthread_create in pthreads
[2.556s] -- Looking for pthread_create in pthreads - not found
[2.557s] -- Looking for pthread_create in pthread
[2.696s] -- Looking for pthread_create in pthread - found
[2.698s] -- Found Threads: TRUE  
[2.704s] -- Using Python nosetests: /usr/bin/nosetests-2.7
[2.760s] -- catkin 0.7.29
[2.760s] -- BUILD_SHARED_LIBS is on
[3.076s] -- Found OpenGL: /usr/lib/x86_64-linux-gnu/libOpenGL.so   
[3.271s] -- Configuring done
[3.296s] -- Generating done
[3.301s] -- Build files have been written to: /home/ros/autoware.ai/build/glviewer
[3.311s] Invoked command in '/home/ros/autoware.ai/build/glviewer' returned '0': CMAKE_PREFIX_PATH=/home/ros/autoware.ai/install/autoware_build_flags:${CMAKE_PREFIX_PATH} PKG_CONFIG_PATH=/home/ros/autoware.ai/install/autoware_build_flags/lib/x86_64-linux-gnu/pkgconfig:/home/ros/autoware.ai/install/autoware_build_flags/lib/pkgconfig:${PKG_CONFIG_PATH} ROS_PACKAGE_PATH=/home/ros/autoware.ai/install/autoware_build_flags/share:${ROS_PACKAGE_PATH} /usr/bin/cmake /home/ros/autoware.ai/src/autoware/visualization/glviewer -DCMAKE_BUILD_TYPE=Release -DCATKIN_INSTALL_INTO_PREFIX_ROOT=0 -DCMAKE_INSTALL_PREFIX=/home/ros/autoware.ai/install/glviewer
[3.313s] Invoking command in '/home/ros/autoware.ai/build/glviewer': CMAKE_PREFIX_PATH=/home/ros/autoware.ai/install/autoware_build_flags:${CMAKE_PREFIX_PATH} PKG_CONFIG_PATH=/home/ros/autoware.ai/install/autoware_build_flags/lib/x86_64-linux-gnu/pkgconfig:/home/ros/autoware.ai/install/autoware_build_flags/lib/pkgconfig:${PKG_CONFIG_PATH} ROS_PACKAGE_PATH=/home/ros/autoware.ai/install/autoware_build_flags/share:${ROS_PACKAGE_PATH} /usr/bin/cmake --build /home/ros/autoware.ai/build/glviewer -- -j12 -l12
[3.399s] [35m[1mScanning dependencies of target glviewer_autogen[0m
[3.416s] [ 16%] [34m[1mAutomatic MOC for target glviewer[0m
[3.472s] [ 16%] Built target glviewer_autogen
[3.501s] [ 33%] [34m[1mGenerating include/glviewer/moc_glviewer.cpp[0m
[3.664s] [35m[1mScanning dependencies of target glviewer[0m
[3.763s] [ 50%] [32mBuilding CXX object CMakeFiles/glviewer.dir/GLViewer/glviewer.cpp.o[0m
[8.595s] In file included from [01m[K/usr/include/eigen3/Eigen/Core:430:0[m[K,
[8.595s]                  from [01m[K/usr/include/eigen3/Eigen/Dense:1[m[K,
[8.596s]                  from [01m[K/home/ros/autoware.ai/src/autoware/visualization/glviewer/include/glviewer/glviewer.h:22[m[K,
[8.596s]                  from [01m[K/home/ros/autoware.ai/src/autoware/visualization/glviewer/GLViewer/glviewer.cpp:17[m[K:
[8.596s] [01m[K/usr/include/eigen3/Eigen/src/Core/DenseStorage.h:[m[K In member function ‘[01m[Kvoid GLViewer::addDisplayLists(GLuint, GLuint)[m[K’:
[8.596s] [01m[K/usr/include/eigen3/Eigen/src/Core/DenseStorage.h:194:66:[m[K [01;35m[Kwarning: [m[K‘[01m[K*((void*)(& list)+16).Eigen::DenseStorage<double, 16, 4, 4, 0>::m_data[m[K’ may be used uninitialized in this function [[01;35m[K-Wmaybe-uninitialized[m[K]
[8.596s]      DenseStorage(const DenseStorage& other) : m_data(other.m_data[01;35m[K)[m[K {
[8.596s]                                                                   [01;35m[K^[m[K
[9.145s] [ 66%] [32mBuilding CXX object CMakeFiles/glviewer.dir/glviewer_autogen/mocs_compilation.cpp.o[0m
[9.192s] [ 83%] [32mBuilding CXX object CMakeFiles/glviewer.dir/include/glviewer/moc_glviewer.cpp.o[0m
[11.563s] [100%] [32m[1mLinking CXX shared library devel/lib/libglviewer.so[0m
[12.053s] [100%] Built target glviewer
[12.072s] Invoked command in '/home/ros/autoware.ai/build/glviewer' returned '0': CMAKE_PREFIX_PATH=/home/ros/autoware.ai/install/autoware_build_flags:${CMAKE_PREFIX_PATH} PKG_CONFIG_PATH=/home/ros/autoware.ai/install/autoware_build_flags/lib/x86_64-linux-gnu/pkgconfig:/home/ros/autoware.ai/install/autoware_build_flags/lib/pkgconfig:${PKG_CONFIG_PATH} ROS_PACKAGE_PATH=/home/ros/autoware.ai/install/autoware_build_flags/share:${ROS_PACKAGE_PATH} /usr/bin/cmake --build /home/ros/autoware.ai/build/glviewer -- -j12 -l12
[12.207s] Invoking command in '/home/ros/autoware.ai/build/glviewer': CMAKE_PREFIX_PATH=/home/ros/autoware.ai/install/autoware_build_flags:${CMAKE_PREFIX_PATH} PKG_CONFIG_PATH=/home/ros/autoware.ai/install/autoware_build_flags/lib/x86_64-linux-gnu/pkgconfig:/home/ros/autoware.ai/install/autoware_build_flags/lib/pkgconfig:${PKG_CONFIG_PATH} ROS_PACKAGE_PATH=/home/ros/autoware.ai/install/autoware_build_flags/share:${ROS_PACKAGE_PATH} /usr/bin/cmake --build /home/ros/autoware.ai/build/glviewer --target tests -- -j12 -l12
[12.330s] [35m[1mScanning dependencies of target tests[0m
[12.367s] Built target tests
[12.385s] Invoked command in '/home/ros/autoware.ai/build/glviewer' returned '0': CMAKE_PREFIX_PATH=/home/ros/autoware.ai/install/autoware_build_flags:${CMAKE_PREFIX_PATH} PKG_CONFIG_PATH=/home/ros/autoware.ai/install/autoware_build_flags/lib/x86_64-linux-gnu/pkgconfig:/home/ros/autoware.ai/install/autoware_build_flags/lib/pkgconfig:${PKG_CONFIG_PATH} ROS_PACKAGE_PATH=/home/ros/autoware.ai/install/autoware_build_flags/share:${ROS_PACKAGE_PATH} /usr/bin/cmake --build /home/ros/autoware.ai/build/glviewer --target tests -- -j12 -l12
[12.465s] Invoking command in '/home/ros/autoware.ai/build/glviewer': CMAKE_PREFIX_PATH=/home/ros/autoware.ai/install/autoware_build_flags:${CMAKE_PREFIX_PATH} PKG_CONFIG_PATH=/home/ros/autoware.ai/install/autoware_build_flags/lib/x86_64-linux-gnu/pkgconfig:/home/ros/autoware.ai/install/autoware_build_flags/lib/pkgconfig:${PKG_CONFIG_PATH} ROS_PACKAGE_PATH=/home/ros/autoware.ai/install/autoware_build_flags/share:${ROS_PACKAGE_PATH} /usr/bin/cmake --build /home/ros/autoware.ai/build/glviewer --target install -- -j12 -l12
[12.553s] [ 16%] [34m[1mAutomatic MOC for target glviewer[0m
[12.578s] [ 16%] Built target glviewer_autogen
[12.630s] [100%] Built target glviewer
[12.661s] [36mInstall the project...[0m
[12.674s] -- Install configuration: "Release"
[12.674s] -- Installing: /home/ros/autoware.ai/install/glviewer/lib/pkgconfig/glviewer.pc
[12.675s] -- Installing: /home/ros/autoware.ai/install/glviewer/share/glviewer/cmake/glviewerConfig.cmake
[12.675s] -- Installing: /home/ros/autoware.ai/install/glviewer/share/glviewer/cmake/glviewerConfig-version.cmake
[12.676s] -- Installing: /home/ros/autoware.ai/install/glviewer/share/glviewer/package.xml
[12.676s] -- Installing: /home/ros/autoware.ai/install/glviewer/include/glviewer
[12.676s] -- Installing: /home/ros/autoware.ai/install/glviewer/include/glviewer/glviewer.h
[12.677s] -- Installing: /home/ros/autoware.ai/install/glviewer/lib/libglviewer.so
[12.681s] -- Set runtime path of "/home/ros/autoware.ai/install/glviewer/lib/libglviewer.so" to ""
[12.686s] Invoked command in '/home/ros/autoware.ai/build/glviewer' returned '0': CMAKE_PREFIX_PATH=/home/ros/autoware.ai/install/autoware_build_flags:${CMAKE_PREFIX_PATH} PKG_CONFIG_PATH=/home/ros/autoware.ai/install/autoware_build_flags/lib/x86_64-linux-gnu/pkgconfig:/home/ros/autoware.ai/install/autoware_build_flags/lib/pkgconfig:${PKG_CONFIG_PATH} ROS_PACKAGE_PATH=/home/ros/autoware.ai/install/autoware_build_flags/share:${ROS_PACKAGE_PATH} /usr/bin/cmake --build /home/ros/autoware.ai/build/glviewer --target install -- -j12 -l12
