-- The C compiler identification is GNU 7.5.0
-- The CXX compiler identification is GNU 7.5.0
-- Check for working C compiler: /usr/bin/cc
-- Check for working C compiler: /usr/bin/cc -- works
-- Detecting C compiler ABI info
-- Detecting C compiler ABI info - done
-- Detecting C compile features
-- Detecting C compile features - done
-- Check for working CXX compiler: /usr/bin/c++
-- Check for working CXX compiler: /usr/bin/c++ -- works
-- Detecting CXX compiler ABI info
-- Detecting CXX compiler ABI info - done
-- Detecting CXX compile features
-- Detecting CXX compile features - done
-- Using CATKIN_DEVEL_PREFIX: /home/ros/autoware.ai/build/mpc_follower/devel
-- Using CMAKE_PREFIX_PATH: /home/ros/autoware.ai/install/autoware_health_checker;/home/ros/autoware.ai/install/amathutils_lib;/home/ros/autoware.ai/install/ros_observer;/home/ros/autoware.ai/install/autoware_system_msgs;/home/ros/autoware.ai/install/autoware_msgs;/home/ros/autoware.ai/install/autoware_build_flags;/opt/ros/melodic
-- This workspace overlays: /home/ros/autoware.ai/install/autoware_health_checker;/home/ros/autoware.ai/install/amathutils_lib;/home/ros/autoware.ai/install/ros_observer;/home/ros/autoware.ai/install/autoware_system_msgs;/home/ros/autoware.ai/install/autoware_msgs;/home/ros/autoware.ai/install/autoware_build_flags;/opt/ros/melodic
-- Found PythonInterp: /usr/bin/python2 (found suitable version "2.7.17", minimum required is "2") 
-- Using PYTHON_EXECUTABLE: /usr/bin/python2
-- Using Debian Python package layout
-- Using empy: /usr/bin/empy
-- Using CATKIN_ENABLE_TESTING: ON
-- Call enable_testing()
-- Using CATKIN_TEST_RESULTS_DIR: /home/ros/autoware.ai/build/mpc_follower/test_results
-- Found gtest sources under '/usr/src/googletest': gtests will be built
-- Found gmock sources under '/usr/src/googletest': gmock will be built
-- Found PythonInterp: /usr/bin/python2 (found version "2.7.17") 
-- Looking for pthread.h
-- Looking for pthread.h - found
-- Looking for pthread_create
-- Looking for pthread_create - not found
-- Looking for pthread_create in pthreads
-- Looking for pthread_create in pthreads - not found
-- Looking for pthread_create in pthread
-- Looking for pthread_create in pthread - found
-- Found Threads: TRUE  
-- Using Python nosetests: /usr/bin/nosetests-2.7
-- catkin 0.7.29
-- BUILD_SHARED_LIBS is on
-- Using these message generators: gencpp;geneus;genlisp;gennodejs;genpy
-- CUDA compilation status: .
-- Configuring done
-- Generating done
-- Build files have been written to: /home/ros/autoware.ai/build/mpc_follower
[35m[1mScanning dependencies of target autoware_system_msgs_generate_messages_py[0m
[  0%] Built target autoware_system_msgs_generate_messages_py
[35m[1mScanning dependencies of target std_msgs_generate_messages_nodejs[0m
[  0%] Built target std_msgs_generate_messages_nodejs
[35m[1mScanning dependencies of target sensor_msgs_generate_messages_eus[0m
[  0%] Built target sensor_msgs_generate_messages_eus
[35m[1mScanning dependencies of target _catkin_empty_exported_target[0m
[  0%] Built target _catkin_empty_exported_target
[35m[1mScanning dependencies of target sensor_msgs_generate_messages_cpp[0m
[  0%] Built target sensor_msgs_generate_messages_cpp
[35m[1mScanning dependencies of target autoware_msgs_generate_messages_cpp[0m
[  0%] Built target autoware_msgs_generate_messages_cpp
[35m[1mScanning dependencies of target rosgraph_msgs_generate_messages_cpp[0m
[  0%] Built target rosgraph_msgs_generate_messages_cpp
[35m[1mScanning dependencies of target pcl_msgs_generate_messages_nodejs[0m
[  0%] Built target pcl_msgs_generate_messages_nodejs
[35m[1mScanning dependencies of target jsk_recognition_msgs_generate_messages_py[0m
[  0%] Built target jsk_recognition_msgs_generate_messages_py
[35m[1mScanning dependencies of target sensor_msgs_generate_messages_lisp[0m
[  0%] Built target sensor_msgs_generate_messages_lisp
[35m[1mScanning dependencies of target sensor_msgs_generate_messages_py[0m
[  0%] Built target sensor_msgs_generate_messages_py
[35m[1mScanning dependencies of target tf_generate_messages_py[0m
[  0%] Built target tf_generate_messages_py
[35m[1mScanning dependencies of target std_msgs_generate_messages_cpp[0m
[  0%] Built target std_msgs_generate_messages_cpp
[35m[1mScanning dependencies of target jsk_footstep_msgs_generate_messages_py[0m
[  0%] Built target jsk_footstep_msgs_generate_messages_py
[35m[1mScanning dependencies of target actionlib_msgs_generate_messages_nodejs[0m
[  0%] Built target actionlib_msgs_generate_messages_nodejs
[35m[1mScanning dependencies of target geometry_msgs_generate_messages_eus[0m
[  0%] Built target geometry_msgs_generate_messages_eus
[35m[1mScanning dependencies of target std_msgs_generate_messages_lisp[0m
[  0%] Built target std_msgs_generate_messages_lisp
[35m[1mScanning dependencies of target roscpp_generate_messages_nodejs[0m
[  0%] Built target roscpp_generate_messages_nodejs
[35m[1mScanning dependencies of target autoware_system_msgs_generate_messages_cpp[0m
[  0%] Built target autoware_system_msgs_generate_messages_cpp
[35m[1mScanning dependencies of target geometry_msgs_generate_messages_nodejs[0m
[  0%] Built target geometry_msgs_generate_messages_nodejs
[35m[1mScanning dependencies of target geometry_msgs_generate_messages_lisp[0m
[  0%] Built target geometry_msgs_generate_messages_lisp
[35m[1mScanning dependencies of target pcl_msgs_generate_messages_cpp[0m
[  0%] Built target pcl_msgs_generate_messages_cpp
[35m[1mScanning dependencies of target jsk_recognition_msgs_generate_messages_cpp[0m
[  0%] Built target jsk_recognition_msgs_generate_messages_cpp
[35m[1mScanning dependencies of target autoware_msgs_generate_messages_eus[0m
[  0%] Built target autoware_msgs_generate_messages_eus
[35m[1mScanning dependencies of target autoware_msgs_generate_messages_lisp[0m
[  0%] Built target autoware_msgs_generate_messages_lisp
[35m[1mScanning dependencies of target std_msgs_generate_messages_eus[0m
[  0%] Built target std_msgs_generate_messages_eus
[35m[1mScanning dependencies of target autoware_msgs_generate_messages_nodejs[0m
[  0%] Built target autoware_msgs_generate_messages_nodejs
[35m[1mScanning dependencies of target jsk_footstep_msgs_generate_messages_eus[0m
[  0%] Built target jsk_footstep_msgs_generate_messages_eus
[35m[1mScanning dependencies of target actionlib_msgs_generate_messages_py[0m
[  0%] Built target actionlib_msgs_generate_messages_py
[35m[1mScanning dependencies of target jsk_footstep_msgs_generate_messages_lisp[0m
[  0%] Built target jsk_footstep_msgs_generate_messages_lisp
[35m[1mScanning dependencies of target jsk_footstep_msgs_generate_messages_nodejs[0m
[  0%] Built target jsk_footstep_msgs_generate_messages_nodejs
[35m[1mScanning dependencies of target autoware_system_msgs_generate_messages_nodejs[0m
[  0%] Built target autoware_system_msgs_generate_messages_nodejs
[35m[1mScanning dependencies of target actionlib_msgs_generate_messages_lisp[0m
[  0%] Built target actionlib_msgs_generate_messages_lisp
[35m[1mScanning dependencies of target jsk_footstep_msgs_generate_messages_cpp[0m
[  0%] Built target jsk_footstep_msgs_generate_messages_cpp
[35m[1mScanning dependencies of target actionlib_msgs_generate_messages_cpp[0m
[  0%] Built target actionlib_msgs_generate_messages_cpp
[35m[1mScanning dependencies of target tf_generate_messages_eus[0m
[  0%] Built target tf_generate_messages_eus
[35m[1mScanning dependencies of target tf_generate_messages_lisp[0m
[  0%] Built target tf_generate_messages_lisp
[35m[1mScanning dependencies of target tf_generate_messages_nodejs[0m
[  0%] Built target tf_generate_messages_nodejs
[35m[1mScanning dependencies of target jsk_recognition_msgs_generate_messages_nodejs[0m
[  0%] Built target jsk_recognition_msgs_generate_messages_nodejs
[35m[1mScanning dependencies of target roscpp_generate_messages_lisp[0m
[  0%] Built target roscpp_generate_messages_lisp
[35m[1mScanning dependencies of target roscpp_generate_messages_py[0m
[  0%] Built target roscpp_generate_messages_py
[35m[1mScanning dependencies of target rosgraph_msgs_generate_messages_lisp[0m
[  0%] Built target rosgraph_msgs_generate_messages_lisp
[35m[1mScanning dependencies of target rosgraph_msgs_generate_messages_nodejs[0m
[  0%] Built target rosgraph_msgs_generate_messages_nodejs
[35m[1mScanning dependencies of target roscpp_generate_messages_eus[0m
[  0%] Built target roscpp_generate_messages_eus
[35m[1mScanning dependencies of target actionlib_msgs_generate_messages_eus[0m
[  0%] Built target actionlib_msgs_generate_messages_eus
[35m[1mScanning dependencies of target rosgraph_msgs_generate_messages_py[0m
[  0%] Built target rosgraph_msgs_generate_messages_py
[35m[1mScanning dependencies of target pcl_msgs_generate_messages_py[0m
[  0%] Built target pcl_msgs_generate_messages_py
[35m[1mScanning dependencies of target actionlib_generate_messages_eus[0m
[  0%] Built target actionlib_generate_messages_eus
[35m[1mScanning dependencies of target geometry_msgs_generate_messages_cpp[0m
[  0%] Built target geometry_msgs_generate_messages_cpp
[35m[1mScanning dependencies of target actionlib_generate_messages_lisp[0m
[  0%] Built target actionlib_generate_messages_lisp
[35m[1mScanning dependencies of target pcl_msgs_generate_messages_lisp[0m
[  0%] Built target pcl_msgs_generate_messages_lisp
[35m[1mScanning dependencies of target tf_generate_messages_cpp[0m
[  0%] Built target tf_generate_messages_cpp
[35m[1mScanning dependencies of target actionlib_generate_messages_nodejs[0m
[  0%] Built target actionlib_generate_messages_nodejs
[35m[1mScanning dependencies of target autoware_system_msgs_generate_messages_eus[0m
[  0%] Built target autoware_system_msgs_generate_messages_eus
[35m[1mScanning dependencies of target tf2_msgs_generate_messages_eus[0m
[  0%] Built target tf2_msgs_generate_messages_eus
[35m[1mScanning dependencies of target tf2_msgs_generate_messages_lisp[0m
[  0%] Built target tf2_msgs_generate_messages_lisp
[35m[1mScanning dependencies of target actionlib_generate_messages_py[0m
[  0%] Built target actionlib_generate_messages_py
[35m[1mScanning dependencies of target tf2_msgs_generate_messages_py[0m
[  0%] Built target tf2_msgs_generate_messages_py
[35m[1mScanning dependencies of target autoware_system_msgs_generate_messages_lisp[0m
[  0%] Built target autoware_system_msgs_generate_messages_lisp
[35m[1mScanning dependencies of target tf2_msgs_generate_messages_nodejs[0m
[  0%] Built target tf2_msgs_generate_messages_nodejs
[35m[1mScanning dependencies of target sensor_msgs_generate_messages_nodejs[0m
[  0%] Built target sensor_msgs_generate_messages_nodejs
[35m[1mScanning dependencies of target autoware_msgs_generate_messages_py[0m
[  0%] Built target autoware_msgs_generate_messages_py
[35m[1mScanning dependencies of target std_msgs_generate_messages_py[0m
[  0%] Built target std_msgs_generate_messages_py
[35m[1mScanning dependencies of target tf2_msgs_generate_messages_cpp[0m
[  0%] Built target tf2_msgs_generate_messages_cpp
[35m[1mScanning dependencies of target jsk_recognition_msgs_generate_messages_eus[0m
[  0%] Built target jsk_recognition_msgs_generate_messages_eus
[35m[1mScanning dependencies of target jsk_recognition_msgs_generate_messages_lisp[0m
[  0%] Built target jsk_recognition_msgs_generate_messages_lisp
[35m[1mScanning dependencies of target rosgraph_msgs_generate_messages_eus[0m
[  0%] Built target rosgraph_msgs_generate_messages_eus
[35m[1mScanning dependencies of target pcl_msgs_generate_messages_eus[0m
[  0%] Built target pcl_msgs_generate_messages_eus
[35m[1mScanning dependencies of target actionlib_generate_messages_cpp[0m
[  0%] Built target actionlib_generate_messages_cpp
[35m[1mScanning dependencies of target roscpp_generate_messages_cpp[0m
[  0%] Built target roscpp_generate_messages_cpp
[35m[1mScanning dependencies of target geometry_msgs_generate_messages_py[0m
[  0%] Built target geometry_msgs_generate_messages_py
[35m[1mScanning dependencies of target mpc_follower[0m
[  6%] [32mBuilding CXX object CMakeFiles/mpc_follower.dir/src/mpc_follower_node.cpp.o[0m
[ 13%] [32mBuilding CXX object CMakeFiles/mpc_follower.dir/src/qp_solver/qp_solver_unconstr_fast.cpp.o[0m
[ 20%] [32mBuilding CXX object CMakeFiles/mpc_follower.dir/src/qp_solver/qp_solver_qpoases.cpp.o[0m
[ 26%] [32mBuilding CXX object CMakeFiles/mpc_follower.dir/src/qp_solver/qp_solver_unconstr.cpp.o[0m
[ 33%] [32mBuilding CXX object CMakeFiles/mpc_follower.dir/src/vehicle_model/vehicle_model_bicycle_kinematics_no_delay.cpp.o[0m
[ 40%] [32mBuilding CXX object CMakeFiles/mpc_follower.dir/src/vehicle_model/vehicle_model_bicycle_dynamics.cpp.o[0m
[ 46%] [32mBuilding CXX object CMakeFiles/mpc_follower.dir/src/vehicle_model/vehicle_model_bicycle_kinematics.cpp.o[0m
[ 53%] [32mBuilding CXX object CMakeFiles/mpc_follower.dir/src/vehicle_model/vehicle_model_interface.cpp.o[0m
[ 60%] [32mBuilding CXX object CMakeFiles/mpc_follower.dir/src/lowpass_filter.cpp.o[0m
[ 66%] [32mBuilding CXX object CMakeFiles/mpc_follower.dir/src/mpc_trajectory.cpp.o[0m
[ 73%] [32mBuilding CXX object CMakeFiles/mpc_follower.dir/src/mpc_utils.cpp.o[0m
[ 80%] [32mBuilding CXX object CMakeFiles/mpc_follower.dir/src/mpc_follower_core.cpp.o[0m
[ 86%] [32m[1mLinking CXX executable devel/lib/mpc_follower/mpc_follower[0m
[ 86%] Built target mpc_follower
[35m[1mScanning dependencies of target mpc_waypoints_converter[0m
[ 93%] [32mBuilding CXX object CMakeFiles/mpc_waypoints_converter.dir/src/mpc_waypoints_converter.cpp.o[0m
[100%] [32m[1mLinking CXX executable devel/lib/mpc_follower/mpc_waypoints_converter[0m
[100%] Built target mpc_waypoints_converter
[35m[1mScanning dependencies of target gtest[0m
[  3%] [32mBuilding CXX object gtest/googlemock/gtest/CMakeFiles/gtest.dir/src/gtest-all.cc.o[0m
[  6%] [32m[1mLinking CXX shared library libgtest.so[0m
[  6%] Built target gtest
[  6%] Built target std_msgs_generate_messages_nodejs
[  6%] Built target sensor_msgs_generate_messages_eus
[  6%] Built target _catkin_empty_exported_target
[  6%] Built target sensor_msgs_generate_messages_cpp
[  6%] Built target autoware_msgs_generate_messages_cpp
[  6%] Built target rosgraph_msgs_generate_messages_cpp
[  6%] Built target pcl_msgs_generate_messages_nodejs
[  6%] Built target jsk_recognition_msgs_generate_messages_py
[  6%] Built target sensor_msgs_generate_messages_lisp
[  6%] Built target sensor_msgs_generate_messages_py
[  6%] Built target tf_generate_messages_py
[  6%] Built target std_msgs_generate_messages_cpp
[  6%] Built target jsk_footstep_msgs_generate_messages_py
[  6%] Built target actionlib_msgs_generate_messages_nodejs
[  6%] Built target geometry_msgs_generate_messages_eus
[  6%] Built target std_msgs_generate_messages_lisp
[  6%] Built target roscpp_generate_messages_nodejs
[  6%] Built target autoware_system_msgs_generate_messages_cpp
[  6%] Built target geometry_msgs_generate_messages_nodejs
[  6%] Built target geometry_msgs_generate_messages_lisp
[  6%] Built target pcl_msgs_generate_messages_cpp
[  6%] Built target jsk_recognition_msgs_generate_messages_cpp
[  6%] Built target autoware_msgs_generate_messages_eus
[  6%] Built target autoware_msgs_generate_messages_lisp
[  6%] Built target std_msgs_generate_messages_eus
[  6%] Built target autoware_msgs_generate_messages_nodejs
[  6%] Built target jsk_footstep_msgs_generate_messages_eus
[  6%] Built target actionlib_msgs_generate_messages_py
[  6%] Built target jsk_footstep_msgs_generate_messages_lisp
[  6%] Built target jsk_footstep_msgs_generate_messages_nodejs
[  6%] Built target autoware_system_msgs_generate_messages_nodejs
[  6%] Built target actionlib_msgs_generate_messages_lisp
[  6%] Built target jsk_footstep_msgs_generate_messages_cpp
[  6%] Built target actionlib_msgs_generate_messages_cpp
[  6%] Built target tf_generate_messages_eus
[  6%] Built target tf_generate_messages_lisp
[  6%] Built target tf_generate_messages_nodejs
[  6%] Built target jsk_recognition_msgs_generate_messages_nodejs
[  6%] Built target roscpp_generate_messages_lisp
[  6%] Built target roscpp_generate_messages_py
[  6%] Built target rosgraph_msgs_generate_messages_lisp
[  6%] Built target rosgraph_msgs_generate_messages_nodejs
[  6%] Built target roscpp_generate_messages_eus
[  6%] Built target actionlib_msgs_generate_messages_eus
[  6%] Built target rosgraph_msgs_generate_messages_py
[  6%] Built target pcl_msgs_generate_messages_py
[  6%] Built target actionlib_generate_messages_eus
[  6%] Built target geometry_msgs_generate_messages_cpp
[  6%] Built target actionlib_generate_messages_lisp
[  6%] Built target pcl_msgs_generate_messages_lisp
[  6%] Built target tf_generate_messages_cpp
[  6%] Built target actionlib_generate_messages_nodejs
[  6%] Built target autoware_system_msgs_generate_messages_eus
[  6%] Built target tf2_msgs_generate_messages_eus
[  6%] Built target tf2_msgs_generate_messages_lisp
[  6%] Built target actionlib_generate_messages_py
[  6%] Built target tf2_msgs_generate_messages_py
[  6%] Built target autoware_system_msgs_generate_messages_lisp
[  6%] Built target tf2_msgs_generate_messages_nodejs
[  6%] Built target sensor_msgs_generate_messages_nodejs
[  6%] Built target autoware_system_msgs_generate_messages_py
[  6%] Built target autoware_msgs_generate_messages_py
[  6%] Built target std_msgs_generate_messages_py
[  6%] Built target tf2_msgs_generate_messages_cpp
[  6%] Built target jsk_recognition_msgs_generate_messages_eus
[  6%] Built target jsk_recognition_msgs_generate_messages_lisp
[  6%] Built target rosgraph_msgs_generate_messages_eus
[  6%] Built target pcl_msgs_generate_messages_eus
[  6%] Built target actionlib_generate_messages_cpp
[  6%] Built target roscpp_generate_messages_cpp
[  6%] Built target geometry_msgs_generate_messages_py
[35m[1mScanning dependencies of target test-mpc_lowpass_filter[0m
[ 10%] [32mBuilding CXX object CMakeFiles/test-mpc_lowpass_filter.dir/test/src/test_mpc_lowpass_filter.cpp.o[0m
[ 13%] [32mBuilding CXX object CMakeFiles/test-mpc_lowpass_filter.dir/src/lowpass_filter.cpp.o[0m
[ 16%] [32m[1mLinking CXX executable devel/lib/mpc_follower/test-mpc_lowpass_filter[0m
[ 16%] Built target test-mpc_lowpass_filter
[35m[1mScanning dependencies of target test-mpc_utils[0m
[ 20%] [32mBuilding CXX object CMakeFiles/test-mpc_utils.dir/test/src/test_mpc_utils.cpp.o[0m
[ 23%] [32mBuilding CXX object CMakeFiles/test-mpc_utils.dir/src/qp_solver/qp_solver_qpoases.cpp.o[0m
[ 26%] [32mBuilding CXX object CMakeFiles/test-mpc_utils.dir/src/qp_solver/qp_solver_unconstr_fast.cpp.o[0m
[ 30%] [32mBuilding CXX object CMakeFiles/test-mpc_utils.dir/src/qp_solver/qp_solver_unconstr.cpp.o[0m
[ 33%] [32mBuilding CXX object CMakeFiles/test-mpc_utils.dir/src/vehicle_model/vehicle_model_bicycle_kinematics_no_delay.cpp.o[0m
[ 36%] [32mBuilding CXX object CMakeFiles/test-mpc_utils.dir/src/vehicle_model/vehicle_model_bicycle_dynamics.cpp.o[0m
[ 40%] [32mBuilding CXX object CMakeFiles/test-mpc_utils.dir/src/vehicle_model/vehicle_model_bicycle_kinematics.cpp.o[0m
[ 43%] [32mBuilding CXX object CMakeFiles/test-mpc_utils.dir/src/vehicle_model/vehicle_model_interface.cpp.o[0m
[ 46%] [32mBuilding CXX object CMakeFiles/test-mpc_utils.dir/src/lowpass_filter.cpp.o[0m
[ 50%] [32mBuilding CXX object CMakeFiles/test-mpc_utils.dir/src/mpc_trajectory.cpp.o[0m
[ 53%] [32mBuilding CXX object CMakeFiles/test-mpc_utils.dir/src/mpc_utils.cpp.o[0m
[ 56%] [32m[1mLinking CXX executable devel/lib/mpc_follower/test-mpc_utils[0m
[ 56%] Built target test-mpc_utils
[35m[1mScanning dependencies of target test-mpc_follower[0m
[ 60%] [32mBuilding CXX object CMakeFiles/test-mpc_follower.dir/test/src/test_mpc_follower.cpp.o[0m
[ 63%] [32mBuilding CXX object CMakeFiles/test-mpc_follower.dir/src/qp_solver/qp_solver_qpoases.cpp.o[0m
[ 66%] [32mBuilding CXX object CMakeFiles/test-mpc_follower.dir/src/qp_solver/qp_solver_unconstr_fast.cpp.o[0m
[ 70%] [32mBuilding CXX object CMakeFiles/test-mpc_follower.dir/src/qp_solver/qp_solver_unconstr.cpp.o[0m
[ 73%] [32mBuilding CXX object CMakeFiles/test-mpc_follower.dir/src/vehicle_model/vehicle_model_bicycle_kinematics_no_delay.cpp.o[0m
[ 76%] [32mBuilding CXX object CMakeFiles/test-mpc_follower.dir/src/vehicle_model/vehicle_model_bicycle_dynamics.cpp.o[0m
[ 80%] [32mBuilding CXX object CMakeFiles/test-mpc_follower.dir/src/vehicle_model/vehicle_model_bicycle_kinematics.cpp.o[0m
[ 83%] [32mBuilding CXX object CMakeFiles/test-mpc_follower.dir/src/vehicle_model/vehicle_model_interface.cpp.o[0m
[ 86%] [32mBuilding CXX object CMakeFiles/test-mpc_follower.dir/src/lowpass_filter.cpp.o[0m
[ 90%] [32mBuilding CXX object CMakeFiles/test-mpc_follower.dir/src/mpc_trajectory.cpp.o[0m
[ 93%] [32mBuilding CXX object CMakeFiles/test-mpc_follower.dir/src/mpc_utils.cpp.o[0m
[ 96%] [32mBuilding CXX object CMakeFiles/test-mpc_follower.dir/src/mpc_follower_core.cpp.o[0m
[100%] [32m[1mLinking CXX executable devel/lib/mpc_follower/test-mpc_follower[0m
[100%] Built target test-mpc_follower
[35m[1mScanning dependencies of target tests[0m
[100%] Built target tests
[  0%] Built target autoware_system_msgs_generate_messages_py
[  0%] Built target std_msgs_generate_messages_nodejs
[  0%] Built target sensor_msgs_generate_messages_eus
[  0%] Built target _catkin_empty_exported_target
[  0%] Built target sensor_msgs_generate_messages_cpp
[  0%] Built target autoware_msgs_generate_messages_cpp
[  0%] Built target rosgraph_msgs_generate_messages_cpp
[  0%] Built target pcl_msgs_generate_messages_nodejs
[  0%] Built target jsk_recognition_msgs_generate_messages_py
[  0%] Built target sensor_msgs_generate_messages_lisp
[  0%] Built target sensor_msgs_generate_messages_py
[  0%] Built target tf_generate_messages_py
[  0%] Built target std_msgs_generate_messages_cpp
[  0%] Built target jsk_footstep_msgs_generate_messages_py
[  0%] Built target actionlib_msgs_generate_messages_nodejs
[  0%] Built target geometry_msgs_generate_messages_eus
[  0%] Built target std_msgs_generate_messages_lisp
[  0%] Built target roscpp_generate_messages_nodejs
[  0%] Built target autoware_system_msgs_generate_messages_cpp
[  0%] Built target geometry_msgs_generate_messages_nodejs
[  0%] Built target geometry_msgs_generate_messages_lisp
[  0%] Built target pcl_msgs_generate_messages_cpp
[  0%] Built target jsk_recognition_msgs_generate_messages_cpp
[  0%] Built target autoware_msgs_generate_messages_eus
[  0%] Built target autoware_msgs_generate_messages_lisp
[  0%] Built target std_msgs_generate_messages_eus
[  0%] Built target autoware_msgs_generate_messages_nodejs
[  0%] Built target jsk_footstep_msgs_generate_messages_eus
[  0%] Built target actionlib_msgs_generate_messages_py
[  0%] Built target jsk_footstep_msgs_generate_messages_lisp
[  0%] Built target jsk_footstep_msgs_generate_messages_nodejs
[  0%] Built target autoware_system_msgs_generate_messages_nodejs
[  0%] Built target actionlib_msgs_generate_messages_lisp
[  0%] Built target jsk_footstep_msgs_generate_messages_cpp
[  0%] Built target actionlib_msgs_generate_messages_cpp
[  0%] Built target tf_generate_messages_eus
[  0%] Built target tf_generate_messages_lisp
[  0%] Built target tf_generate_messages_nodejs
[  0%] Built target jsk_recognition_msgs_generate_messages_nodejs
[  0%] Built target roscpp_generate_messages_lisp
[  0%] Built target roscpp_generate_messages_py
[  0%] Built target rosgraph_msgs_generate_messages_lisp
[  0%] Built target rosgraph_msgs_generate_messages_nodejs
[  0%] Built target roscpp_generate_messages_eus
[  0%] Built target actionlib_msgs_generate_messages_eus
[  0%] Built target rosgraph_msgs_generate_messages_py
[  0%] Built target pcl_msgs_generate_messages_py
[  0%] Built target actionlib_generate_messages_eus
[  0%] Built target geometry_msgs_generate_messages_cpp
[  0%] Built target actionlib_generate_messages_lisp
[  0%] Built target pcl_msgs_generate_messages_lisp
[  0%] Built target tf_generate_messages_cpp
[  0%] Built target actionlib_generate_messages_nodejs
[  0%] Built target autoware_system_msgs_generate_messages_eus
[  0%] Built target tf2_msgs_generate_messages_eus
[  0%] Built target tf2_msgs_generate_messages_lisp
[  0%] Built target actionlib_generate_messages_py
[  0%] Built target tf2_msgs_generate_messages_py
[  0%] Built target autoware_system_msgs_generate_messages_lisp
[  0%] Built target tf2_msgs_generate_messages_nodejs
[  0%] Built target sensor_msgs_generate_messages_nodejs
[  0%] Built target autoware_msgs_generate_messages_py
[  0%] Built target std_msgs_generate_messages_py
[  0%] Built target tf2_msgs_generate_messages_cpp
[  0%] Built target jsk_recognition_msgs_generate_messages_eus
[  0%] Built target jsk_recognition_msgs_generate_messages_lisp
[  0%] Built target rosgraph_msgs_generate_messages_eus
[  0%] Built target pcl_msgs_generate_messages_eus
[  0%] Built target actionlib_generate_messages_cpp
[  0%] Built target roscpp_generate_messages_cpp
[  0%] Built target geometry_msgs_generate_messages_py
[ 86%] Built target mpc_follower
[100%] Built target mpc_waypoints_converter
[36mInstall the project...[0m
-- Install configuration: "Release"
-- Installing: /home/ros/autoware.ai/install/mpc_follower/lib/pkgconfig/mpc_follower.pc
-- Installing: /home/ros/autoware.ai/install/mpc_follower/share/mpc_follower/cmake/mpc_followerConfig.cmake
-- Installing: /home/ros/autoware.ai/install/mpc_follower/share/mpc_follower/cmake/mpc_followerConfig-version.cmake
-- Installing: /home/ros/autoware.ai/install/mpc_follower/share/mpc_follower/package.xml
-- Installing: /home/ros/autoware.ai/install/mpc_follower/lib/mpc_follower/mpc_follower
-- Set runtime path of "/home/ros/autoware.ai/install/mpc_follower/lib/mpc_follower/mpc_follower" to ""
-- Installing: /home/ros/autoware.ai/install/mpc_follower/lib/mpc_follower/mpc_waypoints_converter
-- Set runtime path of "/home/ros/autoware.ai/install/mpc_follower/lib/mpc_follower/mpc_waypoints_converter" to ""
-- Installing: /home/ros/autoware.ai/install/mpc_follower/include/mpc_follower
-- Installing: /home/ros/autoware.ai/install/mpc_follower/include/mpc_follower/mpc_follower_core.h
-- Installing: /home/ros/autoware.ai/install/mpc_follower/include/mpc_follower/mpc_utils.h
-- Installing: /home/ros/autoware.ai/install/mpc_follower/include/mpc_follower/lowpass_filter.h
-- Installing: /home/ros/autoware.ai/install/mpc_follower/include/mpc_follower/vehicle_model
-- Installing: /home/ros/autoware.ai/install/mpc_follower/include/mpc_follower/vehicle_model/vehicle_model_bicycle_kinematics_no_delay.h
-- Installing: /home/ros/autoware.ai/install/mpc_follower/include/mpc_follower/vehicle_model/vehicle_model_interface.h
-- Installing: /home/ros/autoware.ai/install/mpc_follower/include/mpc_follower/vehicle_model/vehicle_model_bicycle_kinematics.h
-- Installing: /home/ros/autoware.ai/install/mpc_follower/include/mpc_follower/vehicle_model/vehicle_model_bicycle_dynamics.h
-- Installing: /home/ros/autoware.ai/install/mpc_follower/include/mpc_follower/qp_solver
-- Installing: /home/ros/autoware.ai/install/mpc_follower/include/mpc_follower/qp_solver/qp_solver_qpoases.h
-- Installing: /home/ros/autoware.ai/install/mpc_follower/include/mpc_follower/qp_solver/qp_solver_interface.h
-- Installing: /home/ros/autoware.ai/install/mpc_follower/include/mpc_follower/qp_solver/qp_solver_unconstr.h
-- Installing: /home/ros/autoware.ai/install/mpc_follower/include/mpc_follower/qp_solver/qp_solver_unconstr_fast.h
-- Installing: /home/ros/autoware.ai/install/mpc_follower/include/mpc_follower/mpc_trajectory.h
-- Installing: /home/ros/autoware.ai/install/mpc_follower/share/mpc_follower/launch
-- Installing: /home/ros/autoware.ai/install/mpc_follower/share/mpc_follower/launch/mpc_follower.launch
