[0.100s] Invoking command in '/home/ros/autoware.ai/build/mpc_follower': CMAKE_PREFIX_PATH=/home/ros/autoware.ai/install/autoware_health_checker:/home/ros/autoware.ai/install/amathutils_lib:/home/ros/autoware.ai/install/ros_observer:/home/ros/autoware.ai/install/autoware_system_msgs:/home/ros/autoware.ai/install/autoware_msgs:/home/ros/autoware.ai/install/autoware_build_flags:${CMAKE_PREFIX_PATH} LD_LIBRARY_PATH=/home/ros/autoware.ai/install/autoware_health_checker/lib:/home/ros/autoware.ai/install/amathutils_lib/lib:/home/ros/autoware.ai/install/ros_observer/lib:${LD_LIBRARY_PATH} PKG_CONFIG_PATH=/home/ros/autoware.ai/install/autoware_health_checker/lib/x86_64-linux-gnu/pkgconfig:/home/ros/autoware.ai/install/autoware_health_checker/lib/pkgconfig:/home/ros/autoware.ai/install/amathutils_lib/lib/x86_64-linux-gnu/pkgconfig:/home/ros/autoware.ai/install/amathutils_lib/lib/pkgconfig:/home/ros/autoware.ai/install/ros_observer/lib/x86_64-linux-gnu/pkgconfig:/home/ros/autoware.ai/install/ros_observer/lib/pkgconfig:/home/ros/autoware.ai/install/autoware_system_msgs/lib/x86_64-linux-gnu/pkgconfig:/home/ros/autoware.ai/install/autoware_system_msgs/lib/pkgconfig:/home/ros/autoware.ai/install/autoware_msgs/lib/x86_64-linux-gnu/pkgconfig:/home/ros/autoware.ai/install/autoware_msgs/lib/pkgconfig:/home/ros/autoware.ai/install/autoware_build_flags/lib/x86_64-linux-gnu/pkgconfig:/home/ros/autoware.ai/install/autoware_build_flags/lib/pkgconfig:${PKG_CONFIG_PATH} PYTHONPATH=/home/ros/autoware.ai/install/autoware_system_msgs/lib/python2.7/dist-packages:/home/ros/autoware.ai/install/autoware_msgs/lib/python2.7/dist-packages:${PYTHONPATH} ROS_PACKAGE_PATH=/home/ros/autoware.ai/install/autoware_health_checker/share:/home/ros/autoware.ai/install/amathutils_lib/share:/home/ros/autoware.ai/install/ros_observer/share:/home/ros/autoware.ai/install/autoware_system_msgs/share:/home/ros/autoware.ai/install/autoware_msgs/share:/home/ros/autoware.ai/install/autoware_build_flags/share:${ROS_PACKAGE_PATH} /usr/bin/cmake /home/ros/autoware.ai/src/autoware/core_planning/mpc_follower -DCMAKE_BUILD_TYPE=Release -DCATKIN_INSTALL_INTO_PREFIX_ROOT=0 -DCMAKE_INSTALL_PREFIX=/home/ros/autoware.ai/install/mpc_follower
[0.243s] -- The C compiler identification is GNU 7.5.0
[0.333s] -- The CXX compiler identification is GNU 7.5.0
[0.340s] -- Check for working C compiler: /usr/bin/cc
[0.441s] -- Check for working C compiler: /usr/bin/cc -- works
[0.442s] -- Detecting C compiler ABI info
[0.555s] -- Detecting C compiler ABI info - done
[0.566s] -- Detecting C compile features
[0.852s] -- Detecting C compile features - done
[0.856s] -- Check for working CXX compiler: /usr/bin/c++
[0.977s] -- Check for working CXX compiler: /usr/bin/c++ -- works
[0.977s] -- Detecting CXX compiler ABI info
[1.107s] -- Detecting CXX compiler ABI info - done
[1.116s] -- Detecting CXX compile features
[1.717s] -- Detecting CXX compile features - done
[1.723s] -- Using CATKIN_DEVEL_PREFIX: /home/ros/autoware.ai/build/mpc_follower/devel
[1.724s] -- Using CMAKE_PREFIX_PATH: /home/ros/autoware.ai/install/autoware_health_checker;/home/ros/autoware.ai/install/amathutils_lib;/home/ros/autoware.ai/install/ros_observer;/home/ros/autoware.ai/install/autoware_system_msgs;/home/ros/autoware.ai/install/autoware_msgs;/home/ros/autoware.ai/install/autoware_build_flags;/opt/ros/melodic
[1.724s] -- This workspace overlays: /home/ros/autoware.ai/install/autoware_health_checker;/home/ros/autoware.ai/install/amathutils_lib;/home/ros/autoware.ai/install/ros_observer;/home/ros/autoware.ai/install/autoware_system_msgs;/home/ros/autoware.ai/install/autoware_msgs;/home/ros/autoware.ai/install/autoware_build_flags;/opt/ros/melodic
[1.741s] -- Found PythonInterp: /usr/bin/python2 (found suitable version "2.7.17", minimum required is "2") 
[1.741s] -- Using PYTHON_EXECUTABLE: /usr/bin/python2
[1.742s] -- Using Debian Python package layout
[1.743s] -- Using empy: /usr/bin/empy
[2.027s] -- Using CATKIN_ENABLE_TESTING: ON
[2.028s] -- Call enable_testing()
[2.032s] -- Using CATKIN_TEST_RESULTS_DIR: /home/ros/autoware.ai/build/mpc_follower/test_results
[2.065s] -- Found gtest sources under '/usr/src/googletest': gtests will be built
[2.066s] -- Found gmock sources under '/usr/src/googletest': gmock will be built
[2.085s] -- Found PythonInterp: /usr/bin/python2 (found version "2.7.17") 
[2.087s] -- Looking for pthread.h
[2.255s] -- Looking for pthread.h - found
[2.257s] -- Looking for pthread_create
[2.429s] -- Looking for pthread_create - not found
[2.429s] -- Looking for pthread_create in pthreads
[2.640s] -- Looking for pthread_create in pthreads - not found
[2.640s] -- Looking for pthread_create in pthread
[2.970s] -- Looking for pthread_create in pthread - found
[2.972s] -- Found Threads: TRUE  
[2.980s] -- Using Python nosetests: /usr/bin/nosetests-2.7
[3.155s] -- catkin 0.7.29
[3.155s] -- BUILD_SHARED_LIBS is on
[3.503s] -- Using these message generators: gencpp;geneus;genlisp;gennodejs;genpy
[3.712s] -- CUDA compilation status: .
[4.305s] -- Configuring done
[4.423s] -- Generating done
[4.450s] -- Build files have been written to: /home/ros/autoware.ai/build/mpc_follower
[4.457s] Invoked command in '/home/ros/autoware.ai/build/mpc_follower' returned '0': CMAKE_PREFIX_PATH=/home/ros/autoware.ai/install/autoware_health_checker:/home/ros/autoware.ai/install/amathutils_lib:/home/ros/autoware.ai/install/ros_observer:/home/ros/autoware.ai/install/autoware_system_msgs:/home/ros/autoware.ai/install/autoware_msgs:/home/ros/autoware.ai/install/autoware_build_flags:${CMAKE_PREFIX_PATH} LD_LIBRARY_PATH=/home/ros/autoware.ai/install/autoware_health_checker/lib:/home/ros/autoware.ai/install/amathutils_lib/lib:/home/ros/autoware.ai/install/ros_observer/lib:${LD_LIBRARY_PATH} PKG_CONFIG_PATH=/home/ros/autoware.ai/install/autoware_health_checker/lib/x86_64-linux-gnu/pkgconfig:/home/ros/autoware.ai/install/autoware_health_checker/lib/pkgconfig:/home/ros/autoware.ai/install/amathutils_lib/lib/x86_64-linux-gnu/pkgconfig:/home/ros/autoware.ai/install/amathutils_lib/lib/pkgconfig:/home/ros/autoware.ai/install/ros_observer/lib/x86_64-linux-gnu/pkgconfig:/home/ros/autoware.ai/install/ros_observer/lib/pkgconfig:/home/ros/autoware.ai/install/autoware_system_msgs/lib/x86_64-linux-gnu/pkgconfig:/home/ros/autoware.ai/install/autoware_system_msgs/lib/pkgconfig:/home/ros/autoware.ai/install/autoware_msgs/lib/x86_64-linux-gnu/pkgconfig:/home/ros/autoware.ai/install/autoware_msgs/lib/pkgconfig:/home/ros/autoware.ai/install/autoware_build_flags/lib/x86_64-linux-gnu/pkgconfig:/home/ros/autoware.ai/install/autoware_build_flags/lib/pkgconfig:${PKG_CONFIG_PATH} PYTHONPATH=/home/ros/autoware.ai/install/autoware_system_msgs/lib/python2.7/dist-packages:/home/ros/autoware.ai/install/autoware_msgs/lib/python2.7/dist-packages:${PYTHONPATH} ROS_PACKAGE_PATH=/home/ros/autoware.ai/install/autoware_health_checker/share:/home/ros/autoware.ai/install/amathutils_lib/share:/home/ros/autoware.ai/install/ros_observer/share:/home/ros/autoware.ai/install/autoware_system_msgs/share:/home/ros/autoware.ai/install/autoware_msgs/share:/home/ros/autoware.ai/install/autoware_build_flags/share:${ROS_PACKAGE_PATH} /usr/bin/cmake /home/ros/autoware.ai/src/autoware/core_planning/mpc_follower -DCMAKE_BUILD_TYPE=Release -DCATKIN_INSTALL_INTO_PREFIX_ROOT=0 -DCMAKE_INSTALL_PREFIX=/home/ros/autoware.ai/install/mpc_follower
[4.462s] Invoking command in '/home/ros/autoware.ai/build/mpc_follower': CMAKE_PREFIX_PATH=/home/ros/autoware.ai/install/autoware_health_checker:/home/ros/autoware.ai/install/amathutils_lib:/home/ros/autoware.ai/install/ros_observer:/home/ros/autoware.ai/install/autoware_system_msgs:/home/ros/autoware.ai/install/autoware_msgs:/home/ros/autoware.ai/install/autoware_build_flags:${CMAKE_PREFIX_PATH} LD_LIBRARY_PATH=/home/ros/autoware.ai/install/autoware_health_checker/lib:/home/ros/autoware.ai/install/amathutils_lib/lib:/home/ros/autoware.ai/install/ros_observer/lib:${LD_LIBRARY_PATH} PKG_CONFIG_PATH=/home/ros/autoware.ai/install/autoware_health_checker/lib/x86_64-linux-gnu/pkgconfig:/home/ros/autoware.ai/install/autoware_health_checker/lib/pkgconfig:/home/ros/autoware.ai/install/amathutils_lib/lib/x86_64-linux-gnu/pkgconfig:/home/ros/autoware.ai/install/amathutils_lib/lib/pkgconfig:/home/ros/autoware.ai/install/ros_observer/lib/x86_64-linux-gnu/pkgconfig:/home/ros/autoware.ai/install/ros_observer/lib/pkgconfig:/home/ros/autoware.ai/install/autoware_system_msgs/lib/x86_64-linux-gnu/pkgconfig:/home/ros/autoware.ai/install/autoware_system_msgs/lib/pkgconfig:/home/ros/autoware.ai/install/autoware_msgs/lib/x86_64-linux-gnu/pkgconfig:/home/ros/autoware.ai/install/autoware_msgs/lib/pkgconfig:/home/ros/autoware.ai/install/autoware_build_flags/lib/x86_64-linux-gnu/pkgconfig:/home/ros/autoware.ai/install/autoware_build_flags/lib/pkgconfig:${PKG_CONFIG_PATH} PYTHONPATH=/home/ros/autoware.ai/install/autoware_system_msgs/lib/python2.7/dist-packages:/home/ros/autoware.ai/install/autoware_msgs/lib/python2.7/dist-packages:${PYTHONPATH} ROS_PACKAGE_PATH=/home/ros/autoware.ai/install/autoware_health_checker/share:/home/ros/autoware.ai/install/amathutils_lib/share:/home/ros/autoware.ai/install/ros_observer/share:/home/ros/autoware.ai/install/autoware_system_msgs/share:/home/ros/autoware.ai/install/autoware_msgs/share:/home/ros/autoware.ai/install/autoware_build_flags/share:${ROS_PACKAGE_PATH} /usr/bin/cmake --build /home/ros/autoware.ai/build/mpc_follower -- -j12 -l12
[4.693s] [35m[1mScanning dependencies of target autoware_system_msgs_generate_messages_py[0m
[4.729s] [  0%] Built target autoware_system_msgs_generate_messages_py
[4.781s] [35m[1mScanning dependencies of target std_msgs_generate_messages_nodejs[0m
[4.855s] [  0%] Built target std_msgs_generate_messages_nodejs
[4.910s] [35m[1mScanning dependencies of target sensor_msgs_generate_messages_eus[0m
[4.967s] [  0%] Built target sensor_msgs_generate_messages_eus
[5.003s] [35m[1mScanning dependencies of target _catkin_empty_exported_target[0m
[5.038s] [  0%] Built target _catkin_empty_exported_target
[5.085s] [35m[1mScanning dependencies of target sensor_msgs_generate_messages_cpp[0m
[5.156s] [  0%] Built target sensor_msgs_generate_messages_cpp
[5.231s] [35m[1mScanning dependencies of target autoware_msgs_generate_messages_cpp[0m
[5.284s] [  0%] Built target autoware_msgs_generate_messages_cpp
[5.360s] [35m[1mScanning dependencies of target rosgraph_msgs_generate_messages_cpp[0m
[5.410s] [  0%] Built target rosgraph_msgs_generate_messages_cpp
[5.466s] [35m[1mScanning dependencies of target pcl_msgs_generate_messages_nodejs[0m
[5.517s] [  0%] Built target pcl_msgs_generate_messages_nodejs
[5.588s] [35m[1mScanning dependencies of target jsk_recognition_msgs_generate_messages_py[0m
[5.605s] [  0%] Built target jsk_recognition_msgs_generate_messages_py
[5.626s] [35m[1mScanning dependencies of target sensor_msgs_generate_messages_lisp[0m
[5.641s] [  0%] Built target sensor_msgs_generate_messages_lisp
[5.660s] [35m[1mScanning dependencies of target sensor_msgs_generate_messages_py[0m
[5.678s] [  0%] Built target sensor_msgs_generate_messages_py
[5.704s] [35m[1mScanning dependencies of target tf_generate_messages_py[0m
[5.719s] [  0%] Built target tf_generate_messages_py
[5.734s] [35m[1mScanning dependencies of target std_msgs_generate_messages_cpp[0m
[5.750s] [  0%] Built target std_msgs_generate_messages_cpp
[5.765s] [35m[1mScanning dependencies of target jsk_footstep_msgs_generate_messages_py[0m
[5.781s] [  0%] Built target jsk_footstep_msgs_generate_messages_py
[5.797s] [35m[1mScanning dependencies of target actionlib_msgs_generate_messages_nodejs[0m
[5.821s] [  0%] Built target actionlib_msgs_generate_messages_nodejs
[5.845s] [35m[1mScanning dependencies of target geometry_msgs_generate_messages_eus[0m
[5.865s] [  0%] Built target geometry_msgs_generate_messages_eus
[5.887s] [35m[1mScanning dependencies of target std_msgs_generate_messages_lisp[0m
[5.909s] [  0%] Built target std_msgs_generate_messages_lisp
[5.924s] [35m[1mScanning dependencies of target roscpp_generate_messages_nodejs[0m
[5.957s] [  0%] Built target roscpp_generate_messages_nodejs
[5.972s] [35m[1mScanning dependencies of target autoware_system_msgs_generate_messages_cpp[0m
[5.988s] [  0%] Built target autoware_system_msgs_generate_messages_cpp
[6.004s] [35m[1mScanning dependencies of target geometry_msgs_generate_messages_nodejs[0m
[6.022s] [  0%] Built target geometry_msgs_generate_messages_nodejs
[6.041s] [35m[1mScanning dependencies of target geometry_msgs_generate_messages_lisp[0m
[6.062s] [  0%] Built target geometry_msgs_generate_messages_lisp
[6.082s] [35m[1mScanning dependencies of target pcl_msgs_generate_messages_cpp[0m
[6.101s] [  0%] Built target pcl_msgs_generate_messages_cpp
[6.117s] [35m[1mScanning dependencies of target jsk_recognition_msgs_generate_messages_cpp[0m
[6.132s] [  0%] Built target jsk_recognition_msgs_generate_messages_cpp
[6.147s] [35m[1mScanning dependencies of target autoware_msgs_generate_messages_eus[0m
[6.164s] [  0%] Built target autoware_msgs_generate_messages_eus
[6.185s] [35m[1mScanning dependencies of target autoware_msgs_generate_messages_lisp[0m
[6.202s] [  0%] Built target autoware_msgs_generate_messages_lisp
[6.218s] [35m[1mScanning dependencies of target std_msgs_generate_messages_eus[0m
[6.234s] [  0%] Built target std_msgs_generate_messages_eus
[6.260s] [35m[1mScanning dependencies of target autoware_msgs_generate_messages_nodejs[0m
[6.284s] [  0%] Built target autoware_msgs_generate_messages_nodejs
[6.299s] [35m[1mScanning dependencies of target jsk_footstep_msgs_generate_messages_eus[0m
[6.322s] [  0%] Built target jsk_footstep_msgs_generate_messages_eus
[6.341s] [35m[1mScanning dependencies of target actionlib_msgs_generate_messages_py[0m
[6.362s] [  0%] Built target actionlib_msgs_generate_messages_py
[6.374s] [35m[1mScanning dependencies of target jsk_footstep_msgs_generate_messages_lisp[0m
[6.398s] [  0%] Built target jsk_footstep_msgs_generate_messages_lisp
[6.418s] [35m[1mScanning dependencies of target jsk_footstep_msgs_generate_messages_nodejs[0m
[6.434s] [  0%] Built target jsk_footstep_msgs_generate_messages_nodejs
[6.453s] [35m[1mScanning dependencies of target autoware_system_msgs_generate_messages_nodejs[0m
[6.470s] [  0%] Built target autoware_system_msgs_generate_messages_nodejs
[6.500s] [35m[1mScanning dependencies of target actionlib_msgs_generate_messages_lisp[0m
[6.545s] [  0%] Built target actionlib_msgs_generate_messages_lisp
[6.577s] [35m[1mScanning dependencies of target jsk_footstep_msgs_generate_messages_cpp[0m
[6.639s] [  0%] Built target jsk_footstep_msgs_generate_messages_cpp
[6.660s] [35m[1mScanning dependencies of target actionlib_msgs_generate_messages_cpp[0m
[6.689s] [  0%] Built target actionlib_msgs_generate_messages_cpp
[6.727s] [35m[1mScanning dependencies of target tf_generate_messages_eus[0m
[6.746s] [  0%] Built target tf_generate_messages_eus
[6.780s] [35m[1mScanning dependencies of target tf_generate_messages_lisp[0m
[6.794s] [  0%] Built target tf_generate_messages_lisp
[6.826s] [35m[1mScanning dependencies of target tf_generate_messages_nodejs[0m
[6.882s] [  0%] Built target tf_generate_messages_nodejs
[6.913s] [35m[1mScanning dependencies of target jsk_recognition_msgs_generate_messages_nodejs[0m
[6.956s] [  0%] Built target jsk_recognition_msgs_generate_messages_nodejs
[6.997s] [35m[1mScanning dependencies of target roscpp_generate_messages_lisp[0m
[7.013s] [  0%] Built target roscpp_generate_messages_lisp
[7.034s] [35m[1mScanning dependencies of target roscpp_generate_messages_py[0m
[7.047s] [  0%] Built target roscpp_generate_messages_py
[7.068s] [35m[1mScanning dependencies of target rosgraph_msgs_generate_messages_lisp[0m
[7.092s] [  0%] Built target rosgraph_msgs_generate_messages_lisp
[7.122s] [35m[1mScanning dependencies of target rosgraph_msgs_generate_messages_nodejs[0m
[7.148s] [  0%] Built target rosgraph_msgs_generate_messages_nodejs
[7.185s] [35m[1mScanning dependencies of target roscpp_generate_messages_eus[0m
[7.198s] [  0%] Built target roscpp_generate_messages_eus
[7.222s] [35m[1mScanning dependencies of target actionlib_msgs_generate_messages_eus[0m
[7.257s] [  0%] Built target actionlib_msgs_generate_messages_eus
[7.272s] [35m[1mScanning dependencies of target rosgraph_msgs_generate_messages_py[0m
[7.286s] [  0%] Built target rosgraph_msgs_generate_messages_py
[7.329s] [35m[1mScanning dependencies of target pcl_msgs_generate_messages_py[0m
[7.348s] [  0%] Built target pcl_msgs_generate_messages_py
[7.365s] [35m[1mScanning dependencies of target actionlib_generate_messages_eus[0m
[7.385s] [  0%] Built target actionlib_generate_messages_eus
[7.412s] [35m[1mScanning dependencies of target geometry_msgs_generate_messages_cpp[0m
[7.440s] [  0%] Built target geometry_msgs_generate_messages_cpp
[7.459s] [35m[1mScanning dependencies of target actionlib_generate_messages_lisp[0m
[7.475s] [  0%] Built target actionlib_generate_messages_lisp
[7.497s] [35m[1mScanning dependencies of target pcl_msgs_generate_messages_lisp[0m
[7.510s] [  0%] Built target pcl_msgs_generate_messages_lisp
[7.536s] [35m[1mScanning dependencies of target tf_generate_messages_cpp[0m
[7.556s] [  0%] Built target tf_generate_messages_cpp
[7.611s] [35m[1mScanning dependencies of target actionlib_generate_messages_nodejs[0m
[7.615s] [  0%] Built target actionlib_generate_messages_nodejs
[7.645s] [35m[1mScanning dependencies of target autoware_system_msgs_generate_messages_eus[0m
[7.683s] [  0%] Built target autoware_system_msgs_generate_messages_eus
[7.710s] [35m[1mScanning dependencies of target tf2_msgs_generate_messages_eus[0m
[7.755s] [  0%] Built target tf2_msgs_generate_messages_eus
[7.786s] [35m[1mScanning dependencies of target tf2_msgs_generate_messages_lisp[0m
[7.816s] [  0%] Built target tf2_msgs_generate_messages_lisp
[7.850s] [35m[1mScanning dependencies of target actionlib_generate_messages_py[0m
[7.872s] [  0%] Built target actionlib_generate_messages_py
[7.900s] [35m[1mScanning dependencies of target tf2_msgs_generate_messages_py[0m
[7.914s] [  0%] Built target tf2_msgs_generate_messages_py
[7.931s] [35m[1mScanning dependencies of target autoware_system_msgs_generate_messages_lisp[0m
[7.945s] [  0%] Built target autoware_system_msgs_generate_messages_lisp
[7.961s] [35m[1mScanning dependencies of target tf2_msgs_generate_messages_nodejs[0m
[7.996s] [  0%] Built target tf2_msgs_generate_messages_nodejs
[8.025s] [35m[1mScanning dependencies of target sensor_msgs_generate_messages_nodejs[0m
[8.046s] [  0%] Built target sensor_msgs_generate_messages_nodejs
[8.063s] [35m[1mScanning dependencies of target autoware_msgs_generate_messages_py[0m
[8.086s] [  0%] Built target autoware_msgs_generate_messages_py
[8.107s] [35m[1mScanning dependencies of target std_msgs_generate_messages_py[0m
[8.135s] [  0%] Built target std_msgs_generate_messages_py
[8.163s] [35m[1mScanning dependencies of target tf2_msgs_generate_messages_cpp[0m
[8.198s] [  0%] Built target tf2_msgs_generate_messages_cpp
[8.224s] [35m[1mScanning dependencies of target jsk_recognition_msgs_generate_messages_eus[0m
[8.242s] [  0%] Built target jsk_recognition_msgs_generate_messages_eus
[8.290s] [35m[1mScanning dependencies of target jsk_recognition_msgs_generate_messages_lisp[0m
[8.308s] [  0%] Built target jsk_recognition_msgs_generate_messages_lisp
[8.329s] [35m[1mScanning dependencies of target rosgraph_msgs_generate_messages_eus[0m
[8.343s] [  0%] Built target rosgraph_msgs_generate_messages_eus
[8.371s] [35m[1mScanning dependencies of target pcl_msgs_generate_messages_eus[0m
[8.388s] [  0%] Built target pcl_msgs_generate_messages_eus
[8.410s] [35m[1mScanning dependencies of target actionlib_generate_messages_cpp[0m
[8.426s] [  0%] Built target actionlib_generate_messages_cpp
[8.443s] [35m[1mScanning dependencies of target roscpp_generate_messages_cpp[0m
[8.467s] [  0%] Built target roscpp_generate_messages_cpp
[8.524s] [35m[1mScanning dependencies of target geometry_msgs_generate_messages_py[0m
[8.552s] [  0%] Built target geometry_msgs_generate_messages_py
[8.578s] [35m[1mScanning dependencies of target mpc_follower[0m
[8.648s] [  6%] [32mBuilding CXX object CMakeFiles/mpc_follower.dir/src/mpc_follower_node.cpp.o[0m
[12.658s] [ 13%] [32mBuilding CXX object CMakeFiles/mpc_follower.dir/src/qp_solver/qp_solver_unconstr_fast.cpp.o[0m
[17.127s] [ 20%] [32mBuilding CXX object CMakeFiles/mpc_follower.dir/src/qp_solver/qp_solver_qpoases.cpp.o[0m
[18.466s] [ 26%] [32mBuilding CXX object CMakeFiles/mpc_follower.dir/src/qp_solver/qp_solver_unconstr.cpp.o[0m
[22.017s] [ 33%] [32mBuilding CXX object CMakeFiles/mpc_follower.dir/src/vehicle_model/vehicle_model_bicycle_kinematics_no_delay.cpp.o[0m
[23.063s] [ 40%] [32mBuilding CXX object CMakeFiles/mpc_follower.dir/src/vehicle_model/vehicle_model_bicycle_dynamics.cpp.o[0m
[26.898s] [ 46%] [32mBuilding CXX object CMakeFiles/mpc_follower.dir/src/vehicle_model/vehicle_model_bicycle_kinematics.cpp.o[0m
[30.406s] [ 53%] [32mBuilding CXX object CMakeFiles/mpc_follower.dir/src/vehicle_model/vehicle_model_interface.cpp.o[0m
[31.274s] [ 60%] [32mBuilding CXX object CMakeFiles/mpc_follower.dir/src/lowpass_filter.cpp.o[0m
[32.001s] [ 66%] [32mBuilding CXX object CMakeFiles/mpc_follower.dir/src/mpc_trajectory.cpp.o[0m
[32.405s] [ 73%] [32mBuilding CXX object CMakeFiles/mpc_follower.dir/src/mpc_utils.cpp.o[0m
[36.648s] [ 80%] [32mBuilding CXX object CMakeFiles/mpc_follower.dir/src/mpc_follower_core.cpp.o[0m
[48.796s] [ 86%] [32m[1mLinking CXX executable devel/lib/mpc_follower/mpc_follower[0m
[49.053s] [ 86%] Built target mpc_follower
[49.067s] [35m[1mScanning dependencies of target mpc_waypoints_converter[0m
[49.097s] [ 93%] [32mBuilding CXX object CMakeFiles/mpc_waypoints_converter.dir/src/mpc_waypoints_converter.cpp.o[0m
[52.909s] [100%] [32m[1mLinking CXX executable devel/lib/mpc_follower/mpc_waypoints_converter[0m
[53.120s] [100%] Built target mpc_waypoints_converter
[53.134s] Invoked command in '/home/ros/autoware.ai/build/mpc_follower' returned '0': CMAKE_PREFIX_PATH=/home/ros/autoware.ai/install/autoware_health_checker:/home/ros/autoware.ai/install/amathutils_lib:/home/ros/autoware.ai/install/ros_observer:/home/ros/autoware.ai/install/autoware_system_msgs:/home/ros/autoware.ai/install/autoware_msgs:/home/ros/autoware.ai/install/autoware_build_flags:${CMAKE_PREFIX_PATH} LD_LIBRARY_PATH=/home/ros/autoware.ai/install/autoware_health_checker/lib:/home/ros/autoware.ai/install/amathutils_lib/lib:/home/ros/autoware.ai/install/ros_observer/lib:${LD_LIBRARY_PATH} PKG_CONFIG_PATH=/home/ros/autoware.ai/install/autoware_health_checker/lib/x86_64-linux-gnu/pkgconfig:/home/ros/autoware.ai/install/autoware_health_checker/lib/pkgconfig:/home/ros/autoware.ai/install/amathutils_lib/lib/x86_64-linux-gnu/pkgconfig:/home/ros/autoware.ai/install/amathutils_lib/lib/pkgconfig:/home/ros/autoware.ai/install/ros_observer/lib/x86_64-linux-gnu/pkgconfig:/home/ros/autoware.ai/install/ros_observer/lib/pkgconfig:/home/ros/autoware.ai/install/autoware_system_msgs/lib/x86_64-linux-gnu/pkgconfig:/home/ros/autoware.ai/install/autoware_system_msgs/lib/pkgconfig:/home/ros/autoware.ai/install/autoware_msgs/lib/x86_64-linux-gnu/pkgconfig:/home/ros/autoware.ai/install/autoware_msgs/lib/pkgconfig:/home/ros/autoware.ai/install/autoware_build_flags/lib/x86_64-linux-gnu/pkgconfig:/home/ros/autoware.ai/install/autoware_build_flags/lib/pkgconfig:${PKG_CONFIG_PATH} PYTHONPATH=/home/ros/autoware.ai/install/autoware_system_msgs/lib/python2.7/dist-packages:/home/ros/autoware.ai/install/autoware_msgs/lib/python2.7/dist-packages:${PYTHONPATH} ROS_PACKAGE_PATH=/home/ros/autoware.ai/install/autoware_health_checker/share:/home/ros/autoware.ai/install/amathutils_lib/share:/home/ros/autoware.ai/install/ros_observer/share:/home/ros/autoware.ai/install/autoware_system_msgs/share:/home/ros/autoware.ai/install/autoware_msgs/share:/home/ros/autoware.ai/install/autoware_build_flags/share:${ROS_PACKAGE_PATH} /usr/bin/cmake --build /home/ros/autoware.ai/build/mpc_follower -- -j12 -l12
[53.267s] Invoking command in '/home/ros/autoware.ai/build/mpc_follower': CMAKE_PREFIX_PATH=/home/ros/autoware.ai/install/autoware_health_checker:/home/ros/autoware.ai/install/amathutils_lib:/home/ros/autoware.ai/install/ros_observer:/home/ros/autoware.ai/install/autoware_system_msgs:/home/ros/autoware.ai/install/autoware_msgs:/home/ros/autoware.ai/install/autoware_build_flags:${CMAKE_PREFIX_PATH} LD_LIBRARY_PATH=/home/ros/autoware.ai/install/autoware_health_checker/lib:/home/ros/autoware.ai/install/amathutils_lib/lib:/home/ros/autoware.ai/install/ros_observer/lib:${LD_LIBRARY_PATH} PKG_CONFIG_PATH=/home/ros/autoware.ai/install/autoware_health_checker/lib/x86_64-linux-gnu/pkgconfig:/home/ros/autoware.ai/install/autoware_health_checker/lib/pkgconfig:/home/ros/autoware.ai/install/amathutils_lib/lib/x86_64-linux-gnu/pkgconfig:/home/ros/autoware.ai/install/amathutils_lib/lib/pkgconfig:/home/ros/autoware.ai/install/ros_observer/lib/x86_64-linux-gnu/pkgconfig:/home/ros/autoware.ai/install/ros_observer/lib/pkgconfig:/home/ros/autoware.ai/install/autoware_system_msgs/lib/x86_64-linux-gnu/pkgconfig:/home/ros/autoware.ai/install/autoware_system_msgs/lib/pkgconfig:/home/ros/autoware.ai/install/autoware_msgs/lib/x86_64-linux-gnu/pkgconfig:/home/ros/autoware.ai/install/autoware_msgs/lib/pkgconfig:/home/ros/autoware.ai/install/autoware_build_flags/lib/x86_64-linux-gnu/pkgconfig:/home/ros/autoware.ai/install/autoware_build_flags/lib/pkgconfig:${PKG_CONFIG_PATH} PYTHONPATH=/home/ros/autoware.ai/install/autoware_system_msgs/lib/python2.7/dist-packages:/home/ros/autoware.ai/install/autoware_msgs/lib/python2.7/dist-packages:${PYTHONPATH} ROS_PACKAGE_PATH=/home/ros/autoware.ai/install/autoware_health_checker/share:/home/ros/autoware.ai/install/amathutils_lib/share:/home/ros/autoware.ai/install/ros_observer/share:/home/ros/autoware.ai/install/autoware_system_msgs/share:/home/ros/autoware.ai/install/autoware_msgs/share:/home/ros/autoware.ai/install/autoware_build_flags/share:${ROS_PACKAGE_PATH} /usr/bin/cmake --build /home/ros/autoware.ai/build/mpc_follower --target tests -- -j12 -l12
[53.351s] [35m[1mScanning dependencies of target gtest[0m
[53.374s] [  3%] [32mBuilding CXX object gtest/googlemock/gtest/CMakeFiles/gtest.dir/src/gtest-all.cc.o[0m
[59.791s] [  6%] [32m[1mLinking CXX shared library libgtest.so[0m
[59.910s] [  6%] Built target gtest
[59.936s] [  6%] Built target std_msgs_generate_messages_nodejs
[59.969s] [  6%] Built target sensor_msgs_generate_messages_eus
[60.000s] [  6%] Built target _catkin_empty_exported_target
[60.032s] [  6%] Built target sensor_msgs_generate_messages_cpp
[60.067s] [  6%] Built target autoware_msgs_generate_messages_cpp
[60.105s] [  6%] Built target rosgraph_msgs_generate_messages_cpp
[60.131s] [  6%] Built target pcl_msgs_generate_messages_nodejs
[60.156s] [  6%] Built target jsk_recognition_msgs_generate_messages_py
[60.180s] [  6%] Built target sensor_msgs_generate_messages_lisp
[60.211s] [  6%] Built target sensor_msgs_generate_messages_py
[60.247s] [  6%] Built target tf_generate_messages_py
[60.275s] [  6%] Built target std_msgs_generate_messages_cpp
[60.309s] [  6%] Built target jsk_footstep_msgs_generate_messages_py
[60.332s] [  6%] Built target actionlib_msgs_generate_messages_nodejs
[60.368s] [  6%] Built target geometry_msgs_generate_messages_eus
[60.400s] [  6%] Built target std_msgs_generate_messages_lisp
[60.428s] [  6%] Built target roscpp_generate_messages_nodejs
[60.456s] [  6%] Built target autoware_system_msgs_generate_messages_cpp
[60.488s] [  6%] Built target geometry_msgs_generate_messages_nodejs
[60.515s] [  6%] Built target geometry_msgs_generate_messages_lisp
[60.543s] [  6%] Built target pcl_msgs_generate_messages_cpp
[60.572s] [  6%] Built target jsk_recognition_msgs_generate_messages_cpp
[60.604s] [  6%] Built target autoware_msgs_generate_messages_eus
[60.637s] [  6%] Built target autoware_msgs_generate_messages_lisp
[60.675s] [  6%] Built target std_msgs_generate_messages_eus
[60.703s] [  6%] Built target autoware_msgs_generate_messages_nodejs
[60.738s] [  6%] Built target jsk_footstep_msgs_generate_messages_eus
[60.771s] [  6%] Built target actionlib_msgs_generate_messages_py
[60.799s] [  6%] Built target jsk_footstep_msgs_generate_messages_lisp
[60.827s] [  6%] Built target jsk_footstep_msgs_generate_messages_nodejs
[60.860s] [  6%] Built target autoware_system_msgs_generate_messages_nodejs
[60.891s] [  6%] Built target actionlib_msgs_generate_messages_lisp
[60.929s] [  6%] Built target jsk_footstep_msgs_generate_messages_cpp
[60.961s] [  6%] Built target actionlib_msgs_generate_messages_cpp
[60.991s] [  6%] Built target tf_generate_messages_eus
[61.021s] [  6%] Built target tf_generate_messages_lisp
[61.056s] [  6%] Built target tf_generate_messages_nodejs
[61.083s] [  6%] Built target jsk_recognition_msgs_generate_messages_nodejs
[61.117s] [  6%] Built target roscpp_generate_messages_lisp
[61.143s] [  6%] Built target roscpp_generate_messages_py
[61.173s] [  6%] Built target rosgraph_msgs_generate_messages_lisp
[61.200s] [  6%] Built target rosgraph_msgs_generate_messages_nodejs
[61.226s] [  6%] Built target roscpp_generate_messages_eus
[61.261s] [  6%] Built target actionlib_msgs_generate_messages_eus
[61.287s] [  6%] Built target rosgraph_msgs_generate_messages_py
[61.314s] [  6%] Built target pcl_msgs_generate_messages_py
[61.344s] [  6%] Built target actionlib_generate_messages_eus
[61.383s] [  6%] Built target geometry_msgs_generate_messages_cpp
[61.413s] [  6%] Built target actionlib_generate_messages_lisp
[61.446s] [  6%] Built target pcl_msgs_generate_messages_lisp
[61.476s] [  6%] Built target tf_generate_messages_cpp
[61.505s] [  6%] Built target actionlib_generate_messages_nodejs
[61.535s] [  6%] Built target autoware_system_msgs_generate_messages_eus
[61.576s] [  6%] Built target tf2_msgs_generate_messages_eus
[61.607s] [  6%] Built target tf2_msgs_generate_messages_lisp
[61.636s] [  6%] Built target actionlib_generate_messages_py
[61.674s] [  6%] Built target tf2_msgs_generate_messages_py
[61.706s] [  6%] Built target autoware_system_msgs_generate_messages_lisp
[61.735s] [  6%] Built target tf2_msgs_generate_messages_nodejs
[61.771s] [  6%] Built target sensor_msgs_generate_messages_nodejs
[61.800s] [  6%] Built target autoware_system_msgs_generate_messages_py
[61.826s] [  6%] Built target autoware_msgs_generate_messages_py
[61.853s] [  6%] Built target std_msgs_generate_messages_py
[61.882s] [  6%] Built target tf2_msgs_generate_messages_cpp
[61.908s] [  6%] Built target jsk_recognition_msgs_generate_messages_eus
[61.940s] [  6%] Built target jsk_recognition_msgs_generate_messages_lisp
[61.976s] [  6%] Built target rosgraph_msgs_generate_messages_eus
[62.006s] [  6%] Built target pcl_msgs_generate_messages_eus
[62.033s] [  6%] Built target actionlib_generate_messages_cpp
[62.071s] [  6%] Built target roscpp_generate_messages_cpp
[62.100s] [  6%] Built target geometry_msgs_generate_messages_py
[62.117s] [35m[1mScanning dependencies of target test-mpc_lowpass_filter[0m
[62.163s] [ 10%] [32mBuilding CXX object CMakeFiles/test-mpc_lowpass_filter.dir/test/src/test_mpc_lowpass_filter.cpp.o[0m
[64.718s] [ 13%] [32mBuilding CXX object CMakeFiles/test-mpc_lowpass_filter.dir/src/lowpass_filter.cpp.o[0m
[65.221s] [ 16%] [32m[1mLinking CXX executable devel/lib/mpc_follower/test-mpc_lowpass_filter[0m
[65.408s] [ 16%] Built target test-mpc_lowpass_filter
[65.421s] [35m[1mScanning dependencies of target test-mpc_utils[0m
[65.472s] [ 20%] [32mBuilding CXX object CMakeFiles/test-mpc_utils.dir/test/src/test_mpc_utils.cpp.o[0m
[71.256s] [ 23%] [32mBuilding CXX object CMakeFiles/test-mpc_utils.dir/src/qp_solver/qp_solver_qpoases.cpp.o[0m
[72.445s] [ 26%] [32mBuilding CXX object CMakeFiles/test-mpc_utils.dir/src/qp_solver/qp_solver_unconstr_fast.cpp.o[0m
[76.839s] [ 30%] [32mBuilding CXX object CMakeFiles/test-mpc_utils.dir/src/qp_solver/qp_solver_unconstr.cpp.o[0m
[80.145s] [ 33%] [32mBuilding CXX object CMakeFiles/test-mpc_utils.dir/src/vehicle_model/vehicle_model_bicycle_kinematics_no_delay.cpp.o[0m
[81.037s] [ 36%] [32mBuilding CXX object CMakeFiles/test-mpc_utils.dir/src/vehicle_model/vehicle_model_bicycle_dynamics.cpp.o[0m
[84.761s] [ 40%] [32mBuilding CXX object CMakeFiles/test-mpc_utils.dir/src/vehicle_model/vehicle_model_bicycle_kinematics.cpp.o[0m
[88.154s] [ 43%] [32mBuilding CXX object CMakeFiles/test-mpc_utils.dir/src/vehicle_model/vehicle_model_interface.cpp.o[0m
[88.866s] [ 46%] [32mBuilding CXX object CMakeFiles/test-mpc_utils.dir/src/lowpass_filter.cpp.o[0m
[89.399s] [ 50%] [32mBuilding CXX object CMakeFiles/test-mpc_utils.dir/src/mpc_trajectory.cpp.o[0m
[89.758s] [ 53%] [32mBuilding CXX object CMakeFiles/test-mpc_utils.dir/src/mpc_utils.cpp.o[0m
[93.743s] [ 56%] [32m[1mLinking CXX executable devel/lib/mpc_follower/test-mpc_utils[0m
[93.973s] [ 56%] Built target test-mpc_utils
[93.987s] [35m[1mScanning dependencies of target test-mpc_follower[0m
[94.038s] [ 60%] [32mBuilding CXX object CMakeFiles/test-mpc_follower.dir/test/src/test_mpc_follower.cpp.o[0m
[100.728s] [ 63%] [32mBuilding CXX object CMakeFiles/test-mpc_follower.dir/src/qp_solver/qp_solver_qpoases.cpp.o[0m
[101.954s] [ 66%] [32mBuilding CXX object CMakeFiles/test-mpc_follower.dir/src/qp_solver/qp_solver_unconstr_fast.cpp.o[0m
[106.466s] [ 70%] [32mBuilding CXX object CMakeFiles/test-mpc_follower.dir/src/qp_solver/qp_solver_unconstr.cpp.o[0m
[109.779s] [ 73%] [32mBuilding CXX object CMakeFiles/test-mpc_follower.dir/src/vehicle_model/vehicle_model_bicycle_kinematics_no_delay.cpp.o[0m
[110.759s] [ 76%] [32mBuilding CXX object CMakeFiles/test-mpc_follower.dir/src/vehicle_model/vehicle_model_bicycle_dynamics.cpp.o[0m
[114.572s] [ 80%] [32mBuilding CXX object CMakeFiles/test-mpc_follower.dir/src/vehicle_model/vehicle_model_bicycle_kinematics.cpp.o[0m
[117.818s] [ 83%] [32mBuilding CXX object CMakeFiles/test-mpc_follower.dir/src/vehicle_model/vehicle_model_interface.cpp.o[0m
[118.568s] [ 86%] [32mBuilding CXX object CMakeFiles/test-mpc_follower.dir/src/lowpass_filter.cpp.o[0m
[119.080s] [ 90%] [32mBuilding CXX object CMakeFiles/test-mpc_follower.dir/src/mpc_trajectory.cpp.o[0m
[119.400s] [ 93%] [32mBuilding CXX object CMakeFiles/test-mpc_follower.dir/src/mpc_utils.cpp.o[0m
[123.496s] [ 96%] [32mBuilding CXX object CMakeFiles/test-mpc_follower.dir/src/mpc_follower_core.cpp.o[0m
[135.312s] [100%] [32m[1mLinking CXX executable devel/lib/mpc_follower/test-mpc_follower[0m
[135.555s] [100%] Built target test-mpc_follower
[135.568s] [35m[1mScanning dependencies of target tests[0m
[135.582s] [100%] Built target tests
[135.600s] Invoked command in '/home/ros/autoware.ai/build/mpc_follower' returned '0': CMAKE_PREFIX_PATH=/home/ros/autoware.ai/install/autoware_health_checker:/home/ros/autoware.ai/install/amathutils_lib:/home/ros/autoware.ai/install/ros_observer:/home/ros/autoware.ai/install/autoware_system_msgs:/home/ros/autoware.ai/install/autoware_msgs:/home/ros/autoware.ai/install/autoware_build_flags:${CMAKE_PREFIX_PATH} LD_LIBRARY_PATH=/home/ros/autoware.ai/install/autoware_health_checker/lib:/home/ros/autoware.ai/install/amathutils_lib/lib:/home/ros/autoware.ai/install/ros_observer/lib:${LD_LIBRARY_PATH} PKG_CONFIG_PATH=/home/ros/autoware.ai/install/autoware_health_checker/lib/x86_64-linux-gnu/pkgconfig:/home/ros/autoware.ai/install/autoware_health_checker/lib/pkgconfig:/home/ros/autoware.ai/install/amathutils_lib/lib/x86_64-linux-gnu/pkgconfig:/home/ros/autoware.ai/install/amathutils_lib/lib/pkgconfig:/home/ros/autoware.ai/install/ros_observer/lib/x86_64-linux-gnu/pkgconfig:/home/ros/autoware.ai/install/ros_observer/lib/pkgconfig:/home/ros/autoware.ai/install/autoware_system_msgs/lib/x86_64-linux-gnu/pkgconfig:/home/ros/autoware.ai/install/autoware_system_msgs/lib/pkgconfig:/home/ros/autoware.ai/install/autoware_msgs/lib/x86_64-linux-gnu/pkgconfig:/home/ros/autoware.ai/install/autoware_msgs/lib/pkgconfig:/home/ros/autoware.ai/install/autoware_build_flags/lib/x86_64-linux-gnu/pkgconfig:/home/ros/autoware.ai/install/autoware_build_flags/lib/pkgconfig:${PKG_CONFIG_PATH} PYTHONPATH=/home/ros/autoware.ai/install/autoware_system_msgs/lib/python2.7/dist-packages:/home/ros/autoware.ai/install/autoware_msgs/lib/python2.7/dist-packages:${PYTHONPATH} ROS_PACKAGE_PATH=/home/ros/autoware.ai/install/autoware_health_checker/share:/home/ros/autoware.ai/install/amathutils_lib/share:/home/ros/autoware.ai/install/ros_observer/share:/home/ros/autoware.ai/install/autoware_system_msgs/share:/home/ros/autoware.ai/install/autoware_msgs/share:/home/ros/autoware.ai/install/autoware_build_flags/share:${ROS_PACKAGE_PATH} /usr/bin/cmake --build /home/ros/autoware.ai/build/mpc_follower --target tests -- -j12 -l12
[135.806s] Invoking command in '/home/ros/autoware.ai/build/mpc_follower': CMAKE_PREFIX_PATH=/home/ros/autoware.ai/install/autoware_health_checker:/home/ros/autoware.ai/install/amathutils_lib:/home/ros/autoware.ai/install/ros_observer:/home/ros/autoware.ai/install/autoware_system_msgs:/home/ros/autoware.ai/install/autoware_msgs:/home/ros/autoware.ai/install/autoware_build_flags:${CMAKE_PREFIX_PATH} LD_LIBRARY_PATH=/home/ros/autoware.ai/install/autoware_health_checker/lib:/home/ros/autoware.ai/install/amathutils_lib/lib:/home/ros/autoware.ai/install/ros_observer/lib:${LD_LIBRARY_PATH} PKG_CONFIG_PATH=/home/ros/autoware.ai/install/autoware_health_checker/lib/x86_64-linux-gnu/pkgconfig:/home/ros/autoware.ai/install/autoware_health_checker/lib/pkgconfig:/home/ros/autoware.ai/install/amathutils_lib/lib/x86_64-linux-gnu/pkgconfig:/home/ros/autoware.ai/install/amathutils_lib/lib/pkgconfig:/home/ros/autoware.ai/install/ros_observer/lib/x86_64-linux-gnu/pkgconfig:/home/ros/autoware.ai/install/ros_observer/lib/pkgconfig:/home/ros/autoware.ai/install/autoware_system_msgs/lib/x86_64-linux-gnu/pkgconfig:/home/ros/autoware.ai/install/autoware_system_msgs/lib/pkgconfig:/home/ros/autoware.ai/install/autoware_msgs/lib/x86_64-linux-gnu/pkgconfig:/home/ros/autoware.ai/install/autoware_msgs/lib/pkgconfig:/home/ros/autoware.ai/install/autoware_build_flags/lib/x86_64-linux-gnu/pkgconfig:/home/ros/autoware.ai/install/autoware_build_flags/lib/pkgconfig:${PKG_CONFIG_PATH} PYTHONPATH=/home/ros/autoware.ai/install/autoware_system_msgs/lib/python2.7/dist-packages:/home/ros/autoware.ai/install/autoware_msgs/lib/python2.7/dist-packages:${PYTHONPATH} ROS_PACKAGE_PATH=/home/ros/autoware.ai/install/autoware_health_checker/share:/home/ros/autoware.ai/install/amathutils_lib/share:/home/ros/autoware.ai/install/ros_observer/share:/home/ros/autoware.ai/install/autoware_system_msgs/share:/home/ros/autoware.ai/install/autoware_msgs/share:/home/ros/autoware.ai/install/autoware_build_flags/share:${ROS_PACKAGE_PATH} /usr/bin/cmake --build /home/ros/autoware.ai/build/mpc_follower --target install -- -j12 -l12
[135.884s] [  0%] Built target autoware_system_msgs_generate_messages_py
[135.913s] [  0%] Built target std_msgs_generate_messages_nodejs
[135.941s] [  0%] Built target sensor_msgs_generate_messages_eus
[135.970s] [  0%] Built target _catkin_empty_exported_target
[135.998s] [  0%] Built target sensor_msgs_generate_messages_cpp
[136.026s] [  0%] Built target autoware_msgs_generate_messages_cpp
[136.054s] [  0%] Built target rosgraph_msgs_generate_messages_cpp
[136.083s] [  0%] Built target pcl_msgs_generate_messages_nodejs
[136.111s] [  0%] Built target jsk_recognition_msgs_generate_messages_py
[136.138s] [  0%] Built target sensor_msgs_generate_messages_lisp
[136.170s] [  0%] Built target sensor_msgs_generate_messages_py
[136.198s] [  0%] Built target tf_generate_messages_py
[136.226s] [  0%] Built target std_msgs_generate_messages_cpp
[136.255s] [  0%] Built target jsk_footstep_msgs_generate_messages_py
[136.284s] [  0%] Built target actionlib_msgs_generate_messages_nodejs
[136.314s] [  0%] Built target geometry_msgs_generate_messages_eus
[136.344s] [  0%] Built target std_msgs_generate_messages_lisp
[136.375s] [  0%] Built target roscpp_generate_messages_nodejs
[136.404s] [  0%] Built target autoware_system_msgs_generate_messages_cpp
[136.433s] [  0%] Built target geometry_msgs_generate_messages_nodejs
[136.462s] [  0%] Built target geometry_msgs_generate_messages_lisp
[136.492s] [  0%] Built target pcl_msgs_generate_messages_cpp
[136.521s] [  0%] Built target jsk_recognition_msgs_generate_messages_cpp
[136.550s] [  0%] Built target autoware_msgs_generate_messages_eus
[136.580s] [  0%] Built target autoware_msgs_generate_messages_lisp
[136.609s] [  0%] Built target std_msgs_generate_messages_eus
[136.639s] [  0%] Built target autoware_msgs_generate_messages_nodejs
[136.667s] [  0%] Built target jsk_footstep_msgs_generate_messages_eus
[136.697s] [  0%] Built target actionlib_msgs_generate_messages_py
[136.727s] [  0%] Built target jsk_footstep_msgs_generate_messages_lisp
[136.756s] [  0%] Built target jsk_footstep_msgs_generate_messages_nodejs
[136.786s] [  0%] Built target autoware_system_msgs_generate_messages_nodejs
[136.816s] [  0%] Built target actionlib_msgs_generate_messages_lisp
[136.845s] [  0%] Built target jsk_footstep_msgs_generate_messages_cpp
[136.873s] [  0%] Built target actionlib_msgs_generate_messages_cpp
[136.903s] [  0%] Built target tf_generate_messages_eus
[136.932s] [  0%] Built target tf_generate_messages_lisp
[136.960s] [  0%] Built target tf_generate_messages_nodejs
[136.990s] [  0%] Built target jsk_recognition_msgs_generate_messages_nodejs
[137.019s] [  0%] Built target roscpp_generate_messages_lisp
[137.048s] [  0%] Built target roscpp_generate_messages_py
[137.078s] [  0%] Built target rosgraph_msgs_generate_messages_lisp
[137.107s] [  0%] Built target rosgraph_msgs_generate_messages_nodejs
[137.136s] [  0%] Built target roscpp_generate_messages_eus
[137.165s] [  0%] Built target actionlib_msgs_generate_messages_eus
[137.195s] [  0%] Built target rosgraph_msgs_generate_messages_py
[137.223s] [  0%] Built target pcl_msgs_generate_messages_py
[137.253s] [  0%] Built target actionlib_generate_messages_eus
[137.283s] [  0%] Built target geometry_msgs_generate_messages_cpp
[137.311s] [  0%] Built target actionlib_generate_messages_lisp
[137.339s] [  0%] Built target pcl_msgs_generate_messages_lisp
[137.368s] [  0%] Built target tf_generate_messages_cpp
[137.397s] [  0%] Built target actionlib_generate_messages_nodejs
[137.426s] [  0%] Built target autoware_system_msgs_generate_messages_eus
[137.456s] [  0%] Built target tf2_msgs_generate_messages_eus
[137.485s] [  0%] Built target tf2_msgs_generate_messages_lisp
[137.514s] [  0%] Built target actionlib_generate_messages_py
[137.544s] [  0%] Built target tf2_msgs_generate_messages_py
[137.574s] [  0%] Built target autoware_system_msgs_generate_messages_lisp
[137.603s] [  0%] Built target tf2_msgs_generate_messages_nodejs
[137.631s] [  0%] Built target sensor_msgs_generate_messages_nodejs
[137.660s] [  0%] Built target autoware_msgs_generate_messages_py
[137.689s] [  0%] Built target std_msgs_generate_messages_py
[137.717s] [  0%] Built target tf2_msgs_generate_messages_cpp
[137.745s] [  0%] Built target jsk_recognition_msgs_generate_messages_eus
[137.774s] [  0%] Built target jsk_recognition_msgs_generate_messages_lisp
[137.802s] [  0%] Built target rosgraph_msgs_generate_messages_eus
[137.829s] [  0%] Built target pcl_msgs_generate_messages_eus
[137.857s] [  0%] Built target actionlib_generate_messages_cpp
[137.886s] [  0%] Built target roscpp_generate_messages_cpp
[137.914s] [  0%] Built target geometry_msgs_generate_messages_py
[137.956s] [ 86%] Built target mpc_follower
[137.990s] [100%] Built target mpc_waypoints_converter
[138.020s] [36mInstall the project...[0m
[138.032s] -- Install configuration: "Release"
[138.033s] -- Installing: /home/ros/autoware.ai/install/mpc_follower/lib/pkgconfig/mpc_follower.pc
[138.033s] -- Installing: /home/ros/autoware.ai/install/mpc_follower/share/mpc_follower/cmake/mpc_followerConfig.cmake
[138.033s] -- Installing: /home/ros/autoware.ai/install/mpc_follower/share/mpc_follower/cmake/mpc_followerConfig-version.cmake
[138.034s] -- Installing: /home/ros/autoware.ai/install/mpc_follower/share/mpc_follower/package.xml
[138.034s] -- Installing: /home/ros/autoware.ai/install/mpc_follower/lib/mpc_follower/mpc_follower
[138.035s] -- Set runtime path of "/home/ros/autoware.ai/install/mpc_follower/lib/mpc_follower/mpc_follower" to ""
[138.035s] -- Installing: /home/ros/autoware.ai/install/mpc_follower/lib/mpc_follower/mpc_waypoints_converter
[138.036s] -- Set runtime path of "/home/ros/autoware.ai/install/mpc_follower/lib/mpc_follower/mpc_waypoints_converter" to ""
[138.036s] -- Installing: /home/ros/autoware.ai/install/mpc_follower/include/mpc_follower
[138.036s] -- Installing: /home/ros/autoware.ai/install/mpc_follower/include/mpc_follower/mpc_follower_core.h
[138.036s] -- Installing: /home/ros/autoware.ai/install/mpc_follower/include/mpc_follower/mpc_utils.h
[138.037s] -- Installing: /home/ros/autoware.ai/install/mpc_follower/include/mpc_follower/lowpass_filter.h
[138.037s] -- Installing: /home/ros/autoware.ai/install/mpc_follower/include/mpc_follower/vehicle_model
[138.037s] -- Installing: /home/ros/autoware.ai/install/mpc_follower/include/mpc_follower/vehicle_model/vehicle_model_bicycle_kinematics_no_delay.h
[138.037s] -- Installing: /home/ros/autoware.ai/install/mpc_follower/include/mpc_follower/vehicle_model/vehicle_model_interface.h
[138.038s] -- Installing: /home/ros/autoware.ai/install/mpc_follower/include/mpc_follower/vehicle_model/vehicle_model_bicycle_kinematics.h
[138.038s] -- Installing: /home/ros/autoware.ai/install/mpc_follower/include/mpc_follower/vehicle_model/vehicle_model_bicycle_dynamics.h
[138.038s] -- Installing: /home/ros/autoware.ai/install/mpc_follower/include/mpc_follower/qp_solver
[138.038s] -- Installing: /home/ros/autoware.ai/install/mpc_follower/include/mpc_follower/qp_solver/qp_solver_qpoases.h
[138.038s] -- Installing: /home/ros/autoware.ai/install/mpc_follower/include/mpc_follower/qp_solver/qp_solver_interface.h
[138.038s] -- Installing: /home/ros/autoware.ai/install/mpc_follower/include/mpc_follower/qp_solver/qp_solver_unconstr.h
[138.038s] -- Installing: /home/ros/autoware.ai/install/mpc_follower/include/mpc_follower/qp_solver/qp_solver_unconstr_fast.h
[138.039s] -- Installing: /home/ros/autoware.ai/install/mpc_follower/include/mpc_follower/mpc_trajectory.h
[138.039s] -- Installing: /home/ros/autoware.ai/install/mpc_follower/share/mpc_follower/launch
[138.039s] -- Installing: /home/ros/autoware.ai/install/mpc_follower/share/mpc_follower/launch/mpc_follower.launch
[138.045s] Invoked command in '/home/ros/autoware.ai/build/mpc_follower' returned '0': CMAKE_PREFIX_PATH=/home/ros/autoware.ai/install/autoware_health_checker:/home/ros/autoware.ai/install/amathutils_lib:/home/ros/autoware.ai/install/ros_observer:/home/ros/autoware.ai/install/autoware_system_msgs:/home/ros/autoware.ai/install/autoware_msgs:/home/ros/autoware.ai/install/autoware_build_flags:${CMAKE_PREFIX_PATH} LD_LIBRARY_PATH=/home/ros/autoware.ai/install/autoware_health_checker/lib:/home/ros/autoware.ai/install/amathutils_lib/lib:/home/ros/autoware.ai/install/ros_observer/lib:${LD_LIBRARY_PATH} PKG_CONFIG_PATH=/home/ros/autoware.ai/install/autoware_health_checker/lib/x86_64-linux-gnu/pkgconfig:/home/ros/autoware.ai/install/autoware_health_checker/lib/pkgconfig:/home/ros/autoware.ai/install/amathutils_lib/lib/x86_64-linux-gnu/pkgconfig:/home/ros/autoware.ai/install/amathutils_lib/lib/pkgconfig:/home/ros/autoware.ai/install/ros_observer/lib/x86_64-linux-gnu/pkgconfig:/home/ros/autoware.ai/install/ros_observer/lib/pkgconfig:/home/ros/autoware.ai/install/autoware_system_msgs/lib/x86_64-linux-gnu/pkgconfig:/home/ros/autoware.ai/install/autoware_system_msgs/lib/pkgconfig:/home/ros/autoware.ai/install/autoware_msgs/lib/x86_64-linux-gnu/pkgconfig:/home/ros/autoware.ai/install/autoware_msgs/lib/pkgconfig:/home/ros/autoware.ai/install/autoware_build_flags/lib/x86_64-linux-gnu/pkgconfig:/home/ros/autoware.ai/install/autoware_build_flags/lib/pkgconfig:${PKG_CONFIG_PATH} PYTHONPATH=/home/ros/autoware.ai/install/autoware_system_msgs/lib/python2.7/dist-packages:/home/ros/autoware.ai/install/autoware_msgs/lib/python2.7/dist-packages:${PYTHONPATH} ROS_PACKAGE_PATH=/home/ros/autoware.ai/install/autoware_health_checker/share:/home/ros/autoware.ai/install/amathutils_lib/share:/home/ros/autoware.ai/install/ros_observer/share:/home/ros/autoware.ai/install/autoware_system_msgs/share:/home/ros/autoware.ai/install/autoware_msgs/share:/home/ros/autoware.ai/install/autoware_build_flags/share:${ROS_PACKAGE_PATH} /usr/bin/cmake --build /home/ros/autoware.ai/build/mpc_follower --target install -- -j12 -l12
