Determining if the pthread_create exist failed with the following output:
Change Dir: /home/ros/autoware.ai/build/op_simu/CMakeFiles/CMakeTmp

Run Build Command:"/usr/bin/make" "cmTC_9c3fd/fast"
/usr/bin/make -f CMakeFiles/cmTC_9c3fd.dir/build.make CMakeFiles/cmTC_9c3fd.dir/build
make[1]: Entering directory '/home/ros/autoware.ai/build/op_simu/CMakeFiles/CMakeTmp'
Building C object CMakeFiles/cmTC_9c3fd.dir/CheckSymbolExists.c.o
/usr/bin/cc    -o CMakeFiles/cmTC_9c3fd.dir/CheckSymbolExists.c.o   -c /home/ros/autoware.ai/build/op_simu/CMakeFiles/CMakeTmp/CheckSymbolExists.c
Linking C executable cmTC_9c3fd
/usr/bin/cmake -E cmake_link_script CMakeFiles/cmTC_9c3fd.dir/link.txt --verbose=1
/usr/bin/cc      -rdynamic CMakeFiles/cmTC_9c3fd.dir/CheckSymbolExists.c.o  -o cmTC_9c3fd 
CMakeFiles/cmTC_9c3fd.dir/CheckSymbolExists.c.o: In function `main':
CheckSymbolExists.c:(.text+0x1b): undefined reference to `pthread_create'
collect2: error: ld returned 1 exit status
CMakeFiles/cmTC_9c3fd.dir/build.make:97: recipe for target 'cmTC_9c3fd' failed
make[1]: *** [cmTC_9c3fd] Error 1
make[1]: Leaving directory '/home/ros/autoware.ai/build/op_simu/CMakeFiles/CMakeTmp'
Makefile:126: recipe for target 'cmTC_9c3fd/fast' failed
make: *** [cmTC_9c3fd/fast] Error 2

File /home/ros/autoware.ai/build/op_simu/CMakeFiles/CMakeTmp/CheckSymbolExists.c:
/* */
#include <pthread.h>

int main(int argc, char** argv)
{
  (void)argv;
#ifndef pthread_create
  return ((int*)(&pthread_create))[argc];
#else
  (void)argc;
  return 0;
#endif
}

Determining if the function pthread_create exists in the pthreads failed with the following output:
Change Dir: /home/ros/autoware.ai/build/op_simu/CMakeFiles/CMakeTmp

Run Build Command:"/usr/bin/make" "cmTC_93228/fast"
/usr/bin/make -f CMakeFiles/cmTC_93228.dir/build.make CMakeFiles/cmTC_93228.dir/build
make[1]: Entering directory '/home/ros/autoware.ai/build/op_simu/CMakeFiles/CMakeTmp'
Building C object CMakeFiles/cmTC_93228.dir/CheckFunctionExists.c.o
/usr/bin/cc   -DCHECK_FUNCTION_EXISTS=pthread_create   -o CMakeFiles/cmTC_93228.dir/CheckFunctionExists.c.o   -c /usr/share/cmake-3.10/Modules/CheckFunctionExists.c
Linking C executable cmTC_93228
/usr/bin/cmake -E cmake_link_script CMakeFiles/cmTC_93228.dir/link.txt --verbose=1
/usr/bin/cc  -DCHECK_FUNCTION_EXISTS=pthread_create    -rdynamic CMakeFiles/cmTC_93228.dir/CheckFunctionExists.c.o  -o cmTC_93228 -lpthreads 
/usr/bin/ld: cannot find -lpthreads
collect2: error: ld returned 1 exit status
CMakeFiles/cmTC_93228.dir/build.make:97: recipe for target 'cmTC_93228' failed
make[1]: *** [cmTC_93228] Error 1
make[1]: Leaving directory '/home/ros/autoware.ai/build/op_simu/CMakeFiles/CMakeTmp'
Makefile:126: recipe for target 'cmTC_93228/fast' failed
make: *** [cmTC_93228/fast] Error 2


