[0.045s] Invoking command in '/home/ros/autoware.ai/build/decision_maker_panel': CMAKE_PREFIX_PATH=/home/ros/autoware.ai/install/autoware_msgs:/home/ros/autoware.ai/install/autoware_build_flags:${CMAKE_PREFIX_PATH} PKG_CONFIG_PATH=/home/ros/autoware.ai/install/autoware_msgs/lib/x86_64-linux-gnu/pkgconfig:/home/ros/autoware.ai/install/autoware_msgs/lib/pkgconfig:/home/ros/autoware.ai/install/autoware_build_flags/lib/x86_64-linux-gnu/pkgconfig:/home/ros/autoware.ai/install/autoware_build_flags/lib/pkgconfig:${PKG_CONFIG_PATH} PYTHONPATH=/home/ros/autoware.ai/install/autoware_msgs/lib/python2.7/dist-packages:${PYTHONPATH} ROS_PACKAGE_PATH=/home/ros/autoware.ai/install/autoware_msgs/share:/home/ros/autoware.ai/install/autoware_build_flags/share:${ROS_PACKAGE_PATH} /usr/bin/cmake /home/ros/autoware.ai/src/autoware/visualization/decision_maker_panel -DCMAKE_BUILD_TYPE=Release -DCATKIN_INSTALL_INTO_PREFIX_ROOT=0 -DCMAKE_INSTALL_PREFIX=/home/ros/autoware.ai/install/decision_maker_panel
[0.133s] -- The C compiler identification is GNU 7.5.0
[0.214s] -- The CXX compiler identification is GNU 7.5.0
[0.221s] -- Check for working C compiler: /usr/bin/cc
[0.331s] -- Check for working C compiler: /usr/bin/cc -- works
[0.332s] -- Detecting C compiler ABI info
[0.434s] -- Detecting C compiler ABI info - done
[0.447s] -- Detecting C compile features
[0.779s] -- Detecting C compile features - done
[0.782s] -- Check for working CXX compiler: /usr/bin/c++
[0.895s] -- Check for working CXX compiler: /usr/bin/c++ -- works
[0.896s] -- Detecting CXX compiler ABI info
[1.044s] -- Detecting CXX compiler ABI info - done
[1.057s] -- Detecting CXX compile features
[1.634s] -- Detecting CXX compile features - done
[1.652s] -- CUDA compilation status: .
[1.655s] -- Using CATKIN_DEVEL_PREFIX: /home/ros/autoware.ai/build/decision_maker_panel/devel
[1.655s] -- Using CMAKE_PREFIX_PATH: /home/ros/autoware.ai/install/autoware_msgs;/home/ros/autoware.ai/install/autoware_build_flags;/opt/ros/melodic
[1.656s] -- This workspace overlays: /home/ros/autoware.ai/install/autoware_msgs;/home/ros/autoware.ai/install/autoware_build_flags;/opt/ros/melodic
[1.683s] -- Found PythonInterp: /usr/bin/python2 (found suitable version "2.7.17", minimum required is "2") 
[1.684s] -- Using PYTHON_EXECUTABLE: /usr/bin/python2
[1.686s] -- Using Debian Python package layout
[1.686s] -- Using empy: /usr/bin/empy
[1.915s] -- Using CATKIN_ENABLE_TESTING: ON
[1.915s] -- Call enable_testing()
[1.918s] -- Using CATKIN_TEST_RESULTS_DIR: /home/ros/autoware.ai/build/decision_maker_panel/test_results
[1.944s] -- Found gtest sources under '/usr/src/googletest': gtests will be built
[1.944s] -- Found gmock sources under '/usr/src/googletest': gmock will be built
[1.962s] -- Found PythonInterp: /usr/bin/python2 (found version "2.7.17") 
[1.963s] -- Looking for pthread.h
[2.090s] -- Looking for pthread.h - found
[2.091s] -- Looking for pthread_create
[2.203s] -- Looking for pthread_create - not found
[2.203s] -- Looking for pthread_create in pthreads
[2.290s] -- Looking for pthread_create in pthreads - not found
[2.291s] -- Looking for pthread_create in pthread
[2.401s] -- Looking for pthread_create in pthread - found
[2.402s] -- Found Threads: TRUE  
[2.408s] -- Using Python nosetests: /usr/bin/nosetests-2.7
[2.464s] -- catkin 0.7.29
[2.465s] -- BUILD_SHARED_LIBS is on
[2.716s] -- Using these message generators: gencpp;geneus;genlisp;gennodejs;genpy
[3.157s] -- Using Qt5 based on the rviz_QT_VERSION: 5.9.5
[3.348s] -- Configuring done
[3.401s] -- Generating done
[3.414s] -- Build files have been written to: /home/ros/autoware.ai/build/decision_maker_panel
[3.424s] Invoked command in '/home/ros/autoware.ai/build/decision_maker_panel' returned '0': CMAKE_PREFIX_PATH=/home/ros/autoware.ai/install/autoware_msgs:/home/ros/autoware.ai/install/autoware_build_flags:${CMAKE_PREFIX_PATH} PKG_CONFIG_PATH=/home/ros/autoware.ai/install/autoware_msgs/lib/x86_64-linux-gnu/pkgconfig:/home/ros/autoware.ai/install/autoware_msgs/lib/pkgconfig:/home/ros/autoware.ai/install/autoware_build_flags/lib/x86_64-linux-gnu/pkgconfig:/home/ros/autoware.ai/install/autoware_build_flags/lib/pkgconfig:${PKG_CONFIG_PATH} PYTHONPATH=/home/ros/autoware.ai/install/autoware_msgs/lib/python2.7/dist-packages:${PYTHONPATH} ROS_PACKAGE_PATH=/home/ros/autoware.ai/install/autoware_msgs/share:/home/ros/autoware.ai/install/autoware_build_flags/share:${ROS_PACKAGE_PATH} /usr/bin/cmake /home/ros/autoware.ai/src/autoware/visualization/decision_maker_panel -DCMAKE_BUILD_TYPE=Release -DCATKIN_INSTALL_INTO_PREFIX_ROOT=0 -DCMAKE_INSTALL_PREFIX=/home/ros/autoware.ai/install/decision_maker_panel
[3.425s] Invoking command in '/home/ros/autoware.ai/build/decision_maker_panel': CMAKE_PREFIX_PATH=/home/ros/autoware.ai/install/autoware_msgs:/home/ros/autoware.ai/install/autoware_build_flags:${CMAKE_PREFIX_PATH} PKG_CONFIG_PATH=/home/ros/autoware.ai/install/autoware_msgs/lib/x86_64-linux-gnu/pkgconfig:/home/ros/autoware.ai/install/autoware_msgs/lib/pkgconfig:/home/ros/autoware.ai/install/autoware_build_flags/lib/x86_64-linux-gnu/pkgconfig:/home/ros/autoware.ai/install/autoware_build_flags/lib/pkgconfig:${PKG_CONFIG_PATH} PYTHONPATH=/home/ros/autoware.ai/install/autoware_msgs/lib/python2.7/dist-packages:${PYTHONPATH} ROS_PACKAGE_PATH=/home/ros/autoware.ai/install/autoware_msgs/share:/home/ros/autoware.ai/install/autoware_build_flags/share:${ROS_PACKAGE_PATH} /usr/bin/cmake --build /home/ros/autoware.ai/build/decision_maker_panel -- -j12 -l12
[3.536s] [35m[1mScanning dependencies of target decision_maker_panel_autogen[0m
[3.561s] [ 25%] [34m[1mAutomatic MOC for target decision_maker_panel[0m
[3.594s] [ 25%] Built target decision_maker_panel_autogen
[3.630s] [35m[1mScanning dependencies of target decision_maker_panel[0m
[3.687s] [ 50%] [32mBuilding CXX object CMakeFiles/decision_maker_panel.dir/src/decision_maker_panel.cpp.o[0m
[9.714s] [ 75%] [32mBuilding CXX object CMakeFiles/decision_maker_panel.dir/decision_maker_panel_autogen/mocs_compilation.cpp.o[0m
[12.823s] [100%] [32m[1mLinking CXX shared library devel/lib/libdecision_maker_panel.so[0m
[13.594s] [100%] Built target decision_maker_panel
[13.617s] Invoked command in '/home/ros/autoware.ai/build/decision_maker_panel' returned '0': CMAKE_PREFIX_PATH=/home/ros/autoware.ai/install/autoware_msgs:/home/ros/autoware.ai/install/autoware_build_flags:${CMAKE_PREFIX_PATH} PKG_CONFIG_PATH=/home/ros/autoware.ai/install/autoware_msgs/lib/x86_64-linux-gnu/pkgconfig:/home/ros/autoware.ai/install/autoware_msgs/lib/pkgconfig:/home/ros/autoware.ai/install/autoware_build_flags/lib/x86_64-linux-gnu/pkgconfig:/home/ros/autoware.ai/install/autoware_build_flags/lib/pkgconfig:${PKG_CONFIG_PATH} PYTHONPATH=/home/ros/autoware.ai/install/autoware_msgs/lib/python2.7/dist-packages:${PYTHONPATH} ROS_PACKAGE_PATH=/home/ros/autoware.ai/install/autoware_msgs/share:/home/ros/autoware.ai/install/autoware_build_flags/share:${ROS_PACKAGE_PATH} /usr/bin/cmake --build /home/ros/autoware.ai/build/decision_maker_panel -- -j12 -l12
[14.051s] Invoking command in '/home/ros/autoware.ai/build/decision_maker_panel': CMAKE_PREFIX_PATH=/home/ros/autoware.ai/install/autoware_msgs:/home/ros/autoware.ai/install/autoware_build_flags:${CMAKE_PREFIX_PATH} PKG_CONFIG_PATH=/home/ros/autoware.ai/install/autoware_msgs/lib/x86_64-linux-gnu/pkgconfig:/home/ros/autoware.ai/install/autoware_msgs/lib/pkgconfig:/home/ros/autoware.ai/install/autoware_build_flags/lib/x86_64-linux-gnu/pkgconfig:/home/ros/autoware.ai/install/autoware_build_flags/lib/pkgconfig:${PKG_CONFIG_PATH} PYTHONPATH=/home/ros/autoware.ai/install/autoware_msgs/lib/python2.7/dist-packages:${PYTHONPATH} ROS_PACKAGE_PATH=/home/ros/autoware.ai/install/autoware_msgs/share:/home/ros/autoware.ai/install/autoware_build_flags/share:${ROS_PACKAGE_PATH} /usr/bin/cmake --build /home/ros/autoware.ai/build/decision_maker_panel --target tests -- -j12 -l12
[14.175s] [35m[1mScanning dependencies of target tests[0m
[14.191s] Built target tests
[14.210s] Invoked command in '/home/ros/autoware.ai/build/decision_maker_panel' returned '0': CMAKE_PREFIX_PATH=/home/ros/autoware.ai/install/autoware_msgs:/home/ros/autoware.ai/install/autoware_build_flags:${CMAKE_PREFIX_PATH} PKG_CONFIG_PATH=/home/ros/autoware.ai/install/autoware_msgs/lib/x86_64-linux-gnu/pkgconfig:/home/ros/autoware.ai/install/autoware_msgs/lib/pkgconfig:/home/ros/autoware.ai/install/autoware_build_flags/lib/x86_64-linux-gnu/pkgconfig:/home/ros/autoware.ai/install/autoware_build_flags/lib/pkgconfig:${PKG_CONFIG_PATH} PYTHONPATH=/home/ros/autoware.ai/install/autoware_msgs/lib/python2.7/dist-packages:${PYTHONPATH} ROS_PACKAGE_PATH=/home/ros/autoware.ai/install/autoware_msgs/share:/home/ros/autoware.ai/install/autoware_build_flags/share:${ROS_PACKAGE_PATH} /usr/bin/cmake --build /home/ros/autoware.ai/build/decision_maker_panel --target tests -- -j12 -l12
[14.604s] Invoking command in '/home/ros/autoware.ai/build/decision_maker_panel': CMAKE_PREFIX_PATH=/home/ros/autoware.ai/install/autoware_msgs:/home/ros/autoware.ai/install/autoware_build_flags:${CMAKE_PREFIX_PATH} PKG_CONFIG_PATH=/home/ros/autoware.ai/install/autoware_msgs/lib/x86_64-linux-gnu/pkgconfig:/home/ros/autoware.ai/install/autoware_msgs/lib/pkgconfig:/home/ros/autoware.ai/install/autoware_build_flags/lib/x86_64-linux-gnu/pkgconfig:/home/ros/autoware.ai/install/autoware_build_flags/lib/pkgconfig:${PKG_CONFIG_PATH} PYTHONPATH=/home/ros/autoware.ai/install/autoware_msgs/lib/python2.7/dist-packages:${PYTHONPATH} ROS_PACKAGE_PATH=/home/ros/autoware.ai/install/autoware_msgs/share:/home/ros/autoware.ai/install/autoware_build_flags/share:${ROS_PACKAGE_PATH} /usr/bin/cmake --build /home/ros/autoware.ai/build/decision_maker_panel --target install -- -j12 -l12
[14.725s] [ 25%] [34m[1mAutomatic MOC for target decision_maker_panel[0m
[14.755s] [ 25%] Built target decision_maker_panel_autogen
[14.804s] [100%] Built target decision_maker_panel
[14.837s] [36mInstall the project...[0m
[14.849s] -- Install configuration: "Release"
[14.850s] -- Installing: /home/ros/autoware.ai/install/decision_maker_panel/lib/pkgconfig/decision_maker_panel.pc
[14.851s] -- Installing: /home/ros/autoware.ai/install/decision_maker_panel/share/decision_maker_panel/cmake/decision_maker_panelConfig.cmake
[14.851s] -- Installing: /home/ros/autoware.ai/install/decision_maker_panel/share/decision_maker_panel/cmake/decision_maker_panelConfig-version.cmake
[14.851s] -- Installing: /home/ros/autoware.ai/install/decision_maker_panel/share/decision_maker_panel/package.xml
[14.852s] -- Installing: /home/ros/autoware.ai/install/decision_maker_panel/lib/libdecision_maker_panel.so
[14.854s] -- Set runtime path of "/home/ros/autoware.ai/install/decision_maker_panel/lib/libdecision_maker_panel.so" to ""
[14.855s] -- Installing: /home/ros/autoware.ai/install/decision_maker_panel/share/decision_maker_panel/plugin_description.xml
[14.862s] Invoked command in '/home/ros/autoware.ai/build/decision_maker_panel' returned '0': CMAKE_PREFIX_PATH=/home/ros/autoware.ai/install/autoware_msgs:/home/ros/autoware.ai/install/autoware_build_flags:${CMAKE_PREFIX_PATH} PKG_CONFIG_PATH=/home/ros/autoware.ai/install/autoware_msgs/lib/x86_64-linux-gnu/pkgconfig:/home/ros/autoware.ai/install/autoware_msgs/lib/pkgconfig:/home/ros/autoware.ai/install/autoware_build_flags/lib/x86_64-linux-gnu/pkgconfig:/home/ros/autoware.ai/install/autoware_build_flags/lib/pkgconfig:${PKG_CONFIG_PATH} PYTHONPATH=/home/ros/autoware.ai/install/autoware_msgs/lib/python2.7/dist-packages:${PYTHONPATH} ROS_PACKAGE_PATH=/home/ros/autoware.ai/install/autoware_msgs/share:/home/ros/autoware.ai/install/autoware_build_flags/share:${ROS_PACKAGE_PATH} /usr/bin/cmake --build /home/ros/autoware.ai/build/decision_maker_panel --target install -- -j12 -l12
