[0.010s] Invoking command in '/home/ros/autoware.ai/build/twist2odom': /usr/bin/cmake /home/ros/autoware.ai/src/autoware/utilities/twist2odom -DCMAKE_BUILD_TYPE=Release -DCATKIN_INSTALL_INTO_PREFIX_ROOT=0 -DCMAKE_INSTALL_PREFIX=/home/ros/autoware.ai/install/twist2odom
[0.136s] -- The C compiler identification is GNU 7.5.0
[0.261s] -- The CXX compiler identification is GNU 7.5.0
[0.267s] -- Check for working C compiler: /usr/bin/cc
[0.392s] -- Check for working C compiler: /usr/bin/cc -- works
[0.393s] -- Detecting C compiler ABI info
[0.644s] -- Detecting C compiler ABI info - done
[0.657s] -- Detecting C compile features
[1.214s] -- Detecting C compile features - done
[1.220s] -- Check for working CXX compiler: /usr/bin/c++
[1.455s] -- Check for working CXX compiler: /usr/bin/c++ -- works
[1.456s] -- Detecting CXX compiler ABI info
[1.624s] -- Detecting CXX compiler ABI info - done
[1.639s] -- Detecting CXX compile features
[2.206s] -- Detecting CXX compile features - done
[2.209s] -- Using CATKIN_DEVEL_PREFIX: /home/ros/autoware.ai/build/twist2odom/devel
[2.209s] -- Using CMAKE_PREFIX_PATH: /opt/ros/melodic
[2.209s] -- This workspace overlays: /opt/ros/melodic
[2.230s] -- Found PythonInterp: /usr/bin/python2 (found suitable version "2.7.17", minimum required is "2") 
[2.230s] -- Using PYTHON_EXECUTABLE: /usr/bin/python2
[2.230s] -- Using Debian Python package layout
[2.231s] -- Using empy: /usr/bin/empy
[2.429s] -- Using CATKIN_ENABLE_TESTING: ON
[2.429s] -- Call enable_testing()
[2.431s] -- Using CATKIN_TEST_RESULTS_DIR: /home/ros/autoware.ai/build/twist2odom/test_results
[2.455s] -- Found gtest sources under '/usr/src/googletest': gtests will be built
[2.455s] -- Found gmock sources under '/usr/src/googletest': gmock will be built
[2.470s] -- Found PythonInterp: /usr/bin/python2 (found version "2.7.17") 
[2.472s] -- Looking for pthread.h
[2.587s] -- Looking for pthread.h - found
[2.588s] -- Looking for pthread_create
[2.760s] -- Looking for pthread_create - not found
[2.761s] -- Looking for pthread_create in pthreads
[2.910s] -- Looking for pthread_create in pthreads - not found
[2.910s] -- Looking for pthread_create in pthread
[3.042s] -- Looking for pthread_create in pthread - found
[3.045s] -- Found Threads: TRUE  
[3.050s] -- Using Python nosetests: /usr/bin/nosetests-2.7
[3.119s] -- catkin 0.7.29
[3.119s] -- BUILD_SHARED_LIBS is on
[3.317s] -- Using these message generators: gencpp;geneus;genlisp;gennodejs;genpy
[3.651s] -- Configuring done
[3.692s] -- Generating done
[3.702s] -- Build files have been written to: /home/ros/autoware.ai/build/twist2odom
[3.710s] Invoked command in '/home/ros/autoware.ai/build/twist2odom' returned '0': /usr/bin/cmake /home/ros/autoware.ai/src/autoware/utilities/twist2odom -DCMAKE_BUILD_TYPE=Release -DCATKIN_INSTALL_INTO_PREFIX_ROOT=0 -DCMAKE_INSTALL_PREFIX=/home/ros/autoware.ai/install/twist2odom
[3.712s] Invoking command in '/home/ros/autoware.ai/build/twist2odom': /usr/bin/cmake --build /home/ros/autoware.ai/build/twist2odom -- -j12 -l12
[3.816s] [35m[1mScanning dependencies of target rosgraph_msgs_generate_messages_lisp[0m
[3.897s] [  0%] Built target rosgraph_msgs_generate_messages_lisp
[3.952s] [35m[1mScanning dependencies of target actionlib_msgs_generate_messages_nodejs[0m
[3.999s] [  0%] Built target actionlib_msgs_generate_messages_nodejs
[4.032s] [35m[1mScanning dependencies of target std_msgs_generate_messages_cpp[0m
[4.078s] [  0%] Built target std_msgs_generate_messages_cpp
[4.094s] [35m[1mScanning dependencies of target nav_msgs_generate_messages_nodejs[0m
[4.188s] [  0%] Built target nav_msgs_generate_messages_nodejs
[4.242s] [35m[1mScanning dependencies of target nav_msgs_generate_messages_lisp[0m
[4.263s] [  0%] Built target nav_msgs_generate_messages_lisp
[4.285s] [35m[1mScanning dependencies of target roscpp_generate_messages_lisp[0m
[4.305s] [  0%] Built target roscpp_generate_messages_lisp
[4.331s] [35m[1mScanning dependencies of target geometry_msgs_generate_messages_nodejs[0m
[4.382s] [  0%] Built target geometry_msgs_generate_messages_nodejs
[4.406s] [35m[1mScanning dependencies of target nav_msgs_generate_messages_cpp[0m
[4.421s] [  0%] Built target nav_msgs_generate_messages_cpp
[4.448s] [35m[1mScanning dependencies of target geometry_msgs_generate_messages_lisp[0m
[4.472s] [  0%] Built target geometry_msgs_generate_messages_lisp
[4.490s] [35m[1mScanning dependencies of target geometry_msgs_generate_messages_cpp[0m
[4.508s] [  0%] Built target geometry_msgs_generate_messages_cpp
[4.521s] [35m[1mScanning dependencies of target nav_msgs_generate_messages_eus[0m
[4.546s] [  0%] Built target nav_msgs_generate_messages_eus
[4.566s] [35m[1mScanning dependencies of target actionlib_msgs_generate_messages_cpp[0m
[4.591s] [  0%] Built target actionlib_msgs_generate_messages_cpp
[4.606s] [35m[1mScanning dependencies of target rosgraph_msgs_generate_messages_eus[0m
[4.619s] [  0%] Built target rosgraph_msgs_generate_messages_eus
[4.634s] [35m[1mScanning dependencies of target actionlib_msgs_generate_messages_eus[0m
[4.649s] [  0%] Built target actionlib_msgs_generate_messages_eus
[4.665s] [35m[1mScanning dependencies of target actionlib_msgs_generate_messages_lisp[0m
[4.706s] [  0%] Built target actionlib_msgs_generate_messages_lisp
[4.733s] [35m[1mScanning dependencies of target actionlib_msgs_generate_messages_py[0m
[4.773s] [  0%] Built target actionlib_msgs_generate_messages_py
[4.809s] [35m[1mScanning dependencies of target roscpp_generate_messages_nodejs[0m
[4.834s] [  0%] Built target roscpp_generate_messages_nodejs
[4.851s] [35m[1mScanning dependencies of target geometry_msgs_generate_messages_eus[0m
[4.870s] [  0%] Built target geometry_msgs_generate_messages_eus
[4.895s] [35m[1mScanning dependencies of target roscpp_generate_messages_eus[0m
[4.929s] [  0%] Built target roscpp_generate_messages_eus
[4.963s] [35m[1mScanning dependencies of target rosgraph_msgs_generate_messages_cpp[0m
[5.008s] [  0%] Built target rosgraph_msgs_generate_messages_cpp
[5.041s] [35m[1mScanning dependencies of target roscpp_generate_messages_py[0m
[5.099s] [  0%] Built target roscpp_generate_messages_py
[5.142s] [35m[1mScanning dependencies of target rosgraph_msgs_generate_messages_py[0m
[5.194s] [  0%] Built target rosgraph_msgs_generate_messages_py
[5.243s] [35m[1mScanning dependencies of target rosgraph_msgs_generate_messages_nodejs[0m
[5.296s] [  0%] Built target rosgraph_msgs_generate_messages_nodejs
[5.318s] [35m[1mScanning dependencies of target std_msgs_generate_messages_eus[0m
[5.369s] [  0%] Built target std_msgs_generate_messages_eus
[5.415s] [35m[1mScanning dependencies of target roscpp_generate_messages_cpp[0m
[5.467s] [  0%] Built target roscpp_generate_messages_cpp
[5.521s] [35m[1mScanning dependencies of target geometry_msgs_generate_messages_py[0m
[5.545s] [  0%] Built target geometry_msgs_generate_messages_py
[5.577s] [35m[1mScanning dependencies of target std_msgs_generate_messages_lisp[0m
[5.621s] [  0%] Built target std_msgs_generate_messages_lisp
[5.645s] [35m[1mScanning dependencies of target std_msgs_generate_messages_nodejs[0m
[5.668s] [  0%] Built target std_msgs_generate_messages_nodejs
[5.684s] [35m[1mScanning dependencies of target nav_msgs_generate_messages_py[0m
[5.708s] [  0%] Built target nav_msgs_generate_messages_py
[5.743s] [35m[1mScanning dependencies of target std_msgs_generate_messages_py[0m
[5.758s] [  0%] Built target std_msgs_generate_messages_py
[5.771s] [35m[1mScanning dependencies of target twist2odom[0m
[5.810s] [ 33%] [32mBuilding CXX object CMakeFiles/twist2odom.dir/src/twist2odom.cpp.o[0m
[8.605s] [ 66%] [32mBuilding CXX object CMakeFiles/twist2odom.dir/src/twist2odom_node.cpp.o[0m
[10.446s] [100%] [32m[1mLinking CXX executable devel/lib/twist2odom/twist2odom[0m
[10.659s] [100%] Built target twist2odom
[10.680s] Invoked command in '/home/ros/autoware.ai/build/twist2odom' returned '0': /usr/bin/cmake --build /home/ros/autoware.ai/build/twist2odom -- -j12 -l12
[11.018s] Invoking command in '/home/ros/autoware.ai/build/twist2odom': /usr/bin/cmake --build /home/ros/autoware.ai/build/twist2odom --target tests -- -j12 -l12
[11.152s] [35m[1mScanning dependencies of target gtest[0m
[11.190s] [ 20%] [32mBuilding CXX object gtest/googlemock/gtest/CMakeFiles/gtest.dir/src/gtest-all.cc.o[0m
[17.679s] [ 40%] [32m[1mLinking CXX shared library libgtest.so[0m
[17.807s] [ 40%] Built target gtest
[17.833s] [35m[1mScanning dependencies of target twist2odom_test[0m
[17.882s] [ 60%] [32mBuilding CXX object CMakeFiles/twist2odom_test.dir/test/twist2odom_test.cpp.o[0m
[21.352s] [ 80%] [32mBuilding CXX object CMakeFiles/twist2odom_test.dir/src/twist2odom.cpp.o[0m
[24.320s] [100%] [32m[1mLinking CXX executable devel/lib/twist2odom/twist2odom_test[0m
[24.639s] [100%] Built target twist2odom_test
[24.693s] [35m[1mScanning dependencies of target tests[0m
[24.732s] [100%] Built target tests
[24.780s] Invoked command in '/home/ros/autoware.ai/build/twist2odom' returned '0': /usr/bin/cmake --build /home/ros/autoware.ai/build/twist2odom --target tests -- -j12 -l12
[25.052s] Invoking command in '/home/ros/autoware.ai/build/twist2odom': /usr/bin/cmake --build /home/ros/autoware.ai/build/twist2odom --target install -- -j12 -l12
[25.174s] [  0%] Built target rosgraph_msgs_generate_messages_lisp
[25.219s] [  0%] Built target actionlib_msgs_generate_messages_nodejs
[25.283s] [  0%] Built target std_msgs_generate_messages_cpp
[25.363s] [  0%] Built target nav_msgs_generate_messages_nodejs
[25.452s] [  0%] Built target nav_msgs_generate_messages_lisp
[25.507s] [  0%] Built target roscpp_generate_messages_lisp
[25.549s] [  0%] Built target geometry_msgs_generate_messages_nodejs
[25.580s] [  0%] Built target nav_msgs_generate_messages_cpp
[25.622s] [  0%] Built target geometry_msgs_generate_messages_lisp
[25.673s] [  0%] Built target geometry_msgs_generate_messages_cpp
[25.724s] [  0%] Built target nav_msgs_generate_messages_eus
[25.752s] [  0%] Built target actionlib_msgs_generate_messages_cpp
[25.793s] [  0%] Built target rosgraph_msgs_generate_messages_eus
[25.820s] [  0%] Built target actionlib_msgs_generate_messages_eus
[25.858s] [  0%] Built target actionlib_msgs_generate_messages_lisp
[25.886s] [  0%] Built target actionlib_msgs_generate_messages_py
[25.913s] [  0%] Built target roscpp_generate_messages_nodejs
[25.955s] [  0%] Built target geometry_msgs_generate_messages_eus
[25.992s] [  0%] Built target roscpp_generate_messages_eus
[26.025s] [  0%] Built target rosgraph_msgs_generate_messages_cpp
[26.066s] [  0%] Built target roscpp_generate_messages_py
[26.100s] [  0%] Built target rosgraph_msgs_generate_messages_py
[26.136s] [  0%] Built target rosgraph_msgs_generate_messages_nodejs
[26.170s] [  0%] Built target std_msgs_generate_messages_eus
[26.216s] [  0%] Built target roscpp_generate_messages_cpp
[26.258s] [  0%] Built target geometry_msgs_generate_messages_py
[26.305s] [  0%] Built target std_msgs_generate_messages_lisp
[26.382s] [  0%] Built target std_msgs_generate_messages_nodejs
[26.498s] [  0%] Built target nav_msgs_generate_messages_py
[26.574s] [  0%] Built target std_msgs_generate_messages_py
[26.658s] [100%] Built target twist2odom
[26.744s] [36mInstall the project...[0m
[26.774s] -- Install configuration: "Release"
[26.774s] -- Installing: /home/ros/autoware.ai/install/twist2odom/lib/pkgconfig/twist2odom.pc
[26.775s] -- Installing: /home/ros/autoware.ai/install/twist2odom/share/twist2odom/cmake/twist2odomConfig.cmake
[26.775s] -- Installing: /home/ros/autoware.ai/install/twist2odom/share/twist2odom/cmake/twist2odomConfig-version.cmake
[26.776s] -- Installing: /home/ros/autoware.ai/install/twist2odom/share/twist2odom/package.xml
[26.776s] -- Installing: /home/ros/autoware.ai/install/twist2odom/lib/twist2odom/twist2odom
[26.776s] -- Set runtime path of "/home/ros/autoware.ai/install/twist2odom/lib/twist2odom/twist2odom" to ""
[26.785s] Invoked command in '/home/ros/autoware.ai/build/twist2odom' returned '0': /usr/bin/cmake --build /home/ros/autoware.ai/build/twist2odom --target install -- -j12 -l12
