[0.043s] Invoking command in '/home/ros/autoware.ai/build/lidar_apollo_cnn_seg_detect': CMAKE_PREFIX_PATH=/home/ros/autoware.ai/install/autoware_msgs:/home/ros/autoware.ai/install/autoware_build_flags:${CMAKE_PREFIX_PATH} PKG_CONFIG_PATH=/home/ros/autoware.ai/install/autoware_msgs/lib/x86_64-linux-gnu/pkgconfig:/home/ros/autoware.ai/install/autoware_msgs/lib/pkgconfig:/home/ros/autoware.ai/install/autoware_build_flags/lib/x86_64-linux-gnu/pkgconfig:/home/ros/autoware.ai/install/autoware_build_flags/lib/pkgconfig:${PKG_CONFIG_PATH} PYTHONPATH=/home/ros/autoware.ai/install/autoware_msgs/lib/python2.7/dist-packages:${PYTHONPATH} ROS_PACKAGE_PATH=/home/ros/autoware.ai/install/autoware_msgs/share:/home/ros/autoware.ai/install/autoware_build_flags/share:${ROS_PACKAGE_PATH} /usr/bin/cmake /home/ros/autoware.ai/src/autoware/core_perception/lidar_apollo_cnn_seg_detect -DCMAKE_BUILD_TYPE=Release -DCATKIN_INSTALL_INTO_PREFIX_ROOT=0 -DCMAKE_INSTALL_PREFIX=/home/ros/autoware.ai/install/lidar_apollo_cnn_seg_detect
[0.165s] -- The C compiler identification is GNU 7.5.0
[0.269s] -- The CXX compiler identification is GNU 7.5.0
[0.277s] -- Check for working C compiler: /usr/bin/cc
[0.439s] -- Check for working C compiler: /usr/bin/cc -- works
[0.440s] -- Detecting C compiler ABI info
[0.574s] -- Detecting C compiler ABI info - done
[0.585s] -- Detecting C compile features
[1.002s] -- Detecting C compile features - done
[1.009s] -- Check for working CXX compiler: /usr/bin/c++
[1.197s] -- Check for working CXX compiler: /usr/bin/c++ -- works
[1.198s] -- Detecting CXX compiler ABI info
[1.376s] -- Detecting CXX compiler ABI info - done
[1.389s] -- Detecting CXX compile features
[2.066s] -- Detecting CXX compile features - done
[2.069s] -- CUDA compilation status: .
[2.071s] -- Using CATKIN_DEVEL_PREFIX: /home/ros/autoware.ai/build/lidar_apollo_cnn_seg_detect/devel
[2.071s] -- Using CMAKE_PREFIX_PATH: /home/ros/autoware.ai/install/autoware_msgs;/home/ros/autoware.ai/install/autoware_build_flags;/opt/ros/melodic
[2.071s] -- This workspace overlays: /home/ros/autoware.ai/install/autoware_msgs;/home/ros/autoware.ai/install/autoware_build_flags;/opt/ros/melodic
[2.094s] -- Found PythonInterp: /usr/bin/python2 (found suitable version "2.7.17", minimum required is "2") 
[2.094s] -- Using PYTHON_EXECUTABLE: /usr/bin/python2
[2.094s] -- Using Debian Python package layout
[2.095s] -- Using empy: /usr/bin/empy
[2.334s] -- Using CATKIN_ENABLE_TESTING: ON
[2.334s] -- Call enable_testing()
[2.364s] -- Using CATKIN_TEST_RESULTS_DIR: /home/ros/autoware.ai/build/lidar_apollo_cnn_seg_detect/test_results
[2.397s] -- Found gtest sources under '/usr/src/googletest': gtests will be built
[2.398s] -- Found gmock sources under '/usr/src/googletest': gmock will be built
[2.418s] -- Found PythonInterp: /usr/bin/python2 (found version "2.7.17") 
[2.419s] -- Looking for pthread.h
[2.561s] -- Looking for pthread.h - found
[2.561s] -- Looking for pthread_create
[2.855s] -- Looking for pthread_create - not found
[2.856s] -- Looking for pthread_create in pthreads
[3.058s] -- Looking for pthread_create in pthreads - not found
[3.059s] -- Looking for pthread_create in pthread
[3.180s] -- Looking for pthread_create in pthread - found
[3.182s] -- Found Threads: TRUE  
[3.188s] -- Using Python nosetests: /usr/bin/nosetests-2.7
[3.261s] -- catkin 0.7.29
[3.261s] -- BUILD_SHARED_LIBS is on
[3.684s] -- Using these message generators: gencpp;geneus;genlisp;gennodejs;genpy
[5.034s] CUDA_TOOLKIT_ROOT_DIR not found or specified
[5.047s] -- Could NOT find CUDA (missing: CUDA_TOOLKIT_ROOT_DIR CUDA_NVCC_EXECUTABLE CUDA_INCLUDE_DIRS CUDA_CUDART_LIBRARY) 
[5.094s] -- Found OpenCV: /usr (found version "3.2.0") 
[5.358s] CMake Warning at /home/ros/autoware.ai/install/autoware_build_flags/share/autoware_build_flags/cmake/autoware_build_flags-extras.cmake:36 (message):
[5.358s]   CUDA support is disabled.  Set the AUTOWARE_COMPILE_WITH_CUDA environment
[5.359s]   variable and recompile to enable it
[5.359s] Call Stack (most recent call first):
[5.359s]   CMakeLists.txt:25 (AW_CHECK_CUDA)
[5.359s] 
[5.359s] 
[5.359s] 'Caffe' is not installed. 'lidar_apollo_cnn_seg_detect' will not be built.
[5.360s] -- Configuring done
[5.447s] -- Generating done
[5.471s] -- Build files have been written to: /home/ros/autoware.ai/build/lidar_apollo_cnn_seg_detect
[5.485s] Invoked command in '/home/ros/autoware.ai/build/lidar_apollo_cnn_seg_detect' returned '0': CMAKE_PREFIX_PATH=/home/ros/autoware.ai/install/autoware_msgs:/home/ros/autoware.ai/install/autoware_build_flags:${CMAKE_PREFIX_PATH} PKG_CONFIG_PATH=/home/ros/autoware.ai/install/autoware_msgs/lib/x86_64-linux-gnu/pkgconfig:/home/ros/autoware.ai/install/autoware_msgs/lib/pkgconfig:/home/ros/autoware.ai/install/autoware_build_flags/lib/x86_64-linux-gnu/pkgconfig:/home/ros/autoware.ai/install/autoware_build_flags/lib/pkgconfig:${PKG_CONFIG_PATH} PYTHONPATH=/home/ros/autoware.ai/install/autoware_msgs/lib/python2.7/dist-packages:${PYTHONPATH} ROS_PACKAGE_PATH=/home/ros/autoware.ai/install/autoware_msgs/share:/home/ros/autoware.ai/install/autoware_build_flags/share:${ROS_PACKAGE_PATH} /usr/bin/cmake /home/ros/autoware.ai/src/autoware/core_perception/lidar_apollo_cnn_seg_detect -DCMAKE_BUILD_TYPE=Release -DCATKIN_INSTALL_INTO_PREFIX_ROOT=0 -DCMAKE_INSTALL_PREFIX=/home/ros/autoware.ai/install/lidar_apollo_cnn_seg_detect
[5.487s] Invoking command in '/home/ros/autoware.ai/build/lidar_apollo_cnn_seg_detect': CMAKE_PREFIX_PATH=/home/ros/autoware.ai/install/autoware_msgs:/home/ros/autoware.ai/install/autoware_build_flags:${CMAKE_PREFIX_PATH} PKG_CONFIG_PATH=/home/ros/autoware.ai/install/autoware_msgs/lib/x86_64-linux-gnu/pkgconfig:/home/ros/autoware.ai/install/autoware_msgs/lib/pkgconfig:/home/ros/autoware.ai/install/autoware_build_flags/lib/x86_64-linux-gnu/pkgconfig:/home/ros/autoware.ai/install/autoware_build_flags/lib/pkgconfig:${PKG_CONFIG_PATH} PYTHONPATH=/home/ros/autoware.ai/install/autoware_msgs/lib/python2.7/dist-packages:${PYTHONPATH} ROS_PACKAGE_PATH=/home/ros/autoware.ai/install/autoware_msgs/share:/home/ros/autoware.ai/install/autoware_build_flags/share:${ROS_PACKAGE_PATH} /usr/bin/cmake --build /home/ros/autoware.ai/build/lidar_apollo_cnn_seg_detect -- -j12 -l12
[5.639s] Invoked command in '/home/ros/autoware.ai/build/lidar_apollo_cnn_seg_detect' returned '0': CMAKE_PREFIX_PATH=/home/ros/autoware.ai/install/autoware_msgs:/home/ros/autoware.ai/install/autoware_build_flags:${CMAKE_PREFIX_PATH} PKG_CONFIG_PATH=/home/ros/autoware.ai/install/autoware_msgs/lib/x86_64-linux-gnu/pkgconfig:/home/ros/autoware.ai/install/autoware_msgs/lib/pkgconfig:/home/ros/autoware.ai/install/autoware_build_flags/lib/x86_64-linux-gnu/pkgconfig:/home/ros/autoware.ai/install/autoware_build_flags/lib/pkgconfig:${PKG_CONFIG_PATH} PYTHONPATH=/home/ros/autoware.ai/install/autoware_msgs/lib/python2.7/dist-packages:${PYTHONPATH} ROS_PACKAGE_PATH=/home/ros/autoware.ai/install/autoware_msgs/share:/home/ros/autoware.ai/install/autoware_build_flags/share:${ROS_PACKAGE_PATH} /usr/bin/cmake --build /home/ros/autoware.ai/build/lidar_apollo_cnn_seg_detect -- -j12 -l12
[6.413s] Invoking command in '/home/ros/autoware.ai/build/lidar_apollo_cnn_seg_detect': CMAKE_PREFIX_PATH=/home/ros/autoware.ai/install/autoware_msgs:/home/ros/autoware.ai/install/autoware_build_flags:${CMAKE_PREFIX_PATH} PKG_CONFIG_PATH=/home/ros/autoware.ai/install/autoware_msgs/lib/x86_64-linux-gnu/pkgconfig:/home/ros/autoware.ai/install/autoware_msgs/lib/pkgconfig:/home/ros/autoware.ai/install/autoware_build_flags/lib/x86_64-linux-gnu/pkgconfig:/home/ros/autoware.ai/install/autoware_build_flags/lib/pkgconfig:${PKG_CONFIG_PATH} PYTHONPATH=/home/ros/autoware.ai/install/autoware_msgs/lib/python2.7/dist-packages:${PYTHONPATH} ROS_PACKAGE_PATH=/home/ros/autoware.ai/install/autoware_msgs/share:/home/ros/autoware.ai/install/autoware_build_flags/share:${ROS_PACKAGE_PATH} /usr/bin/cmake --build /home/ros/autoware.ai/build/lidar_apollo_cnn_seg_detect --target tests -- -j12 -l12
[6.561s] [35m[1mScanning dependencies of target tests[0m
[6.614s] Built target tests
[6.633s] Invoked command in '/home/ros/autoware.ai/build/lidar_apollo_cnn_seg_detect' returned '0': CMAKE_PREFIX_PATH=/home/ros/autoware.ai/install/autoware_msgs:/home/ros/autoware.ai/install/autoware_build_flags:${CMAKE_PREFIX_PATH} PKG_CONFIG_PATH=/home/ros/autoware.ai/install/autoware_msgs/lib/x86_64-linux-gnu/pkgconfig:/home/ros/autoware.ai/install/autoware_msgs/lib/pkgconfig:/home/ros/autoware.ai/install/autoware_build_flags/lib/x86_64-linux-gnu/pkgconfig:/home/ros/autoware.ai/install/autoware_build_flags/lib/pkgconfig:${PKG_CONFIG_PATH} PYTHONPATH=/home/ros/autoware.ai/install/autoware_msgs/lib/python2.7/dist-packages:${PYTHONPATH} ROS_PACKAGE_PATH=/home/ros/autoware.ai/install/autoware_msgs/share:/home/ros/autoware.ai/install/autoware_build_flags/share:${ROS_PACKAGE_PATH} /usr/bin/cmake --build /home/ros/autoware.ai/build/lidar_apollo_cnn_seg_detect --target tests -- -j12 -l12
[7.376s] Invoking command in '/home/ros/autoware.ai/build/lidar_apollo_cnn_seg_detect': CMAKE_PREFIX_PATH=/home/ros/autoware.ai/install/autoware_msgs:/home/ros/autoware.ai/install/autoware_build_flags:${CMAKE_PREFIX_PATH} PKG_CONFIG_PATH=/home/ros/autoware.ai/install/autoware_msgs/lib/x86_64-linux-gnu/pkgconfig:/home/ros/autoware.ai/install/autoware_msgs/lib/pkgconfig:/home/ros/autoware.ai/install/autoware_build_flags/lib/x86_64-linux-gnu/pkgconfig:/home/ros/autoware.ai/install/autoware_build_flags/lib/pkgconfig:${PKG_CONFIG_PATH} PYTHONPATH=/home/ros/autoware.ai/install/autoware_msgs/lib/python2.7/dist-packages:${PYTHONPATH} ROS_PACKAGE_PATH=/home/ros/autoware.ai/install/autoware_msgs/share:/home/ros/autoware.ai/install/autoware_build_flags/share:${ROS_PACKAGE_PATH} /usr/bin/cmake --build /home/ros/autoware.ai/build/lidar_apollo_cnn_seg_detect --target install -- -j12 -l12
[7.502s] [36mInstall the project...[0m
[7.515s] -- Install configuration: "Release"
[7.515s] -- Installing: /home/ros/autoware.ai/install/lidar_apollo_cnn_seg_detect/lib/pkgconfig/lidar_apollo_cnn_seg_detect.pc
[7.515s] -- Installing: /home/ros/autoware.ai/install/lidar_apollo_cnn_seg_detect/share/lidar_apollo_cnn_seg_detect/cmake/lidar_apollo_cnn_seg_detectConfig.cmake
[7.516s] -- Installing: /home/ros/autoware.ai/install/lidar_apollo_cnn_seg_detect/share/lidar_apollo_cnn_seg_detect/cmake/lidar_apollo_cnn_seg_detectConfig-version.cmake
[7.516s] -- Installing: /home/ros/autoware.ai/install/lidar_apollo_cnn_seg_detect/share/lidar_apollo_cnn_seg_detect/package.xml
[7.520s] Invoked command in '/home/ros/autoware.ai/build/lidar_apollo_cnn_seg_detect' returned '0': CMAKE_PREFIX_PATH=/home/ros/autoware.ai/install/autoware_msgs:/home/ros/autoware.ai/install/autoware_build_flags:${CMAKE_PREFIX_PATH} PKG_CONFIG_PATH=/home/ros/autoware.ai/install/autoware_msgs/lib/x86_64-linux-gnu/pkgconfig:/home/ros/autoware.ai/install/autoware_msgs/lib/pkgconfig:/home/ros/autoware.ai/install/autoware_build_flags/lib/x86_64-linux-gnu/pkgconfig:/home/ros/autoware.ai/install/autoware_build_flags/lib/pkgconfig:${PKG_CONFIG_PATH} PYTHONPATH=/home/ros/autoware.ai/install/autoware_msgs/lib/python2.7/dist-packages:${PYTHONPATH} ROS_PACKAGE_PATH=/home/ros/autoware.ai/install/autoware_msgs/share:/home/ros/autoware.ai/install/autoware_build_flags/share:${ROS_PACKAGE_PATH} /usr/bin/cmake --build /home/ros/autoware.ai/build/lidar_apollo_cnn_seg_detect --target install -- -j12 -l12
