[0.121s] Invoking command in '/home/ros/autoware.ai/build/astar_search': CMAKE_PREFIX_PATH=/home/ros/autoware.ai/install/autoware_msgs:/home/ros/autoware.ai/install/autoware_build_flags:${CMAKE_PREFIX_PATH} PKG_CONFIG_PATH=/home/ros/autoware.ai/install/autoware_msgs/lib/x86_64-linux-gnu/pkgconfig:/home/ros/autoware.ai/install/autoware_msgs/lib/pkgconfig:/home/ros/autoware.ai/install/autoware_build_flags/lib/x86_64-linux-gnu/pkgconfig:/home/ros/autoware.ai/install/autoware_build_flags/lib/pkgconfig:${PKG_CONFIG_PATH} PYTHONPATH=/home/ros/autoware.ai/install/autoware_msgs/lib/python2.7/dist-packages:${PYTHONPATH} ROS_PACKAGE_PATH=/home/ros/autoware.ai/install/autoware_msgs/share:/home/ros/autoware.ai/install/autoware_build_flags/share:${ROS_PACKAGE_PATH} /usr/bin/cmake /home/ros/autoware.ai/src/autoware/core_planning/astar_search -DCMAKE_BUILD_TYPE=Release -DCATKIN_INSTALL_INTO_PREFIX_ROOT=0 -DCMAKE_INSTALL_PREFIX=/home/ros/autoware.ai/install/astar_search
[0.256s] -- The C compiler identification is GNU 7.5.0
[0.363s] -- The CXX compiler identification is GNU 7.5.0
[0.368s] -- Check for working C compiler: /usr/bin/cc
[0.507s] -- Check for working C compiler: /usr/bin/cc -- works
[0.508s] -- Detecting C compiler ABI info
[0.617s] -- Detecting C compiler ABI info - done
[0.628s] -- Detecting C compile features
[1.172s] -- Detecting C compile features - done
[1.187s] -- Check for working CXX compiler: /usr/bin/c++
[1.394s] -- Check for working CXX compiler: /usr/bin/c++ -- works
[1.395s] -- Detecting CXX compiler ABI info
[1.542s] -- Detecting CXX compiler ABI info - done
[1.554s] -- Detecting CXX compile features
[2.994s] -- Detecting CXX compile features - done
[2.996s] -- CUDA compilation status: .
[2.998s] -- Using CATKIN_DEVEL_PREFIX: /home/ros/autoware.ai/build/astar_search/devel
[2.999s] -- Using CMAKE_PREFIX_PATH: /home/ros/autoware.ai/install/autoware_msgs;/home/ros/autoware.ai/install/autoware_build_flags;/opt/ros/melodic
[2.999s] -- This workspace overlays: /home/ros/autoware.ai/install/autoware_msgs;/home/ros/autoware.ai/install/autoware_build_flags;/opt/ros/melodic
[3.036s] -- Found PythonInterp: /usr/bin/python2 (found suitable version "2.7.17", minimum required is "2") 
[3.037s] -- Using PYTHON_EXECUTABLE: /usr/bin/python2
[3.037s] -- Using Debian Python package layout
[3.038s] -- Using empy: /usr/bin/empy
[3.448s] -- Using CATKIN_ENABLE_TESTING: ON
[3.449s] -- Call enable_testing()
[3.451s] -- Using CATKIN_TEST_RESULTS_DIR: /home/ros/autoware.ai/build/astar_search/test_results
[3.475s] -- Found gtest sources under '/usr/src/googletest': gtests will be built
[3.476s] -- Found gmock sources under '/usr/src/googletest': gmock will be built
[3.516s] -- Found PythonInterp: /usr/bin/python2 (found version "2.7.17") 
[3.516s] -- Looking for pthread.h
[3.665s] -- Looking for pthread.h - found
[3.665s] -- Looking for pthread_create
[3.849s] -- Looking for pthread_create - not found
[3.850s] -- Looking for pthread_create in pthreads
[4.033s] -- Looking for pthread_create in pthreads - not found
[4.033s] -- Looking for pthread_create in pthread
[4.153s] -- Looking for pthread_create in pthread - found
[4.154s] -- Found Threads: TRUE  
[4.158s] -- Using Python nosetests: /usr/bin/nosetests-2.7
[4.221s] -- catkin 0.7.29
[4.221s] -- BUILD_SHARED_LIBS is on
[4.479s] -- Using these message generators: gencpp;geneus;genlisp;gennodejs;genpy
[6.441s] -- Configuring done
[6.788s] -- Generating done
[6.805s] -- Build files have been written to: /home/ros/autoware.ai/build/astar_search
[6.813s] Invoked command in '/home/ros/autoware.ai/build/astar_search' returned '0': CMAKE_PREFIX_PATH=/home/ros/autoware.ai/install/autoware_msgs:/home/ros/autoware.ai/install/autoware_build_flags:${CMAKE_PREFIX_PATH} PKG_CONFIG_PATH=/home/ros/autoware.ai/install/autoware_msgs/lib/x86_64-linux-gnu/pkgconfig:/home/ros/autoware.ai/install/autoware_msgs/lib/pkgconfig:/home/ros/autoware.ai/install/autoware_build_flags/lib/x86_64-linux-gnu/pkgconfig:/home/ros/autoware.ai/install/autoware_build_flags/lib/pkgconfig:${PKG_CONFIG_PATH} PYTHONPATH=/home/ros/autoware.ai/install/autoware_msgs/lib/python2.7/dist-packages:${PYTHONPATH} ROS_PACKAGE_PATH=/home/ros/autoware.ai/install/autoware_msgs/share:/home/ros/autoware.ai/install/autoware_build_flags/share:${ROS_PACKAGE_PATH} /usr/bin/cmake /home/ros/autoware.ai/src/autoware/core_planning/astar_search -DCMAKE_BUILD_TYPE=Release -DCATKIN_INSTALL_INTO_PREFIX_ROOT=0 -DCMAKE_INSTALL_PREFIX=/home/ros/autoware.ai/install/astar_search
[6.817s] Invoking command in '/home/ros/autoware.ai/build/astar_search': CMAKE_PREFIX_PATH=/home/ros/autoware.ai/install/autoware_msgs:/home/ros/autoware.ai/install/autoware_build_flags:${CMAKE_PREFIX_PATH} PKG_CONFIG_PATH=/home/ros/autoware.ai/install/autoware_msgs/lib/x86_64-linux-gnu/pkgconfig:/home/ros/autoware.ai/install/autoware_msgs/lib/pkgconfig:/home/ros/autoware.ai/install/autoware_build_flags/lib/x86_64-linux-gnu/pkgconfig:/home/ros/autoware.ai/install/autoware_build_flags/lib/pkgconfig:${PKG_CONFIG_PATH} PYTHONPATH=/home/ros/autoware.ai/install/autoware_msgs/lib/python2.7/dist-packages:${PYTHONPATH} ROS_PACKAGE_PATH=/home/ros/autoware.ai/install/autoware_msgs/share:/home/ros/autoware.ai/install/autoware_build_flags/share:${ROS_PACKAGE_PATH} /usr/bin/cmake --build /home/ros/autoware.ai/build/astar_search -- -j12 -l12
[6.945s] [35m[1mScanning dependencies of target tf2_msgs_generate_messages_py[0m
[6.949s] [35m[1mScanning dependencies of target std_srvs_generate_messages_lisp[0m
[6.960s] [35m[1mScanning dependencies of target tf2_msgs_generate_messages_nodejs[0m
[6.974s] [35m[1mScanning dependencies of target tf2_msgs_generate_messages_cpp[0m
[7.001s] [35m[1mScanning dependencies of target tf2_msgs_generate_messages_eus[0m
[7.049s] [  0%] Built target tf2_msgs_generate_messages_cpp
[7.050s] [  0%] Built target tf2_msgs_generate_messages_nodejs
[7.060s] [  0%] Built target tf2_msgs_generate_messages_py
[7.064s] [  0%] Built target std_srvs_generate_messages_lisp
[7.088s] [  0%] Built target tf2_msgs_generate_messages_eus
[7.089s] [35m[1mScanning dependencies of target sensor_msgs_generate_messages_nodejs[0m
[7.097s] [35m[1mScanning dependencies of target topic_tools_generate_messages_cpp[0m
[7.109s] [35m[1mScanning dependencies of target topic_tools_generate_messages_eus[0m
[7.119s] [35m[1mScanning dependencies of target geometry_msgs_generate_messages_py[0m
[7.137s] [  0%] Built target sensor_msgs_generate_messages_nodejs
[7.169s] [  0%] Built target topic_tools_generate_messages_cpp
[7.181s] [  0%] Built target topic_tools_generate_messages_eus
[7.193s] [  0%] Built target geometry_msgs_generate_messages_py
[7.201s] [35m[1mScanning dependencies of target roscpp_generate_messages_cpp[0m
[7.244s] [35m[1mScanning dependencies of target pcl_msgs_generate_messages_eus[0m
[7.246s] [35m[1mScanning dependencies of target jsk_recognition_msgs_generate_messages_lisp[0m
[7.257s] [35m[1mScanning dependencies of target rosgraph_msgs_generate_messages_eus[0m
[7.271s] [35m[1mScanning dependencies of target jsk_recognition_msgs_generate_messages_eus[0m
[7.276s] [  0%] Built target roscpp_generate_messages_cpp
[7.329s] [  0%] Built target jsk_recognition_msgs_generate_messages_lisp
[7.336s] [  0%] Built target pcl_msgs_generate_messages_eus
[7.348s] [  0%] Built target rosgraph_msgs_generate_messages_eus
[7.353s] [35m[1mScanning dependencies of target std_msgs_generate_messages_py[0m
[7.358s] [  0%] Built target jsk_recognition_msgs_generate_messages_eus
[7.371s] [35m[1mScanning dependencies of target std_msgs_generate_messages_nodejs[0m
[7.384s] [  0%] Built target std_msgs_generate_messages_py
[7.394s] [35m[1mScanning dependencies of target bond_generate_messages_lisp[0m
[7.401s] [35m[1mScanning dependencies of target sensor_msgs_generate_messages_cpp[0m
[7.409s] [  0%] Built target std_msgs_generate_messages_nodejs
[7.426s] [35m[1mScanning dependencies of target sensor_msgs_generate_messages_eus[0m
[7.482s] [35m[1mScanning dependencies of target autoware_msgs_generate_messages_cpp[0m
[7.484s] [  0%] Built target bond_generate_messages_lisp
[7.487s] [35m[1mScanning dependencies of target tf_generate_messages_py[0m
[7.487s] [  0%] Built target sensor_msgs_generate_messages_cpp
[7.505s] [35m[1mScanning dependencies of target dynamic_reconfigure_generate_messages_cpp[0m
[7.513s] [  0%] Built target sensor_msgs_generate_messages_eus
[7.543s] [  0%] Built target tf_generate_messages_py
[7.553s] [35m[1mScanning dependencies of target rosgraph_msgs_generate_messages_cpp[0m
[7.557s] [  0%] Built target autoware_msgs_generate_messages_cpp
[7.560s] [35m[1mScanning dependencies of target pcl_msgs_generate_messages_nodejs[0m
[7.570s] [  0%] Built target dynamic_reconfigure_generate_messages_cpp
[7.588s] [35m[1mScanning dependencies of target nodelet_generate_messages_nodejs[0m
[7.601s] [  0%] Built target pcl_msgs_generate_messages_nodejs
[7.627s] [  0%] Built target rosgraph_msgs_generate_messages_cpp
[7.628s] [35m[1mScanning dependencies of target sensor_msgs_generate_messages_lisp[0m
[7.628s] [35m[1mScanning dependencies of target jsk_recognition_msgs_generate_messages_py[0m
[7.653s] [  0%] Built target nodelet_generate_messages_nodejs
[7.663s] [35m[1mScanning dependencies of target jsk_footstep_msgs_generate_messages_py[0m
[7.671s] [  0%] Built target sensor_msgs_generate_messages_lisp
[7.671s] [35m[1mScanning dependencies of target std_msgs_generate_messages_cpp[0m
[7.686s] [35m[1mScanning dependencies of target sensor_msgs_generate_messages_py[0m
[7.693s] [  0%] Built target jsk_recognition_msgs_generate_messages_py
[7.716s] [  0%] Built target jsk_footstep_msgs_generate_messages_py
[7.741s] [  0%] Built target std_msgs_generate_messages_cpp
[7.764s] [  0%] Built target sensor_msgs_generate_messages_py
[7.766s] [35m[1mScanning dependencies of target nodelet_generate_messages_py[0m
[7.795s] [35m[1mScanning dependencies of target geometry_msgs_generate_messages_eus[0m
[7.798s] [35m[1mScanning dependencies of target std_msgs_generate_messages_lisp[0m
[7.810s] [35m[1mScanning dependencies of target roscpp_generate_messages_nodejs[0m
[7.812s] [  0%] Built target nodelet_generate_messages_py
[7.865s] [35m[1mScanning dependencies of target geometry_msgs_generate_messages_nodejs[0m
[7.869s] [35m[1mScanning dependencies of target actionlib_generate_messages_eus[0m
[7.886s] [  0%] Built target geometry_msgs_generate_messages_eus
[7.887s] [35m[1mScanning dependencies of target std_srvs_generate_messages_py[0m
[7.924s] [35m[1mScanning dependencies of target pcl_msgs_generate_messages_py[0m
[7.944s] [  0%] Built target roscpp_generate_messages_nodejs
[7.945s] [  0%] Built target std_msgs_generate_messages_lisp
[7.952s] [35m[1mScanning dependencies of target topic_tools_generate_messages_nodejs[0m
[7.959s] [35m[1mScanning dependencies of target tf_generate_messages_lisp[0m
[7.965s] [  0%] Built target std_srvs_generate_messages_py
[7.970s] [  0%] Built target geometry_msgs_generate_messages_nodejs
[7.997s] [  0%] Built target actionlib_generate_messages_eus
[8.035s] [35m[1mScanning dependencies of target geometry_msgs_generate_messages_lisp[0m
[8.047s] [35m[1mScanning dependencies of target actionlib_generate_messages_lisp[0m
[8.047s] [  0%] Built target pcl_msgs_generate_messages_py
[8.047s] [35m[1mScanning dependencies of target geometry_msgs_generate_messages_cpp[0m
[8.047s] [  0%] Built target topic_tools_generate_messages_nodejs
[8.063s] [  0%] Built target tf_generate_messages_lisp
[8.067s] [35m[1mScanning dependencies of target dynamic_reconfigure_generate_messages_lisp[0m
[8.067s] [35m[1mScanning dependencies of target pcl_msgs_generate_messages_cpp[0m
[8.096s] [  0%] Built target geometry_msgs_generate_messages_lisp
[8.134s] [35m[1mScanning dependencies of target jsk_recognition_msgs_generate_messages_cpp[0m
[8.135s] [35m[1mScanning dependencies of target topic_tools_generate_messages_lisp[0m
[8.138s] [  0%] Built target dynamic_reconfigure_generate_messages_lisp
[8.177s] [35m[1mScanning dependencies of target autoware_msgs_generate_messages_eus[0m
[8.177s] [35m[1mScanning dependencies of target autoware_msgs_generate_messages_lisp[0m
[8.180s] [  0%] Built target actionlib_generate_messages_lisp
[8.181s] [  0%] Built target geometry_msgs_generate_messages_cpp
[8.182s] [  0%] Built target pcl_msgs_generate_messages_cpp
[8.204s] [35m[1mScanning dependencies of target autoware_msgs_generate_messages_py[0m
[8.210s] [  0%] Built target topic_tools_generate_messages_lisp
[8.210s] [  0%] Built target jsk_recognition_msgs_generate_messages_cpp
[8.263s] [  0%] Built target autoware_msgs_generate_messages_lisp
[8.263s] [35m[1mScanning dependencies of target tf_generate_messages_cpp[0m
[8.263s] [35m[1mScanning dependencies of target actionlib_generate_messages_nodejs[0m
[8.269s] [35m[1mScanning dependencies of target nodelet_generate_messages_lisp[0m
[8.271s] [  0%] Built target autoware_msgs_generate_messages_eus
[8.296s] [  0%] Built target autoware_msgs_generate_messages_py
[8.307s] [35m[1mScanning dependencies of target pcl_msgs_generate_messages_lisp[0m
[8.310s] [35m[1mScanning dependencies of target std_msgs_generate_messages_eus[0m
[8.364s] [35m[1mScanning dependencies of target autoware_msgs_generate_messages_nodejs[0m
[8.364s] [  0%] Built target actionlib_generate_messages_nodejs
[8.365s] [  0%] Built target tf_generate_messages_cpp
[8.372s] [35m[1mScanning dependencies of target jsk_footstep_msgs_generate_messages_eus[0m
[8.373s] [  0%] Built target nodelet_generate_messages_lisp
[8.377s] [  0%] Built target std_msgs_generate_messages_eus
[8.379s] [35m[1mScanning dependencies of target actionlib_msgs_generate_messages_py[0m
[8.405s] [  0%] Built target pcl_msgs_generate_messages_lisp
[8.409s] [35m[1mScanning dependencies of target jsk_footstep_msgs_generate_messages_lisp[0m
[8.435s] [35m[1mScanning dependencies of target tf_generate_messages_nodejs[0m
[8.438s] [35m[1mScanning dependencies of target jsk_footstep_msgs_generate_messages_cpp[0m
[8.445s] [  0%] Built target actionlib_msgs_generate_messages_py
[8.480s] [35m[1mScanning dependencies of target actionlib_msgs_generate_messages_cpp[0m
[8.480s] [  0%] Built target autoware_msgs_generate_messages_nodejs
[8.483s] [35m[1mScanning dependencies of target tf_generate_messages_eus[0m
[8.483s] [  0%] Built target jsk_footstep_msgs_generate_messages_eus
[8.503s] [  0%] Built target jsk_footstep_msgs_generate_messages_lisp
[8.524s] [  0%] Built target jsk_footstep_msgs_generate_messages_cpp
[8.542s] [35m[1mScanning dependencies of target std_srvs_generate_messages_cpp[0m
[8.544s] [  0%] Built target tf_generate_messages_nodejs
[8.547s] [  0%] Built target actionlib_msgs_generate_messages_cpp
[8.561s] [35m[1mScanning dependencies of target actionlib_msgs_generate_messages_lisp[0m
[8.562s] [35m[1mScanning dependencies of target pcl_ros_gencfg[0m
[8.581s] [  0%] Built target tf_generate_messages_eus
[8.581s] [35m[1mScanning dependencies of target dynamic_reconfigure_generate_messages_eus[0m
[8.595s] [35m[1mScanning dependencies of target dynamic_reconfigure_generate_messages_nodejs[0m
[8.626s] [35m[1mScanning dependencies of target dynamic_reconfigure_generate_messages_py[0m
[8.632s] [  0%] Built target std_srvs_generate_messages_cpp
[8.643s] [  0%] Built target actionlib_msgs_generate_messages_lisp
[8.644s] [35m[1mScanning dependencies of target tf2_msgs_generate_messages_lisp[0m
[8.651s] [  0%] Built target pcl_ros_gencfg
[8.675s] [  0%] Built target dynamic_reconfigure_generate_messages_eus
[8.683s] [35m[1mScanning dependencies of target dynamic_reconfigure_gencfg[0m
[8.697s] [  0%] Built target dynamic_reconfigure_generate_messages_nodejs
[8.724s] [  0%] Built target tf2_msgs_generate_messages_lisp
[8.731s] [35m[1mScanning dependencies of target jsk_recognition_msgs_generate_messages_nodejs[0m
[8.731s] [35m[1mScanning dependencies of target roscpp_generate_messages_lisp[0m
[8.758s] [  0%] Built target dynamic_reconfigure_generate_messages_py
[8.758s] [35m[1mScanning dependencies of target bond_generate_messages_eus[0m
[8.765s] [35m[1mScanning dependencies of target std_srvs_generate_messages_eus[0m
[8.781s] [  0%] Built target std_srvs_generate_messages_eus
[8.783s] [  0%] Built target dynamic_reconfigure_gencfg
[8.789s] [35m[1mScanning dependencies of target roscpp_generate_messages_py[0m
[8.793s] [35m[1mScanning dependencies of target rosgraph_msgs_generate_messages_lisp[0m
[8.804s] [  0%] Built target roscpp_generate_messages_lisp
[8.820s] [35m[1mScanning dependencies of target rosgraph_msgs_generate_messages_nodejs[0m
[8.829s] [  0%] Built target rosgraph_msgs_generate_messages_lisp
[8.829s] [  0%] Built target jsk_recognition_msgs_generate_messages_nodejs
[8.832s] [  0%] Built target bond_generate_messages_eus
[8.836s] [35m[1mScanning dependencies of target roscpp_generate_messages_eus[0m
[8.837s] [35m[1mScanning dependencies of target actionlib_msgs_generate_messages_eus[0m
[8.857s] [  0%] Built target roscpp_generate_messages_py
[8.870s] [35m[1mScanning dependencies of target rosgraph_msgs_generate_messages_py[0m
[8.875s] [  0%] Built target rosgraph_msgs_generate_messages_nodejs
[8.877s] [  0%] Built target actionlib_msgs_generate_messages_eus
[8.886s] [35m[1mScanning dependencies of target std_srvs_generate_messages_nodejs[0m
[8.889s] [  0%] Built target roscpp_generate_messages_eus
[8.892s] [35m[1mScanning dependencies of target actionlib_generate_messages_cpp[0m
[8.898s] [35m[1mScanning dependencies of target nodelet_generate_messages_cpp[0m
[8.899s] [35m[1mScanning dependencies of target nodelet_generate_messages_eus[0m
[8.902s] [35m[1mScanning dependencies of target jsk_footstep_msgs_generate_messages_nodejs[0m
[8.908s] [35m[1mScanning dependencies of target bond_generate_messages_py[0m
[8.917s] [  0%] Built target rosgraph_msgs_generate_messages_py
[8.934s] [35m[1mScanning dependencies of target bond_generate_messages_cpp[0m
[8.939s] [35m[1mScanning dependencies of target actionlib_generate_messages_py[0m
[8.955s] [  0%] Built target actionlib_generate_messages_cpp
[8.963s] [35m[1mScanning dependencies of target bond_generate_messages_nodejs[0m
[8.966s] [35m[1mScanning dependencies of target topic_tools_generate_messages_py[0m
[8.969s] [  0%] Built target std_srvs_generate_messages_nodejs
[8.975s] [  0%] Built target nodelet_generate_messages_cpp
[8.990s] [35m[1mScanning dependencies of target actionlib_msgs_generate_messages_nodejs[0m
[8.993s] [  0%] Built target bond_generate_messages_py
[8.994s] [  0%] Built target actionlib_generate_messages_py
[9.002s] [  0%] Built target jsk_footstep_msgs_generate_messages_nodejs
[9.016s] [35m[1mScanning dependencies of target nodelet_topic_tools_gencfg[0m
[9.017s] [  0%] Built target bond_generate_messages_cpp
[9.023s] [  0%] Built target nodelet_generate_messages_eus
[9.045s] [  0%] Built target topic_tools_generate_messages_py
[9.054s] [  0%] Built target nodelet_topic_tools_gencfg
[9.057s] [  0%] Built target bond_generate_messages_nodejs
[9.058s] [  0%] Built target actionlib_msgs_generate_messages_nodejs
[9.071s] [35m[1mScanning dependencies of target _catkin_empty_exported_target[0m
[9.122s] [  0%] Built target _catkin_empty_exported_target
[9.182s] [35m[1mScanning dependencies of target astar_search[0m
[9.255s] [ 33%] [32mBuilding CXX object CMakeFiles/astar_search.dir/src/astar_search.cpp.o[0m
[9.268s] [ 66%] [32mBuilding CXX object CMakeFiles/astar_search.dir/src/astar_util.cpp.o[0m
[13.677s] [100%] [32m[1mLinking CXX shared library devel/lib/libastar_search.so[0m
[14.361s] [100%] Built target astar_search
[14.382s] Invoked command in '/home/ros/autoware.ai/build/astar_search' returned '0': CMAKE_PREFIX_PATH=/home/ros/autoware.ai/install/autoware_msgs:/home/ros/autoware.ai/install/autoware_build_flags:${CMAKE_PREFIX_PATH} PKG_CONFIG_PATH=/home/ros/autoware.ai/install/autoware_msgs/lib/x86_64-linux-gnu/pkgconfig:/home/ros/autoware.ai/install/autoware_msgs/lib/pkgconfig:/home/ros/autoware.ai/install/autoware_build_flags/lib/x86_64-linux-gnu/pkgconfig:/home/ros/autoware.ai/install/autoware_build_flags/lib/pkgconfig:${PKG_CONFIG_PATH} PYTHONPATH=/home/ros/autoware.ai/install/autoware_msgs/lib/python2.7/dist-packages:${PYTHONPATH} ROS_PACKAGE_PATH=/home/ros/autoware.ai/install/autoware_msgs/share:/home/ros/autoware.ai/install/autoware_build_flags/share:${ROS_PACKAGE_PATH} /usr/bin/cmake --build /home/ros/autoware.ai/build/astar_search -- -j12 -l12
[16.507s] Invoking command in '/home/ros/autoware.ai/build/astar_search': CMAKE_PREFIX_PATH=/home/ros/autoware.ai/install/autoware_msgs:/home/ros/autoware.ai/install/autoware_build_flags:${CMAKE_PREFIX_PATH} PKG_CONFIG_PATH=/home/ros/autoware.ai/install/autoware_msgs/lib/x86_64-linux-gnu/pkgconfig:/home/ros/autoware.ai/install/autoware_msgs/lib/pkgconfig:/home/ros/autoware.ai/install/autoware_build_flags/lib/x86_64-linux-gnu/pkgconfig:/home/ros/autoware.ai/install/autoware_build_flags/lib/pkgconfig:${PKG_CONFIG_PATH} PYTHONPATH=/home/ros/autoware.ai/install/autoware_msgs/lib/python2.7/dist-packages:${PYTHONPATH} ROS_PACKAGE_PATH=/home/ros/autoware.ai/install/autoware_msgs/share:/home/ros/autoware.ai/install/autoware_build_flags/share:${ROS_PACKAGE_PATH} /usr/bin/cmake --build /home/ros/autoware.ai/build/astar_search --target tests -- -j12 -l12
[16.676s] [35m[1mScanning dependencies of target gtest[0m
[16.717s] [ 10%] [32mBuilding CXX object gtest/googlemock/gtest/CMakeFiles/gtest.dir/src/gtest-all.cc.o[0m
[23.104s] [ 20%] [32m[1mLinking CXX shared library libgtest.so[0m
[23.323s] [ 20%] Built target gtest
[23.423s] [ 20%] Built target topic_tools_generate_messages_eus
[23.474s] [ 20%] Built target topic_tools_generate_messages_cpp
[23.524s] [ 20%] Built target std_srvs_generate_messages_py
[23.582s] [ 20%] Built target geometry_msgs_generate_messages_py
[23.634s] [ 20%] Built target sensor_msgs_generate_messages_nodejs
[23.739s] [ 20%] Built target roscpp_generate_messages_cpp
[23.791s] [ 20%] Built target pcl_msgs_generate_messages_eus
[23.857s] [ 20%] Built target rosgraph_msgs_generate_messages_eus
[23.929s] [ 20%] Built target jsk_recognition_msgs_generate_messages_lisp
[23.979s] [ 20%] Built target jsk_recognition_msgs_generate_messages_eus
[24.019s] [ 20%] Built target std_msgs_generate_messages_py
[24.066s] [ 20%] Built target std_msgs_generate_messages_nodejs
[24.112s] [ 20%] Built target bond_generate_messages_lisp
[24.144s] [ 20%] Built target sensor_msgs_generate_messages_eus
[24.188s] [ 20%] Built target sensor_msgs_generate_messages_cpp
[24.238s] [ 20%] Built target autoware_msgs_generate_messages_cpp
[24.280s] [ 20%] Built target tf_generate_messages_py
[24.326s] [ 20%] Built target dynamic_reconfigure_generate_messages_cpp
[24.363s] [ 20%] Built target rosgraph_msgs_generate_messages_cpp
[24.400s] [ 20%] Built target pcl_msgs_generate_messages_nodejs
[24.437s] [ 20%] Built target nodelet_generate_messages_nodejs
[24.486s] [ 20%] Built target jsk_recognition_msgs_generate_messages_py
[24.520s] [ 20%] Built target sensor_msgs_generate_messages_lisp
[24.577s] [ 20%] Built target std_msgs_generate_messages_cpp
[24.616s] [ 20%] Built target jsk_footstep_msgs_generate_messages_py
[24.653s] [ 20%] Built target sensor_msgs_generate_messages_py
[24.696s] [ 20%] Built target nodelet_generate_messages_py
[24.733s] [ 20%] Built target geometry_msgs_generate_messages_eus
[24.777s] [ 20%] Built target std_msgs_generate_messages_lisp
[24.832s] [ 20%] Built target roscpp_generate_messages_nodejs
[24.872s] [ 20%] Built target geometry_msgs_generate_messages_nodejs
[24.906s] [ 20%] Built target actionlib_generate_messages_eus
[24.940s] [ 20%] Built target pcl_msgs_generate_messages_py
[24.982s] [ 20%] Built target geometry_msgs_generate_messages_lisp
[25.027s] [ 20%] Built target actionlib_generate_messages_lisp
[25.102s] [ 20%] Built target geometry_msgs_generate_messages_cpp
[25.182s] [ 20%] Built target pcl_msgs_generate_messages_cpp
[25.247s] [ 20%] Built target dynamic_reconfigure_generate_messages_lisp
[25.303s] [ 20%] Built target topic_tools_generate_messages_lisp
[25.349s] [ 20%] Built target jsk_recognition_msgs_generate_messages_cpp
[25.393s] [ 20%] Built target autoware_msgs_generate_messages_eus
[25.436s] [ 20%] Built target autoware_msgs_generate_messages_lisp
[25.478s] [ 20%] Built target autoware_msgs_generate_messages_py
[25.518s] [ 20%] Built target nodelet_generate_messages_lisp
[25.559s] [ 20%] Built target actionlib_generate_messages_nodejs
[25.594s] [ 20%] Built target tf_generate_messages_cpp
[25.646s] [ 20%] Built target pcl_msgs_generate_messages_lisp
[25.704s] [ 20%] Built target std_msgs_generate_messages_eus
[25.749s] [ 20%] Built target autoware_msgs_generate_messages_nodejs
[25.805s] [ 20%] Built target jsk_footstep_msgs_generate_messages_eus
[25.868s] [ 20%] Built target actionlib_msgs_generate_messages_py
[25.914s] [ 20%] Built target jsk_footstep_msgs_generate_messages_lisp
[25.959s] [ 20%] Built target jsk_footstep_msgs_generate_messages_nodejs
[25.992s] [ 20%] Built target tf_generate_messages_eus
[26.036s] [ 20%] Built target jsk_footstep_msgs_generate_messages_cpp
[26.069s] [ 20%] Built target actionlib_msgs_generate_messages_cpp
[26.150s] [ 20%] Built target std_srvs_generate_messages_cpp
[26.195s] [ 20%] Built target actionlib_msgs_generate_messages_lisp
[26.305s] [ 20%] Built target pcl_ros_gencfg
[26.404s] [ 20%] Built target dynamic_reconfigure_generate_messages_eus
[26.473s] [ 20%] Built target dynamic_reconfigure_generate_messages_nodejs
[26.608s] [ 20%] Built target dynamic_reconfigure_generate_messages_py
[26.666s] [ 20%] Built target tf2_msgs_generate_messages_lisp
[26.706s] [ 20%] Built target dynamic_reconfigure_gencfg
[26.770s] [ 20%] Built target jsk_recognition_msgs_generate_messages_nodejs
[26.821s] [ 20%] Built target std_srvs_generate_messages_eus
[26.883s] [ 20%] Built target roscpp_generate_messages_lisp
[26.916s] [ 20%] Built target bond_generate_messages_eus
[26.955s] [ 20%] Built target roscpp_generate_messages_py
[26.984s] [ 20%] Built target rosgraph_msgs_generate_messages_lisp
[27.040s] [ 20%] Built target rosgraph_msgs_generate_messages_nodejs
[27.103s] [ 20%] Built target roscpp_generate_messages_eus
[27.173s] [ 20%] Built target actionlib_msgs_generate_messages_eus
[27.234s] [ 20%] Built target rosgraph_msgs_generate_messages_py
[27.270s] [ 20%] Built target nodelet_generate_messages_cpp
[27.329s] [ 20%] Built target bond_generate_messages_py
[27.427s] [ 20%] Built target std_srvs_generate_messages_nodejs
[27.529s] [ 20%] Built target nodelet_generate_messages_eus
[27.631s] [ 20%] Built target bond_generate_messages_cpp
[27.666s] [ 20%] Built target bond_generate_messages_nodejs
[27.747s] [ 20%] Built target topic_tools_generate_messages_py
[27.820s] [ 20%] Built target actionlib_msgs_generate_messages_nodejs
[27.894s] [ 20%] Built target nodelet_topic_tools_gencfg
[27.938s] [ 20%] Built target _catkin_empty_exported_target
[28.012s] [ 20%] Built target topic_tools_generate_messages_nodejs
[28.072s] [ 20%] Built target tf_generate_messages_lisp
[28.099s] [ 20%] Built target tf_generate_messages_nodejs
[28.143s] [ 20%] Built target actionlib_generate_messages_cpp
[28.213s] [ 20%] Built target actionlib_generate_messages_py
[28.260s] [ 20%] Built target tf2_msgs_generate_messages_py
[28.313s] [ 20%] Built target tf2_msgs_generate_messages_cpp
[28.358s] [ 20%] Built target tf2_msgs_generate_messages_eus
[28.388s] [ 20%] Built target tf2_msgs_generate_messages_nodejs
[28.428s] [ 20%] Built target std_srvs_generate_messages_lisp
[28.490s] [ 50%] Built target astar_search
[28.513s] [35m[1mScanning dependencies of target astar_search-test[0m
[28.582s] [ 60%] [32mBuilding CXX object CMakeFiles/astar_search-test.dir/test/src/test_main.cpp.o[0m
[30.706s] [ 70%] [32mBuilding CXX object CMakeFiles/astar_search-test.dir/test/src/test_class.cpp.o[0m
[33.740s] [01m[K/home/ros/autoware.ai/src/autoware/core_planning/astar_search/test/src/test_class.cpp:[m[K In constructor ‘[01m[KTestClass::TestClass()[m[K’:
[33.740s] [01m[K/home/ros/autoware.ai/src/autoware/core_planning/astar_search/test/src/test_class.cpp:54:25:[m[K [01;35m[Kwarning: [m[Kcomparison between signed and unsigned integer expressions [[01;35m[K-Wsign-compare[m[K]
[33.740s]    for (int idx = 0; [01;35m[Kidx < costmap_.info.width*costmap_.info.height[m[K; ++idx)
[33.740s]                      [01;35m[K~~~~^~~~~~~~~~~~~~~~~~~~~~~~~~~~~~~~~~~~~~~~~~[m[K
[33.740s] [01m[K/home/ros/autoware.ai/src/autoware/core_planning/astar_search/test/src/test_class.cpp:60:25:[m[K [01;35m[Kwarning: [m[Kcomparison between signed and unsigned integer expressions [[01;35m[K-Wsign-compare[m[K]
[33.741s]    for (int row = 0; [01;35m[Krow < costmap_.info.height[m[K; ++row)
[33.741s]                      [01;35m[K~~~~^~~~~~~~~~~~~~~~~~~~~~[m[K
[33.741s] [01m[K/home/ros/autoware.ai/src/autoware/core_planning/astar_search/test/src/test_class.cpp:62:27:[m[K [01;35m[Kwarning: [m[Kcomparison between signed and unsigned integer expressions [[01;35m[K-Wsign-compare[m[K]
[33.741s]      for (int col = 0; [01;35m[Kcol < costmap_.info.width[m[K; ++col)
[33.741s]                        [01;35m[K~~~~^~~~~~~~~~~~~~~~~~~~~[m[K
[34.449s] [ 80%] [32mBuilding CXX object CMakeFiles/astar_search-test.dir/test/src/test_astar_search.cpp.o[0m
[37.359s] [01m[K/home/ros/autoware.ai/src/autoware/core_planning/astar_search/test/src/test_astar_search.cpp:[m[K In member function ‘[01m[Kvirtual void TestSuite_checkSetPath_Test::TestBody()[m[K’:
[37.359s] [01m[K/home/ros/autoware.ai/src/autoware/core_planning/astar_search/test/src/test_astar_search.cpp:143:25:[m[K [01;35m[Kwarning: [m[Kcomparison between signed and unsigned integer expressions [[01;35m[K-Wsign-compare[m[K]
[37.359s]    for (int row = 0; [01;35m[Krow < test_obj_.costmap_.info.height[m[K; ++row)
[37.359s]                      [01;35m[K~~~~^~~~~~~~~~~~~~~~~~~~~~~~~~~~~~~~[m[K
[37.360s] [01m[K/home/ros/autoware.ai/src/autoware/core_planning/astar_search/test/src/test_astar_search.cpp:145:27:[m[K [01;35m[Kwarning: [m[Kcomparison between signed and unsigned integer expressions [[01;35m[K-Wsign-compare[m[K]
[37.360s]      for (int col = 0; [01;35m[Kcol < test_obj_.costmap_.info.width[m[K; ++col)
[37.360s]                        [01;35m[K~~~~^~~~~~~~~~~~~~~~~~~~~~~~~~~~~~~[m[K
[37.514s] In file included from [01m[K/home/ros/autoware.ai/src/autoware/core_planning/astar_search/test/src/test_astar_search.cpp:18:0[m[K:
[37.515s] /usr/src/googletest/googletest/include/gtest/gtest.h: In instantiation of ‘[01m[Ktesting::AssertionResult testing::internal::CmpHelperEQ(const char*, const char*, const T1&, const T2&) [with T1 = int; T2 = unsigned int][m[K’:
[37.515s] [01m[K/usr/src/googletest/googletest/include/gtest/gtest.h:1421:23:[m[K   required from ‘[01m[Kstatic testing::AssertionResult testing::internal::EqHelper<lhs_is_null_literal>::Compare(const char*, const char*, const T1&, const T2&) [with T1 = int; T2 = unsigned int; bool lhs_is_null_literal = false][m[K’
[37.515s] [01m[K/home/ros/autoware.ai/src/autoware/core_planning/astar_search/test/src/test_astar_search.cpp:30:3:[m[K   required from here
[37.515s] [01m[K/usr/src/googletest/googletest/include/gtest/gtest.h:1392:11:[m[K [01;35m[Kwarning: [m[Kcomparison between signed and unsigned integer expressions [[01;35m[K-Wsign-compare[m[K]
[37.516s]    if ([01;35m[Klhs == rhs[m[K) {
[37.516s]        [01;35m[K~~~~^~~~~~[m[K
[38.626s] [ 90%] [32mBuilding CXX object CMakeFiles/astar_search-test.dir/test/src/test_astar_util.cpp.o[0m
[43.161s] [100%] [32m[1mLinking CXX executable devel/lib/astar_search/astar_search-test[0m
[44.340s] [100%] Built target astar_search-test
[44.383s] [35m[1mScanning dependencies of target tests[0m
[44.422s] [100%] Built target tests
[44.447s] Invoked command in '/home/ros/autoware.ai/build/astar_search' returned '0': CMAKE_PREFIX_PATH=/home/ros/autoware.ai/install/autoware_msgs:/home/ros/autoware.ai/install/autoware_build_flags:${CMAKE_PREFIX_PATH} PKG_CONFIG_PATH=/home/ros/autoware.ai/install/autoware_msgs/lib/x86_64-linux-gnu/pkgconfig:/home/ros/autoware.ai/install/autoware_msgs/lib/pkgconfig:/home/ros/autoware.ai/install/autoware_build_flags/lib/x86_64-linux-gnu/pkgconfig:/home/ros/autoware.ai/install/autoware_build_flags/lib/pkgconfig:${PKG_CONFIG_PATH} PYTHONPATH=/home/ros/autoware.ai/install/autoware_msgs/lib/python2.7/dist-packages:${PYTHONPATH} ROS_PACKAGE_PATH=/home/ros/autoware.ai/install/autoware_msgs/share:/home/ros/autoware.ai/install/autoware_build_flags/share:${ROS_PACKAGE_PATH} /usr/bin/cmake --build /home/ros/autoware.ai/build/astar_search --target tests -- -j12 -l12
[44.941s] Invoking command in '/home/ros/autoware.ai/build/astar_search': CMAKE_PREFIX_PATH=/home/ros/autoware.ai/install/autoware_msgs:/home/ros/autoware.ai/install/autoware_build_flags:${CMAKE_PREFIX_PATH} PKG_CONFIG_PATH=/home/ros/autoware.ai/install/autoware_msgs/lib/x86_64-linux-gnu/pkgconfig:/home/ros/autoware.ai/install/autoware_msgs/lib/pkgconfig:/home/ros/autoware.ai/install/autoware_build_flags/lib/x86_64-linux-gnu/pkgconfig:/home/ros/autoware.ai/install/autoware_build_flags/lib/pkgconfig:${PKG_CONFIG_PATH} PYTHONPATH=/home/ros/autoware.ai/install/autoware_msgs/lib/python2.7/dist-packages:${PYTHONPATH} ROS_PACKAGE_PATH=/home/ros/autoware.ai/install/autoware_msgs/share:/home/ros/autoware.ai/install/autoware_build_flags/share:${ROS_PACKAGE_PATH} /usr/bin/cmake --build /home/ros/autoware.ai/build/astar_search --target install -- -j12 -l12
[45.043s] [  0%] Built target std_srvs_generate_messages_lisp
[45.111s] [  0%] Built target topic_tools_generate_messages_cpp
[45.167s] [  0%] Built target std_srvs_generate_messages_py
[45.238s] [  0%] Built target geometry_msgs_generate_messages_py
[45.290s] [  0%] Built target sensor_msgs_generate_messages_nodejs
[45.316s] [  0%] Built target roscpp_generate_messages_cpp
[45.352s] [  0%] Built target pcl_msgs_generate_messages_eus
[45.383s] [  0%] Built target rosgraph_msgs_generate_messages_eus
[45.426s] [  0%] Built target jsk_recognition_msgs_generate_messages_lisp
[45.460s] [  0%] Built target jsk_recognition_msgs_generate_messages_eus
[45.522s] [  0%] Built target std_msgs_generate_messages_py
[45.618s] [  0%] Built target std_msgs_generate_messages_nodejs
[45.664s] [  0%] Built target bond_generate_messages_lisp
[45.705s] [  0%] Built target sensor_msgs_generate_messages_eus
[45.749s] [  0%] Built target sensor_msgs_generate_messages_cpp
[45.776s] [  0%] Built target autoware_msgs_generate_messages_cpp
[45.808s] [  0%] Built target tf_generate_messages_py
[45.862s] [  0%] Built target dynamic_reconfigure_generate_messages_cpp
[45.902s] [  0%] Built target rosgraph_msgs_generate_messages_cpp
[45.932s] [  0%] Built target pcl_msgs_generate_messages_nodejs
[45.967s] [  0%] Built target nodelet_generate_messages_nodejs
[46.002s] [  0%] Built target jsk_recognition_msgs_generate_messages_py
[46.033s] [  0%] Built target sensor_msgs_generate_messages_lisp
[46.104s] [  0%] Built target std_msgs_generate_messages_cpp
[46.163s] [  0%] Built target jsk_footstep_msgs_generate_messages_py
[46.232s] [  0%] Built target sensor_msgs_generate_messages_py
[46.308s] [  0%] Built target nodelet_generate_messages_py
[46.379s] [  0%] Built target geometry_msgs_generate_messages_eus
[46.498s] [  0%] Built target std_msgs_generate_messages_lisp
[46.616s] [  0%] Built target roscpp_generate_messages_nodejs
[46.709s] [  0%] Built target geometry_msgs_generate_messages_nodejs
[46.797s] [  0%] Built target actionlib_generate_messages_eus
[46.897s] [  0%] Built target pcl_msgs_generate_messages_py
[46.983s] [  0%] Built target geometry_msgs_generate_messages_lisp
[47.063s] [  0%] Built target actionlib_generate_messages_lisp
[47.163s] [  0%] Built target geometry_msgs_generate_messages_cpp
[47.228s] [  0%] Built target pcl_msgs_generate_messages_cpp
[47.278s] [  0%] Built target dynamic_reconfigure_generate_messages_lisp
[47.328s] [  0%] Built target topic_tools_generate_messages_lisp
[47.366s] [  0%] Built target jsk_recognition_msgs_generate_messages_cpp
[47.398s] [  0%] Built target autoware_msgs_generate_messages_eus
[47.442s] [  0%] Built target autoware_msgs_generate_messages_lisp
[47.501s] [  0%] Built target autoware_msgs_generate_messages_py
[47.577s] [  0%] Built target nodelet_generate_messages_lisp
[47.658s] [  0%] Built target actionlib_generate_messages_nodejs
[47.737s] [  0%] Built target tf_generate_messages_cpp
[47.811s] [  0%] Built target pcl_msgs_generate_messages_lisp
[47.858s] [  0%] Built target std_msgs_generate_messages_eus
[47.894s] [  0%] Built target autoware_msgs_generate_messages_nodejs
[47.928s] [  0%] Built target jsk_footstep_msgs_generate_messages_eus
[47.968s] [  0%] Built target actionlib_msgs_generate_messages_py
[48.000s] [  0%] Built target jsk_footstep_msgs_generate_messages_lisp
[48.038s] [  0%] Built target jsk_footstep_msgs_generate_messages_nodejs
[48.072s] [  0%] Built target tf_generate_messages_eus
[48.101s] [  0%] Built target jsk_footstep_msgs_generate_messages_cpp
[48.149s] [  0%] Built target actionlib_msgs_generate_messages_cpp
[48.176s] [  0%] Built target std_srvs_generate_messages_cpp
[48.212s] [  0%] Built target actionlib_msgs_generate_messages_lisp
[48.240s] [  0%] Built target pcl_ros_gencfg
[48.278s] [  0%] Built target dynamic_reconfigure_generate_messages_eus
[48.327s] [  0%] Built target dynamic_reconfigure_generate_messages_nodejs
[48.370s] [  0%] Built target dynamic_reconfigure_generate_messages_py
[48.435s] [  0%] Built target tf2_msgs_generate_messages_lisp
[48.463s] [  0%] Built target dynamic_reconfigure_gencfg
[48.513s] [  0%] Built target jsk_recognition_msgs_generate_messages_nodejs
[48.563s] [  0%] Built target std_srvs_generate_messages_eus
[48.593s] [  0%] Built target roscpp_generate_messages_lisp
[48.625s] [  0%] Built target bond_generate_messages_eus
[48.670s] [  0%] Built target roscpp_generate_messages_py
[48.749s] [  0%] Built target rosgraph_msgs_generate_messages_lisp
[48.856s] [  0%] Built target rosgraph_msgs_generate_messages_nodejs
[48.954s] [  0%] Built target roscpp_generate_messages_eus
[49.042s] [  0%] Built target actionlib_msgs_generate_messages_eus
[49.129s] [  0%] Built target rosgraph_msgs_generate_messages_py
[49.177s] [  0%] Built target nodelet_generate_messages_cpp
[49.213s] [  0%] Built target bond_generate_messages_py
[49.240s] [  0%] Built target std_srvs_generate_messages_nodejs
[49.272s] [  0%] Built target nodelet_generate_messages_eus
[49.346s] [  0%] Built target bond_generate_messages_cpp
[49.426s] [  0%] Built target bond_generate_messages_nodejs
[49.484s] [  0%] Built target topic_tools_generate_messages_py
[49.549s] [  0%] Built target actionlib_msgs_generate_messages_nodejs
[49.615s] [  0%] Built target nodelet_topic_tools_gencfg
[49.667s] [  0%] Built target _catkin_empty_exported_target
[49.719s] [  0%] Built target topic_tools_generate_messages_eus
[49.777s] [  0%] Built target topic_tools_generate_messages_nodejs
[49.848s] [  0%] Built target tf_generate_messages_lisp
[49.911s] [  0%] Built target tf_generate_messages_nodejs
[50.039s] [  0%] Built target actionlib_generate_messages_cpp
[50.111s] [  0%] Built target actionlib_generate_messages_py
[50.180s] [  0%] Built target tf2_msgs_generate_messages_py
[50.241s] [  0%] Built target tf2_msgs_generate_messages_cpp
[50.287s] [  0%] Built target tf2_msgs_generate_messages_eus
[50.361s] [  0%] Built target tf2_msgs_generate_messages_nodejs
[50.415s] [100%] Built target astar_search
[50.475s] [36mInstall the project...[0m
[50.492s] -- Install configuration: "Release"
[50.492s] -- Installing: /home/ros/autoware.ai/install/astar_search/lib/pkgconfig/astar_search.pc
[50.492s] -- Installing: /home/ros/autoware.ai/install/astar_search/share/astar_search/cmake/astar_searchConfig.cmake
[50.492s] -- Installing: /home/ros/autoware.ai/install/astar_search/share/astar_search/cmake/astar_searchConfig-version.cmake
[50.492s] -- Installing: /home/ros/autoware.ai/install/astar_search/share/astar_search/package.xml
[50.493s] -- Installing: /home/ros/autoware.ai/install/astar_search/include/astar_search
[50.493s] -- Installing: /home/ros/autoware.ai/install/astar_search/include/astar_search/astar_search.h
[50.493s] -- Installing: /home/ros/autoware.ai/install/astar_search/include/astar_search/astar_util.h
[50.494s] -- Installing: /home/ros/autoware.ai/install/astar_search/lib/libastar_search.so
[50.495s] -- Set runtime path of "/home/ros/autoware.ai/install/astar_search/lib/libastar_search.so" to ""
[50.502s] Invoked command in '/home/ros/autoware.ai/build/astar_search' returned '0': CMAKE_PREFIX_PATH=/home/ros/autoware.ai/install/autoware_msgs:/home/ros/autoware.ai/install/autoware_build_flags:${CMAKE_PREFIX_PATH} PKG_CONFIG_PATH=/home/ros/autoware.ai/install/autoware_msgs/lib/x86_64-linux-gnu/pkgconfig:/home/ros/autoware.ai/install/autoware_msgs/lib/pkgconfig:/home/ros/autoware.ai/install/autoware_build_flags/lib/x86_64-linux-gnu/pkgconfig:/home/ros/autoware.ai/install/autoware_build_flags/lib/pkgconfig:${PKG_CONFIG_PATH} PYTHONPATH=/home/ros/autoware.ai/install/autoware_msgs/lib/python2.7/dist-packages:${PYTHONPATH} ROS_PACKAGE_PATH=/home/ros/autoware.ai/install/autoware_msgs/share:/home/ros/autoware.ai/install/autoware_build_flags/share:${ROS_PACKAGE_PATH} /usr/bin/cmake --build /home/ros/autoware.ai/build/astar_search --target install -- -j12 -l12
