[35m[1mScanning dependencies of target _autoware_can_msgs_generate_messages_check_deps_CANData[0m
[35m[1mScanning dependencies of target _autoware_can_msgs_generate_messages_check_deps_CANPacket[0m
[35m[1mScanning dependencies of target std_msgs_generate_messages_eus[0m
[35m[1mScanning dependencies of target std_msgs_generate_messages_nodejs[0m
[35m[1mScanning dependencies of target std_msgs_generate_messages_cpp[0m
[35m[1mScanning dependencies of target std_msgs_generate_messages_py[0m
[  0%] Built target std_msgs_generate_messages_nodejs
[35m[1mScanning dependencies of target _autoware_can_msgs_generate_messages_check_deps_CANInfo[0m
[  0%] Built target std_msgs_generate_messages_eus
[35m[1mScanning dependencies of target std_msgs_generate_messages_lisp[0m
[  0%] Built target _autoware_can_msgs_generate_messages_check_deps_CANData
[  0%] Built target std_msgs_generate_messages_py
[  0%] Built target std_msgs_generate_messages_lisp
[  0%] Built target std_msgs_generate_messages_cpp
[  0%] Built target _autoware_can_msgs_generate_messages_check_deps_CANPacket
[  0%] Built target _autoware_can_msgs_generate_messages_check_deps_CANInfo
[35m[1mScanning dependencies of target autoware_can_msgs_generate_messages_py[0m
[35m[1mScanning dependencies of target autoware_can_msgs_generate_messages_eus[0m
[  5%] [34m[1mGenerating Python from MSG autoware_can_msgs/CANData[0m
[ 11%] [34m[1mGenerating Python from MSG autoware_can_msgs/CANPacket[0m
[ 17%] [34m[1mGenerating Python from MSG autoware_can_msgs/CANInfo[0m
[35m[1mScanning dependencies of target autoware_can_msgs_generate_messages_nodejs[0m
[35m[1mScanning dependencies of target autoware_can_msgs_generate_messages_lisp[0m
[ 23%] [34m[1mGenerating EusLisp code from autoware_can_msgs/CANData.msg[0m
[ 29%] [34m[1mGenerating EusLisp code from autoware_can_msgs/CANInfo.msg[0m
[ 47%] [34m[1mGenerating Javascript code from autoware_can_msgs/CANInfo.msg[0m
[ 35%] [34m[1mGenerating EusLisp manifest code for autoware_can_msgs[0m
[ 41%] [34m[1mGenerating EusLisp code from autoware_can_msgs/CANPacket.msg[0m
[ 52%] [34m[1mGenerating Javascript code from autoware_can_msgs/CANPacket.msg[0m
[ 58%] [34m[1mGenerating Javascript code from autoware_can_msgs/CANData.msg[0m
[35m[1mScanning dependencies of target autoware_can_msgs_generate_messages_cpp[0m
[ 64%] [34m[1mGenerating Lisp code from autoware_can_msgs/CANInfo.msg[0m
[ 70%] [34m[1mGenerating C++ code from autoware_can_msgs/CANInfo.msg[0m
[ 76%] [34m[1mGenerating C++ code from autoware_can_msgs/CANPacket.msg[0m
[ 82%] [34m[1mGenerating Lisp code from autoware_can_msgs/CANPacket.msg[0m
[ 88%] [34m[1mGenerating C++ code from autoware_can_msgs/CANData.msg[0m
[ 88%] Built target autoware_can_msgs_generate_messages_nodejs
[ 94%] [34m[1mGenerating Lisp code from autoware_can_msgs/CANData.msg[0m
[ 94%] Built target autoware_can_msgs_generate_messages_lisp
[100%] [34m[1mGenerating Python msg __init__.py for autoware_can_msgs[0m
[100%] Built target autoware_can_msgs_generate_messages_cpp
[100%] Built target autoware_can_msgs_generate_messages_py
[100%] Built target autoware_can_msgs_generate_messages_eus
[35m[1mScanning dependencies of target autoware_can_msgs_generate_messages[0m
[100%] Built target autoware_can_msgs_generate_messages
[35m[1mScanning dependencies of target tests[0m
Built target tests
[  0%] Built target std_msgs_generate_messages_nodejs
[  0%] Built target std_msgs_generate_messages_cpp
[  0%] Built target std_msgs_generate_messages_py
[  0%] Built target std_msgs_generate_messages_lisp
[  0%] Built target std_msgs_generate_messages_eus
[  0%] Built target _autoware_can_msgs_generate_messages_check_deps_CANPacket
[  0%] Built target _autoware_can_msgs_generate_messages_check_deps_CANData
[  0%] Built target _autoware_can_msgs_generate_messages_check_deps_CANInfo
[ 17%] Built target autoware_can_msgs_generate_messages_lisp
[ 35%] Built target autoware_can_msgs_generate_messages_cpp
[ 52%] Built target autoware_can_msgs_generate_messages_nodejs
[ 76%] Built target autoware_can_msgs_generate_messages_eus
[100%] Built target autoware_can_msgs_generate_messages_py
[100%] Built target autoware_can_msgs_generate_messages
[36mInstall the project...[0m
-- Install configuration: "Release"
-- Installing: /home/ros/autoware.ai/install/autoware_can_msgs/share/autoware_can_msgs/msg/CANData.msg
-- Installing: /home/ros/autoware.ai/install/autoware_can_msgs/share/autoware_can_msgs/msg/CANInfo.msg
-- Installing: /home/ros/autoware.ai/install/autoware_can_msgs/share/autoware_can_msgs/msg/CANPacket.msg
-- Installing: /home/ros/autoware.ai/install/autoware_can_msgs/share/autoware_can_msgs/cmake/autoware_can_msgs-msg-paths.cmake
-- Installing: /home/ros/autoware.ai/install/autoware_can_msgs/include/autoware_can_msgs
-- Installing: /home/ros/autoware.ai/install/autoware_can_msgs/include/autoware_can_msgs/CANInfo.h
-- Installing: /home/ros/autoware.ai/install/autoware_can_msgs/include/autoware_can_msgs/CANPacket.h
-- Installing: /home/ros/autoware.ai/install/autoware_can_msgs/include/autoware_can_msgs/CANData.h
-- Installing: /home/ros/autoware.ai/install/autoware_can_msgs/share/roseus/ros/autoware_can_msgs
-- Installing: /home/ros/autoware.ai/install/autoware_can_msgs/share/roseus/ros/autoware_can_msgs/msg
-- Installing: /home/ros/autoware.ai/install/autoware_can_msgs/share/roseus/ros/autoware_can_msgs/msg/CANInfo.l
-- Installing: /home/ros/autoware.ai/install/autoware_can_msgs/share/roseus/ros/autoware_can_msgs/msg/CANData.l
-- Installing: /home/ros/autoware.ai/install/autoware_can_msgs/share/roseus/ros/autoware_can_msgs/msg/CANPacket.l
-- Installing: /home/ros/autoware.ai/install/autoware_can_msgs/share/roseus/ros/autoware_can_msgs/manifest.l
-- Installing: /home/ros/autoware.ai/install/autoware_can_msgs/share/common-lisp/ros/autoware_can_msgs
-- Installing: /home/ros/autoware.ai/install/autoware_can_msgs/share/common-lisp/ros/autoware_can_msgs/msg
-- Installing: /home/ros/autoware.ai/install/autoware_can_msgs/share/common-lisp/ros/autoware_can_msgs/msg/CANData.lisp
-- Installing: /home/ros/autoware.ai/install/autoware_can_msgs/share/common-lisp/ros/autoware_can_msgs/msg/_package.lisp
-- Installing: /home/ros/autoware.ai/install/autoware_can_msgs/share/common-lisp/ros/autoware_can_msgs/msg/_package_CANPacket.lisp
-- Installing: /home/ros/autoware.ai/install/autoware_can_msgs/share/common-lisp/ros/autoware_can_msgs/msg/_package_CANInfo.lisp
-- Installing: /home/ros/autoware.ai/install/autoware_can_msgs/share/common-lisp/ros/autoware_can_msgs/msg/CANPacket.lisp
-- Installing: /home/ros/autoware.ai/install/autoware_can_msgs/share/common-lisp/ros/autoware_can_msgs/msg/_package_CANData.lisp
-- Installing: /home/ros/autoware.ai/install/autoware_can_msgs/share/common-lisp/ros/autoware_can_msgs/msg/CANInfo.lisp
-- Installing: /home/ros/autoware.ai/install/autoware_can_msgs/share/common-lisp/ros/autoware_can_msgs/msg/autoware_can_msgs-msg.asd
-- Installing: /home/ros/autoware.ai/install/autoware_can_msgs/share/gennodejs/ros/autoware_can_msgs
-- Installing: /home/ros/autoware.ai/install/autoware_can_msgs/share/gennodejs/ros/autoware_can_msgs/msg
-- Installing: /home/ros/autoware.ai/install/autoware_can_msgs/share/gennodejs/ros/autoware_can_msgs/msg/CANData.js
-- Installing: /home/ros/autoware.ai/install/autoware_can_msgs/share/gennodejs/ros/autoware_can_msgs/msg/_index.js
-- Installing: /home/ros/autoware.ai/install/autoware_can_msgs/share/gennodejs/ros/autoware_can_msgs/msg/CANPacket.js
-- Installing: /home/ros/autoware.ai/install/autoware_can_msgs/share/gennodejs/ros/autoware_can_msgs/msg/CANInfo.js
-- Installing: /home/ros/autoware.ai/install/autoware_can_msgs/share/gennodejs/ros/autoware_can_msgs/_index.js
Listing /home/ros/autoware.ai/build/autoware_can_msgs/devel/lib/python2.7/dist-packages/autoware_can_msgs ...
Compiling /home/ros/autoware.ai/build/autoware_can_msgs/devel/lib/python2.7/dist-packages/autoware_can_msgs/__init__.py ...
Listing /home/ros/autoware.ai/build/autoware_can_msgs/devel/lib/python2.7/dist-packages/autoware_can_msgs/msg ...
Compiling /home/ros/autoware.ai/build/autoware_can_msgs/devel/lib/python2.7/dist-packages/autoware_can_msgs/msg/_CANData.py ...
Compiling /home/ros/autoware.ai/build/autoware_can_msgs/devel/lib/python2.7/dist-packages/autoware_can_msgs/msg/_CANInfo.py ...
Compiling /home/ros/autoware.ai/build/autoware_can_msgs/devel/lib/python2.7/dist-packages/autoware_can_msgs/msg/_CANPacket.py ...
Compiling /home/ros/autoware.ai/build/autoware_can_msgs/devel/lib/python2.7/dist-packages/autoware_can_msgs/msg/__init__.py ...
-- Installing: /home/ros/autoware.ai/install/autoware_can_msgs/lib/python2.7/dist-packages/autoware_can_msgs
-- Installing: /home/ros/autoware.ai/install/autoware_can_msgs/lib/python2.7/dist-packages/autoware_can_msgs/msg
-- Installing: /home/ros/autoware.ai/install/autoware_can_msgs/lib/python2.7/dist-packages/autoware_can_msgs/msg/_CANInfo.pyc
-- Installing: /home/ros/autoware.ai/install/autoware_can_msgs/lib/python2.7/dist-packages/autoware_can_msgs/msg/_CANPacket.pyc
-- Installing: /home/ros/autoware.ai/install/autoware_can_msgs/lib/python2.7/dist-packages/autoware_can_msgs/msg/_CANData.py
-- Installing: /home/ros/autoware.ai/install/autoware_can_msgs/lib/python2.7/dist-packages/autoware_can_msgs/msg/__init__.py
-- Installing: /home/ros/autoware.ai/install/autoware_can_msgs/lib/python2.7/dist-packages/autoware_can_msgs/msg/__init__.pyc
-- Installing: /home/ros/autoware.ai/install/autoware_can_msgs/lib/python2.7/dist-packages/autoware_can_msgs/msg/_CANPacket.py
-- Installing: /home/ros/autoware.ai/install/autoware_can_msgs/lib/python2.7/dist-packages/autoware_can_msgs/msg/_CANData.pyc
-- Installing: /home/ros/autoware.ai/install/autoware_can_msgs/lib/python2.7/dist-packages/autoware_can_msgs/msg/_CANInfo.py
-- Installing: /home/ros/autoware.ai/install/autoware_can_msgs/lib/python2.7/dist-packages/autoware_can_msgs/__init__.py
-- Installing: /home/ros/autoware.ai/install/autoware_can_msgs/lib/python2.7/dist-packages/autoware_can_msgs/__init__.pyc
-- Installing: /home/ros/autoware.ai/install/autoware_can_msgs/lib/pkgconfig/autoware_can_msgs.pc
-- Installing: /home/ros/autoware.ai/install/autoware_can_msgs/share/autoware_can_msgs/cmake/autoware_can_msgs-msg-extras.cmake
-- Installing: /home/ros/autoware.ai/install/autoware_can_msgs/share/autoware_can_msgs/cmake/autoware_can_msgsConfig.cmake
-- Installing: /home/ros/autoware.ai/install/autoware_can_msgs/share/autoware_can_msgs/cmake/autoware_can_msgsConfig-version.cmake
-- Installing: /home/ros/autoware.ai/install/autoware_can_msgs/share/autoware_can_msgs/package.xml
