[0.048s] Invoking command in '/home/ros/autoware.ai/build/autoware_can_msgs': /usr/bin/cmake --build /home/ros/autoware.ai/build/autoware_can_msgs -- -j12 -l12
[0.160s] [35m[1mScanning dependencies of target _autoware_can_msgs_generate_messages_check_deps_CANData[0m
[0.191s] [35m[1mScanning dependencies of target _autoware_can_msgs_generate_messages_check_deps_CANPacket[0m
[0.200s] [35m[1mScanning dependencies of target std_msgs_generate_messages_eus[0m
[0.203s] [35m[1mScanning dependencies of target std_msgs_generate_messages_nodejs[0m
[0.212s] [35m[1mScanning dependencies of target std_msgs_generate_messages_cpp[0m
[0.219s] [35m[1mScanning dependencies of target std_msgs_generate_messages_py[0m
[0.238s] [  0%] Built target std_msgs_generate_messages_nodejs
[0.241s] [35m[1mScanning dependencies of target _autoware_can_msgs_generate_messages_check_deps_CANInfo[0m
[0.250s] [  0%] Built target std_msgs_generate_messages_eus
[0.250s] [35m[1mScanning dependencies of target std_msgs_generate_messages_lisp[0m
[0.274s] [  0%] Built target _autoware_can_msgs_generate_messages_check_deps_CANData
[0.311s] [  0%] Built target std_msgs_generate_messages_py
[0.314s] [  0%] Built target std_msgs_generate_messages_lisp
[0.324s] [  0%] Built target std_msgs_generate_messages_cpp
[0.324s] [  0%] Built target _autoware_can_msgs_generate_messages_check_deps_CANPacket
[0.405s] [  0%] Built target _autoware_can_msgs_generate_messages_check_deps_CANInfo
[0.448s] [35m[1mScanning dependencies of target autoware_can_msgs_generate_messages_py[0m
[0.468s] [35m[1mScanning dependencies of target autoware_can_msgs_generate_messages_eus[0m
[0.481s] [  5%] [34m[1mGenerating Python from MSG autoware_can_msgs/CANData[0m
[0.484s] [ 11%] [34m[1mGenerating Python from MSG autoware_can_msgs/CANPacket[0m
[0.498s] [ 17%] [34m[1mGenerating Python from MSG autoware_can_msgs/CANInfo[0m
[0.506s] [35m[1mScanning dependencies of target autoware_can_msgs_generate_messages_nodejs[0m
[0.526s] [35m[1mScanning dependencies of target autoware_can_msgs_generate_messages_lisp[0m
[0.526s] [ 23%] [34m[1mGenerating EusLisp code from autoware_can_msgs/CANData.msg[0m
[0.561s] [ 29%] [34m[1mGenerating EusLisp code from autoware_can_msgs/CANInfo.msg[0m
[0.569s] [ 47%] [34m[1mGenerating Javascript code from autoware_can_msgs/CANInfo.msg[0m
[0.572s] [ 35%] [34m[1mGenerating EusLisp manifest code for autoware_can_msgs[0m
[0.572s] [ 41%] [34m[1mGenerating EusLisp code from autoware_can_msgs/CANPacket.msg[0m
[0.581s] [ 52%] [34m[1mGenerating Javascript code from autoware_can_msgs/CANPacket.msg[0m
[0.593s] [ 58%] [34m[1mGenerating Javascript code from autoware_can_msgs/CANData.msg[0m
[0.612s] [35m[1mScanning dependencies of target autoware_can_msgs_generate_messages_cpp[0m
[0.664s] [ 64%] [34m[1mGenerating Lisp code from autoware_can_msgs/CANInfo.msg[0m
[0.759s] [ 70%] [34m[1mGenerating C++ code from autoware_can_msgs/CANInfo.msg[0m
[0.804s] [ 76%] [34m[1mGenerating C++ code from autoware_can_msgs/CANPacket.msg[0m
[0.869s] [ 82%] [34m[1mGenerating Lisp code from autoware_can_msgs/CANPacket.msg[0m
[0.919s] [ 88%] [34m[1mGenerating C++ code from autoware_can_msgs/CANData.msg[0m
[0.923s] [ 88%] Built target autoware_can_msgs_generate_messages_nodejs
[0.967s] [ 94%] [34m[1mGenerating Lisp code from autoware_can_msgs/CANData.msg[0m
[1.140s] [ 94%] Built target autoware_can_msgs_generate_messages_lisp
[1.271s] [100%] [34m[1mGenerating Python msg __init__.py for autoware_can_msgs[0m
[1.587s] [100%] Built target autoware_can_msgs_generate_messages_cpp
[1.752s] [100%] Built target autoware_can_msgs_generate_messages_py
[2.364s] [100%] Built target autoware_can_msgs_generate_messages_eus
[2.443s] [35m[1mScanning dependencies of target autoware_can_msgs_generate_messages[0m
[2.546s] [100%] Built target autoware_can_msgs_generate_messages
[2.611s] Invoked command in '/home/ros/autoware.ai/build/autoware_can_msgs' returned '0': /usr/bin/cmake --build /home/ros/autoware.ai/build/autoware_can_msgs -- -j12 -l12
[3.396s] Invoking command in '/home/ros/autoware.ai/build/autoware_can_msgs': /usr/bin/cmake --build /home/ros/autoware.ai/build/autoware_can_msgs --target tests -- -j12 -l12
[3.752s] [35m[1mScanning dependencies of target tests[0m
[3.816s] Built target tests
[3.896s] Invoked command in '/home/ros/autoware.ai/build/autoware_can_msgs' returned '0': /usr/bin/cmake --build /home/ros/autoware.ai/build/autoware_can_msgs --target tests -- -j12 -l12
[4.804s] Invoking command in '/home/ros/autoware.ai/build/autoware_can_msgs': /usr/bin/cmake --build /home/ros/autoware.ai/build/autoware_can_msgs --target install -- -j12 -l12
[5.152s] [  0%] Built target std_msgs_generate_messages_nodejs
[5.184s] [  0%] Built target std_msgs_generate_messages_cpp
[5.188s] [  0%] Built target std_msgs_generate_messages_py
[5.213s] [  0%] Built target std_msgs_generate_messages_lisp
[5.272s] [  0%] Built target std_msgs_generate_messages_eus
[5.285s] [  0%] Built target _autoware_can_msgs_generate_messages_check_deps_CANPacket
[5.368s] [  0%] Built target _autoware_can_msgs_generate_messages_check_deps_CANData
[5.587s] [  0%] Built target _autoware_can_msgs_generate_messages_check_deps_CANInfo
[5.737s] [ 17%] Built target autoware_can_msgs_generate_messages_lisp
[5.757s] [ 35%] Built target autoware_can_msgs_generate_messages_cpp
[5.800s] [ 52%] Built target autoware_can_msgs_generate_messages_nodejs
[5.824s] [ 76%] Built target autoware_can_msgs_generate_messages_eus
[5.949s] [100%] Built target autoware_can_msgs_generate_messages_py
[6.128s] [100%] Built target autoware_can_msgs_generate_messages
[6.245s] [36mInstall the project...[0m
[6.370s] -- Install configuration: "Release"
[6.370s] -- Installing: /home/ros/autoware.ai/install/autoware_can_msgs/share/autoware_can_msgs/msg/CANData.msg
[6.371s] -- Installing: /home/ros/autoware.ai/install/autoware_can_msgs/share/autoware_can_msgs/msg/CANInfo.msg
[6.371s] -- Installing: /home/ros/autoware.ai/install/autoware_can_msgs/share/autoware_can_msgs/msg/CANPacket.msg
[6.382s] -- Installing: /home/ros/autoware.ai/install/autoware_can_msgs/share/autoware_can_msgs/cmake/autoware_can_msgs-msg-paths.cmake
[6.382s] -- Installing: /home/ros/autoware.ai/install/autoware_can_msgs/include/autoware_can_msgs
[6.382s] -- Installing: /home/ros/autoware.ai/install/autoware_can_msgs/include/autoware_can_msgs/CANInfo.h
[6.410s] -- Installing: /home/ros/autoware.ai/install/autoware_can_msgs/include/autoware_can_msgs/CANPacket.h
[6.410s] -- Installing: /home/ros/autoware.ai/install/autoware_can_msgs/include/autoware_can_msgs/CANData.h
[6.410s] -- Installing: /home/ros/autoware.ai/install/autoware_can_msgs/share/roseus/ros/autoware_can_msgs
[6.410s] -- Installing: /home/ros/autoware.ai/install/autoware_can_msgs/share/roseus/ros/autoware_can_msgs/msg
[6.411s] -- Installing: /home/ros/autoware.ai/install/autoware_can_msgs/share/roseus/ros/autoware_can_msgs/msg/CANInfo.l
[6.411s] -- Installing: /home/ros/autoware.ai/install/autoware_can_msgs/share/roseus/ros/autoware_can_msgs/msg/CANData.l
[6.411s] -- Installing: /home/ros/autoware.ai/install/autoware_can_msgs/share/roseus/ros/autoware_can_msgs/msg/CANPacket.l
[6.411s] -- Installing: /home/ros/autoware.ai/install/autoware_can_msgs/share/roseus/ros/autoware_can_msgs/manifest.l
[6.411s] -- Installing: /home/ros/autoware.ai/install/autoware_can_msgs/share/common-lisp/ros/autoware_can_msgs
[6.412s] -- Installing: /home/ros/autoware.ai/install/autoware_can_msgs/share/common-lisp/ros/autoware_can_msgs/msg
[6.412s] -- Installing: /home/ros/autoware.ai/install/autoware_can_msgs/share/common-lisp/ros/autoware_can_msgs/msg/CANData.lisp
[6.412s] -- Installing: /home/ros/autoware.ai/install/autoware_can_msgs/share/common-lisp/ros/autoware_can_msgs/msg/_package.lisp
[6.412s] -- Installing: /home/ros/autoware.ai/install/autoware_can_msgs/share/common-lisp/ros/autoware_can_msgs/msg/_package_CANPacket.lisp
[6.412s] -- Installing: /home/ros/autoware.ai/install/autoware_can_msgs/share/common-lisp/ros/autoware_can_msgs/msg/_package_CANInfo.lisp
[6.412s] -- Installing: /home/ros/autoware.ai/install/autoware_can_msgs/share/common-lisp/ros/autoware_can_msgs/msg/CANPacket.lisp
[6.413s] -- Installing: /home/ros/autoware.ai/install/autoware_can_msgs/share/common-lisp/ros/autoware_can_msgs/msg/_package_CANData.lisp
[6.413s] -- Installing: /home/ros/autoware.ai/install/autoware_can_msgs/share/common-lisp/ros/autoware_can_msgs/msg/CANInfo.lisp
[6.413s] -- Installing: /home/ros/autoware.ai/install/autoware_can_msgs/share/common-lisp/ros/autoware_can_msgs/msg/autoware_can_msgs-msg.asd
[6.413s] -- Installing: /home/ros/autoware.ai/install/autoware_can_msgs/share/gennodejs/ros/autoware_can_msgs
[6.413s] -- Installing: /home/ros/autoware.ai/install/autoware_can_msgs/share/gennodejs/ros/autoware_can_msgs/msg
[6.414s] -- Installing: /home/ros/autoware.ai/install/autoware_can_msgs/share/gennodejs/ros/autoware_can_msgs/msg/CANData.js
[6.414s] -- Installing: /home/ros/autoware.ai/install/autoware_can_msgs/share/gennodejs/ros/autoware_can_msgs/msg/_index.js
[6.414s] -- Installing: /home/ros/autoware.ai/install/autoware_can_msgs/share/gennodejs/ros/autoware_can_msgs/msg/CANPacket.js
[6.414s] -- Installing: /home/ros/autoware.ai/install/autoware_can_msgs/share/gennodejs/ros/autoware_can_msgs/msg/CANInfo.js
[6.415s] -- Installing: /home/ros/autoware.ai/install/autoware_can_msgs/share/gennodejs/ros/autoware_can_msgs/_index.js
[6.528s] Listing /home/ros/autoware.ai/build/autoware_can_msgs/devel/lib/python2.7/dist-packages/autoware_can_msgs ...
[6.528s] Compiling /home/ros/autoware.ai/build/autoware_can_msgs/devel/lib/python2.7/dist-packages/autoware_can_msgs/__init__.py ...
[6.528s] Listing /home/ros/autoware.ai/build/autoware_can_msgs/devel/lib/python2.7/dist-packages/autoware_can_msgs/msg ...
[6.528s] Compiling /home/ros/autoware.ai/build/autoware_can_msgs/devel/lib/python2.7/dist-packages/autoware_can_msgs/msg/_CANData.py ...
[6.528s] Compiling /home/ros/autoware.ai/build/autoware_can_msgs/devel/lib/python2.7/dist-packages/autoware_can_msgs/msg/_CANInfo.py ...
[6.529s] Compiling /home/ros/autoware.ai/build/autoware_can_msgs/devel/lib/python2.7/dist-packages/autoware_can_msgs/msg/_CANPacket.py ...
[6.529s] Compiling /home/ros/autoware.ai/build/autoware_can_msgs/devel/lib/python2.7/dist-packages/autoware_can_msgs/msg/__init__.py ...
[6.554s] -- Installing: /home/ros/autoware.ai/install/autoware_can_msgs/lib/python2.7/dist-packages/autoware_can_msgs
[6.555s] -- Installing: /home/ros/autoware.ai/install/autoware_can_msgs/lib/python2.7/dist-packages/autoware_can_msgs/msg
[6.555s] -- Installing: /home/ros/autoware.ai/install/autoware_can_msgs/lib/python2.7/dist-packages/autoware_can_msgs/msg/_CANInfo.pyc
[6.555s] -- Installing: /home/ros/autoware.ai/install/autoware_can_msgs/lib/python2.7/dist-packages/autoware_can_msgs/msg/_CANPacket.pyc
[6.555s] -- Installing: /home/ros/autoware.ai/install/autoware_can_msgs/lib/python2.7/dist-packages/autoware_can_msgs/msg/_CANData.py
[6.555s] -- Installing: /home/ros/autoware.ai/install/autoware_can_msgs/lib/python2.7/dist-packages/autoware_can_msgs/msg/__init__.py
[6.555s] -- Installing: /home/ros/autoware.ai/install/autoware_can_msgs/lib/python2.7/dist-packages/autoware_can_msgs/msg/__init__.pyc
[6.556s] -- Installing: /home/ros/autoware.ai/install/autoware_can_msgs/lib/python2.7/dist-packages/autoware_can_msgs/msg/_CANPacket.py
[6.556s] -- Installing: /home/ros/autoware.ai/install/autoware_can_msgs/lib/python2.7/dist-packages/autoware_can_msgs/msg/_CANData.pyc
[6.556s] -- Installing: /home/ros/autoware.ai/install/autoware_can_msgs/lib/python2.7/dist-packages/autoware_can_msgs/msg/_CANInfo.py
[6.556s] -- Installing: /home/ros/autoware.ai/install/autoware_can_msgs/lib/python2.7/dist-packages/autoware_can_msgs/__init__.py
[6.556s] -- Installing: /home/ros/autoware.ai/install/autoware_can_msgs/lib/python2.7/dist-packages/autoware_can_msgs/__init__.pyc
[6.556s] -- Installing: /home/ros/autoware.ai/install/autoware_can_msgs/lib/pkgconfig/autoware_can_msgs.pc
[6.556s] -- Installing: /home/ros/autoware.ai/install/autoware_can_msgs/share/autoware_can_msgs/cmake/autoware_can_msgs-msg-extras.cmake
[6.556s] -- Installing: /home/ros/autoware.ai/install/autoware_can_msgs/share/autoware_can_msgs/cmake/autoware_can_msgsConfig.cmake
[6.557s] -- Installing: /home/ros/autoware.ai/install/autoware_can_msgs/share/autoware_can_msgs/cmake/autoware_can_msgsConfig-version.cmake
[6.557s] -- Installing: /home/ros/autoware.ai/install/autoware_can_msgs/share/autoware_can_msgs/package.xml
[6.563s] Invoked command in '/home/ros/autoware.ai/build/autoware_can_msgs' returned '0': /usr/bin/cmake --build /home/ros/autoware.ai/build/autoware_can_msgs --target install -- -j12 -l12
