[0.144s] Invoking command in '/home/ros/autoware.ai/build/ff_waypoint_follower': CMAKE_PREFIX_PATH=/home/ros/autoware.ai/install/op_simu:/home/ros/autoware.ai/install/op_planner:/home/ros/autoware.ai/install/op_utility:/home/ros/autoware.ai/install/map_file:/home/ros/autoware.ai/install/vector_map_server:/home/ros/autoware.ai/install/libwaypoint_follower:/home/ros/autoware.ai/install/lanelet2_extension:/home/ros/autoware.ai/install/vector_map:/home/ros/autoware.ai/install/amathutils_lib:/home/ros/autoware.ai/install/vector_map_msgs:/home/ros/autoware.ai/install/autoware_msgs:/home/ros/autoware.ai/install/autoware_lanelet2_msgs:/home/ros/autoware.ai/install/autoware_build_flags:${CMAKE_PREFIX_PATH} LD_LIBRARY_PATH=/home/ros/autoware.ai/install/op_simu/lib:/home/ros/autoware.ai/install/op_planner/lib:/home/ros/autoware.ai/install/op_utility/lib:/home/ros/autoware.ai/install/map_file/lib:/home/ros/autoware.ai/install/libwaypoint_follower/lib:/home/ros/autoware.ai/install/lanelet2_extension/lib:/home/ros/autoware.ai/install/vector_map/lib:/home/ros/autoware.ai/install/amathutils_lib/lib:${LD_LIBRARY_PATH} PKG_CONFIG_PATH=/home/ros/autoware.ai/install/op_simu/lib/x86_64-linux-gnu/pkgconfig:/home/ros/autoware.ai/install/op_simu/lib/pkgconfig:/home/ros/autoware.ai/install/op_planner/lib/x86_64-linux-gnu/pkgconfig:/home/ros/autoware.ai/install/op_planner/lib/pkgconfig:/home/ros/autoware.ai/install/op_utility/lib/x86_64-linux-gnu/pkgconfig:/home/ros/autoware.ai/install/op_utility/lib/pkgconfig:/home/ros/autoware.ai/install/map_file/lib/x86_64-linux-gnu/pkgconfig:/home/ros/autoware.ai/install/map_file/lib/pkgconfig:/home/ros/autoware.ai/install/vector_map_server/lib/x86_64-linux-gnu/pkgconfig:/home/ros/autoware.ai/install/vector_map_server/lib/pkgconfig:/home/ros/autoware.ai/install/libwaypoint_follower/lib/x86_64-linux-gnu/pkgconfig:/home/ros/autoware.ai/install/libwaypoint_follower/lib/pkgconfig:/home/ros/autoware.ai/install/lanelet2_extension/lib/x86_64-linux-gnu/pkgconfig:/home/ros/autoware.ai/install/lanelet2_extension/lib/pkgconfig:/home/ros/autoware.ai/install/vector_map/lib/x86_64-linux-gnu/pkgconfig:/home/ros/autoware.ai/install/vector_map/lib/pkgconfig:/home/ros/autoware.ai/install/amathutils_lib/lib/x86_64-linux-gnu/pkgconfig:/home/ros/autoware.ai/install/amathutils_lib/lib/pkgconfig:/home/ros/autoware.ai/install/vector_map_msgs/lib/x86_64-linux-gnu/pkgconfig:/home/ros/autoware.ai/install/vector_map_msgs/lib/pkgconfig:/home/ros/autoware.ai/install/autoware_msgs/lib/x86_64-linux-gnu/pkgconfig:/home/ros/autoware.ai/install/autoware_msgs/lib/pkgconfig:/home/ros/autoware.ai/install/autoware_lanelet2_msgs/lib/x86_64-linux-gnu/pkgconfig:/home/ros/autoware.ai/install/autoware_lanelet2_msgs/lib/pkgconfig:/home/ros/autoware.ai/install/autoware_build_flags/lib/x86_64-linux-gnu/pkgconfig:/home/ros/autoware.ai/install/autoware_build_flags/lib/pkgconfig:${PKG_CONFIG_PATH} PYTHONPATH=/home/ros/autoware.ai/install/vector_map_server/lib/python2.7/dist-packages:/home/ros/autoware.ai/install/vector_map_msgs/lib/python2.7/dist-packages:/home/ros/autoware.ai/install/autoware_msgs/lib/python2.7/dist-packages:/home/ros/autoware.ai/install/autoware_lanelet2_msgs/lib/python2.7/dist-packages:${PYTHONPATH} ROS_PACKAGE_PATH=/home/ros/autoware.ai/install/op_simu/share:/home/ros/autoware.ai/install/op_planner/share:/home/ros/autoware.ai/install/op_utility/share:/home/ros/autoware.ai/install/map_file/share:/home/ros/autoware.ai/install/vector_map_server/share:/home/ros/autoware.ai/install/libwaypoint_follower/share:/home/ros/autoware.ai/install/lanelet2_extension/share:/home/ros/autoware.ai/install/vector_map/share:/home/ros/autoware.ai/install/amathutils_lib/share:/home/ros/autoware.ai/install/vector_map_msgs/share:/home/ros/autoware.ai/install/autoware_msgs/share:/home/ros/autoware.ai/install/autoware_lanelet2_msgs/share:/home/ros/autoware.ai/install/autoware_build_flags/share:${ROS_PACKAGE_PATH} /usr/bin/cmake /home/ros/autoware.ai/src/autoware/core_planning/ff_waypoint_follower -DCMAKE_BUILD_TYPE=Release -DCATKIN_INSTALL_INTO_PREFIX_ROOT=0 -DCMAKE_INSTALL_PREFIX=/home/ros/autoware.ai/install/ff_waypoint_follower
[0.226s] -- The C compiler identification is GNU 7.5.0
[0.304s] -- The CXX compiler identification is GNU 7.5.0
[0.311s] -- Check for working C compiler: /usr/bin/cc
[0.399s] -- Check for working C compiler: /usr/bin/cc -- works
[0.400s] -- Detecting C compiler ABI info
[0.490s] -- Detecting C compiler ABI info - done
[0.503s] -- Detecting C compile features
[0.776s] -- Detecting C compile features - done
[0.780s] -- Check for working CXX compiler: /usr/bin/c++
[0.884s] -- Check for working CXX compiler: /usr/bin/c++ -- works
[0.885s] -- Detecting CXX compiler ABI info
[0.991s] -- Detecting CXX compiler ABI info - done
[1.004s] -- Detecting CXX compile features
[1.468s] -- Detecting CXX compile features - done
[1.471s] -- CUDA compilation status: .
[1.495s] -- Found OpenCV: /usr (found version "3.2.0") 
[1.498s] -- Using CATKIN_DEVEL_PREFIX: /home/ros/autoware.ai/build/ff_waypoint_follower/devel
[1.499s] -- Using CMAKE_PREFIX_PATH: /home/ros/autoware.ai/install/op_simu;/home/ros/autoware.ai/install/op_planner;/home/ros/autoware.ai/install/op_utility;/home/ros/autoware.ai/install/map_file;/home/ros/autoware.ai/install/vector_map_server;/home/ros/autoware.ai/install/libwaypoint_follower;/home/ros/autoware.ai/install/lanelet2_extension;/home/ros/autoware.ai/install/vector_map;/home/ros/autoware.ai/install/amathutils_lib;/home/ros/autoware.ai/install/vector_map_msgs;/home/ros/autoware.ai/install/autoware_msgs;/home/ros/autoware.ai/install/autoware_lanelet2_msgs;/home/ros/autoware.ai/install/autoware_build_flags;/opt/ros/melodic
[1.500s] -- This workspace overlays: /home/ros/autoware.ai/install/op_simu;/home/ros/autoware.ai/install/op_planner;/home/ros/autoware.ai/install/op_utility;/home/ros/autoware.ai/install/map_file;/home/ros/autoware.ai/install/vector_map_server;/home/ros/autoware.ai/install/libwaypoint_follower;/home/ros/autoware.ai/install/lanelet2_extension;/home/ros/autoware.ai/install/vector_map;/home/ros/autoware.ai/install/amathutils_lib;/home/ros/autoware.ai/install/vector_map_msgs;/home/ros/autoware.ai/install/autoware_msgs;/home/ros/autoware.ai/install/autoware_lanelet2_msgs;/home/ros/autoware.ai/install/autoware_build_flags;/opt/ros/melodic
[1.521s] -- Found PythonInterp: /usr/bin/python2 (found suitable version "2.7.17", minimum required is "2") 
[1.521s] -- Using PYTHON_EXECUTABLE: /usr/bin/python2
[1.521s] -- Using Debian Python package layout
[1.522s] -- Using empy: /usr/bin/empy
[1.745s] -- Using CATKIN_ENABLE_TESTING: ON
[1.746s] -- Call enable_testing()
[1.748s] -- Using CATKIN_TEST_RESULTS_DIR: /home/ros/autoware.ai/build/ff_waypoint_follower/test_results
[1.777s] -- Found gtest sources under '/usr/src/googletest': gtests will be built
[1.777s] -- Found gmock sources under '/usr/src/googletest': gmock will be built
[1.796s] -- Found PythonInterp: /usr/bin/python2 (found version "2.7.17") 
[1.799s] -- Looking for pthread.h
[1.893s] -- Looking for pthread.h - found
[1.895s] -- Looking for pthread_create
[1.990s] -- Looking for pthread_create - not found
[1.991s] -- Looking for pthread_create in pthreads
[2.072s] -- Looking for pthread_create in pthreads - not found
[2.072s] -- Looking for pthread_create in pthread
[2.169s] -- Looking for pthread_create in pthread - found
[2.171s] -- Found Threads: TRUE  
[2.178s] -- Using Python nosetests: /usr/bin/nosetests-2.7
[2.242s] -- catkin 0.7.29
[2.243s] -- BUILD_SHARED_LIBS is on
[2.465s] -- Using these message generators: gencpp;geneus;genlisp;gennodejs;genpy
[3.028s] -- Configuring done
[3.098s] -- Generating done
[3.115s] -- Build files have been written to: /home/ros/autoware.ai/build/ff_waypoint_follower
[3.127s] Invoked command in '/home/ros/autoware.ai/build/ff_waypoint_follower' returned '0': CMAKE_PREFIX_PATH=/home/ros/autoware.ai/install/op_simu:/home/ros/autoware.ai/install/op_planner:/home/ros/autoware.ai/install/op_utility:/home/ros/autoware.ai/install/map_file:/home/ros/autoware.ai/install/vector_map_server:/home/ros/autoware.ai/install/libwaypoint_follower:/home/ros/autoware.ai/install/lanelet2_extension:/home/ros/autoware.ai/install/vector_map:/home/ros/autoware.ai/install/amathutils_lib:/home/ros/autoware.ai/install/vector_map_msgs:/home/ros/autoware.ai/install/autoware_msgs:/home/ros/autoware.ai/install/autoware_lanelet2_msgs:/home/ros/autoware.ai/install/autoware_build_flags:${CMAKE_PREFIX_PATH} LD_LIBRARY_PATH=/home/ros/autoware.ai/install/op_simu/lib:/home/ros/autoware.ai/install/op_planner/lib:/home/ros/autoware.ai/install/op_utility/lib:/home/ros/autoware.ai/install/map_file/lib:/home/ros/autoware.ai/install/libwaypoint_follower/lib:/home/ros/autoware.ai/install/lanelet2_extension/lib:/home/ros/autoware.ai/install/vector_map/lib:/home/ros/autoware.ai/install/amathutils_lib/lib:${LD_LIBRARY_PATH} PKG_CONFIG_PATH=/home/ros/autoware.ai/install/op_simu/lib/x86_64-linux-gnu/pkgconfig:/home/ros/autoware.ai/install/op_simu/lib/pkgconfig:/home/ros/autoware.ai/install/op_planner/lib/x86_64-linux-gnu/pkgconfig:/home/ros/autoware.ai/install/op_planner/lib/pkgconfig:/home/ros/autoware.ai/install/op_utility/lib/x86_64-linux-gnu/pkgconfig:/home/ros/autoware.ai/install/op_utility/lib/pkgconfig:/home/ros/autoware.ai/install/map_file/lib/x86_64-linux-gnu/pkgconfig:/home/ros/autoware.ai/install/map_file/lib/pkgconfig:/home/ros/autoware.ai/install/vector_map_server/lib/x86_64-linux-gnu/pkgconfig:/home/ros/autoware.ai/install/vector_map_server/lib/pkgconfig:/home/ros/autoware.ai/install/libwaypoint_follower/lib/x86_64-linux-gnu/pkgconfig:/home/ros/autoware.ai/install/libwaypoint_follower/lib/pkgconfig:/home/ros/autoware.ai/install/lanelet2_extension/lib/x86_64-linux-gnu/pkgconfig:/home/ros/autoware.ai/install/lanelet2_extension/lib/pkgconfig:/home/ros/autoware.ai/install/vector_map/lib/x86_64-linux-gnu/pkgconfig:/home/ros/autoware.ai/install/vector_map/lib/pkgconfig:/home/ros/autoware.ai/install/amathutils_lib/lib/x86_64-linux-gnu/pkgconfig:/home/ros/autoware.ai/install/amathutils_lib/lib/pkgconfig:/home/ros/autoware.ai/install/vector_map_msgs/lib/x86_64-linux-gnu/pkgconfig:/home/ros/autoware.ai/install/vector_map_msgs/lib/pkgconfig:/home/ros/autoware.ai/install/autoware_msgs/lib/x86_64-linux-gnu/pkgconfig:/home/ros/autoware.ai/install/autoware_msgs/lib/pkgconfig:/home/ros/autoware.ai/install/autoware_lanelet2_msgs/lib/x86_64-linux-gnu/pkgconfig:/home/ros/autoware.ai/install/autoware_lanelet2_msgs/lib/pkgconfig:/home/ros/autoware.ai/install/autoware_build_flags/lib/x86_64-linux-gnu/pkgconfig:/home/ros/autoware.ai/install/autoware_build_flags/lib/pkgconfig:${PKG_CONFIG_PATH} PYTHONPATH=/home/ros/autoware.ai/install/vector_map_server/lib/python2.7/dist-packages:/home/ros/autoware.ai/install/vector_map_msgs/lib/python2.7/dist-packages:/home/ros/autoware.ai/install/autoware_msgs/lib/python2.7/dist-packages:/home/ros/autoware.ai/install/autoware_lanelet2_msgs/lib/python2.7/dist-packages:${PYTHONPATH} ROS_PACKAGE_PATH=/home/ros/autoware.ai/install/op_simu/share:/home/ros/autoware.ai/install/op_planner/share:/home/ros/autoware.ai/install/op_utility/share:/home/ros/autoware.ai/install/map_file/share:/home/ros/autoware.ai/install/vector_map_server/share:/home/ros/autoware.ai/install/libwaypoint_follower/share:/home/ros/autoware.ai/install/lanelet2_extension/share:/home/ros/autoware.ai/install/vector_map/share:/home/ros/autoware.ai/install/amathutils_lib/share:/home/ros/autoware.ai/install/vector_map_msgs/share:/home/ros/autoware.ai/install/autoware_msgs/share:/home/ros/autoware.ai/install/autoware_lanelet2_msgs/share:/home/ros/autoware.ai/install/autoware_build_flags/share:${ROS_PACKAGE_PATH} /usr/bin/cmake /home/ros/autoware.ai/src/autoware/core_planning/ff_waypoint_follower -DCMAKE_BUILD_TYPE=Release -DCATKIN_INSTALL_INTO_PREFIX_ROOT=0 -DCMAKE_INSTALL_PREFIX=/home/ros/autoware.ai/install/ff_waypoint_follower
[3.129s] Invoking command in '/home/ros/autoware.ai/build/ff_waypoint_follower': CMAKE_PREFIX_PATH=/home/ros/autoware.ai/install/op_simu:/home/ros/autoware.ai/install/op_planner:/home/ros/autoware.ai/install/op_utility:/home/ros/autoware.ai/install/map_file:/home/ros/autoware.ai/install/vector_map_server:/home/ros/autoware.ai/install/libwaypoint_follower:/home/ros/autoware.ai/install/lanelet2_extension:/home/ros/autoware.ai/install/vector_map:/home/ros/autoware.ai/install/amathutils_lib:/home/ros/autoware.ai/install/vector_map_msgs:/home/ros/autoware.ai/install/autoware_msgs:/home/ros/autoware.ai/install/autoware_lanelet2_msgs:/home/ros/autoware.ai/install/autoware_build_flags:${CMAKE_PREFIX_PATH} LD_LIBRARY_PATH=/home/ros/autoware.ai/install/op_simu/lib:/home/ros/autoware.ai/install/op_planner/lib:/home/ros/autoware.ai/install/op_utility/lib:/home/ros/autoware.ai/install/map_file/lib:/home/ros/autoware.ai/install/libwaypoint_follower/lib:/home/ros/autoware.ai/install/lanelet2_extension/lib:/home/ros/autoware.ai/install/vector_map/lib:/home/ros/autoware.ai/install/amathutils_lib/lib:${LD_LIBRARY_PATH} PKG_CONFIG_PATH=/home/ros/autoware.ai/install/op_simu/lib/x86_64-linux-gnu/pkgconfig:/home/ros/autoware.ai/install/op_simu/lib/pkgconfig:/home/ros/autoware.ai/install/op_planner/lib/x86_64-linux-gnu/pkgconfig:/home/ros/autoware.ai/install/op_planner/lib/pkgconfig:/home/ros/autoware.ai/install/op_utility/lib/x86_64-linux-gnu/pkgconfig:/home/ros/autoware.ai/install/op_utility/lib/pkgconfig:/home/ros/autoware.ai/install/map_file/lib/x86_64-linux-gnu/pkgconfig:/home/ros/autoware.ai/install/map_file/lib/pkgconfig:/home/ros/autoware.ai/install/vector_map_server/lib/x86_64-linux-gnu/pkgconfig:/home/ros/autoware.ai/install/vector_map_server/lib/pkgconfig:/home/ros/autoware.ai/install/libwaypoint_follower/lib/x86_64-linux-gnu/pkgconfig:/home/ros/autoware.ai/install/libwaypoint_follower/lib/pkgconfig:/home/ros/autoware.ai/install/lanelet2_extension/lib/x86_64-linux-gnu/pkgconfig:/home/ros/autoware.ai/install/lanelet2_extension/lib/pkgconfig:/home/ros/autoware.ai/install/vector_map/lib/x86_64-linux-gnu/pkgconfig:/home/ros/autoware.ai/install/vector_map/lib/pkgconfig:/home/ros/autoware.ai/install/amathutils_lib/lib/x86_64-linux-gnu/pkgconfig:/home/ros/autoware.ai/install/amathutils_lib/lib/pkgconfig:/home/ros/autoware.ai/install/vector_map_msgs/lib/x86_64-linux-gnu/pkgconfig:/home/ros/autoware.ai/install/vector_map_msgs/lib/pkgconfig:/home/ros/autoware.ai/install/autoware_msgs/lib/x86_64-linux-gnu/pkgconfig:/home/ros/autoware.ai/install/autoware_msgs/lib/pkgconfig:/home/ros/autoware.ai/install/autoware_lanelet2_msgs/lib/x86_64-linux-gnu/pkgconfig:/home/ros/autoware.ai/install/autoware_lanelet2_msgs/lib/pkgconfig:/home/ros/autoware.ai/install/autoware_build_flags/lib/x86_64-linux-gnu/pkgconfig:/home/ros/autoware.ai/install/autoware_build_flags/lib/pkgconfig:${PKG_CONFIG_PATH} PYTHONPATH=/home/ros/autoware.ai/install/vector_map_server/lib/python2.7/dist-packages:/home/ros/autoware.ai/install/vector_map_msgs/lib/python2.7/dist-packages:/home/ros/autoware.ai/install/autoware_msgs/lib/python2.7/dist-packages:/home/ros/autoware.ai/install/autoware_lanelet2_msgs/lib/python2.7/dist-packages:${PYTHONPATH} ROS_PACKAGE_PATH=/home/ros/autoware.ai/install/op_simu/share:/home/ros/autoware.ai/install/op_planner/share:/home/ros/autoware.ai/install/op_utility/share:/home/ros/autoware.ai/install/map_file/share:/home/ros/autoware.ai/install/vector_map_server/share:/home/ros/autoware.ai/install/libwaypoint_follower/share:/home/ros/autoware.ai/install/lanelet2_extension/share:/home/ros/autoware.ai/install/vector_map/share:/home/ros/autoware.ai/install/amathutils_lib/share:/home/ros/autoware.ai/install/vector_map_msgs/share:/home/ros/autoware.ai/install/autoware_msgs/share:/home/ros/autoware.ai/install/autoware_lanelet2_msgs/share:/home/ros/autoware.ai/install/autoware_build_flags/share:${ROS_PACKAGE_PATH} /usr/bin/cmake --build /home/ros/autoware.ai/build/ff_waypoint_follower -- -j12 -l12
[3.197s] [35m[1mScanning dependencies of target vector_map_msgs_generate_messages_eus[0m
[3.216s] [  0%] Built target vector_map_msgs_generate_messages_eus
[3.231s] [35m[1mScanning dependencies of target rosgraph_msgs_generate_messages_eus[0m
[3.247s] [  0%] Built target rosgraph_msgs_generate_messages_eus
[3.262s] [35m[1mScanning dependencies of target jsk_recognition_msgs_generate_messages_lisp[0m
[3.279s] [  0%] Built target jsk_recognition_msgs_generate_messages_lisp
[3.295s] [35m[1mScanning dependencies of target jsk_recognition_msgs_generate_messages_eus[0m
[3.313s] [  0%] Built target jsk_recognition_msgs_generate_messages_eus
[3.329s] [35m[1mScanning dependencies of target tf2_msgs_generate_messages_cpp[0m
[3.345s] [  0%] Built target tf2_msgs_generate_messages_cpp
[3.361s] [35m[1mScanning dependencies of target std_msgs_generate_messages_py[0m
[3.378s] [  0%] Built target std_msgs_generate_messages_py
[3.394s] [35m[1mScanning dependencies of target autoware_msgs_generate_messages_py[0m
[3.412s] [  0%] Built target autoware_msgs_generate_messages_py
[3.428s] [35m[1mScanning dependencies of target std_msgs_generate_messages_nodejs[0m
[3.444s] [  0%] Built target std_msgs_generate_messages_nodejs
[3.459s] [35m[1mScanning dependencies of target sensor_msgs_generate_messages_eus[0m
[3.476s] [  0%] Built target sensor_msgs_generate_messages_eus
[3.492s] [35m[1mScanning dependencies of target _catkin_empty_exported_target[0m
[3.510s] [  0%] Built target _catkin_empty_exported_target
[3.526s] [35m[1mScanning dependencies of target sensor_msgs_generate_messages_cpp[0m
[3.542s] [  0%] Built target sensor_msgs_generate_messages_cpp
[3.557s] [35m[1mScanning dependencies of target autoware_msgs_generate_messages_cpp[0m
[3.573s] [  0%] Built target autoware_msgs_generate_messages_cpp
[3.589s] [35m[1mScanning dependencies of target rosgraph_msgs_generate_messages_cpp[0m
[3.607s] [  0%] Built target rosgraph_msgs_generate_messages_cpp
[3.622s] [35m[1mScanning dependencies of target pcl_msgs_generate_messages_nodejs[0m
[3.640s] [  0%] Built target pcl_msgs_generate_messages_nodejs
[3.656s] [35m[1mScanning dependencies of target jsk_recognition_msgs_generate_messages_py[0m
[3.672s] [  0%] Built target jsk_recognition_msgs_generate_messages_py
[3.690s] [35m[1mScanning dependencies of target sensor_msgs_generate_messages_lisp[0m
[3.706s] [  0%] Built target sensor_msgs_generate_messages_lisp
[3.724s] [35m[1mScanning dependencies of target sensor_msgs_generate_messages_py[0m
[3.740s] [  0%] Built target sensor_msgs_generate_messages_py
[3.755s] [35m[1mScanning dependencies of target tf_generate_messages_py[0m
[3.771s] [  0%] Built target tf_generate_messages_py
[3.787s] [35m[1mScanning dependencies of target std_msgs_generate_messages_cpp[0m
[3.804s] [  0%] Built target std_msgs_generate_messages_cpp
[3.821s] [35m[1mScanning dependencies of target jsk_footstep_msgs_generate_messages_py[0m
[3.837s] [  0%] Built target jsk_footstep_msgs_generate_messages_py
[3.853s] [35m[1mScanning dependencies of target visualization_msgs_generate_messages_nodejs[0m
[3.868s] [  0%] Built target visualization_msgs_generate_messages_nodejs
[3.884s] [35m[1mScanning dependencies of target actionlib_msgs_generate_messages_nodejs[0m
[3.900s] [  0%] Built target actionlib_msgs_generate_messages_nodejs
[3.918s] [35m[1mScanning dependencies of target geometry_msgs_generate_messages_eus[0m
[3.934s] [  0%] Built target geometry_msgs_generate_messages_eus
[3.950s] [35m[1mScanning dependencies of target std_msgs_generate_messages_lisp[0m
[3.966s] [  0%] Built target std_msgs_generate_messages_lisp
[3.983s] [35m[1mScanning dependencies of target roscpp_generate_messages_nodejs[0m
[3.999s] [  0%] Built target roscpp_generate_messages_nodejs
[4.017s] [35m[1mScanning dependencies of target geometry_msgs_generate_messages_nodejs[0m
[4.033s] [  0%] Built target geometry_msgs_generate_messages_nodejs
[4.049s] [35m[1mScanning dependencies of target geometry_msgs_generate_messages_lisp[0m
[4.066s] [  0%] Built target geometry_msgs_generate_messages_lisp
[4.084s] [35m[1mScanning dependencies of target pcl_msgs_generate_messages_cpp[0m
[4.101s] [  0%] Built target pcl_msgs_generate_messages_cpp
[4.119s] [35m[1mScanning dependencies of target jsk_recognition_msgs_generate_messages_cpp[0m
[4.135s] [  0%] Built target jsk_recognition_msgs_generate_messages_cpp
[4.151s] [35m[1mScanning dependencies of target autoware_msgs_generate_messages_eus[0m
[4.167s] [  0%] Built target autoware_msgs_generate_messages_eus
[4.184s] [35m[1mScanning dependencies of target autoware_msgs_generate_messages_lisp[0m
[4.201s] [  0%] Built target autoware_msgs_generate_messages_lisp
[4.219s] [35m[1mScanning dependencies of target visualization_msgs_generate_messages_lisp[0m
[4.236s] [  0%] Built target visualization_msgs_generate_messages_lisp
[4.251s] [35m[1mScanning dependencies of target std_msgs_generate_messages_eus[0m
[4.267s] [  0%] Built target std_msgs_generate_messages_eus
[4.289s] [35m[1mScanning dependencies of target autoware_msgs_generate_messages_nodejs[0m
[4.304s] [  0%] Built target autoware_msgs_generate_messages_nodejs
[4.319s] [35m[1mScanning dependencies of target jsk_footstep_msgs_generate_messages_eus[0m
[4.335s] [  0%] Built target jsk_footstep_msgs_generate_messages_eus
[4.353s] [35m[1mScanning dependencies of target actionlib_msgs_generate_messages_py[0m
[4.370s] [  0%] Built target actionlib_msgs_generate_messages_py
[4.386s] [35m[1mScanning dependencies of target vector_map_server_generate_messages_lisp[0m
[4.404s] [  0%] Built target vector_map_server_generate_messages_lisp
[4.419s] [35m[1mScanning dependencies of target jsk_footstep_msgs_generate_messages_lisp[0m
[4.436s] [  0%] Built target jsk_footstep_msgs_generate_messages_lisp
[4.454s] [35m[1mScanning dependencies of target jsk_footstep_msgs_generate_messages_nodejs[0m
[4.471s] [  0%] Built target jsk_footstep_msgs_generate_messages_nodejs
[4.487s] [35m[1mScanning dependencies of target actionlib_msgs_generate_messages_lisp[0m
[4.508s] [  0%] Built target actionlib_msgs_generate_messages_lisp
[4.523s] [35m[1mScanning dependencies of target jsk_footstep_msgs_generate_messages_cpp[0m
[4.539s] [  0%] Built target jsk_footstep_msgs_generate_messages_cpp
[4.554s] [35m[1mScanning dependencies of target actionlib_msgs_generate_messages_cpp[0m
[4.572s] [  0%] Built target actionlib_msgs_generate_messages_cpp
[4.588s] [35m[1mScanning dependencies of target tf_generate_messages_eus[0m
[4.608s] [  0%] Built target tf_generate_messages_eus
[4.623s] [35m[1mScanning dependencies of target tf_generate_messages_lisp[0m
[4.638s] [  0%] Built target tf_generate_messages_lisp
[4.653s] [35m[1mScanning dependencies of target tf_generate_messages_nodejs[0m
[4.672s] [  0%] Built target tf_generate_messages_nodejs
[4.688s] [35m[1mScanning dependencies of target jsk_recognition_msgs_generate_messages_nodejs[0m
[4.703s] [  0%] Built target jsk_recognition_msgs_generate_messages_nodejs
[4.719s] [35m[1mScanning dependencies of target roscpp_generate_messages_lisp[0m
[4.736s] [  0%] Built target roscpp_generate_messages_lisp
[4.752s] [35m[1mScanning dependencies of target roscpp_generate_messages_py[0m
[4.767s] [  0%] Built target roscpp_generate_messages_py
[4.783s] [35m[1mScanning dependencies of target rosgraph_msgs_generate_messages_lisp[0m
[4.800s] [  0%] Built target rosgraph_msgs_generate_messages_lisp
[4.815s] [35m[1mScanning dependencies of target rosgraph_msgs_generate_messages_nodejs[0m
[4.831s] [  0%] Built target rosgraph_msgs_generate_messages_nodejs
[4.846s] [35m[1mScanning dependencies of target vector_map_server_generate_messages_py[0m
[4.864s] [  0%] Built target vector_map_server_generate_messages_py
[4.881s] [35m[1mScanning dependencies of target roscpp_generate_messages_eus[0m
[4.900s] [  0%] Built target roscpp_generate_messages_eus
[4.915s] [35m[1mScanning dependencies of target actionlib_msgs_generate_messages_eus[0m
[4.932s] [  0%] Built target actionlib_msgs_generate_messages_eus
[4.948s] [35m[1mScanning dependencies of target rosgraph_msgs_generate_messages_py[0m
[4.964s] [  0%] Built target rosgraph_msgs_generate_messages_py
[4.979s] [35m[1mScanning dependencies of target pcl_msgs_generate_messages_py[0m
[4.995s] [  0%] Built target pcl_msgs_generate_messages_py
[5.013s] [35m[1mScanning dependencies of target actionlib_generate_messages_eus[0m
[5.032s] [  0%] Built target actionlib_generate_messages_eus
[5.047s] [35m[1mScanning dependencies of target geometry_msgs_generate_messages_cpp[0m
[5.062s] [  0%] Built target geometry_msgs_generate_messages_cpp
[5.080s] [35m[1mScanning dependencies of target actionlib_generate_messages_lisp[0m
[5.096s] [  0%] Built target actionlib_generate_messages_lisp
[5.111s] [35m[1mScanning dependencies of target pcl_msgs_generate_messages_lisp[0m
[5.127s] [  0%] Built target pcl_msgs_generate_messages_lisp
[5.146s] [35m[1mScanning dependencies of target tf_generate_messages_cpp[0m
[5.164s] [  0%] Built target tf_generate_messages_cpp
[5.180s] [35m[1mScanning dependencies of target actionlib_generate_messages_nodejs[0m
[5.196s] [  0%] Built target actionlib_generate_messages_nodejs
[5.210s] [35m[1mScanning dependencies of target tf2_msgs_generate_messages_lisp[0m
[5.227s] [  0%] Built target tf2_msgs_generate_messages_lisp
[5.242s] [35m[1mScanning dependencies of target actionlib_generate_messages_py[0m
[5.257s] [  0%] Built target actionlib_generate_messages_py
[5.273s] [35m[1mScanning dependencies of target tf2_msgs_generate_messages_py[0m
[5.288s] [  0%] Built target tf2_msgs_generate_messages_py
[5.303s] [35m[1mScanning dependencies of target tf2_msgs_generate_messages_nodejs[0m
[5.319s] [  0%] Built target tf2_msgs_generate_messages_nodejs
[5.334s] [35m[1mScanning dependencies of target tf2_msgs_generate_messages_eus[0m
[5.349s] [  0%] Built target tf2_msgs_generate_messages_eus
[5.364s] [35m[1mScanning dependencies of target visualization_msgs_generate_messages_cpp[0m
[5.381s] [  0%] Built target visualization_msgs_generate_messages_cpp
[5.396s] [35m[1mScanning dependencies of target vector_map_server_generate_messages_cpp[0m
[5.412s] [  0%] Built target vector_map_server_generate_messages_cpp
[5.426s] [35m[1mScanning dependencies of target visualization_msgs_generate_messages_eus[0m
[5.442s] [  0%] Built target visualization_msgs_generate_messages_eus
[5.457s] [35m[1mScanning dependencies of target visualization_msgs_generate_messages_py[0m
[5.472s] [  0%] Built target visualization_msgs_generate_messages_py
[5.487s] [35m[1mScanning dependencies of target vector_map_msgs_generate_messages_cpp[0m
[5.503s] [  0%] Built target vector_map_msgs_generate_messages_cpp
[5.519s] [35m[1mScanning dependencies of target pcl_msgs_generate_messages_eus[0m
[5.534s] [  0%] Built target pcl_msgs_generate_messages_eus
[5.549s] [35m[1mScanning dependencies of target actionlib_generate_messages_cpp[0m
[5.564s] [  0%] Built target actionlib_generate_messages_cpp
[5.580s] [35m[1mScanning dependencies of target roscpp_generate_messages_cpp[0m
[5.595s] [  0%] Built target roscpp_generate_messages_cpp
[5.610s] [35m[1mScanning dependencies of target vector_map_server_generate_messages_eus[0m
[5.624s] [  0%] Built target vector_map_server_generate_messages_eus
[5.640s] [35m[1mScanning dependencies of target sensor_msgs_generate_messages_nodejs[0m
[5.655s] [  0%] Built target sensor_msgs_generate_messages_nodejs
[5.670s] [35m[1mScanning dependencies of target geometry_msgs_generate_messages_py[0m
[5.685s] [  0%] Built target geometry_msgs_generate_messages_py
[5.700s] [35m[1mScanning dependencies of target vector_map_msgs_generate_messages_lisp[0m
[5.715s] [  0%] Built target vector_map_msgs_generate_messages_lisp
[5.730s] [35m[1mScanning dependencies of target vector_map_msgs_generate_messages_nodejs[0m
[5.746s] [  0%] Built target vector_map_msgs_generate_messages_nodejs
[5.761s] [35m[1mScanning dependencies of target vector_map_msgs_generate_messages_py[0m
[5.775s] [  0%] Built target vector_map_msgs_generate_messages_py
[5.791s] [35m[1mScanning dependencies of target vector_map_server_generate_messages_nodejs[0m
[5.807s] [  0%] Built target vector_map_server_generate_messages_nodejs
[5.823s] [35m[1mScanning dependencies of target ff_waypoint_follower[0m
[5.874s] [ 33%] [32mBuilding CXX object CMakeFiles/ff_waypoint_follower.dir/nodes/ff_waypoint_follower.cpp.o[0m
[12.721s] [ 66%] [32mBuilding CXX object CMakeFiles/ff_waypoint_follower.dir/nodes/ff_waypoint_follower_core.cpp.o[0m
[25.052s] [100%] [32m[1mLinking CXX executable devel/lib/ff_waypoint_follower/ff_waypoint_follower[0m
[25.394s] [100%] Built target ff_waypoint_follower
[25.412s] Invoked command in '/home/ros/autoware.ai/build/ff_waypoint_follower' returned '0': CMAKE_PREFIX_PATH=/home/ros/autoware.ai/install/op_simu:/home/ros/autoware.ai/install/op_planner:/home/ros/autoware.ai/install/op_utility:/home/ros/autoware.ai/install/map_file:/home/ros/autoware.ai/install/vector_map_server:/home/ros/autoware.ai/install/libwaypoint_follower:/home/ros/autoware.ai/install/lanelet2_extension:/home/ros/autoware.ai/install/vector_map:/home/ros/autoware.ai/install/amathutils_lib:/home/ros/autoware.ai/install/vector_map_msgs:/home/ros/autoware.ai/install/autoware_msgs:/home/ros/autoware.ai/install/autoware_lanelet2_msgs:/home/ros/autoware.ai/install/autoware_build_flags:${CMAKE_PREFIX_PATH} LD_LIBRARY_PATH=/home/ros/autoware.ai/install/op_simu/lib:/home/ros/autoware.ai/install/op_planner/lib:/home/ros/autoware.ai/install/op_utility/lib:/home/ros/autoware.ai/install/map_file/lib:/home/ros/autoware.ai/install/libwaypoint_follower/lib:/home/ros/autoware.ai/install/lanelet2_extension/lib:/home/ros/autoware.ai/install/vector_map/lib:/home/ros/autoware.ai/install/amathutils_lib/lib:${LD_LIBRARY_PATH} PKG_CONFIG_PATH=/home/ros/autoware.ai/install/op_simu/lib/x86_64-linux-gnu/pkgconfig:/home/ros/autoware.ai/install/op_simu/lib/pkgconfig:/home/ros/autoware.ai/install/op_planner/lib/x86_64-linux-gnu/pkgconfig:/home/ros/autoware.ai/install/op_planner/lib/pkgconfig:/home/ros/autoware.ai/install/op_utility/lib/x86_64-linux-gnu/pkgconfig:/home/ros/autoware.ai/install/op_utility/lib/pkgconfig:/home/ros/autoware.ai/install/map_file/lib/x86_64-linux-gnu/pkgconfig:/home/ros/autoware.ai/install/map_file/lib/pkgconfig:/home/ros/autoware.ai/install/vector_map_server/lib/x86_64-linux-gnu/pkgconfig:/home/ros/autoware.ai/install/vector_map_server/lib/pkgconfig:/home/ros/autoware.ai/install/libwaypoint_follower/lib/x86_64-linux-gnu/pkgconfig:/home/ros/autoware.ai/install/libwaypoint_follower/lib/pkgconfig:/home/ros/autoware.ai/install/lanelet2_extension/lib/x86_64-linux-gnu/pkgconfig:/home/ros/autoware.ai/install/lanelet2_extension/lib/pkgconfig:/home/ros/autoware.ai/install/vector_map/lib/x86_64-linux-gnu/pkgconfig:/home/ros/autoware.ai/install/vector_map/lib/pkgconfig:/home/ros/autoware.ai/install/amathutils_lib/lib/x86_64-linux-gnu/pkgconfig:/home/ros/autoware.ai/install/amathutils_lib/lib/pkgconfig:/home/ros/autoware.ai/install/vector_map_msgs/lib/x86_64-linux-gnu/pkgconfig:/home/ros/autoware.ai/install/vector_map_msgs/lib/pkgconfig:/home/ros/autoware.ai/install/autoware_msgs/lib/x86_64-linux-gnu/pkgconfig:/home/ros/autoware.ai/install/autoware_msgs/lib/pkgconfig:/home/ros/autoware.ai/install/autoware_lanelet2_msgs/lib/x86_64-linux-gnu/pkgconfig:/home/ros/autoware.ai/install/autoware_lanelet2_msgs/lib/pkgconfig:/home/ros/autoware.ai/install/autoware_build_flags/lib/x86_64-linux-gnu/pkgconfig:/home/ros/autoware.ai/install/autoware_build_flags/lib/pkgconfig:${PKG_CONFIG_PATH} PYTHONPATH=/home/ros/autoware.ai/install/vector_map_server/lib/python2.7/dist-packages:/home/ros/autoware.ai/install/vector_map_msgs/lib/python2.7/dist-packages:/home/ros/autoware.ai/install/autoware_msgs/lib/python2.7/dist-packages:/home/ros/autoware.ai/install/autoware_lanelet2_msgs/lib/python2.7/dist-packages:${PYTHONPATH} ROS_PACKAGE_PATH=/home/ros/autoware.ai/install/op_simu/share:/home/ros/autoware.ai/install/op_planner/share:/home/ros/autoware.ai/install/op_utility/share:/home/ros/autoware.ai/install/map_file/share:/home/ros/autoware.ai/install/vector_map_server/share:/home/ros/autoware.ai/install/libwaypoint_follower/share:/home/ros/autoware.ai/install/lanelet2_extension/share:/home/ros/autoware.ai/install/vector_map/share:/home/ros/autoware.ai/install/amathutils_lib/share:/home/ros/autoware.ai/install/vector_map_msgs/share:/home/ros/autoware.ai/install/autoware_msgs/share:/home/ros/autoware.ai/install/autoware_lanelet2_msgs/share:/home/ros/autoware.ai/install/autoware_build_flags/share:${ROS_PACKAGE_PATH} /usr/bin/cmake --build /home/ros/autoware.ai/build/ff_waypoint_follower -- -j12 -l12
[25.502s] Invoking command in '/home/ros/autoware.ai/build/ff_waypoint_follower': CMAKE_PREFIX_PATH=/home/ros/autoware.ai/install/op_simu:/home/ros/autoware.ai/install/op_planner:/home/ros/autoware.ai/install/op_utility:/home/ros/autoware.ai/install/map_file:/home/ros/autoware.ai/install/vector_map_server:/home/ros/autoware.ai/install/libwaypoint_follower:/home/ros/autoware.ai/install/lanelet2_extension:/home/ros/autoware.ai/install/vector_map:/home/ros/autoware.ai/install/amathutils_lib:/home/ros/autoware.ai/install/vector_map_msgs:/home/ros/autoware.ai/install/autoware_msgs:/home/ros/autoware.ai/install/autoware_lanelet2_msgs:/home/ros/autoware.ai/install/autoware_build_flags:${CMAKE_PREFIX_PATH} LD_LIBRARY_PATH=/home/ros/autoware.ai/install/op_simu/lib:/home/ros/autoware.ai/install/op_planner/lib:/home/ros/autoware.ai/install/op_utility/lib:/home/ros/autoware.ai/install/map_file/lib:/home/ros/autoware.ai/install/libwaypoint_follower/lib:/home/ros/autoware.ai/install/lanelet2_extension/lib:/home/ros/autoware.ai/install/vector_map/lib:/home/ros/autoware.ai/install/amathutils_lib/lib:${LD_LIBRARY_PATH} PKG_CONFIG_PATH=/home/ros/autoware.ai/install/op_simu/lib/x86_64-linux-gnu/pkgconfig:/home/ros/autoware.ai/install/op_simu/lib/pkgconfig:/home/ros/autoware.ai/install/op_planner/lib/x86_64-linux-gnu/pkgconfig:/home/ros/autoware.ai/install/op_planner/lib/pkgconfig:/home/ros/autoware.ai/install/op_utility/lib/x86_64-linux-gnu/pkgconfig:/home/ros/autoware.ai/install/op_utility/lib/pkgconfig:/home/ros/autoware.ai/install/map_file/lib/x86_64-linux-gnu/pkgconfig:/home/ros/autoware.ai/install/map_file/lib/pkgconfig:/home/ros/autoware.ai/install/vector_map_server/lib/x86_64-linux-gnu/pkgconfig:/home/ros/autoware.ai/install/vector_map_server/lib/pkgconfig:/home/ros/autoware.ai/install/libwaypoint_follower/lib/x86_64-linux-gnu/pkgconfig:/home/ros/autoware.ai/install/libwaypoint_follower/lib/pkgconfig:/home/ros/autoware.ai/install/lanelet2_extension/lib/x86_64-linux-gnu/pkgconfig:/home/ros/autoware.ai/install/lanelet2_extension/lib/pkgconfig:/home/ros/autoware.ai/install/vector_map/lib/x86_64-linux-gnu/pkgconfig:/home/ros/autoware.ai/install/vector_map/lib/pkgconfig:/home/ros/autoware.ai/install/amathutils_lib/lib/x86_64-linux-gnu/pkgconfig:/home/ros/autoware.ai/install/amathutils_lib/lib/pkgconfig:/home/ros/autoware.ai/install/vector_map_msgs/lib/x86_64-linux-gnu/pkgconfig:/home/ros/autoware.ai/install/vector_map_msgs/lib/pkgconfig:/home/ros/autoware.ai/install/autoware_msgs/lib/x86_64-linux-gnu/pkgconfig:/home/ros/autoware.ai/install/autoware_msgs/lib/pkgconfig:/home/ros/autoware.ai/install/autoware_lanelet2_msgs/lib/x86_64-linux-gnu/pkgconfig:/home/ros/autoware.ai/install/autoware_lanelet2_msgs/lib/pkgconfig:/home/ros/autoware.ai/install/autoware_build_flags/lib/x86_64-linux-gnu/pkgconfig:/home/ros/autoware.ai/install/autoware_build_flags/lib/pkgconfig:${PKG_CONFIG_PATH} PYTHONPATH=/home/ros/autoware.ai/install/vector_map_server/lib/python2.7/dist-packages:/home/ros/autoware.ai/install/vector_map_msgs/lib/python2.7/dist-packages:/home/ros/autoware.ai/install/autoware_msgs/lib/python2.7/dist-packages:/home/ros/autoware.ai/install/autoware_lanelet2_msgs/lib/python2.7/dist-packages:${PYTHONPATH} ROS_PACKAGE_PATH=/home/ros/autoware.ai/install/op_simu/share:/home/ros/autoware.ai/install/op_planner/share:/home/ros/autoware.ai/install/op_utility/share:/home/ros/autoware.ai/install/map_file/share:/home/ros/autoware.ai/install/vector_map_server/share:/home/ros/autoware.ai/install/libwaypoint_follower/share:/home/ros/autoware.ai/install/lanelet2_extension/share:/home/ros/autoware.ai/install/vector_map/share:/home/ros/autoware.ai/install/amathutils_lib/share:/home/ros/autoware.ai/install/vector_map_msgs/share:/home/ros/autoware.ai/install/autoware_msgs/share:/home/ros/autoware.ai/install/autoware_lanelet2_msgs/share:/home/ros/autoware.ai/install/autoware_build_flags/share:${ROS_PACKAGE_PATH} /usr/bin/cmake --build /home/ros/autoware.ai/build/ff_waypoint_follower --target tests -- -j12 -l12
[25.586s] [35m[1mScanning dependencies of target tests[0m
[25.600s] Built target tests
[25.618s] Invoked command in '/home/ros/autoware.ai/build/ff_waypoint_follower' returned '0': CMAKE_PREFIX_PATH=/home/ros/autoware.ai/install/op_simu:/home/ros/autoware.ai/install/op_planner:/home/ros/autoware.ai/install/op_utility:/home/ros/autoware.ai/install/map_file:/home/ros/autoware.ai/install/vector_map_server:/home/ros/autoware.ai/install/libwaypoint_follower:/home/ros/autoware.ai/install/lanelet2_extension:/home/ros/autoware.ai/install/vector_map:/home/ros/autoware.ai/install/amathutils_lib:/home/ros/autoware.ai/install/vector_map_msgs:/home/ros/autoware.ai/install/autoware_msgs:/home/ros/autoware.ai/install/autoware_lanelet2_msgs:/home/ros/autoware.ai/install/autoware_build_flags:${CMAKE_PREFIX_PATH} LD_LIBRARY_PATH=/home/ros/autoware.ai/install/op_simu/lib:/home/ros/autoware.ai/install/op_planner/lib:/home/ros/autoware.ai/install/op_utility/lib:/home/ros/autoware.ai/install/map_file/lib:/home/ros/autoware.ai/install/libwaypoint_follower/lib:/home/ros/autoware.ai/install/lanelet2_extension/lib:/home/ros/autoware.ai/install/vector_map/lib:/home/ros/autoware.ai/install/amathutils_lib/lib:${LD_LIBRARY_PATH} PKG_CONFIG_PATH=/home/ros/autoware.ai/install/op_simu/lib/x86_64-linux-gnu/pkgconfig:/home/ros/autoware.ai/install/op_simu/lib/pkgconfig:/home/ros/autoware.ai/install/op_planner/lib/x86_64-linux-gnu/pkgconfig:/home/ros/autoware.ai/install/op_planner/lib/pkgconfig:/home/ros/autoware.ai/install/op_utility/lib/x86_64-linux-gnu/pkgconfig:/home/ros/autoware.ai/install/op_utility/lib/pkgconfig:/home/ros/autoware.ai/install/map_file/lib/x86_64-linux-gnu/pkgconfig:/home/ros/autoware.ai/install/map_file/lib/pkgconfig:/home/ros/autoware.ai/install/vector_map_server/lib/x86_64-linux-gnu/pkgconfig:/home/ros/autoware.ai/install/vector_map_server/lib/pkgconfig:/home/ros/autoware.ai/install/libwaypoint_follower/lib/x86_64-linux-gnu/pkgconfig:/home/ros/autoware.ai/install/libwaypoint_follower/lib/pkgconfig:/home/ros/autoware.ai/install/lanelet2_extension/lib/x86_64-linux-gnu/pkgconfig:/home/ros/autoware.ai/install/lanelet2_extension/lib/pkgconfig:/home/ros/autoware.ai/install/vector_map/lib/x86_64-linux-gnu/pkgconfig:/home/ros/autoware.ai/install/vector_map/lib/pkgconfig:/home/ros/autoware.ai/install/amathutils_lib/lib/x86_64-linux-gnu/pkgconfig:/home/ros/autoware.ai/install/amathutils_lib/lib/pkgconfig:/home/ros/autoware.ai/install/vector_map_msgs/lib/x86_64-linux-gnu/pkgconfig:/home/ros/autoware.ai/install/vector_map_msgs/lib/pkgconfig:/home/ros/autoware.ai/install/autoware_msgs/lib/x86_64-linux-gnu/pkgconfig:/home/ros/autoware.ai/install/autoware_msgs/lib/pkgconfig:/home/ros/autoware.ai/install/autoware_lanelet2_msgs/lib/x86_64-linux-gnu/pkgconfig:/home/ros/autoware.ai/install/autoware_lanelet2_msgs/lib/pkgconfig:/home/ros/autoware.ai/install/autoware_build_flags/lib/x86_64-linux-gnu/pkgconfig:/home/ros/autoware.ai/install/autoware_build_flags/lib/pkgconfig:${PKG_CONFIG_PATH} PYTHONPATH=/home/ros/autoware.ai/install/vector_map_server/lib/python2.7/dist-packages:/home/ros/autoware.ai/install/vector_map_msgs/lib/python2.7/dist-packages:/home/ros/autoware.ai/install/autoware_msgs/lib/python2.7/dist-packages:/home/ros/autoware.ai/install/autoware_lanelet2_msgs/lib/python2.7/dist-packages:${PYTHONPATH} ROS_PACKAGE_PATH=/home/ros/autoware.ai/install/op_simu/share:/home/ros/autoware.ai/install/op_planner/share:/home/ros/autoware.ai/install/op_utility/share:/home/ros/autoware.ai/install/map_file/share:/home/ros/autoware.ai/install/vector_map_server/share:/home/ros/autoware.ai/install/libwaypoint_follower/share:/home/ros/autoware.ai/install/lanelet2_extension/share:/home/ros/autoware.ai/install/vector_map/share:/home/ros/autoware.ai/install/amathutils_lib/share:/home/ros/autoware.ai/install/vector_map_msgs/share:/home/ros/autoware.ai/install/autoware_msgs/share:/home/ros/autoware.ai/install/autoware_lanelet2_msgs/share:/home/ros/autoware.ai/install/autoware_build_flags/share:${ROS_PACKAGE_PATH} /usr/bin/cmake --build /home/ros/autoware.ai/build/ff_waypoint_follower --target tests -- -j12 -l12
[25.707s] Invoking command in '/home/ros/autoware.ai/build/ff_waypoint_follower': CMAKE_PREFIX_PATH=/home/ros/autoware.ai/install/op_simu:/home/ros/autoware.ai/install/op_planner:/home/ros/autoware.ai/install/op_utility:/home/ros/autoware.ai/install/map_file:/home/ros/autoware.ai/install/vector_map_server:/home/ros/autoware.ai/install/libwaypoint_follower:/home/ros/autoware.ai/install/lanelet2_extension:/home/ros/autoware.ai/install/vector_map:/home/ros/autoware.ai/install/amathutils_lib:/home/ros/autoware.ai/install/vector_map_msgs:/home/ros/autoware.ai/install/autoware_msgs:/home/ros/autoware.ai/install/autoware_lanelet2_msgs:/home/ros/autoware.ai/install/autoware_build_flags:${CMAKE_PREFIX_PATH} LD_LIBRARY_PATH=/home/ros/autoware.ai/install/op_simu/lib:/home/ros/autoware.ai/install/op_planner/lib:/home/ros/autoware.ai/install/op_utility/lib:/home/ros/autoware.ai/install/map_file/lib:/home/ros/autoware.ai/install/libwaypoint_follower/lib:/home/ros/autoware.ai/install/lanelet2_extension/lib:/home/ros/autoware.ai/install/vector_map/lib:/home/ros/autoware.ai/install/amathutils_lib/lib:${LD_LIBRARY_PATH} PKG_CONFIG_PATH=/home/ros/autoware.ai/install/op_simu/lib/x86_64-linux-gnu/pkgconfig:/home/ros/autoware.ai/install/op_simu/lib/pkgconfig:/home/ros/autoware.ai/install/op_planner/lib/x86_64-linux-gnu/pkgconfig:/home/ros/autoware.ai/install/op_planner/lib/pkgconfig:/home/ros/autoware.ai/install/op_utility/lib/x86_64-linux-gnu/pkgconfig:/home/ros/autoware.ai/install/op_utility/lib/pkgconfig:/home/ros/autoware.ai/install/map_file/lib/x86_64-linux-gnu/pkgconfig:/home/ros/autoware.ai/install/map_file/lib/pkgconfig:/home/ros/autoware.ai/install/vector_map_server/lib/x86_64-linux-gnu/pkgconfig:/home/ros/autoware.ai/install/vector_map_server/lib/pkgconfig:/home/ros/autoware.ai/install/libwaypoint_follower/lib/x86_64-linux-gnu/pkgconfig:/home/ros/autoware.ai/install/libwaypoint_follower/lib/pkgconfig:/home/ros/autoware.ai/install/lanelet2_extension/lib/x86_64-linux-gnu/pkgconfig:/home/ros/autoware.ai/install/lanelet2_extension/lib/pkgconfig:/home/ros/autoware.ai/install/vector_map/lib/x86_64-linux-gnu/pkgconfig:/home/ros/autoware.ai/install/vector_map/lib/pkgconfig:/home/ros/autoware.ai/install/amathutils_lib/lib/x86_64-linux-gnu/pkgconfig:/home/ros/autoware.ai/install/amathutils_lib/lib/pkgconfig:/home/ros/autoware.ai/install/vector_map_msgs/lib/x86_64-linux-gnu/pkgconfig:/home/ros/autoware.ai/install/vector_map_msgs/lib/pkgconfig:/home/ros/autoware.ai/install/autoware_msgs/lib/x86_64-linux-gnu/pkgconfig:/home/ros/autoware.ai/install/autoware_msgs/lib/pkgconfig:/home/ros/autoware.ai/install/autoware_lanelet2_msgs/lib/x86_64-linux-gnu/pkgconfig:/home/ros/autoware.ai/install/autoware_lanelet2_msgs/lib/pkgconfig:/home/ros/autoware.ai/install/autoware_build_flags/lib/x86_64-linux-gnu/pkgconfig:/home/ros/autoware.ai/install/autoware_build_flags/lib/pkgconfig:${PKG_CONFIG_PATH} PYTHONPATH=/home/ros/autoware.ai/install/vector_map_server/lib/python2.7/dist-packages:/home/ros/autoware.ai/install/vector_map_msgs/lib/python2.7/dist-packages:/home/ros/autoware.ai/install/autoware_msgs/lib/python2.7/dist-packages:/home/ros/autoware.ai/install/autoware_lanelet2_msgs/lib/python2.7/dist-packages:${PYTHONPATH} ROS_PACKAGE_PATH=/home/ros/autoware.ai/install/op_simu/share:/home/ros/autoware.ai/install/op_planner/share:/home/ros/autoware.ai/install/op_utility/share:/home/ros/autoware.ai/install/map_file/share:/home/ros/autoware.ai/install/vector_map_server/share:/home/ros/autoware.ai/install/libwaypoint_follower/share:/home/ros/autoware.ai/install/lanelet2_extension/share:/home/ros/autoware.ai/install/vector_map/share:/home/ros/autoware.ai/install/amathutils_lib/share:/home/ros/autoware.ai/install/vector_map_msgs/share:/home/ros/autoware.ai/install/autoware_msgs/share:/home/ros/autoware.ai/install/autoware_lanelet2_msgs/share:/home/ros/autoware.ai/install/autoware_build_flags/share:${ROS_PACKAGE_PATH} /usr/bin/cmake --build /home/ros/autoware.ai/build/ff_waypoint_follower --target install -- -j12 -l12
[25.786s] [  0%] Built target vector_map_msgs_generate_messages_eus
[25.814s] [  0%] Built target rosgraph_msgs_generate_messages_eus
[25.843s] [  0%] Built target jsk_recognition_msgs_generate_messages_lisp
[25.873s] [  0%] Built target jsk_recognition_msgs_generate_messages_eus
[25.901s] [  0%] Built target tf2_msgs_generate_messages_cpp
[25.931s] [  0%] Built target std_msgs_generate_messages_py
[25.959s] [  0%] Built target autoware_msgs_generate_messages_py
[25.988s] [  0%] Built target std_msgs_generate_messages_nodejs
[26.016s] [  0%] Built target sensor_msgs_generate_messages_eus
[26.045s] [  0%] Built target _catkin_empty_exported_target
[26.074s] [  0%] Built target sensor_msgs_generate_messages_cpp
[26.103s] [  0%] Built target autoware_msgs_generate_messages_cpp
[26.132s] [  0%] Built target rosgraph_msgs_generate_messages_cpp
[26.161s] [  0%] Built target pcl_msgs_generate_messages_nodejs
[26.190s] [  0%] Built target jsk_recognition_msgs_generate_messages_py
[26.219s] [  0%] Built target sensor_msgs_generate_messages_lisp
[26.247s] [  0%] Built target sensor_msgs_generate_messages_py
[26.276s] [  0%] Built target tf_generate_messages_py
[26.305s] [  0%] Built target std_msgs_generate_messages_cpp
[26.333s] [  0%] Built target jsk_footstep_msgs_generate_messages_py
[26.363s] [  0%] Built target visualization_msgs_generate_messages_nodejs
[26.392s] [  0%] Built target actionlib_msgs_generate_messages_nodejs
[26.420s] [  0%] Built target geometry_msgs_generate_messages_eus
[26.448s] [  0%] Built target std_msgs_generate_messages_lisp
[26.477s] [  0%] Built target roscpp_generate_messages_nodejs
[26.506s] [  0%] Built target geometry_msgs_generate_messages_nodejs
[26.535s] [  0%] Built target geometry_msgs_generate_messages_lisp
[26.563s] [  0%] Built target pcl_msgs_generate_messages_cpp
[26.595s] [  0%] Built target jsk_recognition_msgs_generate_messages_cpp
[26.625s] [  0%] Built target autoware_msgs_generate_messages_eus
[26.655s] [  0%] Built target autoware_msgs_generate_messages_lisp
[26.686s] [  0%] Built target visualization_msgs_generate_messages_lisp
[26.717s] [  0%] Built target std_msgs_generate_messages_eus
[26.747s] [  0%] Built target autoware_msgs_generate_messages_nodejs
[26.778s] [  0%] Built target jsk_footstep_msgs_generate_messages_eus
[26.808s] [  0%] Built target actionlib_msgs_generate_messages_py
[26.839s] [  0%] Built target vector_map_server_generate_messages_lisp
[26.871s] [  0%] Built target jsk_footstep_msgs_generate_messages_lisp
[26.902s] [  0%] Built target jsk_footstep_msgs_generate_messages_nodejs
[26.931s] [  0%] Built target actionlib_msgs_generate_messages_lisp
[26.962s] [  0%] Built target jsk_footstep_msgs_generate_messages_cpp
[26.992s] [  0%] Built target actionlib_msgs_generate_messages_cpp
[27.023s] [  0%] Built target tf_generate_messages_eus
[27.052s] [  0%] Built target tf_generate_messages_lisp
[27.081s] [  0%] Built target tf_generate_messages_nodejs
[27.112s] [  0%] Built target jsk_recognition_msgs_generate_messages_nodejs
[27.141s] [  0%] Built target roscpp_generate_messages_lisp
[27.172s] [  0%] Built target roscpp_generate_messages_py
[27.203s] [  0%] Built target rosgraph_msgs_generate_messages_lisp
[27.232s] [  0%] Built target rosgraph_msgs_generate_messages_nodejs
[27.262s] [  0%] Built target vector_map_server_generate_messages_py
[27.291s] [  0%] Built target roscpp_generate_messages_eus
[27.324s] [  0%] Built target actionlib_msgs_generate_messages_eus
[27.353s] [  0%] Built target rosgraph_msgs_generate_messages_py
[27.385s] [  0%] Built target pcl_msgs_generate_messages_py
[27.416s] [  0%] Built target actionlib_generate_messages_eus
[27.448s] [  0%] Built target geometry_msgs_generate_messages_cpp
[27.481s] [  0%] Built target actionlib_generate_messages_lisp
[27.517s] [  0%] Built target pcl_msgs_generate_messages_lisp
[27.546s] [  0%] Built target tf_generate_messages_cpp
[27.576s] [  0%] Built target actionlib_generate_messages_nodejs
[27.605s] [  0%] Built target tf2_msgs_generate_messages_lisp
[27.635s] [  0%] Built target actionlib_generate_messages_py
[27.664s] [  0%] Built target tf2_msgs_generate_messages_py
[27.696s] [  0%] Built target tf2_msgs_generate_messages_nodejs
[27.724s] [  0%] Built target tf2_msgs_generate_messages_eus
[27.753s] [  0%] Built target visualization_msgs_generate_messages_cpp
[27.782s] [  0%] Built target vector_map_server_generate_messages_cpp
[27.813s] [  0%] Built target visualization_msgs_generate_messages_eus
[27.842s] [  0%] Built target visualization_msgs_generate_messages_py
[27.871s] [  0%] Built target vector_map_msgs_generate_messages_cpp
[27.902s] [  0%] Built target pcl_msgs_generate_messages_eus
[27.932s] [  0%] Built target actionlib_generate_messages_cpp
[27.962s] [  0%] Built target roscpp_generate_messages_cpp
[27.992s] [  0%] Built target vector_map_server_generate_messages_eus
[28.022s] [  0%] Built target sensor_msgs_generate_messages_nodejs
[28.053s] [  0%] Built target geometry_msgs_generate_messages_py
[28.084s] [  0%] Built target vector_map_msgs_generate_messages_lisp
[28.114s] [  0%] Built target vector_map_msgs_generate_messages_nodejs
[28.147s] [  0%] Built target vector_map_msgs_generate_messages_py
[28.177s] [  0%] Built target vector_map_server_generate_messages_nodejs
[28.220s] [100%] Built target ff_waypoint_follower
[28.252s] [36mInstall the project...[0m
[28.265s] -- Install configuration: "Release"
[28.265s] -- Installing: /home/ros/autoware.ai/install/ff_waypoint_follower/lib/pkgconfig/ff_waypoint_follower.pc
[28.266s] -- Installing: /home/ros/autoware.ai/install/ff_waypoint_follower/share/ff_waypoint_follower/cmake/ff_waypoint_followerConfig.cmake
[28.266s] -- Installing: /home/ros/autoware.ai/install/ff_waypoint_follower/share/ff_waypoint_follower/cmake/ff_waypoint_followerConfig-version.cmake
[28.266s] -- Installing: /home/ros/autoware.ai/install/ff_waypoint_follower/share/ff_waypoint_follower/package.xml
[28.266s] -- Installing: /home/ros/autoware.ai/install/ff_waypoint_follower/lib/ff_waypoint_follower/ff_waypoint_follower
[28.271s] -- Set runtime path of "/home/ros/autoware.ai/install/ff_waypoint_follower/lib/ff_waypoint_follower/ff_waypoint_follower" to ""
[28.271s] -- Installing: /home/ros/autoware.ai/install/ff_waypoint_follower/share/ff_waypoint_follower/launch
[28.271s] -- Installing: /home/ros/autoware.ai/install/ff_waypoint_follower/share/ff_waypoint_follower/launch/ffwaypointfollower_car.launch
[28.271s] -- Installing: /home/ros/autoware.ai/install/ff_waypoint_follower/share/ff_waypoint_follower/launch/ffwaypointfollower_robot.launch
[28.272s] -- Installing: /home/ros/autoware.ai/install/ff_waypoint_follower/share/ff_waypoint_follower/params
[28.272s] -- Installing: /home/ros/autoware.ai/install/ff_waypoint_follower/share/ff_waypoint_follower/params/config.yaml
[28.279s] Invoked command in '/home/ros/autoware.ai/build/ff_waypoint_follower' returned '0': CMAKE_PREFIX_PATH=/home/ros/autoware.ai/install/op_simu:/home/ros/autoware.ai/install/op_planner:/home/ros/autoware.ai/install/op_utility:/home/ros/autoware.ai/install/map_file:/home/ros/autoware.ai/install/vector_map_server:/home/ros/autoware.ai/install/libwaypoint_follower:/home/ros/autoware.ai/install/lanelet2_extension:/home/ros/autoware.ai/install/vector_map:/home/ros/autoware.ai/install/amathutils_lib:/home/ros/autoware.ai/install/vector_map_msgs:/home/ros/autoware.ai/install/autoware_msgs:/home/ros/autoware.ai/install/autoware_lanelet2_msgs:/home/ros/autoware.ai/install/autoware_build_flags:${CMAKE_PREFIX_PATH} LD_LIBRARY_PATH=/home/ros/autoware.ai/install/op_simu/lib:/home/ros/autoware.ai/install/op_planner/lib:/home/ros/autoware.ai/install/op_utility/lib:/home/ros/autoware.ai/install/map_file/lib:/home/ros/autoware.ai/install/libwaypoint_follower/lib:/home/ros/autoware.ai/install/lanelet2_extension/lib:/home/ros/autoware.ai/install/vector_map/lib:/home/ros/autoware.ai/install/amathutils_lib/lib:${LD_LIBRARY_PATH} PKG_CONFIG_PATH=/home/ros/autoware.ai/install/op_simu/lib/x86_64-linux-gnu/pkgconfig:/home/ros/autoware.ai/install/op_simu/lib/pkgconfig:/home/ros/autoware.ai/install/op_planner/lib/x86_64-linux-gnu/pkgconfig:/home/ros/autoware.ai/install/op_planner/lib/pkgconfig:/home/ros/autoware.ai/install/op_utility/lib/x86_64-linux-gnu/pkgconfig:/home/ros/autoware.ai/install/op_utility/lib/pkgconfig:/home/ros/autoware.ai/install/map_file/lib/x86_64-linux-gnu/pkgconfig:/home/ros/autoware.ai/install/map_file/lib/pkgconfig:/home/ros/autoware.ai/install/vector_map_server/lib/x86_64-linux-gnu/pkgconfig:/home/ros/autoware.ai/install/vector_map_server/lib/pkgconfig:/home/ros/autoware.ai/install/libwaypoint_follower/lib/x86_64-linux-gnu/pkgconfig:/home/ros/autoware.ai/install/libwaypoint_follower/lib/pkgconfig:/home/ros/autoware.ai/install/lanelet2_extension/lib/x86_64-linux-gnu/pkgconfig:/home/ros/autoware.ai/install/lanelet2_extension/lib/pkgconfig:/home/ros/autoware.ai/install/vector_map/lib/x86_64-linux-gnu/pkgconfig:/home/ros/autoware.ai/install/vector_map/lib/pkgconfig:/home/ros/autoware.ai/install/amathutils_lib/lib/x86_64-linux-gnu/pkgconfig:/home/ros/autoware.ai/install/amathutils_lib/lib/pkgconfig:/home/ros/autoware.ai/install/vector_map_msgs/lib/x86_64-linux-gnu/pkgconfig:/home/ros/autoware.ai/install/vector_map_msgs/lib/pkgconfig:/home/ros/autoware.ai/install/autoware_msgs/lib/x86_64-linux-gnu/pkgconfig:/home/ros/autoware.ai/install/autoware_msgs/lib/pkgconfig:/home/ros/autoware.ai/install/autoware_lanelet2_msgs/lib/x86_64-linux-gnu/pkgconfig:/home/ros/autoware.ai/install/autoware_lanelet2_msgs/lib/pkgconfig:/home/ros/autoware.ai/install/autoware_build_flags/lib/x86_64-linux-gnu/pkgconfig:/home/ros/autoware.ai/install/autoware_build_flags/lib/pkgconfig:${PKG_CONFIG_PATH} PYTHONPATH=/home/ros/autoware.ai/install/vector_map_server/lib/python2.7/dist-packages:/home/ros/autoware.ai/install/vector_map_msgs/lib/python2.7/dist-packages:/home/ros/autoware.ai/install/autoware_msgs/lib/python2.7/dist-packages:/home/ros/autoware.ai/install/autoware_lanelet2_msgs/lib/python2.7/dist-packages:${PYTHONPATH} ROS_PACKAGE_PATH=/home/ros/autoware.ai/install/op_simu/share:/home/ros/autoware.ai/install/op_planner/share:/home/ros/autoware.ai/install/op_utility/share:/home/ros/autoware.ai/install/map_file/share:/home/ros/autoware.ai/install/vector_map_server/share:/home/ros/autoware.ai/install/libwaypoint_follower/share:/home/ros/autoware.ai/install/lanelet2_extension/share:/home/ros/autoware.ai/install/vector_map/share:/home/ros/autoware.ai/install/amathutils_lib/share:/home/ros/autoware.ai/install/vector_map_msgs/share:/home/ros/autoware.ai/install/autoware_msgs/share:/home/ros/autoware.ai/install/autoware_lanelet2_msgs/share:/home/ros/autoware.ai/install/autoware_build_flags/share:${ROS_PACKAGE_PATH} /usr/bin/cmake --build /home/ros/autoware.ai/build/ff_waypoint_follower --target install -- -j12 -l12
