[0.029s] Invoking command in '/home/ros/autoware.ai/build/vision_ssd_detect': CMAKE_PREFIX_PATH=/home/ros/autoware.ai/install/gnss:/home/ros/autoware.ai/install/autoware_msgs:/home/ros/autoware.ai/install/autoware_config_msgs:/home/ros/autoware.ai/install/autoware_build_flags:${CMAKE_PREFIX_PATH} LD_LIBRARY_PATH=/home/ros/autoware.ai/install/gnss/lib:${LD_LIBRARY_PATH} PKG_CONFIG_PATH=/home/ros/autoware.ai/install/gnss/lib/x86_64-linux-gnu/pkgconfig:/home/ros/autoware.ai/install/gnss/lib/pkgconfig:/home/ros/autoware.ai/install/autoware_msgs/lib/x86_64-linux-gnu/pkgconfig:/home/ros/autoware.ai/install/autoware_msgs/lib/pkgconfig:/home/ros/autoware.ai/install/autoware_config_msgs/lib/x86_64-linux-gnu/pkgconfig:/home/ros/autoware.ai/install/autoware_config_msgs/lib/pkgconfig:/home/ros/autoware.ai/install/autoware_build_flags/lib/x86_64-linux-gnu/pkgconfig:/home/ros/autoware.ai/install/autoware_build_flags/lib/pkgconfig:${PKG_CONFIG_PATH} PYTHONPATH=/home/ros/autoware.ai/install/autoware_msgs/lib/python2.7/dist-packages:/home/ros/autoware.ai/install/autoware_config_msgs/lib/python2.7/dist-packages:${PYTHONPATH} ROS_PACKAGE_PATH=/home/ros/autoware.ai/install/gnss/share:/home/ros/autoware.ai/install/autoware_msgs/share:/home/ros/autoware.ai/install/autoware_config_msgs/share:/home/ros/autoware.ai/install/autoware_build_flags/share:${ROS_PACKAGE_PATH} /usr/bin/cmake /home/ros/autoware.ai/src/autoware/core_perception/vision_ssd_detect -DCMAKE_BUILD_TYPE=Release -DCATKIN_INSTALL_INTO_PREFIX_ROOT=0 -DCMAKE_INSTALL_PREFIX=/home/ros/autoware.ai/install/vision_ssd_detect
[0.115s] -- The C compiler identification is GNU 7.5.0
[0.227s] -- The CXX compiler identification is GNU 7.5.0
[0.234s] -- Check for working C compiler: /usr/bin/cc
[0.416s] -- Check for working C compiler: /usr/bin/cc -- works
[0.417s] -- Detecting C compiler ABI info
[0.554s] -- Detecting C compiler ABI info - done
[0.568s] -- Detecting C compile features
[0.943s] -- Detecting C compile features - done
[0.947s] -- Check for working CXX compiler: /usr/bin/c++
[1.084s] -- Check for working CXX compiler: /usr/bin/c++ -- works
[1.085s] -- Detecting CXX compiler ABI info
[1.245s] -- Detecting CXX compiler ABI info - done
[1.257s] -- Detecting CXX compile features
[1.877s] -- Detecting CXX compile features - done
[1.881s] -- Found PkgConfig: /usr/bin/pkg-config (found version "0.29.1") 
[1.883s] -- CUDA compilation status: .
[1.885s] -- Using CATKIN_DEVEL_PREFIX: /home/ros/autoware.ai/build/vision_ssd_detect/devel
[1.885s] -- Using CMAKE_PREFIX_PATH: /home/ros/autoware.ai/install/gnss;/home/ros/autoware.ai/install/autoware_msgs;/home/ros/autoware.ai/install/autoware_config_msgs;/home/ros/autoware.ai/install/autoware_build_flags;/opt/ros/melodic
[1.885s] -- This workspace overlays: /home/ros/autoware.ai/install/gnss;/home/ros/autoware.ai/install/autoware_msgs;/home/ros/autoware.ai/install/autoware_config_msgs;/home/ros/autoware.ai/install/autoware_build_flags;/opt/ros/melodic
[1.912s] -- Found PythonInterp: /usr/bin/python2 (found suitable version "2.7.17", minimum required is "2") 
[1.913s] -- Using PYTHON_EXECUTABLE: /usr/bin/python2
[1.913s] -- Using Debian Python package layout
[1.913s] -- Using empy: /usr/bin/empy
[2.145s] -- Using CATKIN_ENABLE_TESTING: ON
[2.145s] -- Call enable_testing()
[2.156s] -- Using CATKIN_TEST_RESULTS_DIR: /home/ros/autoware.ai/build/vision_ssd_detect/test_results
[2.181s] -- Found gtest sources under '/usr/src/googletest': gtests will be built
[2.181s] -- Found gmock sources under '/usr/src/googletest': gmock will be built
[2.206s] -- Found PythonInterp: /usr/bin/python2 (found version "2.7.17") 
[2.210s] -- Looking for pthread.h
[2.433s] -- Looking for pthread.h - found
[2.433s] -- Looking for pthread_create
[2.583s] -- Looking for pthread_create - not found
[2.583s] -- Looking for pthread_create in pthreads
[2.732s] -- Looking for pthread_create in pthreads - not found
[2.732s] -- Looking for pthread_create in pthread
[2.908s] -- Looking for pthread_create in pthread - found
[2.910s] -- Found Threads: TRUE  
[2.916s] -- Using Python nosetests: /usr/bin/nosetests-2.7
[3.002s] -- catkin 0.7.29
[3.002s] -- BUILD_SHARED_LIBS is on
[3.465s] -- Using these message generators: gencpp;geneus;genlisp;gennodejs;genpy
[3.746s] CUDA_TOOLKIT_ROOT_DIR not found or specified
[3.758s] -- Could NOT find CUDA (missing: CUDA_TOOLKIT_ROOT_DIR CUDA_NVCC_EXECUTABLE CUDA_INCLUDE_DIRS CUDA_CUDART_LIBRARY) 
[3.781s] -- Found OpenCV: /usr (found version "3.2.0") 
[3.959s] CMake Warning at /home/ros/autoware.ai/install/autoware_build_flags/share/autoware_build_flags/cmake/autoware_build_flags-extras.cmake:36 (message):
[3.959s]   CUDA support is disabled.  Set the AUTOWARE_COMPILE_WITH_CUDA environment
[3.960s]   variable and recompile to enable it
[3.960s] Call Stack (most recent call first):
[3.960s]   CMakeLists.txt:35 (AW_CHECK_CUDA)
[3.961s] 
[3.961s] 
[3.961s] 'SSD/Caffe' is not installed. 'ssd_unc' will not be built.
[3.961s] -- Configuring done
[3.995s] -- Generating done
[4.005s] -- Build files have been written to: /home/ros/autoware.ai/build/vision_ssd_detect
[4.013s] Invoked command in '/home/ros/autoware.ai/build/vision_ssd_detect' returned '0': CMAKE_PREFIX_PATH=/home/ros/autoware.ai/install/gnss:/home/ros/autoware.ai/install/autoware_msgs:/home/ros/autoware.ai/install/autoware_config_msgs:/home/ros/autoware.ai/install/autoware_build_flags:${CMAKE_PREFIX_PATH} LD_LIBRARY_PATH=/home/ros/autoware.ai/install/gnss/lib:${LD_LIBRARY_PATH} PKG_CONFIG_PATH=/home/ros/autoware.ai/install/gnss/lib/x86_64-linux-gnu/pkgconfig:/home/ros/autoware.ai/install/gnss/lib/pkgconfig:/home/ros/autoware.ai/install/autoware_msgs/lib/x86_64-linux-gnu/pkgconfig:/home/ros/autoware.ai/install/autoware_msgs/lib/pkgconfig:/home/ros/autoware.ai/install/autoware_config_msgs/lib/x86_64-linux-gnu/pkgconfig:/home/ros/autoware.ai/install/autoware_config_msgs/lib/pkgconfig:/home/ros/autoware.ai/install/autoware_build_flags/lib/x86_64-linux-gnu/pkgconfig:/home/ros/autoware.ai/install/autoware_build_flags/lib/pkgconfig:${PKG_CONFIG_PATH} PYTHONPATH=/home/ros/autoware.ai/install/autoware_msgs/lib/python2.7/dist-packages:/home/ros/autoware.ai/install/autoware_config_msgs/lib/python2.7/dist-packages:${PYTHONPATH} ROS_PACKAGE_PATH=/home/ros/autoware.ai/install/gnss/share:/home/ros/autoware.ai/install/autoware_msgs/share:/home/ros/autoware.ai/install/autoware_config_msgs/share:/home/ros/autoware.ai/install/autoware_build_flags/share:${ROS_PACKAGE_PATH} /usr/bin/cmake /home/ros/autoware.ai/src/autoware/core_perception/vision_ssd_detect -DCMAKE_BUILD_TYPE=Release -DCATKIN_INSTALL_INTO_PREFIX_ROOT=0 -DCMAKE_INSTALL_PREFIX=/home/ros/autoware.ai/install/vision_ssd_detect
[4.014s] Invoking command in '/home/ros/autoware.ai/build/vision_ssd_detect': CMAKE_PREFIX_PATH=/home/ros/autoware.ai/install/gnss:/home/ros/autoware.ai/install/autoware_msgs:/home/ros/autoware.ai/install/autoware_config_msgs:/home/ros/autoware.ai/install/autoware_build_flags:${CMAKE_PREFIX_PATH} LD_LIBRARY_PATH=/home/ros/autoware.ai/install/gnss/lib:${LD_LIBRARY_PATH} PKG_CONFIG_PATH=/home/ros/autoware.ai/install/gnss/lib/x86_64-linux-gnu/pkgconfig:/home/ros/autoware.ai/install/gnss/lib/pkgconfig:/home/ros/autoware.ai/install/autoware_msgs/lib/x86_64-linux-gnu/pkgconfig:/home/ros/autoware.ai/install/autoware_msgs/lib/pkgconfig:/home/ros/autoware.ai/install/autoware_config_msgs/lib/x86_64-linux-gnu/pkgconfig:/home/ros/autoware.ai/install/autoware_config_msgs/lib/pkgconfig:/home/ros/autoware.ai/install/autoware_build_flags/lib/x86_64-linux-gnu/pkgconfig:/home/ros/autoware.ai/install/autoware_build_flags/lib/pkgconfig:${PKG_CONFIG_PATH} PYTHONPATH=/home/ros/autoware.ai/install/autoware_msgs/lib/python2.7/dist-packages:/home/ros/autoware.ai/install/autoware_config_msgs/lib/python2.7/dist-packages:${PYTHONPATH} ROS_PACKAGE_PATH=/home/ros/autoware.ai/install/gnss/share:/home/ros/autoware.ai/install/autoware_msgs/share:/home/ros/autoware.ai/install/autoware_config_msgs/share:/home/ros/autoware.ai/install/autoware_build_flags/share:${ROS_PACKAGE_PATH} /usr/bin/cmake --build /home/ros/autoware.ai/build/vision_ssd_detect -- -j12 -l12
[4.090s] Invoked command in '/home/ros/autoware.ai/build/vision_ssd_detect' returned '0': CMAKE_PREFIX_PATH=/home/ros/autoware.ai/install/gnss:/home/ros/autoware.ai/install/autoware_msgs:/home/ros/autoware.ai/install/autoware_config_msgs:/home/ros/autoware.ai/install/autoware_build_flags:${CMAKE_PREFIX_PATH} LD_LIBRARY_PATH=/home/ros/autoware.ai/install/gnss/lib:${LD_LIBRARY_PATH} PKG_CONFIG_PATH=/home/ros/autoware.ai/install/gnss/lib/x86_64-linux-gnu/pkgconfig:/home/ros/autoware.ai/install/gnss/lib/pkgconfig:/home/ros/autoware.ai/install/autoware_msgs/lib/x86_64-linux-gnu/pkgconfig:/home/ros/autoware.ai/install/autoware_msgs/lib/pkgconfig:/home/ros/autoware.ai/install/autoware_config_msgs/lib/x86_64-linux-gnu/pkgconfig:/home/ros/autoware.ai/install/autoware_config_msgs/lib/pkgconfig:/home/ros/autoware.ai/install/autoware_build_flags/lib/x86_64-linux-gnu/pkgconfig:/home/ros/autoware.ai/install/autoware_build_flags/lib/pkgconfig:${PKG_CONFIG_PATH} PYTHONPATH=/home/ros/autoware.ai/install/autoware_msgs/lib/python2.7/dist-packages:/home/ros/autoware.ai/install/autoware_config_msgs/lib/python2.7/dist-packages:${PYTHONPATH} ROS_PACKAGE_PATH=/home/ros/autoware.ai/install/gnss/share:/home/ros/autoware.ai/install/autoware_msgs/share:/home/ros/autoware.ai/install/autoware_config_msgs/share:/home/ros/autoware.ai/install/autoware_build_flags/share:${ROS_PACKAGE_PATH} /usr/bin/cmake --build /home/ros/autoware.ai/build/vision_ssd_detect -- -j12 -l12
[4.537s] Invoking command in '/home/ros/autoware.ai/build/vision_ssd_detect': CMAKE_PREFIX_PATH=/home/ros/autoware.ai/install/gnss:/home/ros/autoware.ai/install/autoware_msgs:/home/ros/autoware.ai/install/autoware_config_msgs:/home/ros/autoware.ai/install/autoware_build_flags:${CMAKE_PREFIX_PATH} LD_LIBRARY_PATH=/home/ros/autoware.ai/install/gnss/lib:${LD_LIBRARY_PATH} PKG_CONFIG_PATH=/home/ros/autoware.ai/install/gnss/lib/x86_64-linux-gnu/pkgconfig:/home/ros/autoware.ai/install/gnss/lib/pkgconfig:/home/ros/autoware.ai/install/autoware_msgs/lib/x86_64-linux-gnu/pkgconfig:/home/ros/autoware.ai/install/autoware_msgs/lib/pkgconfig:/home/ros/autoware.ai/install/autoware_config_msgs/lib/x86_64-linux-gnu/pkgconfig:/home/ros/autoware.ai/install/autoware_config_msgs/lib/pkgconfig:/home/ros/autoware.ai/install/autoware_build_flags/lib/x86_64-linux-gnu/pkgconfig:/home/ros/autoware.ai/install/autoware_build_flags/lib/pkgconfig:${PKG_CONFIG_PATH} PYTHONPATH=/home/ros/autoware.ai/install/autoware_msgs/lib/python2.7/dist-packages:/home/ros/autoware.ai/install/autoware_config_msgs/lib/python2.7/dist-packages:${PYTHONPATH} ROS_PACKAGE_PATH=/home/ros/autoware.ai/install/gnss/share:/home/ros/autoware.ai/install/autoware_msgs/share:/home/ros/autoware.ai/install/autoware_config_msgs/share:/home/ros/autoware.ai/install/autoware_build_flags/share:${ROS_PACKAGE_PATH} /usr/bin/cmake --build /home/ros/autoware.ai/build/vision_ssd_detect --target tests -- -j12 -l12
[4.640s] [35m[1mScanning dependencies of target tests[0m
[4.668s] Built target tests
[4.687s] Invoked command in '/home/ros/autoware.ai/build/vision_ssd_detect' returned '0': CMAKE_PREFIX_PATH=/home/ros/autoware.ai/install/gnss:/home/ros/autoware.ai/install/autoware_msgs:/home/ros/autoware.ai/install/autoware_config_msgs:/home/ros/autoware.ai/install/autoware_build_flags:${CMAKE_PREFIX_PATH} LD_LIBRARY_PATH=/home/ros/autoware.ai/install/gnss/lib:${LD_LIBRARY_PATH} PKG_CONFIG_PATH=/home/ros/autoware.ai/install/gnss/lib/x86_64-linux-gnu/pkgconfig:/home/ros/autoware.ai/install/gnss/lib/pkgconfig:/home/ros/autoware.ai/install/autoware_msgs/lib/x86_64-linux-gnu/pkgconfig:/home/ros/autoware.ai/install/autoware_msgs/lib/pkgconfig:/home/ros/autoware.ai/install/autoware_config_msgs/lib/x86_64-linux-gnu/pkgconfig:/home/ros/autoware.ai/install/autoware_config_msgs/lib/pkgconfig:/home/ros/autoware.ai/install/autoware_build_flags/lib/x86_64-linux-gnu/pkgconfig:/home/ros/autoware.ai/install/autoware_build_flags/lib/pkgconfig:${PKG_CONFIG_PATH} PYTHONPATH=/home/ros/autoware.ai/install/autoware_msgs/lib/python2.7/dist-packages:/home/ros/autoware.ai/install/autoware_config_msgs/lib/python2.7/dist-packages:${PYTHONPATH} ROS_PACKAGE_PATH=/home/ros/autoware.ai/install/gnss/share:/home/ros/autoware.ai/install/autoware_msgs/share:/home/ros/autoware.ai/install/autoware_config_msgs/share:/home/ros/autoware.ai/install/autoware_build_flags/share:${ROS_PACKAGE_PATH} /usr/bin/cmake --build /home/ros/autoware.ai/build/vision_ssd_detect --target tests -- -j12 -l12
[4.931s] Invoking command in '/home/ros/autoware.ai/build/vision_ssd_detect': CMAKE_PREFIX_PATH=/home/ros/autoware.ai/install/gnss:/home/ros/autoware.ai/install/autoware_msgs:/home/ros/autoware.ai/install/autoware_config_msgs:/home/ros/autoware.ai/install/autoware_build_flags:${CMAKE_PREFIX_PATH} LD_LIBRARY_PATH=/home/ros/autoware.ai/install/gnss/lib:${LD_LIBRARY_PATH} PKG_CONFIG_PATH=/home/ros/autoware.ai/install/gnss/lib/x86_64-linux-gnu/pkgconfig:/home/ros/autoware.ai/install/gnss/lib/pkgconfig:/home/ros/autoware.ai/install/autoware_msgs/lib/x86_64-linux-gnu/pkgconfig:/home/ros/autoware.ai/install/autoware_msgs/lib/pkgconfig:/home/ros/autoware.ai/install/autoware_config_msgs/lib/x86_64-linux-gnu/pkgconfig:/home/ros/autoware.ai/install/autoware_config_msgs/lib/pkgconfig:/home/ros/autoware.ai/install/autoware_build_flags/lib/x86_64-linux-gnu/pkgconfig:/home/ros/autoware.ai/install/autoware_build_flags/lib/pkgconfig:${PKG_CONFIG_PATH} PYTHONPATH=/home/ros/autoware.ai/install/autoware_msgs/lib/python2.7/dist-packages:/home/ros/autoware.ai/install/autoware_config_msgs/lib/python2.7/dist-packages:${PYTHONPATH} ROS_PACKAGE_PATH=/home/ros/autoware.ai/install/gnss/share:/home/ros/autoware.ai/install/autoware_msgs/share:/home/ros/autoware.ai/install/autoware_config_msgs/share:/home/ros/autoware.ai/install/autoware_build_flags/share:${ROS_PACKAGE_PATH} /usr/bin/cmake --build /home/ros/autoware.ai/build/vision_ssd_detect --target install -- -j12 -l12
[5.042s] [36mInstall the project...[0m
[5.060s] -- Install configuration: "Release"
[5.060s] -- Installing: /home/ros/autoware.ai/install/vision_ssd_detect/lib/pkgconfig/vision_ssd_detect.pc
[5.061s] -- Installing: /home/ros/autoware.ai/install/vision_ssd_detect/share/vision_ssd_detect/cmake/vision_ssd_detectConfig.cmake
[5.061s] -- Installing: /home/ros/autoware.ai/install/vision_ssd_detect/share/vision_ssd_detect/cmake/vision_ssd_detectConfig-version.cmake
[5.061s] -- Installing: /home/ros/autoware.ai/install/vision_ssd_detect/share/vision_ssd_detect/package.xml
[5.074s] Invoked command in '/home/ros/autoware.ai/build/vision_ssd_detect' returned '0': CMAKE_PREFIX_PATH=/home/ros/autoware.ai/install/gnss:/home/ros/autoware.ai/install/autoware_msgs:/home/ros/autoware.ai/install/autoware_config_msgs:/home/ros/autoware.ai/install/autoware_build_flags:${CMAKE_PREFIX_PATH} LD_LIBRARY_PATH=/home/ros/autoware.ai/install/gnss/lib:${LD_LIBRARY_PATH} PKG_CONFIG_PATH=/home/ros/autoware.ai/install/gnss/lib/x86_64-linux-gnu/pkgconfig:/home/ros/autoware.ai/install/gnss/lib/pkgconfig:/home/ros/autoware.ai/install/autoware_msgs/lib/x86_64-linux-gnu/pkgconfig:/home/ros/autoware.ai/install/autoware_msgs/lib/pkgconfig:/home/ros/autoware.ai/install/autoware_config_msgs/lib/x86_64-linux-gnu/pkgconfig:/home/ros/autoware.ai/install/autoware_config_msgs/lib/pkgconfig:/home/ros/autoware.ai/install/autoware_build_flags/lib/x86_64-linux-gnu/pkgconfig:/home/ros/autoware.ai/install/autoware_build_flags/lib/pkgconfig:${PKG_CONFIG_PATH} PYTHONPATH=/home/ros/autoware.ai/install/autoware_msgs/lib/python2.7/dist-packages:/home/ros/autoware.ai/install/autoware_config_msgs/lib/python2.7/dist-packages:${PYTHONPATH} ROS_PACKAGE_PATH=/home/ros/autoware.ai/install/gnss/share:/home/ros/autoware.ai/install/autoware_msgs/share:/home/ros/autoware.ai/install/autoware_config_msgs/share:/home/ros/autoware.ai/install/autoware_build_flags/share:${ROS_PACKAGE_PATH} /usr/bin/cmake --build /home/ros/autoware.ai/build/vision_ssd_detect --target install -- -j12 -l12
