[0.062s] Invoking command in '/home/ros/autoware.ai/build/map_tf_generator': CMAKE_PREFIX_PATH=/home/ros/autoware.ai/install/autoware_build_flags:${CMAKE_PREFIX_PATH} PKG_CONFIG_PATH=/home/ros/autoware.ai/install/autoware_build_flags/lib/x86_64-linux-gnu/pkgconfig:/home/ros/autoware.ai/install/autoware_build_flags/lib/pkgconfig:${PKG_CONFIG_PATH} ROS_PACKAGE_PATH=/home/ros/autoware.ai/install/autoware_build_flags/share:${ROS_PACKAGE_PATH} /usr/bin/cmake /home/ros/autoware.ai/src/autoware/utilities/map_tf_generator -DCMAKE_BUILD_TYPE=Release -DCATKIN_INSTALL_INTO_PREFIX_ROOT=0 -DCMAKE_INSTALL_PREFIX=/home/ros/autoware.ai/install/map_tf_generator
[0.264s] -- The C compiler identification is GNU 7.5.0
[0.430s] -- The CXX compiler identification is GNU 7.5.0
[0.436s] -- Check for working C compiler: /usr/bin/cc
[0.686s] -- Check for working C compiler: /usr/bin/cc -- works
[0.687s] -- Detecting C compiler ABI info
[0.977s] -- Detecting C compiler ABI info - done
[0.991s] -- Detecting C compile features
[1.507s] -- Detecting C compile features - done
[1.512s] -- Check for working CXX compiler: /usr/bin/c++
[1.651s] -- Check for working CXX compiler: /usr/bin/c++ -- works
[1.653s] -- Detecting CXX compiler ABI info
[1.810s] -- Detecting CXX compiler ABI info - done
[1.824s] -- Detecting CXX compile features
[2.561s] -- Detecting CXX compile features - done
[2.564s] -- CUDA compilation status: .
[2.566s] -- Using CATKIN_DEVEL_PREFIX: /home/ros/autoware.ai/build/map_tf_generator/devel
[2.566s] -- Using CMAKE_PREFIX_PATH: /home/ros/autoware.ai/install/autoware_build_flags;/opt/ros/melodic
[2.567s] -- This workspace overlays: /home/ros/autoware.ai/install/autoware_build_flags;/opt/ros/melodic
[2.585s] -- Found PythonInterp: /usr/bin/python2 (found suitable version "2.7.17", minimum required is "2") 
[2.585s] -- Using PYTHON_EXECUTABLE: /usr/bin/python2
[2.585s] -- Using Debian Python package layout
[2.585s] -- Using empy: /usr/bin/empy
[2.827s] -- Using CATKIN_ENABLE_TESTING: ON
[2.828s] -- Call enable_testing()
[2.830s] -- Using CATKIN_TEST_RESULTS_DIR: /home/ros/autoware.ai/build/map_tf_generator/test_results
[2.867s] -- Found gtest sources under '/usr/src/googletest': gtests will be built
[2.867s] -- Found gmock sources under '/usr/src/googletest': gmock will be built
[2.888s] -- Found PythonInterp: /usr/bin/python2 (found version "2.7.17") 
[2.889s] -- Looking for pthread.h
[3.059s] -- Looking for pthread.h - found
[3.060s] -- Looking for pthread_create
[3.187s] -- Looking for pthread_create - not found
[3.187s] -- Looking for pthread_create in pthreads
[3.284s] -- Looking for pthread_create in pthreads - not found
[3.284s] -- Looking for pthread_create in pthread
[3.414s] -- Looking for pthread_create in pthread - found
[3.416s] -- Found Threads: TRUE  
[3.421s] -- Using Python nosetests: /usr/bin/nosetests-2.7
[3.479s] -- catkin 0.7.29
[3.479s] -- BUILD_SHARED_LIBS is on
[4.509s] -- Using these message generators: gencpp;geneus;genlisp;gennodejs;genpy
[5.214s] -- Configuring done
[5.281s] -- Generating done
[5.296s] -- Build files have been written to: /home/ros/autoware.ai/build/map_tf_generator
[5.306s] Invoked command in '/home/ros/autoware.ai/build/map_tf_generator' returned '0': CMAKE_PREFIX_PATH=/home/ros/autoware.ai/install/autoware_build_flags:${CMAKE_PREFIX_PATH} PKG_CONFIG_PATH=/home/ros/autoware.ai/install/autoware_build_flags/lib/x86_64-linux-gnu/pkgconfig:/home/ros/autoware.ai/install/autoware_build_flags/lib/pkgconfig:${PKG_CONFIG_PATH} ROS_PACKAGE_PATH=/home/ros/autoware.ai/install/autoware_build_flags/share:${ROS_PACKAGE_PATH} /usr/bin/cmake /home/ros/autoware.ai/src/autoware/utilities/map_tf_generator -DCMAKE_BUILD_TYPE=Release -DCATKIN_INSTALL_INTO_PREFIX_ROOT=0 -DCMAKE_INSTALL_PREFIX=/home/ros/autoware.ai/install/map_tf_generator
[5.307s] Invoking command in '/home/ros/autoware.ai/build/map_tf_generator': CMAKE_PREFIX_PATH=/home/ros/autoware.ai/install/autoware_build_flags:${CMAKE_PREFIX_PATH} PKG_CONFIG_PATH=/home/ros/autoware.ai/install/autoware_build_flags/lib/x86_64-linux-gnu/pkgconfig:/home/ros/autoware.ai/install/autoware_build_flags/lib/pkgconfig:${PKG_CONFIG_PATH} ROS_PACKAGE_PATH=/home/ros/autoware.ai/install/autoware_build_flags/share:${ROS_PACKAGE_PATH} /usr/bin/cmake --build /home/ros/autoware.ai/build/map_tf_generator -- -j12 -l12
[5.371s] [35m[1mScanning dependencies of target map_tf_generator[0m
[5.451s] [ 50%] [32mBuilding CXX object CMakeFiles/map_tf_generator.dir/nodes/map_tf_generator.cpp.o[0m
[15.368s] [100%] [32m[1mLinking CXX executable devel/lib/map_tf_generator/map_tf_generator[0m
[15.907s] [100%] Built target map_tf_generator
[15.930s] Invoked command in '/home/ros/autoware.ai/build/map_tf_generator' returned '0': CMAKE_PREFIX_PATH=/home/ros/autoware.ai/install/autoware_build_flags:${CMAKE_PREFIX_PATH} PKG_CONFIG_PATH=/home/ros/autoware.ai/install/autoware_build_flags/lib/x86_64-linux-gnu/pkgconfig:/home/ros/autoware.ai/install/autoware_build_flags/lib/pkgconfig:${PKG_CONFIG_PATH} ROS_PACKAGE_PATH=/home/ros/autoware.ai/install/autoware_build_flags/share:${ROS_PACKAGE_PATH} /usr/bin/cmake --build /home/ros/autoware.ai/build/map_tf_generator -- -j12 -l12
[16.229s] Invoking command in '/home/ros/autoware.ai/build/map_tf_generator': CMAKE_PREFIX_PATH=/home/ros/autoware.ai/install/autoware_build_flags:${CMAKE_PREFIX_PATH} PKG_CONFIG_PATH=/home/ros/autoware.ai/install/autoware_build_flags/lib/x86_64-linux-gnu/pkgconfig:/home/ros/autoware.ai/install/autoware_build_flags/lib/pkgconfig:${PKG_CONFIG_PATH} ROS_PACKAGE_PATH=/home/ros/autoware.ai/install/autoware_build_flags/share:${ROS_PACKAGE_PATH} /usr/bin/cmake --build /home/ros/autoware.ai/build/map_tf_generator --target tests -- -j12 -l12
[16.350s] [35m[1mScanning dependencies of target tests[0m
[16.364s] Built target tests
[16.381s] Invoked command in '/home/ros/autoware.ai/build/map_tf_generator' returned '0': CMAKE_PREFIX_PATH=/home/ros/autoware.ai/install/autoware_build_flags:${CMAKE_PREFIX_PATH} PKG_CONFIG_PATH=/home/ros/autoware.ai/install/autoware_build_flags/lib/x86_64-linux-gnu/pkgconfig:/home/ros/autoware.ai/install/autoware_build_flags/lib/pkgconfig:${PKG_CONFIG_PATH} ROS_PACKAGE_PATH=/home/ros/autoware.ai/install/autoware_build_flags/share:${ROS_PACKAGE_PATH} /usr/bin/cmake --build /home/ros/autoware.ai/build/map_tf_generator --target tests -- -j12 -l12
[16.855s] Invoking command in '/home/ros/autoware.ai/build/map_tf_generator': CMAKE_PREFIX_PATH=/home/ros/autoware.ai/install/autoware_build_flags:${CMAKE_PREFIX_PATH} PKG_CONFIG_PATH=/home/ros/autoware.ai/install/autoware_build_flags/lib/x86_64-linux-gnu/pkgconfig:/home/ros/autoware.ai/install/autoware_build_flags/lib/pkgconfig:${PKG_CONFIG_PATH} ROS_PACKAGE_PATH=/home/ros/autoware.ai/install/autoware_build_flags/share:${ROS_PACKAGE_PATH} /usr/bin/cmake --build /home/ros/autoware.ai/build/map_tf_generator --target install -- -j12 -l12
[16.957s] [100%] Built target map_tf_generator
[16.987s] [36mInstall the project...[0m
[17.001s] -- Install configuration: "Release"
[17.001s] -- Installing: /home/ros/autoware.ai/install/map_tf_generator/lib/pkgconfig/map_tf_generator.pc
[17.001s] -- Installing: /home/ros/autoware.ai/install/map_tf_generator/share/map_tf_generator/cmake/map_tf_generatorConfig.cmake
[17.003s] -- Installing: /home/ros/autoware.ai/install/map_tf_generator/share/map_tf_generator/cmake/map_tf_generatorConfig-version.cmake
[17.003s] -- Installing: /home/ros/autoware.ai/install/map_tf_generator/share/map_tf_generator/package.xml
[17.003s] -- Installing: /home/ros/autoware.ai/install/map_tf_generator/lib/map_tf_generator/map_tf_generator
[17.003s] -- Set runtime path of "/home/ros/autoware.ai/install/map_tf_generator/lib/map_tf_generator/map_tf_generator" to ""
[17.003s] -- Installing: /home/ros/autoware.ai/install/map_tf_generator/share/map_tf_generator/launch
[17.003s] -- Installing: /home/ros/autoware.ai/install/map_tf_generator/share/map_tf_generator/launch/map_tf_generate.launch
[17.009s] Invoked command in '/home/ros/autoware.ai/build/map_tf_generator' returned '0': CMAKE_PREFIX_PATH=/home/ros/autoware.ai/install/autoware_build_flags:${CMAKE_PREFIX_PATH} PKG_CONFIG_PATH=/home/ros/autoware.ai/install/autoware_build_flags/lib/x86_64-linux-gnu/pkgconfig:/home/ros/autoware.ai/install/autoware_build_flags/lib/pkgconfig:${PKG_CONFIG_PATH} ROS_PACKAGE_PATH=/home/ros/autoware.ai/install/autoware_build_flags/share:${ROS_PACKAGE_PATH} /usr/bin/cmake --build /home/ros/autoware.ai/build/map_tf_generator --target install -- -j12 -l12
