[0.117s] Invoking command in '/home/ros/autoware.ai/build/calibration_publisher': CMAKE_PREFIX_PATH=/home/ros/autoware.ai/install/autoware_msgs:/home/ros/autoware.ai/install/autoware_build_flags:${CMAKE_PREFIX_PATH} PKG_CONFIG_PATH=/home/ros/autoware.ai/install/autoware_msgs/lib/x86_64-linux-gnu/pkgconfig:/home/ros/autoware.ai/install/autoware_msgs/lib/pkgconfig:/home/ros/autoware.ai/install/autoware_build_flags/lib/x86_64-linux-gnu/pkgconfig:/home/ros/autoware.ai/install/autoware_build_flags/lib/pkgconfig:${PKG_CONFIG_PATH} PYTHONPATH=/home/ros/autoware.ai/install/autoware_msgs/lib/python2.7/dist-packages:${PYTHONPATH} ROS_PACKAGE_PATH=/home/ros/autoware.ai/install/autoware_msgs/share:/home/ros/autoware.ai/install/autoware_build_flags/share:${ROS_PACKAGE_PATH} /usr/bin/cmake /home/ros/autoware.ai/src/autoware/utilities/calibration_publisher -DCMAKE_BUILD_TYPE=Release -DCATKIN_INSTALL_INTO_PREFIX_ROOT=0 -DCMAKE_INSTALL_PREFIX=/home/ros/autoware.ai/install/calibration_publisher
[0.260s] -- The C compiler identification is GNU 7.5.0
[0.377s] -- The CXX compiler identification is GNU 7.5.0
[0.384s] -- Check for working C compiler: /usr/bin/cc
[0.510s] -- Check for working C compiler: /usr/bin/cc -- works
[0.512s] -- Detecting C compiler ABI info
[0.630s] -- Detecting C compiler ABI info - done
[0.644s] -- Detecting C compile features
[1.010s] -- Detecting C compile features - done
[1.015s] -- Check for working CXX compiler: /usr/bin/c++
[1.160s] -- Check for working CXX compiler: /usr/bin/c++ -- works
[1.161s] -- Detecting CXX compiler ABI info
[1.304s] -- Detecting CXX compiler ABI info - done
[1.318s] -- Detecting CXX compile features
[2.018s] -- Detecting CXX compile features - done
[2.020s] -- CUDA compilation status: .
[2.022s] -- Using CATKIN_DEVEL_PREFIX: /home/ros/autoware.ai/build/calibration_publisher/devel
[2.022s] -- Using CMAKE_PREFIX_PATH: /home/ros/autoware.ai/install/autoware_msgs;/home/ros/autoware.ai/install/autoware_build_flags;/opt/ros/melodic
[2.022s] -- This workspace overlays: /home/ros/autoware.ai/install/autoware_msgs;/home/ros/autoware.ai/install/autoware_build_flags;/opt/ros/melodic
[2.044s] -- Found PythonInterp: /usr/bin/python2 (found suitable version "2.7.17", minimum required is "2") 
[2.044s] -- Using PYTHON_EXECUTABLE: /usr/bin/python2
[2.044s] -- Using Debian Python package layout
[2.045s] -- Using empy: /usr/bin/empy
[2.348s] -- Using CATKIN_ENABLE_TESTING: ON
[2.348s] -- Call enable_testing()
[2.354s] -- Using CATKIN_TEST_RESULTS_DIR: /home/ros/autoware.ai/build/calibration_publisher/test_results
[2.381s] -- Found gtest sources under '/usr/src/googletest': gtests will be built
[2.381s] -- Found gmock sources under '/usr/src/googletest': gmock will be built
[2.418s] -- Found PythonInterp: /usr/bin/python2 (found version "2.7.17") 
[2.418s] -- Looking for pthread.h
[2.601s] -- Looking for pthread.h - found
[2.602s] -- Looking for pthread_create
[2.724s] -- Looking for pthread_create - not found
[2.724s] -- Looking for pthread_create in pthreads
[2.859s] -- Looking for pthread_create in pthreads - not found
[2.859s] -- Looking for pthread_create in pthread
[2.965s] -- Looking for pthread_create in pthread - found
[2.966s] -- Found Threads: TRUE  
[2.973s] -- Using Python nosetests: /usr/bin/nosetests-2.7
[3.040s] -- catkin 0.7.29
[3.040s] -- BUILD_SHARED_LIBS is on
[3.314s] -- Using these message generators: gencpp;geneus;genlisp;gennodejs;genpy
[3.633s] -- Found OpenCV: /usr (found version "3.2.0") 
[3.875s] -- Configuring done
[3.933s] -- Generating done
[3.945s] -- Build files have been written to: /home/ros/autoware.ai/build/calibration_publisher
[3.956s] Invoked command in '/home/ros/autoware.ai/build/calibration_publisher' returned '0': CMAKE_PREFIX_PATH=/home/ros/autoware.ai/install/autoware_msgs:/home/ros/autoware.ai/install/autoware_build_flags:${CMAKE_PREFIX_PATH} PKG_CONFIG_PATH=/home/ros/autoware.ai/install/autoware_msgs/lib/x86_64-linux-gnu/pkgconfig:/home/ros/autoware.ai/install/autoware_msgs/lib/pkgconfig:/home/ros/autoware.ai/install/autoware_build_flags/lib/x86_64-linux-gnu/pkgconfig:/home/ros/autoware.ai/install/autoware_build_flags/lib/pkgconfig:${PKG_CONFIG_PATH} PYTHONPATH=/home/ros/autoware.ai/install/autoware_msgs/lib/python2.7/dist-packages:${PYTHONPATH} ROS_PACKAGE_PATH=/home/ros/autoware.ai/install/autoware_msgs/share:/home/ros/autoware.ai/install/autoware_build_flags/share:${ROS_PACKAGE_PATH} /usr/bin/cmake /home/ros/autoware.ai/src/autoware/utilities/calibration_publisher -DCMAKE_BUILD_TYPE=Release -DCATKIN_INSTALL_INTO_PREFIX_ROOT=0 -DCMAKE_INSTALL_PREFIX=/home/ros/autoware.ai/install/calibration_publisher
[3.957s] Invoking command in '/home/ros/autoware.ai/build/calibration_publisher': CMAKE_PREFIX_PATH=/home/ros/autoware.ai/install/autoware_msgs:/home/ros/autoware.ai/install/autoware_build_flags:${CMAKE_PREFIX_PATH} PKG_CONFIG_PATH=/home/ros/autoware.ai/install/autoware_msgs/lib/x86_64-linux-gnu/pkgconfig:/home/ros/autoware.ai/install/autoware_msgs/lib/pkgconfig:/home/ros/autoware.ai/install/autoware_build_flags/lib/x86_64-linux-gnu/pkgconfig:/home/ros/autoware.ai/install/autoware_build_flags/lib/pkgconfig:${PKG_CONFIG_PATH} PYTHONPATH=/home/ros/autoware.ai/install/autoware_msgs/lib/python2.7/dist-packages:${PYTHONPATH} ROS_PACKAGE_PATH=/home/ros/autoware.ai/install/autoware_msgs/share:/home/ros/autoware.ai/install/autoware_build_flags/share:${ROS_PACKAGE_PATH} /usr/bin/cmake --build /home/ros/autoware.ai/build/calibration_publisher -- -j12 -l12
[4.140s] [35m[1mScanning dependencies of target autoware_msgs_generate_messages_cpp[0m
[4.209s] [  0%] Built target autoware_msgs_generate_messages_cpp
[4.249s] [35m[1mScanning dependencies of target autoware_msgs_generate_messages_py[0m
[4.287s] [  0%] Built target autoware_msgs_generate_messages_py
[4.339s] [35m[1mScanning dependencies of target std_msgs_generate_messages_nodejs[0m
[4.373s] [  0%] Built target std_msgs_generate_messages_nodejs
[4.399s] [35m[1mScanning dependencies of target sensor_msgs_generate_messages_eus[0m
[4.430s] [  0%] Built target sensor_msgs_generate_messages_eus
[4.449s] [35m[1mScanning dependencies of target _catkin_empty_exported_target[0m
[4.477s] [  0%] Built target _catkin_empty_exported_target
[4.505s] [35m[1mScanning dependencies of target sensor_msgs_generate_messages_cpp[0m
[4.537s] [  0%] Built target sensor_msgs_generate_messages_cpp
[4.577s] [35m[1mScanning dependencies of target rosgraph_msgs_generate_messages_cpp[0m
[4.612s] [  0%] Built target rosgraph_msgs_generate_messages_cpp
[4.664s] [35m[1mScanning dependencies of target pcl_msgs_generate_messages_nodejs[0m
[4.686s] [  0%] Built target pcl_msgs_generate_messages_nodejs
[4.722s] [35m[1mScanning dependencies of target jsk_recognition_msgs_generate_messages_py[0m
[4.781s] [  0%] Built target jsk_recognition_msgs_generate_messages_py
[4.816s] [35m[1mScanning dependencies of target sensor_msgs_generate_messages_lisp[0m
[4.845s] [  0%] Built target sensor_msgs_generate_messages_lisp
[4.913s] [35m[1mScanning dependencies of target sensor_msgs_generate_messages_py[0m
[4.939s] [  0%] Built target sensor_msgs_generate_messages_py
[4.957s] [35m[1mScanning dependencies of target tf_generate_messages_py[0m
[4.986s] [  0%] Built target tf_generate_messages_py
[5.001s] [35m[1mScanning dependencies of target std_msgs_generate_messages_cpp[0m
[5.025s] [  0%] Built target std_msgs_generate_messages_cpp
[5.048s] [35m[1mScanning dependencies of target jsk_footstep_msgs_generate_messages_py[0m
[5.099s] [  0%] Built target jsk_footstep_msgs_generate_messages_py
[5.128s] [35m[1mScanning dependencies of target actionlib_msgs_generate_messages_nodejs[0m
[5.141s] [  0%] Built target actionlib_msgs_generate_messages_nodejs
[5.161s] [35m[1mScanning dependencies of target geometry_msgs_generate_messages_eus[0m
[5.177s] [  0%] Built target geometry_msgs_generate_messages_eus
[5.194s] [35m[1mScanning dependencies of target std_msgs_generate_messages_lisp[0m
[5.207s] [  0%] Built target std_msgs_generate_messages_lisp
[5.223s] [35m[1mScanning dependencies of target roscpp_generate_messages_nodejs[0m
[5.235s] [  0%] Built target roscpp_generate_messages_nodejs
[5.264s] [35m[1mScanning dependencies of target geometry_msgs_generate_messages_nodejs[0m
[5.281s] [  0%] Built target geometry_msgs_generate_messages_nodejs
[5.300s] [35m[1mScanning dependencies of target geometry_msgs_generate_messages_lisp[0m
[5.322s] [  0%] Built target geometry_msgs_generate_messages_lisp
[5.342s] [35m[1mScanning dependencies of target pcl_msgs_generate_messages_cpp[0m
[5.366s] [  0%] Built target pcl_msgs_generate_messages_cpp
[5.382s] [35m[1mScanning dependencies of target jsk_recognition_msgs_generate_messages_cpp[0m
[5.412s] [  0%] Built target jsk_recognition_msgs_generate_messages_cpp
[5.426s] [35m[1mScanning dependencies of target autoware_msgs_generate_messages_eus[0m
[5.454s] [  0%] Built target autoware_msgs_generate_messages_eus
[5.474s] [35m[1mScanning dependencies of target autoware_msgs_generate_messages_lisp[0m
[5.494s] [  0%] Built target autoware_msgs_generate_messages_lisp
[5.531s] [35m[1mScanning dependencies of target autoware_msgs_generate_messages_nodejs[0m
[5.573s] [  0%] Built target autoware_msgs_generate_messages_nodejs
[5.610s] [35m[1mScanning dependencies of target jsk_footstep_msgs_generate_messages_eus[0m
[5.631s] [  0%] Built target jsk_footstep_msgs_generate_messages_eus
[5.651s] [35m[1mScanning dependencies of target actionlib_msgs_generate_messages_py[0m
[5.679s] [  0%] Built target actionlib_msgs_generate_messages_py
[5.697s] [35m[1mScanning dependencies of target jsk_footstep_msgs_generate_messages_lisp[0m
[5.724s] [  0%] Built target jsk_footstep_msgs_generate_messages_lisp
[5.751s] [35m[1mScanning dependencies of target jsk_footstep_msgs_generate_messages_nodejs[0m
[5.772s] [  0%] Built target jsk_footstep_msgs_generate_messages_nodejs
[5.798s] [35m[1mScanning dependencies of target actionlib_msgs_generate_messages_lisp[0m
[5.821s] [  0%] Built target actionlib_msgs_generate_messages_lisp
[5.857s] [35m[1mScanning dependencies of target jsk_recognition_msgs_generate_messages_nodejs[0m
[5.891s] [  0%] Built target jsk_recognition_msgs_generate_messages_nodejs
[5.949s] [35m[1mScanning dependencies of target roscpp_generate_messages_lisp[0m
[5.982s] [  0%] Built target roscpp_generate_messages_lisp
[6.002s] [35m[1mScanning dependencies of target roscpp_generate_messages_py[0m
[6.029s] [  0%] Built target roscpp_generate_messages_py
[6.047s] [35m[1mScanning dependencies of target rosgraph_msgs_generate_messages_lisp[0m
[6.062s] [  0%] Built target rosgraph_msgs_generate_messages_lisp
[6.084s] [35m[1mScanning dependencies of target rosgraph_msgs_generate_messages_nodejs[0m
[6.106s] [  0%] Built target rosgraph_msgs_generate_messages_nodejs
[6.119s] [35m[1mScanning dependencies of target roscpp_generate_messages_eus[0m
[6.133s] [  0%] Built target roscpp_generate_messages_eus
[6.148s] [35m[1mScanning dependencies of target actionlib_msgs_generate_messages_eus[0m
[6.163s] [  0%] Built target actionlib_msgs_generate_messages_eus
[6.179s] [35m[1mScanning dependencies of target rosgraph_msgs_generate_messages_py[0m
[6.198s] [  0%] Built target rosgraph_msgs_generate_messages_py
[6.216s] [35m[1mScanning dependencies of target jsk_footstep_msgs_generate_messages_cpp[0m
[6.231s] [  0%] Built target jsk_footstep_msgs_generate_messages_cpp
[6.264s] [35m[1mScanning dependencies of target actionlib_msgs_generate_messages_cpp[0m
[6.279s] [  0%] Built target actionlib_msgs_generate_messages_cpp
[6.296s] [35m[1mScanning dependencies of target tf_generate_messages_eus[0m
[6.315s] [  0%] Built target tf_generate_messages_eus
[6.331s] [35m[1mScanning dependencies of target tf_generate_messages_lisp[0m
[6.347s] [  0%] Built target tf_generate_messages_lisp
[6.361s] [35m[1mScanning dependencies of target tf_generate_messages_nodejs[0m
[6.380s] [  0%] Built target tf_generate_messages_nodejs
[6.401s] [35m[1mScanning dependencies of target pcl_msgs_generate_messages_py[0m
[6.424s] [  0%] Built target pcl_msgs_generate_messages_py
[6.461s] [35m[1mScanning dependencies of target actionlib_generate_messages_eus[0m
[6.486s] [  0%] Built target actionlib_generate_messages_eus
[6.505s] [35m[1mScanning dependencies of target geometry_msgs_generate_messages_cpp[0m
[6.522s] [  0%] Built target geometry_msgs_generate_messages_cpp
[6.545s] [35m[1mScanning dependencies of target actionlib_generate_messages_lisp[0m
[6.569s] [  0%] Built target actionlib_generate_messages_lisp
[6.614s] [35m[1mScanning dependencies of target pcl_msgs_generate_messages_lisp[0m
[6.666s] [  0%] Built target pcl_msgs_generate_messages_lisp
[6.685s] [35m[1mScanning dependencies of target tf_generate_messages_cpp[0m
[6.722s] [  0%] Built target tf_generate_messages_cpp
[6.769s] [35m[1mScanning dependencies of target actionlib_generate_messages_nodejs[0m
[6.844s] [  0%] Built target actionlib_generate_messages_nodejs
[6.890s] [35m[1mScanning dependencies of target tf2_msgs_generate_messages_eus[0m
[6.943s] [  0%] Built target tf2_msgs_generate_messages_eus
[7.050s] [35m[1mScanning dependencies of target tf2_msgs_generate_messages_lisp[0m
[7.100s] [  0%] Built target tf2_msgs_generate_messages_lisp
[7.182s] [35m[1mScanning dependencies of target actionlib_generate_messages_py[0m
[7.235s] [  0%] Built target actionlib_generate_messages_py
[7.262s] [35m[1mScanning dependencies of target tf2_msgs_generate_messages_py[0m
[7.286s] [  0%] Built target tf2_msgs_generate_messages_py
[7.337s] [35m[1mScanning dependencies of target tf2_msgs_generate_messages_nodejs[0m
[7.368s] [  0%] Built target tf2_msgs_generate_messages_nodejs
[7.393s] [35m[1mScanning dependencies of target std_msgs_generate_messages_eus[0m
[7.426s] [  0%] Built target std_msgs_generate_messages_eus
[7.463s] [35m[1mScanning dependencies of target std_msgs_generate_messages_py[0m
[7.535s] [  0%] Built target std_msgs_generate_messages_py
[7.549s] [35m[1mScanning dependencies of target tf2_msgs_generate_messages_cpp[0m
[7.574s] [  0%] Built target tf2_msgs_generate_messages_cpp
[7.598s] [35m[1mScanning dependencies of target jsk_recognition_msgs_generate_messages_eus[0m
[7.622s] [  0%] Built target jsk_recognition_msgs_generate_messages_eus
[7.648s] [35m[1mScanning dependencies of target jsk_recognition_msgs_generate_messages_lisp[0m
[7.665s] [  0%] Built target jsk_recognition_msgs_generate_messages_lisp
[7.699s] [35m[1mScanning dependencies of target rosgraph_msgs_generate_messages_eus[0m
[7.725s] [  0%] Built target rosgraph_msgs_generate_messages_eus
[7.742s] [35m[1mScanning dependencies of target pcl_msgs_generate_messages_eus[0m
[7.760s] [  0%] Built target pcl_msgs_generate_messages_eus
[7.778s] [35m[1mScanning dependencies of target actionlib_generate_messages_cpp[0m
[7.791s] [  0%] Built target actionlib_generate_messages_cpp
[7.812s] [35m[1mScanning dependencies of target roscpp_generate_messages_cpp[0m
[7.831s] [  0%] Built target roscpp_generate_messages_cpp
[7.869s] [35m[1mScanning dependencies of target sensor_msgs_generate_messages_nodejs[0m
[7.892s] [  0%] Built target sensor_msgs_generate_messages_nodejs
[7.952s] [35m[1mScanning dependencies of target geometry_msgs_generate_messages_py[0m
[7.964s] [  0%] Built target geometry_msgs_generate_messages_py
[8.006s] [35m[1mScanning dependencies of target calibration_publisher[0m
[8.051s] [ 50%] [32mBuilding CXX object CMakeFiles/calibration_publisher.dir/src/calibration_publisher.cpp.o[0m
[13.012s] [100%] [32m[1mLinking CXX executable devel/lib/calibration_publisher/calibration_publisher[0m
[13.269s] [100%] Built target calibration_publisher
[13.285s] Invoked command in '/home/ros/autoware.ai/build/calibration_publisher' returned '0': CMAKE_PREFIX_PATH=/home/ros/autoware.ai/install/autoware_msgs:/home/ros/autoware.ai/install/autoware_build_flags:${CMAKE_PREFIX_PATH} PKG_CONFIG_PATH=/home/ros/autoware.ai/install/autoware_msgs/lib/x86_64-linux-gnu/pkgconfig:/home/ros/autoware.ai/install/autoware_msgs/lib/pkgconfig:/home/ros/autoware.ai/install/autoware_build_flags/lib/x86_64-linux-gnu/pkgconfig:/home/ros/autoware.ai/install/autoware_build_flags/lib/pkgconfig:${PKG_CONFIG_PATH} PYTHONPATH=/home/ros/autoware.ai/install/autoware_msgs/lib/python2.7/dist-packages:${PYTHONPATH} ROS_PACKAGE_PATH=/home/ros/autoware.ai/install/autoware_msgs/share:/home/ros/autoware.ai/install/autoware_build_flags/share:${ROS_PACKAGE_PATH} /usr/bin/cmake --build /home/ros/autoware.ai/build/calibration_publisher -- -j12 -l12
[13.502s] Invoking command in '/home/ros/autoware.ai/build/calibration_publisher': CMAKE_PREFIX_PATH=/home/ros/autoware.ai/install/autoware_msgs:/home/ros/autoware.ai/install/autoware_build_flags:${CMAKE_PREFIX_PATH} PKG_CONFIG_PATH=/home/ros/autoware.ai/install/autoware_msgs/lib/x86_64-linux-gnu/pkgconfig:/home/ros/autoware.ai/install/autoware_msgs/lib/pkgconfig:/home/ros/autoware.ai/install/autoware_build_flags/lib/x86_64-linux-gnu/pkgconfig:/home/ros/autoware.ai/install/autoware_build_flags/lib/pkgconfig:${PKG_CONFIG_PATH} PYTHONPATH=/home/ros/autoware.ai/install/autoware_msgs/lib/python2.7/dist-packages:${PYTHONPATH} ROS_PACKAGE_PATH=/home/ros/autoware.ai/install/autoware_msgs/share:/home/ros/autoware.ai/install/autoware_build_flags/share:${ROS_PACKAGE_PATH} /usr/bin/cmake --build /home/ros/autoware.ai/build/calibration_publisher --target tests -- -j12 -l12
[13.580s] [35m[1mScanning dependencies of target tests[0m
[13.595s] Built target tests
[13.613s] Invoked command in '/home/ros/autoware.ai/build/calibration_publisher' returned '0': CMAKE_PREFIX_PATH=/home/ros/autoware.ai/install/autoware_msgs:/home/ros/autoware.ai/install/autoware_build_flags:${CMAKE_PREFIX_PATH} PKG_CONFIG_PATH=/home/ros/autoware.ai/install/autoware_msgs/lib/x86_64-linux-gnu/pkgconfig:/home/ros/autoware.ai/install/autoware_msgs/lib/pkgconfig:/home/ros/autoware.ai/install/autoware_build_flags/lib/x86_64-linux-gnu/pkgconfig:/home/ros/autoware.ai/install/autoware_build_flags/lib/pkgconfig:${PKG_CONFIG_PATH} PYTHONPATH=/home/ros/autoware.ai/install/autoware_msgs/lib/python2.7/dist-packages:${PYTHONPATH} ROS_PACKAGE_PATH=/home/ros/autoware.ai/install/autoware_msgs/share:/home/ros/autoware.ai/install/autoware_build_flags/share:${ROS_PACKAGE_PATH} /usr/bin/cmake --build /home/ros/autoware.ai/build/calibration_publisher --target tests -- -j12 -l12
[13.783s] Invoking command in '/home/ros/autoware.ai/build/calibration_publisher': CMAKE_PREFIX_PATH=/home/ros/autoware.ai/install/autoware_msgs:/home/ros/autoware.ai/install/autoware_build_flags:${CMAKE_PREFIX_PATH} PKG_CONFIG_PATH=/home/ros/autoware.ai/install/autoware_msgs/lib/x86_64-linux-gnu/pkgconfig:/home/ros/autoware.ai/install/autoware_msgs/lib/pkgconfig:/home/ros/autoware.ai/install/autoware_build_flags/lib/x86_64-linux-gnu/pkgconfig:/home/ros/autoware.ai/install/autoware_build_flags/lib/pkgconfig:${PKG_CONFIG_PATH} PYTHONPATH=/home/ros/autoware.ai/install/autoware_msgs/lib/python2.7/dist-packages:${PYTHONPATH} ROS_PACKAGE_PATH=/home/ros/autoware.ai/install/autoware_msgs/share:/home/ros/autoware.ai/install/autoware_build_flags/share:${ROS_PACKAGE_PATH} /usr/bin/cmake --build /home/ros/autoware.ai/build/calibration_publisher --target install -- -j12 -l12
[13.858s] [  0%] Built target autoware_msgs_generate_messages_cpp
[13.905s] [  0%] Built target autoware_msgs_generate_messages_py
[13.945s] [  0%] Built target std_msgs_generate_messages_nodejs
[13.982s] [  0%] Built target sensor_msgs_generate_messages_eus
[14.014s] [  0%] Built target _catkin_empty_exported_target
[14.049s] [  0%] Built target sensor_msgs_generate_messages_cpp
[14.081s] [  0%] Built target rosgraph_msgs_generate_messages_cpp
[14.110s] [  0%] Built target pcl_msgs_generate_messages_nodejs
[14.136s] [  0%] Built target jsk_recognition_msgs_generate_messages_py
[14.166s] [  0%] Built target sensor_msgs_generate_messages_lisp
[14.210s] [  0%] Built target sensor_msgs_generate_messages_py
[14.241s] [  0%] Built target tf_generate_messages_py
[14.269s] [  0%] Built target std_msgs_generate_messages_cpp
[14.296s] [  0%] Built target jsk_footstep_msgs_generate_messages_py
[14.323s] [  0%] Built target actionlib_msgs_generate_messages_nodejs
[14.353s] [  0%] Built target geometry_msgs_generate_messages_eus
[14.378s] [  0%] Built target std_msgs_generate_messages_lisp
[14.405s] [  0%] Built target roscpp_generate_messages_nodejs
[14.436s] [  0%] Built target geometry_msgs_generate_messages_nodejs
[14.468s] [  0%] Built target geometry_msgs_generate_messages_lisp
[14.493s] [  0%] Built target pcl_msgs_generate_messages_cpp
[14.523s] [  0%] Built target jsk_recognition_msgs_generate_messages_cpp
[14.548s] [  0%] Built target autoware_msgs_generate_messages_eus
[14.574s] [  0%] Built target autoware_msgs_generate_messages_lisp
[14.604s] [  0%] Built target autoware_msgs_generate_messages_nodejs
[14.636s] [  0%] Built target jsk_footstep_msgs_generate_messages_eus
[14.668s] [  0%] Built target actionlib_msgs_generate_messages_py
[14.695s] [  0%] Built target jsk_footstep_msgs_generate_messages_lisp
[14.727s] [  0%] Built target jsk_footstep_msgs_generate_messages_nodejs
[14.760s] [  0%] Built target actionlib_msgs_generate_messages_lisp
[14.794s] [  0%] Built target jsk_recognition_msgs_generate_messages_nodejs
[14.825s] [  0%] Built target roscpp_generate_messages_lisp
[14.851s] [  0%] Built target roscpp_generate_messages_py
[14.879s] [  0%] Built target rosgraph_msgs_generate_messages_lisp
[14.924s] [  0%] Built target rosgraph_msgs_generate_messages_nodejs
[14.953s] [  0%] Built target roscpp_generate_messages_eus
[15.010s] [  0%] Built target actionlib_msgs_generate_messages_eus
[15.061s] [  0%] Built target rosgraph_msgs_generate_messages_py
[15.133s] [  0%] Built target jsk_footstep_msgs_generate_messages_cpp
[15.161s] [  0%] Built target actionlib_msgs_generate_messages_cpp
[15.195s] [  0%] Built target tf_generate_messages_eus
[15.230s] [  0%] Built target tf_generate_messages_lisp
[15.263s] [  0%] Built target tf_generate_messages_nodejs
[15.295s] [  0%] Built target pcl_msgs_generate_messages_py
[15.323s] [  0%] Built target actionlib_generate_messages_eus
[15.358s] [  0%] Built target geometry_msgs_generate_messages_cpp
[15.389s] [  0%] Built target actionlib_generate_messages_lisp
[15.422s] [  0%] Built target pcl_msgs_generate_messages_lisp
[15.448s] [  0%] Built target tf_generate_messages_cpp
[15.473s] [  0%] Built target actionlib_generate_messages_nodejs
[15.501s] [  0%] Built target tf2_msgs_generate_messages_eus
[15.543s] [  0%] Built target tf2_msgs_generate_messages_lisp
[15.583s] [  0%] Built target actionlib_generate_messages_py
[15.613s] [  0%] Built target tf2_msgs_generate_messages_py
[15.644s] [  0%] Built target tf2_msgs_generate_messages_nodejs
[15.670s] [  0%] Built target std_msgs_generate_messages_eus
[15.696s] [  0%] Built target std_msgs_generate_messages_py
[15.741s] [  0%] Built target tf2_msgs_generate_messages_cpp
[15.772s] [  0%] Built target jsk_recognition_msgs_generate_messages_eus
[15.815s] [  0%] Built target jsk_recognition_msgs_generate_messages_lisp
[15.854s] [  0%] Built target rosgraph_msgs_generate_messages_eus
[15.901s] [  0%] Built target pcl_msgs_generate_messages_eus
[15.937s] [  0%] Built target actionlib_generate_messages_cpp
[15.968s] [  0%] Built target roscpp_generate_messages_cpp
[15.996s] [  0%] Built target sensor_msgs_generate_messages_nodejs
[16.027s] [  0%] Built target geometry_msgs_generate_messages_py
[16.064s] [100%] Built target calibration_publisher
[16.098s] [36mInstall the project...[0m
[16.110s] -- Install configuration: "Release"
[16.110s] -- Installing: /home/ros/autoware.ai/install/calibration_publisher/lib/pkgconfig/calibration_publisher.pc
[16.110s] -- Installing: /home/ros/autoware.ai/install/calibration_publisher/share/calibration_publisher/cmake/calibration_publisherConfig.cmake
[16.110s] -- Installing: /home/ros/autoware.ai/install/calibration_publisher/share/calibration_publisher/cmake/calibration_publisherConfig-version.cmake
[16.110s] -- Installing: /home/ros/autoware.ai/install/calibration_publisher/share/calibration_publisher/package.xml
[16.111s] -- Installing: /home/ros/autoware.ai/install/calibration_publisher/lib/calibration_publisher/calibration_publisher
[16.111s] -- Set runtime path of "/home/ros/autoware.ai/install/calibration_publisher/lib/calibration_publisher/calibration_publisher" to ""
[16.116s] Invoked command in '/home/ros/autoware.ai/build/calibration_publisher' returned '0': CMAKE_PREFIX_PATH=/home/ros/autoware.ai/install/autoware_msgs:/home/ros/autoware.ai/install/autoware_build_flags:${CMAKE_PREFIX_PATH} PKG_CONFIG_PATH=/home/ros/autoware.ai/install/autoware_msgs/lib/x86_64-linux-gnu/pkgconfig:/home/ros/autoware.ai/install/autoware_msgs/lib/pkgconfig:/home/ros/autoware.ai/install/autoware_build_flags/lib/x86_64-linux-gnu/pkgconfig:/home/ros/autoware.ai/install/autoware_build_flags/lib/pkgconfig:${PKG_CONFIG_PATH} PYTHONPATH=/home/ros/autoware.ai/install/autoware_msgs/lib/python2.7/dist-packages:${PYTHONPATH} ROS_PACKAGE_PATH=/home/ros/autoware.ai/install/autoware_msgs/share:/home/ros/autoware.ai/install/autoware_build_flags/share:${ROS_PACKAGE_PATH} /usr/bin/cmake --build /home/ros/autoware.ai/build/calibration_publisher --target install -- -j12 -l12
