Determining if the pthread_create exist failed with the following output:
Change Dir: /home/ros/autoware.ai/build/autoware_launcher/CMakeFiles/CMakeTmp

Run Build Command:"/usr/bin/make" "cmTC_c9c6d/fast"
/usr/bin/make -f CMakeFiles/cmTC_c9c6d.dir/build.make CMakeFiles/cmTC_c9c6d.dir/build
make[1]: Entering directory '/home/ros/autoware.ai/build/autoware_launcher/CMakeFiles/CMakeTmp'
Building C object CMakeFiles/cmTC_c9c6d.dir/CheckSymbolExists.c.o
/usr/bin/cc    -o CMakeFiles/cmTC_c9c6d.dir/CheckSymbolExists.c.o   -c /home/ros/autoware.ai/build/autoware_launcher/CMakeFiles/CMakeTmp/CheckSymbolExists.c
Linking C executable cmTC_c9c6d
/usr/bin/cmake -E cmake_link_script CMakeFiles/cmTC_c9c6d.dir/link.txt --verbose=1
/usr/bin/cc      -rdynamic CMakeFiles/cmTC_c9c6d.dir/CheckSymbolExists.c.o  -o cmTC_c9c6d 
CMakeFiles/cmTC_c9c6d.dir/CheckSymbolExists.c.o: In function `main':
CheckSymbolExists.c:(.text+0x1b): undefined reference to `pthread_create'
collect2: error: ld returned 1 exit status
CMakeFiles/cmTC_c9c6d.dir/build.make:97: recipe for target 'cmTC_c9c6d' failed
make[1]: *** [cmTC_c9c6d] Error 1
make[1]: Leaving directory '/home/ros/autoware.ai/build/autoware_launcher/CMakeFiles/CMakeTmp'
Makefile:126: recipe for target 'cmTC_c9c6d/fast' failed
make: *** [cmTC_c9c6d/fast] Error 2

File /home/ros/autoware.ai/build/autoware_launcher/CMakeFiles/CMakeTmp/CheckSymbolExists.c:
/* */
#include <pthread.h>

int main(int argc, char** argv)
{
  (void)argv;
#ifndef pthread_create
  return ((int*)(&pthread_create))[argc];
#else
  (void)argc;
  return 0;
#endif
}

Determining if the function pthread_create exists in the pthreads failed with the following output:
Change Dir: /home/ros/autoware.ai/build/autoware_launcher/CMakeFiles/CMakeTmp

Run Build Command:"/usr/bin/make" "cmTC_a133a/fast"
/usr/bin/make -f CMakeFiles/cmTC_a133a.dir/build.make CMakeFiles/cmTC_a133a.dir/build
make[1]: Entering directory '/home/ros/autoware.ai/build/autoware_launcher/CMakeFiles/CMakeTmp'
Building C object CMakeFiles/cmTC_a133a.dir/CheckFunctionExists.c.o
/usr/bin/cc   -DCHECK_FUNCTION_EXISTS=pthread_create   -o CMakeFiles/cmTC_a133a.dir/CheckFunctionExists.c.o   -c /usr/share/cmake-3.10/Modules/CheckFunctionExists.c
Linking C executable cmTC_a133a
/usr/bin/cmake -E cmake_link_script CMakeFiles/cmTC_a133a.dir/link.txt --verbose=1
/usr/bin/cc  -DCHECK_FUNCTION_EXISTS=pthread_create    -rdynamic CMakeFiles/cmTC_a133a.dir/CheckFunctionExists.c.o  -o cmTC_a133a -lpthreads 
/usr/bin/ld: cannot find -lpthreads
collect2: error: ld returned 1 exit status
CMakeFiles/cmTC_a133a.dir/build.make:97: recipe for target 'cmTC_a133a' failed
make[1]: *** [cmTC_a133a] Error 1
make[1]: Leaving directory '/home/ros/autoware.ai/build/autoware_launcher/CMakeFiles/CMakeTmp'
Makefile:126: recipe for target 'cmTC_a133a/fast' failed
make: *** [cmTC_a133a/fast] Error 2


