[  0%] Built target autoware_system_msgs_generate_messages_cpp
[  0%] Built target geometry_msgs_generate_messages_eus
[  0%] Built target std_msgs_generate_messages_nodejs
[  0%] Built target geometry_msgs_generate_messages_lisp
[  0%] Built target actionlib_generate_messages_py
[  0%] Built target geometry_msgs_generate_messages_py
[  0%] Built target pcl_msgs_generate_messages_py
[  0%] Built target autoware_msgs_generate_messages_cpp
[  0%] Built target tf2_msgs_generate_messages_py
[  0%] Built target autoware_msgs_generate_messages_eus
[  0%] Built target autoware_system_msgs_generate_messages_py
[  0%] Built target jsk_recognition_msgs_generate_messages_nodejs
[  0%] Built target actionlib_msgs_generate_messages_cpp
[  0%] Built target sensor_msgs_generate_messages_eus
[  0%] Built target _catkin_empty_exported_target
[  0%] Built target jsk_footstep_msgs_generate_messages_nodejs
[  0%] Built target actionlib_msgs_generate_messages_lisp
[  0%] Built target jsk_recognition_msgs_generate_messages_lisp
[  0%] Built target geometry_msgs_generate_messages_nodejs
[  0%] Built target geometry_msgs_generate_messages_cpp
[  0%] Built target tf_generate_messages_eus
[  0%] Built target std_msgs_generate_messages_cpp
[  0%] Built target sensor_msgs_generate_messages_nodejs
[  0%] Built target tf_generate_messages_lisp
[  0%] Built target rosgraph_msgs_generate_messages_py
[  0%] Built target tf_generate_messages_nodejs
[  0%] Built target tf_generate_messages_py
[  0%] Built target jsk_recognition_msgs_generate_messages_eus
[  0%] Built target roscpp_generate_messages_cpp
[  0%] Built target roscpp_generate_messages_eus
[  0%] Built target roscpp_generate_messages_lisp
[  0%] Built target sensor_msgs_generate_messages_py
[  0%] Built target actionlib_generate_messages_cpp
[  0%] Built target roscpp_generate_messages_nodejs
[  0%] Built target roscpp_generate_messages_py
[  0%] Built target std_msgs_generate_messages_py
[  0%] Built target rosgraph_msgs_generate_messages_lisp
[  0%] Built target autoware_system_msgs_generate_messages_eus
[  0%] Built target rosgraph_msgs_generate_messages_eus
[  0%] Built target std_msgs_generate_messages_eus
[  0%] Built target tf2_msgs_generate_messages_eus
[  0%] Built target tf2_msgs_generate_messages_lisp
[  0%] Built target actionlib_generate_messages_eus
[  0%] Built target rosgraph_msgs_generate_messages_nodejs
[  0%] Built target tf2_msgs_generate_messages_cpp
[  0%] Built target autoware_msgs_generate_messages_py
[  0%] Built target tf2_msgs_generate_messages_nodejs
[  0%] Built target actionlib_msgs_generate_messages_nodejs
[  0%] Built target std_msgs_generate_messages_lisp
[  0%] Built target autoware_msgs_generate_messages_lisp
[  0%] Built target autoware_system_msgs_generate_messages_lisp
[  0%] Built target sensor_msgs_generate_messages_cpp
[  0%] Built target pcl_msgs_generate_messages_cpp
[  0%] Built target jsk_footstep_msgs_generate_messages_cpp
[  0%] Built target actionlib_generate_messages_nodejs
[  0%] Built target jsk_footstep_msgs_generate_messages_lisp
[  0%] Built target jsk_recognition_msgs_generate_messages_py
[  0%] Built target sensor_msgs_generate_messages_lisp
[  0%] Built target jsk_footstep_msgs_generate_messages_py
[  0%] Built target actionlib_msgs_generate_messages_eus
[  0%] Built target pcl_msgs_generate_messages_nodejs
[  0%] Built target jsk_footstep_msgs_generate_messages_eus
[  0%] Built target actionlib_generate_messages_lisp
[  0%] Built target pcl_msgs_generate_messages_eus
[  0%] Built target actionlib_msgs_generate_messages_py
[  0%] Built target tf_generate_messages_cpp
[  0%] Built target rosgraph_msgs_generate_messages_cpp
[  0%] Built target pcl_msgs_generate_messages_lisp
[  0%] Built target autoware_msgs_generate_messages_nodejs
[  0%] Built target jsk_recognition_msgs_generate_messages_cpp
[  0%] Built target autoware_system_msgs_generate_messages_nodejs
[35m[1mScanning dependencies of target mpc_follower[0m
[ 13%] Built target mpc_waypoints_converter
[ 20%] [32mBuilding CXX object CMakeFiles/mpc_follower.dir/src/mpc_follower_core.cpp.o[0m
[ 26%] [32m[1mLinking CXX executable devel/lib/mpc_follower/mpc_follower[0m
[100%] Built target mpc_follower
[  0%] Built target geometry_msgs_generate_messages_lisp
[  0%] Built target actionlib_generate_messages_py
[  0%] Built target geometry_msgs_generate_messages_eus
[  0%] Built target autoware_system_msgs_generate_messages_cpp
[  0%] Built target geometry_msgs_generate_messages_py
[  0%] Built target jsk_recognition_msgs_generate_messages_nodejs
[  0%] Built target autoware_system_msgs_generate_messages_py
[  0%] Built target autoware_msgs_generate_messages_eus
[  0%] Built target pcl_msgs_generate_messages_py
[  0%] Built target autoware_msgs_generate_messages_cpp
[  0%] Built target std_msgs_generate_messages_nodejs
[  6%] Built target gtest
[  6%] Built target tf2_msgs_generate_messages_py
[  6%] Built target actionlib_msgs_generate_messages_cpp
[  6%] Built target actionlib_msgs_generate_messages_lisp
[  6%] Built target _catkin_empty_exported_target
[  6%] Built target jsk_footstep_msgs_generate_messages_nodejs
[  6%] Built target sensor_msgs_generate_messages_eus
[  6%] Built target jsk_recognition_msgs_generate_messages_lisp
[  6%] Built target std_msgs_generate_messages_cpp
[  6%] Built target sensor_msgs_generate_messages_nodejs
[  6%] Built target geometry_msgs_generate_messages_nodejs
[  6%] Built target geometry_msgs_generate_messages_cpp
[  6%] Built target tf_generate_messages_eus
[  6%] Built target rosgraph_msgs_generate_messages_py
[  6%] Built target tf_generate_messages_lisp
[  6%] Built target tf_generate_messages_nodejs
[  6%] Built target actionlib_generate_messages_cpp
[  6%] Built target jsk_recognition_msgs_generate_messages_eus
[  6%] Built target tf_generate_messages_py
[  6%] Built target roscpp_generate_messages_eus
[  6%] Built target roscpp_generate_messages_cpp
[  6%] Built target roscpp_generate_messages_py
[  6%] Built target roscpp_generate_messages_lisp
[  6%] Built target sensor_msgs_generate_messages_py
[  6%] Built target roscpp_generate_messages_nodejs
[  6%] Built target std_msgs_generate_messages_py
[  6%] Built target rosgraph_msgs_generate_messages_eus
[  6%] Built target rosgraph_msgs_generate_messages_lisp
[  6%] Built target rosgraph_msgs_generate_messages_nodejs
[  6%] Built target std_msgs_generate_messages_eus
[  6%] Built target actionlib_generate_messages_eus
[  6%] Built target tf2_msgs_generate_messages_lisp
[  6%] Built target tf2_msgs_generate_messages_eus
[  6%] Built target tf2_msgs_generate_messages_cpp
[  6%] Built target autoware_msgs_generate_messages_py
[  6%] Built target tf2_msgs_generate_messages_nodejs
[  6%] Built target autoware_system_msgs_generate_messages_eus
[  6%] Built target autoware_msgs_generate_messages_lisp
[  6%] Built target autoware_system_msgs_generate_messages_lisp
[  6%] Built target jsk_footstep_msgs_generate_messages_cpp
[  6%] Built target actionlib_msgs_generate_messages_nodejs
[  6%] Built target std_msgs_generate_messages_lisp
[  6%] Built target pcl_msgs_generate_messages_cpp
[  6%] Built target jsk_footstep_msgs_generate_messages_lisp
[  6%] Built target sensor_msgs_generate_messages_lisp
[  6%] Built target sensor_msgs_generate_messages_cpp
[  6%] Built target jsk_recognition_msgs_generate_messages_py
[  6%] Built target jsk_footstep_msgs_generate_messages_py
[  6%] Built target actionlib_generate_messages_nodejs
[  6%] Built target actionlib_generate_messages_lisp
[  6%] Built target actionlib_msgs_generate_messages_eus
[  6%] Built target jsk_footstep_msgs_generate_messages_eus
[  6%] Built target pcl_msgs_generate_messages_eus
[  6%] Built target pcl_msgs_generate_messages_nodejs
[  6%] Built target rosgraph_msgs_generate_messages_cpp
[  6%] Built target autoware_msgs_generate_messages_nodejs
[  6%] Built target tf_generate_messages_cpp
[  6%] Built target pcl_msgs_generate_messages_lisp
[  6%] Built target jsk_recognition_msgs_generate_messages_cpp
[  6%] Built target actionlib_msgs_generate_messages_py
[  6%] Built target autoware_system_msgs_generate_messages_nodejs
[35m[1mScanning dependencies of target test-mpc_follower[0m
[ 16%] Built target test-mpc_lowpass_filter
[ 56%] Built target test-mpc_utils
[ 60%] [32mBuilding CXX object CMakeFiles/test-mpc_follower.dir/src/mpc_follower_core.cpp.o[0m
[ 63%] [32m[1mLinking CXX executable devel/lib/mpc_follower/test-mpc_follower[0m
[100%] Built target test-mpc_follower
[100%] Built target tests
-- Install configuration: "Release"
-- Up-to-date: /home/ros/autoware.ai/install/mpc_follower/lib/pkgconfig/mpc_follower.pc
-- Up-to-date: /home/ros/autoware.ai/install/mpc_follower/share/mpc_follower/cmake/mpc_followerConfig.cmake
-- Up-to-date: /home/ros/autoware.ai/install/mpc_follower/share/mpc_follower/cmake/mpc_followerConfig-version.cmake
-- Up-to-date: /home/ros/autoware.ai/install/mpc_follower/share/mpc_follower/package.xml
-- Installing: /home/ros/autoware.ai/install/mpc_follower/lib/mpc_follower/mpc_follower
-- Set runtime path of "/home/ros/autoware.ai/install/mpc_follower/lib/mpc_follower/mpc_follower" to ""
-- Up-to-date: /home/ros/autoware.ai/install/mpc_follower/lib/mpc_follower/mpc_waypoints_converter
-- Up-to-date: /home/ros/autoware.ai/install/mpc_follower/include/mpc_follower
-- Up-to-date: /home/ros/autoware.ai/install/mpc_follower/include/mpc_follower/mpc_follower_core.h
-- Up-to-date: /home/ros/autoware.ai/install/mpc_follower/include/mpc_follower/mpc_utils.h
-- Up-to-date: /home/ros/autoware.ai/install/mpc_follower/include/mpc_follower/lowpass_filter.h
-- Up-to-date: /home/ros/autoware.ai/install/mpc_follower/include/mpc_follower/vehicle_model
-- Up-to-date: /home/ros/autoware.ai/install/mpc_follower/include/mpc_follower/vehicle_model/vehicle_model_bicycle_kinematics_no_delay.h
-- Up-to-date: /home/ros/autoware.ai/install/mpc_follower/include/mpc_follower/vehicle_model/vehicle_model_interface.h
-- Up-to-date: /home/ros/autoware.ai/install/mpc_follower/include/mpc_follower/vehicle_model/vehicle_model_bicycle_kinematics.h
-- Up-to-date: /home/ros/autoware.ai/install/mpc_follower/include/mpc_follower/vehicle_model/vehicle_model_bicycle_dynamics.h
-- Up-to-date: /home/ros/autoware.ai/install/mpc_follower/include/mpc_follower/qp_solver
-- Up-to-date: /home/ros/autoware.ai/install/mpc_follower/include/mpc_follower/qp_solver/qp_solver_qpoases.h
-- Up-to-date: /home/ros/autoware.ai/install/mpc_follower/include/mpc_follower/qp_solver/qp_solver_interface.h
-- Up-to-date: /home/ros/autoware.ai/install/mpc_follower/include/mpc_follower/qp_solver/qp_solver_unconstr.h
-- Up-to-date: /home/ros/autoware.ai/install/mpc_follower/include/mpc_follower/qp_solver/qp_solver_unconstr_fast.h
-- Up-to-date: /home/ros/autoware.ai/install/mpc_follower/include/mpc_follower/mpc_trajectory.h
-- Up-to-date: /home/ros/autoware.ai/install/mpc_follower/share/mpc_follower/launch
-- Up-to-date: /home/ros/autoware.ai/install/mpc_follower/share/mpc_follower/launch/mpc_follower.launch
