[0.048s] Invoking command in '/home/ros/autoware.ai/build/autoware_config_msgs': /usr/bin/cmake --build /home/ros/autoware.ai/build/autoware_config_msgs -- -j12 -l12
[0.159s] [35m[1mScanning dependencies of target _autoware_config_msgs_generate_messages_check_deps_ConfigLatticeVelocitySet[0m
[0.159s] [35m[1mScanning dependencies of target _autoware_config_msgs_generate_messages_check_deps_ConfigCarDPM[0m
[0.159s] [35m[1mScanning dependencies of target _autoware_config_msgs_generate_messages_check_deps_ConfigNDTMapping[0m
[0.160s] [35m[1mScanning dependencies of target _autoware_config_msgs_generate_messages_check_deps_ConfigLaneStop[0m
[0.170s] [35m[1mScanning dependencies of target _autoware_config_msgs_generate_messages_check_deps_ConfigWaypointReplanner[0m
[0.171s] [35m[1mScanning dependencies of target std_msgs_generate_messages_lisp[0m
[0.182s] [35m[1mScanning dependencies of target _autoware_config_msgs_generate_messages_check_deps_ConfigRayGroundFilter[0m
[0.183s] [35m[1mScanning dependencies of target _autoware_config_msgs_generate_messages_check_deps_ConfigApproximateNDTMapping[0m
[0.189s] [35m[1mScanning dependencies of target _autoware_config_msgs_generate_messages_check_deps_ConfigRandomFilter[0m
[0.195s] [35m[1mScanning dependencies of target _autoware_config_msgs_generate_messages_check_deps_ConfigCompareMapFilter[0m
[0.206s] [35m[1mScanning dependencies of target _autoware_config_msgs_generate_messages_check_deps_ConfigPedestrianDPM[0m
[0.230s] [35m[1mScanning dependencies of target _autoware_config_msgs_generate_messages_check_deps_ConfigDecisionMaker[0m
[0.238s] [  0%] Built target std_msgs_generate_messages_lisp
[0.260s] [35m[1mScanning dependencies of target _autoware_config_msgs_generate_messages_check_deps_ConfigRingFilter[0m
[0.299s] [  0%] Built target _autoware_config_msgs_generate_messages_check_deps_ConfigLatticeVelocitySet
[0.301s] [  0%] Built target _autoware_config_msgs_generate_messages_check_deps_ConfigRandomFilter
[0.311s] [  0%] Built target _autoware_config_msgs_generate_messages_check_deps_ConfigNDTMapping
[0.312s] [  0%] Built target _autoware_config_msgs_generate_messages_check_deps_ConfigLaneStop
[0.335s] [  0%] Built target _autoware_config_msgs_generate_messages_check_deps_ConfigCompareMapFilter
[0.336s] [35m[1mScanning dependencies of target _autoware_config_msgs_generate_messages_check_deps_ConfigVoxelGridFilter[0m
[0.351s] [35m[1mScanning dependencies of target _autoware_config_msgs_generate_messages_check_deps_ConfigCarKF[0m
[0.356s] [35m[1mScanning dependencies of target _autoware_config_msgs_generate_messages_check_deps_ConfigDistanceFilter[0m
[0.361s] [  0%] Built target _autoware_config_msgs_generate_messages_check_deps_ConfigRingFilter
[0.362s] [  0%] Built target _autoware_config_msgs_generate_messages_check_deps_ConfigDecisionMaker
[0.363s] [  0%] Built target _autoware_config_msgs_generate_messages_check_deps_ConfigCarDPM
[0.368s] [35m[1mScanning dependencies of target _autoware_config_msgs_generate_messages_check_deps_ConfigLaneRule[0m
[0.369s] [  0%] Built target _autoware_config_msgs_generate_messages_check_deps_ConfigRayGroundFilter
[0.371s] [  0%] Built target _autoware_config_msgs_generate_messages_check_deps_ConfigApproximateNDTMapping
[0.380s] [  0%] Built target _autoware_config_msgs_generate_messages_check_deps_ConfigPedestrianDPM
[0.381s] [35m[1mScanning dependencies of target _autoware_config_msgs_generate_messages_check_deps_ConfigWaypointFollower[0m
[0.383s] [35m[1mScanning dependencies of target _autoware_config_msgs_generate_messages_check_deps_ConfigVelocitySet[0m
[0.393s] [35m[1mScanning dependencies of target _autoware_config_msgs_generate_messages_check_deps_ConfigPlannerSelector[0m
[0.401s] [35m[1mScanning dependencies of target _autoware_config_msgs_generate_messages_check_deps_ConfigPedestrianKF[0m
[0.425s] [  0%] Built target _autoware_config_msgs_generate_messages_check_deps_ConfigCarKF
[0.427s] [35m[1mScanning dependencies of target _autoware_config_msgs_generate_messages_check_deps_ConfigCarFusion[0m
[0.427s] [35m[1mScanning dependencies of target _autoware_config_msgs_generate_messages_check_deps_ConfigICP[0m
[0.431s] [  0%] Built target _autoware_config_msgs_generate_messages_check_deps_ConfigVoxelGridFilter
[0.432s] [  0%] Built target _autoware_config_msgs_generate_messages_check_deps_ConfigWaypointReplanner
[0.433s] [35m[1mScanning dependencies of target _autoware_config_msgs_generate_messages_check_deps_ConfigTwistFilter[0m
[0.445s] [  0%] Built target _autoware_config_msgs_generate_messages_check_deps_ConfigLaneRule
[0.459s] [35m[1mScanning dependencies of target _autoware_config_msgs_generate_messages_check_deps_ConfigRcnn[0m
[0.484s] [35m[1mScanning dependencies of target _autoware_config_msgs_generate_messages_check_deps_ConfigSSD[0m
[0.502s] [35m[1mScanning dependencies of target _autoware_config_msgs_generate_messages_check_deps_ConfigPedestrianFusion[0m
[0.544s] [  0%] Built target _autoware_config_msgs_generate_messages_check_deps_ConfigDistanceFilter
[0.572s] [35m[1mScanning dependencies of target _autoware_config_msgs_generate_messages_check_deps_ConfigNDTMappingOutput[0m
[0.572s] [  0%] Built target _autoware_config_msgs_generate_messages_check_deps_ConfigWaypointFollower
[0.572s] [  0%] Built target _autoware_config_msgs_generate_messages_check_deps_ConfigVelocitySet
[0.587s] [  0%] Built target _autoware_config_msgs_generate_messages_check_deps_ConfigPlannerSelector
[0.607s] [  0%] Built target _autoware_config_msgs_generate_messages_check_deps_ConfigICP
[0.627s] [35m[1mScanning dependencies of target _autoware_config_msgs_generate_messages_check_deps_ConfigNDT[0m
[0.631s] [  0%] Built target _autoware_config_msgs_generate_messages_check_deps_ConfigPedestrianKF
[0.705s] [35m[1mScanning dependencies of target _autoware_config_msgs_generate_messages_check_deps_ConfigRingGroundFilter[0m
[0.705s] [35m[1mScanning dependencies of target _autoware_config_msgs_generate_messages_check_deps_ConfigPoints2Polygon[0m
[0.718s] [  0%] Built target _autoware_config_msgs_generate_messages_check_deps_ConfigSSD
[0.725s] [  0%] Built target _autoware_config_msgs_generate_messages_check_deps_ConfigTwistFilter
[0.754s] [35m[1mScanning dependencies of target _autoware_config_msgs_generate_messages_check_deps_ConfigLaneSelect[0m
[0.757s] [  0%] Built target _autoware_config_msgs_generate_messages_check_deps_ConfigCarFusion
[0.765s] [35m[1mScanning dependencies of target std_msgs_generate_messages_nodejs[0m
[0.785s] [35m[1mScanning dependencies of target std_msgs_generate_messages_eus[0m
[0.795s] [  0%] Built target _autoware_config_msgs_generate_messages_check_deps_ConfigPedestrianFusion
[0.795s] [  0%] Built target _autoware_config_msgs_generate_messages_check_deps_ConfigRcnn
[0.795s] [  0%] Built target _autoware_config_msgs_generate_messages_check_deps_ConfigRingGroundFilter
[0.806s] [  0%] Built target _autoware_config_msgs_generate_messages_check_deps_ConfigNDTMappingOutput
[0.842s] [35m[1mScanning dependencies of target std_msgs_generate_messages_cpp[0m
[0.844s] [35m[1mScanning dependencies of target std_msgs_generate_messages_py[0m
[0.914s] [  0%] Built target std_msgs_generate_messages_nodejs
[0.971s] [  0%] Built target std_msgs_generate_messages_eus
[0.971s] [  0%] Built target std_msgs_generate_messages_cpp
[0.971s] [  0%] Built target _autoware_config_msgs_generate_messages_check_deps_ConfigNDT
[1.018s] [  0%] Built target _autoware_config_msgs_generate_messages_check_deps_ConfigPoints2Polygon
[1.032s] [  0%] Built target std_msgs_generate_messages_py
[1.062s] [  0%] Built target _autoware_config_msgs_generate_messages_check_deps_ConfigLaneSelect
[1.131s] [35m[1mScanning dependencies of target autoware_config_msgs_generate_messages_py[0m
[1.143s] [35m[1mScanning dependencies of target autoware_config_msgs_generate_messages_eus[0m
[1.183s] [35m[1mScanning dependencies of target autoware_config_msgs_generate_messages_lisp[0m
[1.195s] [  1%] [34m[1mGenerating Python from MSG autoware_config_msgs/ConfigPlannerSelector[0m
[1.203s] [35m[1mScanning dependencies of target autoware_config_msgs_generate_messages_cpp[0m
[1.211s] [35m[1mScanning dependencies of target autoware_config_msgs_generate_messages_nodejs[0m
[1.218s] [  1%] [34m[1mGenerating Python from MSG autoware_config_msgs/ConfigVoxelGridFilter[0m
[1.235s] [  2%] [34m[1mGenerating Python from MSG autoware_config_msgs/ConfigPedestrianKF[0m
[1.237s] [  3%] [34m[1mGenerating Python from MSG autoware_config_msgs/ConfigNDT[0m
[1.239s] [  4%] [34m[1mGenerating Python from MSG autoware_config_msgs/ConfigPoints2Polygon[0m
[1.245s] [  5%] [34m[1mGenerating Python from MSG autoware_config_msgs/ConfigNDTMapping[0m
[1.249s] [  6%] [34m[1mGenerating EusLisp code from autoware_config_msgs/ConfigNDTMapping.msg[0m
[1.251s] [  6%] [34m[1mGenerating Python from MSG autoware_config_msgs/ConfigCarFusion[0m
[1.266s] [  6%] [34m[1mGenerating Python from MSG autoware_config_msgs/ConfigICP[0m
[1.307s] [  7%] [34m[1mGenerating Lisp code from autoware_config_msgs/ConfigNDTMapping.msg[0m
[1.316s] [  7%] [34m[1mGenerating C++ code from autoware_config_msgs/ConfigNDTMapping.msg[0m
[1.527s] [  8%] [34m[1mGenerating Javascript code from autoware_config_msgs/ConfigNDTMapping.msg[0m
[1.583s] [  8%] [34m[1mGenerating EusLisp code from autoware_config_msgs/ConfigVoxelGridFilter.msg[0m
[1.630s] [  8%] [34m[1mGenerating Python from MSG autoware_config_msgs/ConfigSSD[0m
[1.671s] [  9%] [34m[1mGenerating EusLisp code from autoware_config_msgs/ConfigNDT.msg[0m
[1.672s] [  9%] [34m[1mGenerating Lisp code from autoware_config_msgs/ConfigVoxelGridFilter.msg[0m
[1.688s] [ 10%] [34m[1mGenerating Python from MSG autoware_config_msgs/ConfigApproximateNDTMapping[0m
[1.743s] [ 10%] [34m[1mGenerating Python from MSG autoware_config_msgs/ConfigRcnn[0m
[1.761s] [ 11%] [34m[1mGenerating Python from MSG autoware_config_msgs/ConfigCarKF[0m
[1.787s] [ 12%] [34m[1mGenerating Javascript code from autoware_config_msgs/ConfigVoxelGridFilter.msg[0m
[1.802s] [ 12%] [34m[1mGenerating Python from MSG autoware_config_msgs/ConfigDistanceFilter[0m
[1.832s] [ 13%] [34m[1mGenerating C++ code from autoware_config_msgs/ConfigVoxelGridFilter.msg[0m
[1.834s] [ 13%] [34m[1mGenerating EusLisp code from autoware_config_msgs/ConfigCarFusion.msg[0m
[1.852s] [ 15%] [34m[1mGenerating Python from MSG autoware_config_msgs/ConfigNDTMappingOutput[0m
[1.856s] [ 16%] [34m[1mGenerating Python from MSG autoware_config_msgs/ConfigPedestrianFusion[0m
[1.931s] [ 17%] [34m[1mGenerating Lisp code from autoware_config_msgs/ConfigNDT.msg[0m
[2.009s] [ 18%] [34m[1mGenerating EusLisp code from autoware_config_msgs/ConfigPlannerSelector.msg[0m
[2.028s] [ 18%] [34m[1mGenerating Javascript code from autoware_config_msgs/ConfigNDT.msg[0m
[2.117s] [ 18%] [34m[1mGenerating Python from MSG autoware_config_msgs/ConfigDecisionMaker[0m
[2.126s] [ 19%] [34m[1mGenerating Python from MSG autoware_config_msgs/ConfigRingGroundFilter[0m
[2.152s] [ 20%] [34m[1mGenerating EusLisp code from autoware_config_msgs/ConfigICP.msg[0m
[2.166s] [ 21%] [34m[1mGenerating Lisp code from autoware_config_msgs/ConfigCarFusion.msg[0m
[2.177s] [ 21%] [34m[1mGenerating Python from MSG autoware_config_msgs/ConfigCompareMapFilter[0m
[2.182s] [ 21%] [34m[1mGenerating Python from MSG autoware_config_msgs/ConfigLaneStop[0m
[2.207s] [ 21%] [34m[1mGenerating C++ code from autoware_config_msgs/ConfigNDT.msg[0m
[2.222s] [ 22%] [34m[1mGenerating Python from MSG autoware_config_msgs/ConfigWaypointReplanner[0m
[2.232s] [ 23%] [34m[1mGenerating Python from MSG autoware_config_msgs/ConfigRandomFilter[0m
[2.242s] [ 23%] [34m[1mGenerating Python from MSG autoware_config_msgs/ConfigTwistFilter[0m
[2.268s] [ 23%] [34m[1mGenerating EusLisp code from autoware_config_msgs/ConfigPoints2Polygon.msg[0m
[2.278s] [ 24%] [34m[1mGenerating Javascript code from autoware_config_msgs/ConfigCarFusion.msg[0m
[2.405s] [ 25%] [34m[1mGenerating Python from MSG autoware_config_msgs/ConfigLaneSelect[0m
[2.411s] [ 26%] [34m[1mGenerating Lisp code from autoware_config_msgs/ConfigPlannerSelector.msg[0m
[2.524s] [ 26%] [34m[1mGenerating Javascript code from autoware_config_msgs/ConfigPlannerSelector.msg[0m
[2.527s] [ 26%] [34m[1mGenerating Python from MSG autoware_config_msgs/ConfigLatticeVelocitySet[0m
[2.559s] [ 26%] [34m[1mGenerating EusLisp code from autoware_config_msgs/ConfigSSD.msg[0m
[2.559s] [ 27%] [34m[1mGenerating Lisp code from autoware_config_msgs/ConfigICP.msg[0m
[2.559s] [ 29%] [34m[1mGenerating EusLisp code from autoware_config_msgs/ConfigPedestrianKF.msg[0m
[2.578s] [ 29%] [34m[1mGenerating Python from MSG autoware_config_msgs/ConfigRingFilter[0m
[2.579s] [ 30%] [34m[1mGenerating Python from MSG autoware_config_msgs/ConfigVelocitySet[0m
[2.664s] [ 31%] [34m[1mGenerating Python from MSG autoware_config_msgs/ConfigPedestrianDPM[0m
[2.680s] [ 32%] [34m[1mGenerating Python from MSG autoware_config_msgs/ConfigWaypointFollower[0m
[2.696s] [ 32%] [34m[1mGenerating Python from MSG autoware_config_msgs/ConfigLaneRule[0m
[2.725s] [ 32%] [34m[1mGenerating Lisp code from autoware_config_msgs/ConfigPoints2Polygon.msg[0m
[2.762s] [ 33%] [34m[1mGenerating Javascript code from autoware_config_msgs/ConfigICP.msg[0m
[2.767s] [ 34%] [34m[1mGenerating C++ code from autoware_config_msgs/ConfigCarFusion.msg[0m
[2.779s] [ 34%] [34m[1mGenerating C++ code from autoware_config_msgs/ConfigPlannerSelector.msg[0m
[2.807s] [ 35%] [34m[1mGenerating C++ code from autoware_config_msgs/ConfigICP.msg[0m
[2.807s] [ 36%] [34m[1mGenerating EusLisp code from autoware_config_msgs/ConfigApproximateNDTMapping.msg[0m
[2.852s] [ 37%] [34m[1mGenerating C++ code from autoware_config_msgs/ConfigPoints2Polygon.msg[0m
[2.863s] [ 38%] [34m[1mGenerating Javascript code from autoware_config_msgs/ConfigPoints2Polygon.msg[0m
[2.881s] [ 38%] [34m[1mGenerating C++ code from autoware_config_msgs/ConfigPedestrianKF.msg[0m
[2.881s] [ 39%] [34m[1mGenerating Lisp code from autoware_config_msgs/ConfigPedestrianKF.msg[0m
[3.005s] [ 40%] [34m[1mGenerating Python from MSG autoware_config_msgs/ConfigCarDPM[0m
[3.011s] [ 40%] [34m[1mGenerating C++ code from autoware_config_msgs/ConfigApproximateNDTMapping.msg[0m
[3.022s] [ 40%] [34m[1mGenerating Python from MSG autoware_config_msgs/ConfigRayGroundFilter[0m
[3.025s] [ 41%] [34m[1mGenerating EusLisp code from autoware_config_msgs/ConfigRcnn.msg[0m
[3.035s] [ 43%] [34m[1mGenerating C++ code from autoware_config_msgs/ConfigSSD.msg[0m
[3.052s] [ 43%] [34m[1mGenerating Javascript code from autoware_config_msgs/ConfigPedestrianKF.msg[0m
[3.086s] [ 44%] [34m[1mGenerating C++ code from autoware_config_msgs/ConfigRcnn.msg[0m
[3.115s] [ 44%] [34m[1mGenerating Lisp code from autoware_config_msgs/ConfigSSD.msg[0m
[3.230s] [ 44%] [34m[1mGenerating EusLisp code from autoware_config_msgs/ConfigNDTMappingOutput.msg[0m
[3.266s] [ 45%] [34m[1mGenerating EusLisp code from autoware_config_msgs/ConfigCarKF.msg[0m
[3.291s] [ 46%] [34m[1mGenerating C++ code from autoware_config_msgs/ConfigNDTMappingOutput.msg[0m
[3.326s] [ 47%] [34m[1mGenerating Javascript code from autoware_config_msgs/ConfigSSD.msg[0m
[3.332s] [ 48%] [34m[1mGenerating Lisp code from autoware_config_msgs/ConfigApproximateNDTMapping.msg[0m
[3.370s] [ 49%] [34m[1mGenerating Python msg __init__.py for autoware_config_msgs[0m
[3.375s] [ 49%] [34m[1mGenerating Javascript code from autoware_config_msgs/ConfigApproximateNDTMapping.msg[0m
[3.378s] [ 50%] [34m[1mGenerating Javascript code from autoware_config_msgs/ConfigRcnn.msg[0m
[3.429s] [ 51%] [34m[1mGenerating Javascript code from autoware_config_msgs/ConfigNDTMappingOutput.msg[0m
[3.512s] [ 51%] [34m[1mGenerating EusLisp code from autoware_config_msgs/ConfigDistanceFilter.msg[0m
[3.518s] [ 52%] [34m[1mGenerating EusLisp code from autoware_config_msgs/ConfigPedestrianFusion.msg[0m
[3.530s] [ 52%] [34m[1mGenerating Javascript code from autoware_config_msgs/ConfigCarKF.msg[0m
[3.530s] [ 52%] [34m[1mGenerating C++ code from autoware_config_msgs/ConfigCarKF.msg[0m
[3.554s] [ 53%] [34m[1mGenerating Lisp code from autoware_config_msgs/ConfigRcnn.msg[0m
[3.639s] [ 54%] [34m[1mGenerating Javascript code from autoware_config_msgs/ConfigDistanceFilter.msg[0m
[3.653s] [ 55%] [34m[1mGenerating C++ code from autoware_config_msgs/ConfigDistanceFilter.msg[0m
[3.680s] [ 55%] [34m[1mGenerating Lisp code from autoware_config_msgs/ConfigNDTMappingOutput.msg[0m
[3.689s] [ 55%] Built target autoware_config_msgs_generate_messages_py
[3.689s] [ 56%] [34m[1mGenerating Javascript code from autoware_config_msgs/ConfigDecisionMaker.msg[0m
[3.705s] [ 56%] [34m[1mGenerating EusLisp code from autoware_config_msgs/ConfigDecisionMaker.msg[0m
[3.705s] [ 56%] [34m[1mGenerating C++ code from autoware_config_msgs/ConfigPedestrianFusion.msg[0m
[3.717s] [ 58%] [34m[1mGenerating C++ code from autoware_config_msgs/ConfigDecisionMaker.msg[0m
[3.740s] [ 58%] [34m[1mGenerating Javascript code from autoware_config_msgs/ConfigPedestrianFusion.msg[0m
[3.748s] [ 59%] [34m[1mGenerating Javascript code from autoware_config_msgs/ConfigRingGroundFilter.msg[0m
[3.758s] [ 60%] [34m[1mGenerating Lisp code from autoware_config_msgs/ConfigCarKF.msg[0m
[3.761s] [ 61%] [34m[1mGenerating C++ code from autoware_config_msgs/ConfigRingGroundFilter.msg[0m
[3.785s] [ 61%] [34m[1mGenerating C++ code from autoware_config_msgs/ConfigCompareMapFilter.msg[0m
[3.834s] [ 61%] [34m[1mGenerating Javascript code from autoware_config_msgs/ConfigCompareMapFilter.msg[0m
[3.929s] [ 62%] [34m[1mGenerating C++ code from autoware_config_msgs/ConfigLaneStop.msg[0m
[3.970s] [ 63%] [34m[1mGenerating Javascript code from autoware_config_msgs/ConfigWaypointReplanner.msg[0m
[3.971s] [ 63%] [34m[1mGenerating Javascript code from autoware_config_msgs/ConfigLaneStop.msg[0m
[3.986s] [ 64%] [34m[1mGenerating Javascript code from autoware_config_msgs/ConfigTwistFilter.msg[0m
[4.004s] [ 64%] [34m[1mGenerating C++ code from autoware_config_msgs/ConfigWaypointReplanner.msg[0m
[4.013s] [ 65%] [34m[1mGenerating EusLisp code from autoware_config_msgs/ConfigRingGroundFilter.msg[0m
[4.067s] [ 66%] [34m[1mGenerating Javascript code from autoware_config_msgs/ConfigRandomFilter.msg[0m
[4.076s] [ 66%] [34m[1mGenerating Lisp code from autoware_config_msgs/ConfigDistanceFilter.msg[0m
[4.157s] [ 66%] [34m[1mGenerating Javascript code from autoware_config_msgs/ConfigLaneSelect.msg[0m
[4.243s] [ 66%] [34m[1mGenerating Javascript code from autoware_config_msgs/ConfigVelocitySet.msg[0m
[4.248s] [ 67%] [34m[1mGenerating Javascript code from autoware_config_msgs/ConfigLatticeVelocitySet.msg[0m
[4.327s] [ 68%] [34m[1mGenerating C++ code from autoware_config_msgs/ConfigTwistFilter.msg[0m
[4.335s] [ 69%] [34m[1mGenerating Lisp code from autoware_config_msgs/ConfigPedestrianFusion.msg[0m
[4.335s] [ 70%] [34m[1mGenerating Javascript code from autoware_config_msgs/ConfigRingFilter.msg[0m
[4.346s] [ 72%] [34m[1mGenerating EusLisp code from autoware_config_msgs/ConfigCompareMapFilter.msg[0m
[4.368s] [ 73%] [34m[1mGenerating Lisp code from autoware_config_msgs/ConfigDecisionMaker.msg[0m
[4.370s] [ 74%] [34m[1mGenerating Lisp code from autoware_config_msgs/ConfigWaypointReplanner.msg[0m
[4.374s] [ 74%] [34m[1mGenerating EusLisp code from autoware_config_msgs/ConfigLaneStop.msg[0m
[4.396s] [ 75%] [34m[1mGenerating Lisp code from autoware_config_msgs/ConfigCompareMapFilter.msg[0m
[4.396s] [ 76%] [34m[1mGenerating Javascript code from autoware_config_msgs/ConfigPedestrianDPM.msg[0m
[4.423s] [ 76%] [34m[1mGenerating Lisp code from autoware_config_msgs/ConfigLaneStop.msg[0m
[4.467s] [ 76%] [34m[1mGenerating Javascript code from autoware_config_msgs/ConfigWaypointFollower.msg[0m
[4.483s] [ 76%] [34m[1mGenerating Lisp code from autoware_config_msgs/ConfigRingGroundFilter.msg[0m
[4.557s] [ 77%] [34m[1mGenerating Lisp code from autoware_config_msgs/ConfigTwistFilter.msg[0m
[4.585s] [ 77%] [34m[1mGenerating Lisp code from autoware_config_msgs/ConfigRandomFilter.msg[0m
[4.634s] [ 77%] [34m[1mGenerating Lisp code from autoware_config_msgs/ConfigLatticeVelocitySet.msg[0m
[4.652s] [ 78%] [34m[1mGenerating Lisp code from autoware_config_msgs/ConfigLaneSelect.msg[0m
[4.699s] [ 79%] [34m[1mGenerating Lisp code from autoware_config_msgs/ConfigVelocitySet.msg[0m
[4.703s] [ 79%] [34m[1mGenerating Javascript code from autoware_config_msgs/ConfigCarDPM.msg[0m
[4.706s] [ 80%] [34m[1mGenerating Javascript code from autoware_config_msgs/ConfigLaneRule.msg[0m
[4.755s] [ 81%] [34m[1mGenerating EusLisp code from autoware_config_msgs/ConfigWaypointReplanner.msg[0m
[4.759s] [ 81%] [34m[1mGenerating Lisp code from autoware_config_msgs/ConfigRingFilter.msg[0m
[4.760s] [ 82%] [34m[1mGenerating Lisp code from autoware_config_msgs/ConfigPedestrianDPM.msg[0m
[4.765s] [ 83%] [34m[1mGenerating Javascript code from autoware_config_msgs/ConfigRayGroundFilter.msg[0m
[4.827s] [ 84%] [34m[1mGenerating Lisp code from autoware_config_msgs/ConfigWaypointFollower.msg[0m
[4.837s] [ 86%] [34m[1mGenerating EusLisp code from autoware_config_msgs/ConfigRandomFilter.msg[0m
[4.848s] [ 86%] [34m[1mGenerating EusLisp code from autoware_config_msgs/ConfigTwistFilter.msg[0m
[4.865s] [ 86%] [34m[1mGenerating Lisp code from autoware_config_msgs/ConfigLaneRule.msg[0m
[4.889s] [ 86%] [34m[1mGenerating EusLisp code from autoware_config_msgs/ConfigLatticeVelocitySet.msg[0m
[4.929s] [ 87%] [34m[1mGenerating EusLisp code from autoware_config_msgs/ConfigLaneSelect.msg[0m
[4.965s] [ 88%] [34m[1mGenerating C++ code from autoware_config_msgs/ConfigRandomFilter.msg[0m
[4.970s] [ 89%] [34m[1mGenerating Lisp code from autoware_config_msgs/ConfigCarDPM.msg[0m
[5.000s] [ 89%] [34m[1mGenerating C++ code from autoware_config_msgs/ConfigLaneSelect.msg[0m
[5.005s] [ 89%] [34m[1mGenerating EusLisp code from autoware_config_msgs/ConfigRingFilter.msg[0m
[5.020s] [ 90%] [34m[1mGenerating EusLisp code from autoware_config_msgs/ConfigVelocitySet.msg[0m
[5.045s] [ 90%] [34m[1mGenerating Lisp code from autoware_config_msgs/ConfigRayGroundFilter.msg[0m
[5.080s] [ 90%] Built target autoware_config_msgs_generate_messages_nodejs
[5.085s] [ 91%] [34m[1mGenerating EusLisp code from autoware_config_msgs/ConfigPedestrianDPM.msg[0m
[5.113s] [ 92%] [34m[1mGenerating EusLisp code from autoware_config_msgs/ConfigWaypointFollower.msg[0m
[5.141s] [ 93%] [34m[1mGenerating C++ code from autoware_config_msgs/ConfigLatticeVelocitySet.msg[0m
[5.186s] [ 93%] [34m[1mGenerating C++ code from autoware_config_msgs/ConfigVelocitySet.msg[0m
[5.189s] [ 93%] [34m[1mGenerating EusLisp code from autoware_config_msgs/ConfigLaneRule.msg[0m
[5.198s] [ 94%] [34m[1mGenerating EusLisp manifest code for autoware_config_msgs[0m
[5.218s] [ 95%] [34m[1mGenerating C++ code from autoware_config_msgs/ConfigRingFilter.msg[0m
[5.263s] [ 95%] [34m[1mGenerating EusLisp code from autoware_config_msgs/ConfigRayGroundFilter.msg[0m
[5.279s] [ 96%] [34m[1mGenerating EusLisp code from autoware_config_msgs/ConfigCarDPM.msg[0m
[5.323s] [ 96%] Built target autoware_config_msgs_generate_messages_lisp
[5.391s] [ 96%] [34m[1mGenerating C++ code from autoware_config_msgs/ConfigWaypointFollower.msg[0m
[5.437s] [ 97%] [34m[1mGenerating C++ code from autoware_config_msgs/ConfigPedestrianDPM.msg[0m
[5.454s] [ 98%] [34m[1mGenerating C++ code from autoware_config_msgs/ConfigLaneRule.msg[0m
[5.492s] [ 98%] [34m[1mGenerating C++ code from autoware_config_msgs/ConfigCarDPM.msg[0m
[5.538s] [100%] [34m[1mGenerating C++ code from autoware_config_msgs/ConfigRayGroundFilter.msg[0m
[6.147s] [100%] Built target autoware_config_msgs_generate_messages_cpp
[6.719s] [100%] Built target autoware_config_msgs_generate_messages_eus
[6.803s] [35m[1mScanning dependencies of target autoware_config_msgs_generate_messages[0m
[6.899s] [100%] Built target autoware_config_msgs_generate_messages
[7.006s] Invoked command in '/home/ros/autoware.ai/build/autoware_config_msgs' returned '0': /usr/bin/cmake --build /home/ros/autoware.ai/build/autoware_config_msgs -- -j12 -l12
[8.656s] Invoking command in '/home/ros/autoware.ai/build/autoware_config_msgs': /usr/bin/cmake --build /home/ros/autoware.ai/build/autoware_config_msgs --target tests -- -j12 -l12
[9.050s] [35m[1mScanning dependencies of target tests[0m
[9.212s] Built target tests
[9.262s] Invoked command in '/home/ros/autoware.ai/build/autoware_config_msgs' returned '0': /usr/bin/cmake --build /home/ros/autoware.ai/build/autoware_config_msgs --target tests -- -j12 -l12
[10.756s] Invoking command in '/home/ros/autoware.ai/build/autoware_config_msgs': /usr/bin/cmake --build /home/ros/autoware.ai/build/autoware_config_msgs --target install -- -j12 -l12
[11.233s] [  0%] Built target std_msgs_generate_messages_lisp
[11.313s] [  0%] Built target _autoware_config_msgs_generate_messages_check_deps_ConfigNDTMapping
[11.324s] [  0%] Built target _autoware_config_msgs_generate_messages_check_deps_ConfigDecisionMaker
[11.325s] [  0%] Built target _autoware_config_msgs_generate_messages_check_deps_ConfigLatticeVelocitySet
[11.368s] [  0%] Built target _autoware_config_msgs_generate_messages_check_deps_ConfigRandomFilter
[11.387s] [  0%] Built target _autoware_config_msgs_generate_messages_check_deps_ConfigApproximateNDTMapping
[11.387s] [  0%] Built target _autoware_config_msgs_generate_messages_check_deps_ConfigPedestrianDPM
[11.387s] [  0%] Built target _autoware_config_msgs_generate_messages_check_deps_ConfigWaypointReplanner
[11.424s] [  0%] Built target _autoware_config_msgs_generate_messages_check_deps_ConfigCompareMapFilter
[11.430s] [  0%] Built target _autoware_config_msgs_generate_messages_check_deps_ConfigLaneStop
[11.461s] [  0%] Built target _autoware_config_msgs_generate_messages_check_deps_ConfigRayGroundFilter
[11.480s] [  0%] Built target _autoware_config_msgs_generate_messages_check_deps_ConfigCarDPM
[11.549s] [  0%] Built target _autoware_config_msgs_generate_messages_check_deps_ConfigDistanceFilter
[11.551s] [  0%] Built target _autoware_config_msgs_generate_messages_check_deps_ConfigRingFilter
[11.553s] [  0%] Built target _autoware_config_msgs_generate_messages_check_deps_ConfigLaneRule
[11.586s] [  0%] Built target _autoware_config_msgs_generate_messages_check_deps_ConfigCarKF
[11.591s] [  0%] Built target _autoware_config_msgs_generate_messages_check_deps_ConfigVoxelGridFilter
[11.614s] [  0%] Built target _autoware_config_msgs_generate_messages_check_deps_ConfigTwistFilter
[11.641s] [  0%] Built target _autoware_config_msgs_generate_messages_check_deps_ConfigWaypointFollower
[11.655s] [  0%] Built target _autoware_config_msgs_generate_messages_check_deps_ConfigVelocitySet
[11.671s] [  0%] Built target _autoware_config_msgs_generate_messages_check_deps_ConfigICP
[11.671s] [  0%] Built target _autoware_config_msgs_generate_messages_check_deps_ConfigPlannerSelector
[11.745s] [  0%] Built target _autoware_config_msgs_generate_messages_check_deps_ConfigCarFusion
[11.775s] [  0%] Built target _autoware_config_msgs_generate_messages_check_deps_ConfigPedestrianKF
[11.815s] [  0%] Built target _autoware_config_msgs_generate_messages_check_deps_ConfigNDTMappingOutput
[11.821s] [  0%] Built target _autoware_config_msgs_generate_messages_check_deps_ConfigRcnn
[11.826s] [  0%] Built target std_msgs_generate_messages_nodejs
[11.836s] [  0%] Built target _autoware_config_msgs_generate_messages_check_deps_ConfigPedestrianFusion
[11.853s] [  0%] Built target _autoware_config_msgs_generate_messages_check_deps_ConfigSSD
[11.859s] [  0%] Built target std_msgs_generate_messages_py
[11.886s] [  0%] Built target _autoware_config_msgs_generate_messages_check_deps_ConfigRingGroundFilter
[11.891s] [  0%] Built target _autoware_config_msgs_generate_messages_check_deps_ConfigNDT
[11.897s] [  0%] Built target std_msgs_generate_messages_eus
[11.911s] [  0%] Built target _autoware_config_msgs_generate_messages_check_deps_ConfigPoints2Polygon
[11.913s] [  0%] Built target _autoware_config_msgs_generate_messages_check_deps_ConfigLaneSelect
[11.933s] [  0%] Built target std_msgs_generate_messages_cpp
[12.032s] [ 20%] Built target autoware_config_msgs_generate_messages_nodejs
[12.035s] [ 44%] Built target autoware_config_msgs_generate_messages_cpp
[12.036s] [ 59%] Built target autoware_config_msgs_generate_messages_lisp
[12.059s] [ 79%] Built target autoware_config_msgs_generate_messages_py
[12.066s] [100%] Built target autoware_config_msgs_generate_messages_eus
[12.191s] [100%] Built target autoware_config_msgs_generate_messages
[12.293s] [36mInstall the project...[0m
[12.324s] -- Install configuration: "Release"
[12.324s] -- Installing: /home/ros/autoware.ai/install/autoware_config_msgs/share/autoware_config_msgs/msg/ConfigApproximateNDTMapping.msg
[12.334s] -- Installing: /home/ros/autoware.ai/install/autoware_config_msgs/share/autoware_config_msgs/msg/ConfigCarDPM.msg
[12.335s] -- Installing: /home/ros/autoware.ai/install/autoware_config_msgs/share/autoware_config_msgs/msg/ConfigCarFusion.msg
[12.335s] -- Installing: /home/ros/autoware.ai/install/autoware_config_msgs/share/autoware_config_msgs/msg/ConfigCarKF.msg
[12.335s] -- Installing: /home/ros/autoware.ai/install/autoware_config_msgs/share/autoware_config_msgs/msg/ConfigCompareMapFilter.msg
[12.336s] -- Installing: /home/ros/autoware.ai/install/autoware_config_msgs/share/autoware_config_msgs/msg/ConfigDecisionMaker.msg
[12.336s] -- Installing: /home/ros/autoware.ai/install/autoware_config_msgs/share/autoware_config_msgs/msg/ConfigDistanceFilter.msg
[12.336s] -- Installing: /home/ros/autoware.ai/install/autoware_config_msgs/share/autoware_config_msgs/msg/ConfigICP.msg
[12.337s] -- Installing: /home/ros/autoware.ai/install/autoware_config_msgs/share/autoware_config_msgs/msg/ConfigLaneRule.msg
[12.337s] -- Installing: /home/ros/autoware.ai/install/autoware_config_msgs/share/autoware_config_msgs/msg/ConfigLaneSelect.msg
[12.338s] -- Installing: /home/ros/autoware.ai/install/autoware_config_msgs/share/autoware_config_msgs/msg/ConfigLaneStop.msg
[12.338s] -- Installing: /home/ros/autoware.ai/install/autoware_config_msgs/share/autoware_config_msgs/msg/ConfigLatticeVelocitySet.msg
[12.338s] -- Installing: /home/ros/autoware.ai/install/autoware_config_msgs/share/autoware_config_msgs/msg/ConfigNDT.msg
[12.339s] -- Installing: /home/ros/autoware.ai/install/autoware_config_msgs/share/autoware_config_msgs/msg/ConfigNDTMapping.msg
[12.339s] -- Installing: /home/ros/autoware.ai/install/autoware_config_msgs/share/autoware_config_msgs/msg/ConfigNDTMappingOutput.msg
[12.339s] -- Installing: /home/ros/autoware.ai/install/autoware_config_msgs/share/autoware_config_msgs/msg/ConfigPedestrianDPM.msg
[12.340s] -- Installing: /home/ros/autoware.ai/install/autoware_config_msgs/share/autoware_config_msgs/msg/ConfigPedestrianFusion.msg
[12.340s] -- Installing: /home/ros/autoware.ai/install/autoware_config_msgs/share/autoware_config_msgs/msg/ConfigPedestrianKF.msg
[12.341s] -- Installing: /home/ros/autoware.ai/install/autoware_config_msgs/share/autoware_config_msgs/msg/ConfigPlannerSelector.msg
[12.341s] -- Installing: /home/ros/autoware.ai/install/autoware_config_msgs/share/autoware_config_msgs/msg/ConfigPoints2Polygon.msg
[12.341s] -- Installing: /home/ros/autoware.ai/install/autoware_config_msgs/share/autoware_config_msgs/msg/ConfigRandomFilter.msg
[12.342s] -- Installing: /home/ros/autoware.ai/install/autoware_config_msgs/share/autoware_config_msgs/msg/ConfigRayGroundFilter.msg
[12.342s] -- Installing: /home/ros/autoware.ai/install/autoware_config_msgs/share/autoware_config_msgs/msg/ConfigRcnn.msg
[12.343s] -- Installing: /home/ros/autoware.ai/install/autoware_config_msgs/share/autoware_config_msgs/msg/ConfigRingFilter.msg
[12.344s] -- Installing: /home/ros/autoware.ai/install/autoware_config_msgs/share/autoware_config_msgs/msg/ConfigRingGroundFilter.msg
[12.344s] -- Installing: /home/ros/autoware.ai/install/autoware_config_msgs/share/autoware_config_msgs/msg/ConfigSSD.msg
[12.344s] -- Installing: /home/ros/autoware.ai/install/autoware_config_msgs/share/autoware_config_msgs/msg/ConfigTwistFilter.msg
[12.346s] -- Installing: /home/ros/autoware.ai/install/autoware_config_msgs/share/autoware_config_msgs/msg/ConfigVelocitySet.msg
[12.346s] -- Installing: /home/ros/autoware.ai/install/autoware_config_msgs/share/autoware_config_msgs/msg/ConfigVoxelGridFilter.msg
[12.346s] -- Installing: /home/ros/autoware.ai/install/autoware_config_msgs/share/autoware_config_msgs/msg/ConfigWaypointFollower.msg
[12.347s] -- Installing: /home/ros/autoware.ai/install/autoware_config_msgs/share/autoware_config_msgs/msg/ConfigWaypointReplanner.msg
[12.347s] -- Installing: /home/ros/autoware.ai/install/autoware_config_msgs/share/autoware_config_msgs/cmake/autoware_config_msgs-msg-paths.cmake
[12.348s] -- Installing: /home/ros/autoware.ai/install/autoware_config_msgs/include/autoware_config_msgs
[12.349s] -- Installing: /home/ros/autoware.ai/install/autoware_config_msgs/include/autoware_config_msgs/ConfigCarFusion.h
[12.349s] -- Installing: /home/ros/autoware.ai/install/autoware_config_msgs/include/autoware_config_msgs/ConfigPedestrianKF.h
[12.350s] -- Installing: /home/ros/autoware.ai/install/autoware_config_msgs/include/autoware_config_msgs/ConfigRayGroundFilter.h
[12.350s] -- Installing: /home/ros/autoware.ai/install/autoware_config_msgs/include/autoware_config_msgs/ConfigPedestrianFusion.h
[12.351s] -- Installing: /home/ros/autoware.ai/install/autoware_config_msgs/include/autoware_config_msgs/ConfigVelocitySet.h
[12.351s] -- Installing: /home/ros/autoware.ai/install/autoware_config_msgs/include/autoware_config_msgs/ConfigCarKF.h
[12.351s] -- Installing: /home/ros/autoware.ai/install/autoware_config_msgs/include/autoware_config_msgs/ConfigApproximateNDTMapping.h
[12.351s] -- Installing: /home/ros/autoware.ai/install/autoware_config_msgs/include/autoware_config_msgs/ConfigLaneRule.h
[12.352s] -- Installing: /home/ros/autoware.ai/install/autoware_config_msgs/include/autoware_config_msgs/ConfigICP.h
[12.352s] -- Installing: /home/ros/autoware.ai/install/autoware_config_msgs/include/autoware_config_msgs/ConfigCompareMapFilter.h
[12.352s] -- Installing: /home/ros/autoware.ai/install/autoware_config_msgs/include/autoware_config_msgs/ConfigLatticeVelocitySet.h
[12.352s] -- Installing: /home/ros/autoware.ai/install/autoware_config_msgs/include/autoware_config_msgs/ConfigWaypointFollower.h
[12.353s] -- Installing: /home/ros/autoware.ai/install/autoware_config_msgs/include/autoware_config_msgs/ConfigRingGroundFilter.h
[12.353s] -- Installing: /home/ros/autoware.ai/install/autoware_config_msgs/include/autoware_config_msgs/ConfigPlannerSelector.h
[12.353s] -- Installing: /home/ros/autoware.ai/install/autoware_config_msgs/include/autoware_config_msgs/ConfigSSD.h
[12.353s] -- Installing: /home/ros/autoware.ai/install/autoware_config_msgs/include/autoware_config_msgs/ConfigVoxelGridFilter.h
[12.353s] -- Installing: /home/ros/autoware.ai/install/autoware_config_msgs/include/autoware_config_msgs/ConfigDecisionMaker.h
[12.353s] -- Installing: /home/ros/autoware.ai/install/autoware_config_msgs/include/autoware_config_msgs/ConfigCarDPM.h
[12.354s] -- Installing: /home/ros/autoware.ai/install/autoware_config_msgs/include/autoware_config_msgs/ConfigDistanceFilter.h
[12.354s] -- Installing: /home/ros/autoware.ai/install/autoware_config_msgs/include/autoware_config_msgs/ConfigNDT.h
[12.354s] -- Installing: /home/ros/autoware.ai/install/autoware_config_msgs/include/autoware_config_msgs/ConfigLaneSelect.h
[12.354s] -- Installing: /home/ros/autoware.ai/install/autoware_config_msgs/include/autoware_config_msgs/ConfigNDTMappingOutput.h
[12.354s] -- Installing: /home/ros/autoware.ai/install/autoware_config_msgs/include/autoware_config_msgs/ConfigRandomFilter.h
[12.355s] -- Installing: /home/ros/autoware.ai/install/autoware_config_msgs/include/autoware_config_msgs/ConfigWaypointReplanner.h
[12.355s] -- Installing: /home/ros/autoware.ai/install/autoware_config_msgs/include/autoware_config_msgs/ConfigPoints2Polygon.h
[12.355s] -- Installing: /home/ros/autoware.ai/install/autoware_config_msgs/include/autoware_config_msgs/ConfigNDTMapping.h
[12.355s] -- Installing: /home/ros/autoware.ai/install/autoware_config_msgs/include/autoware_config_msgs/ConfigRingFilter.h
[12.355s] -- Installing: /home/ros/autoware.ai/install/autoware_config_msgs/include/autoware_config_msgs/ConfigLaneStop.h
[12.355s] -- Installing: /home/ros/autoware.ai/install/autoware_config_msgs/include/autoware_config_msgs/ConfigRcnn.h
[12.356s] -- Installing: /home/ros/autoware.ai/install/autoware_config_msgs/include/autoware_config_msgs/ConfigTwistFilter.h
[12.356s] -- Installing: /home/ros/autoware.ai/install/autoware_config_msgs/include/autoware_config_msgs/ConfigPedestrianDPM.h
[12.356s] -- Installing: /home/ros/autoware.ai/install/autoware_config_msgs/share/roseus/ros/autoware_config_msgs
[12.356s] -- Installing: /home/ros/autoware.ai/install/autoware_config_msgs/share/roseus/ros/autoware_config_msgs/msg
[12.356s] -- Installing: /home/ros/autoware.ai/install/autoware_config_msgs/share/roseus/ros/autoware_config_msgs/msg/ConfigCarFusion.l
[12.357s] -- Installing: /home/ros/autoware.ai/install/autoware_config_msgs/share/roseus/ros/autoware_config_msgs/msg/ConfigRayGroundFilter.l
[12.357s] -- Installing: /home/ros/autoware.ai/install/autoware_config_msgs/share/roseus/ros/autoware_config_msgs/msg/ConfigLaneStop.l
[12.357s] -- Installing: /home/ros/autoware.ai/install/autoware_config_msgs/share/roseus/ros/autoware_config_msgs/msg/ConfigWaypointFollower.l
[12.357s] -- Installing: /home/ros/autoware.ai/install/autoware_config_msgs/share/roseus/ros/autoware_config_msgs/msg/ConfigVelocitySet.l
[12.357s] -- Installing: /home/ros/autoware.ai/install/autoware_config_msgs/share/roseus/ros/autoware_config_msgs/msg/ConfigDecisionMaker.l
[12.357s] -- Installing: /home/ros/autoware.ai/install/autoware_config_msgs/share/roseus/ros/autoware_config_msgs/msg/ConfigVoxelGridFilter.l
[12.358s] -- Installing: /home/ros/autoware.ai/install/autoware_config_msgs/share/roseus/ros/autoware_config_msgs/msg/ConfigRingGroundFilter.l
[12.358s] -- Installing: /home/ros/autoware.ai/install/autoware_config_msgs/share/roseus/ros/autoware_config_msgs/msg/ConfigPedestrianDPM.l
[12.358s] -- Installing: /home/ros/autoware.ai/install/autoware_config_msgs/share/roseus/ros/autoware_config_msgs/msg/ConfigWaypointReplanner.l
[12.361s] -- Installing: /home/ros/autoware.ai/install/autoware_config_msgs/share/roseus/ros/autoware_config_msgs/msg/ConfigApproximateNDTMapping.l
[12.362s] -- Installing: /home/ros/autoware.ai/install/autoware_config_msgs/share/roseus/ros/autoware_config_msgs/msg/ConfigCarDPM.l
[12.362s] -- Installing: /home/ros/autoware.ai/install/autoware_config_msgs/share/roseus/ros/autoware_config_msgs/msg/ConfigLaneRule.l
[12.362s] -- Installing: /home/ros/autoware.ai/install/autoware_config_msgs/share/roseus/ros/autoware_config_msgs/msg/ConfigICP.l
[12.362s] -- Installing: /home/ros/autoware.ai/install/autoware_config_msgs/share/roseus/ros/autoware_config_msgs/msg/ConfigPoints2Polygon.l
[12.363s] -- Installing: /home/ros/autoware.ai/install/autoware_config_msgs/share/roseus/ros/autoware_config_msgs/msg/ConfigNDT.l
[12.363s] -- Installing: /home/ros/autoware.ai/install/autoware_config_msgs/share/roseus/ros/autoware_config_msgs/msg/ConfigPedestrianFusion.l
[12.363s] -- Installing: /home/ros/autoware.ai/install/autoware_config_msgs/share/roseus/ros/autoware_config_msgs/msg/ConfigPedestrianKF.l
[12.363s] -- Installing: /home/ros/autoware.ai/install/autoware_config_msgs/share/roseus/ros/autoware_config_msgs/msg/ConfigNDTMappingOutput.l
[12.363s] -- Installing: /home/ros/autoware.ai/install/autoware_config_msgs/share/roseus/ros/autoware_config_msgs/msg/ConfigDistanceFilter.l
[12.363s] -- Installing: /home/ros/autoware.ai/install/autoware_config_msgs/share/roseus/ros/autoware_config_msgs/msg/ConfigPlannerSelector.l
[12.364s] -- Installing: /home/ros/autoware.ai/install/autoware_config_msgs/share/roseus/ros/autoware_config_msgs/msg/ConfigCarKF.l
[12.364s] -- Installing: /home/ros/autoware.ai/install/autoware_config_msgs/share/roseus/ros/autoware_config_msgs/msg/ConfigRandomFilter.l
[12.365s] -- Installing: /home/ros/autoware.ai/install/autoware_config_msgs/share/roseus/ros/autoware_config_msgs/msg/ConfigRcnn.l
[12.365s] -- Installing: /home/ros/autoware.ai/install/autoware_config_msgs/share/roseus/ros/autoware_config_msgs/msg/ConfigLaneSelect.l
[12.365s] -- Installing: /home/ros/autoware.ai/install/autoware_config_msgs/share/roseus/ros/autoware_config_msgs/msg/ConfigCompareMapFilter.l
[12.365s] -- Installing: /home/ros/autoware.ai/install/autoware_config_msgs/share/roseus/ros/autoware_config_msgs/msg/ConfigTwistFilter.l
[12.365s] -- Installing: /home/ros/autoware.ai/install/autoware_config_msgs/share/roseus/ros/autoware_config_msgs/msg/ConfigRingFilter.l
[12.366s] -- Installing: /home/ros/autoware.ai/install/autoware_config_msgs/share/roseus/ros/autoware_config_msgs/msg/ConfigNDTMapping.l
[12.366s] -- Installing: /home/ros/autoware.ai/install/autoware_config_msgs/share/roseus/ros/autoware_config_msgs/msg/ConfigLatticeVelocitySet.l
[12.366s] -- Installing: /home/ros/autoware.ai/install/autoware_config_msgs/share/roseus/ros/autoware_config_msgs/msg/ConfigSSD.l
[12.366s] -- Installing: /home/ros/autoware.ai/install/autoware_config_msgs/share/roseus/ros/autoware_config_msgs/manifest.l
[12.369s] -- Installing: /home/ros/autoware.ai/install/autoware_config_msgs/share/common-lisp/ros/autoware_config_msgs
[12.369s] -- Installing: /home/ros/autoware.ai/install/autoware_config_msgs/share/common-lisp/ros/autoware_config_msgs/msg
[12.370s] -- Installing: /home/ros/autoware.ai/install/autoware_config_msgs/share/common-lisp/ros/autoware_config_msgs/msg/_package_ConfigRandomFilter.lisp
[12.370s] -- Installing: /home/ros/autoware.ai/install/autoware_config_msgs/share/common-lisp/ros/autoware_config_msgs/msg/_package_ConfigCarDPM.lisp
[12.371s] -- Installing: /home/ros/autoware.ai/install/autoware_config_msgs/share/common-lisp/ros/autoware_config_msgs/msg/_package_ConfigApproximateNDTMapping.lisp
[12.371s] -- Installing: /home/ros/autoware.ai/install/autoware_config_msgs/share/common-lisp/ros/autoware_config_msgs/msg/ConfigApproximateNDTMapping.lisp
[12.371s] -- Installing: /home/ros/autoware.ai/install/autoware_config_msgs/share/common-lisp/ros/autoware_config_msgs/msg/_package_ConfigCarKF.lisp
[12.373s] -- Installing: /home/ros/autoware.ai/install/autoware_config_msgs/share/common-lisp/ros/autoware_config_msgs/msg/_package_ConfigNDT.lisp
[12.374s] -- Installing: /home/ros/autoware.ai/install/autoware_config_msgs/share/common-lisp/ros/autoware_config_msgs/msg/ConfigCarKF.lisp
[12.374s] -- Installing: /home/ros/autoware.ai/install/autoware_config_msgs/share/common-lisp/ros/autoware_config_msgs/msg/_package_ConfigRingFilter.lisp
[12.374s] -- Installing: /home/ros/autoware.ai/install/autoware_config_msgs/share/common-lisp/ros/autoware_config_msgs/msg/ConfigVelocitySet.lisp
[12.374s] -- Installing: /home/ros/autoware.ai/install/autoware_config_msgs/share/common-lisp/ros/autoware_config_msgs/msg/_package_ConfigLaneRule.lisp
[12.375s] -- Installing: /home/ros/autoware.ai/install/autoware_config_msgs/share/common-lisp/ros/autoware_config_msgs/msg/ConfigICP.lisp
[12.375s] -- Installing: /home/ros/autoware.ai/install/autoware_config_msgs/share/common-lisp/ros/autoware_config_msgs/msg/ConfigRayGroundFilter.lisp
[12.375s] -- Installing: /home/ros/autoware.ai/install/autoware_config_msgs/share/common-lisp/ros/autoware_config_msgs/msg/ConfigDistanceFilter.lisp
[12.376s] -- Installing: /home/ros/autoware.ai/install/autoware_config_msgs/share/common-lisp/ros/autoware_config_msgs/msg/_package.lisp
[12.376s] -- Installing: /home/ros/autoware.ai/install/autoware_config_msgs/share/common-lisp/ros/autoware_config_msgs/msg/ConfigLatticeVelocitySet.lisp
[12.377s] -- Installing: /home/ros/autoware.ai/install/autoware_config_msgs/share/common-lisp/ros/autoware_config_msgs/msg/_package_ConfigLatticeVelocitySet.lisp
[12.377s] -- Installing: /home/ros/autoware.ai/install/autoware_config_msgs/share/common-lisp/ros/autoware_config_msgs/msg/_package_ConfigRayGroundFilter.lisp
[12.378s] -- Installing: /home/ros/autoware.ai/install/autoware_config_msgs/share/common-lisp/ros/autoware_config_msgs/msg/ConfigPedestrianKF.lisp
[12.378s] -- Installing: /home/ros/autoware.ai/install/autoware_config_msgs/share/common-lisp/ros/autoware_config_msgs/msg/autoware_config_msgs-msg.asd
[12.379s] -- Installing: /home/ros/autoware.ai/install/autoware_config_msgs/share/common-lisp/ros/autoware_config_msgs/msg/_package_ConfigPedestrianKF.lisp
[12.379s] -- Installing: /home/ros/autoware.ai/install/autoware_config_msgs/share/common-lisp/ros/autoware_config_msgs/msg/_package_ConfigCarFusion.lisp
[12.379s] -- Installing: /home/ros/autoware.ai/install/autoware_config_msgs/share/common-lisp/ros/autoware_config_msgs/msg/ConfigSSD.lisp
[12.391s] -- Installing: /home/ros/autoware.ai/install/autoware_config_msgs/share/common-lisp/ros/autoware_config_msgs/msg/ConfigPedestrianFusion.lisp
[12.391s] -- Installing: /home/ros/autoware.ai/install/autoware_config_msgs/share/common-lisp/ros/autoware_config_msgs/msg/_package_ConfigPedestrianDPM.lisp
[12.392s] -- Installing: /home/ros/autoware.ai/install/autoware_config_msgs/share/common-lisp/ros/autoware_config_msgs/msg/_package_ConfigPlannerSelector.lisp
[12.392s] -- Installing: /home/ros/autoware.ai/install/autoware_config_msgs/share/common-lisp/ros/autoware_config_msgs/msg/ConfigPlannerSelector.lisp
[12.392s] -- Installing: /home/ros/autoware.ai/install/autoware_config_msgs/share/common-lisp/ros/autoware_config_msgs/msg/ConfigLaneSelect.lisp
[12.392s] -- Installing: /home/ros/autoware.ai/install/autoware_config_msgs/share/common-lisp/ros/autoware_config_msgs/msg/_package_ConfigICP.lisp
[12.392s] -- Installing: /home/ros/autoware.ai/install/autoware_config_msgs/share/common-lisp/ros/autoware_config_msgs/msg/_package_ConfigDistanceFilter.lisp
[12.393s] -- Installing: /home/ros/autoware.ai/install/autoware_config_msgs/share/common-lisp/ros/autoware_config_msgs/msg/ConfigRingFilter.lisp
[12.393s] -- Installing: /home/ros/autoware.ai/install/autoware_config_msgs/share/common-lisp/ros/autoware_config_msgs/msg/_package_ConfigRingGroundFilter.lisp
[12.394s] -- Installing: /home/ros/autoware.ai/install/autoware_config_msgs/share/common-lisp/ros/autoware_config_msgs/msg/_package_ConfigWaypointFollower.lisp
[12.394s] -- Installing: /home/ros/autoware.ai/install/autoware_config_msgs/share/common-lisp/ros/autoware_config_msgs/msg/_package_ConfigDecisionMaker.lisp
[12.394s] -- Installing: /home/ros/autoware.ai/install/autoware_config_msgs/share/common-lisp/ros/autoware_config_msgs/msg/_package_ConfigNDTMappingOutput.lisp
[12.395s] -- Installing: /home/ros/autoware.ai/install/autoware_config_msgs/share/common-lisp/ros/autoware_config_msgs/msg/_package_ConfigTwistFilter.lisp
[12.395s] -- Installing: /home/ros/autoware.ai/install/autoware_config_msgs/share/common-lisp/ros/autoware_config_msgs/msg/_package_ConfigCompareMapFilter.lisp
[12.395s] -- Installing: /home/ros/autoware.ai/install/autoware_config_msgs/share/common-lisp/ros/autoware_config_msgs/msg/ConfigCompareMapFilter.lisp
[12.395s] -- Installing: /home/ros/autoware.ai/install/autoware_config_msgs/share/common-lisp/ros/autoware_config_msgs/msg/_package_ConfigSSD.lisp
[12.395s] -- Installing: /home/ros/autoware.ai/install/autoware_config_msgs/share/common-lisp/ros/autoware_config_msgs/msg/_package_ConfigLaneSelect.lisp
[12.395s] -- Installing: /home/ros/autoware.ai/install/autoware_config_msgs/share/common-lisp/ros/autoware_config_msgs/msg/ConfigWaypointReplanner.lisp
[12.396s] -- Installing: /home/ros/autoware.ai/install/autoware_config_msgs/share/common-lisp/ros/autoware_config_msgs/msg/ConfigRingGroundFilter.lisp
[12.396s] -- Installing: /home/ros/autoware.ai/install/autoware_config_msgs/share/common-lisp/ros/autoware_config_msgs/msg/ConfigVoxelGridFilter.lisp
[12.396s] -- Installing: /home/ros/autoware.ai/install/autoware_config_msgs/share/common-lisp/ros/autoware_config_msgs/msg/ConfigCarFusion.lisp
[12.396s] -- Installing: /home/ros/autoware.ai/install/autoware_config_msgs/share/common-lisp/ros/autoware_config_msgs/msg/ConfigLaneStop.lisp
[12.396s] -- Installing: /home/ros/autoware.ai/install/autoware_config_msgs/share/common-lisp/ros/autoware_config_msgs/msg/_package_ConfigPedestrianFusion.lisp
[12.396s] -- Installing: /home/ros/autoware.ai/install/autoware_config_msgs/share/common-lisp/ros/autoware_config_msgs/msg/ConfigCarDPM.lisp
[12.397s] -- Installing: /home/ros/autoware.ai/install/autoware_config_msgs/share/common-lisp/ros/autoware_config_msgs/msg/ConfigTwistFilter.lisp
[12.397s] -- Installing: /home/ros/autoware.ai/install/autoware_config_msgs/share/common-lisp/ros/autoware_config_msgs/msg/_package_ConfigVoxelGridFilter.lisp
[12.397s] -- Installing: /home/ros/autoware.ai/install/autoware_config_msgs/share/common-lisp/ros/autoware_config_msgs/msg/ConfigDecisionMaker.lisp
[12.397s] -- Installing: /home/ros/autoware.ai/install/autoware_config_msgs/share/common-lisp/ros/autoware_config_msgs/msg/ConfigPedestrianDPM.lisp
[12.398s] -- Installing: /home/ros/autoware.ai/install/autoware_config_msgs/share/common-lisp/ros/autoware_config_msgs/msg/ConfigNDTMappingOutput.lisp
[12.398s] -- Installing: /home/ros/autoware.ai/install/autoware_config_msgs/share/common-lisp/ros/autoware_config_msgs/msg/ConfigNDTMapping.lisp
[12.399s] -- Installing: /home/ros/autoware.ai/install/autoware_config_msgs/share/common-lisp/ros/autoware_config_msgs/msg/_package_ConfigVelocitySet.lisp
[12.400s] -- Installing: /home/ros/autoware.ai/install/autoware_config_msgs/share/common-lisp/ros/autoware_config_msgs/msg/ConfigWaypointFollower.lisp
[12.400s] -- Installing: /home/ros/autoware.ai/install/autoware_config_msgs/share/common-lisp/ros/autoware_config_msgs/msg/ConfigLaneRule.lisp
[12.400s] -- Installing: /home/ros/autoware.ai/install/autoware_config_msgs/share/common-lisp/ros/autoware_config_msgs/msg/ConfigRcnn.lisp
[12.401s] -- Installing: /home/ros/autoware.ai/install/autoware_config_msgs/share/common-lisp/ros/autoware_config_msgs/msg/_package_ConfigRcnn.lisp
[12.401s] -- Installing: /home/ros/autoware.ai/install/autoware_config_msgs/share/common-lisp/ros/autoware_config_msgs/msg/ConfigNDT.lisp
[12.401s] -- Installing: /home/ros/autoware.ai/install/autoware_config_msgs/share/common-lisp/ros/autoware_config_msgs/msg/ConfigRandomFilter.lisp
[12.402s] -- Installing: /home/ros/autoware.ai/install/autoware_config_msgs/share/common-lisp/ros/autoware_config_msgs/msg/_package_ConfigLaneStop.lisp
[12.402s] -- Installing: /home/ros/autoware.ai/install/autoware_config_msgs/share/common-lisp/ros/autoware_config_msgs/msg/ConfigPoints2Polygon.lisp
[12.403s] -- Installing: /home/ros/autoware.ai/install/autoware_config_msgs/share/common-lisp/ros/autoware_config_msgs/msg/_package_ConfigNDTMapping.lisp
[12.403s] -- Installing: /home/ros/autoware.ai/install/autoware_config_msgs/share/common-lisp/ros/autoware_config_msgs/msg/_package_ConfigWaypointReplanner.lisp
[12.403s] -- Installing: /home/ros/autoware.ai/install/autoware_config_msgs/share/common-lisp/ros/autoware_config_msgs/msg/_package_ConfigPoints2Polygon.lisp
[12.403s] -- Installing: /home/ros/autoware.ai/install/autoware_config_msgs/share/gennodejs/ros/autoware_config_msgs
[12.404s] -- Installing: /home/ros/autoware.ai/install/autoware_config_msgs/share/gennodejs/ros/autoware_config_msgs/msg
[12.404s] -- Installing: /home/ros/autoware.ai/install/autoware_config_msgs/share/gennodejs/ros/autoware_config_msgs/msg/ConfigLaneSelect.js
[12.405s] -- Installing: /home/ros/autoware.ai/install/autoware_config_msgs/share/gennodejs/ros/autoware_config_msgs/msg/ConfigRandomFilter.js
[12.405s] -- Installing: /home/ros/autoware.ai/install/autoware_config_msgs/share/gennodejs/ros/autoware_config_msgs/msg/ConfigVoxelGridFilter.js
[12.405s] -- Installing: /home/ros/autoware.ai/install/autoware_config_msgs/share/gennodejs/ros/autoware_config_msgs/msg/ConfigLatticeVelocitySet.js
[12.405s] -- Installing: /home/ros/autoware.ai/install/autoware_config_msgs/share/gennodejs/ros/autoware_config_msgs/msg/ConfigWaypointReplanner.js
[12.406s] -- Installing: /home/ros/autoware.ai/install/autoware_config_msgs/share/gennodejs/ros/autoware_config_msgs/msg/ConfigCarKF.js
[12.406s] -- Installing: /home/ros/autoware.ai/install/autoware_config_msgs/share/gennodejs/ros/autoware_config_msgs/msg/ConfigLaneRule.js
[12.406s] -- Installing: /home/ros/autoware.ai/install/autoware_config_msgs/share/gennodejs/ros/autoware_config_msgs/msg/ConfigNDTMappingOutput.js
[12.407s] -- Installing: /home/ros/autoware.ai/install/autoware_config_msgs/share/gennodejs/ros/autoware_config_msgs/msg/ConfigVelocitySet.js
[12.407s] -- Installing: /home/ros/autoware.ai/install/autoware_config_msgs/share/gennodejs/ros/autoware_config_msgs/msg/ConfigDecisionMaker.js
[12.407s] -- Installing: /home/ros/autoware.ai/install/autoware_config_msgs/share/gennodejs/ros/autoware_config_msgs/msg/ConfigCompareMapFilter.js
[12.408s] -- Installing: /home/ros/autoware.ai/install/autoware_config_msgs/share/gennodejs/ros/autoware_config_msgs/msg/ConfigLaneStop.js
[12.408s] -- Installing: /home/ros/autoware.ai/install/autoware_config_msgs/share/gennodejs/ros/autoware_config_msgs/msg/ConfigWaypointFollower.js
[12.408s] -- Installing: /home/ros/autoware.ai/install/autoware_config_msgs/share/gennodejs/ros/autoware_config_msgs/msg/ConfigPoints2Polygon.js
[12.409s] -- Installing: /home/ros/autoware.ai/install/autoware_config_msgs/share/gennodejs/ros/autoware_config_msgs/msg/ConfigCarDPM.js
[12.409s] -- Installing: /home/ros/autoware.ai/install/autoware_config_msgs/share/gennodejs/ros/autoware_config_msgs/msg/_index.js
[12.409s] -- Installing: /home/ros/autoware.ai/install/autoware_config_msgs/share/gennodejs/ros/autoware_config_msgs/msg/ConfigRayGroundFilter.js
[12.410s] -- Installing: /home/ros/autoware.ai/install/autoware_config_msgs/share/gennodejs/ros/autoware_config_msgs/msg/ConfigApproximateNDTMapping.js
[12.410s] -- Installing: /home/ros/autoware.ai/install/autoware_config_msgs/share/gennodejs/ros/autoware_config_msgs/msg/ConfigTwistFilter.js
[12.410s] -- Installing: /home/ros/autoware.ai/install/autoware_config_msgs/share/gennodejs/ros/autoware_config_msgs/msg/ConfigPedestrianFusion.js
[12.411s] -- Installing: /home/ros/autoware.ai/install/autoware_config_msgs/share/gennodejs/ros/autoware_config_msgs/msg/ConfigCarFusion.js
[12.411s] -- Installing: /home/ros/autoware.ai/install/autoware_config_msgs/share/gennodejs/ros/autoware_config_msgs/msg/ConfigNDT.js
[12.411s] -- Installing: /home/ros/autoware.ai/install/autoware_config_msgs/share/gennodejs/ros/autoware_config_msgs/msg/ConfigPedestrianDPM.js
[12.411s] -- Installing: /home/ros/autoware.ai/install/autoware_config_msgs/share/gennodejs/ros/autoware_config_msgs/msg/ConfigRcnn.js
[12.412s] -- Installing: /home/ros/autoware.ai/install/autoware_config_msgs/share/gennodejs/ros/autoware_config_msgs/msg/ConfigDistanceFilter.js
[12.412s] -- Installing: /home/ros/autoware.ai/install/autoware_config_msgs/share/gennodejs/ros/autoware_config_msgs/msg/ConfigPedestrianKF.js
[12.413s] -- Installing: /home/ros/autoware.ai/install/autoware_config_msgs/share/gennodejs/ros/autoware_config_msgs/msg/ConfigNDTMapping.js
[12.413s] -- Installing: /home/ros/autoware.ai/install/autoware_config_msgs/share/gennodejs/ros/autoware_config_msgs/msg/ConfigRingFilter.js
[12.413s] -- Installing: /home/ros/autoware.ai/install/autoware_config_msgs/share/gennodejs/ros/autoware_config_msgs/msg/ConfigRingGroundFilter.js
[12.413s] -- Installing: /home/ros/autoware.ai/install/autoware_config_msgs/share/gennodejs/ros/autoware_config_msgs/msg/ConfigPlannerSelector.js
[12.414s] -- Installing: /home/ros/autoware.ai/install/autoware_config_msgs/share/gennodejs/ros/autoware_config_msgs/msg/ConfigSSD.js
[12.415s] -- Installing: /home/ros/autoware.ai/install/autoware_config_msgs/share/gennodejs/ros/autoware_config_msgs/msg/ConfigICP.js
[12.415s] -- Installing: /home/ros/autoware.ai/install/autoware_config_msgs/share/gennodejs/ros/autoware_config_msgs/_index.js
[12.467s] Listing /home/ros/autoware.ai/build/autoware_config_msgs/devel/lib/python2.7/dist-packages/autoware_config_msgs ...
[12.468s] Compiling /home/ros/autoware.ai/build/autoware_config_msgs/devel/lib/python2.7/dist-packages/autoware_config_msgs/__init__.py ...
[12.468s] Listing /home/ros/autoware.ai/build/autoware_config_msgs/devel/lib/python2.7/dist-packages/autoware_config_msgs/msg ...
[12.468s] Compiling /home/ros/autoware.ai/build/autoware_config_msgs/devel/lib/python2.7/dist-packages/autoware_config_msgs/msg/_ConfigApproximateNDTMapping.py ...
[12.468s] Compiling /home/ros/autoware.ai/build/autoware_config_msgs/devel/lib/python2.7/dist-packages/autoware_config_msgs/msg/_ConfigCarDPM.py ...
[12.468s] Compiling /home/ros/autoware.ai/build/autoware_config_msgs/devel/lib/python2.7/dist-packages/autoware_config_msgs/msg/_ConfigCarFusion.py ...
[12.469s] Compiling /home/ros/autoware.ai/build/autoware_config_msgs/devel/lib/python2.7/dist-packages/autoware_config_msgs/msg/_ConfigCarKF.py ...
[12.469s] Compiling /home/ros/autoware.ai/build/autoware_config_msgs/devel/lib/python2.7/dist-packages/autoware_config_msgs/msg/_ConfigCompareMapFilter.py ...
[12.469s] Compiling /home/ros/autoware.ai/build/autoware_config_msgs/devel/lib/python2.7/dist-packages/autoware_config_msgs/msg/_ConfigDecisionMaker.py ...
[12.469s] Compiling /home/ros/autoware.ai/build/autoware_config_msgs/devel/lib/python2.7/dist-packages/autoware_config_msgs/msg/_ConfigDistanceFilter.py ...
[12.469s] Compiling /home/ros/autoware.ai/build/autoware_config_msgs/devel/lib/python2.7/dist-packages/autoware_config_msgs/msg/_ConfigICP.py ...
[12.469s] Compiling /home/ros/autoware.ai/build/autoware_config_msgs/devel/lib/python2.7/dist-packages/autoware_config_msgs/msg/_ConfigLaneRule.py ...
[12.469s] Compiling /home/ros/autoware.ai/build/autoware_config_msgs/devel/lib/python2.7/dist-packages/autoware_config_msgs/msg/_ConfigLaneSelect.py ...
[12.469s] Compiling /home/ros/autoware.ai/build/autoware_config_msgs/devel/lib/python2.7/dist-packages/autoware_config_msgs/msg/_ConfigLaneStop.py ...
[12.469s] Compiling /home/ros/autoware.ai/build/autoware_config_msgs/devel/lib/python2.7/dist-packages/autoware_config_msgs/msg/_ConfigLatticeVelocitySet.py ...
[12.469s] Compiling /home/ros/autoware.ai/build/autoware_config_msgs/devel/lib/python2.7/dist-packages/autoware_config_msgs/msg/_ConfigNDT.py ...
[12.470s] Compiling /home/ros/autoware.ai/build/autoware_config_msgs/devel/lib/python2.7/dist-packages/autoware_config_msgs/msg/_ConfigNDTMapping.py ...
[12.470s] Compiling /home/ros/autoware.ai/build/autoware_config_msgs/devel/lib/python2.7/dist-packages/autoware_config_msgs/msg/_ConfigNDTMappingOutput.py ...
[12.470s] Compiling /home/ros/autoware.ai/build/autoware_config_msgs/devel/lib/python2.7/dist-packages/autoware_config_msgs/msg/_ConfigPedestrianDPM.py ...
[12.470s] Compiling /home/ros/autoware.ai/build/autoware_config_msgs/devel/lib/python2.7/dist-packages/autoware_config_msgs/msg/_ConfigPedestrianFusion.py ...
[12.470s] Compiling /home/ros/autoware.ai/build/autoware_config_msgs/devel/lib/python2.7/dist-packages/autoware_config_msgs/msg/_ConfigPedestrianKF.py ...
[12.470s] Compiling /home/ros/autoware.ai/build/autoware_config_msgs/devel/lib/python2.7/dist-packages/autoware_config_msgs/msg/_ConfigPlannerSelector.py ...
[12.470s] Compiling /home/ros/autoware.ai/build/autoware_config_msgs/devel/lib/python2.7/dist-packages/autoware_config_msgs/msg/_ConfigPoints2Polygon.py ...
[12.470s] Compiling /home/ros/autoware.ai/build/autoware_config_msgs/devel/lib/python2.7/dist-packages/autoware_config_msgs/msg/_ConfigRandomFilter.py ...
[12.470s] Compiling /home/ros/autoware.ai/build/autoware_config_msgs/devel/lib/python2.7/dist-packages/autoware_config_msgs/msg/_ConfigRayGroundFilter.py ...
[12.471s] Compiling /home/ros/autoware.ai/build/autoware_config_msgs/devel/lib/python2.7/dist-packages/autoware_config_msgs/msg/_ConfigRcnn.py ...
[12.471s] Compiling /home/ros/autoware.ai/build/autoware_config_msgs/devel/lib/python2.7/dist-packages/autoware_config_msgs/msg/_ConfigRingFilter.py ...
[12.472s] Compiling /home/ros/autoware.ai/build/autoware_config_msgs/devel/lib/python2.7/dist-packages/autoware_config_msgs/msg/_ConfigRingGroundFilter.py ...
[12.475s] Compiling /home/ros/autoware.ai/build/autoware_config_msgs/devel/lib/python2.7/dist-packages/autoware_config_msgs/msg/_ConfigSSD.py ...
[12.476s] Compiling /home/ros/autoware.ai/build/autoware_config_msgs/devel/lib/python2.7/dist-packages/autoware_config_msgs/msg/_ConfigTwistFilter.py ...
[12.476s] Compiling /home/ros/autoware.ai/build/autoware_config_msgs/devel/lib/python2.7/dist-packages/autoware_config_msgs/msg/_ConfigVelocitySet.py ...
[12.476s] Compiling /home/ros/autoware.ai/build/autoware_config_msgs/devel/lib/python2.7/dist-packages/autoware_config_msgs/msg/_ConfigVoxelGridFilter.py ...
[12.476s] Compiling /home/ros/autoware.ai/build/autoware_config_msgs/devel/lib/python2.7/dist-packages/autoware_config_msgs/msg/_ConfigWaypointFollower.py ...
[12.476s] Compiling /home/ros/autoware.ai/build/autoware_config_msgs/devel/lib/python2.7/dist-packages/autoware_config_msgs/msg/_ConfigWaypointReplanner.py ...
[12.476s] Compiling /home/ros/autoware.ai/build/autoware_config_msgs/devel/lib/python2.7/dist-packages/autoware_config_msgs/msg/__init__.py ...
[12.479s] -- Installing: /home/ros/autoware.ai/install/autoware_config_msgs/lib/python2.7/dist-packages/autoware_config_msgs
[12.479s] -- Installing: /home/ros/autoware.ai/install/autoware_config_msgs/lib/python2.7/dist-packages/autoware_config_msgs/msg
[12.480s] -- Installing: /home/ros/autoware.ai/install/autoware_config_msgs/lib/python2.7/dist-packages/autoware_config_msgs/msg/_ConfigSSD.py
[12.480s] -- Installing: /home/ros/autoware.ai/install/autoware_config_msgs/lib/python2.7/dist-packages/autoware_config_msgs/msg/_ConfigApproximateNDTMapping.py
[12.480s] -- Installing: /home/ros/autoware.ai/install/autoware_config_msgs/lib/python2.7/dist-packages/autoware_config_msgs/msg/_ConfigVelocitySet.pyc
[12.480s] -- Installing: /home/ros/autoware.ai/install/autoware_config_msgs/lib/python2.7/dist-packages/autoware_config_msgs/msg/_ConfigLaneStop.py
[12.481s] -- Installing: /home/ros/autoware.ai/install/autoware_config_msgs/lib/python2.7/dist-packages/autoware_config_msgs/msg/_ConfigRingGroundFilter.py
[12.481s] -- Installing: /home/ros/autoware.ai/install/autoware_config_msgs/lib/python2.7/dist-packages/autoware_config_msgs/msg/_ConfigNDTMapping.pyc
[12.481s] -- Installing: /home/ros/autoware.ai/install/autoware_config_msgs/lib/python2.7/dist-packages/autoware_config_msgs/msg/_ConfigTwistFilter.py
[12.482s] -- Installing: /home/ros/autoware.ai/install/autoware_config_msgs/lib/python2.7/dist-packages/autoware_config_msgs/msg/_ConfigDistanceFilter.py
[12.482s] -- Installing: /home/ros/autoware.ai/install/autoware_config_msgs/lib/python2.7/dist-packages/autoware_config_msgs/msg/_ConfigDecisionMaker.py
[12.482s] -- Installing: /home/ros/autoware.ai/install/autoware_config_msgs/lib/python2.7/dist-packages/autoware_config_msgs/msg/_ConfigCompareMapFilter.pyc
[12.482s] -- Installing: /home/ros/autoware.ai/install/autoware_config_msgs/lib/python2.7/dist-packages/autoware_config_msgs/msg/_ConfigSSD.pyc
[12.483s] -- Installing: /home/ros/autoware.ai/install/autoware_config_msgs/lib/python2.7/dist-packages/autoware_config_msgs/msg/_ConfigVoxelGridFilter.py
[12.484s] -- Installing: /home/ros/autoware.ai/install/autoware_config_msgs/lib/python2.7/dist-packages/autoware_config_msgs/msg/_ConfigNDTMapping.py
[12.484s] -- Installing: /home/ros/autoware.ai/install/autoware_config_msgs/lib/python2.7/dist-packages/autoware_config_msgs/msg/_ConfigPlannerSelector.pyc
[12.484s] -- Installing: /home/ros/autoware.ai/install/autoware_config_msgs/lib/python2.7/dist-packages/autoware_config_msgs/msg/_ConfigVelocitySet.py
[12.484s] -- Installing: /home/ros/autoware.ai/install/autoware_config_msgs/lib/python2.7/dist-packages/autoware_config_msgs/msg/_ConfigWaypointFollower.pyc
[12.484s] -- Installing: /home/ros/autoware.ai/install/autoware_config_msgs/lib/python2.7/dist-packages/autoware_config_msgs/msg/_ConfigVoxelGridFilter.pyc
[12.485s] -- Installing: /home/ros/autoware.ai/install/autoware_config_msgs/lib/python2.7/dist-packages/autoware_config_msgs/msg/_ConfigRandomFilter.pyc
[12.485s] -- Installing: /home/ros/autoware.ai/install/autoware_config_msgs/lib/python2.7/dist-packages/autoware_config_msgs/msg/_ConfigRcnn.pyc
[12.485s] -- Installing: /home/ros/autoware.ai/install/autoware_config_msgs/lib/python2.7/dist-packages/autoware_config_msgs/msg/_ConfigPedestrianDPM.pyc
[12.485s] -- Installing: /home/ros/autoware.ai/install/autoware_config_msgs/lib/python2.7/dist-packages/autoware_config_msgs/msg/_ConfigNDT.py
[12.485s] -- Installing: /home/ros/autoware.ai/install/autoware_config_msgs/lib/python2.7/dist-packages/autoware_config_msgs/msg/_ConfigCompareMapFilter.py
[12.485s] -- Installing: /home/ros/autoware.ai/install/autoware_config_msgs/lib/python2.7/dist-packages/autoware_config_msgs/msg/_ConfigPedestrianKF.pyc
[12.485s] -- Installing: /home/ros/autoware.ai/install/autoware_config_msgs/lib/python2.7/dist-packages/autoware_config_msgs/msg/_ConfigICP.pyc
[12.488s] -- Installing: /home/ros/autoware.ai/install/autoware_config_msgs/lib/python2.7/dist-packages/autoware_config_msgs/msg/_ConfigCarFusion.pyc
[12.488s] -- Installing: /home/ros/autoware.ai/install/autoware_config_msgs/lib/python2.7/dist-packages/autoware_config_msgs/msg/_ConfigPedestrianFusion.pyc
[12.488s] -- Installing: /home/ros/autoware.ai/install/autoware_config_msgs/lib/python2.7/dist-packages/autoware_config_msgs/msg/_ConfigRayGroundFilter.pyc
[12.488s] -- Installing: /home/ros/autoware.ai/install/autoware_config_msgs/lib/python2.7/dist-packages/autoware_config_msgs/msg/_ConfigRingFilter.py
[12.489s] -- Installing: /home/ros/autoware.ai/install/autoware_config_msgs/lib/python2.7/dist-packages/autoware_config_msgs/msg/_ConfigCarKF.py
[12.489s] -- Installing: /home/ros/autoware.ai/install/autoware_config_msgs/lib/python2.7/dist-packages/autoware_config_msgs/msg/_ConfigICP.py
[12.489s] -- Installing: /home/ros/autoware.ai/install/autoware_config_msgs/lib/python2.7/dist-packages/autoware_config_msgs/msg/_ConfigLaneStop.pyc
[12.489s] -- Installing: /home/ros/autoware.ai/install/autoware_config_msgs/lib/python2.7/dist-packages/autoware_config_msgs/msg/__init__.py
[12.489s] -- Installing: /home/ros/autoware.ai/install/autoware_config_msgs/lib/python2.7/dist-packages/autoware_config_msgs/msg/_ConfigRayGroundFilter.py
[12.489s] -- Installing: /home/ros/autoware.ai/install/autoware_config_msgs/lib/python2.7/dist-packages/autoware_config_msgs/msg/_ConfigLatticeVelocitySet.pyc
[12.489s] -- Installing: /home/ros/autoware.ai/install/autoware_config_msgs/lib/python2.7/dist-packages/autoware_config_msgs/msg/_ConfigPoints2Polygon.py
[12.490s] -- Installing: /home/ros/autoware.ai/install/autoware_config_msgs/lib/python2.7/dist-packages/autoware_config_msgs/msg/_ConfigPedestrianFusion.py
[12.490s] -- Installing: /home/ros/autoware.ai/install/autoware_config_msgs/lib/python2.7/dist-packages/autoware_config_msgs/msg/_ConfigWaypointReplanner.pyc
[12.490s] -- Installing: /home/ros/autoware.ai/install/autoware_config_msgs/lib/python2.7/dist-packages/autoware_config_msgs/msg/_ConfigNDTMappingOutput.py
[12.490s] -- Installing: /home/ros/autoware.ai/install/autoware_config_msgs/lib/python2.7/dist-packages/autoware_config_msgs/msg/__init__.pyc
[12.490s] -- Installing: /home/ros/autoware.ai/install/autoware_config_msgs/lib/python2.7/dist-packages/autoware_config_msgs/msg/_ConfigLatticeVelocitySet.py
[12.490s] -- Installing: /home/ros/autoware.ai/install/autoware_config_msgs/lib/python2.7/dist-packages/autoware_config_msgs/msg/_ConfigRingGroundFilter.pyc
[12.490s] -- Installing: /home/ros/autoware.ai/install/autoware_config_msgs/lib/python2.7/dist-packages/autoware_config_msgs/msg/_ConfigLaneRule.pyc
[12.490s] -- Installing: /home/ros/autoware.ai/install/autoware_config_msgs/lib/python2.7/dist-packages/autoware_config_msgs/msg/_ConfigPedestrianDPM.py
[12.490s] -- Installing: /home/ros/autoware.ai/install/autoware_config_msgs/lib/python2.7/dist-packages/autoware_config_msgs/msg/_ConfigLaneRule.py
[12.491s] -- Installing: /home/ros/autoware.ai/install/autoware_config_msgs/lib/python2.7/dist-packages/autoware_config_msgs/msg/_ConfigRcnn.py
[12.495s] -- Installing: /home/ros/autoware.ai/install/autoware_config_msgs/lib/python2.7/dist-packages/autoware_config_msgs/msg/_ConfigDistanceFilter.pyc
[12.495s] -- Installing: /home/ros/autoware.ai/install/autoware_config_msgs/lib/python2.7/dist-packages/autoware_config_msgs/msg/_ConfigNDT.pyc
[12.496s] -- Installing: /home/ros/autoware.ai/install/autoware_config_msgs/lib/python2.7/dist-packages/autoware_config_msgs/msg/_ConfigPlannerSelector.py
[12.498s] -- Installing: /home/ros/autoware.ai/install/autoware_config_msgs/lib/python2.7/dist-packages/autoware_config_msgs/msg/_ConfigPoints2Polygon.pyc
[12.501s] -- Installing: /home/ros/autoware.ai/install/autoware_config_msgs/lib/python2.7/dist-packages/autoware_config_msgs/msg/_ConfigNDTMappingOutput.pyc
[12.501s] -- Installing: /home/ros/autoware.ai/install/autoware_config_msgs/lib/python2.7/dist-packages/autoware_config_msgs/msg/_ConfigCarDPM.pyc
[12.501s] -- Installing: /home/ros/autoware.ai/install/autoware_config_msgs/lib/python2.7/dist-packages/autoware_config_msgs/msg/_ConfigPedestrianKF.py
[12.502s] -- Installing: /home/ros/autoware.ai/install/autoware_config_msgs/lib/python2.7/dist-packages/autoware_config_msgs/msg/_ConfigTwistFilter.pyc
[12.502s] -- Installing: /home/ros/autoware.ai/install/autoware_config_msgs/lib/python2.7/dist-packages/autoware_config_msgs/msg/_ConfigDecisionMaker.pyc
[12.502s] -- Installing: /home/ros/autoware.ai/install/autoware_config_msgs/lib/python2.7/dist-packages/autoware_config_msgs/msg/_ConfigCarKF.pyc
[12.502s] -- Installing: /home/ros/autoware.ai/install/autoware_config_msgs/lib/python2.7/dist-packages/autoware_config_msgs/msg/_ConfigApproximateNDTMapping.pyc
[12.502s] -- Installing: /home/ros/autoware.ai/install/autoware_config_msgs/lib/python2.7/dist-packages/autoware_config_msgs/msg/_ConfigLaneSelect.pyc
[12.502s] -- Installing: /home/ros/autoware.ai/install/autoware_config_msgs/lib/python2.7/dist-packages/autoware_config_msgs/msg/_ConfigRingFilter.pyc
[12.502s] -- Installing: /home/ros/autoware.ai/install/autoware_config_msgs/lib/python2.7/dist-packages/autoware_config_msgs/msg/_ConfigCarFusion.py
[12.502s] -- Installing: /home/ros/autoware.ai/install/autoware_config_msgs/lib/python2.7/dist-packages/autoware_config_msgs/msg/_ConfigWaypointReplanner.py
[12.503s] -- Installing: /home/ros/autoware.ai/install/autoware_config_msgs/lib/python2.7/dist-packages/autoware_config_msgs/msg/_ConfigRandomFilter.py
[12.503s] -- Installing: /home/ros/autoware.ai/install/autoware_config_msgs/lib/python2.7/dist-packages/autoware_config_msgs/msg/_ConfigCarDPM.py
[12.503s] -- Installing: /home/ros/autoware.ai/install/autoware_config_msgs/lib/python2.7/dist-packages/autoware_config_msgs/msg/_ConfigWaypointFollower.py
[12.503s] -- Installing: /home/ros/autoware.ai/install/autoware_config_msgs/lib/python2.7/dist-packages/autoware_config_msgs/msg/_ConfigLaneSelect.py
[12.503s] -- Installing: /home/ros/autoware.ai/install/autoware_config_msgs/lib/python2.7/dist-packages/autoware_config_msgs/__init__.py
[12.503s] -- Installing: /home/ros/autoware.ai/install/autoware_config_msgs/lib/python2.7/dist-packages/autoware_config_msgs/__init__.pyc
[12.503s] -- Installing: /home/ros/autoware.ai/install/autoware_config_msgs/lib/pkgconfig/autoware_config_msgs.pc
[12.503s] -- Installing: /home/ros/autoware.ai/install/autoware_config_msgs/share/autoware_config_msgs/cmake/autoware_config_msgs-msg-extras.cmake
[12.503s] -- Installing: /home/ros/autoware.ai/install/autoware_config_msgs/share/autoware_config_msgs/cmake/autoware_config_msgsConfig.cmake
[12.504s] -- Installing: /home/ros/autoware.ai/install/autoware_config_msgs/share/autoware_config_msgs/cmake/autoware_config_msgsConfig-version.cmake
[12.504s] -- Installing: /home/ros/autoware.ai/install/autoware_config_msgs/share/autoware_config_msgs/package.xml
[12.504s] Invoked command in '/home/ros/autoware.ai/build/autoware_config_msgs' returned '0': /usr/bin/cmake --build /home/ros/autoware.ai/build/autoware_config_msgs --target install -- -j12 -l12
