[0.039s] Invoking command in '/home/ros/autoware.ai/build/lidar_euclidean_cluster_detect': CMAKE_PREFIX_PATH=/home/ros/autoware.ai/install/vector_map_server:/home/ros/autoware.ai/install/vector_map:/home/ros/autoware.ai/install/vector_map_msgs:/home/ros/autoware.ai/install/autoware_msgs:/home/ros/autoware.ai/install/autoware_build_flags:${CMAKE_PREFIX_PATH} LD_LIBRARY_PATH=/home/ros/autoware.ai/install/vector_map/lib:${LD_LIBRARY_PATH} PKG_CONFIG_PATH=/home/ros/autoware.ai/install/vector_map_server/lib/x86_64-linux-gnu/pkgconfig:/home/ros/autoware.ai/install/vector_map_server/lib/pkgconfig:/home/ros/autoware.ai/install/vector_map/lib/x86_64-linux-gnu/pkgconfig:/home/ros/autoware.ai/install/vector_map/lib/pkgconfig:/home/ros/autoware.ai/install/vector_map_msgs/lib/x86_64-linux-gnu/pkgconfig:/home/ros/autoware.ai/install/vector_map_msgs/lib/pkgconfig:/home/ros/autoware.ai/install/autoware_msgs/lib/x86_64-linux-gnu/pkgconfig:/home/ros/autoware.ai/install/autoware_msgs/lib/pkgconfig:/home/ros/autoware.ai/install/autoware_build_flags/lib/x86_64-linux-gnu/pkgconfig:/home/ros/autoware.ai/install/autoware_build_flags/lib/pkgconfig:${PKG_CONFIG_PATH} PYTHONPATH=/home/ros/autoware.ai/install/vector_map_server/lib/python2.7/dist-packages:/home/ros/autoware.ai/install/vector_map_msgs/lib/python2.7/dist-packages:/home/ros/autoware.ai/install/autoware_msgs/lib/python2.7/dist-packages:${PYTHONPATH} ROS_PACKAGE_PATH=/home/ros/autoware.ai/install/vector_map_server/share:/home/ros/autoware.ai/install/vector_map/share:/home/ros/autoware.ai/install/vector_map_msgs/share:/home/ros/autoware.ai/install/autoware_msgs/share:/home/ros/autoware.ai/install/autoware_build_flags/share:${ROS_PACKAGE_PATH} /usr/bin/cmake /home/ros/autoware.ai/src/autoware/core_perception/lidar_euclidean_cluster_detect -DCMAKE_BUILD_TYPE=Release -DCATKIN_INSTALL_INTO_PREFIX_ROOT=0 -DCMAKE_INSTALL_PREFIX=/home/ros/autoware.ai/install/lidar_euclidean_cluster_detect
[0.114s] -- The C compiler identification is GNU 7.5.0
[0.201s] -- The CXX compiler identification is GNU 7.5.0
[0.208s] -- Check for working C compiler: /usr/bin/cc
[0.293s] -- Check for working C compiler: /usr/bin/cc -- works
[0.294s] -- Detecting C compiler ABI info
[0.390s] -- Detecting C compiler ABI info - done
[0.403s] -- Detecting C compile features
[0.686s] -- Detecting C compile features - done
[0.691s] -- Check for working CXX compiler: /usr/bin/c++
[0.812s] -- Check for working CXX compiler: /usr/bin/c++ -- works
[0.815s] -- Detecting CXX compiler ABI info
[0.914s] -- Detecting CXX compiler ABI info - done
[0.926s] -- Detecting CXX compile features
[1.428s] -- Detecting CXX compile features - done
[1.430s] -- CUDA compilation status: .
[1.433s] -- Using CATKIN_DEVEL_PREFIX: /home/ros/autoware.ai/build/lidar_euclidean_cluster_detect/devel
[1.433s] -- Using CMAKE_PREFIX_PATH: /home/ros/autoware.ai/install/vector_map_server;/home/ros/autoware.ai/install/vector_map;/home/ros/autoware.ai/install/vector_map_msgs;/home/ros/autoware.ai/install/autoware_msgs;/home/ros/autoware.ai/install/autoware_build_flags;/opt/ros/melodic
[1.434s] -- This workspace overlays: /home/ros/autoware.ai/install/vector_map_server;/home/ros/autoware.ai/install/vector_map;/home/ros/autoware.ai/install/vector_map_msgs;/home/ros/autoware.ai/install/autoware_msgs;/home/ros/autoware.ai/install/autoware_build_flags;/opt/ros/melodic
[1.457s] -- Found PythonInterp: /usr/bin/python2 (found suitable version "2.7.17", minimum required is "2") 
[1.457s] -- Using PYTHON_EXECUTABLE: /usr/bin/python2
[1.458s] -- Using Debian Python package layout
[1.458s] -- Using empy: /usr/bin/empy
[1.700s] -- Using CATKIN_ENABLE_TESTING: ON
[1.700s] -- Call enable_testing()
[1.702s] -- Using CATKIN_TEST_RESULTS_DIR: /home/ros/autoware.ai/build/lidar_euclidean_cluster_detect/test_results
[1.728s] -- Found gtest sources under '/usr/src/googletest': gtests will be built
[1.729s] -- Found gmock sources under '/usr/src/googletest': gmock will be built
[1.749s] -- Found PythonInterp: /usr/bin/python2 (found version "2.7.17") 
[1.751s] -- Looking for pthread.h
[1.844s] -- Looking for pthread.h - found
[1.845s] -- Looking for pthread_create
[1.941s] -- Looking for pthread_create - not found
[1.941s] -- Looking for pthread_create in pthreads
[2.017s] -- Looking for pthread_create in pthreads - not found
[2.018s] -- Looking for pthread_create in pthread
[2.111s] -- Looking for pthread_create in pthread - found
[2.113s] -- Found Threads: TRUE  
[2.120s] -- Using Python nosetests: /usr/bin/nosetests-2.7
[2.192s] -- catkin 0.7.29
[2.192s] -- BUILD_SHARED_LIBS is on
[2.420s] -- Using these message generators: gencpp;geneus;genlisp;gennodejs;genpy
[5.003s] -- Found OpenMP_C: -fopenmp (found version "4.5") 
[5.113s] -- Found OpenMP_CXX: -fopenmp (found version "4.5") 
[5.114s] -- Found OpenMP: TRUE (found version "4.5")  
[5.140s] -- Found OpenCV: /usr (found version "3.2.0") 
[5.411s] -- Found PkgConfig: /usr/bin/pkg-config (found version "0.29.1") 
[5.412s] -- Checking for module 'yaml-cpp'
[5.467s] --   Found yaml-cpp, version 0.5.2
[5.567s] CUDA_TOOLKIT_ROOT_DIR not found or specified
[5.580s] -- Could NOT find CUDA (missing: CUDA_TOOLKIT_ROOT_DIR CUDA_NVCC_EXECUTABLE CUDA_INCLUDE_DIRS CUDA_CUDART_LIBRARY) 
[5.584s] CMake Warning at /home/ros/autoware.ai/install/autoware_build_flags/share/autoware_build_flags/cmake/autoware_build_flags-extras.cmake:36 (message):
[5.584s]   CUDA support is disabled.  Set the AUTOWARE_COMPILE_WITH_CUDA environment
[5.584s]   variable and recompile to enable it
[5.585s] Call Stack (most recent call first):
[5.585s]   CMakeLists.txt:60 (AW_CHECK_CUDA)
[5.585s] 
[5.585s] 
[5.590s] -- Configuring done
[5.677s] -- Generating done
[5.693s] -- Build files have been written to: /home/ros/autoware.ai/build/lidar_euclidean_cluster_detect
[5.705s] Invoked command in '/home/ros/autoware.ai/build/lidar_euclidean_cluster_detect' returned '0': CMAKE_PREFIX_PATH=/home/ros/autoware.ai/install/vector_map_server:/home/ros/autoware.ai/install/vector_map:/home/ros/autoware.ai/install/vector_map_msgs:/home/ros/autoware.ai/install/autoware_msgs:/home/ros/autoware.ai/install/autoware_build_flags:${CMAKE_PREFIX_PATH} LD_LIBRARY_PATH=/home/ros/autoware.ai/install/vector_map/lib:${LD_LIBRARY_PATH} PKG_CONFIG_PATH=/home/ros/autoware.ai/install/vector_map_server/lib/x86_64-linux-gnu/pkgconfig:/home/ros/autoware.ai/install/vector_map_server/lib/pkgconfig:/home/ros/autoware.ai/install/vector_map/lib/x86_64-linux-gnu/pkgconfig:/home/ros/autoware.ai/install/vector_map/lib/pkgconfig:/home/ros/autoware.ai/install/vector_map_msgs/lib/x86_64-linux-gnu/pkgconfig:/home/ros/autoware.ai/install/vector_map_msgs/lib/pkgconfig:/home/ros/autoware.ai/install/autoware_msgs/lib/x86_64-linux-gnu/pkgconfig:/home/ros/autoware.ai/install/autoware_msgs/lib/pkgconfig:/home/ros/autoware.ai/install/autoware_build_flags/lib/x86_64-linux-gnu/pkgconfig:/home/ros/autoware.ai/install/autoware_build_flags/lib/pkgconfig:${PKG_CONFIG_PATH} PYTHONPATH=/home/ros/autoware.ai/install/vector_map_server/lib/python2.7/dist-packages:/home/ros/autoware.ai/install/vector_map_msgs/lib/python2.7/dist-packages:/home/ros/autoware.ai/install/autoware_msgs/lib/python2.7/dist-packages:${PYTHONPATH} ROS_PACKAGE_PATH=/home/ros/autoware.ai/install/vector_map_server/share:/home/ros/autoware.ai/install/vector_map/share:/home/ros/autoware.ai/install/vector_map_msgs/share:/home/ros/autoware.ai/install/autoware_msgs/share:/home/ros/autoware.ai/install/autoware_build_flags/share:${ROS_PACKAGE_PATH} /usr/bin/cmake /home/ros/autoware.ai/src/autoware/core_perception/lidar_euclidean_cluster_detect -DCMAKE_BUILD_TYPE=Release -DCATKIN_INSTALL_INTO_PREFIX_ROOT=0 -DCMAKE_INSTALL_PREFIX=/home/ros/autoware.ai/install/lidar_euclidean_cluster_detect
[5.708s] Invoking command in '/home/ros/autoware.ai/build/lidar_euclidean_cluster_detect': CMAKE_PREFIX_PATH=/home/ros/autoware.ai/install/vector_map_server:/home/ros/autoware.ai/install/vector_map:/home/ros/autoware.ai/install/vector_map_msgs:/home/ros/autoware.ai/install/autoware_msgs:/home/ros/autoware.ai/install/autoware_build_flags:${CMAKE_PREFIX_PATH} LD_LIBRARY_PATH=/home/ros/autoware.ai/install/vector_map/lib:${LD_LIBRARY_PATH} PKG_CONFIG_PATH=/home/ros/autoware.ai/install/vector_map_server/lib/x86_64-linux-gnu/pkgconfig:/home/ros/autoware.ai/install/vector_map_server/lib/pkgconfig:/home/ros/autoware.ai/install/vector_map/lib/x86_64-linux-gnu/pkgconfig:/home/ros/autoware.ai/install/vector_map/lib/pkgconfig:/home/ros/autoware.ai/install/vector_map_msgs/lib/x86_64-linux-gnu/pkgconfig:/home/ros/autoware.ai/install/vector_map_msgs/lib/pkgconfig:/home/ros/autoware.ai/install/autoware_msgs/lib/x86_64-linux-gnu/pkgconfig:/home/ros/autoware.ai/install/autoware_msgs/lib/pkgconfig:/home/ros/autoware.ai/install/autoware_build_flags/lib/x86_64-linux-gnu/pkgconfig:/home/ros/autoware.ai/install/autoware_build_flags/lib/pkgconfig:${PKG_CONFIG_PATH} PYTHONPATH=/home/ros/autoware.ai/install/vector_map_server/lib/python2.7/dist-packages:/home/ros/autoware.ai/install/vector_map_msgs/lib/python2.7/dist-packages:/home/ros/autoware.ai/install/autoware_msgs/lib/python2.7/dist-packages:${PYTHONPATH} ROS_PACKAGE_PATH=/home/ros/autoware.ai/install/vector_map_server/share:/home/ros/autoware.ai/install/vector_map/share:/home/ros/autoware.ai/install/vector_map_msgs/share:/home/ros/autoware.ai/install/autoware_msgs/share:/home/ros/autoware.ai/install/autoware_build_flags/share:${ROS_PACKAGE_PATH} /usr/bin/cmake --build /home/ros/autoware.ai/build/lidar_euclidean_cluster_detect -- -j12 -l12
[5.806s] [35m[1mScanning dependencies of target tf_generate_messages_eus[0m
[5.824s] [  0%] Built target tf_generate_messages_eus
[5.878s] [35m[1mScanning dependencies of target rviz_generate_messages_eus[0m
[5.901s] [  0%] Built target rviz_generate_messages_eus
[5.933s] [35m[1mScanning dependencies of target people_msgs_generate_messages_eus[0m
[5.970s] [  0%] Built target people_msgs_generate_messages_eus
[6.015s] [35m[1mScanning dependencies of target people_msgs_generate_messages_cpp[0m
[6.040s] [  0%] Built target people_msgs_generate_messages_cpp
[6.067s] [35m[1mScanning dependencies of target vector_map_msgs_generate_messages_nodejs[0m
[6.090s] [  0%] Built target vector_map_msgs_generate_messages_nodejs
[6.110s] [35m[1mScanning dependencies of target bond_generate_messages_py[0m
[6.146s] [  0%] Built target bond_generate_messages_py
[6.170s] [35m[1mScanning dependencies of target bond_generate_messages_nodejs[0m
[6.196s] [  0%] Built target bond_generate_messages_nodejs
[6.223s] [35m[1mScanning dependencies of target bond_generate_messages_lisp[0m
[6.246s] [  0%] Built target bond_generate_messages_lisp
[6.285s] [35m[1mScanning dependencies of target bond_generate_messages_eus[0m
[6.325s] [  0%] Built target bond_generate_messages_eus
[6.373s] [35m[1mScanning dependencies of target bond_generate_messages_cpp[0m
[6.412s] [  0%] Built target bond_generate_messages_cpp
[6.439s] [35m[1mScanning dependencies of target nodelet_generate_messages_nodejs[0m
[6.477s] [  0%] Built target nodelet_generate_messages_nodejs
[6.502s] [35m[1mScanning dependencies of target map_msgs_generate_messages_eus[0m
[6.543s] [  0%] Built target map_msgs_generate_messages_eus
[6.564s] [35m[1mScanning dependencies of target nodelet_generate_messages_eus[0m
[6.592s] [  0%] Built target nodelet_generate_messages_eus
[6.609s] [35m[1mScanning dependencies of target nodelet_generate_messages_cpp[0m
[6.626s] [  0%] Built target nodelet_generate_messages_cpp
[6.642s] [35m[1mScanning dependencies of target dynamic_reconfigure_generate_messages_py[0m
[6.657s] [  0%] Built target dynamic_reconfigure_generate_messages_py
[6.672s] [35m[1mScanning dependencies of target dynamic_reconfigure_generate_messages_nodejs[0m
[6.694s] [  0%] Built target dynamic_reconfigure_generate_messages_nodejs
[6.708s] [35m[1mScanning dependencies of target people_msgs_generate_messages_nodejs[0m
[6.722s] [  0%] Built target people_msgs_generate_messages_nodejs
[6.736s] [35m[1mScanning dependencies of target dynamic_reconfigure_generate_messages_lisp[0m
[6.749s] [  0%] Built target dynamic_reconfigure_generate_messages_lisp
[6.773s] [35m[1mScanning dependencies of target dynamic_reconfigure_generate_messages_eus[0m
[6.792s] [  0%] Built target dynamic_reconfigure_generate_messages_eus
[6.808s] [35m[1mScanning dependencies of target map_msgs_generate_messages_py[0m
[6.826s] [  0%] Built target map_msgs_generate_messages_py
[6.840s] [35m[1mScanning dependencies of target pcl_ros_gencfg[0m
[6.860s] [  0%] Built target pcl_ros_gencfg
[6.874s] [35m[1mScanning dependencies of target jsk_hark_msgs_generate_messages_py[0m
[6.899s] [  0%] Built target jsk_hark_msgs_generate_messages_py
[6.918s] [35m[1mScanning dependencies of target rviz_generate_messages_nodejs[0m
[6.935s] [  0%] Built target rviz_generate_messages_nodejs
[6.950s] [35m[1mScanning dependencies of target jsk_hark_msgs_generate_messages_nodejs[0m
[6.966s] [  0%] Built target jsk_hark_msgs_generate_messages_nodejs
[6.982s] [35m[1mScanning dependencies of target jsk_hark_msgs_generate_messages_eus[0m
[6.999s] [  0%] Built target jsk_hark_msgs_generate_messages_eus
[7.018s] [35m[1mScanning dependencies of target jsk_rviz_plugins_generate_messages_py[0m
[7.032s] [  0%] Built target jsk_rviz_plugins_generate_messages_py
[7.046s] [35m[1mScanning dependencies of target jsk_rviz_plugins_generate_messages_nodejs[0m
[7.061s] [  0%] Built target jsk_rviz_plugins_generate_messages_nodejs
[7.074s] [35m[1mScanning dependencies of target jsk_recognition_utils_gencfg[0m
[7.089s] [  0%] Built target jsk_recognition_utils_gencfg
[7.103s] [35m[1mScanning dependencies of target jsk_rviz_plugins_generate_messages_lisp[0m
[7.117s] [  0%] Built target jsk_rviz_plugins_generate_messages_lisp
[7.131s] [35m[1mScanning dependencies of target rviz_generate_messages_lisp[0m
[7.144s] [  0%] Built target rviz_generate_messages_lisp
[7.172s] [35m[1mScanning dependencies of target jsk_rviz_plugins_gencfg[0m
[7.186s] [  0%] Built target jsk_rviz_plugins_gencfg
[7.221s] [35m[1mScanning dependencies of target visualization_msgs_generate_messages_py[0m
[7.241s] [  0%] Built target visualization_msgs_generate_messages_py
[7.263s] [35m[1mScanning dependencies of target visualization_msgs_generate_messages_nodejs[0m
[7.286s] [  0%] Built target visualization_msgs_generate_messages_nodejs
[7.315s] [35m[1mScanning dependencies of target vector_map_server_generate_messages_cpp[0m
[7.336s] [  0%] Built target vector_map_server_generate_messages_cpp
[7.354s] [35m[1mScanning dependencies of target visualization_msgs_generate_messages_eus[0m
[7.371s] [  0%] Built target visualization_msgs_generate_messages_eus
[7.384s] [35m[1mScanning dependencies of target tf2_msgs_generate_messages_nodejs[0m
[7.398s] [  0%] Built target tf2_msgs_generate_messages_nodejs
[7.414s] [35m[1mScanning dependencies of target tf2_msgs_generate_messages_cpp[0m
[7.428s] [  0%] Built target tf2_msgs_generate_messages_cpp
[7.442s] [35m[1mScanning dependencies of target map_msgs_generate_messages_cpp[0m
[7.455s] [  0%] Built target map_msgs_generate_messages_cpp
[7.470s] [35m[1mScanning dependencies of target tf2_msgs_generate_messages_py[0m
[7.484s] [  0%] Built target tf2_msgs_generate_messages_py
[7.498s] [35m[1mScanning dependencies of target actionlib_generate_messages_py[0m
[7.511s] [  0%] Built target actionlib_generate_messages_py
[7.528s] [35m[1mScanning dependencies of target actionlib_generate_messages_cpp[0m
[7.544s] [  0%] Built target actionlib_generate_messages_cpp
[7.557s] [35m[1mScanning dependencies of target dynamic_reconfigure_generate_messages_cpp[0m
[7.571s] [  0%] Built target dynamic_reconfigure_generate_messages_cpp
[7.585s] [35m[1mScanning dependencies of target tf_generate_messages_py[0m
[7.599s] [  0%] Built target tf_generate_messages_py
[7.613s] [35m[1mScanning dependencies of target tf_generate_messages_nodejs[0m
[7.632s] [  0%] Built target tf_generate_messages_nodejs
[7.646s] [35m[1mScanning dependencies of target tf_generate_messages_lisp[0m
[7.661s] [  0%] Built target tf_generate_messages_lisp
[7.676s] [35m[1mScanning dependencies of target geometry_msgs_generate_messages_py[0m
[7.690s] [  0%] Built target geometry_msgs_generate_messages_py
[7.702s] [35m[1mScanning dependencies of target sensor_msgs_generate_messages_nodejs[0m
[7.719s] [  0%] Built target sensor_msgs_generate_messages_nodejs
[7.737s] [35m[1mScanning dependencies of target vector_map_server_generate_messages_eus[0m
[7.751s] [  0%] Built target vector_map_server_generate_messages_eus
[7.766s] [35m[1mScanning dependencies of target roscpp_generate_messages_cpp[0m
[7.780s] [  0%] Built target roscpp_generate_messages_cpp
[7.793s] [35m[1mScanning dependencies of target pcl_msgs_generate_messages_eus[0m
[7.805s] [  0%] Built target pcl_msgs_generate_messages_eus
[7.818s] [35m[1mScanning dependencies of target rosgraph_msgs_generate_messages_eus[0m
[7.831s] [  0%] Built target rosgraph_msgs_generate_messages_eus
[7.845s] [35m[1mScanning dependencies of target jsk_recognition_msgs_generate_messages_lisp[0m
[7.860s] [  0%] Built target jsk_recognition_msgs_generate_messages_lisp
[7.876s] [35m[1mScanning dependencies of target jsk_recognition_msgs_generate_messages_eus[0m
[7.891s] [  0%] Built target jsk_recognition_msgs_generate_messages_eus
[7.904s] [35m[1mScanning dependencies of target std_msgs_generate_messages_py[0m
[7.916s] [  0%] Built target std_msgs_generate_messages_py
[7.930s] [35m[1mScanning dependencies of target nodelet_generate_messages_lisp[0m
[7.946s] [  0%] Built target nodelet_generate_messages_lisp
[7.959s] [35m[1mScanning dependencies of target autoware_msgs_generate_messages_py[0m
[7.974s] [  0%] Built target autoware_msgs_generate_messages_py
[7.987s] [35m[1mScanning dependencies of target jsk_hark_msgs_generate_messages_lisp[0m
[8.001s] [  0%] Built target jsk_hark_msgs_generate_messages_lisp
[8.022s] [35m[1mScanning dependencies of target std_msgs_generate_messages_nodejs[0m
[8.037s] [  0%] Built target std_msgs_generate_messages_nodejs
[8.054s] [35m[1mScanning dependencies of target sensor_msgs_generate_messages_eus[0m
[8.068s] [  0%] Built target sensor_msgs_generate_messages_eus
[8.082s] [35m[1mScanning dependencies of target sensor_msgs_generate_messages_cpp[0m
[8.098s] [  0%] Built target sensor_msgs_generate_messages_cpp
[8.111s] [35m[1mScanning dependencies of target autoware_msgs_generate_messages_cpp[0m
[8.124s] [  0%] Built target autoware_msgs_generate_messages_cpp
[8.136s] [35m[1mScanning dependencies of target rosgraph_msgs_generate_messages_cpp[0m
[8.150s] [  0%] Built target rosgraph_msgs_generate_messages_cpp
[8.163s] [35m[1mScanning dependencies of target topic_tools_generate_messages_cpp[0m
[8.177s] [  0%] Built target topic_tools_generate_messages_cpp
[8.193s] [35m[1mScanning dependencies of target jsk_recognition_msgs_generate_messages_py[0m
[8.207s] [  0%] Built target jsk_recognition_msgs_generate_messages_py
[8.221s] [35m[1mScanning dependencies of target nodelet_generate_messages_py[0m
[8.239s] [  0%] Built target nodelet_generate_messages_py
[8.252s] [35m[1mScanning dependencies of target sensor_msgs_generate_messages_py[0m
[8.267s] [  0%] Built target sensor_msgs_generate_messages_py
[8.282s] [35m[1mScanning dependencies of target std_msgs_generate_messages_cpp[0m
[8.295s] [  0%] Built target std_msgs_generate_messages_cpp
[8.308s] [35m[1mScanning dependencies of target jsk_footstep_msgs_generate_messages_py[0m
[8.320s] [  0%] Built target jsk_footstep_msgs_generate_messages_py
[8.338s] [35m[1mScanning dependencies of target nav_msgs_generate_messages_nodejs[0m
[8.352s] [  0%] Built target nav_msgs_generate_messages_nodejs
[8.366s] [35m[1mScanning dependencies of target geometry_msgs_generate_messages_eus[0m
[8.380s] [  0%] Built target geometry_msgs_generate_messages_eus
[8.394s] [35m[1mScanning dependencies of target jsk_rviz_plugins_generate_messages_cpp[0m
[8.407s] [  0%] Built target jsk_rviz_plugins_generate_messages_cpp
[8.422s] [35m[1mScanning dependencies of target std_msgs_generate_messages_lisp[0m
[8.441s] [  0%] Built target std_msgs_generate_messages_lisp
[8.456s] [35m[1mScanning dependencies of target roscpp_generate_messages_nodejs[0m
[8.472s] [  0%] Built target roscpp_generate_messages_nodejs
[8.487s] [35m[1mScanning dependencies of target geometry_msgs_generate_messages_nodejs[0m
[8.500s] [  0%] Built target geometry_msgs_generate_messages_nodejs
[8.513s] [35m[1mScanning dependencies of target jsk_rviz_plugins_generate_messages_eus[0m
[8.529s] [  0%] Built target jsk_rviz_plugins_generate_messages_eus
[8.543s] [35m[1mScanning dependencies of target actionlib_generate_messages_eus[0m
[8.560s] [  0%] Built target actionlib_generate_messages_eus
[8.576s] [35m[1mScanning dependencies of target pcl_msgs_generate_messages_py[0m
[8.590s] [  0%] Built target pcl_msgs_generate_messages_py
[8.605s] [35m[1mScanning dependencies of target geometry_msgs_generate_messages_lisp[0m
[8.618s] [  0%] Built target geometry_msgs_generate_messages_lisp
[8.633s] [35m[1mScanning dependencies of target actionlib_generate_messages_lisp[0m
[8.647s] [  0%] Built target actionlib_generate_messages_lisp
[8.663s] [35m[1mScanning dependencies of target geometry_msgs_generate_messages_cpp[0m
[8.677s] [  0%] Built target geometry_msgs_generate_messages_cpp
[8.691s] [35m[1mScanning dependencies of target pcl_msgs_generate_messages_cpp[0m
[8.705s] [  0%] Built target pcl_msgs_generate_messages_cpp
[8.725s] [35m[1mScanning dependencies of target autoware_msgs_generate_messages_eus[0m
[8.738s] [  0%] Built target autoware_msgs_generate_messages_eus
[8.751s] [35m[1mScanning dependencies of target autoware_msgs_generate_messages_lisp[0m
[8.776s] [  0%] Built target autoware_msgs_generate_messages_lisp
[8.790s] [35m[1mScanning dependencies of target topic_tools_generate_messages_eus[0m
[8.804s] [  0%] Built target topic_tools_generate_messages_eus
[8.818s] [35m[1mScanning dependencies of target visualization_msgs_generate_messages_lisp[0m
[8.832s] [  0%] Built target visualization_msgs_generate_messages_lisp
[8.845s] [35m[1mScanning dependencies of target std_msgs_generate_messages_eus[0m
[8.859s] [  0%] Built target std_msgs_generate_messages_eus
[8.876s] [35m[1mScanning dependencies of target autoware_msgs_generate_messages_nodejs[0m
[8.890s] [  0%] Built target autoware_msgs_generate_messages_nodejs
[8.903s] [35m[1mScanning dependencies of target jsk_footstep_msgs_generate_messages_eus[0m
[8.917s] [  0%] Built target jsk_footstep_msgs_generate_messages_eus
[8.930s] [35m[1mScanning dependencies of target actionlib_msgs_generate_messages_py[0m
[8.943s] [  0%] Built target actionlib_msgs_generate_messages_py
[8.957s] [35m[1mScanning dependencies of target visualization_msgs_generate_messages_cpp[0m
[8.970s] [  0%] Built target visualization_msgs_generate_messages_cpp
[8.984s] [35m[1mScanning dependencies of target tf2_msgs_generate_messages_eus[0m
[8.996s] [  0%] Built target tf2_msgs_generate_messages_eus
[9.011s] [35m[1mScanning dependencies of target nav_msgs_generate_messages_eus[0m
[9.028s] [  0%] Built target nav_msgs_generate_messages_eus
[9.045s] [35m[1mScanning dependencies of target vector_map_server_generate_messages_lisp[0m
[9.060s] [  0%] Built target vector_map_server_generate_messages_lisp
[9.074s] [35m[1mScanning dependencies of target jsk_footstep_msgs_generate_messages_lisp[0m
[9.089s] [  0%] Built target jsk_footstep_msgs_generate_messages_lisp
[9.103s] [35m[1mScanning dependencies of target jsk_footstep_msgs_generate_messages_nodejs[0m
[9.117s] [  0%] Built target jsk_footstep_msgs_generate_messages_nodejs
[9.132s] [35m[1mScanning dependencies of target grid_map_msgs_generate_messages_nodejs[0m
[9.147s] [  0%] Built target grid_map_msgs_generate_messages_nodejs
[9.161s] [35m[1mScanning dependencies of target std_srvs_generate_messages_cpp[0m
[9.175s] [  0%] Built target std_srvs_generate_messages_cpp
[9.190s] [35m[1mScanning dependencies of target actionlib_msgs_generate_messages_lisp[0m
[9.204s] [  0%] Built target actionlib_msgs_generate_messages_lisp
[9.218s] [35m[1mScanning dependencies of target grid_map_msgs_generate_messages_lisp[0m
[9.233s] [  0%] Built target grid_map_msgs_generate_messages_lisp
[9.247s] [35m[1mScanning dependencies of target jsk_recognition_msgs_generate_messages_nodejs[0m
[9.262s] [  0%] Built target jsk_recognition_msgs_generate_messages_nodejs
[9.276s] [35m[1mScanning dependencies of target std_srvs_generate_messages_eus[0m
[9.291s] [  0%] Built target std_srvs_generate_messages_eus
[9.305s] [35m[1mScanning dependencies of target roscpp_generate_messages_lisp[0m
[9.320s] [  0%] Built target roscpp_generate_messages_lisp
[9.336s] [35m[1mScanning dependencies of target grid_map_msgs_generate_messages_eus[0m
[9.351s] [  0%] Built target grid_map_msgs_generate_messages_eus
[9.368s] [35m[1mScanning dependencies of target rosgraph_msgs_generate_messages_lisp[0m
[9.383s] [  0%] Built target rosgraph_msgs_generate_messages_lisp
[9.397s] [35m[1mScanning dependencies of target rosgraph_msgs_generate_messages_nodejs[0m
[9.414s] [  0%] Built target rosgraph_msgs_generate_messages_nodejs
[9.428s] [35m[1mScanning dependencies of target vector_map_server_generate_messages_py[0m
[9.442s] [  0%] Built target vector_map_server_generate_messages_py
[9.454s] [35m[1mScanning dependencies of target roscpp_generate_messages_eus[0m
[9.472s] [  0%] Built target roscpp_generate_messages_eus
[9.486s] [35m[1mScanning dependencies of target actionlib_msgs_generate_messages_eus[0m
[9.498s] [  0%] Built target actionlib_msgs_generate_messages_eus
[9.511s] [35m[1mScanning dependencies of target rosgraph_msgs_generate_messages_py[0m
[9.525s] [  0%] Built target rosgraph_msgs_generate_messages_py
[9.541s] [35m[1mScanning dependencies of target roscpp_generate_messages_py[0m
[9.555s] [  0%] Built target roscpp_generate_messages_py
[9.571s] [35m[1mScanning dependencies of target grid_map_msgs_generate_messages_cpp[0m
[9.585s] [  0%] Built target grid_map_msgs_generate_messages_cpp
[9.602s] [35m[1mScanning dependencies of target jsk_hark_msgs_generate_messages_cpp[0m
[9.616s] [  0%] Built target jsk_hark_msgs_generate_messages_cpp
[9.629s] [35m[1mScanning dependencies of target grid_map_msgs_generate_messages_py[0m
[9.643s] [  0%] Built target grid_map_msgs_generate_messages_py
[9.655s] [35m[1mScanning dependencies of target sensor_msgs_generate_messages_lisp[0m
[9.670s] [  0%] Built target sensor_msgs_generate_messages_lisp
[9.683s] [35m[1mScanning dependencies of target nav_msgs_generate_messages_cpp[0m
[9.701s] [  0%] Built target nav_msgs_generate_messages_cpp
[9.718s] [35m[1mScanning dependencies of target pcl_msgs_generate_messages_nodejs[0m
[9.732s] [  0%] Built target pcl_msgs_generate_messages_nodejs
[9.746s] [35m[1mScanning dependencies of target nav_msgs_generate_messages_lisp[0m
[9.760s] [  0%] Built target nav_msgs_generate_messages_lisp
[9.774s] [35m[1mScanning dependencies of target dynamic_reconfigure_gencfg[0m
[9.787s] [  0%] Built target dynamic_reconfigure_gencfg
[9.799s] [35m[1mScanning dependencies of target tf2_msgs_generate_messages_lisp[0m
[9.812s] [  0%] Built target tf2_msgs_generate_messages_lisp
[9.826s] [35m[1mScanning dependencies of target nav_msgs_generate_messages_py[0m
[9.842s] [  0%] Built target nav_msgs_generate_messages_py
[9.860s] [35m[1mScanning dependencies of target _catkin_empty_exported_target[0m
[9.877s] [  0%] Built target _catkin_empty_exported_target
[9.891s] [35m[1mScanning dependencies of target std_srvs_generate_messages_lisp[0m
[9.909s] [  0%] Built target std_srvs_generate_messages_lisp
[9.922s] [35m[1mScanning dependencies of target jsk_recognition_msgs_generate_messages_cpp[0m
[9.935s] [  0%] Built target jsk_recognition_msgs_generate_messages_cpp
[9.949s] [35m[1mScanning dependencies of target topic_tools_generate_messages_lisp[0m
[9.964s] [  0%] Built target topic_tools_generate_messages_lisp
[9.976s] [35m[1mScanning dependencies of target std_srvs_generate_messages_nodejs[0m
[9.996s] [  0%] Built target std_srvs_generate_messages_nodejs
[10.011s] [35m[1mScanning dependencies of target std_srvs_generate_messages_py[0m
[10.027s] [  0%] Built target std_srvs_generate_messages_py
[10.042s] [35m[1mScanning dependencies of target topic_tools_generate_messages_nodejs[0m
[10.057s] [  0%] Built target topic_tools_generate_messages_nodejs
[10.074s] [35m[1mScanning dependencies of target map_msgs_generate_messages_nodejs[0m
[10.090s] [  0%] Built target map_msgs_generate_messages_nodejs
[10.107s] [35m[1mScanning dependencies of target nodelet_topic_tools_gencfg[0m
[10.122s] [  0%] Built target nodelet_topic_tools_gencfg
[10.136s] [35m[1mScanning dependencies of target actionlib_msgs_generate_messages_nodejs[0m
[10.149s] [  0%] Built target actionlib_msgs_generate_messages_nodejs
[10.162s] [35m[1mScanning dependencies of target topic_tools_generate_messages_py[0m
[10.178s] [  0%] Built target topic_tools_generate_messages_py
[10.190s] [35m[1mScanning dependencies of target actionlib_generate_messages_nodejs[0m
[10.203s] [  0%] Built target actionlib_generate_messages_nodejs
[10.217s] [35m[1mScanning dependencies of target pcl_msgs_generate_messages_lisp[0m
[10.230s] [  0%] Built target pcl_msgs_generate_messages_lisp
[10.243s] [35m[1mScanning dependencies of target tf_generate_messages_cpp[0m
[10.257s] [  0%] Built target tf_generate_messages_cpp
[10.269s] [35m[1mScanning dependencies of target jsk_footstep_msgs_generate_messages_cpp[0m
[10.287s] [  0%] Built target jsk_footstep_msgs_generate_messages_cpp
[10.299s] [35m[1mScanning dependencies of target actionlib_msgs_generate_messages_cpp[0m
[10.312s] [  0%] Built target actionlib_msgs_generate_messages_cpp
[10.323s] [35m[1mScanning dependencies of target people_msgs_generate_messages_lisp[0m
[10.338s] [  0%] Built target people_msgs_generate_messages_lisp
[10.351s] [35m[1mScanning dependencies of target people_msgs_generate_messages_py[0m
[10.365s] [  0%] Built target people_msgs_generate_messages_py
[10.379s] [35m[1mScanning dependencies of target rviz_generate_messages_cpp[0m
[10.391s] [  0%] Built target rviz_generate_messages_cpp
[10.402s] [35m[1mScanning dependencies of target rviz_generate_messages_py[0m
[10.415s] [  0%] Built target rviz_generate_messages_py
[10.427s] [35m[1mScanning dependencies of target map_msgs_generate_messages_lisp[0m
[10.445s] [  0%] Built target map_msgs_generate_messages_lisp
[10.458s] [35m[1mScanning dependencies of target vector_map_server_generate_messages_nodejs[0m
[10.476s] [  0%] Built target vector_map_server_generate_messages_nodejs
[10.493s] [35m[1mScanning dependencies of target vector_map_msgs_generate_messages_cpp[0m
[10.507s] [  0%] Built target vector_map_msgs_generate_messages_cpp
[10.521s] [35m[1mScanning dependencies of target vector_map_msgs_generate_messages_eus[0m
[10.539s] [  0%] Built target vector_map_msgs_generate_messages_eus
[10.552s] [35m[1mScanning dependencies of target vector_map_msgs_generate_messages_lisp[0m
[10.564s] [  0%] Built target vector_map_msgs_generate_messages_lisp
[10.577s] [35m[1mScanning dependencies of target vector_map_msgs_generate_messages_py[0m
[10.590s] [  0%] Built target vector_map_msgs_generate_messages_py
[10.605s] [35m[1mScanning dependencies of target lidar_euclidean_cluster_detect[0m
[10.731s] [ 33%] [32mBuilding CXX object CMakeFiles/lidar_euclidean_cluster_detect.dir/nodes/lidar_euclidean_cluster_detect/lidar_euclidean_cluster_detect.cpp.o[0m
[20.197s] [01m[K/home/ros/autoware.ai/src/autoware/core_perception/lidar_euclidean_cluster_detect/nodes/lidar_euclidean_cluster_detect/lidar_euclidean_cluster_detect.cpp:[m[K In function ‘[01m[Kvoid segmentByDistance(pcl::PointCloud<pcl::PointXYZ>::Ptr, pcl::PointCloud<pcl::PointXYZRGB>::Ptr, autoware_msgs::Centroids&, autoware_msgs::CloudClusterArray&)[m[K’:
[20.197s] [01m[K/home/ros/autoware.ai/src/autoware/core_perception/lidar_euclidean_cluster_detect/nodes/lidar_euclidean_cluster_detect/lidar_euclidean_cluster_detect.cpp:662:3:[m[K [01;35m[Kwarning: [m[Kthis ‘[01m[Kelse[m[K’ clause does not guard... [[01;35m[K-Wmisleading-indentation[m[K]
[20.197s]    [01;35m[Kelse[m[K
[20.197s]    [01;35m[K^~~~[m[K
[20.197s] [01m[K/home/ros/autoware.ai/src/autoware/core_perception/lidar_euclidean_cluster_detect/nodes/lidar_euclidean_cluster_detect/lidar_euclidean_cluster_detect.cpp:666:5:[m[K [01;36m[Knote: [m[K...this statement, but the latter is misleadingly indented as if it were guarded by the ‘[01m[Kelse[m[K’
[20.197s]      [01;36m[Kfor[m[K (unsigned int i = 0; i < final_clusters.size(); i++)
[20.198s]      [01;36m[K^~~[m[K
[29.009s] In file included from [01m[K/home/ros/autoware.ai/src/autoware/core_perception/lidar_euclidean_cluster_detect/nodes/lidar_euclidean_cluster_detect/lidar_euclidean_cluster_detect.cpp:31:0[m[K:
[29.009s] [01m[K/usr/include/pcl-1.8/pcl/sample_consensus/model_types.h:[m[K In function ‘[01m[Kvoid __static_initialization_and_destruction_0(int, int)[m[K’:
[29.010s] [01m[K/usr/include/pcl-1.8/pcl/sample_consensus/model_types.h:99:3:[m[K [01;35m[Kwarning: [m[K‘[01m[Kpcl::SAC_SAMPLE_SIZE[m[K’ is deprecated: This map is deprecated and is kept only to prevent breaking existing user code. Starting from PCL 1.8.0 model sample size is a protected member of the SampleConsensusModel class [[01;35m[K-Wdeprecated-declarations[m[K]
[29.010s]    [01;35m[KSAC_SAMPLE_SIZE[m[K (sample_size_pairs, sample_size_pairs + sizeof (sample_size_pairs) / sizeof (SampleSizeModel));
[29.010s]    [01;35m[K^~~~~~~~~~~~~~~[m[K
[29.010s] [01m[K/usr/include/pcl-1.8/pcl/sample_consensus/model_types.h:99:3:[m[K [01;36m[Knote: [m[Kdeclared here
[36.570s] [ 66%] [32mBuilding CXX object CMakeFiles/lidar_euclidean_cluster_detect.dir/nodes/lidar_euclidean_cluster_detect/cluster.cpp.o[0m
[52.402s] In file included from [01m[K/home/ros/autoware.ai/src/autoware/core_perception/lidar_euclidean_cluster_detect/include/cluster.h:30:0[m[K,
[52.402s]                  from [01m[K/home/ros/autoware.ai/src/autoware/core_perception/lidar_euclidean_cluster_detect/nodes/lidar_euclidean_cluster_detect/cluster.cpp:8[m[K:
[52.402s] [01m[K/usr/include/pcl-1.8/pcl/sample_consensus/model_types.h:[m[K In function ‘[01m[Kvoid __static_initialization_and_destruction_0(int, int)[m[K’:
[52.402s] [01m[K/usr/include/pcl-1.8/pcl/sample_consensus/model_types.h:99:3:[m[K [01;35m[Kwarning: [m[K‘[01m[Kpcl::SAC_SAMPLE_SIZE[m[K’ is deprecated: This map is deprecated and is kept only to prevent breaking existing user code. Starting from PCL 1.8.0 model sample size is a protected member of the SampleConsensusModel class [[01;35m[K-Wdeprecated-declarations[m[K]
[52.402s]    [01;35m[KSAC_SAMPLE_SIZE[m[K (sample_size_pairs, sample_size_pairs + sizeof (sample_size_pairs) / sizeof (SampleSizeModel));
[52.402s]    [01;35m[K^~~~~~~~~~~~~~~[m[K
[52.403s] [01m[K/usr/include/pcl-1.8/pcl/sample_consensus/model_types.h:99:3:[m[K [01;36m[Knote: [m[Kdeclared here
[56.429s] [100%] [32m[1mLinking CXX executable devel/lib/lidar_euclidean_cluster_detect/lidar_euclidean_cluster_detect[0m
[63.555s] [100%] Built target lidar_euclidean_cluster_detect
[63.573s] Invoked command in '/home/ros/autoware.ai/build/lidar_euclidean_cluster_detect' returned '0': CMAKE_PREFIX_PATH=/home/ros/autoware.ai/install/vector_map_server:/home/ros/autoware.ai/install/vector_map:/home/ros/autoware.ai/install/vector_map_msgs:/home/ros/autoware.ai/install/autoware_msgs:/home/ros/autoware.ai/install/autoware_build_flags:${CMAKE_PREFIX_PATH} LD_LIBRARY_PATH=/home/ros/autoware.ai/install/vector_map/lib:${LD_LIBRARY_PATH} PKG_CONFIG_PATH=/home/ros/autoware.ai/install/vector_map_server/lib/x86_64-linux-gnu/pkgconfig:/home/ros/autoware.ai/install/vector_map_server/lib/pkgconfig:/home/ros/autoware.ai/install/vector_map/lib/x86_64-linux-gnu/pkgconfig:/home/ros/autoware.ai/install/vector_map/lib/pkgconfig:/home/ros/autoware.ai/install/vector_map_msgs/lib/x86_64-linux-gnu/pkgconfig:/home/ros/autoware.ai/install/vector_map_msgs/lib/pkgconfig:/home/ros/autoware.ai/install/autoware_msgs/lib/x86_64-linux-gnu/pkgconfig:/home/ros/autoware.ai/install/autoware_msgs/lib/pkgconfig:/home/ros/autoware.ai/install/autoware_build_flags/lib/x86_64-linux-gnu/pkgconfig:/home/ros/autoware.ai/install/autoware_build_flags/lib/pkgconfig:${PKG_CONFIG_PATH} PYTHONPATH=/home/ros/autoware.ai/install/vector_map_server/lib/python2.7/dist-packages:/home/ros/autoware.ai/install/vector_map_msgs/lib/python2.7/dist-packages:/home/ros/autoware.ai/install/autoware_msgs/lib/python2.7/dist-packages:${PYTHONPATH} ROS_PACKAGE_PATH=/home/ros/autoware.ai/install/vector_map_server/share:/home/ros/autoware.ai/install/vector_map/share:/home/ros/autoware.ai/install/vector_map_msgs/share:/home/ros/autoware.ai/install/autoware_msgs/share:/home/ros/autoware.ai/install/autoware_build_flags/share:${ROS_PACKAGE_PATH} /usr/bin/cmake --build /home/ros/autoware.ai/build/lidar_euclidean_cluster_detect -- -j12 -l12
[63.783s] Invoking command in '/home/ros/autoware.ai/build/lidar_euclidean_cluster_detect': CMAKE_PREFIX_PATH=/home/ros/autoware.ai/install/vector_map_server:/home/ros/autoware.ai/install/vector_map:/home/ros/autoware.ai/install/vector_map_msgs:/home/ros/autoware.ai/install/autoware_msgs:/home/ros/autoware.ai/install/autoware_build_flags:${CMAKE_PREFIX_PATH} LD_LIBRARY_PATH=/home/ros/autoware.ai/install/vector_map/lib:${LD_LIBRARY_PATH} PKG_CONFIG_PATH=/home/ros/autoware.ai/install/vector_map_server/lib/x86_64-linux-gnu/pkgconfig:/home/ros/autoware.ai/install/vector_map_server/lib/pkgconfig:/home/ros/autoware.ai/install/vector_map/lib/x86_64-linux-gnu/pkgconfig:/home/ros/autoware.ai/install/vector_map/lib/pkgconfig:/home/ros/autoware.ai/install/vector_map_msgs/lib/x86_64-linux-gnu/pkgconfig:/home/ros/autoware.ai/install/vector_map_msgs/lib/pkgconfig:/home/ros/autoware.ai/install/autoware_msgs/lib/x86_64-linux-gnu/pkgconfig:/home/ros/autoware.ai/install/autoware_msgs/lib/pkgconfig:/home/ros/autoware.ai/install/autoware_build_flags/lib/x86_64-linux-gnu/pkgconfig:/home/ros/autoware.ai/install/autoware_build_flags/lib/pkgconfig:${PKG_CONFIG_PATH} PYTHONPATH=/home/ros/autoware.ai/install/vector_map_server/lib/python2.7/dist-packages:/home/ros/autoware.ai/install/vector_map_msgs/lib/python2.7/dist-packages:/home/ros/autoware.ai/install/autoware_msgs/lib/python2.7/dist-packages:${PYTHONPATH} ROS_PACKAGE_PATH=/home/ros/autoware.ai/install/vector_map_server/share:/home/ros/autoware.ai/install/vector_map/share:/home/ros/autoware.ai/install/vector_map_msgs/share:/home/ros/autoware.ai/install/autoware_msgs/share:/home/ros/autoware.ai/install/autoware_build_flags/share:${ROS_PACKAGE_PATH} /usr/bin/cmake --build /home/ros/autoware.ai/build/lidar_euclidean_cluster_detect --target tests -- -j12 -l12
[63.869s] [35m[1mScanning dependencies of target tests[0m
[63.883s] Built target tests
[63.900s] Invoked command in '/home/ros/autoware.ai/build/lidar_euclidean_cluster_detect' returned '0': CMAKE_PREFIX_PATH=/home/ros/autoware.ai/install/vector_map_server:/home/ros/autoware.ai/install/vector_map:/home/ros/autoware.ai/install/vector_map_msgs:/home/ros/autoware.ai/install/autoware_msgs:/home/ros/autoware.ai/install/autoware_build_flags:${CMAKE_PREFIX_PATH} LD_LIBRARY_PATH=/home/ros/autoware.ai/install/vector_map/lib:${LD_LIBRARY_PATH} PKG_CONFIG_PATH=/home/ros/autoware.ai/install/vector_map_server/lib/x86_64-linux-gnu/pkgconfig:/home/ros/autoware.ai/install/vector_map_server/lib/pkgconfig:/home/ros/autoware.ai/install/vector_map/lib/x86_64-linux-gnu/pkgconfig:/home/ros/autoware.ai/install/vector_map/lib/pkgconfig:/home/ros/autoware.ai/install/vector_map_msgs/lib/x86_64-linux-gnu/pkgconfig:/home/ros/autoware.ai/install/vector_map_msgs/lib/pkgconfig:/home/ros/autoware.ai/install/autoware_msgs/lib/x86_64-linux-gnu/pkgconfig:/home/ros/autoware.ai/install/autoware_msgs/lib/pkgconfig:/home/ros/autoware.ai/install/autoware_build_flags/lib/x86_64-linux-gnu/pkgconfig:/home/ros/autoware.ai/install/autoware_build_flags/lib/pkgconfig:${PKG_CONFIG_PATH} PYTHONPATH=/home/ros/autoware.ai/install/vector_map_server/lib/python2.7/dist-packages:/home/ros/autoware.ai/install/vector_map_msgs/lib/python2.7/dist-packages:/home/ros/autoware.ai/install/autoware_msgs/lib/python2.7/dist-packages:${PYTHONPATH} ROS_PACKAGE_PATH=/home/ros/autoware.ai/install/vector_map_server/share:/home/ros/autoware.ai/install/vector_map/share:/home/ros/autoware.ai/install/vector_map_msgs/share:/home/ros/autoware.ai/install/autoware_msgs/share:/home/ros/autoware.ai/install/autoware_build_flags/share:${ROS_PACKAGE_PATH} /usr/bin/cmake --build /home/ros/autoware.ai/build/lidar_euclidean_cluster_detect --target tests -- -j12 -l12
[64.030s] Invoking command in '/home/ros/autoware.ai/build/lidar_euclidean_cluster_detect': CMAKE_PREFIX_PATH=/home/ros/autoware.ai/install/vector_map_server:/home/ros/autoware.ai/install/vector_map:/home/ros/autoware.ai/install/vector_map_msgs:/home/ros/autoware.ai/install/autoware_msgs:/home/ros/autoware.ai/install/autoware_build_flags:${CMAKE_PREFIX_PATH} LD_LIBRARY_PATH=/home/ros/autoware.ai/install/vector_map/lib:${LD_LIBRARY_PATH} PKG_CONFIG_PATH=/home/ros/autoware.ai/install/vector_map_server/lib/x86_64-linux-gnu/pkgconfig:/home/ros/autoware.ai/install/vector_map_server/lib/pkgconfig:/home/ros/autoware.ai/install/vector_map/lib/x86_64-linux-gnu/pkgconfig:/home/ros/autoware.ai/install/vector_map/lib/pkgconfig:/home/ros/autoware.ai/install/vector_map_msgs/lib/x86_64-linux-gnu/pkgconfig:/home/ros/autoware.ai/install/vector_map_msgs/lib/pkgconfig:/home/ros/autoware.ai/install/autoware_msgs/lib/x86_64-linux-gnu/pkgconfig:/home/ros/autoware.ai/install/autoware_msgs/lib/pkgconfig:/home/ros/autoware.ai/install/autoware_build_flags/lib/x86_64-linux-gnu/pkgconfig:/home/ros/autoware.ai/install/autoware_build_flags/lib/pkgconfig:${PKG_CONFIG_PATH} PYTHONPATH=/home/ros/autoware.ai/install/vector_map_server/lib/python2.7/dist-packages:/home/ros/autoware.ai/install/vector_map_msgs/lib/python2.7/dist-packages:/home/ros/autoware.ai/install/autoware_msgs/lib/python2.7/dist-packages:${PYTHONPATH} ROS_PACKAGE_PATH=/home/ros/autoware.ai/install/vector_map_server/share:/home/ros/autoware.ai/install/vector_map/share:/home/ros/autoware.ai/install/vector_map_msgs/share:/home/ros/autoware.ai/install/autoware_msgs/share:/home/ros/autoware.ai/install/autoware_build_flags/share:${ROS_PACKAGE_PATH} /usr/bin/cmake --build /home/ros/autoware.ai/build/lidar_euclidean_cluster_detect --target install -- -j12 -l12
[64.109s] [  0%] Built target tf_generate_messages_eus
[64.137s] [  0%] Built target rviz_generate_messages_eus
[64.164s] [  0%] Built target people_msgs_generate_messages_eus
[64.192s] [  0%] Built target people_msgs_generate_messages_cpp
[64.220s] [  0%] Built target vector_map_msgs_generate_messages_nodejs
[64.248s] [  0%] Built target bond_generate_messages_py
[64.276s] [  0%] Built target bond_generate_messages_nodejs
[64.304s] [  0%] Built target bond_generate_messages_lisp
[64.331s] [  0%] Built target bond_generate_messages_eus
[64.358s] [  0%] Built target bond_generate_messages_cpp
[64.385s] [  0%] Built target nodelet_generate_messages_nodejs
[64.411s] [  0%] Built target map_msgs_generate_messages_eus
[64.438s] [  0%] Built target nodelet_generate_messages_eus
[64.466s] [  0%] Built target nodelet_generate_messages_cpp
[64.493s] [  0%] Built target dynamic_reconfigure_generate_messages_py
[64.520s] [  0%] Built target dynamic_reconfigure_generate_messages_nodejs
[64.547s] [  0%] Built target people_msgs_generate_messages_nodejs
[64.574s] [  0%] Built target dynamic_reconfigure_generate_messages_lisp
[64.602s] [  0%] Built target dynamic_reconfigure_generate_messages_eus
[64.631s] [  0%] Built target map_msgs_generate_messages_py
[64.677s] [  0%] Built target pcl_ros_gencfg
[64.715s] [  0%] Built target jsk_hark_msgs_generate_messages_py
[64.746s] [  0%] Built target rviz_generate_messages_nodejs
[64.778s] [  0%] Built target jsk_hark_msgs_generate_messages_nodejs
[64.816s] [  0%] Built target jsk_hark_msgs_generate_messages_eus
[64.846s] [  0%] Built target jsk_rviz_plugins_generate_messages_py
[64.882s] [  0%] Built target jsk_rviz_plugins_generate_messages_nodejs
[64.918s] [  0%] Built target jsk_recognition_utils_gencfg
[64.945s] [  0%] Built target jsk_rviz_plugins_generate_messages_lisp
[64.973s] [  0%] Built target rviz_generate_messages_lisp
[65.001s] [  0%] Built target jsk_rviz_plugins_gencfg
[65.029s] [  0%] Built target visualization_msgs_generate_messages_py
[65.058s] [  0%] Built target visualization_msgs_generate_messages_nodejs
[65.087s] [  0%] Built target vector_map_server_generate_messages_cpp
[65.116s] [  0%] Built target visualization_msgs_generate_messages_eus
[65.202s] [  0%] Built target tf2_msgs_generate_messages_nodejs
[65.232s] [  0%] Built target tf2_msgs_generate_messages_cpp
[65.262s] [  0%] Built target map_msgs_generate_messages_cpp
[65.289s] [  0%] Built target tf2_msgs_generate_messages_py
[65.319s] [  0%] Built target actionlib_generate_messages_py
[65.346s] [  0%] Built target actionlib_generate_messages_cpp
[65.373s] [  0%] Built target dynamic_reconfigure_generate_messages_cpp
[65.399s] [  0%] Built target tf_generate_messages_py
[65.428s] [  0%] Built target tf_generate_messages_nodejs
[65.455s] [  0%] Built target tf_generate_messages_lisp
[65.486s] [  0%] Built target geometry_msgs_generate_messages_py
[65.513s] [  0%] Built target sensor_msgs_generate_messages_nodejs
[65.545s] [  0%] Built target vector_map_server_generate_messages_eus
[65.573s] [  0%] Built target roscpp_generate_messages_cpp
[65.601s] [  0%] Built target pcl_msgs_generate_messages_eus
[65.633s] [  0%] Built target rosgraph_msgs_generate_messages_eus
[65.662s] [  0%] Built target jsk_recognition_msgs_generate_messages_lisp
[65.690s] [  0%] Built target jsk_recognition_msgs_generate_messages_eus
[65.726s] [  0%] Built target std_msgs_generate_messages_py
[65.757s] [  0%] Built target nodelet_generate_messages_lisp
[65.780s] [  0%] Built target autoware_msgs_generate_messages_py
[65.813s] [  0%] Built target jsk_hark_msgs_generate_messages_lisp
[65.839s] [  0%] Built target std_msgs_generate_messages_nodejs
[65.866s] [  0%] Built target sensor_msgs_generate_messages_eus
[65.902s] [  0%] Built target sensor_msgs_generate_messages_cpp
[65.938s] [  0%] Built target autoware_msgs_generate_messages_cpp
[65.970s] [  0%] Built target rosgraph_msgs_generate_messages_cpp
[65.997s] [  0%] Built target topic_tools_generate_messages_cpp
[66.035s] [  0%] Built target jsk_recognition_msgs_generate_messages_py
[66.061s] [  0%] Built target nodelet_generate_messages_py
[66.087s] [  0%] Built target sensor_msgs_generate_messages_py
[66.117s] [  0%] Built target std_msgs_generate_messages_cpp
[66.150s] [  0%] Built target jsk_footstep_msgs_generate_messages_py
[66.175s] [  0%] Built target nav_msgs_generate_messages_nodejs
[66.206s] [  0%] Built target geometry_msgs_generate_messages_eus
[66.233s] [  0%] Built target jsk_rviz_plugins_generate_messages_cpp
[66.258s] [  0%] Built target std_msgs_generate_messages_lisp
[66.283s] [  0%] Built target roscpp_generate_messages_nodejs
[66.309s] [  0%] Built target geometry_msgs_generate_messages_nodejs
[66.333s] [  0%] Built target jsk_rviz_plugins_generate_messages_eus
[66.358s] [  0%] Built target actionlib_generate_messages_eus
[66.387s] [  0%] Built target pcl_msgs_generate_messages_py
[66.416s] [  0%] Built target geometry_msgs_generate_messages_lisp
[66.443s] [  0%] Built target actionlib_generate_messages_lisp
[66.470s] [  0%] Built target geometry_msgs_generate_messages_cpp
[66.497s] [  0%] Built target pcl_msgs_generate_messages_cpp
[66.526s] [  0%] Built target autoware_msgs_generate_messages_eus
[66.553s] [  0%] Built target autoware_msgs_generate_messages_lisp
[66.581s] [  0%] Built target topic_tools_generate_messages_eus
[66.610s] [  0%] Built target visualization_msgs_generate_messages_lisp
[66.637s] [  0%] Built target std_msgs_generate_messages_eus
[66.663s] [  0%] Built target autoware_msgs_generate_messages_nodejs
[66.690s] [  0%] Built target jsk_footstep_msgs_generate_messages_eus
[66.719s] [  0%] Built target actionlib_msgs_generate_messages_py
[66.747s] [  0%] Built target visualization_msgs_generate_messages_cpp
[66.774s] [  0%] Built target tf2_msgs_generate_messages_eus
[66.803s] [  0%] Built target nav_msgs_generate_messages_eus
[66.832s] [  0%] Built target vector_map_server_generate_messages_lisp
[66.862s] [  0%] Built target jsk_footstep_msgs_generate_messages_lisp
[66.893s] [  0%] Built target jsk_footstep_msgs_generate_messages_nodejs
[66.922s] [  0%] Built target grid_map_msgs_generate_messages_nodejs
[66.949s] [  0%] Built target std_srvs_generate_messages_cpp
[66.975s] [  0%] Built target actionlib_msgs_generate_messages_lisp
[67.002s] [  0%] Built target grid_map_msgs_generate_messages_lisp
[67.031s] [  0%] Built target jsk_recognition_msgs_generate_messages_nodejs
[67.058s] [  0%] Built target std_srvs_generate_messages_eus
[67.085s] [  0%] Built target roscpp_generate_messages_lisp
[67.114s] [  0%] Built target grid_map_msgs_generate_messages_eus
[67.140s] [  0%] Built target rosgraph_msgs_generate_messages_lisp
[67.167s] [  0%] Built target rosgraph_msgs_generate_messages_nodejs
[67.194s] [  0%] Built target vector_map_server_generate_messages_py
[67.222s] [  0%] Built target roscpp_generate_messages_eus
[67.249s] [  0%] Built target actionlib_msgs_generate_messages_eus
[67.277s] [  0%] Built target rosgraph_msgs_generate_messages_py
[67.305s] [  0%] Built target roscpp_generate_messages_py
[67.334s] [  0%] Built target grid_map_msgs_generate_messages_cpp
[67.362s] [  0%] Built target jsk_hark_msgs_generate_messages_cpp
[67.391s] [  0%] Built target grid_map_msgs_generate_messages_py
[67.422s] [  0%] Built target sensor_msgs_generate_messages_lisp
[67.454s] [  0%] Built target nav_msgs_generate_messages_cpp
[67.483s] [  0%] Built target pcl_msgs_generate_messages_nodejs
[67.515s] [  0%] Built target nav_msgs_generate_messages_lisp
[67.544s] [  0%] Built target dynamic_reconfigure_gencfg
[67.572s] [  0%] Built target tf2_msgs_generate_messages_lisp
[67.601s] [  0%] Built target nav_msgs_generate_messages_py
[67.632s] [  0%] Built target _catkin_empty_exported_target
[67.663s] [  0%] Built target std_srvs_generate_messages_lisp
[67.693s] [  0%] Built target jsk_recognition_msgs_generate_messages_cpp
[67.723s] [  0%] Built target topic_tools_generate_messages_lisp
[67.752s] [  0%] Built target std_srvs_generate_messages_nodejs
[67.778s] [  0%] Built target std_srvs_generate_messages_py
[67.805s] [  0%] Built target topic_tools_generate_messages_nodejs
[67.835s] [  0%] Built target map_msgs_generate_messages_nodejs
[67.864s] [  0%] Built target nodelet_topic_tools_gencfg
[67.897s] [  0%] Built target actionlib_msgs_generate_messages_nodejs
[67.926s] [  0%] Built target topic_tools_generate_messages_py
[67.952s] [  0%] Built target actionlib_generate_messages_nodejs
[67.978s] [  0%] Built target pcl_msgs_generate_messages_lisp
[68.008s] [  0%] Built target tf_generate_messages_cpp
[68.037s] [  0%] Built target jsk_footstep_msgs_generate_messages_cpp
[68.066s] [  0%] Built target actionlib_msgs_generate_messages_cpp
[68.094s] [  0%] Built target people_msgs_generate_messages_lisp
[68.125s] [  0%] Built target people_msgs_generate_messages_py
[68.153s] [  0%] Built target rviz_generate_messages_cpp
[68.180s] [  0%] Built target rviz_generate_messages_py
[68.210s] [  0%] Built target map_msgs_generate_messages_lisp
[68.239s] [  0%] Built target vector_map_server_generate_messages_nodejs
[68.268s] [  0%] Built target vector_map_msgs_generate_messages_cpp
[68.296s] [  0%] Built target vector_map_msgs_generate_messages_eus
[68.327s] [  0%] Built target vector_map_msgs_generate_messages_lisp
[68.354s] [  0%] Built target vector_map_msgs_generate_messages_py
[68.427s] [100%] Built target lidar_euclidean_cluster_detect
[68.461s] [36mInstall the project...[0m
[68.474s] -- Install configuration: "Release"
[68.474s] -- Installing: /home/ros/autoware.ai/install/lidar_euclidean_cluster_detect/lib/pkgconfig/lidar_euclidean_cluster_detect.pc
[68.475s] -- Installing: /home/ros/autoware.ai/install/lidar_euclidean_cluster_detect/share/lidar_euclidean_cluster_detect/cmake/lidar_euclidean_cluster_detectConfig.cmake
[68.475s] -- Installing: /home/ros/autoware.ai/install/lidar_euclidean_cluster_detect/share/lidar_euclidean_cluster_detect/cmake/lidar_euclidean_cluster_detectConfig-version.cmake
[68.475s] -- Installing: /home/ros/autoware.ai/install/lidar_euclidean_cluster_detect/share/lidar_euclidean_cluster_detect/package.xml
[68.476s] -- Installing: /home/ros/autoware.ai/install/lidar_euclidean_cluster_detect/include/lidar_euclidean_cluster_detect
[68.476s] -- Installing: /home/ros/autoware.ai/install/lidar_euclidean_cluster_detect/include/lidar_euclidean_cluster_detect/gpu_euclidean_clustering.h
[68.476s] -- Installing: /home/ros/autoware.ai/install/lidar_euclidean_cluster_detect/include/lidar_euclidean_cluster_detect/cluster.h
[68.477s] -- Installing: /home/ros/autoware.ai/install/lidar_euclidean_cluster_detect/include/lidar_euclidean_cluster_detect/gencolors.cpp
[68.477s] -- Installing: /home/ros/autoware.ai/install/lidar_euclidean_cluster_detect/lib/lidar_euclidean_cluster_detect/lidar_euclidean_cluster_detect
[68.479s] -- Set runtime path of "/home/ros/autoware.ai/install/lidar_euclidean_cluster_detect/lib/lidar_euclidean_cluster_detect/lidar_euclidean_cluster_detect" to ""
[68.479s] -- Installing: /home/ros/autoware.ai/install/lidar_euclidean_cluster_detect/share/lidar_euclidean_cluster_detect/launch
[68.479s] -- Installing: /home/ros/autoware.ai/install/lidar_euclidean_cluster_detect/share/lidar_euclidean_cluster_detect/launch/euclidean_clustering_Exp.launch
[68.480s] -- Installing: /home/ros/autoware.ai/install/lidar_euclidean_cluster_detect/share/lidar_euclidean_cluster_detect/launch/lidar_euclidean_cluster_detect.launch
[68.480s] -- Installing: /home/ros/autoware.ai/install/lidar_euclidean_cluster_detect/share/lidar_euclidean_cluster_detect/launch/lidar_euclidean_cluster_detect_param.launch
[68.480s] -- Installing: /home/ros/autoware.ai/install/lidar_euclidean_cluster_detect/share/lidar_euclidean_cluster_detect/config
[68.481s] -- Installing: /home/ros/autoware.ai/install/lidar_euclidean_cluster_detect/share/lidar_euclidean_cluster_detect/config/params.yaml
[68.488s] Invoked command in '/home/ros/autoware.ai/build/lidar_euclidean_cluster_detect' returned '0': CMAKE_PREFIX_PATH=/home/ros/autoware.ai/install/vector_map_server:/home/ros/autoware.ai/install/vector_map:/home/ros/autoware.ai/install/vector_map_msgs:/home/ros/autoware.ai/install/autoware_msgs:/home/ros/autoware.ai/install/autoware_build_flags:${CMAKE_PREFIX_PATH} LD_LIBRARY_PATH=/home/ros/autoware.ai/install/vector_map/lib:${LD_LIBRARY_PATH} PKG_CONFIG_PATH=/home/ros/autoware.ai/install/vector_map_server/lib/x86_64-linux-gnu/pkgconfig:/home/ros/autoware.ai/install/vector_map_server/lib/pkgconfig:/home/ros/autoware.ai/install/vector_map/lib/x86_64-linux-gnu/pkgconfig:/home/ros/autoware.ai/install/vector_map/lib/pkgconfig:/home/ros/autoware.ai/install/vector_map_msgs/lib/x86_64-linux-gnu/pkgconfig:/home/ros/autoware.ai/install/vector_map_msgs/lib/pkgconfig:/home/ros/autoware.ai/install/autoware_msgs/lib/x86_64-linux-gnu/pkgconfig:/home/ros/autoware.ai/install/autoware_msgs/lib/pkgconfig:/home/ros/autoware.ai/install/autoware_build_flags/lib/x86_64-linux-gnu/pkgconfig:/home/ros/autoware.ai/install/autoware_build_flags/lib/pkgconfig:${PKG_CONFIG_PATH} PYTHONPATH=/home/ros/autoware.ai/install/vector_map_server/lib/python2.7/dist-packages:/home/ros/autoware.ai/install/vector_map_msgs/lib/python2.7/dist-packages:/home/ros/autoware.ai/install/autoware_msgs/lib/python2.7/dist-packages:${PYTHONPATH} ROS_PACKAGE_PATH=/home/ros/autoware.ai/install/vector_map_server/share:/home/ros/autoware.ai/install/vector_map/share:/home/ros/autoware.ai/install/vector_map_msgs/share:/home/ros/autoware.ai/install/autoware_msgs/share:/home/ros/autoware.ai/install/autoware_build_flags/share:${ROS_PACKAGE_PATH} /usr/bin/cmake --build /home/ros/autoware.ai/build/lidar_euclidean_cluster_detect --target install -- -j12 -l12
