[0.064s] Invoking command in '/home/ros/autoware.ai/build/op_global_planner': CMAKE_PREFIX_PATH=/home/ros/autoware.ai/install/op_ros_helpers:/home/ros/autoware.ai/install/op_simu:/home/ros/autoware.ai/install/op_planner:/home/ros/autoware.ai/install/op_utility:/home/ros/autoware.ai/install/map_file:/home/ros/autoware.ai/install/vector_map_server:/home/ros/autoware.ai/install/libwaypoint_follower:/home/ros/autoware.ai/install/lanelet2_extension:/home/ros/autoware.ai/install/vector_map:/home/ros/autoware.ai/install/amathutils_lib:/home/ros/autoware.ai/install/vector_map_msgs:/home/ros/autoware.ai/install/autoware_msgs:/home/ros/autoware.ai/install/autoware_lanelet2_msgs:/home/ros/autoware.ai/install/autoware_can_msgs:/home/ros/autoware.ai/install/autoware_build_flags:${CMAKE_PREFIX_PATH} LD_LIBRARY_PATH=/home/ros/autoware.ai/install/op_ros_helpers/lib:/home/ros/autoware.ai/install/op_simu/lib:/home/ros/autoware.ai/install/op_planner/lib:/home/ros/autoware.ai/install/op_utility/lib:/home/ros/autoware.ai/install/map_file/lib:/home/ros/autoware.ai/install/libwaypoint_follower/lib:/home/ros/autoware.ai/install/lanelet2_extension/lib:/home/ros/autoware.ai/install/vector_map/lib:/home/ros/autoware.ai/install/amathutils_lib/lib:${LD_LIBRARY_PATH} PKG_CONFIG_PATH=/home/ros/autoware.ai/install/op_ros_helpers/lib/x86_64-linux-gnu/pkgconfig:/home/ros/autoware.ai/install/op_ros_helpers/lib/pkgconfig:/home/ros/autoware.ai/install/op_simu/lib/x86_64-linux-gnu/pkgconfig:/home/ros/autoware.ai/install/op_simu/lib/pkgconfig:/home/ros/autoware.ai/install/op_planner/lib/x86_64-linux-gnu/pkgconfig:/home/ros/autoware.ai/install/op_planner/lib/pkgconfig:/home/ros/autoware.ai/install/op_utility/lib/x86_64-linux-gnu/pkgconfig:/home/ros/autoware.ai/install/op_utility/lib/pkgconfig:/home/ros/autoware.ai/install/map_file/lib/x86_64-linux-gnu/pkgconfig:/home/ros/autoware.ai/install/map_file/lib/pkgconfig:/home/ros/autoware.ai/install/vector_map_server/lib/x86_64-linux-gnu/pkgconfig:/home/ros/autoware.ai/install/vector_map_server/lib/pkgconfig:/home/ros/autoware.ai/install/libwaypoint_follower/lib/x86_64-linux-gnu/pkgconfig:/home/ros/autoware.ai/install/libwaypoint_follower/lib/pkgconfig:/home/ros/autoware.ai/install/lanelet2_extension/lib/x86_64-linux-gnu/pkgconfig:/home/ros/autoware.ai/install/lanelet2_extension/lib/pkgconfig:/home/ros/autoware.ai/install/vector_map/lib/x86_64-linux-gnu/pkgconfig:/home/ros/autoware.ai/install/vector_map/lib/pkgconfig:/home/ros/autoware.ai/install/amathutils_lib/lib/x86_64-linux-gnu/pkgconfig:/home/ros/autoware.ai/install/amathutils_lib/lib/pkgconfig:/home/ros/autoware.ai/install/vector_map_msgs/lib/x86_64-linux-gnu/pkgconfig:/home/ros/autoware.ai/install/vector_map_msgs/lib/pkgconfig:/home/ros/autoware.ai/install/autoware_msgs/lib/x86_64-linux-gnu/pkgconfig:/home/ros/autoware.ai/install/autoware_msgs/lib/pkgconfig:/home/ros/autoware.ai/install/autoware_lanelet2_msgs/lib/x86_64-linux-gnu/pkgconfig:/home/ros/autoware.ai/install/autoware_lanelet2_msgs/lib/pkgconfig:/home/ros/autoware.ai/install/autoware_can_msgs/lib/x86_64-linux-gnu/pkgconfig:/home/ros/autoware.ai/install/autoware_can_msgs/lib/pkgconfig:/home/ros/autoware.ai/install/autoware_build_flags/lib/x86_64-linux-gnu/pkgconfig:/home/ros/autoware.ai/install/autoware_build_flags/lib/pkgconfig:${PKG_CONFIG_PATH} PYTHONPATH=/home/ros/autoware.ai/install/vector_map_server/lib/python2.7/dist-packages:/home/ros/autoware.ai/install/vector_map_msgs/lib/python2.7/dist-packages:/home/ros/autoware.ai/install/autoware_msgs/lib/python2.7/dist-packages:/home/ros/autoware.ai/install/autoware_lanelet2_msgs/lib/python2.7/dist-packages:/home/ros/autoware.ai/install/autoware_can_msgs/lib/python2.7/dist-packages:${PYTHONPATH} ROS_PACKAGE_PATH=/home/ros/autoware.ai/install/op_ros_helpers/share:/home/ros/autoware.ai/install/op_simu/share:/home/ros/autoware.ai/install/op_planner/share:/home/ros/autoware.ai/install/op_utility/share:/home/ros/autoware.ai/install/map_file/share:/home/ros/autoware.ai/install/vector_map_server/share:/home/ros/autoware.ai/install/libwaypoint_follower/share:/home/ros/autoware.ai/install/lanelet2_extension/share:/home/ros/autoware.ai/install/vector_map/share:/home/ros/autoware.ai/install/amathutils_lib/share:/home/ros/autoware.ai/install/vector_map_msgs/share:/home/ros/autoware.ai/install/autoware_msgs/share:/home/ros/autoware.ai/install/autoware_lanelet2_msgs/share:/home/ros/autoware.ai/install/autoware_can_msgs/share:/home/ros/autoware.ai/install/autoware_build_flags/share:${ROS_PACKAGE_PATH} /usr/bin/cmake /home/ros/autoware.ai/src/autoware/core_planning/op_global_planner -DCMAKE_BUILD_TYPE=Release -DCATKIN_INSTALL_INTO_PREFIX_ROOT=0 -DCMAKE_INSTALL_PREFIX=/home/ros/autoware.ai/install/op_global_planner
[0.145s] -- The C compiler identification is GNU 7.5.0
[0.222s] -- The CXX compiler identification is GNU 7.5.0
[0.228s] -- Check for working C compiler: /usr/bin/cc
[0.313s] -- Check for working C compiler: /usr/bin/cc -- works
[0.314s] -- Detecting C compiler ABI info
[0.403s] -- Detecting C compiler ABI info - done
[0.414s] -- Detecting C compile features
[0.689s] -- Detecting C compile features - done
[0.694s] -- Check for working CXX compiler: /usr/bin/c++
[0.802s] -- Check for working CXX compiler: /usr/bin/c++ -- works
[0.803s] -- Detecting CXX compiler ABI info
[0.911s] -- Detecting CXX compiler ABI info - done
[0.922s] -- Detecting CXX compile features
[1.387s] -- Detecting CXX compile features - done
[1.391s] -- CUDA compilation status: .
[1.394s] -- Using CATKIN_DEVEL_PREFIX: /home/ros/autoware.ai/build/op_global_planner/devel
[1.394s] -- Using CMAKE_PREFIX_PATH: /home/ros/autoware.ai/install/op_ros_helpers;/home/ros/autoware.ai/install/op_simu;/home/ros/autoware.ai/install/op_planner;/home/ros/autoware.ai/install/op_utility;/home/ros/autoware.ai/install/map_file;/home/ros/autoware.ai/install/vector_map_server;/home/ros/autoware.ai/install/libwaypoint_follower;/home/ros/autoware.ai/install/lanelet2_extension;/home/ros/autoware.ai/install/vector_map;/home/ros/autoware.ai/install/amathutils_lib;/home/ros/autoware.ai/install/vector_map_msgs;/home/ros/autoware.ai/install/autoware_msgs;/home/ros/autoware.ai/install/autoware_lanelet2_msgs;/home/ros/autoware.ai/install/autoware_can_msgs;/home/ros/autoware.ai/install/autoware_build_flags;/opt/ros/melodic
[1.395s] -- This workspace overlays: /home/ros/autoware.ai/install/op_ros_helpers;/home/ros/autoware.ai/install/op_simu;/home/ros/autoware.ai/install/op_planner;/home/ros/autoware.ai/install/op_utility;/home/ros/autoware.ai/install/map_file;/home/ros/autoware.ai/install/vector_map_server;/home/ros/autoware.ai/install/libwaypoint_follower;/home/ros/autoware.ai/install/lanelet2_extension;/home/ros/autoware.ai/install/vector_map;/home/ros/autoware.ai/install/amathutils_lib;/home/ros/autoware.ai/install/vector_map_msgs;/home/ros/autoware.ai/install/autoware_msgs;/home/ros/autoware.ai/install/autoware_lanelet2_msgs;/home/ros/autoware.ai/install/autoware_can_msgs;/home/ros/autoware.ai/install/autoware_build_flags;/opt/ros/melodic
[1.416s] -- Found PythonInterp: /usr/bin/python2 (found suitable version "2.7.17", minimum required is "2") 
[1.417s] -- Using PYTHON_EXECUTABLE: /usr/bin/python2
[1.417s] -- Using Debian Python package layout
[1.418s] -- Using empy: /usr/bin/empy
[1.646s] -- Using CATKIN_ENABLE_TESTING: ON
[1.646s] -- Call enable_testing()
[1.649s] -- Using CATKIN_TEST_RESULTS_DIR: /home/ros/autoware.ai/build/op_global_planner/test_results
[1.679s] -- Found gtest sources under '/usr/src/googletest': gtests will be built
[1.679s] -- Found gmock sources under '/usr/src/googletest': gmock will be built
[1.696s] -- Found PythonInterp: /usr/bin/python2 (found version "2.7.17") 
[1.698s] -- Looking for pthread.h
[1.795s] -- Looking for pthread.h - found
[1.796s] -- Looking for pthread_create
[1.900s] -- Looking for pthread_create - not found
[1.901s] -- Looking for pthread_create in pthreads
[1.987s] -- Looking for pthread_create in pthreads - not found
[1.987s] -- Looking for pthread_create in pthread
[2.077s] -- Looking for pthread_create in pthread - found
[2.079s] -- Found Threads: TRUE  
[2.085s] -- Using Python nosetests: /usr/bin/nosetests-2.7
[2.147s] -- catkin 0.7.29
[2.147s] -- BUILD_SHARED_LIBS is on
[2.379s] -- Using these message generators: gencpp;geneus;genlisp;gennodejs;genpy
[3.977s] -- Configuring done
[4.061s] -- Generating done
[4.081s] -- Build files have been written to: /home/ros/autoware.ai/build/op_global_planner
[4.091s] Invoked command in '/home/ros/autoware.ai/build/op_global_planner' returned '0': CMAKE_PREFIX_PATH=/home/ros/autoware.ai/install/op_ros_helpers:/home/ros/autoware.ai/install/op_simu:/home/ros/autoware.ai/install/op_planner:/home/ros/autoware.ai/install/op_utility:/home/ros/autoware.ai/install/map_file:/home/ros/autoware.ai/install/vector_map_server:/home/ros/autoware.ai/install/libwaypoint_follower:/home/ros/autoware.ai/install/lanelet2_extension:/home/ros/autoware.ai/install/vector_map:/home/ros/autoware.ai/install/amathutils_lib:/home/ros/autoware.ai/install/vector_map_msgs:/home/ros/autoware.ai/install/autoware_msgs:/home/ros/autoware.ai/install/autoware_lanelet2_msgs:/home/ros/autoware.ai/install/autoware_can_msgs:/home/ros/autoware.ai/install/autoware_build_flags:${CMAKE_PREFIX_PATH} LD_LIBRARY_PATH=/home/ros/autoware.ai/install/op_ros_helpers/lib:/home/ros/autoware.ai/install/op_simu/lib:/home/ros/autoware.ai/install/op_planner/lib:/home/ros/autoware.ai/install/op_utility/lib:/home/ros/autoware.ai/install/map_file/lib:/home/ros/autoware.ai/install/libwaypoint_follower/lib:/home/ros/autoware.ai/install/lanelet2_extension/lib:/home/ros/autoware.ai/install/vector_map/lib:/home/ros/autoware.ai/install/amathutils_lib/lib:${LD_LIBRARY_PATH} PKG_CONFIG_PATH=/home/ros/autoware.ai/install/op_ros_helpers/lib/x86_64-linux-gnu/pkgconfig:/home/ros/autoware.ai/install/op_ros_helpers/lib/pkgconfig:/home/ros/autoware.ai/install/op_simu/lib/x86_64-linux-gnu/pkgconfig:/home/ros/autoware.ai/install/op_simu/lib/pkgconfig:/home/ros/autoware.ai/install/op_planner/lib/x86_64-linux-gnu/pkgconfig:/home/ros/autoware.ai/install/op_planner/lib/pkgconfig:/home/ros/autoware.ai/install/op_utility/lib/x86_64-linux-gnu/pkgconfig:/home/ros/autoware.ai/install/op_utility/lib/pkgconfig:/home/ros/autoware.ai/install/map_file/lib/x86_64-linux-gnu/pkgconfig:/home/ros/autoware.ai/install/map_file/lib/pkgconfig:/home/ros/autoware.ai/install/vector_map_server/lib/x86_64-linux-gnu/pkgconfig:/home/ros/autoware.ai/install/vector_map_server/lib/pkgconfig:/home/ros/autoware.ai/install/libwaypoint_follower/lib/x86_64-linux-gnu/pkgconfig:/home/ros/autoware.ai/install/libwaypoint_follower/lib/pkgconfig:/home/ros/autoware.ai/install/lanelet2_extension/lib/x86_64-linux-gnu/pkgconfig:/home/ros/autoware.ai/install/lanelet2_extension/lib/pkgconfig:/home/ros/autoware.ai/install/vector_map/lib/x86_64-linux-gnu/pkgconfig:/home/ros/autoware.ai/install/vector_map/lib/pkgconfig:/home/ros/autoware.ai/install/amathutils_lib/lib/x86_64-linux-gnu/pkgconfig:/home/ros/autoware.ai/install/amathutils_lib/lib/pkgconfig:/home/ros/autoware.ai/install/vector_map_msgs/lib/x86_64-linux-gnu/pkgconfig:/home/ros/autoware.ai/install/vector_map_msgs/lib/pkgconfig:/home/ros/autoware.ai/install/autoware_msgs/lib/x86_64-linux-gnu/pkgconfig:/home/ros/autoware.ai/install/autoware_msgs/lib/pkgconfig:/home/ros/autoware.ai/install/autoware_lanelet2_msgs/lib/x86_64-linux-gnu/pkgconfig:/home/ros/autoware.ai/install/autoware_lanelet2_msgs/lib/pkgconfig:/home/ros/autoware.ai/install/autoware_can_msgs/lib/x86_64-linux-gnu/pkgconfig:/home/ros/autoware.ai/install/autoware_can_msgs/lib/pkgconfig:/home/ros/autoware.ai/install/autoware_build_flags/lib/x86_64-linux-gnu/pkgconfig:/home/ros/autoware.ai/install/autoware_build_flags/lib/pkgconfig:${PKG_CONFIG_PATH} PYTHONPATH=/home/ros/autoware.ai/install/vector_map_server/lib/python2.7/dist-packages:/home/ros/autoware.ai/install/vector_map_msgs/lib/python2.7/dist-packages:/home/ros/autoware.ai/install/autoware_msgs/lib/python2.7/dist-packages:/home/ros/autoware.ai/install/autoware_lanelet2_msgs/lib/python2.7/dist-packages:/home/ros/autoware.ai/install/autoware_can_msgs/lib/python2.7/dist-packages:${PYTHONPATH} ROS_PACKAGE_PATH=/home/ros/autoware.ai/install/op_ros_helpers/share:/home/ros/autoware.ai/install/op_simu/share:/home/ros/autoware.ai/install/op_planner/share:/home/ros/autoware.ai/install/op_utility/share:/home/ros/autoware.ai/install/map_file/share:/home/ros/autoware.ai/install/vector_map_server/share:/home/ros/autoware.ai/install/libwaypoint_follower/share:/home/ros/autoware.ai/install/lanelet2_extension/share:/home/ros/autoware.ai/install/vector_map/share:/home/ros/autoware.ai/install/amathutils_lib/share:/home/ros/autoware.ai/install/vector_map_msgs/share:/home/ros/autoware.ai/install/autoware_msgs/share:/home/ros/autoware.ai/install/autoware_lanelet2_msgs/share:/home/ros/autoware.ai/install/autoware_can_msgs/share:/home/ros/autoware.ai/install/autoware_build_flags/share:${ROS_PACKAGE_PATH} /usr/bin/cmake /home/ros/autoware.ai/src/autoware/core_planning/op_global_planner -DCMAKE_BUILD_TYPE=Release -DCATKIN_INSTALL_INTO_PREFIX_ROOT=0 -DCMAKE_INSTALL_PREFIX=/home/ros/autoware.ai/install/op_global_planner
[4.093s] Invoking command in '/home/ros/autoware.ai/build/op_global_planner': CMAKE_PREFIX_PATH=/home/ros/autoware.ai/install/op_ros_helpers:/home/ros/autoware.ai/install/op_simu:/home/ros/autoware.ai/install/op_planner:/home/ros/autoware.ai/install/op_utility:/home/ros/autoware.ai/install/map_file:/home/ros/autoware.ai/install/vector_map_server:/home/ros/autoware.ai/install/libwaypoint_follower:/home/ros/autoware.ai/install/lanelet2_extension:/home/ros/autoware.ai/install/vector_map:/home/ros/autoware.ai/install/amathutils_lib:/home/ros/autoware.ai/install/vector_map_msgs:/home/ros/autoware.ai/install/autoware_msgs:/home/ros/autoware.ai/install/autoware_lanelet2_msgs:/home/ros/autoware.ai/install/autoware_can_msgs:/home/ros/autoware.ai/install/autoware_build_flags:${CMAKE_PREFIX_PATH} LD_LIBRARY_PATH=/home/ros/autoware.ai/install/op_ros_helpers/lib:/home/ros/autoware.ai/install/op_simu/lib:/home/ros/autoware.ai/install/op_planner/lib:/home/ros/autoware.ai/install/op_utility/lib:/home/ros/autoware.ai/install/map_file/lib:/home/ros/autoware.ai/install/libwaypoint_follower/lib:/home/ros/autoware.ai/install/lanelet2_extension/lib:/home/ros/autoware.ai/install/vector_map/lib:/home/ros/autoware.ai/install/amathutils_lib/lib:${LD_LIBRARY_PATH} PKG_CONFIG_PATH=/home/ros/autoware.ai/install/op_ros_helpers/lib/x86_64-linux-gnu/pkgconfig:/home/ros/autoware.ai/install/op_ros_helpers/lib/pkgconfig:/home/ros/autoware.ai/install/op_simu/lib/x86_64-linux-gnu/pkgconfig:/home/ros/autoware.ai/install/op_simu/lib/pkgconfig:/home/ros/autoware.ai/install/op_planner/lib/x86_64-linux-gnu/pkgconfig:/home/ros/autoware.ai/install/op_planner/lib/pkgconfig:/home/ros/autoware.ai/install/op_utility/lib/x86_64-linux-gnu/pkgconfig:/home/ros/autoware.ai/install/op_utility/lib/pkgconfig:/home/ros/autoware.ai/install/map_file/lib/x86_64-linux-gnu/pkgconfig:/home/ros/autoware.ai/install/map_file/lib/pkgconfig:/home/ros/autoware.ai/install/vector_map_server/lib/x86_64-linux-gnu/pkgconfig:/home/ros/autoware.ai/install/vector_map_server/lib/pkgconfig:/home/ros/autoware.ai/install/libwaypoint_follower/lib/x86_64-linux-gnu/pkgconfig:/home/ros/autoware.ai/install/libwaypoint_follower/lib/pkgconfig:/home/ros/autoware.ai/install/lanelet2_extension/lib/x86_64-linux-gnu/pkgconfig:/home/ros/autoware.ai/install/lanelet2_extension/lib/pkgconfig:/home/ros/autoware.ai/install/vector_map/lib/x86_64-linux-gnu/pkgconfig:/home/ros/autoware.ai/install/vector_map/lib/pkgconfig:/home/ros/autoware.ai/install/amathutils_lib/lib/x86_64-linux-gnu/pkgconfig:/home/ros/autoware.ai/install/amathutils_lib/lib/pkgconfig:/home/ros/autoware.ai/install/vector_map_msgs/lib/x86_64-linux-gnu/pkgconfig:/home/ros/autoware.ai/install/vector_map_msgs/lib/pkgconfig:/home/ros/autoware.ai/install/autoware_msgs/lib/x86_64-linux-gnu/pkgconfig:/home/ros/autoware.ai/install/autoware_msgs/lib/pkgconfig:/home/ros/autoware.ai/install/autoware_lanelet2_msgs/lib/x86_64-linux-gnu/pkgconfig:/home/ros/autoware.ai/install/autoware_lanelet2_msgs/lib/pkgconfig:/home/ros/autoware.ai/install/autoware_can_msgs/lib/x86_64-linux-gnu/pkgconfig:/home/ros/autoware.ai/install/autoware_can_msgs/lib/pkgconfig:/home/ros/autoware.ai/install/autoware_build_flags/lib/x86_64-linux-gnu/pkgconfig:/home/ros/autoware.ai/install/autoware_build_flags/lib/pkgconfig:${PKG_CONFIG_PATH} PYTHONPATH=/home/ros/autoware.ai/install/vector_map_server/lib/python2.7/dist-packages:/home/ros/autoware.ai/install/vector_map_msgs/lib/python2.7/dist-packages:/home/ros/autoware.ai/install/autoware_msgs/lib/python2.7/dist-packages:/home/ros/autoware.ai/install/autoware_lanelet2_msgs/lib/python2.7/dist-packages:/home/ros/autoware.ai/install/autoware_can_msgs/lib/python2.7/dist-packages:${PYTHONPATH} ROS_PACKAGE_PATH=/home/ros/autoware.ai/install/op_ros_helpers/share:/home/ros/autoware.ai/install/op_simu/share:/home/ros/autoware.ai/install/op_planner/share:/home/ros/autoware.ai/install/op_utility/share:/home/ros/autoware.ai/install/map_file/share:/home/ros/autoware.ai/install/vector_map_server/share:/home/ros/autoware.ai/install/libwaypoint_follower/share:/home/ros/autoware.ai/install/lanelet2_extension/share:/home/ros/autoware.ai/install/vector_map/share:/home/ros/autoware.ai/install/amathutils_lib/share:/home/ros/autoware.ai/install/vector_map_msgs/share:/home/ros/autoware.ai/install/autoware_msgs/share:/home/ros/autoware.ai/install/autoware_lanelet2_msgs/share:/home/ros/autoware.ai/install/autoware_can_msgs/share:/home/ros/autoware.ai/install/autoware_build_flags/share:${ROS_PACKAGE_PATH} /usr/bin/cmake --build /home/ros/autoware.ai/build/op_global_planner -- -j12 -l12
[4.161s] [35m[1mScanning dependencies of target vector_map_msgs_generate_messages_eus[0m
[4.176s] [  0%] Built target vector_map_msgs_generate_messages_eus
[4.190s] [35m[1mScanning dependencies of target nodelet_generate_messages_nodejs[0m
[4.207s] [  0%] Built target nodelet_generate_messages_nodejs
[4.222s] [35m[1mScanning dependencies of target nodelet_generate_messages_eus[0m
[4.236s] [  0%] Built target nodelet_generate_messages_eus
[4.250s] [35m[1mScanning dependencies of target nodelet_generate_messages_cpp[0m
[4.265s] [  0%] Built target nodelet_generate_messages_cpp
[4.280s] [35m[1mScanning dependencies of target dynamic_reconfigure_generate_messages_lisp[0m
[4.295s] [  0%] Built target dynamic_reconfigure_generate_messages_lisp
[4.312s] [35m[1mScanning dependencies of target dynamic_reconfigure_generate_messages_eus[0m
[4.327s] [  0%] Built target dynamic_reconfigure_generate_messages_eus
[4.342s] [35m[1mScanning dependencies of target pcl_ros_gencfg[0m
[4.356s] [  0%] Built target pcl_ros_gencfg
[4.371s] [35m[1mScanning dependencies of target visualization_msgs_generate_messages_py[0m
[4.385s] [  0%] Built target visualization_msgs_generate_messages_py
[4.401s] [35m[1mScanning dependencies of target visualization_msgs_generate_messages_nodejs[0m
[4.416s] [  0%] Built target visualization_msgs_generate_messages_nodejs
[4.430s] [35m[1mScanning dependencies of target vector_map_server_generate_messages_nodejs[0m
[4.444s] [  0%] Built target vector_map_server_generate_messages_nodejs
[4.459s] [35m[1mScanning dependencies of target visualization_msgs_generate_messages_eus[0m
[4.475s] [  0%] Built target visualization_msgs_generate_messages_eus
[4.495s] [35m[1mScanning dependencies of target vector_map_server_generate_messages_cpp[0m
[4.520s] [  0%] Built target vector_map_server_generate_messages_cpp
[4.538s] [35m[1mScanning dependencies of target vector_map_msgs_generate_messages_py[0m
[4.555s] [  0%] Built target vector_map_msgs_generate_messages_py
[4.573s] [35m[1mScanning dependencies of target bond_generate_messages_py[0m
[4.588s] [  0%] Built target bond_generate_messages_py
[4.603s] [35m[1mScanning dependencies of target vector_map_msgs_generate_messages_nodejs[0m
[4.619s] [  0%] Built target vector_map_msgs_generate_messages_nodejs
[4.634s] [35m[1mScanning dependencies of target geometry_msgs_generate_messages_py[0m
[4.649s] [  0%] Built target geometry_msgs_generate_messages_py
[4.664s] [35m[1mScanning dependencies of target sensor_msgs_generate_messages_nodejs[0m
[4.680s] [  0%] Built target sensor_msgs_generate_messages_nodejs
[4.695s] [35m[1mScanning dependencies of target vector_map_server_generate_messages_eus[0m
[4.710s] [  0%] Built target vector_map_server_generate_messages_eus
[4.725s] [35m[1mScanning dependencies of target roscpp_generate_messages_cpp[0m
[4.740s] [  0%] Built target roscpp_generate_messages_cpp
[4.756s] [35m[1mScanning dependencies of target actionlib_generate_messages_cpp[0m
[4.771s] [  0%] Built target actionlib_generate_messages_cpp
[4.786s] [35m[1mScanning dependencies of target pcl_msgs_generate_messages_eus[0m
[4.801s] [  0%] Built target pcl_msgs_generate_messages_eus
[4.817s] [35m[1mScanning dependencies of target rosgraph_msgs_generate_messages_eus[0m
[4.830s] [  0%] Built target rosgraph_msgs_generate_messages_eus
[4.847s] [35m[1mScanning dependencies of target jsk_recognition_msgs_generate_messages_lisp[0m
[4.862s] [  0%] Built target jsk_recognition_msgs_generate_messages_lisp
[4.877s] [35m[1mScanning dependencies of target jsk_recognition_msgs_generate_messages_eus[0m
[4.891s] [  0%] Built target jsk_recognition_msgs_generate_messages_eus
[4.905s] [35m[1mScanning dependencies of target tf2_msgs_generate_messages_cpp[0m
[4.919s] [  0%] Built target tf2_msgs_generate_messages_cpp
[4.933s] [35m[1mScanning dependencies of target pcl_msgs_generate_messages_cpp[0m
[4.948s] [  0%] Built target pcl_msgs_generate_messages_cpp
[4.962s] [35m[1mScanning dependencies of target sensor_msgs_generate_messages_lisp[0m
[4.978s] [  0%] Built target sensor_msgs_generate_messages_lisp
[4.992s] [35m[1mScanning dependencies of target std_srvs_generate_messages_cpp[0m
[5.008s] [  0%] Built target std_srvs_generate_messages_cpp
[5.023s] [35m[1mScanning dependencies of target topic_tools_generate_messages_lisp[0m
[5.039s] [  0%] Built target topic_tools_generate_messages_lisp
[5.053s] [35m[1mScanning dependencies of target jsk_recognition_msgs_generate_messages_cpp[0m
[5.068s] [  0%] Built target jsk_recognition_msgs_generate_messages_cpp
[5.083s] [35m[1mScanning dependencies of target geometry_msgs_generate_messages_lisp[0m
[5.099s] [  0%] Built target geometry_msgs_generate_messages_lisp
[5.114s] [35m[1mScanning dependencies of target geometry_msgs_generate_messages_eus[0m
[5.128s] [  0%] Built target geometry_msgs_generate_messages_eus
[5.143s] [35m[1mScanning dependencies of target autoware_can_msgs_generate_messages_cpp[0m
[5.158s] [  0%] Built target autoware_can_msgs_generate_messages_cpp
[5.172s] [35m[1mScanning dependencies of target dynamic_reconfigure_generate_messages_py[0m
[5.187s] [  0%] Built target dynamic_reconfigure_generate_messages_py
[5.206s] [35m[1mScanning dependencies of target autoware_can_msgs_generate_messages_lisp[0m
[5.221s] [  0%] Built target autoware_can_msgs_generate_messages_lisp
[5.236s] [35m[1mScanning dependencies of target autoware_can_msgs_generate_messages_nodejs[0m
[5.251s] [  0%] Built target autoware_can_msgs_generate_messages_nodejs
[5.267s] [35m[1mScanning dependencies of target pcl_msgs_generate_messages_nodejs[0m
[5.285s] [  0%] Built target pcl_msgs_generate_messages_nodejs
[5.300s] [35m[1mScanning dependencies of target jsk_recognition_msgs_generate_messages_py[0m
[5.316s] [  0%] Built target jsk_recognition_msgs_generate_messages_py
[5.331s] [35m[1mScanning dependencies of target nodelet_generate_messages_py[0m
[5.346s] [  0%] Built target nodelet_generate_messages_py
[5.361s] [35m[1mScanning dependencies of target sensor_msgs_generate_messages_py[0m
[5.380s] [  0%] Built target sensor_msgs_generate_messages_py
[5.395s] [35m[1mScanning dependencies of target dynamic_reconfigure_generate_messages_cpp[0m
[5.411s] [  0%] Built target dynamic_reconfigure_generate_messages_cpp
[5.426s] [35m[1mScanning dependencies of target tf_generate_messages_py[0m
[5.440s] [  0%] Built target tf_generate_messages_py
[5.455s] [35m[1mScanning dependencies of target topic_tools_generate_messages_py[0m
[5.471s] [  0%] Built target topic_tools_generate_messages_py
[5.486s] [35m[1mScanning dependencies of target nodelet_topic_tools_gencfg[0m
[5.502s] [  0%] Built target nodelet_topic_tools_gencfg
[5.518s] [35m[1mScanning dependencies of target actionlib_msgs_generate_messages_nodejs[0m
[5.533s] [  0%] Built target actionlib_msgs_generate_messages_nodejs
[5.548s] [35m[1mScanning dependencies of target std_msgs_generate_messages_cpp[0m
[5.564s] [  0%] Built target std_msgs_generate_messages_cpp
[5.579s] [35m[1mScanning dependencies of target jsk_footstep_msgs_generate_messages_py[0m
[5.594s] [  0%] Built target jsk_footstep_msgs_generate_messages_py
[5.612s] [35m[1mScanning dependencies of target visualization_msgs_generate_messages_lisp[0m
[5.627s] [  0%] Built target visualization_msgs_generate_messages_lisp
[5.642s] [35m[1mScanning dependencies of target std_msgs_generate_messages_eus[0m
[5.659s] [  0%] Built target std_msgs_generate_messages_eus
[5.674s] [35m[1mScanning dependencies of target geometry_msgs_generate_messages_nodejs[0m
[5.689s] [  0%] Built target geometry_msgs_generate_messages_nodejs
[5.704s] [35m[1mScanning dependencies of target dynamic_reconfigure_generate_messages_nodejs[0m
[5.724s] [  0%] Built target dynamic_reconfigure_generate_messages_nodejs
[5.740s] [35m[1mScanning dependencies of target autoware_can_msgs_generate_messages_py[0m
[5.759s] [  0%] Built target autoware_can_msgs_generate_messages_py
[5.773s] [35m[1mScanning dependencies of target sensor_msgs_generate_messages_eus[0m
[5.788s] [  0%] Built target sensor_msgs_generate_messages_eus
[5.805s] [35m[1mScanning dependencies of target sensor_msgs_generate_messages_cpp[0m
[5.820s] [  0%] Built target sensor_msgs_generate_messages_cpp
[5.835s] [35m[1mScanning dependencies of target roscpp_generate_messages_nodejs[0m
[5.850s] [  0%] Built target roscpp_generate_messages_nodejs
[5.864s] [35m[1mScanning dependencies of target std_msgs_generate_messages_lisp[0m
[5.879s] [  0%] Built target std_msgs_generate_messages_lisp
[5.893s] [35m[1mScanning dependencies of target std_msgs_generate_messages_nodejs[0m
[5.910s] [  0%] Built target std_msgs_generate_messages_nodejs
[5.924s] [35m[1mScanning dependencies of target std_msgs_generate_messages_py[0m
[5.939s] [  0%] Built target std_msgs_generate_messages_py
[5.954s] [35m[1mScanning dependencies of target nodelet_generate_messages_lisp[0m
[5.968s] [  0%] Built target nodelet_generate_messages_lisp
[5.983s] [35m[1mScanning dependencies of target autoware_msgs_generate_messages_py[0m
[5.998s] [  0%] Built target autoware_msgs_generate_messages_py
[6.016s] [35m[1mScanning dependencies of target jsk_footstep_msgs_generate_messages_eus[0m
[6.031s] [  0%] Built target jsk_footstep_msgs_generate_messages_eus
[6.046s] [35m[1mScanning dependencies of target actionlib_msgs_generate_messages_py[0m
[6.061s] [  0%] Built target actionlib_msgs_generate_messages_py
[6.075s] [35m[1mScanning dependencies of target vector_map_server_generate_messages_lisp[0m
[6.091s] [  0%] Built target vector_map_server_generate_messages_lisp
[6.108s] [35m[1mScanning dependencies of target jsk_footstep_msgs_generate_messages_lisp[0m
[6.123s] [  0%] Built target jsk_footstep_msgs_generate_messages_lisp
[6.138s] [35m[1mScanning dependencies of target jsk_footstep_msgs_generate_messages_nodejs[0m
[6.152s] [  0%] Built target jsk_footstep_msgs_generate_messages_nodejs
[6.167s] [35m[1mScanning dependencies of target vector_map_msgs_generate_messages_lisp[0m
[6.181s] [  0%] Built target vector_map_msgs_generate_messages_lisp
[6.196s] [35m[1mScanning dependencies of target autoware_msgs_generate_messages_lisp[0m
[6.213s] [  0%] Built target autoware_msgs_generate_messages_lisp
[6.228s] [35m[1mScanning dependencies of target actionlib_msgs_generate_messages_lisp[0m
[6.243s] [  0%] Built target actionlib_msgs_generate_messages_lisp
[6.257s] [35m[1mScanning dependencies of target autoware_msgs_generate_messages_cpp[0m
[6.271s] [  0%] Built target autoware_msgs_generate_messages_cpp
[6.286s] [35m[1mScanning dependencies of target rosgraph_msgs_generate_messages_cpp[0m
[6.301s] [  0%] Built target rosgraph_msgs_generate_messages_cpp
[6.317s] [35m[1mScanning dependencies of target autoware_msgs_generate_messages_eus[0m
[6.331s] [  0%] Built target autoware_msgs_generate_messages_eus
[6.346s] [35m[1mScanning dependencies of target autoware_msgs_generate_messages_nodejs[0m
[6.359s] [  0%] Built target autoware_msgs_generate_messages_nodejs
[6.373s] [35m[1mScanning dependencies of target actionlib_generate_messages_nodejs[0m
[6.387s] [  0%] Built target actionlib_generate_messages_nodejs
[6.402s] [35m[1mScanning dependencies of target pcl_msgs_generate_messages_lisp[0m
[6.418s] [  0%] Built target pcl_msgs_generate_messages_lisp
[6.432s] [35m[1mScanning dependencies of target tf_generate_messages_cpp[0m
[6.446s] [  0%] Built target tf_generate_messages_cpp
[6.461s] [35m[1mScanning dependencies of target jsk_footstep_msgs_generate_messages_cpp[0m
[6.475s] [  0%] Built target jsk_footstep_msgs_generate_messages_cpp
[6.489s] [35m[1mScanning dependencies of target actionlib_msgs_generate_messages_cpp[0m
[6.504s] [  0%] Built target actionlib_msgs_generate_messages_cpp
[6.519s] [35m[1mScanning dependencies of target tf_generate_messages_eus[0m
[6.533s] [  0%] Built target tf_generate_messages_eus
[6.547s] [35m[1mScanning dependencies of target tf_generate_messages_lisp[0m
[6.562s] [  0%] Built target tf_generate_messages_lisp
[6.576s] [35m[1mScanning dependencies of target tf_generate_messages_nodejs[0m
[6.591s] [  0%] Built target tf_generate_messages_nodejs
[6.606s] [35m[1mScanning dependencies of target std_srvs_generate_messages_eus[0m
[6.622s] [  0%] Built target std_srvs_generate_messages_eus
[6.636s] [35m[1mScanning dependencies of target jsk_recognition_msgs_generate_messages_nodejs[0m
[6.650s] [  0%] Built target jsk_recognition_msgs_generate_messages_nodejs
[6.664s] [35m[1mScanning dependencies of target roscpp_generate_messages_lisp[0m
[6.680s] [  0%] Built target roscpp_generate_messages_lisp
[6.695s] [35m[1mScanning dependencies of target roscpp_generate_messages_py[0m
[6.711s] [  0%] Built target roscpp_generate_messages_py
[6.725s] [35m[1mScanning dependencies of target rosgraph_msgs_generate_messages_lisp[0m
[6.740s] [  0%] Built target rosgraph_msgs_generate_messages_lisp
[6.754s] [35m[1mScanning dependencies of target rosgraph_msgs_generate_messages_nodejs[0m
[6.770s] [  0%] Built target rosgraph_msgs_generate_messages_nodejs
[6.784s] [35m[1mScanning dependencies of target vector_map_server_generate_messages_py[0m
[6.798s] [  0%] Built target vector_map_server_generate_messages_py
[6.815s] [35m[1mScanning dependencies of target roscpp_generate_messages_eus[0m
[6.830s] [  0%] Built target roscpp_generate_messages_eus
[6.844s] [35m[1mScanning dependencies of target autoware_can_msgs_generate_messages_eus[0m
[6.858s] [  0%] Built target autoware_can_msgs_generate_messages_eus
[6.872s] [35m[1mScanning dependencies of target actionlib_msgs_generate_messages_eus[0m
[6.887s] [  0%] Built target actionlib_msgs_generate_messages_eus
[6.903s] [35m[1mScanning dependencies of target rosgraph_msgs_generate_messages_py[0m
[6.920s] [  0%] Built target rosgraph_msgs_generate_messages_py
[6.935s] [35m[1mScanning dependencies of target pcl_msgs_generate_messages_py[0m
[6.950s] [  0%] Built target pcl_msgs_generate_messages_py
[6.965s] [35m[1mScanning dependencies of target actionlib_generate_messages_eus[0m
[6.982s] [  0%] Built target actionlib_generate_messages_eus
[6.998s] [35m[1mScanning dependencies of target geometry_msgs_generate_messages_cpp[0m
[7.015s] [  0%] Built target geometry_msgs_generate_messages_cpp
[7.031s] [35m[1mScanning dependencies of target actionlib_generate_messages_lisp[0m
[7.046s] [  0%] Built target actionlib_generate_messages_lisp
[7.062s] [35m[1mScanning dependencies of target visualization_msgs_generate_messages_cpp[0m
[7.077s] [  0%] Built target visualization_msgs_generate_messages_cpp
[7.092s] [35m[1mScanning dependencies of target tf2_msgs_generate_messages_eus[0m
[7.108s] [  0%] Built target tf2_msgs_generate_messages_eus
[7.125s] [35m[1mScanning dependencies of target dynamic_reconfigure_gencfg[0m
[7.141s] [  0%] Built target dynamic_reconfigure_gencfg
[7.157s] [35m[1mScanning dependencies of target tf2_msgs_generate_messages_lisp[0m
[7.172s] [  0%] Built target tf2_msgs_generate_messages_lisp
[7.188s] [35m[1mScanning dependencies of target actionlib_generate_messages_py[0m
[7.204s] [  0%] Built target actionlib_generate_messages_py
[7.220s] [35m[1mScanning dependencies of target tf2_msgs_generate_messages_py[0m
[7.235s] [  0%] Built target tf2_msgs_generate_messages_py
[7.251s] [35m[1mScanning dependencies of target tf2_msgs_generate_messages_nodejs[0m
[7.266s] [  0%] Built target tf2_msgs_generate_messages_nodejs
[7.282s] [35m[1mScanning dependencies of target vector_map_msgs_generate_messages_cpp[0m
[7.297s] [  0%] Built target vector_map_msgs_generate_messages_cpp
[7.312s] [35m[1mScanning dependencies of target bond_generate_messages_cpp[0m
[7.327s] [  0%] Built target bond_generate_messages_cpp
[7.342s] [35m[1mScanning dependencies of target bond_generate_messages_eus[0m
[7.358s] [  0%] Built target bond_generate_messages_eus
[7.374s] [35m[1mScanning dependencies of target bond_generate_messages_lisp[0m
[7.390s] [  0%] Built target bond_generate_messages_lisp
[7.406s] [35m[1mScanning dependencies of target bond_generate_messages_nodejs[0m
[7.421s] [  0%] Built target bond_generate_messages_nodejs
[7.437s] [35m[1mScanning dependencies of target std_srvs_generate_messages_lisp[0m
[7.453s] [  0%] Built target std_srvs_generate_messages_lisp
[7.468s] [35m[1mScanning dependencies of target std_srvs_generate_messages_nodejs[0m
[7.483s] [  0%] Built target std_srvs_generate_messages_nodejs
[7.499s] [35m[1mScanning dependencies of target std_srvs_generate_messages_py[0m
[7.514s] [  0%] Built target std_srvs_generate_messages_py
[7.532s] [35m[1mScanning dependencies of target topic_tools_generate_messages_cpp[0m
[7.547s] [  0%] Built target topic_tools_generate_messages_cpp
[7.562s] [35m[1mScanning dependencies of target topic_tools_generate_messages_eus[0m
[7.577s] [  0%] Built target topic_tools_generate_messages_eus
[7.592s] [35m[1mScanning dependencies of target topic_tools_generate_messages_nodejs[0m
[7.608s] [  0%] Built target topic_tools_generate_messages_nodejs
[7.624s] [35m[1mScanning dependencies of target op_global_planner[0m
[7.742s] [ 33%] [32mBuilding CXX object CMakeFiles/op_global_planner.dir/nodes/op_global_planner.cpp.o[0m
[13.715s] [ 66%] [32mBuilding CXX object CMakeFiles/op_global_planner.dir/nodes/op_global_planner_core.cpp.o[0m
[33.970s] [100%] [32m[1mLinking CXX executable devel/lib/op_global_planner/op_global_planner[0m
[34.551s] [100%] Built target op_global_planner
[34.568s] Invoked command in '/home/ros/autoware.ai/build/op_global_planner' returned '0': CMAKE_PREFIX_PATH=/home/ros/autoware.ai/install/op_ros_helpers:/home/ros/autoware.ai/install/op_simu:/home/ros/autoware.ai/install/op_planner:/home/ros/autoware.ai/install/op_utility:/home/ros/autoware.ai/install/map_file:/home/ros/autoware.ai/install/vector_map_server:/home/ros/autoware.ai/install/libwaypoint_follower:/home/ros/autoware.ai/install/lanelet2_extension:/home/ros/autoware.ai/install/vector_map:/home/ros/autoware.ai/install/amathutils_lib:/home/ros/autoware.ai/install/vector_map_msgs:/home/ros/autoware.ai/install/autoware_msgs:/home/ros/autoware.ai/install/autoware_lanelet2_msgs:/home/ros/autoware.ai/install/autoware_can_msgs:/home/ros/autoware.ai/install/autoware_build_flags:${CMAKE_PREFIX_PATH} LD_LIBRARY_PATH=/home/ros/autoware.ai/install/op_ros_helpers/lib:/home/ros/autoware.ai/install/op_simu/lib:/home/ros/autoware.ai/install/op_planner/lib:/home/ros/autoware.ai/install/op_utility/lib:/home/ros/autoware.ai/install/map_file/lib:/home/ros/autoware.ai/install/libwaypoint_follower/lib:/home/ros/autoware.ai/install/lanelet2_extension/lib:/home/ros/autoware.ai/install/vector_map/lib:/home/ros/autoware.ai/install/amathutils_lib/lib:${LD_LIBRARY_PATH} PKG_CONFIG_PATH=/home/ros/autoware.ai/install/op_ros_helpers/lib/x86_64-linux-gnu/pkgconfig:/home/ros/autoware.ai/install/op_ros_helpers/lib/pkgconfig:/home/ros/autoware.ai/install/op_simu/lib/x86_64-linux-gnu/pkgconfig:/home/ros/autoware.ai/install/op_simu/lib/pkgconfig:/home/ros/autoware.ai/install/op_planner/lib/x86_64-linux-gnu/pkgconfig:/home/ros/autoware.ai/install/op_planner/lib/pkgconfig:/home/ros/autoware.ai/install/op_utility/lib/x86_64-linux-gnu/pkgconfig:/home/ros/autoware.ai/install/op_utility/lib/pkgconfig:/home/ros/autoware.ai/install/map_file/lib/x86_64-linux-gnu/pkgconfig:/home/ros/autoware.ai/install/map_file/lib/pkgconfig:/home/ros/autoware.ai/install/vector_map_server/lib/x86_64-linux-gnu/pkgconfig:/home/ros/autoware.ai/install/vector_map_server/lib/pkgconfig:/home/ros/autoware.ai/install/libwaypoint_follower/lib/x86_64-linux-gnu/pkgconfig:/home/ros/autoware.ai/install/libwaypoint_follower/lib/pkgconfig:/home/ros/autoware.ai/install/lanelet2_extension/lib/x86_64-linux-gnu/pkgconfig:/home/ros/autoware.ai/install/lanelet2_extension/lib/pkgconfig:/home/ros/autoware.ai/install/vector_map/lib/x86_64-linux-gnu/pkgconfig:/home/ros/autoware.ai/install/vector_map/lib/pkgconfig:/home/ros/autoware.ai/install/amathutils_lib/lib/x86_64-linux-gnu/pkgconfig:/home/ros/autoware.ai/install/amathutils_lib/lib/pkgconfig:/home/ros/autoware.ai/install/vector_map_msgs/lib/x86_64-linux-gnu/pkgconfig:/home/ros/autoware.ai/install/vector_map_msgs/lib/pkgconfig:/home/ros/autoware.ai/install/autoware_msgs/lib/x86_64-linux-gnu/pkgconfig:/home/ros/autoware.ai/install/autoware_msgs/lib/pkgconfig:/home/ros/autoware.ai/install/autoware_lanelet2_msgs/lib/x86_64-linux-gnu/pkgconfig:/home/ros/autoware.ai/install/autoware_lanelet2_msgs/lib/pkgconfig:/home/ros/autoware.ai/install/autoware_can_msgs/lib/x86_64-linux-gnu/pkgconfig:/home/ros/autoware.ai/install/autoware_can_msgs/lib/pkgconfig:/home/ros/autoware.ai/install/autoware_build_flags/lib/x86_64-linux-gnu/pkgconfig:/home/ros/autoware.ai/install/autoware_build_flags/lib/pkgconfig:${PKG_CONFIG_PATH} PYTHONPATH=/home/ros/autoware.ai/install/vector_map_server/lib/python2.7/dist-packages:/home/ros/autoware.ai/install/vector_map_msgs/lib/python2.7/dist-packages:/home/ros/autoware.ai/install/autoware_msgs/lib/python2.7/dist-packages:/home/ros/autoware.ai/install/autoware_lanelet2_msgs/lib/python2.7/dist-packages:/home/ros/autoware.ai/install/autoware_can_msgs/lib/python2.7/dist-packages:${PYTHONPATH} ROS_PACKAGE_PATH=/home/ros/autoware.ai/install/op_ros_helpers/share:/home/ros/autoware.ai/install/op_simu/share:/home/ros/autoware.ai/install/op_planner/share:/home/ros/autoware.ai/install/op_utility/share:/home/ros/autoware.ai/install/map_file/share:/home/ros/autoware.ai/install/vector_map_server/share:/home/ros/autoware.ai/install/libwaypoint_follower/share:/home/ros/autoware.ai/install/lanelet2_extension/share:/home/ros/autoware.ai/install/vector_map/share:/home/ros/autoware.ai/install/amathutils_lib/share:/home/ros/autoware.ai/install/vector_map_msgs/share:/home/ros/autoware.ai/install/autoware_msgs/share:/home/ros/autoware.ai/install/autoware_lanelet2_msgs/share:/home/ros/autoware.ai/install/autoware_can_msgs/share:/home/ros/autoware.ai/install/autoware_build_flags/share:${ROS_PACKAGE_PATH} /usr/bin/cmake --build /home/ros/autoware.ai/build/op_global_planner -- -j12 -l12
[34.664s] Invoking command in '/home/ros/autoware.ai/build/op_global_planner': CMAKE_PREFIX_PATH=/home/ros/autoware.ai/install/op_ros_helpers:/home/ros/autoware.ai/install/op_simu:/home/ros/autoware.ai/install/op_planner:/home/ros/autoware.ai/install/op_utility:/home/ros/autoware.ai/install/map_file:/home/ros/autoware.ai/install/vector_map_server:/home/ros/autoware.ai/install/libwaypoint_follower:/home/ros/autoware.ai/install/lanelet2_extension:/home/ros/autoware.ai/install/vector_map:/home/ros/autoware.ai/install/amathutils_lib:/home/ros/autoware.ai/install/vector_map_msgs:/home/ros/autoware.ai/install/autoware_msgs:/home/ros/autoware.ai/install/autoware_lanelet2_msgs:/home/ros/autoware.ai/install/autoware_can_msgs:/home/ros/autoware.ai/install/autoware_build_flags:${CMAKE_PREFIX_PATH} LD_LIBRARY_PATH=/home/ros/autoware.ai/install/op_ros_helpers/lib:/home/ros/autoware.ai/install/op_simu/lib:/home/ros/autoware.ai/install/op_planner/lib:/home/ros/autoware.ai/install/op_utility/lib:/home/ros/autoware.ai/install/map_file/lib:/home/ros/autoware.ai/install/libwaypoint_follower/lib:/home/ros/autoware.ai/install/lanelet2_extension/lib:/home/ros/autoware.ai/install/vector_map/lib:/home/ros/autoware.ai/install/amathutils_lib/lib:${LD_LIBRARY_PATH} PKG_CONFIG_PATH=/home/ros/autoware.ai/install/op_ros_helpers/lib/x86_64-linux-gnu/pkgconfig:/home/ros/autoware.ai/install/op_ros_helpers/lib/pkgconfig:/home/ros/autoware.ai/install/op_simu/lib/x86_64-linux-gnu/pkgconfig:/home/ros/autoware.ai/install/op_simu/lib/pkgconfig:/home/ros/autoware.ai/install/op_planner/lib/x86_64-linux-gnu/pkgconfig:/home/ros/autoware.ai/install/op_planner/lib/pkgconfig:/home/ros/autoware.ai/install/op_utility/lib/x86_64-linux-gnu/pkgconfig:/home/ros/autoware.ai/install/op_utility/lib/pkgconfig:/home/ros/autoware.ai/install/map_file/lib/x86_64-linux-gnu/pkgconfig:/home/ros/autoware.ai/install/map_file/lib/pkgconfig:/home/ros/autoware.ai/install/vector_map_server/lib/x86_64-linux-gnu/pkgconfig:/home/ros/autoware.ai/install/vector_map_server/lib/pkgconfig:/home/ros/autoware.ai/install/libwaypoint_follower/lib/x86_64-linux-gnu/pkgconfig:/home/ros/autoware.ai/install/libwaypoint_follower/lib/pkgconfig:/home/ros/autoware.ai/install/lanelet2_extension/lib/x86_64-linux-gnu/pkgconfig:/home/ros/autoware.ai/install/lanelet2_extension/lib/pkgconfig:/home/ros/autoware.ai/install/vector_map/lib/x86_64-linux-gnu/pkgconfig:/home/ros/autoware.ai/install/vector_map/lib/pkgconfig:/home/ros/autoware.ai/install/amathutils_lib/lib/x86_64-linux-gnu/pkgconfig:/home/ros/autoware.ai/install/amathutils_lib/lib/pkgconfig:/home/ros/autoware.ai/install/vector_map_msgs/lib/x86_64-linux-gnu/pkgconfig:/home/ros/autoware.ai/install/vector_map_msgs/lib/pkgconfig:/home/ros/autoware.ai/install/autoware_msgs/lib/x86_64-linux-gnu/pkgconfig:/home/ros/autoware.ai/install/autoware_msgs/lib/pkgconfig:/home/ros/autoware.ai/install/autoware_lanelet2_msgs/lib/x86_64-linux-gnu/pkgconfig:/home/ros/autoware.ai/install/autoware_lanelet2_msgs/lib/pkgconfig:/home/ros/autoware.ai/install/autoware_can_msgs/lib/x86_64-linux-gnu/pkgconfig:/home/ros/autoware.ai/install/autoware_can_msgs/lib/pkgconfig:/home/ros/autoware.ai/install/autoware_build_flags/lib/x86_64-linux-gnu/pkgconfig:/home/ros/autoware.ai/install/autoware_build_flags/lib/pkgconfig:${PKG_CONFIG_PATH} PYTHONPATH=/home/ros/autoware.ai/install/vector_map_server/lib/python2.7/dist-packages:/home/ros/autoware.ai/install/vector_map_msgs/lib/python2.7/dist-packages:/home/ros/autoware.ai/install/autoware_msgs/lib/python2.7/dist-packages:/home/ros/autoware.ai/install/autoware_lanelet2_msgs/lib/python2.7/dist-packages:/home/ros/autoware.ai/install/autoware_can_msgs/lib/python2.7/dist-packages:${PYTHONPATH} ROS_PACKAGE_PATH=/home/ros/autoware.ai/install/op_ros_helpers/share:/home/ros/autoware.ai/install/op_simu/share:/home/ros/autoware.ai/install/op_planner/share:/home/ros/autoware.ai/install/op_utility/share:/home/ros/autoware.ai/install/map_file/share:/home/ros/autoware.ai/install/vector_map_server/share:/home/ros/autoware.ai/install/libwaypoint_follower/share:/home/ros/autoware.ai/install/lanelet2_extension/share:/home/ros/autoware.ai/install/vector_map/share:/home/ros/autoware.ai/install/amathutils_lib/share:/home/ros/autoware.ai/install/vector_map_msgs/share:/home/ros/autoware.ai/install/autoware_msgs/share:/home/ros/autoware.ai/install/autoware_lanelet2_msgs/share:/home/ros/autoware.ai/install/autoware_can_msgs/share:/home/ros/autoware.ai/install/autoware_build_flags/share:${ROS_PACKAGE_PATH} /usr/bin/cmake --build /home/ros/autoware.ai/build/op_global_planner --target tests -- -j12 -l12
[34.748s] [35m[1mScanning dependencies of target tests[0m
[34.762s] Built target tests
[34.777s] Invoked command in '/home/ros/autoware.ai/build/op_global_planner' returned '0': CMAKE_PREFIX_PATH=/home/ros/autoware.ai/install/op_ros_helpers:/home/ros/autoware.ai/install/op_simu:/home/ros/autoware.ai/install/op_planner:/home/ros/autoware.ai/install/op_utility:/home/ros/autoware.ai/install/map_file:/home/ros/autoware.ai/install/vector_map_server:/home/ros/autoware.ai/install/libwaypoint_follower:/home/ros/autoware.ai/install/lanelet2_extension:/home/ros/autoware.ai/install/vector_map:/home/ros/autoware.ai/install/amathutils_lib:/home/ros/autoware.ai/install/vector_map_msgs:/home/ros/autoware.ai/install/autoware_msgs:/home/ros/autoware.ai/install/autoware_lanelet2_msgs:/home/ros/autoware.ai/install/autoware_can_msgs:/home/ros/autoware.ai/install/autoware_build_flags:${CMAKE_PREFIX_PATH} LD_LIBRARY_PATH=/home/ros/autoware.ai/install/op_ros_helpers/lib:/home/ros/autoware.ai/install/op_simu/lib:/home/ros/autoware.ai/install/op_planner/lib:/home/ros/autoware.ai/install/op_utility/lib:/home/ros/autoware.ai/install/map_file/lib:/home/ros/autoware.ai/install/libwaypoint_follower/lib:/home/ros/autoware.ai/install/lanelet2_extension/lib:/home/ros/autoware.ai/install/vector_map/lib:/home/ros/autoware.ai/install/amathutils_lib/lib:${LD_LIBRARY_PATH} PKG_CONFIG_PATH=/home/ros/autoware.ai/install/op_ros_helpers/lib/x86_64-linux-gnu/pkgconfig:/home/ros/autoware.ai/install/op_ros_helpers/lib/pkgconfig:/home/ros/autoware.ai/install/op_simu/lib/x86_64-linux-gnu/pkgconfig:/home/ros/autoware.ai/install/op_simu/lib/pkgconfig:/home/ros/autoware.ai/install/op_planner/lib/x86_64-linux-gnu/pkgconfig:/home/ros/autoware.ai/install/op_planner/lib/pkgconfig:/home/ros/autoware.ai/install/op_utility/lib/x86_64-linux-gnu/pkgconfig:/home/ros/autoware.ai/install/op_utility/lib/pkgconfig:/home/ros/autoware.ai/install/map_file/lib/x86_64-linux-gnu/pkgconfig:/home/ros/autoware.ai/install/map_file/lib/pkgconfig:/home/ros/autoware.ai/install/vector_map_server/lib/x86_64-linux-gnu/pkgconfig:/home/ros/autoware.ai/install/vector_map_server/lib/pkgconfig:/home/ros/autoware.ai/install/libwaypoint_follower/lib/x86_64-linux-gnu/pkgconfig:/home/ros/autoware.ai/install/libwaypoint_follower/lib/pkgconfig:/home/ros/autoware.ai/install/lanelet2_extension/lib/x86_64-linux-gnu/pkgconfig:/home/ros/autoware.ai/install/lanelet2_extension/lib/pkgconfig:/home/ros/autoware.ai/install/vector_map/lib/x86_64-linux-gnu/pkgconfig:/home/ros/autoware.ai/install/vector_map/lib/pkgconfig:/home/ros/autoware.ai/install/amathutils_lib/lib/x86_64-linux-gnu/pkgconfig:/home/ros/autoware.ai/install/amathutils_lib/lib/pkgconfig:/home/ros/autoware.ai/install/vector_map_msgs/lib/x86_64-linux-gnu/pkgconfig:/home/ros/autoware.ai/install/vector_map_msgs/lib/pkgconfig:/home/ros/autoware.ai/install/autoware_msgs/lib/x86_64-linux-gnu/pkgconfig:/home/ros/autoware.ai/install/autoware_msgs/lib/pkgconfig:/home/ros/autoware.ai/install/autoware_lanelet2_msgs/lib/x86_64-linux-gnu/pkgconfig:/home/ros/autoware.ai/install/autoware_lanelet2_msgs/lib/pkgconfig:/home/ros/autoware.ai/install/autoware_can_msgs/lib/x86_64-linux-gnu/pkgconfig:/home/ros/autoware.ai/install/autoware_can_msgs/lib/pkgconfig:/home/ros/autoware.ai/install/autoware_build_flags/lib/x86_64-linux-gnu/pkgconfig:/home/ros/autoware.ai/install/autoware_build_flags/lib/pkgconfig:${PKG_CONFIG_PATH} PYTHONPATH=/home/ros/autoware.ai/install/vector_map_server/lib/python2.7/dist-packages:/home/ros/autoware.ai/install/vector_map_msgs/lib/python2.7/dist-packages:/home/ros/autoware.ai/install/autoware_msgs/lib/python2.7/dist-packages:/home/ros/autoware.ai/install/autoware_lanelet2_msgs/lib/python2.7/dist-packages:/home/ros/autoware.ai/install/autoware_can_msgs/lib/python2.7/dist-packages:${PYTHONPATH} ROS_PACKAGE_PATH=/home/ros/autoware.ai/install/op_ros_helpers/share:/home/ros/autoware.ai/install/op_simu/share:/home/ros/autoware.ai/install/op_planner/share:/home/ros/autoware.ai/install/op_utility/share:/home/ros/autoware.ai/install/map_file/share:/home/ros/autoware.ai/install/vector_map_server/share:/home/ros/autoware.ai/install/libwaypoint_follower/share:/home/ros/autoware.ai/install/lanelet2_extension/share:/home/ros/autoware.ai/install/vector_map/share:/home/ros/autoware.ai/install/amathutils_lib/share:/home/ros/autoware.ai/install/vector_map_msgs/share:/home/ros/autoware.ai/install/autoware_msgs/share:/home/ros/autoware.ai/install/autoware_lanelet2_msgs/share:/home/ros/autoware.ai/install/autoware_can_msgs/share:/home/ros/autoware.ai/install/autoware_build_flags/share:${ROS_PACKAGE_PATH} /usr/bin/cmake --build /home/ros/autoware.ai/build/op_global_planner --target tests -- -j12 -l12
[34.869s] Invoking command in '/home/ros/autoware.ai/build/op_global_planner': CMAKE_PREFIX_PATH=/home/ros/autoware.ai/install/op_ros_helpers:/home/ros/autoware.ai/install/op_simu:/home/ros/autoware.ai/install/op_planner:/home/ros/autoware.ai/install/op_utility:/home/ros/autoware.ai/install/map_file:/home/ros/autoware.ai/install/vector_map_server:/home/ros/autoware.ai/install/libwaypoint_follower:/home/ros/autoware.ai/install/lanelet2_extension:/home/ros/autoware.ai/install/vector_map:/home/ros/autoware.ai/install/amathutils_lib:/home/ros/autoware.ai/install/vector_map_msgs:/home/ros/autoware.ai/install/autoware_msgs:/home/ros/autoware.ai/install/autoware_lanelet2_msgs:/home/ros/autoware.ai/install/autoware_can_msgs:/home/ros/autoware.ai/install/autoware_build_flags:${CMAKE_PREFIX_PATH} LD_LIBRARY_PATH=/home/ros/autoware.ai/install/op_ros_helpers/lib:/home/ros/autoware.ai/install/op_simu/lib:/home/ros/autoware.ai/install/op_planner/lib:/home/ros/autoware.ai/install/op_utility/lib:/home/ros/autoware.ai/install/map_file/lib:/home/ros/autoware.ai/install/libwaypoint_follower/lib:/home/ros/autoware.ai/install/lanelet2_extension/lib:/home/ros/autoware.ai/install/vector_map/lib:/home/ros/autoware.ai/install/amathutils_lib/lib:${LD_LIBRARY_PATH} PKG_CONFIG_PATH=/home/ros/autoware.ai/install/op_ros_helpers/lib/x86_64-linux-gnu/pkgconfig:/home/ros/autoware.ai/install/op_ros_helpers/lib/pkgconfig:/home/ros/autoware.ai/install/op_simu/lib/x86_64-linux-gnu/pkgconfig:/home/ros/autoware.ai/install/op_simu/lib/pkgconfig:/home/ros/autoware.ai/install/op_planner/lib/x86_64-linux-gnu/pkgconfig:/home/ros/autoware.ai/install/op_planner/lib/pkgconfig:/home/ros/autoware.ai/install/op_utility/lib/x86_64-linux-gnu/pkgconfig:/home/ros/autoware.ai/install/op_utility/lib/pkgconfig:/home/ros/autoware.ai/install/map_file/lib/x86_64-linux-gnu/pkgconfig:/home/ros/autoware.ai/install/map_file/lib/pkgconfig:/home/ros/autoware.ai/install/vector_map_server/lib/x86_64-linux-gnu/pkgconfig:/home/ros/autoware.ai/install/vector_map_server/lib/pkgconfig:/home/ros/autoware.ai/install/libwaypoint_follower/lib/x86_64-linux-gnu/pkgconfig:/home/ros/autoware.ai/install/libwaypoint_follower/lib/pkgconfig:/home/ros/autoware.ai/install/lanelet2_extension/lib/x86_64-linux-gnu/pkgconfig:/home/ros/autoware.ai/install/lanelet2_extension/lib/pkgconfig:/home/ros/autoware.ai/install/vector_map/lib/x86_64-linux-gnu/pkgconfig:/home/ros/autoware.ai/install/vector_map/lib/pkgconfig:/home/ros/autoware.ai/install/amathutils_lib/lib/x86_64-linux-gnu/pkgconfig:/home/ros/autoware.ai/install/amathutils_lib/lib/pkgconfig:/home/ros/autoware.ai/install/vector_map_msgs/lib/x86_64-linux-gnu/pkgconfig:/home/ros/autoware.ai/install/vector_map_msgs/lib/pkgconfig:/home/ros/autoware.ai/install/autoware_msgs/lib/x86_64-linux-gnu/pkgconfig:/home/ros/autoware.ai/install/autoware_msgs/lib/pkgconfig:/home/ros/autoware.ai/install/autoware_lanelet2_msgs/lib/x86_64-linux-gnu/pkgconfig:/home/ros/autoware.ai/install/autoware_lanelet2_msgs/lib/pkgconfig:/home/ros/autoware.ai/install/autoware_can_msgs/lib/x86_64-linux-gnu/pkgconfig:/home/ros/autoware.ai/install/autoware_can_msgs/lib/pkgconfig:/home/ros/autoware.ai/install/autoware_build_flags/lib/x86_64-linux-gnu/pkgconfig:/home/ros/autoware.ai/install/autoware_build_flags/lib/pkgconfig:${PKG_CONFIG_PATH} PYTHONPATH=/home/ros/autoware.ai/install/vector_map_server/lib/python2.7/dist-packages:/home/ros/autoware.ai/install/vector_map_msgs/lib/python2.7/dist-packages:/home/ros/autoware.ai/install/autoware_msgs/lib/python2.7/dist-packages:/home/ros/autoware.ai/install/autoware_lanelet2_msgs/lib/python2.7/dist-packages:/home/ros/autoware.ai/install/autoware_can_msgs/lib/python2.7/dist-packages:${PYTHONPATH} ROS_PACKAGE_PATH=/home/ros/autoware.ai/install/op_ros_helpers/share:/home/ros/autoware.ai/install/op_simu/share:/home/ros/autoware.ai/install/op_planner/share:/home/ros/autoware.ai/install/op_utility/share:/home/ros/autoware.ai/install/map_file/share:/home/ros/autoware.ai/install/vector_map_server/share:/home/ros/autoware.ai/install/libwaypoint_follower/share:/home/ros/autoware.ai/install/lanelet2_extension/share:/home/ros/autoware.ai/install/vector_map/share:/home/ros/autoware.ai/install/amathutils_lib/share:/home/ros/autoware.ai/install/vector_map_msgs/share:/home/ros/autoware.ai/install/autoware_msgs/share:/home/ros/autoware.ai/install/autoware_lanelet2_msgs/share:/home/ros/autoware.ai/install/autoware_can_msgs/share:/home/ros/autoware.ai/install/autoware_build_flags/share:${ROS_PACKAGE_PATH} /usr/bin/cmake --build /home/ros/autoware.ai/build/op_global_planner --target install -- -j12 -l12
[34.945s] [  0%] Built target vector_map_msgs_generate_messages_eus
[34.969s] [  0%] Built target nodelet_generate_messages_nodejs
[34.992s] [  0%] Built target nodelet_generate_messages_eus
[35.021s] [  0%] Built target nodelet_generate_messages_cpp
[35.048s] [  0%] Built target dynamic_reconfigure_generate_messages_lisp
[35.076s] [  0%] Built target dynamic_reconfigure_generate_messages_eus
[35.105s] [  0%] Built target pcl_ros_gencfg
[35.132s] [  0%] Built target visualization_msgs_generate_messages_py
[35.161s] [  0%] Built target visualization_msgs_generate_messages_nodejs
[35.189s] [  0%] Built target vector_map_server_generate_messages_nodejs
[35.220s] [  0%] Built target visualization_msgs_generate_messages_eus
[35.248s] [  0%] Built target vector_map_server_generate_messages_cpp
[35.277s] [  0%] Built target vector_map_msgs_generate_messages_py
[35.304s] [  0%] Built target bond_generate_messages_py
[35.332s] [  0%] Built target vector_map_msgs_generate_messages_nodejs
[35.360s] [  0%] Built target geometry_msgs_generate_messages_py
[35.388s] [  0%] Built target sensor_msgs_generate_messages_nodejs
[35.416s] [  0%] Built target vector_map_server_generate_messages_eus
[35.445s] [  0%] Built target roscpp_generate_messages_cpp
[35.473s] [  0%] Built target actionlib_generate_messages_cpp
[35.501s] [  0%] Built target pcl_msgs_generate_messages_eus
[35.530s] [  0%] Built target rosgraph_msgs_generate_messages_eus
[35.558s] [  0%] Built target jsk_recognition_msgs_generate_messages_lisp
[35.585s] [  0%] Built target jsk_recognition_msgs_generate_messages_eus
[35.613s] [  0%] Built target tf2_msgs_generate_messages_cpp
[35.642s] [  0%] Built target pcl_msgs_generate_messages_cpp
[35.670s] [  0%] Built target sensor_msgs_generate_messages_lisp
[35.697s] [  0%] Built target std_srvs_generate_messages_cpp
[35.726s] [  0%] Built target topic_tools_generate_messages_lisp
[35.756s] [  0%] Built target jsk_recognition_msgs_generate_messages_cpp
[35.785s] [  0%] Built target geometry_msgs_generate_messages_lisp
[35.813s] [  0%] Built target geometry_msgs_generate_messages_eus
[35.842s] [  0%] Built target autoware_can_msgs_generate_messages_cpp
[35.871s] [  0%] Built target dynamic_reconfigure_generate_messages_py
[35.899s] [  0%] Built target autoware_can_msgs_generate_messages_lisp
[35.928s] [  0%] Built target autoware_can_msgs_generate_messages_nodejs
[35.956s] [  0%] Built target pcl_msgs_generate_messages_nodejs
[35.985s] [  0%] Built target jsk_recognition_msgs_generate_messages_py
[36.012s] [  0%] Built target nodelet_generate_messages_py
[36.041s] [  0%] Built target sensor_msgs_generate_messages_py
[36.071s] [  0%] Built target dynamic_reconfigure_generate_messages_cpp
[36.099s] [  0%] Built target tf_generate_messages_py
[36.128s] [  0%] Built target topic_tools_generate_messages_py
[36.157s] [  0%] Built target nodelet_topic_tools_gencfg
[36.186s] [  0%] Built target actionlib_msgs_generate_messages_nodejs
[36.215s] [  0%] Built target std_msgs_generate_messages_cpp
[36.243s] [  0%] Built target jsk_footstep_msgs_generate_messages_py
[36.273s] [  0%] Built target visualization_msgs_generate_messages_lisp
[36.300s] [  0%] Built target std_msgs_generate_messages_eus
[36.330s] [  0%] Built target geometry_msgs_generate_messages_nodejs
[36.359s] [  0%] Built target dynamic_reconfigure_generate_messages_nodejs
[36.387s] [  0%] Built target autoware_can_msgs_generate_messages_py
[36.416s] [  0%] Built target sensor_msgs_generate_messages_eus
[36.443s] [  0%] Built target sensor_msgs_generate_messages_cpp
[36.473s] [  0%] Built target roscpp_generate_messages_nodejs
[36.502s] [  0%] Built target std_msgs_generate_messages_lisp
[36.530s] [  0%] Built target std_msgs_generate_messages_nodejs
[36.558s] [  0%] Built target std_msgs_generate_messages_py
[36.587s] [  0%] Built target nodelet_generate_messages_lisp
[36.615s] [  0%] Built target autoware_msgs_generate_messages_py
[36.642s] [  0%] Built target jsk_footstep_msgs_generate_messages_eus
[36.669s] [  0%] Built target actionlib_msgs_generate_messages_py
[36.697s] [  0%] Built target vector_map_server_generate_messages_lisp
[36.725s] [  0%] Built target jsk_footstep_msgs_generate_messages_lisp
[36.752s] [  0%] Built target jsk_footstep_msgs_generate_messages_nodejs
[36.781s] [  0%] Built target vector_map_msgs_generate_messages_lisp
[36.809s] [  0%] Built target autoware_msgs_generate_messages_lisp
[36.837s] [  0%] Built target actionlib_msgs_generate_messages_lisp
[36.866s] [  0%] Built target autoware_msgs_generate_messages_cpp
[36.893s] [  0%] Built target rosgraph_msgs_generate_messages_cpp
[36.923s] [  0%] Built target autoware_msgs_generate_messages_eus
[36.951s] [  0%] Built target autoware_msgs_generate_messages_nodejs
[36.981s] [  0%] Built target actionlib_generate_messages_nodejs
[37.008s] [  0%] Built target pcl_msgs_generate_messages_lisp
[37.052s] [  0%] Built target tf_generate_messages_cpp
[37.081s] [  0%] Built target jsk_footstep_msgs_generate_messages_cpp
[37.110s] [  0%] Built target actionlib_msgs_generate_messages_cpp
[37.139s] [  0%] Built target tf_generate_messages_eus
[37.168s] [  0%] Built target tf_generate_messages_lisp
[37.197s] [  0%] Built target tf_generate_messages_nodejs
[37.226s] [  0%] Built target std_srvs_generate_messages_eus
[37.256s] [  0%] Built target jsk_recognition_msgs_generate_messages_nodejs
[37.285s] [  0%] Built target roscpp_generate_messages_lisp
[37.313s] [  0%] Built target roscpp_generate_messages_py
[37.342s] [  0%] Built target rosgraph_msgs_generate_messages_lisp
[37.371s] [  0%] Built target rosgraph_msgs_generate_messages_nodejs
[37.400s] [  0%] Built target vector_map_server_generate_messages_py
[37.429s] [  0%] Built target roscpp_generate_messages_eus
[37.458s] [  0%] Built target autoware_can_msgs_generate_messages_eus
[37.487s] [  0%] Built target actionlib_msgs_generate_messages_eus
[37.516s] [  0%] Built target rosgraph_msgs_generate_messages_py
[37.542s] [  0%] Built target pcl_msgs_generate_messages_py
[37.569s] [  0%] Built target actionlib_generate_messages_eus
[37.597s] [  0%] Built target geometry_msgs_generate_messages_cpp
[37.628s] [  0%] Built target actionlib_generate_messages_lisp
[37.657s] [  0%] Built target visualization_msgs_generate_messages_cpp
[37.686s] [  0%] Built target tf2_msgs_generate_messages_eus
[37.716s] [  0%] Built target dynamic_reconfigure_gencfg
[37.745s] [  0%] Built target tf2_msgs_generate_messages_lisp
[37.774s] [  0%] Built target actionlib_generate_messages_py
[37.803s] [  0%] Built target tf2_msgs_generate_messages_py
[37.832s] [  0%] Built target tf2_msgs_generate_messages_nodejs
[37.860s] [  0%] Built target vector_map_msgs_generate_messages_cpp
[37.887s] [  0%] Built target bond_generate_messages_cpp
[37.913s] [  0%] Built target bond_generate_messages_eus
[37.939s] [  0%] Built target bond_generate_messages_lisp
[37.967s] [  0%] Built target bond_generate_messages_nodejs
[37.998s] [  0%] Built target std_srvs_generate_messages_lisp
[38.027s] [  0%] Built target std_srvs_generate_messages_nodejs
[38.056s] [  0%] Built target std_srvs_generate_messages_py
[38.085s] [  0%] Built target topic_tools_generate_messages_cpp
[38.115s] [  0%] Built target topic_tools_generate_messages_eus
[38.144s] [  0%] Built target topic_tools_generate_messages_nodejs
[38.197s] [100%] Built target op_global_planner
[38.229s] [36mInstall the project...[0m
[38.242s] -- Install configuration: "Release"
[38.242s] -- Installing: /home/ros/autoware.ai/install/op_global_planner/lib/pkgconfig/op_global_planner.pc
[38.242s] -- Installing: /home/ros/autoware.ai/install/op_global_planner/share/op_global_planner/cmake/op_global_plannerConfig.cmake
[38.242s] -- Installing: /home/ros/autoware.ai/install/op_global_planner/share/op_global_planner/cmake/op_global_plannerConfig-version.cmake
[38.243s] -- Installing: /home/ros/autoware.ai/install/op_global_planner/share/op_global_planner/package.xml
[38.243s] -- Installing: /home/ros/autoware.ai/install/op_global_planner/lib/op_global_planner/op_global_planner
[38.244s] -- Set runtime path of "/home/ros/autoware.ai/install/op_global_planner/lib/op_global_planner/op_global_planner" to ""
[38.244s] -- Installing: /home/ros/autoware.ai/install/op_global_planner/share/op_global_planner/launch
[38.244s] -- Installing: /home/ros/autoware.ai/install/op_global_planner/share/op_global_planner/launch/op_global_planner.launch
[38.248s] Invoked command in '/home/ros/autoware.ai/build/op_global_planner' returned '0': CMAKE_PREFIX_PATH=/home/ros/autoware.ai/install/op_ros_helpers:/home/ros/autoware.ai/install/op_simu:/home/ros/autoware.ai/install/op_planner:/home/ros/autoware.ai/install/op_utility:/home/ros/autoware.ai/install/map_file:/home/ros/autoware.ai/install/vector_map_server:/home/ros/autoware.ai/install/libwaypoint_follower:/home/ros/autoware.ai/install/lanelet2_extension:/home/ros/autoware.ai/install/vector_map:/home/ros/autoware.ai/install/amathutils_lib:/home/ros/autoware.ai/install/vector_map_msgs:/home/ros/autoware.ai/install/autoware_msgs:/home/ros/autoware.ai/install/autoware_lanelet2_msgs:/home/ros/autoware.ai/install/autoware_can_msgs:/home/ros/autoware.ai/install/autoware_build_flags:${CMAKE_PREFIX_PATH} LD_LIBRARY_PATH=/home/ros/autoware.ai/install/op_ros_helpers/lib:/home/ros/autoware.ai/install/op_simu/lib:/home/ros/autoware.ai/install/op_planner/lib:/home/ros/autoware.ai/install/op_utility/lib:/home/ros/autoware.ai/install/map_file/lib:/home/ros/autoware.ai/install/libwaypoint_follower/lib:/home/ros/autoware.ai/install/lanelet2_extension/lib:/home/ros/autoware.ai/install/vector_map/lib:/home/ros/autoware.ai/install/amathutils_lib/lib:${LD_LIBRARY_PATH} PKG_CONFIG_PATH=/home/ros/autoware.ai/install/op_ros_helpers/lib/x86_64-linux-gnu/pkgconfig:/home/ros/autoware.ai/install/op_ros_helpers/lib/pkgconfig:/home/ros/autoware.ai/install/op_simu/lib/x86_64-linux-gnu/pkgconfig:/home/ros/autoware.ai/install/op_simu/lib/pkgconfig:/home/ros/autoware.ai/install/op_planner/lib/x86_64-linux-gnu/pkgconfig:/home/ros/autoware.ai/install/op_planner/lib/pkgconfig:/home/ros/autoware.ai/install/op_utility/lib/x86_64-linux-gnu/pkgconfig:/home/ros/autoware.ai/install/op_utility/lib/pkgconfig:/home/ros/autoware.ai/install/map_file/lib/x86_64-linux-gnu/pkgconfig:/home/ros/autoware.ai/install/map_file/lib/pkgconfig:/home/ros/autoware.ai/install/vector_map_server/lib/x86_64-linux-gnu/pkgconfig:/home/ros/autoware.ai/install/vector_map_server/lib/pkgconfig:/home/ros/autoware.ai/install/libwaypoint_follower/lib/x86_64-linux-gnu/pkgconfig:/home/ros/autoware.ai/install/libwaypoint_follower/lib/pkgconfig:/home/ros/autoware.ai/install/lanelet2_extension/lib/x86_64-linux-gnu/pkgconfig:/home/ros/autoware.ai/install/lanelet2_extension/lib/pkgconfig:/home/ros/autoware.ai/install/vector_map/lib/x86_64-linux-gnu/pkgconfig:/home/ros/autoware.ai/install/vector_map/lib/pkgconfig:/home/ros/autoware.ai/install/amathutils_lib/lib/x86_64-linux-gnu/pkgconfig:/home/ros/autoware.ai/install/amathutils_lib/lib/pkgconfig:/home/ros/autoware.ai/install/vector_map_msgs/lib/x86_64-linux-gnu/pkgconfig:/home/ros/autoware.ai/install/vector_map_msgs/lib/pkgconfig:/home/ros/autoware.ai/install/autoware_msgs/lib/x86_64-linux-gnu/pkgconfig:/home/ros/autoware.ai/install/autoware_msgs/lib/pkgconfig:/home/ros/autoware.ai/install/autoware_lanelet2_msgs/lib/x86_64-linux-gnu/pkgconfig:/home/ros/autoware.ai/install/autoware_lanelet2_msgs/lib/pkgconfig:/home/ros/autoware.ai/install/autoware_can_msgs/lib/x86_64-linux-gnu/pkgconfig:/home/ros/autoware.ai/install/autoware_can_msgs/lib/pkgconfig:/home/ros/autoware.ai/install/autoware_build_flags/lib/x86_64-linux-gnu/pkgconfig:/home/ros/autoware.ai/install/autoware_build_flags/lib/pkgconfig:${PKG_CONFIG_PATH} PYTHONPATH=/home/ros/autoware.ai/install/vector_map_server/lib/python2.7/dist-packages:/home/ros/autoware.ai/install/vector_map_msgs/lib/python2.7/dist-packages:/home/ros/autoware.ai/install/autoware_msgs/lib/python2.7/dist-packages:/home/ros/autoware.ai/install/autoware_lanelet2_msgs/lib/python2.7/dist-packages:/home/ros/autoware.ai/install/autoware_can_msgs/lib/python2.7/dist-packages:${PYTHONPATH} ROS_PACKAGE_PATH=/home/ros/autoware.ai/install/op_ros_helpers/share:/home/ros/autoware.ai/install/op_simu/share:/home/ros/autoware.ai/install/op_planner/share:/home/ros/autoware.ai/install/op_utility/share:/home/ros/autoware.ai/install/map_file/share:/home/ros/autoware.ai/install/vector_map_server/share:/home/ros/autoware.ai/install/libwaypoint_follower/share:/home/ros/autoware.ai/install/lanelet2_extension/share:/home/ros/autoware.ai/install/vector_map/share:/home/ros/autoware.ai/install/amathutils_lib/share:/home/ros/autoware.ai/install/vector_map_msgs/share:/home/ros/autoware.ai/install/autoware_msgs/share:/home/ros/autoware.ai/install/autoware_lanelet2_msgs/share:/home/ros/autoware.ai/install/autoware_can_msgs/share:/home/ros/autoware.ai/install/autoware_build_flags/share:${ROS_PACKAGE_PATH} /usr/bin/cmake --build /home/ros/autoware.ai/build/op_global_planner --target install -- -j12 -l12
