[0.097s] Invoking command in '/home/ros/autoware.ai/build/obj_db': CMAKE_PREFIX_PATH=/home/ros/autoware.ai/install/gnss:/home/ros/autoware.ai/install/autoware_can_msgs:/home/ros/autoware.ai/install/autoware_build_flags:${CMAKE_PREFIX_PATH} LD_LIBRARY_PATH=/home/ros/autoware.ai/install/gnss/lib:${LD_LIBRARY_PATH} PKG_CONFIG_PATH=/home/ros/autoware.ai/install/gnss/lib/x86_64-linux-gnu/pkgconfig:/home/ros/autoware.ai/install/gnss/lib/pkgconfig:/home/ros/autoware.ai/install/autoware_can_msgs/lib/x86_64-linux-gnu/pkgconfig:/home/ros/autoware.ai/install/autoware_can_msgs/lib/pkgconfig:/home/ros/autoware.ai/install/autoware_build_flags/lib/x86_64-linux-gnu/pkgconfig:/home/ros/autoware.ai/install/autoware_build_flags/lib/pkgconfig:${PKG_CONFIG_PATH} PYTHONPATH=/home/ros/autoware.ai/install/autoware_can_msgs/lib/python2.7/dist-packages:${PYTHONPATH} ROS_PACKAGE_PATH=/home/ros/autoware.ai/install/gnss/share:/home/ros/autoware.ai/install/autoware_can_msgs/share:/home/ros/autoware.ai/install/autoware_build_flags/share:${ROS_PACKAGE_PATH} /usr/bin/cmake /home/ros/autoware.ai/src/autoware/core_perception/obj_db -DCMAKE_BUILD_TYPE=Release -DCATKIN_INSTALL_INTO_PREFIX_ROOT=0 -DCMAKE_INSTALL_PREFIX=/home/ros/autoware.ai/install/obj_db
[0.203s] -- The C compiler identification is GNU 7.5.0
[0.288s] -- The CXX compiler identification is GNU 7.5.0
[0.294s] -- Check for working C compiler: /usr/bin/cc
[0.413s] -- Check for working C compiler: /usr/bin/cc -- works
[0.414s] -- Detecting C compiler ABI info
[0.531s] -- Detecting C compiler ABI info - done
[0.547s] -- Detecting C compile features
[0.950s] -- Detecting C compile features - done
[0.954s] -- Check for working CXX compiler: /usr/bin/c++
[1.074s] -- Check for working CXX compiler: /usr/bin/c++ -- works
[1.075s] -- Detecting CXX compiler ABI info
[1.189s] -- Detecting CXX compiler ABI info - done
[1.202s] -- Detecting CXX compile features
[1.881s] -- Detecting CXX compile features - done
[1.883s] -- CUDA compilation status: .
[1.885s] -- Using CATKIN_DEVEL_PREFIX: /home/ros/autoware.ai/build/obj_db/devel
[1.885s] -- Using CMAKE_PREFIX_PATH: /home/ros/autoware.ai/install/gnss;/home/ros/autoware.ai/install/autoware_can_msgs;/home/ros/autoware.ai/install/autoware_build_flags;/opt/ros/melodic
[1.885s] -- This workspace overlays: /home/ros/autoware.ai/install/gnss;/home/ros/autoware.ai/install/autoware_can_msgs;/home/ros/autoware.ai/install/autoware_build_flags;/opt/ros/melodic
[1.903s] -- Found PythonInterp: /usr/bin/python2 (found suitable version "2.7.17", minimum required is "2") 
[1.903s] -- Using PYTHON_EXECUTABLE: /usr/bin/python2
[1.903s] -- Using Debian Python package layout
[1.903s] -- Using empy: /usr/bin/empy
[2.162s] -- Using CATKIN_ENABLE_TESTING: ON
[2.162s] -- Call enable_testing()
[2.179s] -- Using CATKIN_TEST_RESULTS_DIR: /home/ros/autoware.ai/build/obj_db/test_results
[2.212s] -- Found gtest sources under '/usr/src/googletest': gtests will be built
[2.214s] -- Found gmock sources under '/usr/src/googletest': gmock will be built
[2.249s] -- Found PythonInterp: /usr/bin/python2 (found version "2.7.17") 
[2.250s] -- Looking for pthread.h
[2.425s] -- Looking for pthread.h - found
[2.426s] -- Looking for pthread_create
[2.542s] -- Looking for pthread_create - not found
[2.542s] -- Looking for pthread_create in pthreads
[2.663s] -- Looking for pthread_create in pthreads - not found
[2.666s] -- Looking for pthread_create in pthread
[2.791s] -- Looking for pthread_create in pthread - found
[2.793s] -- Found Threads: TRUE  
[2.798s] -- Using Python nosetests: /usr/bin/nosetests-2.7
[2.867s] -- catkin 0.7.29
[2.868s] -- BUILD_SHARED_LIBS is on
[3.488s] -- Configuring done
[3.524s] -- Generating done
[3.531s] -- Build files have been written to: /home/ros/autoware.ai/build/obj_db
[3.538s] Invoked command in '/home/ros/autoware.ai/build/obj_db' returned '0': CMAKE_PREFIX_PATH=/home/ros/autoware.ai/install/gnss:/home/ros/autoware.ai/install/autoware_can_msgs:/home/ros/autoware.ai/install/autoware_build_flags:${CMAKE_PREFIX_PATH} LD_LIBRARY_PATH=/home/ros/autoware.ai/install/gnss/lib:${LD_LIBRARY_PATH} PKG_CONFIG_PATH=/home/ros/autoware.ai/install/gnss/lib/x86_64-linux-gnu/pkgconfig:/home/ros/autoware.ai/install/gnss/lib/pkgconfig:/home/ros/autoware.ai/install/autoware_can_msgs/lib/x86_64-linux-gnu/pkgconfig:/home/ros/autoware.ai/install/autoware_can_msgs/lib/pkgconfig:/home/ros/autoware.ai/install/autoware_build_flags/lib/x86_64-linux-gnu/pkgconfig:/home/ros/autoware.ai/install/autoware_build_flags/lib/pkgconfig:${PKG_CONFIG_PATH} PYTHONPATH=/home/ros/autoware.ai/install/autoware_can_msgs/lib/python2.7/dist-packages:${PYTHONPATH} ROS_PACKAGE_PATH=/home/ros/autoware.ai/install/gnss/share:/home/ros/autoware.ai/install/autoware_can_msgs/share:/home/ros/autoware.ai/install/autoware_build_flags/share:${ROS_PACKAGE_PATH} /usr/bin/cmake /home/ros/autoware.ai/src/autoware/core_perception/obj_db -DCMAKE_BUILD_TYPE=Release -DCATKIN_INSTALL_INTO_PREFIX_ROOT=0 -DCMAKE_INSTALL_PREFIX=/home/ros/autoware.ai/install/obj_db
[3.546s] Invoking command in '/home/ros/autoware.ai/build/obj_db': CMAKE_PREFIX_PATH=/home/ros/autoware.ai/install/gnss:/home/ros/autoware.ai/install/autoware_can_msgs:/home/ros/autoware.ai/install/autoware_build_flags:${CMAKE_PREFIX_PATH} LD_LIBRARY_PATH=/home/ros/autoware.ai/install/gnss/lib:${LD_LIBRARY_PATH} PKG_CONFIG_PATH=/home/ros/autoware.ai/install/gnss/lib/x86_64-linux-gnu/pkgconfig:/home/ros/autoware.ai/install/gnss/lib/pkgconfig:/home/ros/autoware.ai/install/autoware_can_msgs/lib/x86_64-linux-gnu/pkgconfig:/home/ros/autoware.ai/install/autoware_can_msgs/lib/pkgconfig:/home/ros/autoware.ai/install/autoware_build_flags/lib/x86_64-linux-gnu/pkgconfig:/home/ros/autoware.ai/install/autoware_build_flags/lib/pkgconfig:${PKG_CONFIG_PATH} PYTHONPATH=/home/ros/autoware.ai/install/autoware_can_msgs/lib/python2.7/dist-packages:${PYTHONPATH} ROS_PACKAGE_PATH=/home/ros/autoware.ai/install/gnss/share:/home/ros/autoware.ai/install/autoware_can_msgs/share:/home/ros/autoware.ai/install/autoware_build_flags/share:${ROS_PACKAGE_PATH} /usr/bin/cmake --build /home/ros/autoware.ai/build/obj_db -- -j12 -l12
[3.631s] [35m[1mScanning dependencies of target obj_db[0m
[3.655s] [ 11%] [32mBuilding CXX object CMakeFiles/obj_db.dir/lib/obj_db/SendData.cpp.o[0m
[4.023s] [ 22%] [32mBuilding CXX object CMakeFiles/obj_db.dir/lib/obj_db/util.cpp.o[0m
[4.261s] [ 33%] [32m[1mLinking CXX shared library devel/lib/libobj_db.so[0m
[4.363s] [ 33%] Built target obj_db
[4.376s] [35m[1mScanning dependencies of target roscpp_generate_messages_lisp[0m
[4.391s] [ 33%] Built target roscpp_generate_messages_lisp
[4.415s] [35m[1mScanning dependencies of target geometry_msgs_generate_messages_nodejs[0m
[4.430s] [ 33%] Built target geometry_msgs_generate_messages_nodejs
[4.453s] [35m[1mScanning dependencies of target autoware_can_msgs_generate_messages_nodejs[0m
[4.478s] [ 33%] Built target autoware_can_msgs_generate_messages_nodejs
[4.503s] [35m[1mScanning dependencies of target autoware_can_msgs_generate_messages_lisp[0m
[4.518s] [ 33%] Built target autoware_can_msgs_generate_messages_lisp
[4.537s] [35m[1mScanning dependencies of target autoware_can_msgs_generate_messages_cpp[0m
[4.563s] [ 33%] Built target autoware_can_msgs_generate_messages_cpp
[4.577s] [35m[1mScanning dependencies of target rosgraph_msgs_generate_messages_cpp[0m
[4.606s] [ 33%] Built target rosgraph_msgs_generate_messages_cpp
[4.627s] [35m[1mScanning dependencies of target roscpp_generate_messages_py[0m
[4.647s] [ 33%] Built target roscpp_generate_messages_py
[4.662s] [35m[1mScanning dependencies of target roscpp_generate_messages_nodejs[0m
[4.694s] [ 33%] Built target roscpp_generate_messages_nodejs
[4.710s] [35m[1mScanning dependencies of target roscpp_generate_messages_eus[0m
[4.724s] [ 33%] Built target roscpp_generate_messages_eus
[4.744s] [35m[1mScanning dependencies of target geometry_msgs_generate_messages_eus[0m
[4.767s] [ 33%] Built target geometry_msgs_generate_messages_eus
[4.796s] [35m[1mScanning dependencies of target rosgraph_msgs_generate_messages_eus[0m
[4.821s] [ 33%] Built target rosgraph_msgs_generate_messages_eus
[4.846s] [35m[1mScanning dependencies of target rosgraph_msgs_generate_messages_lisp[0m
[4.862s] [ 33%] Built target rosgraph_msgs_generate_messages_lisp
[4.874s] [35m[1mScanning dependencies of target visualization_msgs_generate_messages_cpp[0m
[4.899s] [ 33%] Built target visualization_msgs_generate_messages_cpp
[4.929s] [35m[1mScanning dependencies of target visualization_msgs_generate_messages_eus[0m
[4.944s] [ 33%] Built target visualization_msgs_generate_messages_eus
[4.960s] [35m[1mScanning dependencies of target std_msgs_generate_messages_cpp[0m
[4.975s] [ 33%] Built target std_msgs_generate_messages_cpp
[5.002s] [35m[1mScanning dependencies of target visualization_msgs_generate_messages_lisp[0m
[5.019s] [ 33%] Built target visualization_msgs_generate_messages_lisp
[5.047s] [35m[1mScanning dependencies of target visualization_msgs_generate_messages_nodejs[0m
[5.066s] [ 33%] Built target visualization_msgs_generate_messages_nodejs
[5.087s] [35m[1mScanning dependencies of target geometry_msgs_generate_messages_cpp[0m
[5.105s] [ 33%] Built target geometry_msgs_generate_messages_cpp
[5.131s] [35m[1mScanning dependencies of target geometry_msgs_generate_messages_lisp[0m
[5.163s] [ 33%] Built target geometry_msgs_generate_messages_lisp
[5.192s] [35m[1mScanning dependencies of target std_msgs_generate_messages_py[0m
[5.220s] [ 33%] Built target std_msgs_generate_messages_py
[5.238s] [35m[1mScanning dependencies of target obj_uploader[0m
[5.269s] [ 44%] [32mBuilding CXX object CMakeFiles/obj_uploader.dir/nodes/obj_uploader/obj_uploader.cpp.o[0m
[8.457s] [ 55%] [32m[1mLinking CXX executable devel/lib/obj_db/obj_uploader[0m
[8.747s] [ 55%] Built target obj_uploader
[8.783s] [35m[1mScanning dependencies of target obj_downloader[0m
[8.861s] [ 66%] [32mBuilding CXX object CMakeFiles/obj_downloader.dir/nodes/obj_downloader/obj_downloader.cpp.o[0m
[11.447s] [ 77%] [32m[1mLinking CXX executable devel/lib/obj_db/obj_downloader[0m
[11.682s] [ 77%] Built target obj_downloader
[11.710s] [35m[1mScanning dependencies of target autoware_can_msgs_generate_messages_eus[0m
[11.761s] [ 77%] Built target autoware_can_msgs_generate_messages_eus
[11.787s] [35m[1mScanning dependencies of target rosgraph_msgs_generate_messages_py[0m
[11.818s] [ 77%] Built target rosgraph_msgs_generate_messages_py
[11.848s] [35m[1mScanning dependencies of target rosgraph_msgs_generate_messages_nodejs[0m
[11.892s] [ 77%] Built target rosgraph_msgs_generate_messages_nodejs
[11.930s] [35m[1mScanning dependencies of target std_msgs_generate_messages_eus[0m
[11.963s] [ 77%] Built target std_msgs_generate_messages_eus
[11.993s] [35m[1mScanning dependencies of target geometry_msgs_generate_messages_py[0m
[12.007s] [ 77%] Built target geometry_msgs_generate_messages_py
[12.048s] [35m[1mScanning dependencies of target visualization_msgs_generate_messages_py[0m
[12.081s] [ 77%] Built target visualization_msgs_generate_messages_py
[12.120s] [35m[1mScanning dependencies of target autoware_can_msgs_generate_messages_py[0m
[12.139s] [ 77%] Built target autoware_can_msgs_generate_messages_py
[12.204s] [35m[1mScanning dependencies of target roscpp_generate_messages_cpp[0m
[12.241s] [ 77%] Built target roscpp_generate_messages_cpp
[12.280s] [35m[1mScanning dependencies of target std_msgs_generate_messages_lisp[0m
[12.308s] [ 77%] Built target std_msgs_generate_messages_lisp
[12.353s] [35m[1mScanning dependencies of target std_msgs_generate_messages_nodejs[0m
[12.392s] [ 77%] Built target std_msgs_generate_messages_nodejs
[12.407s] [35m[1mScanning dependencies of target can_uploader[0m
[12.448s] [ 88%] [32mBuilding CXX object CMakeFiles/can_uploader.dir/nodes/can_uploader/can_uploader.cpp.o[0m
[15.613s] [100%] [32m[1mLinking CXX executable devel/lib/obj_db/can_uploader[0m
[15.863s] [100%] Built target can_uploader
[15.897s] Invoked command in '/home/ros/autoware.ai/build/obj_db' returned '0': CMAKE_PREFIX_PATH=/home/ros/autoware.ai/install/gnss:/home/ros/autoware.ai/install/autoware_can_msgs:/home/ros/autoware.ai/install/autoware_build_flags:${CMAKE_PREFIX_PATH} LD_LIBRARY_PATH=/home/ros/autoware.ai/install/gnss/lib:${LD_LIBRARY_PATH} PKG_CONFIG_PATH=/home/ros/autoware.ai/install/gnss/lib/x86_64-linux-gnu/pkgconfig:/home/ros/autoware.ai/install/gnss/lib/pkgconfig:/home/ros/autoware.ai/install/autoware_can_msgs/lib/x86_64-linux-gnu/pkgconfig:/home/ros/autoware.ai/install/autoware_can_msgs/lib/pkgconfig:/home/ros/autoware.ai/install/autoware_build_flags/lib/x86_64-linux-gnu/pkgconfig:/home/ros/autoware.ai/install/autoware_build_flags/lib/pkgconfig:${PKG_CONFIG_PATH} PYTHONPATH=/home/ros/autoware.ai/install/autoware_can_msgs/lib/python2.7/dist-packages:${PYTHONPATH} ROS_PACKAGE_PATH=/home/ros/autoware.ai/install/gnss/share:/home/ros/autoware.ai/install/autoware_can_msgs/share:/home/ros/autoware.ai/install/autoware_build_flags/share:${ROS_PACKAGE_PATH} /usr/bin/cmake --build /home/ros/autoware.ai/build/obj_db -- -j12 -l12
[16.422s] Invoking command in '/home/ros/autoware.ai/build/obj_db': CMAKE_PREFIX_PATH=/home/ros/autoware.ai/install/gnss:/home/ros/autoware.ai/install/autoware_can_msgs:/home/ros/autoware.ai/install/autoware_build_flags:${CMAKE_PREFIX_PATH} LD_LIBRARY_PATH=/home/ros/autoware.ai/install/gnss/lib:${LD_LIBRARY_PATH} PKG_CONFIG_PATH=/home/ros/autoware.ai/install/gnss/lib/x86_64-linux-gnu/pkgconfig:/home/ros/autoware.ai/install/gnss/lib/pkgconfig:/home/ros/autoware.ai/install/autoware_can_msgs/lib/x86_64-linux-gnu/pkgconfig:/home/ros/autoware.ai/install/autoware_can_msgs/lib/pkgconfig:/home/ros/autoware.ai/install/autoware_build_flags/lib/x86_64-linux-gnu/pkgconfig:/home/ros/autoware.ai/install/autoware_build_flags/lib/pkgconfig:${PKG_CONFIG_PATH} PYTHONPATH=/home/ros/autoware.ai/install/autoware_can_msgs/lib/python2.7/dist-packages:${PYTHONPATH} ROS_PACKAGE_PATH=/home/ros/autoware.ai/install/gnss/share:/home/ros/autoware.ai/install/autoware_can_msgs/share:/home/ros/autoware.ai/install/autoware_build_flags/share:${ROS_PACKAGE_PATH} /usr/bin/cmake --build /home/ros/autoware.ai/build/obj_db --target tests -- -j12 -l12
[16.583s] [35m[1mScanning dependencies of target tests[0m
[16.612s] Built target tests
[16.633s] Invoked command in '/home/ros/autoware.ai/build/obj_db' returned '0': CMAKE_PREFIX_PATH=/home/ros/autoware.ai/install/gnss:/home/ros/autoware.ai/install/autoware_can_msgs:/home/ros/autoware.ai/install/autoware_build_flags:${CMAKE_PREFIX_PATH} LD_LIBRARY_PATH=/home/ros/autoware.ai/install/gnss/lib:${LD_LIBRARY_PATH} PKG_CONFIG_PATH=/home/ros/autoware.ai/install/gnss/lib/x86_64-linux-gnu/pkgconfig:/home/ros/autoware.ai/install/gnss/lib/pkgconfig:/home/ros/autoware.ai/install/autoware_can_msgs/lib/x86_64-linux-gnu/pkgconfig:/home/ros/autoware.ai/install/autoware_can_msgs/lib/pkgconfig:/home/ros/autoware.ai/install/autoware_build_flags/lib/x86_64-linux-gnu/pkgconfig:/home/ros/autoware.ai/install/autoware_build_flags/lib/pkgconfig:${PKG_CONFIG_PATH} PYTHONPATH=/home/ros/autoware.ai/install/autoware_can_msgs/lib/python2.7/dist-packages:${PYTHONPATH} ROS_PACKAGE_PATH=/home/ros/autoware.ai/install/gnss/share:/home/ros/autoware.ai/install/autoware_can_msgs/share:/home/ros/autoware.ai/install/autoware_build_flags/share:${ROS_PACKAGE_PATH} /usr/bin/cmake --build /home/ros/autoware.ai/build/obj_db --target tests -- -j12 -l12
[16.958s] Invoking command in '/home/ros/autoware.ai/build/obj_db': CMAKE_PREFIX_PATH=/home/ros/autoware.ai/install/gnss:/home/ros/autoware.ai/install/autoware_can_msgs:/home/ros/autoware.ai/install/autoware_build_flags:${CMAKE_PREFIX_PATH} LD_LIBRARY_PATH=/home/ros/autoware.ai/install/gnss/lib:${LD_LIBRARY_PATH} PKG_CONFIG_PATH=/home/ros/autoware.ai/install/gnss/lib/x86_64-linux-gnu/pkgconfig:/home/ros/autoware.ai/install/gnss/lib/pkgconfig:/home/ros/autoware.ai/install/autoware_can_msgs/lib/x86_64-linux-gnu/pkgconfig:/home/ros/autoware.ai/install/autoware_can_msgs/lib/pkgconfig:/home/ros/autoware.ai/install/autoware_build_flags/lib/x86_64-linux-gnu/pkgconfig:/home/ros/autoware.ai/install/autoware_build_flags/lib/pkgconfig:${PKG_CONFIG_PATH} PYTHONPATH=/home/ros/autoware.ai/install/autoware_can_msgs/lib/python2.7/dist-packages:${PYTHONPATH} ROS_PACKAGE_PATH=/home/ros/autoware.ai/install/gnss/share:/home/ros/autoware.ai/install/autoware_can_msgs/share:/home/ros/autoware.ai/install/autoware_build_flags/share:${ROS_PACKAGE_PATH} /usr/bin/cmake --build /home/ros/autoware.ai/build/obj_db --target install -- -j12 -l12
[17.097s] [ 33%] Built target obj_db
[17.148s] [ 33%] Built target roscpp_generate_messages_lisp
[17.182s] [ 33%] Built target geometry_msgs_generate_messages_nodejs
[17.207s] [ 33%] Built target autoware_can_msgs_generate_messages_nodejs
[17.237s] [ 33%] Built target autoware_can_msgs_generate_messages_lisp
[17.279s] [ 33%] Built target autoware_can_msgs_generate_messages_cpp
[17.347s] [ 33%] Built target rosgraph_msgs_generate_messages_cpp
[17.438s] [ 33%] Built target roscpp_generate_messages_py
[17.466s] [ 33%] Built target roscpp_generate_messages_nodejs
[17.508s] [ 33%] Built target roscpp_generate_messages_eus
[17.538s] [ 33%] Built target geometry_msgs_generate_messages_eus
[17.576s] [ 33%] Built target rosgraph_msgs_generate_messages_eus
[17.604s] [ 33%] Built target rosgraph_msgs_generate_messages_lisp
[17.653s] [ 33%] Built target visualization_msgs_generate_messages_cpp
[17.681s] [ 33%] Built target visualization_msgs_generate_messages_eus
[17.716s] [ 33%] Built target std_msgs_generate_messages_cpp
[17.758s] [ 33%] Built target visualization_msgs_generate_messages_lisp
[17.790s] [ 33%] Built target visualization_msgs_generate_messages_nodejs
[17.838s] [ 33%] Built target geometry_msgs_generate_messages_cpp
[17.872s] [ 33%] Built target geometry_msgs_generate_messages_lisp
[17.919s] [ 33%] Built target std_msgs_generate_messages_py
[17.976s] [ 55%] Built target obj_uploader
[18.057s] [ 77%] Built target obj_downloader
[18.096s] [ 77%] Built target autoware_can_msgs_generate_messages_eus
[18.127s] [ 77%] Built target rosgraph_msgs_generate_messages_py
[18.159s] [ 77%] Built target rosgraph_msgs_generate_messages_nodejs
[18.197s] [ 77%] Built target std_msgs_generate_messages_eus
[18.226s] [ 77%] Built target geometry_msgs_generate_messages_py
[18.261s] [ 77%] Built target visualization_msgs_generate_messages_py
[18.307s] [ 77%] Built target autoware_can_msgs_generate_messages_py
[18.344s] [ 77%] Built target roscpp_generate_messages_cpp
[18.375s] [ 77%] Built target std_msgs_generate_messages_lisp
[18.411s] [ 77%] Built target std_msgs_generate_messages_nodejs
[18.455s] [100%] Built target can_uploader
[18.484s] [36mInstall the project...[0m
[18.498s] -- Install configuration: "Release"
[18.498s] -- Installing: /home/ros/autoware.ai/install/obj_db/lib/pkgconfig/obj_db.pc
[18.498s] -- Installing: /home/ros/autoware.ai/install/obj_db/share/obj_db/cmake/obj_dbConfig.cmake
[18.498s] -- Installing: /home/ros/autoware.ai/install/obj_db/share/obj_db/cmake/obj_dbConfig-version.cmake
[18.498s] -- Installing: /home/ros/autoware.ai/install/obj_db/share/obj_db/package.xml
[18.499s] -- Installing: /home/ros/autoware.ai/install/obj_db/lib/obj_db/can_uploader
[18.499s] -- Set runtime path of "/home/ros/autoware.ai/install/obj_db/lib/obj_db/can_uploader" to ""
[18.499s] -- Installing: /home/ros/autoware.ai/install/obj_db/lib/obj_db/obj_uploader
[18.500s] -- Set runtime path of "/home/ros/autoware.ai/install/obj_db/lib/obj_db/obj_uploader" to ""
[18.500s] -- Installing: /home/ros/autoware.ai/install/obj_db/lib/libobj_db.so
[18.500s] -- Installing: /home/ros/autoware.ai/install/obj_db/lib/obj_db/obj_downloader
[18.501s] -- Set runtime path of "/home/ros/autoware.ai/install/obj_db/lib/obj_db/obj_downloader" to ""
[18.501s] -- Installing: /home/ros/autoware.ai/install/obj_db/include/obj_db/include
[18.501s] -- Installing: /home/ros/autoware.ai/install/obj_db/include/obj_db/include/obj_db.h
[18.508s] Invoked command in '/home/ros/autoware.ai/build/obj_db' returned '0': CMAKE_PREFIX_PATH=/home/ros/autoware.ai/install/gnss:/home/ros/autoware.ai/install/autoware_can_msgs:/home/ros/autoware.ai/install/autoware_build_flags:${CMAKE_PREFIX_PATH} LD_LIBRARY_PATH=/home/ros/autoware.ai/install/gnss/lib:${LD_LIBRARY_PATH} PKG_CONFIG_PATH=/home/ros/autoware.ai/install/gnss/lib/x86_64-linux-gnu/pkgconfig:/home/ros/autoware.ai/install/gnss/lib/pkgconfig:/home/ros/autoware.ai/install/autoware_can_msgs/lib/x86_64-linux-gnu/pkgconfig:/home/ros/autoware.ai/install/autoware_can_msgs/lib/pkgconfig:/home/ros/autoware.ai/install/autoware_build_flags/lib/x86_64-linux-gnu/pkgconfig:/home/ros/autoware.ai/install/autoware_build_flags/lib/pkgconfig:${PKG_CONFIG_PATH} PYTHONPATH=/home/ros/autoware.ai/install/autoware_can_msgs/lib/python2.7/dist-packages:${PYTHONPATH} ROS_PACKAGE_PATH=/home/ros/autoware.ai/install/gnss/share:/home/ros/autoware.ai/install/autoware_can_msgs/share:/home/ros/autoware.ai/install/autoware_build_flags/share:${ROS_PACKAGE_PATH} /usr/bin/cmake --build /home/ros/autoware.ai/build/obj_db --target install -- -j12 -l12
