[0.078s] Invoking command in '/home/ros/autoware.ai/build/kitti_launch': CMAKE_PREFIX_PATH=/home/ros/autoware.ai/install/kitti_player:/home/ros/autoware.ai/install/kitti_box_publisher:/home/ros/autoware.ai/install/autoware_msgs:${CMAKE_PREFIX_PATH} PKG_CONFIG_PATH=/home/ros/autoware.ai/install/kitti_player/lib/x86_64-linux-gnu/pkgconfig:/home/ros/autoware.ai/install/kitti_player/lib/pkgconfig:/home/ros/autoware.ai/install/kitti_box_publisher/lib/x86_64-linux-gnu/pkgconfig:/home/ros/autoware.ai/install/kitti_box_publisher/lib/pkgconfig:/home/ros/autoware.ai/install/autoware_msgs/lib/x86_64-linux-gnu/pkgconfig:/home/ros/autoware.ai/install/autoware_msgs/lib/pkgconfig:${PKG_CONFIG_PATH} PYTHONPATH=/home/ros/autoware.ai/install/kitti_player/lib/python2.7/dist-packages:/home/ros/autoware.ai/install/autoware_msgs/lib/python2.7/dist-packages:${PYTHONPATH} ROS_PACKAGE_PATH=/home/ros/autoware.ai/install/kitti_player/share:/home/ros/autoware.ai/install/kitti_box_publisher/share:/home/ros/autoware.ai/install/autoware_msgs/share:${ROS_PACKAGE_PATH} /usr/bin/cmake /home/ros/autoware.ai/src/autoware/utilities/kitti_launch -DCMAKE_BUILD_TYPE=Release -DCATKIN_INSTALL_INTO_PREFIX_ROOT=0 -DCMAKE_INSTALL_PREFIX=/home/ros/autoware.ai/install/kitti_launch
[0.234s] -- The C compiler identification is GNU 7.5.0
[0.329s] -- The CXX compiler identification is GNU 7.5.0
[0.336s] -- Check for working C compiler: /usr/bin/cc
[0.428s] -- Check for working C compiler: /usr/bin/cc -- works
[0.430s] -- Detecting C compiler ABI info
[0.562s] -- Detecting C compiler ABI info - done
[0.573s] -- Detecting C compile features
[0.929s] -- Detecting C compile features - done
[0.934s] -- Check for working CXX compiler: /usr/bin/c++
[1.136s] -- Check for working CXX compiler: /usr/bin/c++ -- works
[1.137s] -- Detecting CXX compiler ABI info
[1.299s] -- Detecting CXX compiler ABI info - done
[1.311s] -- Detecting CXX compile features
[1.901s] -- Detecting CXX compile features - done
[1.904s] -- Using CATKIN_DEVEL_PREFIX: /home/ros/autoware.ai/build/kitti_launch/devel
[1.905s] -- Using CMAKE_PREFIX_PATH: /home/ros/autoware.ai/install/kitti_player;/home/ros/autoware.ai/install/kitti_box_publisher;/home/ros/autoware.ai/install/autoware_msgs;/opt/ros/melodic
[1.905s] -- This workspace overlays: /home/ros/autoware.ai/install/kitti_player;/home/ros/autoware.ai/install/kitti_box_publisher;/home/ros/autoware.ai/install/autoware_msgs;/opt/ros/melodic
[1.943s] -- Found PythonInterp: /usr/bin/python2 (found suitable version "2.7.17", minimum required is "2") 
[1.943s] -- Using PYTHON_EXECUTABLE: /usr/bin/python2
[1.944s] -- Using Debian Python package layout
[1.945s] -- Using empy: /usr/bin/empy
[2.185s] -- Using CATKIN_ENABLE_TESTING: ON
[2.185s] -- Call enable_testing()
[2.201s] -- Using CATKIN_TEST_RESULTS_DIR: /home/ros/autoware.ai/build/kitti_launch/test_results
[2.223s] -- Found gtest sources under '/usr/src/googletest': gtests will be built
[2.223s] -- Found gmock sources under '/usr/src/googletest': gmock will be built
[2.243s] -- Found PythonInterp: /usr/bin/python2 (found version "2.7.17") 
[2.244s] -- Looking for pthread.h
[2.329s] -- Looking for pthread.h - found
[2.329s] -- Looking for pthread_create
[2.458s] -- Looking for pthread_create - not found
[2.459s] -- Looking for pthread_create in pthreads
[2.559s] -- Looking for pthread_create in pthreads - not found
[2.560s] -- Looking for pthread_create in pthread
[2.671s] -- Looking for pthread_create in pthread - found
[2.673s] -- Found Threads: TRUE  
[2.679s] -- Using Python nosetests: /usr/bin/nosetests-2.7
[2.740s] -- catkin 0.7.29
[2.740s] -- BUILD_SHARED_LIBS is on
[3.042s] -- Configuring done
[3.055s] -- Generating done
[3.058s] -- Build files have been written to: /home/ros/autoware.ai/build/kitti_launch
[3.069s] Invoked command in '/home/ros/autoware.ai/build/kitti_launch' returned '0': CMAKE_PREFIX_PATH=/home/ros/autoware.ai/install/kitti_player:/home/ros/autoware.ai/install/kitti_box_publisher:/home/ros/autoware.ai/install/autoware_msgs:${CMAKE_PREFIX_PATH} PKG_CONFIG_PATH=/home/ros/autoware.ai/install/kitti_player/lib/x86_64-linux-gnu/pkgconfig:/home/ros/autoware.ai/install/kitti_player/lib/pkgconfig:/home/ros/autoware.ai/install/kitti_box_publisher/lib/x86_64-linux-gnu/pkgconfig:/home/ros/autoware.ai/install/kitti_box_publisher/lib/pkgconfig:/home/ros/autoware.ai/install/autoware_msgs/lib/x86_64-linux-gnu/pkgconfig:/home/ros/autoware.ai/install/autoware_msgs/lib/pkgconfig:${PKG_CONFIG_PATH} PYTHONPATH=/home/ros/autoware.ai/install/kitti_player/lib/python2.7/dist-packages:/home/ros/autoware.ai/install/autoware_msgs/lib/python2.7/dist-packages:${PYTHONPATH} ROS_PACKAGE_PATH=/home/ros/autoware.ai/install/kitti_player/share:/home/ros/autoware.ai/install/kitti_box_publisher/share:/home/ros/autoware.ai/install/autoware_msgs/share:${ROS_PACKAGE_PATH} /usr/bin/cmake /home/ros/autoware.ai/src/autoware/utilities/kitti_launch -DCMAKE_BUILD_TYPE=Release -DCATKIN_INSTALL_INTO_PREFIX_ROOT=0 -DCMAKE_INSTALL_PREFIX=/home/ros/autoware.ai/install/kitti_launch
[3.070s] Invoking command in '/home/ros/autoware.ai/build/kitti_launch': CMAKE_PREFIX_PATH=/home/ros/autoware.ai/install/kitti_player:/home/ros/autoware.ai/install/kitti_box_publisher:/home/ros/autoware.ai/install/autoware_msgs:${CMAKE_PREFIX_PATH} PKG_CONFIG_PATH=/home/ros/autoware.ai/install/kitti_player/lib/x86_64-linux-gnu/pkgconfig:/home/ros/autoware.ai/install/kitti_player/lib/pkgconfig:/home/ros/autoware.ai/install/kitti_box_publisher/lib/x86_64-linux-gnu/pkgconfig:/home/ros/autoware.ai/install/kitti_box_publisher/lib/pkgconfig:/home/ros/autoware.ai/install/autoware_msgs/lib/x86_64-linux-gnu/pkgconfig:/home/ros/autoware.ai/install/autoware_msgs/lib/pkgconfig:${PKG_CONFIG_PATH} PYTHONPATH=/home/ros/autoware.ai/install/kitti_player/lib/python2.7/dist-packages:/home/ros/autoware.ai/install/autoware_msgs/lib/python2.7/dist-packages:${PYTHONPATH} ROS_PACKAGE_PATH=/home/ros/autoware.ai/install/kitti_player/share:/home/ros/autoware.ai/install/kitti_box_publisher/share:/home/ros/autoware.ai/install/autoware_msgs/share:${ROS_PACKAGE_PATH} /usr/bin/cmake --build /home/ros/autoware.ai/build/kitti_launch -- -j12 -l12
[3.135s] Invoked command in '/home/ros/autoware.ai/build/kitti_launch' returned '0': CMAKE_PREFIX_PATH=/home/ros/autoware.ai/install/kitti_player:/home/ros/autoware.ai/install/kitti_box_publisher:/home/ros/autoware.ai/install/autoware_msgs:${CMAKE_PREFIX_PATH} PKG_CONFIG_PATH=/home/ros/autoware.ai/install/kitti_player/lib/x86_64-linux-gnu/pkgconfig:/home/ros/autoware.ai/install/kitti_player/lib/pkgconfig:/home/ros/autoware.ai/install/kitti_box_publisher/lib/x86_64-linux-gnu/pkgconfig:/home/ros/autoware.ai/install/kitti_box_publisher/lib/pkgconfig:/home/ros/autoware.ai/install/autoware_msgs/lib/x86_64-linux-gnu/pkgconfig:/home/ros/autoware.ai/install/autoware_msgs/lib/pkgconfig:${PKG_CONFIG_PATH} PYTHONPATH=/home/ros/autoware.ai/install/kitti_player/lib/python2.7/dist-packages:/home/ros/autoware.ai/install/autoware_msgs/lib/python2.7/dist-packages:${PYTHONPATH} ROS_PACKAGE_PATH=/home/ros/autoware.ai/install/kitti_player/share:/home/ros/autoware.ai/install/kitti_box_publisher/share:/home/ros/autoware.ai/install/autoware_msgs/share:${ROS_PACKAGE_PATH} /usr/bin/cmake --build /home/ros/autoware.ai/build/kitti_launch -- -j12 -l12
[3.193s] Invoking command in '/home/ros/autoware.ai/build/kitti_launch': CMAKE_PREFIX_PATH=/home/ros/autoware.ai/install/kitti_player:/home/ros/autoware.ai/install/kitti_box_publisher:/home/ros/autoware.ai/install/autoware_msgs:${CMAKE_PREFIX_PATH} PKG_CONFIG_PATH=/home/ros/autoware.ai/install/kitti_player/lib/x86_64-linux-gnu/pkgconfig:/home/ros/autoware.ai/install/kitti_player/lib/pkgconfig:/home/ros/autoware.ai/install/kitti_box_publisher/lib/x86_64-linux-gnu/pkgconfig:/home/ros/autoware.ai/install/kitti_box_publisher/lib/pkgconfig:/home/ros/autoware.ai/install/autoware_msgs/lib/x86_64-linux-gnu/pkgconfig:/home/ros/autoware.ai/install/autoware_msgs/lib/pkgconfig:${PKG_CONFIG_PATH} PYTHONPATH=/home/ros/autoware.ai/install/kitti_player/lib/python2.7/dist-packages:/home/ros/autoware.ai/install/autoware_msgs/lib/python2.7/dist-packages:${PYTHONPATH} ROS_PACKAGE_PATH=/home/ros/autoware.ai/install/kitti_player/share:/home/ros/autoware.ai/install/kitti_box_publisher/share:/home/ros/autoware.ai/install/autoware_msgs/share:${ROS_PACKAGE_PATH} /usr/bin/cmake --build /home/ros/autoware.ai/build/kitti_launch --target tests -- -j12 -l12
[3.263s] [35m[1mScanning dependencies of target tests[0m
[3.277s] Built target tests
[3.288s] Invoked command in '/home/ros/autoware.ai/build/kitti_launch' returned '0': CMAKE_PREFIX_PATH=/home/ros/autoware.ai/install/kitti_player:/home/ros/autoware.ai/install/kitti_box_publisher:/home/ros/autoware.ai/install/autoware_msgs:${CMAKE_PREFIX_PATH} PKG_CONFIG_PATH=/home/ros/autoware.ai/install/kitti_player/lib/x86_64-linux-gnu/pkgconfig:/home/ros/autoware.ai/install/kitti_player/lib/pkgconfig:/home/ros/autoware.ai/install/kitti_box_publisher/lib/x86_64-linux-gnu/pkgconfig:/home/ros/autoware.ai/install/kitti_box_publisher/lib/pkgconfig:/home/ros/autoware.ai/install/autoware_msgs/lib/x86_64-linux-gnu/pkgconfig:/home/ros/autoware.ai/install/autoware_msgs/lib/pkgconfig:${PKG_CONFIG_PATH} PYTHONPATH=/home/ros/autoware.ai/install/kitti_player/lib/python2.7/dist-packages:/home/ros/autoware.ai/install/autoware_msgs/lib/python2.7/dist-packages:${PYTHONPATH} ROS_PACKAGE_PATH=/home/ros/autoware.ai/install/kitti_player/share:/home/ros/autoware.ai/install/kitti_box_publisher/share:/home/ros/autoware.ai/install/autoware_msgs/share:${ROS_PACKAGE_PATH} /usr/bin/cmake --build /home/ros/autoware.ai/build/kitti_launch --target tests -- -j12 -l12
[3.342s] Invoking command in '/home/ros/autoware.ai/build/kitti_launch': CMAKE_PREFIX_PATH=/home/ros/autoware.ai/install/kitti_player:/home/ros/autoware.ai/install/kitti_box_publisher:/home/ros/autoware.ai/install/autoware_msgs:${CMAKE_PREFIX_PATH} PKG_CONFIG_PATH=/home/ros/autoware.ai/install/kitti_player/lib/x86_64-linux-gnu/pkgconfig:/home/ros/autoware.ai/install/kitti_player/lib/pkgconfig:/home/ros/autoware.ai/install/kitti_box_publisher/lib/x86_64-linux-gnu/pkgconfig:/home/ros/autoware.ai/install/kitti_box_publisher/lib/pkgconfig:/home/ros/autoware.ai/install/autoware_msgs/lib/x86_64-linux-gnu/pkgconfig:/home/ros/autoware.ai/install/autoware_msgs/lib/pkgconfig:${PKG_CONFIG_PATH} PYTHONPATH=/home/ros/autoware.ai/install/kitti_player/lib/python2.7/dist-packages:/home/ros/autoware.ai/install/autoware_msgs/lib/python2.7/dist-packages:${PYTHONPATH} ROS_PACKAGE_PATH=/home/ros/autoware.ai/install/kitti_player/share:/home/ros/autoware.ai/install/kitti_box_publisher/share:/home/ros/autoware.ai/install/autoware_msgs/share:${ROS_PACKAGE_PATH} /usr/bin/cmake --build /home/ros/autoware.ai/build/kitti_launch --target install -- -j12 -l12
[3.415s] [36mInstall the project...[0m
[3.424s] -- Install configuration: "Release"
[3.425s] -- Installing: /home/ros/autoware.ai/install/kitti_launch/lib/pkgconfig/kitti_launch.pc
[3.425s] -- Installing: /home/ros/autoware.ai/install/kitti_launch/share/kitti_launch/cmake/kitti_launchConfig.cmake
[3.425s] -- Installing: /home/ros/autoware.ai/install/kitti_launch/share/kitti_launch/cmake/kitti_launchConfig-version.cmake
[3.425s] -- Installing: /home/ros/autoware.ai/install/kitti_launch/share/kitti_launch/package.xml
[3.425s] -- Installing: /home/ros/autoware.ai/install/kitti_launch/share/kitti_launch/launch/launch
[3.426s] -- Installing: /home/ros/autoware.ai/install/kitti_launch/share/kitti_launch/launch/launch/kittiplayer.launch
[3.426s] -- Installing: /home/ros/autoware.ai/install/kitti_launch/share/kitti_launch/launch/launch/xml
[3.426s] -- Installing: /home/ros/autoware.ai/install/kitti_launch/share/kitti_launch/launch/launch/xml/points_raw.xml
[3.426s] -- Installing: /home/ros/autoware.ai/install/kitti_launch/share/kitti_launch/launch/launch/xml/camera_lidar.xml
[3.427s] -- Installing: /home/ros/autoware.ai/install/kitti_launch/share/kitti_launch/launch/xml/xml
[3.427s] -- Installing: /home/ros/autoware.ai/install/kitti_launch/share/kitti_launch/launch/xml/xml/points_raw.xml
[3.427s] -- Installing: /home/ros/autoware.ai/install/kitti_launch/share/kitti_launch/launch/xml/xml/camera_lidar.xml
[3.427s] -- Installing: /home/ros/autoware.ai/install/kitti_launch/share/kitti_launch/calib/calib
[3.427s] -- Installing: /home/ros/autoware.ai/install/kitti_launch/share/kitti_launch/calib/calib/kitti_cam02_sync.yml
[3.427s] -- Installing: /home/ros/autoware.ai/install/kitti_launch/share/kitti_launch/calib/calib/kitti_cam02_sync_kitti_conv.yml
[3.429s] Invoked command in '/home/ros/autoware.ai/build/kitti_launch' returned '0': CMAKE_PREFIX_PATH=/home/ros/autoware.ai/install/kitti_player:/home/ros/autoware.ai/install/kitti_box_publisher:/home/ros/autoware.ai/install/autoware_msgs:${CMAKE_PREFIX_PATH} PKG_CONFIG_PATH=/home/ros/autoware.ai/install/kitti_player/lib/x86_64-linux-gnu/pkgconfig:/home/ros/autoware.ai/install/kitti_player/lib/pkgconfig:/home/ros/autoware.ai/install/kitti_box_publisher/lib/x86_64-linux-gnu/pkgconfig:/home/ros/autoware.ai/install/kitti_box_publisher/lib/pkgconfig:/home/ros/autoware.ai/install/autoware_msgs/lib/x86_64-linux-gnu/pkgconfig:/home/ros/autoware.ai/install/autoware_msgs/lib/pkgconfig:${PKG_CONFIG_PATH} PYTHONPATH=/home/ros/autoware.ai/install/kitti_player/lib/python2.7/dist-packages:/home/ros/autoware.ai/install/autoware_msgs/lib/python2.7/dist-packages:${PYTHONPATH} ROS_PACKAGE_PATH=/home/ros/autoware.ai/install/kitti_player/share:/home/ros/autoware.ai/install/kitti_box_publisher/share:/home/ros/autoware.ai/install/autoware_msgs/share:${ROS_PACKAGE_PATH} /usr/bin/cmake --build /home/ros/autoware.ai/build/kitti_launch --target install -- -j12 -l12
