Determining if the pthread_create exist failed with the following output:
Change Dir: /home/ros/autoware.ai/build/emergency_handler/CMakeFiles/CMakeTmp

Run Build Command:"/usr/bin/make" "cmTC_867b3/fast"
/usr/bin/make -f CMakeFiles/cmTC_867b3.dir/build.make CMakeFiles/cmTC_867b3.dir/build
make[1]: Entering directory '/home/ros/autoware.ai/build/emergency_handler/CMakeFiles/CMakeTmp'
Building C object CMakeFiles/cmTC_867b3.dir/CheckSymbolExists.c.o
/usr/bin/cc    -o CMakeFiles/cmTC_867b3.dir/CheckSymbolExists.c.o   -c /home/ros/autoware.ai/build/emergency_handler/CMakeFiles/CMakeTmp/CheckSymbolExists.c
Linking C executable cmTC_867b3
/usr/bin/cmake -E cmake_link_script CMakeFiles/cmTC_867b3.dir/link.txt --verbose=1
/usr/bin/cc      -rdynamic CMakeFiles/cmTC_867b3.dir/CheckSymbolExists.c.o  -o cmTC_867b3 
CMakeFiles/cmTC_867b3.dir/CheckSymbolExists.c.o: In function `main':
CheckSymbolExists.c:(.text+0x1b): undefined reference to `pthread_create'
collect2: error: ld returned 1 exit status
CMakeFiles/cmTC_867b3.dir/build.make:97: recipe for target 'cmTC_867b3' failed
make[1]: *** [cmTC_867b3] Error 1
make[1]: Leaving directory '/home/ros/autoware.ai/build/emergency_handler/CMakeFiles/CMakeTmp'
Makefile:126: recipe for target 'cmTC_867b3/fast' failed
make: *** [cmTC_867b3/fast] Error 2

File /home/ros/autoware.ai/build/emergency_handler/CMakeFiles/CMakeTmp/CheckSymbolExists.c:
/* */
#include <pthread.h>

int main(int argc, char** argv)
{
  (void)argv;
#ifndef pthread_create
  return ((int*)(&pthread_create))[argc];
#else
  (void)argc;
  return 0;
#endif
}

Determining if the function pthread_create exists in the pthreads failed with the following output:
Change Dir: /home/ros/autoware.ai/build/emergency_handler/CMakeFiles/CMakeTmp

Run Build Command:"/usr/bin/make" "cmTC_e24f9/fast"
/usr/bin/make -f CMakeFiles/cmTC_e24f9.dir/build.make CMakeFiles/cmTC_e24f9.dir/build
make[1]: Entering directory '/home/ros/autoware.ai/build/emergency_handler/CMakeFiles/CMakeTmp'
Building C object CMakeFiles/cmTC_e24f9.dir/CheckFunctionExists.c.o
/usr/bin/cc   -DCHECK_FUNCTION_EXISTS=pthread_create   -o CMakeFiles/cmTC_e24f9.dir/CheckFunctionExists.c.o   -c /usr/share/cmake-3.10/Modules/CheckFunctionExists.c
Linking C executable cmTC_e24f9
/usr/bin/cmake -E cmake_link_script CMakeFiles/cmTC_e24f9.dir/link.txt --verbose=1
/usr/bin/cc  -DCHECK_FUNCTION_EXISTS=pthread_create    -rdynamic CMakeFiles/cmTC_e24f9.dir/CheckFunctionExists.c.o  -o cmTC_e24f9 -lpthreads 
/usr/bin/ld: cannot find -lpthreads
collect2: error: ld returned 1 exit status
CMakeFiles/cmTC_e24f9.dir/build.make:97: recipe for target 'cmTC_e24f9' failed
make[1]: *** [cmTC_e24f9] Error 1
make[1]: Leaving directory '/home/ros/autoware.ai/build/emergency_handler/CMakeFiles/CMakeTmp'
Makefile:126: recipe for target 'cmTC_e24f9/fast' failed
make: *** [cmTC_e24f9/fast] Error 2


