[0.055s] Invoking command in '/home/ros/autoware.ai/build/dp_planner': CMAKE_PREFIX_PATH=/home/ros/autoware.ai/install/op_simu:/home/ros/autoware.ai/install/op_planner:/home/ros/autoware.ai/install/op_utility:/home/ros/autoware.ai/install/map_file:/home/ros/autoware.ai/install/vector_map_server:/home/ros/autoware.ai/install/libwaypoint_follower:/home/ros/autoware.ai/install/lanelet2_extension:/home/ros/autoware.ai/install/vector_map:/home/ros/autoware.ai/install/amathutils_lib:/home/ros/autoware.ai/install/vector_map_msgs:/home/ros/autoware.ai/install/autoware_msgs:/home/ros/autoware.ai/install/autoware_lanelet2_msgs:/home/ros/autoware.ai/install/autoware_can_msgs:/home/ros/autoware.ai/install/autoware_build_flags:${CMAKE_PREFIX_PATH} LD_LIBRARY_PATH=/home/ros/autoware.ai/install/op_simu/lib:/home/ros/autoware.ai/install/op_planner/lib:/home/ros/autoware.ai/install/op_utility/lib:/home/ros/autoware.ai/install/map_file/lib:/home/ros/autoware.ai/install/libwaypoint_follower/lib:/home/ros/autoware.ai/install/lanelet2_extension/lib:/home/ros/autoware.ai/install/vector_map/lib:/home/ros/autoware.ai/install/amathutils_lib/lib:${LD_LIBRARY_PATH} PKG_CONFIG_PATH=/home/ros/autoware.ai/install/op_simu/lib/x86_64-linux-gnu/pkgconfig:/home/ros/autoware.ai/install/op_simu/lib/pkgconfig:/home/ros/autoware.ai/install/op_planner/lib/x86_64-linux-gnu/pkgconfig:/home/ros/autoware.ai/install/op_planner/lib/pkgconfig:/home/ros/autoware.ai/install/op_utility/lib/x86_64-linux-gnu/pkgconfig:/home/ros/autoware.ai/install/op_utility/lib/pkgconfig:/home/ros/autoware.ai/install/map_file/lib/x86_64-linux-gnu/pkgconfig:/home/ros/autoware.ai/install/map_file/lib/pkgconfig:/home/ros/autoware.ai/install/vector_map_server/lib/x86_64-linux-gnu/pkgconfig:/home/ros/autoware.ai/install/vector_map_server/lib/pkgconfig:/home/ros/autoware.ai/install/libwaypoint_follower/lib/x86_64-linux-gnu/pkgconfig:/home/ros/autoware.ai/install/libwaypoint_follower/lib/pkgconfig:/home/ros/autoware.ai/install/lanelet2_extension/lib/x86_64-linux-gnu/pkgconfig:/home/ros/autoware.ai/install/lanelet2_extension/lib/pkgconfig:/home/ros/autoware.ai/install/vector_map/lib/x86_64-linux-gnu/pkgconfig:/home/ros/autoware.ai/install/vector_map/lib/pkgconfig:/home/ros/autoware.ai/install/amathutils_lib/lib/x86_64-linux-gnu/pkgconfig:/home/ros/autoware.ai/install/amathutils_lib/lib/pkgconfig:/home/ros/autoware.ai/install/vector_map_msgs/lib/x86_64-linux-gnu/pkgconfig:/home/ros/autoware.ai/install/vector_map_msgs/lib/pkgconfig:/home/ros/autoware.ai/install/autoware_msgs/lib/x86_64-linux-gnu/pkgconfig:/home/ros/autoware.ai/install/autoware_msgs/lib/pkgconfig:/home/ros/autoware.ai/install/autoware_lanelet2_msgs/lib/x86_64-linux-gnu/pkgconfig:/home/ros/autoware.ai/install/autoware_lanelet2_msgs/lib/pkgconfig:/home/ros/autoware.ai/install/autoware_can_msgs/lib/x86_64-linux-gnu/pkgconfig:/home/ros/autoware.ai/install/autoware_can_msgs/lib/pkgconfig:/home/ros/autoware.ai/install/autoware_build_flags/lib/x86_64-linux-gnu/pkgconfig:/home/ros/autoware.ai/install/autoware_build_flags/lib/pkgconfig:${PKG_CONFIG_PATH} PYTHONPATH=/home/ros/autoware.ai/install/vector_map_server/lib/python2.7/dist-packages:/home/ros/autoware.ai/install/vector_map_msgs/lib/python2.7/dist-packages:/home/ros/autoware.ai/install/autoware_msgs/lib/python2.7/dist-packages:/home/ros/autoware.ai/install/autoware_lanelet2_msgs/lib/python2.7/dist-packages:/home/ros/autoware.ai/install/autoware_can_msgs/lib/python2.7/dist-packages:${PYTHONPATH} ROS_PACKAGE_PATH=/home/ros/autoware.ai/install/op_simu/share:/home/ros/autoware.ai/install/op_planner/share:/home/ros/autoware.ai/install/op_utility/share:/home/ros/autoware.ai/install/map_file/share:/home/ros/autoware.ai/install/vector_map_server/share:/home/ros/autoware.ai/install/libwaypoint_follower/share:/home/ros/autoware.ai/install/lanelet2_extension/share:/home/ros/autoware.ai/install/vector_map/share:/home/ros/autoware.ai/install/amathutils_lib/share:/home/ros/autoware.ai/install/vector_map_msgs/share:/home/ros/autoware.ai/install/autoware_msgs/share:/home/ros/autoware.ai/install/autoware_lanelet2_msgs/share:/home/ros/autoware.ai/install/autoware_can_msgs/share:/home/ros/autoware.ai/install/autoware_build_flags/share:${ROS_PACKAGE_PATH} /usr/bin/cmake /home/ros/autoware.ai/src/autoware/core_planning/dp_planner -DCMAKE_BUILD_TYPE=Release -DCATKIN_INSTALL_INTO_PREFIX_ROOT=0 -DCMAKE_INSTALL_PREFIX=/home/ros/autoware.ai/install/dp_planner
[0.140s] -- The C compiler identification is GNU 7.5.0
[0.220s] -- The CXX compiler identification is GNU 7.5.0
[0.229s] -- Check for working C compiler: /usr/bin/cc
[0.316s] -- Check for working C compiler: /usr/bin/cc -- works
[0.317s] -- Detecting C compiler ABI info
[0.406s] -- Detecting C compiler ABI info - done
[0.419s] -- Detecting C compile features
[0.686s] -- Detecting C compile features - done
[0.689s] -- Check for working CXX compiler: /usr/bin/c++
[0.791s] -- Check for working CXX compiler: /usr/bin/c++ -- works
[0.792s] -- Detecting CXX compiler ABI info
[0.898s] -- Detecting CXX compiler ABI info - done
[0.910s] -- Detecting CXX compile features
[1.372s] -- Detecting CXX compile features - done
[1.376s] -- CUDA compilation status: .
[1.396s] -- Found OpenCV: /usr (found version "3.2.0") 
[1.399s] -- Using CATKIN_DEVEL_PREFIX: /home/ros/autoware.ai/build/dp_planner/devel
[1.399s] -- Using CMAKE_PREFIX_PATH: /home/ros/autoware.ai/install/op_simu;/home/ros/autoware.ai/install/op_planner;/home/ros/autoware.ai/install/op_utility;/home/ros/autoware.ai/install/map_file;/home/ros/autoware.ai/install/vector_map_server;/home/ros/autoware.ai/install/libwaypoint_follower;/home/ros/autoware.ai/install/lanelet2_extension;/home/ros/autoware.ai/install/vector_map;/home/ros/autoware.ai/install/amathutils_lib;/home/ros/autoware.ai/install/vector_map_msgs;/home/ros/autoware.ai/install/autoware_msgs;/home/ros/autoware.ai/install/autoware_lanelet2_msgs;/home/ros/autoware.ai/install/autoware_can_msgs;/home/ros/autoware.ai/install/autoware_build_flags;/opt/ros/melodic
[1.400s] -- This workspace overlays: /home/ros/autoware.ai/install/op_simu;/home/ros/autoware.ai/install/op_planner;/home/ros/autoware.ai/install/op_utility;/home/ros/autoware.ai/install/map_file;/home/ros/autoware.ai/install/vector_map_server;/home/ros/autoware.ai/install/libwaypoint_follower;/home/ros/autoware.ai/install/lanelet2_extension;/home/ros/autoware.ai/install/vector_map;/home/ros/autoware.ai/install/amathutils_lib;/home/ros/autoware.ai/install/vector_map_msgs;/home/ros/autoware.ai/install/autoware_msgs;/home/ros/autoware.ai/install/autoware_lanelet2_msgs;/home/ros/autoware.ai/install/autoware_can_msgs;/home/ros/autoware.ai/install/autoware_build_flags;/opt/ros/melodic
[1.419s] -- Found PythonInterp: /usr/bin/python2 (found suitable version "2.7.17", minimum required is "2") 
[1.419s] -- Using PYTHON_EXECUTABLE: /usr/bin/python2
[1.419s] -- Using Debian Python package layout
[1.421s] -- Using empy: /usr/bin/empy
[1.626s] -- Using CATKIN_ENABLE_TESTING: ON
[1.626s] -- Call enable_testing()
[1.629s] -- Using CATKIN_TEST_RESULTS_DIR: /home/ros/autoware.ai/build/dp_planner/test_results
[1.656s] -- Found gtest sources under '/usr/src/googletest': gtests will be built
[1.656s] -- Found gmock sources under '/usr/src/googletest': gmock will be built
[1.674s] -- Found PythonInterp: /usr/bin/python2 (found version "2.7.17") 
[1.675s] -- Looking for pthread.h
[1.764s] -- Looking for pthread.h - found
[1.764s] -- Looking for pthread_create
[1.860s] -- Looking for pthread_create - not found
[1.861s] -- Looking for pthread_create in pthreads
[1.933s] -- Looking for pthread_create in pthreads - not found
[1.934s] -- Looking for pthread_create in pthread
[2.020s] -- Looking for pthread_create in pthread - found
[2.022s] -- Found Threads: TRUE  
[2.028s] -- Using Python nosetests: /usr/bin/nosetests-2.7
[2.086s] -- catkin 0.7.29
[2.087s] -- BUILD_SHARED_LIBS is on
[2.309s] -- Using these message generators: gencpp;geneus;genlisp;gennodejs;genpy
[4.046s] -- Configuring done
[4.148s] -- Generating done
[4.166s] -- Build files have been written to: /home/ros/autoware.ai/build/dp_planner
[4.177s] Invoked command in '/home/ros/autoware.ai/build/dp_planner' returned '0': CMAKE_PREFIX_PATH=/home/ros/autoware.ai/install/op_simu:/home/ros/autoware.ai/install/op_planner:/home/ros/autoware.ai/install/op_utility:/home/ros/autoware.ai/install/map_file:/home/ros/autoware.ai/install/vector_map_server:/home/ros/autoware.ai/install/libwaypoint_follower:/home/ros/autoware.ai/install/lanelet2_extension:/home/ros/autoware.ai/install/vector_map:/home/ros/autoware.ai/install/amathutils_lib:/home/ros/autoware.ai/install/vector_map_msgs:/home/ros/autoware.ai/install/autoware_msgs:/home/ros/autoware.ai/install/autoware_lanelet2_msgs:/home/ros/autoware.ai/install/autoware_can_msgs:/home/ros/autoware.ai/install/autoware_build_flags:${CMAKE_PREFIX_PATH} LD_LIBRARY_PATH=/home/ros/autoware.ai/install/op_simu/lib:/home/ros/autoware.ai/install/op_planner/lib:/home/ros/autoware.ai/install/op_utility/lib:/home/ros/autoware.ai/install/map_file/lib:/home/ros/autoware.ai/install/libwaypoint_follower/lib:/home/ros/autoware.ai/install/lanelet2_extension/lib:/home/ros/autoware.ai/install/vector_map/lib:/home/ros/autoware.ai/install/amathutils_lib/lib:${LD_LIBRARY_PATH} PKG_CONFIG_PATH=/home/ros/autoware.ai/install/op_simu/lib/x86_64-linux-gnu/pkgconfig:/home/ros/autoware.ai/install/op_simu/lib/pkgconfig:/home/ros/autoware.ai/install/op_planner/lib/x86_64-linux-gnu/pkgconfig:/home/ros/autoware.ai/install/op_planner/lib/pkgconfig:/home/ros/autoware.ai/install/op_utility/lib/x86_64-linux-gnu/pkgconfig:/home/ros/autoware.ai/install/op_utility/lib/pkgconfig:/home/ros/autoware.ai/install/map_file/lib/x86_64-linux-gnu/pkgconfig:/home/ros/autoware.ai/install/map_file/lib/pkgconfig:/home/ros/autoware.ai/install/vector_map_server/lib/x86_64-linux-gnu/pkgconfig:/home/ros/autoware.ai/install/vector_map_server/lib/pkgconfig:/home/ros/autoware.ai/install/libwaypoint_follower/lib/x86_64-linux-gnu/pkgconfig:/home/ros/autoware.ai/install/libwaypoint_follower/lib/pkgconfig:/home/ros/autoware.ai/install/lanelet2_extension/lib/x86_64-linux-gnu/pkgconfig:/home/ros/autoware.ai/install/lanelet2_extension/lib/pkgconfig:/home/ros/autoware.ai/install/vector_map/lib/x86_64-linux-gnu/pkgconfig:/home/ros/autoware.ai/install/vector_map/lib/pkgconfig:/home/ros/autoware.ai/install/amathutils_lib/lib/x86_64-linux-gnu/pkgconfig:/home/ros/autoware.ai/install/amathutils_lib/lib/pkgconfig:/home/ros/autoware.ai/install/vector_map_msgs/lib/x86_64-linux-gnu/pkgconfig:/home/ros/autoware.ai/install/vector_map_msgs/lib/pkgconfig:/home/ros/autoware.ai/install/autoware_msgs/lib/x86_64-linux-gnu/pkgconfig:/home/ros/autoware.ai/install/autoware_msgs/lib/pkgconfig:/home/ros/autoware.ai/install/autoware_lanelet2_msgs/lib/x86_64-linux-gnu/pkgconfig:/home/ros/autoware.ai/install/autoware_lanelet2_msgs/lib/pkgconfig:/home/ros/autoware.ai/install/autoware_can_msgs/lib/x86_64-linux-gnu/pkgconfig:/home/ros/autoware.ai/install/autoware_can_msgs/lib/pkgconfig:/home/ros/autoware.ai/install/autoware_build_flags/lib/x86_64-linux-gnu/pkgconfig:/home/ros/autoware.ai/install/autoware_build_flags/lib/pkgconfig:${PKG_CONFIG_PATH} PYTHONPATH=/home/ros/autoware.ai/install/vector_map_server/lib/python2.7/dist-packages:/home/ros/autoware.ai/install/vector_map_msgs/lib/python2.7/dist-packages:/home/ros/autoware.ai/install/autoware_msgs/lib/python2.7/dist-packages:/home/ros/autoware.ai/install/autoware_lanelet2_msgs/lib/python2.7/dist-packages:/home/ros/autoware.ai/install/autoware_can_msgs/lib/python2.7/dist-packages:${PYTHONPATH} ROS_PACKAGE_PATH=/home/ros/autoware.ai/install/op_simu/share:/home/ros/autoware.ai/install/op_planner/share:/home/ros/autoware.ai/install/op_utility/share:/home/ros/autoware.ai/install/map_file/share:/home/ros/autoware.ai/install/vector_map_server/share:/home/ros/autoware.ai/install/libwaypoint_follower/share:/home/ros/autoware.ai/install/lanelet2_extension/share:/home/ros/autoware.ai/install/vector_map/share:/home/ros/autoware.ai/install/amathutils_lib/share:/home/ros/autoware.ai/install/vector_map_msgs/share:/home/ros/autoware.ai/install/autoware_msgs/share:/home/ros/autoware.ai/install/autoware_lanelet2_msgs/share:/home/ros/autoware.ai/install/autoware_can_msgs/share:/home/ros/autoware.ai/install/autoware_build_flags/share:${ROS_PACKAGE_PATH} /usr/bin/cmake /home/ros/autoware.ai/src/autoware/core_planning/dp_planner -DCMAKE_BUILD_TYPE=Release -DCATKIN_INSTALL_INTO_PREFIX_ROOT=0 -DCMAKE_INSTALL_PREFIX=/home/ros/autoware.ai/install/dp_planner
[4.179s] Invoking command in '/home/ros/autoware.ai/build/dp_planner': CMAKE_PREFIX_PATH=/home/ros/autoware.ai/install/op_simu:/home/ros/autoware.ai/install/op_planner:/home/ros/autoware.ai/install/op_utility:/home/ros/autoware.ai/install/map_file:/home/ros/autoware.ai/install/vector_map_server:/home/ros/autoware.ai/install/libwaypoint_follower:/home/ros/autoware.ai/install/lanelet2_extension:/home/ros/autoware.ai/install/vector_map:/home/ros/autoware.ai/install/amathutils_lib:/home/ros/autoware.ai/install/vector_map_msgs:/home/ros/autoware.ai/install/autoware_msgs:/home/ros/autoware.ai/install/autoware_lanelet2_msgs:/home/ros/autoware.ai/install/autoware_can_msgs:/home/ros/autoware.ai/install/autoware_build_flags:${CMAKE_PREFIX_PATH} LD_LIBRARY_PATH=/home/ros/autoware.ai/install/op_simu/lib:/home/ros/autoware.ai/install/op_planner/lib:/home/ros/autoware.ai/install/op_utility/lib:/home/ros/autoware.ai/install/map_file/lib:/home/ros/autoware.ai/install/libwaypoint_follower/lib:/home/ros/autoware.ai/install/lanelet2_extension/lib:/home/ros/autoware.ai/install/vector_map/lib:/home/ros/autoware.ai/install/amathutils_lib/lib:${LD_LIBRARY_PATH} PKG_CONFIG_PATH=/home/ros/autoware.ai/install/op_simu/lib/x86_64-linux-gnu/pkgconfig:/home/ros/autoware.ai/install/op_simu/lib/pkgconfig:/home/ros/autoware.ai/install/op_planner/lib/x86_64-linux-gnu/pkgconfig:/home/ros/autoware.ai/install/op_planner/lib/pkgconfig:/home/ros/autoware.ai/install/op_utility/lib/x86_64-linux-gnu/pkgconfig:/home/ros/autoware.ai/install/op_utility/lib/pkgconfig:/home/ros/autoware.ai/install/map_file/lib/x86_64-linux-gnu/pkgconfig:/home/ros/autoware.ai/install/map_file/lib/pkgconfig:/home/ros/autoware.ai/install/vector_map_server/lib/x86_64-linux-gnu/pkgconfig:/home/ros/autoware.ai/install/vector_map_server/lib/pkgconfig:/home/ros/autoware.ai/install/libwaypoint_follower/lib/x86_64-linux-gnu/pkgconfig:/home/ros/autoware.ai/install/libwaypoint_follower/lib/pkgconfig:/home/ros/autoware.ai/install/lanelet2_extension/lib/x86_64-linux-gnu/pkgconfig:/home/ros/autoware.ai/install/lanelet2_extension/lib/pkgconfig:/home/ros/autoware.ai/install/vector_map/lib/x86_64-linux-gnu/pkgconfig:/home/ros/autoware.ai/install/vector_map/lib/pkgconfig:/home/ros/autoware.ai/install/amathutils_lib/lib/x86_64-linux-gnu/pkgconfig:/home/ros/autoware.ai/install/amathutils_lib/lib/pkgconfig:/home/ros/autoware.ai/install/vector_map_msgs/lib/x86_64-linux-gnu/pkgconfig:/home/ros/autoware.ai/install/vector_map_msgs/lib/pkgconfig:/home/ros/autoware.ai/install/autoware_msgs/lib/x86_64-linux-gnu/pkgconfig:/home/ros/autoware.ai/install/autoware_msgs/lib/pkgconfig:/home/ros/autoware.ai/install/autoware_lanelet2_msgs/lib/x86_64-linux-gnu/pkgconfig:/home/ros/autoware.ai/install/autoware_lanelet2_msgs/lib/pkgconfig:/home/ros/autoware.ai/install/autoware_can_msgs/lib/x86_64-linux-gnu/pkgconfig:/home/ros/autoware.ai/install/autoware_can_msgs/lib/pkgconfig:/home/ros/autoware.ai/install/autoware_build_flags/lib/x86_64-linux-gnu/pkgconfig:/home/ros/autoware.ai/install/autoware_build_flags/lib/pkgconfig:${PKG_CONFIG_PATH} PYTHONPATH=/home/ros/autoware.ai/install/vector_map_server/lib/python2.7/dist-packages:/home/ros/autoware.ai/install/vector_map_msgs/lib/python2.7/dist-packages:/home/ros/autoware.ai/install/autoware_msgs/lib/python2.7/dist-packages:/home/ros/autoware.ai/install/autoware_lanelet2_msgs/lib/python2.7/dist-packages:/home/ros/autoware.ai/install/autoware_can_msgs/lib/python2.7/dist-packages:${PYTHONPATH} ROS_PACKAGE_PATH=/home/ros/autoware.ai/install/op_simu/share:/home/ros/autoware.ai/install/op_planner/share:/home/ros/autoware.ai/install/op_utility/share:/home/ros/autoware.ai/install/map_file/share:/home/ros/autoware.ai/install/vector_map_server/share:/home/ros/autoware.ai/install/libwaypoint_follower/share:/home/ros/autoware.ai/install/lanelet2_extension/share:/home/ros/autoware.ai/install/vector_map/share:/home/ros/autoware.ai/install/amathutils_lib/share:/home/ros/autoware.ai/install/vector_map_msgs/share:/home/ros/autoware.ai/install/autoware_msgs/share:/home/ros/autoware.ai/install/autoware_lanelet2_msgs/share:/home/ros/autoware.ai/install/autoware_can_msgs/share:/home/ros/autoware.ai/install/autoware_build_flags/share:${ROS_PACKAGE_PATH} /usr/bin/cmake --build /home/ros/autoware.ai/build/dp_planner -- -j12 -l12
[4.247s] [35m[1mScanning dependencies of target visualization_msgs_generate_messages_eus[0m
[4.262s] [  0%] Built target visualization_msgs_generate_messages_eus
[4.277s] [35m[1mScanning dependencies of target nodelet_generate_messages_nodejs[0m
[4.292s] [  0%] Built target nodelet_generate_messages_nodejs
[4.306s] [35m[1mScanning dependencies of target nodelet_generate_messages_eus[0m
[4.322s] [  0%] Built target nodelet_generate_messages_eus
[4.337s] [35m[1mScanning dependencies of target nodelet_generate_messages_cpp[0m
[4.352s] [  0%] Built target nodelet_generate_messages_cpp
[4.367s] [35m[1mScanning dependencies of target dynamic_reconfigure_generate_messages_lisp[0m
[4.383s] [  0%] Built target dynamic_reconfigure_generate_messages_lisp
[4.398s] [35m[1mScanning dependencies of target dynamic_reconfigure_generate_messages_eus[0m
[4.413s] [  0%] Built target dynamic_reconfigure_generate_messages_eus
[4.428s] [35m[1mScanning dependencies of target pcl_ros_gencfg[0m
[4.443s] [  0%] Built target pcl_ros_gencfg
[4.457s] [35m[1mScanning dependencies of target vector_map_server_generate_messages_nodejs[0m
[4.472s] [  0%] Built target vector_map_server_generate_messages_nodejs
[4.487s] [35m[1mScanning dependencies of target vector_map_msgs_generate_messages_py[0m
[4.501s] [  0%] Built target vector_map_msgs_generate_messages_py
[4.516s] [35m[1mScanning dependencies of target bond_generate_messages_py[0m
[4.531s] [  0%] Built target bond_generate_messages_py
[4.546s] [35m[1mScanning dependencies of target vector_map_msgs_generate_messages_nodejs[0m
[4.562s] [  0%] Built target vector_map_msgs_generate_messages_nodejs
[4.577s] [35m[1mScanning dependencies of target vector_map_msgs_generate_messages_lisp[0m
[4.593s] [  0%] Built target vector_map_msgs_generate_messages_lisp
[4.607s] [35m[1mScanning dependencies of target vector_map_msgs_generate_messages_eus[0m
[4.623s] [  0%] Built target vector_map_msgs_generate_messages_eus
[4.638s] [35m[1mScanning dependencies of target vector_map_msgs_generate_messages_cpp[0m
[4.654s] [  0%] Built target vector_map_msgs_generate_messages_cpp
[4.669s] [35m[1mScanning dependencies of target visualization_msgs_generate_messages_py[0m
[4.683s] [  0%] Built target visualization_msgs_generate_messages_py
[4.699s] [35m[1mScanning dependencies of target visualization_msgs_generate_messages_nodejs[0m
[4.713s] [  0%] Built target visualization_msgs_generate_messages_nodejs
[4.729s] [35m[1mScanning dependencies of target geometry_msgs_generate_messages_py[0m
[4.744s] [  0%] Built target geometry_msgs_generate_messages_py
[4.759s] [35m[1mScanning dependencies of target sensor_msgs_generate_messages_nodejs[0m
[4.774s] [  0%] Built target sensor_msgs_generate_messages_nodejs
[4.788s] [35m[1mScanning dependencies of target vector_map_server_generate_messages_eus[0m
[4.804s] [  0%] Built target vector_map_server_generate_messages_eus
[4.819s] [35m[1mScanning dependencies of target roscpp_generate_messages_cpp[0m
[4.835s] [  0%] Built target roscpp_generate_messages_cpp
[4.851s] [35m[1mScanning dependencies of target actionlib_generate_messages_cpp[0m
[4.867s] [  0%] Built target actionlib_generate_messages_cpp
[4.882s] [35m[1mScanning dependencies of target pcl_msgs_generate_messages_eus[0m
[4.897s] [  0%] Built target pcl_msgs_generate_messages_eus
[4.913s] [35m[1mScanning dependencies of target rosgraph_msgs_generate_messages_eus[0m
[4.928s] [  0%] Built target rosgraph_msgs_generate_messages_eus
[4.943s] [35m[1mScanning dependencies of target jsk_recognition_msgs_generate_messages_lisp[0m
[4.959s] [  0%] Built target jsk_recognition_msgs_generate_messages_lisp
[4.975s] [35m[1mScanning dependencies of target jsk_recognition_msgs_generate_messages_eus[0m
[4.991s] [  0%] Built target jsk_recognition_msgs_generate_messages_eus
[5.006s] [35m[1mScanning dependencies of target tf2_msgs_generate_messages_cpp[0m
[5.022s] [  0%] Built target tf2_msgs_generate_messages_cpp
[5.037s] [35m[1mScanning dependencies of target pcl_msgs_generate_messages_cpp[0m
[5.053s] [  0%] Built target pcl_msgs_generate_messages_cpp
[5.069s] [35m[1mScanning dependencies of target sensor_msgs_generate_messages_lisp[0m
[5.084s] [  0%] Built target sensor_msgs_generate_messages_lisp
[5.099s] [35m[1mScanning dependencies of target std_srvs_generate_messages_cpp[0m
[5.115s] [  0%] Built target std_srvs_generate_messages_cpp
[5.130s] [35m[1mScanning dependencies of target topic_tools_generate_messages_lisp[0m
[5.145s] [  0%] Built target topic_tools_generate_messages_lisp
[5.161s] [35m[1mScanning dependencies of target jsk_recognition_msgs_generate_messages_cpp[0m
[5.176s] [  0%] Built target jsk_recognition_msgs_generate_messages_cpp
[5.191s] [35m[1mScanning dependencies of target geometry_msgs_generate_messages_lisp[0m
[5.207s] [  0%] Built target geometry_msgs_generate_messages_lisp
[5.223s] [35m[1mScanning dependencies of target geometry_msgs_generate_messages_eus[0m
[5.238s] [  0%] Built target geometry_msgs_generate_messages_eus
[5.253s] [35m[1mScanning dependencies of target autoware_can_msgs_generate_messages_cpp[0m
[5.269s] [  0%] Built target autoware_can_msgs_generate_messages_cpp
[5.284s] [35m[1mScanning dependencies of target dynamic_reconfigure_generate_messages_py[0m
[5.300s] [  0%] Built target dynamic_reconfigure_generate_messages_py
[5.316s] [35m[1mScanning dependencies of target autoware_can_msgs_generate_messages_lisp[0m
[5.331s] [  0%] Built target autoware_can_msgs_generate_messages_lisp
[5.347s] [35m[1mScanning dependencies of target autoware_can_msgs_generate_messages_nodejs[0m
[5.362s] [  0%] Built target autoware_can_msgs_generate_messages_nodejs
[5.378s] [35m[1mScanning dependencies of target pcl_msgs_generate_messages_nodejs[0m
[5.393s] [  0%] Built target pcl_msgs_generate_messages_nodejs
[5.409s] [35m[1mScanning dependencies of target jsk_recognition_msgs_generate_messages_py[0m
[5.425s] [  0%] Built target jsk_recognition_msgs_generate_messages_py
[5.441s] [35m[1mScanning dependencies of target nodelet_generate_messages_py[0m
[5.457s] [  0%] Built target nodelet_generate_messages_py
[5.472s] [35m[1mScanning dependencies of target sensor_msgs_generate_messages_py[0m
[5.487s] [  0%] Built target sensor_msgs_generate_messages_py
[5.502s] [35m[1mScanning dependencies of target dynamic_reconfigure_generate_messages_cpp[0m
[5.518s] [  0%] Built target dynamic_reconfigure_generate_messages_cpp
[5.534s] [35m[1mScanning dependencies of target tf_generate_messages_py[0m
[5.550s] [  0%] Built target tf_generate_messages_py
[5.565s] [35m[1mScanning dependencies of target topic_tools_generate_messages_py[0m
[5.581s] [  0%] Built target topic_tools_generate_messages_py
[5.596s] [35m[1mScanning dependencies of target nodelet_topic_tools_gencfg[0m
[5.611s] [  0%] Built target nodelet_topic_tools_gencfg
[5.627s] [35m[1mScanning dependencies of target actionlib_msgs_generate_messages_nodejs[0m
[5.642s] [  0%] Built target actionlib_msgs_generate_messages_nodejs
[5.657s] [35m[1mScanning dependencies of target std_msgs_generate_messages_cpp[0m
[5.672s] [  0%] Built target std_msgs_generate_messages_cpp
[5.686s] [35m[1mScanning dependencies of target jsk_footstep_msgs_generate_messages_py[0m
[5.700s] [  0%] Built target jsk_footstep_msgs_generate_messages_py
[5.715s] [35m[1mScanning dependencies of target visualization_msgs_generate_messages_lisp[0m
[5.729s] [  0%] Built target visualization_msgs_generate_messages_lisp
[5.744s] [35m[1mScanning dependencies of target std_msgs_generate_messages_eus[0m
[5.759s] [  0%] Built target std_msgs_generate_messages_eus
[5.773s] [35m[1mScanning dependencies of target geometry_msgs_generate_messages_nodejs[0m
[5.787s] [  0%] Built target geometry_msgs_generate_messages_nodejs
[5.802s] [35m[1mScanning dependencies of target dynamic_reconfigure_generate_messages_nodejs[0m
[5.816s] [  0%] Built target dynamic_reconfigure_generate_messages_nodejs
[5.831s] [35m[1mScanning dependencies of target autoware_can_msgs_generate_messages_py[0m
[5.846s] [  0%] Built target autoware_can_msgs_generate_messages_py
[5.861s] [35m[1mScanning dependencies of target sensor_msgs_generate_messages_eus[0m
[5.876s] [  0%] Built target sensor_msgs_generate_messages_eus
[5.890s] [35m[1mScanning dependencies of target sensor_msgs_generate_messages_cpp[0m
[5.905s] [  0%] Built target sensor_msgs_generate_messages_cpp
[5.920s] [35m[1mScanning dependencies of target roscpp_generate_messages_nodejs[0m
[5.934s] [  0%] Built target roscpp_generate_messages_nodejs
[5.949s] [35m[1mScanning dependencies of target std_msgs_generate_messages_lisp[0m
[5.963s] [  0%] Built target std_msgs_generate_messages_lisp
[5.978s] [35m[1mScanning dependencies of target std_msgs_generate_messages_nodejs[0m
[5.993s] [  0%] Built target std_msgs_generate_messages_nodejs
[6.006s] [35m[1mScanning dependencies of target std_msgs_generate_messages_py[0m
[6.023s] [  0%] Built target std_msgs_generate_messages_py
[6.039s] [35m[1mScanning dependencies of target nodelet_generate_messages_lisp[0m
[6.055s] [  0%] Built target nodelet_generate_messages_lisp
[6.071s] [35m[1mScanning dependencies of target autoware_msgs_generate_messages_py[0m
[6.088s] [  0%] Built target autoware_msgs_generate_messages_py
[6.104s] [35m[1mScanning dependencies of target jsk_footstep_msgs_generate_messages_eus[0m
[6.121s] [  0%] Built target jsk_footstep_msgs_generate_messages_eus
[6.137s] [35m[1mScanning dependencies of target actionlib_msgs_generate_messages_py[0m
[6.153s] [  0%] Built target actionlib_msgs_generate_messages_py
[6.169s] [35m[1mScanning dependencies of target vector_map_server_generate_messages_lisp[0m
[6.184s] [  0%] Built target vector_map_server_generate_messages_lisp
[6.200s] [35m[1mScanning dependencies of target jsk_footstep_msgs_generate_messages_lisp[0m
[6.215s] [  0%] Built target jsk_footstep_msgs_generate_messages_lisp
[6.231s] [35m[1mScanning dependencies of target jsk_footstep_msgs_generate_messages_nodejs[0m
[6.247s] [  0%] Built target jsk_footstep_msgs_generate_messages_nodejs
[6.262s] [35m[1mScanning dependencies of target autoware_msgs_generate_messages_lisp[0m
[6.277s] [  0%] Built target autoware_msgs_generate_messages_lisp
[6.293s] [35m[1mScanning dependencies of target actionlib_msgs_generate_messages_lisp[0m
[6.309s] [  0%] Built target actionlib_msgs_generate_messages_lisp
[6.325s] [35m[1mScanning dependencies of target autoware_msgs_generate_messages_cpp[0m
[6.341s] [  0%] Built target autoware_msgs_generate_messages_cpp
[6.356s] [35m[1mScanning dependencies of target rosgraph_msgs_generate_messages_cpp[0m
[6.372s] [  0%] Built target rosgraph_msgs_generate_messages_cpp
[6.388s] [35m[1mScanning dependencies of target autoware_msgs_generate_messages_eus[0m
[6.403s] [  0%] Built target autoware_msgs_generate_messages_eus
[6.419s] [35m[1mScanning dependencies of target autoware_msgs_generate_messages_nodejs[0m
[6.435s] [  0%] Built target autoware_msgs_generate_messages_nodejs
[6.451s] [35m[1mScanning dependencies of target actionlib_generate_messages_nodejs[0m
[6.466s] [  0%] Built target actionlib_generate_messages_nodejs
[6.481s] [35m[1mScanning dependencies of target pcl_msgs_generate_messages_lisp[0m
[6.496s] [  0%] Built target pcl_msgs_generate_messages_lisp
[6.511s] [35m[1mScanning dependencies of target tf_generate_messages_cpp[0m
[6.528s] [  0%] Built target tf_generate_messages_cpp
[6.543s] [35m[1mScanning dependencies of target jsk_footstep_msgs_generate_messages_cpp[0m
[6.559s] [  0%] Built target jsk_footstep_msgs_generate_messages_cpp
[6.574s] [35m[1mScanning dependencies of target actionlib_msgs_generate_messages_cpp[0m
[6.590s] [  0%] Built target actionlib_msgs_generate_messages_cpp
[6.605s] [35m[1mScanning dependencies of target tf_generate_messages_eus[0m
[6.621s] [  0%] Built target tf_generate_messages_eus
[6.636s] [35m[1mScanning dependencies of target tf_generate_messages_lisp[0m
[6.651s] [  0%] Built target tf_generate_messages_lisp
[6.666s] [35m[1mScanning dependencies of target tf_generate_messages_nodejs[0m
[6.681s] [  0%] Built target tf_generate_messages_nodejs
[6.696s] [35m[1mScanning dependencies of target std_srvs_generate_messages_eus[0m
[6.711s] [  0%] Built target std_srvs_generate_messages_eus
[6.727s] [35m[1mScanning dependencies of target jsk_recognition_msgs_generate_messages_nodejs[0m
[6.743s] [  0%] Built target jsk_recognition_msgs_generate_messages_nodejs
[6.759s] [35m[1mScanning dependencies of target roscpp_generate_messages_lisp[0m
[6.774s] [  0%] Built target roscpp_generate_messages_lisp
[6.789s] [35m[1mScanning dependencies of target roscpp_generate_messages_py[0m
[6.804s] [  0%] Built target roscpp_generate_messages_py
[6.820s] [35m[1mScanning dependencies of target rosgraph_msgs_generate_messages_lisp[0m
[6.836s] [  0%] Built target rosgraph_msgs_generate_messages_lisp
[6.851s] [35m[1mScanning dependencies of target rosgraph_msgs_generate_messages_nodejs[0m
[6.866s] [  0%] Built target rosgraph_msgs_generate_messages_nodejs
[6.881s] [35m[1mScanning dependencies of target vector_map_server_generate_messages_py[0m
[6.896s] [  0%] Built target vector_map_server_generate_messages_py
[6.910s] [35m[1mScanning dependencies of target roscpp_generate_messages_eus[0m
[6.926s] [  0%] Built target roscpp_generate_messages_eus
[6.941s] [35m[1mScanning dependencies of target autoware_can_msgs_generate_messages_eus[0m
[6.957s] [  0%] Built target autoware_can_msgs_generate_messages_eus
[6.972s] [35m[1mScanning dependencies of target actionlib_msgs_generate_messages_eus[0m
[6.986s] [  0%] Built target actionlib_msgs_generate_messages_eus
[7.003s] [35m[1mScanning dependencies of target rosgraph_msgs_generate_messages_py[0m
[7.018s] [  0%] Built target rosgraph_msgs_generate_messages_py
[7.033s] [35m[1mScanning dependencies of target pcl_msgs_generate_messages_py[0m
[7.048s] [  0%] Built target pcl_msgs_generate_messages_py
[7.063s] [35m[1mScanning dependencies of target actionlib_generate_messages_eus[0m
[7.081s] [  0%] Built target actionlib_generate_messages_eus
[7.098s] [35m[1mScanning dependencies of target geometry_msgs_generate_messages_cpp[0m
[7.114s] [  0%] Built target geometry_msgs_generate_messages_cpp
[7.128s] [35m[1mScanning dependencies of target actionlib_generate_messages_lisp[0m
[7.147s] [  0%] Built target actionlib_generate_messages_lisp
[7.162s] [35m[1mScanning dependencies of target dynamic_reconfigure_gencfg[0m
[7.178s] [  0%] Built target dynamic_reconfigure_gencfg
[7.195s] [35m[1mScanning dependencies of target tf2_msgs_generate_messages_lisp[0m
[7.210s] [  0%] Built target tf2_msgs_generate_messages_lisp
[7.226s] [35m[1mScanning dependencies of target actionlib_generate_messages_py[0m
[7.242s] [  0%] Built target actionlib_generate_messages_py
[7.262s] [35m[1mScanning dependencies of target tf2_msgs_generate_messages_py[0m
[7.277s] [  0%] Built target tf2_msgs_generate_messages_py
[7.295s] [35m[1mScanning dependencies of target tf2_msgs_generate_messages_nodejs[0m
[7.309s] [  0%] Built target tf2_msgs_generate_messages_nodejs
[7.324s] [35m[1mScanning dependencies of target tf2_msgs_generate_messages_eus[0m
[7.342s] [  0%] Built target tf2_msgs_generate_messages_eus
[7.357s] [35m[1mScanning dependencies of target visualization_msgs_generate_messages_cpp[0m
[7.372s] [  0%] Built target visualization_msgs_generate_messages_cpp
[7.386s] [35m[1mScanning dependencies of target vector_map_server_generate_messages_cpp[0m
[7.401s] [  0%] Built target vector_map_server_generate_messages_cpp
[7.416s] [35m[1mScanning dependencies of target bond_generate_messages_cpp[0m
[7.431s] [  0%] Built target bond_generate_messages_cpp
[7.446s] [35m[1mScanning dependencies of target bond_generate_messages_eus[0m
[7.461s] [  0%] Built target bond_generate_messages_eus
[7.476s] [35m[1mScanning dependencies of target bond_generate_messages_lisp[0m
[7.490s] [  0%] Built target bond_generate_messages_lisp
[7.505s] [35m[1mScanning dependencies of target bond_generate_messages_nodejs[0m
[7.520s] [  0%] Built target bond_generate_messages_nodejs
[7.535s] [35m[1mScanning dependencies of target std_srvs_generate_messages_lisp[0m
[7.550s] [  0%] Built target std_srvs_generate_messages_lisp
[7.565s] [35m[1mScanning dependencies of target std_srvs_generate_messages_nodejs[0m
[7.579s] [  0%] Built target std_srvs_generate_messages_nodejs
[7.594s] [35m[1mScanning dependencies of target std_srvs_generate_messages_py[0m
[7.609s] [  0%] Built target std_srvs_generate_messages_py
[7.624s] [35m[1mScanning dependencies of target topic_tools_generate_messages_cpp[0m
[7.639s] [  0%] Built target topic_tools_generate_messages_cpp
[7.654s] [35m[1mScanning dependencies of target topic_tools_generate_messages_eus[0m
[7.669s] [  0%] Built target topic_tools_generate_messages_eus
[7.684s] [35m[1mScanning dependencies of target topic_tools_generate_messages_nodejs[0m
[7.699s] [  0%] Built target topic_tools_generate_messages_nodejs
[7.716s] [35m[1mScanning dependencies of target dp_planner[0m
[7.887s] [ 20%] [32mBuilding CXX object CMakeFiles/dp_planner.dir/nodes/dp_planner.cpp.o[0m
[19.297s] [ 40%] [32mBuilding CXX object CMakeFiles/dp_planner.dir/nodes/PolygonGenerator.cpp.o[0m
[30.757s] [ 60%] [32mBuilding CXX object CMakeFiles/dp_planner.dir/nodes/ROSHelpers.cpp.o[0m
[37.825s] [01m[K/home/ros/autoware.ai/src/autoware/core_planning/dp_planner/nodes/ROSHelpers.cpp:[m[K In static member function ‘[01m[Kstatic void PlannerXNS::ROSHelpers::ConvertFromPlannerHRectangleToAutowareRviz(const std::vector<PlannerHNS::GPSPoint>&, visualization_msgs::Marker&)[m[K’:
[37.825s] [01m[K/home/ros/autoware.ai/src/autoware/core_planning/dp_planner/nodes/ROSHelpers.cpp:142:7:[m[K [01;35m[Kwarning: [m[Kunused variable ‘[01m[Kid[m[K’ [[01;35m[K-Wunused-variable[m[K]
[37.825s]    int [01;35m[Kid[m[K = 0;
[37.825s]        [01;35m[K^~[m[K
[37.826s] [01m[K/home/ros/autoware.ai/src/autoware/core_planning/dp_planner/nodes/ROSHelpers.cpp:[m[K In static member function ‘[01m[Kstatic void PlannerXNS::ROSHelpers::ConvertFromPlannerHToAutowareVisualizePathFormat(const std::vector<PlannerHNS::WayPoint>&, const std::vector<std::vector<std::vector<PlannerHNS::WayPoint> > >&, const PlannerHNS::LocalPlannerH&, visualization_msgs::MarkerArray&)[m[K’:
[37.826s] [01m[K/home/ros/autoware.ai/src/autoware/core_planning/dp_planner/nodes/ROSHelpers.cpp:245:12:[m[K [01;35m[Kwarning: [m[Kcomparison between signed and unsigned integer expressions [[01;35m[K-Wsign-compare[m[K]
[37.826s]        if([01;35m[Ki == localPlanner.m_iSafeTrajectory[m[K && il == localPlanner.m_iCurrentTotalPathId)
[37.826s]           [01;35m[K~~^~~~~~~~~~~~~~~~~~~~~~~~~~~~~~~~~[m[K
[37.827s] [01m[K/home/ros/autoware.ai/src/autoware/core_planning/dp_planner/nodes/ROSHelpers.cpp:245:52:[m[K [01;35m[Kwarning: [m[Kcomparison between signed and unsigned integer expressions [[01;35m[K-Wsign-compare[m[K]
[37.827s]        if(i == localPlanner.m_iSafeTrajectory && [01;35m[Kil == localPlanner.m_iCurrentTotalPathId[m[K)
[37.827s]                                                  [01;35m[K~~~^~~~~~~~~~~~~~~~~~~~~~~~~~~~~~~~~~~~~[m[K
[37.857s] [01m[K/home/ros/autoware.ai/src/autoware/core_planning/dp_planner/nodes/ROSHelpers.cpp:[m[K In static member function ‘[01m[Kstatic void PlannerXNS::ROSHelpers::ConvertFromAutowareCloudClusterObstaclesToPlannerH(const PlannerHNS::WayPoint&, const PlannerHNS::CAR_BASIC_INFO&, const CloudClusterArray&, std::vector<PlannerHNS::DetectedObject>&, int&, int&)[m[K’:
[37.857s] [01m[K/home/ros/autoware.ai/src/autoware/core_planning/dp_planner/nodes/ROSHelpers.cpp:646:12:[m[K [01;35m[Kwarning: [m[Kunused variable ‘[01m[Ksize[m[K’ [[01;35m[K-Wunused-variable[m[K]
[37.857s]      double [01;35m[Ksize[m[K = (obj.w+obj.l)/2.0;
[37.857s]             [01;35m[K^~~~[m[K
[45.193s] [ 80%] [32mBuilding CXX object CMakeFiles/dp_planner.dir/nodes/dp_planner_core.cpp.o[0m
[73.216s] [100%] [32m[1mLinking CXX executable devel/lib/dp_planner/dp_planner[0m
[74.189s] [100%] Built target dp_planner
[74.208s] Invoked command in '/home/ros/autoware.ai/build/dp_planner' returned '0': CMAKE_PREFIX_PATH=/home/ros/autoware.ai/install/op_simu:/home/ros/autoware.ai/install/op_planner:/home/ros/autoware.ai/install/op_utility:/home/ros/autoware.ai/install/map_file:/home/ros/autoware.ai/install/vector_map_server:/home/ros/autoware.ai/install/libwaypoint_follower:/home/ros/autoware.ai/install/lanelet2_extension:/home/ros/autoware.ai/install/vector_map:/home/ros/autoware.ai/install/amathutils_lib:/home/ros/autoware.ai/install/vector_map_msgs:/home/ros/autoware.ai/install/autoware_msgs:/home/ros/autoware.ai/install/autoware_lanelet2_msgs:/home/ros/autoware.ai/install/autoware_can_msgs:/home/ros/autoware.ai/install/autoware_build_flags:${CMAKE_PREFIX_PATH} LD_LIBRARY_PATH=/home/ros/autoware.ai/install/op_simu/lib:/home/ros/autoware.ai/install/op_planner/lib:/home/ros/autoware.ai/install/op_utility/lib:/home/ros/autoware.ai/install/map_file/lib:/home/ros/autoware.ai/install/libwaypoint_follower/lib:/home/ros/autoware.ai/install/lanelet2_extension/lib:/home/ros/autoware.ai/install/vector_map/lib:/home/ros/autoware.ai/install/amathutils_lib/lib:${LD_LIBRARY_PATH} PKG_CONFIG_PATH=/home/ros/autoware.ai/install/op_simu/lib/x86_64-linux-gnu/pkgconfig:/home/ros/autoware.ai/install/op_simu/lib/pkgconfig:/home/ros/autoware.ai/install/op_planner/lib/x86_64-linux-gnu/pkgconfig:/home/ros/autoware.ai/install/op_planner/lib/pkgconfig:/home/ros/autoware.ai/install/op_utility/lib/x86_64-linux-gnu/pkgconfig:/home/ros/autoware.ai/install/op_utility/lib/pkgconfig:/home/ros/autoware.ai/install/map_file/lib/x86_64-linux-gnu/pkgconfig:/home/ros/autoware.ai/install/map_file/lib/pkgconfig:/home/ros/autoware.ai/install/vector_map_server/lib/x86_64-linux-gnu/pkgconfig:/home/ros/autoware.ai/install/vector_map_server/lib/pkgconfig:/home/ros/autoware.ai/install/libwaypoint_follower/lib/x86_64-linux-gnu/pkgconfig:/home/ros/autoware.ai/install/libwaypoint_follower/lib/pkgconfig:/home/ros/autoware.ai/install/lanelet2_extension/lib/x86_64-linux-gnu/pkgconfig:/home/ros/autoware.ai/install/lanelet2_extension/lib/pkgconfig:/home/ros/autoware.ai/install/vector_map/lib/x86_64-linux-gnu/pkgconfig:/home/ros/autoware.ai/install/vector_map/lib/pkgconfig:/home/ros/autoware.ai/install/amathutils_lib/lib/x86_64-linux-gnu/pkgconfig:/home/ros/autoware.ai/install/amathutils_lib/lib/pkgconfig:/home/ros/autoware.ai/install/vector_map_msgs/lib/x86_64-linux-gnu/pkgconfig:/home/ros/autoware.ai/install/vector_map_msgs/lib/pkgconfig:/home/ros/autoware.ai/install/autoware_msgs/lib/x86_64-linux-gnu/pkgconfig:/home/ros/autoware.ai/install/autoware_msgs/lib/pkgconfig:/home/ros/autoware.ai/install/autoware_lanelet2_msgs/lib/x86_64-linux-gnu/pkgconfig:/home/ros/autoware.ai/install/autoware_lanelet2_msgs/lib/pkgconfig:/home/ros/autoware.ai/install/autoware_can_msgs/lib/x86_64-linux-gnu/pkgconfig:/home/ros/autoware.ai/install/autoware_can_msgs/lib/pkgconfig:/home/ros/autoware.ai/install/autoware_build_flags/lib/x86_64-linux-gnu/pkgconfig:/home/ros/autoware.ai/install/autoware_build_flags/lib/pkgconfig:${PKG_CONFIG_PATH} PYTHONPATH=/home/ros/autoware.ai/install/vector_map_server/lib/python2.7/dist-packages:/home/ros/autoware.ai/install/vector_map_msgs/lib/python2.7/dist-packages:/home/ros/autoware.ai/install/autoware_msgs/lib/python2.7/dist-packages:/home/ros/autoware.ai/install/autoware_lanelet2_msgs/lib/python2.7/dist-packages:/home/ros/autoware.ai/install/autoware_can_msgs/lib/python2.7/dist-packages:${PYTHONPATH} ROS_PACKAGE_PATH=/home/ros/autoware.ai/install/op_simu/share:/home/ros/autoware.ai/install/op_planner/share:/home/ros/autoware.ai/install/op_utility/share:/home/ros/autoware.ai/install/map_file/share:/home/ros/autoware.ai/install/vector_map_server/share:/home/ros/autoware.ai/install/libwaypoint_follower/share:/home/ros/autoware.ai/install/lanelet2_extension/share:/home/ros/autoware.ai/install/vector_map/share:/home/ros/autoware.ai/install/amathutils_lib/share:/home/ros/autoware.ai/install/vector_map_msgs/share:/home/ros/autoware.ai/install/autoware_msgs/share:/home/ros/autoware.ai/install/autoware_lanelet2_msgs/share:/home/ros/autoware.ai/install/autoware_can_msgs/share:/home/ros/autoware.ai/install/autoware_build_flags/share:${ROS_PACKAGE_PATH} /usr/bin/cmake --build /home/ros/autoware.ai/build/dp_planner -- -j12 -l12
[74.324s] Invoking command in '/home/ros/autoware.ai/build/dp_planner': CMAKE_PREFIX_PATH=/home/ros/autoware.ai/install/op_simu:/home/ros/autoware.ai/install/op_planner:/home/ros/autoware.ai/install/op_utility:/home/ros/autoware.ai/install/map_file:/home/ros/autoware.ai/install/vector_map_server:/home/ros/autoware.ai/install/libwaypoint_follower:/home/ros/autoware.ai/install/lanelet2_extension:/home/ros/autoware.ai/install/vector_map:/home/ros/autoware.ai/install/amathutils_lib:/home/ros/autoware.ai/install/vector_map_msgs:/home/ros/autoware.ai/install/autoware_msgs:/home/ros/autoware.ai/install/autoware_lanelet2_msgs:/home/ros/autoware.ai/install/autoware_can_msgs:/home/ros/autoware.ai/install/autoware_build_flags:${CMAKE_PREFIX_PATH} LD_LIBRARY_PATH=/home/ros/autoware.ai/install/op_simu/lib:/home/ros/autoware.ai/install/op_planner/lib:/home/ros/autoware.ai/install/op_utility/lib:/home/ros/autoware.ai/install/map_file/lib:/home/ros/autoware.ai/install/libwaypoint_follower/lib:/home/ros/autoware.ai/install/lanelet2_extension/lib:/home/ros/autoware.ai/install/vector_map/lib:/home/ros/autoware.ai/install/amathutils_lib/lib:${LD_LIBRARY_PATH} PKG_CONFIG_PATH=/home/ros/autoware.ai/install/op_simu/lib/x86_64-linux-gnu/pkgconfig:/home/ros/autoware.ai/install/op_simu/lib/pkgconfig:/home/ros/autoware.ai/install/op_planner/lib/x86_64-linux-gnu/pkgconfig:/home/ros/autoware.ai/install/op_planner/lib/pkgconfig:/home/ros/autoware.ai/install/op_utility/lib/x86_64-linux-gnu/pkgconfig:/home/ros/autoware.ai/install/op_utility/lib/pkgconfig:/home/ros/autoware.ai/install/map_file/lib/x86_64-linux-gnu/pkgconfig:/home/ros/autoware.ai/install/map_file/lib/pkgconfig:/home/ros/autoware.ai/install/vector_map_server/lib/x86_64-linux-gnu/pkgconfig:/home/ros/autoware.ai/install/vector_map_server/lib/pkgconfig:/home/ros/autoware.ai/install/libwaypoint_follower/lib/x86_64-linux-gnu/pkgconfig:/home/ros/autoware.ai/install/libwaypoint_follower/lib/pkgconfig:/home/ros/autoware.ai/install/lanelet2_extension/lib/x86_64-linux-gnu/pkgconfig:/home/ros/autoware.ai/install/lanelet2_extension/lib/pkgconfig:/home/ros/autoware.ai/install/vector_map/lib/x86_64-linux-gnu/pkgconfig:/home/ros/autoware.ai/install/vector_map/lib/pkgconfig:/home/ros/autoware.ai/install/amathutils_lib/lib/x86_64-linux-gnu/pkgconfig:/home/ros/autoware.ai/install/amathutils_lib/lib/pkgconfig:/home/ros/autoware.ai/install/vector_map_msgs/lib/x86_64-linux-gnu/pkgconfig:/home/ros/autoware.ai/install/vector_map_msgs/lib/pkgconfig:/home/ros/autoware.ai/install/autoware_msgs/lib/x86_64-linux-gnu/pkgconfig:/home/ros/autoware.ai/install/autoware_msgs/lib/pkgconfig:/home/ros/autoware.ai/install/autoware_lanelet2_msgs/lib/x86_64-linux-gnu/pkgconfig:/home/ros/autoware.ai/install/autoware_lanelet2_msgs/lib/pkgconfig:/home/ros/autoware.ai/install/autoware_can_msgs/lib/x86_64-linux-gnu/pkgconfig:/home/ros/autoware.ai/install/autoware_can_msgs/lib/pkgconfig:/home/ros/autoware.ai/install/autoware_build_flags/lib/x86_64-linux-gnu/pkgconfig:/home/ros/autoware.ai/install/autoware_build_flags/lib/pkgconfig:${PKG_CONFIG_PATH} PYTHONPATH=/home/ros/autoware.ai/install/vector_map_server/lib/python2.7/dist-packages:/home/ros/autoware.ai/install/vector_map_msgs/lib/python2.7/dist-packages:/home/ros/autoware.ai/install/autoware_msgs/lib/python2.7/dist-packages:/home/ros/autoware.ai/install/autoware_lanelet2_msgs/lib/python2.7/dist-packages:/home/ros/autoware.ai/install/autoware_can_msgs/lib/python2.7/dist-packages:${PYTHONPATH} ROS_PACKAGE_PATH=/home/ros/autoware.ai/install/op_simu/share:/home/ros/autoware.ai/install/op_planner/share:/home/ros/autoware.ai/install/op_utility/share:/home/ros/autoware.ai/install/map_file/share:/home/ros/autoware.ai/install/vector_map_server/share:/home/ros/autoware.ai/install/libwaypoint_follower/share:/home/ros/autoware.ai/install/lanelet2_extension/share:/home/ros/autoware.ai/install/vector_map/share:/home/ros/autoware.ai/install/amathutils_lib/share:/home/ros/autoware.ai/install/vector_map_msgs/share:/home/ros/autoware.ai/install/autoware_msgs/share:/home/ros/autoware.ai/install/autoware_lanelet2_msgs/share:/home/ros/autoware.ai/install/autoware_can_msgs/share:/home/ros/autoware.ai/install/autoware_build_flags/share:${ROS_PACKAGE_PATH} /usr/bin/cmake --build /home/ros/autoware.ai/build/dp_planner --target tests -- -j12 -l12
[74.413s] [35m[1mScanning dependencies of target tests[0m
[74.428s] Built target tests
[74.447s] Invoked command in '/home/ros/autoware.ai/build/dp_planner' returned '0': CMAKE_PREFIX_PATH=/home/ros/autoware.ai/install/op_simu:/home/ros/autoware.ai/install/op_planner:/home/ros/autoware.ai/install/op_utility:/home/ros/autoware.ai/install/map_file:/home/ros/autoware.ai/install/vector_map_server:/home/ros/autoware.ai/install/libwaypoint_follower:/home/ros/autoware.ai/install/lanelet2_extension:/home/ros/autoware.ai/install/vector_map:/home/ros/autoware.ai/install/amathutils_lib:/home/ros/autoware.ai/install/vector_map_msgs:/home/ros/autoware.ai/install/autoware_msgs:/home/ros/autoware.ai/install/autoware_lanelet2_msgs:/home/ros/autoware.ai/install/autoware_can_msgs:/home/ros/autoware.ai/install/autoware_build_flags:${CMAKE_PREFIX_PATH} LD_LIBRARY_PATH=/home/ros/autoware.ai/install/op_simu/lib:/home/ros/autoware.ai/install/op_planner/lib:/home/ros/autoware.ai/install/op_utility/lib:/home/ros/autoware.ai/install/map_file/lib:/home/ros/autoware.ai/install/libwaypoint_follower/lib:/home/ros/autoware.ai/install/lanelet2_extension/lib:/home/ros/autoware.ai/install/vector_map/lib:/home/ros/autoware.ai/install/amathutils_lib/lib:${LD_LIBRARY_PATH} PKG_CONFIG_PATH=/home/ros/autoware.ai/install/op_simu/lib/x86_64-linux-gnu/pkgconfig:/home/ros/autoware.ai/install/op_simu/lib/pkgconfig:/home/ros/autoware.ai/install/op_planner/lib/x86_64-linux-gnu/pkgconfig:/home/ros/autoware.ai/install/op_planner/lib/pkgconfig:/home/ros/autoware.ai/install/op_utility/lib/x86_64-linux-gnu/pkgconfig:/home/ros/autoware.ai/install/op_utility/lib/pkgconfig:/home/ros/autoware.ai/install/map_file/lib/x86_64-linux-gnu/pkgconfig:/home/ros/autoware.ai/install/map_file/lib/pkgconfig:/home/ros/autoware.ai/install/vector_map_server/lib/x86_64-linux-gnu/pkgconfig:/home/ros/autoware.ai/install/vector_map_server/lib/pkgconfig:/home/ros/autoware.ai/install/libwaypoint_follower/lib/x86_64-linux-gnu/pkgconfig:/home/ros/autoware.ai/install/libwaypoint_follower/lib/pkgconfig:/home/ros/autoware.ai/install/lanelet2_extension/lib/x86_64-linux-gnu/pkgconfig:/home/ros/autoware.ai/install/lanelet2_extension/lib/pkgconfig:/home/ros/autoware.ai/install/vector_map/lib/x86_64-linux-gnu/pkgconfig:/home/ros/autoware.ai/install/vector_map/lib/pkgconfig:/home/ros/autoware.ai/install/amathutils_lib/lib/x86_64-linux-gnu/pkgconfig:/home/ros/autoware.ai/install/amathutils_lib/lib/pkgconfig:/home/ros/autoware.ai/install/vector_map_msgs/lib/x86_64-linux-gnu/pkgconfig:/home/ros/autoware.ai/install/vector_map_msgs/lib/pkgconfig:/home/ros/autoware.ai/install/autoware_msgs/lib/x86_64-linux-gnu/pkgconfig:/home/ros/autoware.ai/install/autoware_msgs/lib/pkgconfig:/home/ros/autoware.ai/install/autoware_lanelet2_msgs/lib/x86_64-linux-gnu/pkgconfig:/home/ros/autoware.ai/install/autoware_lanelet2_msgs/lib/pkgconfig:/home/ros/autoware.ai/install/autoware_can_msgs/lib/x86_64-linux-gnu/pkgconfig:/home/ros/autoware.ai/install/autoware_can_msgs/lib/pkgconfig:/home/ros/autoware.ai/install/autoware_build_flags/lib/x86_64-linux-gnu/pkgconfig:/home/ros/autoware.ai/install/autoware_build_flags/lib/pkgconfig:${PKG_CONFIG_PATH} PYTHONPATH=/home/ros/autoware.ai/install/vector_map_server/lib/python2.7/dist-packages:/home/ros/autoware.ai/install/vector_map_msgs/lib/python2.7/dist-packages:/home/ros/autoware.ai/install/autoware_msgs/lib/python2.7/dist-packages:/home/ros/autoware.ai/install/autoware_lanelet2_msgs/lib/python2.7/dist-packages:/home/ros/autoware.ai/install/autoware_can_msgs/lib/python2.7/dist-packages:${PYTHONPATH} ROS_PACKAGE_PATH=/home/ros/autoware.ai/install/op_simu/share:/home/ros/autoware.ai/install/op_planner/share:/home/ros/autoware.ai/install/op_utility/share:/home/ros/autoware.ai/install/map_file/share:/home/ros/autoware.ai/install/vector_map_server/share:/home/ros/autoware.ai/install/libwaypoint_follower/share:/home/ros/autoware.ai/install/lanelet2_extension/share:/home/ros/autoware.ai/install/vector_map/share:/home/ros/autoware.ai/install/amathutils_lib/share:/home/ros/autoware.ai/install/vector_map_msgs/share:/home/ros/autoware.ai/install/autoware_msgs/share:/home/ros/autoware.ai/install/autoware_lanelet2_msgs/share:/home/ros/autoware.ai/install/autoware_can_msgs/share:/home/ros/autoware.ai/install/autoware_build_flags/share:${ROS_PACKAGE_PATH} /usr/bin/cmake --build /home/ros/autoware.ai/build/dp_planner --target tests -- -j12 -l12
[74.569s] Invoking command in '/home/ros/autoware.ai/build/dp_planner': CMAKE_PREFIX_PATH=/home/ros/autoware.ai/install/op_simu:/home/ros/autoware.ai/install/op_planner:/home/ros/autoware.ai/install/op_utility:/home/ros/autoware.ai/install/map_file:/home/ros/autoware.ai/install/vector_map_server:/home/ros/autoware.ai/install/libwaypoint_follower:/home/ros/autoware.ai/install/lanelet2_extension:/home/ros/autoware.ai/install/vector_map:/home/ros/autoware.ai/install/amathutils_lib:/home/ros/autoware.ai/install/vector_map_msgs:/home/ros/autoware.ai/install/autoware_msgs:/home/ros/autoware.ai/install/autoware_lanelet2_msgs:/home/ros/autoware.ai/install/autoware_can_msgs:/home/ros/autoware.ai/install/autoware_build_flags:${CMAKE_PREFIX_PATH} LD_LIBRARY_PATH=/home/ros/autoware.ai/install/op_simu/lib:/home/ros/autoware.ai/install/op_planner/lib:/home/ros/autoware.ai/install/op_utility/lib:/home/ros/autoware.ai/install/map_file/lib:/home/ros/autoware.ai/install/libwaypoint_follower/lib:/home/ros/autoware.ai/install/lanelet2_extension/lib:/home/ros/autoware.ai/install/vector_map/lib:/home/ros/autoware.ai/install/amathutils_lib/lib:${LD_LIBRARY_PATH} PKG_CONFIG_PATH=/home/ros/autoware.ai/install/op_simu/lib/x86_64-linux-gnu/pkgconfig:/home/ros/autoware.ai/install/op_simu/lib/pkgconfig:/home/ros/autoware.ai/install/op_planner/lib/x86_64-linux-gnu/pkgconfig:/home/ros/autoware.ai/install/op_planner/lib/pkgconfig:/home/ros/autoware.ai/install/op_utility/lib/x86_64-linux-gnu/pkgconfig:/home/ros/autoware.ai/install/op_utility/lib/pkgconfig:/home/ros/autoware.ai/install/map_file/lib/x86_64-linux-gnu/pkgconfig:/home/ros/autoware.ai/install/map_file/lib/pkgconfig:/home/ros/autoware.ai/install/vector_map_server/lib/x86_64-linux-gnu/pkgconfig:/home/ros/autoware.ai/install/vector_map_server/lib/pkgconfig:/home/ros/autoware.ai/install/libwaypoint_follower/lib/x86_64-linux-gnu/pkgconfig:/home/ros/autoware.ai/install/libwaypoint_follower/lib/pkgconfig:/home/ros/autoware.ai/install/lanelet2_extension/lib/x86_64-linux-gnu/pkgconfig:/home/ros/autoware.ai/install/lanelet2_extension/lib/pkgconfig:/home/ros/autoware.ai/install/vector_map/lib/x86_64-linux-gnu/pkgconfig:/home/ros/autoware.ai/install/vector_map/lib/pkgconfig:/home/ros/autoware.ai/install/amathutils_lib/lib/x86_64-linux-gnu/pkgconfig:/home/ros/autoware.ai/install/amathutils_lib/lib/pkgconfig:/home/ros/autoware.ai/install/vector_map_msgs/lib/x86_64-linux-gnu/pkgconfig:/home/ros/autoware.ai/install/vector_map_msgs/lib/pkgconfig:/home/ros/autoware.ai/install/autoware_msgs/lib/x86_64-linux-gnu/pkgconfig:/home/ros/autoware.ai/install/autoware_msgs/lib/pkgconfig:/home/ros/autoware.ai/install/autoware_lanelet2_msgs/lib/x86_64-linux-gnu/pkgconfig:/home/ros/autoware.ai/install/autoware_lanelet2_msgs/lib/pkgconfig:/home/ros/autoware.ai/install/autoware_can_msgs/lib/x86_64-linux-gnu/pkgconfig:/home/ros/autoware.ai/install/autoware_can_msgs/lib/pkgconfig:/home/ros/autoware.ai/install/autoware_build_flags/lib/x86_64-linux-gnu/pkgconfig:/home/ros/autoware.ai/install/autoware_build_flags/lib/pkgconfig:${PKG_CONFIG_PATH} PYTHONPATH=/home/ros/autoware.ai/install/vector_map_server/lib/python2.7/dist-packages:/home/ros/autoware.ai/install/vector_map_msgs/lib/python2.7/dist-packages:/home/ros/autoware.ai/install/autoware_msgs/lib/python2.7/dist-packages:/home/ros/autoware.ai/install/autoware_lanelet2_msgs/lib/python2.7/dist-packages:/home/ros/autoware.ai/install/autoware_can_msgs/lib/python2.7/dist-packages:${PYTHONPATH} ROS_PACKAGE_PATH=/home/ros/autoware.ai/install/op_simu/share:/home/ros/autoware.ai/install/op_planner/share:/home/ros/autoware.ai/install/op_utility/share:/home/ros/autoware.ai/install/map_file/share:/home/ros/autoware.ai/install/vector_map_server/share:/home/ros/autoware.ai/install/libwaypoint_follower/share:/home/ros/autoware.ai/install/lanelet2_extension/share:/home/ros/autoware.ai/install/vector_map/share:/home/ros/autoware.ai/install/amathutils_lib/share:/home/ros/autoware.ai/install/vector_map_msgs/share:/home/ros/autoware.ai/install/autoware_msgs/share:/home/ros/autoware.ai/install/autoware_lanelet2_msgs/share:/home/ros/autoware.ai/install/autoware_can_msgs/share:/home/ros/autoware.ai/install/autoware_build_flags/share:${ROS_PACKAGE_PATH} /usr/bin/cmake --build /home/ros/autoware.ai/build/dp_planner --target install -- -j12 -l12
[74.655s] [  0%] Built target visualization_msgs_generate_messages_eus
[74.685s] [  0%] Built target nodelet_generate_messages_nodejs
[74.715s] [  0%] Built target nodelet_generate_messages_eus
[74.745s] [  0%] Built target nodelet_generate_messages_cpp
[74.775s] [  0%] Built target dynamic_reconfigure_generate_messages_lisp
[74.807s] [  0%] Built target dynamic_reconfigure_generate_messages_eus
[74.836s] [  0%] Built target pcl_ros_gencfg
[74.866s] [  0%] Built target vector_map_server_generate_messages_nodejs
[74.897s] [  0%] Built target vector_map_msgs_generate_messages_py
[74.927s] [  0%] Built target bond_generate_messages_py
[74.957s] [  0%] Built target vector_map_msgs_generate_messages_nodejs
[74.986s] [  0%] Built target vector_map_msgs_generate_messages_lisp
[75.015s] [  0%] Built target vector_map_msgs_generate_messages_eus
[75.045s] [  0%] Built target vector_map_msgs_generate_messages_cpp
[75.075s] [  0%] Built target visualization_msgs_generate_messages_py
[75.107s] [  0%] Built target visualization_msgs_generate_messages_nodejs
[75.137s] [  0%] Built target geometry_msgs_generate_messages_py
[75.170s] [  0%] Built target sensor_msgs_generate_messages_nodejs
[75.210s] [  0%] Built target vector_map_server_generate_messages_eus
[75.239s] [  0%] Built target roscpp_generate_messages_cpp
[75.267s] [  0%] Built target actionlib_generate_messages_cpp
[75.298s] [  0%] Built target pcl_msgs_generate_messages_eus
[75.327s] [  0%] Built target rosgraph_msgs_generate_messages_eus
[75.356s] [  0%] Built target jsk_recognition_msgs_generate_messages_lisp
[75.382s] [  0%] Built target jsk_recognition_msgs_generate_messages_eus
[75.408s] [  0%] Built target tf2_msgs_generate_messages_cpp
[75.437s] [  0%] Built target pcl_msgs_generate_messages_cpp
[75.466s] [  0%] Built target sensor_msgs_generate_messages_lisp
[75.495s] [  0%] Built target std_srvs_generate_messages_cpp
[75.523s] [  0%] Built target topic_tools_generate_messages_lisp
[75.551s] [  0%] Built target jsk_recognition_msgs_generate_messages_cpp
[75.579s] [  0%] Built target geometry_msgs_generate_messages_lisp
[75.609s] [  0%] Built target geometry_msgs_generate_messages_eus
[75.638s] [  0%] Built target autoware_can_msgs_generate_messages_cpp
[75.667s] [  0%] Built target dynamic_reconfigure_generate_messages_py
[75.707s] [  0%] Built target autoware_can_msgs_generate_messages_lisp
[75.737s] [  0%] Built target autoware_can_msgs_generate_messages_nodejs
[75.766s] [  0%] Built target pcl_msgs_generate_messages_nodejs
[75.795s] [  0%] Built target jsk_recognition_msgs_generate_messages_py
[75.825s] [  0%] Built target nodelet_generate_messages_py
[75.853s] [  0%] Built target sensor_msgs_generate_messages_py
[75.883s] [  0%] Built target dynamic_reconfigure_generate_messages_cpp
[75.914s] [  0%] Built target tf_generate_messages_py
[75.944s] [  0%] Built target topic_tools_generate_messages_py
[75.974s] [  0%] Built target nodelet_topic_tools_gencfg
[76.007s] [  0%] Built target actionlib_msgs_generate_messages_nodejs
[76.035s] [  0%] Built target std_msgs_generate_messages_cpp
[76.066s] [  0%] Built target jsk_footstep_msgs_generate_messages_py
[76.099s] [  0%] Built target visualization_msgs_generate_messages_lisp
[76.130s] [  0%] Built target std_msgs_generate_messages_eus
[76.163s] [  0%] Built target geometry_msgs_generate_messages_nodejs
[76.199s] [  0%] Built target dynamic_reconfigure_generate_messages_nodejs
[76.236s] [  0%] Built target autoware_can_msgs_generate_messages_py
[76.263s] [  0%] Built target sensor_msgs_generate_messages_eus
[76.293s] [  0%] Built target sensor_msgs_generate_messages_cpp
[76.324s] [  0%] Built target roscpp_generate_messages_nodejs
[76.354s] [  0%] Built target std_msgs_generate_messages_lisp
[76.383s] [  0%] Built target std_msgs_generate_messages_nodejs
[76.422s] [  0%] Built target std_msgs_generate_messages_py
[76.453s] [  0%] Built target nodelet_generate_messages_lisp
[76.482s] [  0%] Built target autoware_msgs_generate_messages_py
[76.511s] [  0%] Built target jsk_footstep_msgs_generate_messages_eus
[76.546s] [  0%] Built target actionlib_msgs_generate_messages_py
[76.575s] [  0%] Built target vector_map_server_generate_messages_lisp
[76.606s] [  0%] Built target jsk_footstep_msgs_generate_messages_lisp
[76.635s] [  0%] Built target jsk_footstep_msgs_generate_messages_nodejs
[76.663s] [  0%] Built target autoware_msgs_generate_messages_lisp
[76.690s] [  0%] Built target actionlib_msgs_generate_messages_lisp
[76.717s] [  0%] Built target autoware_msgs_generate_messages_cpp
[76.744s] [  0%] Built target rosgraph_msgs_generate_messages_cpp
[76.772s] [  0%] Built target autoware_msgs_generate_messages_eus
[76.799s] [  0%] Built target autoware_msgs_generate_messages_nodejs
[76.828s] [  0%] Built target actionlib_generate_messages_nodejs
[76.859s] [  0%] Built target pcl_msgs_generate_messages_lisp
[76.893s] [  0%] Built target tf_generate_messages_cpp
[76.923s] [  0%] Built target jsk_footstep_msgs_generate_messages_cpp
[76.953s] [  0%] Built target actionlib_msgs_generate_messages_cpp
[76.984s] [  0%] Built target tf_generate_messages_eus
[77.014s] [  0%] Built target tf_generate_messages_lisp
[77.043s] [  0%] Built target tf_generate_messages_nodejs
[77.072s] [  0%] Built target std_srvs_generate_messages_eus
[77.101s] [  0%] Built target jsk_recognition_msgs_generate_messages_nodejs
[77.131s] [  0%] Built target roscpp_generate_messages_lisp
[77.161s] [  0%] Built target roscpp_generate_messages_py
[77.189s] [  0%] Built target rosgraph_msgs_generate_messages_lisp
[77.221s] [  0%] Built target rosgraph_msgs_generate_messages_nodejs
[77.253s] [  0%] Built target vector_map_server_generate_messages_py
[77.287s] [  0%] Built target roscpp_generate_messages_eus
[77.318s] [  0%] Built target autoware_can_msgs_generate_messages_eus
[77.348s] [  0%] Built target actionlib_msgs_generate_messages_eus
[77.379s] [  0%] Built target rosgraph_msgs_generate_messages_py
[77.408s] [  0%] Built target pcl_msgs_generate_messages_py
[77.437s] [  0%] Built target actionlib_generate_messages_eus
[77.467s] [  0%] Built target geometry_msgs_generate_messages_cpp
[77.500s] [  0%] Built target actionlib_generate_messages_lisp
[77.531s] [  0%] Built target dynamic_reconfigure_gencfg
[77.562s] [  0%] Built target tf2_msgs_generate_messages_lisp
[77.594s] [  0%] Built target actionlib_generate_messages_py
[77.624s] [  0%] Built target tf2_msgs_generate_messages_py
[77.654s] [  0%] Built target tf2_msgs_generate_messages_nodejs
[77.686s] [  0%] Built target tf2_msgs_generate_messages_eus
[77.717s] [  0%] Built target visualization_msgs_generate_messages_cpp
[77.749s] [  0%] Built target vector_map_server_generate_messages_cpp
[77.781s] [  0%] Built target bond_generate_messages_cpp
[77.817s] [  0%] Built target bond_generate_messages_eus
[77.849s] [  0%] Built target bond_generate_messages_lisp
[77.884s] [  0%] Built target bond_generate_messages_nodejs
[77.917s] [  0%] Built target std_srvs_generate_messages_lisp
[77.947s] [  0%] Built target std_srvs_generate_messages_nodejs
[77.976s] [  0%] Built target std_srvs_generate_messages_py
[78.009s] [  0%] Built target topic_tools_generate_messages_cpp
[78.040s] [  0%] Built target topic_tools_generate_messages_eus
[78.071s] [  0%] Built target topic_tools_generate_messages_nodejs
[78.133s] [100%] Built target dp_planner
[78.163s] [36mInstall the project...[0m
[78.177s] -- Install configuration: "Release"
[78.177s] -- Installing: /home/ros/autoware.ai/install/dp_planner/lib/pkgconfig/dp_planner.pc
[78.177s] -- Installing: /home/ros/autoware.ai/install/dp_planner/share/dp_planner/cmake/dp_plannerConfig.cmake
[78.178s] -- Installing: /home/ros/autoware.ai/install/dp_planner/share/dp_planner/cmake/dp_plannerConfig-version.cmake
[78.178s] -- Installing: /home/ros/autoware.ai/install/dp_planner/share/dp_planner/package.xml
[78.179s] -- Installing: /home/ros/autoware.ai/install/dp_planner/lib/dp_planner/dp_planner
[78.191s] -- Set runtime path of "/home/ros/autoware.ai/install/dp_planner/lib/dp_planner/dp_planner" to ""
[78.192s] -- Installing: /home/ros/autoware.ai/install/dp_planner/share/dp_planner/launch
[78.192s] -- Installing: /home/ros/autoware.ai/install/dp_planner/share/dp_planner/launch/dp_planner_exp.launch
[78.192s] -- Installing: /home/ros/autoware.ai/install/dp_planner/share/dp_planner/launch/dp_planner.launch
[78.199s] Invoked command in '/home/ros/autoware.ai/build/dp_planner' returned '0': CMAKE_PREFIX_PATH=/home/ros/autoware.ai/install/op_simu:/home/ros/autoware.ai/install/op_planner:/home/ros/autoware.ai/install/op_utility:/home/ros/autoware.ai/install/map_file:/home/ros/autoware.ai/install/vector_map_server:/home/ros/autoware.ai/install/libwaypoint_follower:/home/ros/autoware.ai/install/lanelet2_extension:/home/ros/autoware.ai/install/vector_map:/home/ros/autoware.ai/install/amathutils_lib:/home/ros/autoware.ai/install/vector_map_msgs:/home/ros/autoware.ai/install/autoware_msgs:/home/ros/autoware.ai/install/autoware_lanelet2_msgs:/home/ros/autoware.ai/install/autoware_can_msgs:/home/ros/autoware.ai/install/autoware_build_flags:${CMAKE_PREFIX_PATH} LD_LIBRARY_PATH=/home/ros/autoware.ai/install/op_simu/lib:/home/ros/autoware.ai/install/op_planner/lib:/home/ros/autoware.ai/install/op_utility/lib:/home/ros/autoware.ai/install/map_file/lib:/home/ros/autoware.ai/install/libwaypoint_follower/lib:/home/ros/autoware.ai/install/lanelet2_extension/lib:/home/ros/autoware.ai/install/vector_map/lib:/home/ros/autoware.ai/install/amathutils_lib/lib:${LD_LIBRARY_PATH} PKG_CONFIG_PATH=/home/ros/autoware.ai/install/op_simu/lib/x86_64-linux-gnu/pkgconfig:/home/ros/autoware.ai/install/op_simu/lib/pkgconfig:/home/ros/autoware.ai/install/op_planner/lib/x86_64-linux-gnu/pkgconfig:/home/ros/autoware.ai/install/op_planner/lib/pkgconfig:/home/ros/autoware.ai/install/op_utility/lib/x86_64-linux-gnu/pkgconfig:/home/ros/autoware.ai/install/op_utility/lib/pkgconfig:/home/ros/autoware.ai/install/map_file/lib/x86_64-linux-gnu/pkgconfig:/home/ros/autoware.ai/install/map_file/lib/pkgconfig:/home/ros/autoware.ai/install/vector_map_server/lib/x86_64-linux-gnu/pkgconfig:/home/ros/autoware.ai/install/vector_map_server/lib/pkgconfig:/home/ros/autoware.ai/install/libwaypoint_follower/lib/x86_64-linux-gnu/pkgconfig:/home/ros/autoware.ai/install/libwaypoint_follower/lib/pkgconfig:/home/ros/autoware.ai/install/lanelet2_extension/lib/x86_64-linux-gnu/pkgconfig:/home/ros/autoware.ai/install/lanelet2_extension/lib/pkgconfig:/home/ros/autoware.ai/install/vector_map/lib/x86_64-linux-gnu/pkgconfig:/home/ros/autoware.ai/install/vector_map/lib/pkgconfig:/home/ros/autoware.ai/install/amathutils_lib/lib/x86_64-linux-gnu/pkgconfig:/home/ros/autoware.ai/install/amathutils_lib/lib/pkgconfig:/home/ros/autoware.ai/install/vector_map_msgs/lib/x86_64-linux-gnu/pkgconfig:/home/ros/autoware.ai/install/vector_map_msgs/lib/pkgconfig:/home/ros/autoware.ai/install/autoware_msgs/lib/x86_64-linux-gnu/pkgconfig:/home/ros/autoware.ai/install/autoware_msgs/lib/pkgconfig:/home/ros/autoware.ai/install/autoware_lanelet2_msgs/lib/x86_64-linux-gnu/pkgconfig:/home/ros/autoware.ai/install/autoware_lanelet2_msgs/lib/pkgconfig:/home/ros/autoware.ai/install/autoware_can_msgs/lib/x86_64-linux-gnu/pkgconfig:/home/ros/autoware.ai/install/autoware_can_msgs/lib/pkgconfig:/home/ros/autoware.ai/install/autoware_build_flags/lib/x86_64-linux-gnu/pkgconfig:/home/ros/autoware.ai/install/autoware_build_flags/lib/pkgconfig:${PKG_CONFIG_PATH} PYTHONPATH=/home/ros/autoware.ai/install/vector_map_server/lib/python2.7/dist-packages:/home/ros/autoware.ai/install/vector_map_msgs/lib/python2.7/dist-packages:/home/ros/autoware.ai/install/autoware_msgs/lib/python2.7/dist-packages:/home/ros/autoware.ai/install/autoware_lanelet2_msgs/lib/python2.7/dist-packages:/home/ros/autoware.ai/install/autoware_can_msgs/lib/python2.7/dist-packages:${PYTHONPATH} ROS_PACKAGE_PATH=/home/ros/autoware.ai/install/op_simu/share:/home/ros/autoware.ai/install/op_planner/share:/home/ros/autoware.ai/install/op_utility/share:/home/ros/autoware.ai/install/map_file/share:/home/ros/autoware.ai/install/vector_map_server/share:/home/ros/autoware.ai/install/libwaypoint_follower/share:/home/ros/autoware.ai/install/lanelet2_extension/share:/home/ros/autoware.ai/install/vector_map/share:/home/ros/autoware.ai/install/amathutils_lib/share:/home/ros/autoware.ai/install/vector_map_msgs/share:/home/ros/autoware.ai/install/autoware_msgs/share:/home/ros/autoware.ai/install/autoware_lanelet2_msgs/share:/home/ros/autoware.ai/install/autoware_can_msgs/share:/home/ros/autoware.ai/install/autoware_build_flags/share:${ROS_PACKAGE_PATH} /usr/bin/cmake --build /home/ros/autoware.ai/build/dp_planner --target install -- -j12 -l12
