[0.051s] Invoking command in '/home/ros/autoware.ai/build/vision_darknet_detect': CMAKE_PREFIX_PATH=/home/ros/autoware.ai/install/autoware_msgs:/home/ros/autoware.ai/install/autoware_config_msgs:/home/ros/autoware.ai/install/autoware_build_flags:${CMAKE_PREFIX_PATH} PKG_CONFIG_PATH=/home/ros/autoware.ai/install/autoware_msgs/lib/x86_64-linux-gnu/pkgconfig:/home/ros/autoware.ai/install/autoware_msgs/lib/pkgconfig:/home/ros/autoware.ai/install/autoware_config_msgs/lib/x86_64-linux-gnu/pkgconfig:/home/ros/autoware.ai/install/autoware_config_msgs/lib/pkgconfig:/home/ros/autoware.ai/install/autoware_build_flags/lib/x86_64-linux-gnu/pkgconfig:/home/ros/autoware.ai/install/autoware_build_flags/lib/pkgconfig:${PKG_CONFIG_PATH} PYTHONPATH=/home/ros/autoware.ai/install/autoware_msgs/lib/python2.7/dist-packages:/home/ros/autoware.ai/install/autoware_config_msgs/lib/python2.7/dist-packages:${PYTHONPATH} ROS_PACKAGE_PATH=/home/ros/autoware.ai/install/autoware_msgs/share:/home/ros/autoware.ai/install/autoware_config_msgs/share:/home/ros/autoware.ai/install/autoware_build_flags/share:${ROS_PACKAGE_PATH} /usr/bin/cmake /home/ros/autoware.ai/src/autoware/core_perception/vision_darknet_detect -DCMAKE_BUILD_TYPE=Release -DCATKIN_INSTALL_INTO_PREFIX_ROOT=0 -DCMAKE_INSTALL_PREFIX=/home/ros/autoware.ai/install/vision_darknet_detect
[0.141s] -- The C compiler identification is GNU 7.5.0
[0.234s] -- The CXX compiler identification is GNU 7.5.0
[0.240s] -- Check for working C compiler: /usr/bin/cc
[0.341s] -- Check for working C compiler: /usr/bin/cc -- works
[0.342s] -- Detecting C compiler ABI info
[0.461s] -- Detecting C compiler ABI info - done
[0.471s] -- Detecting C compile features
[0.813s] -- Detecting C compile features - done
[0.818s] -- Check for working CXX compiler: /usr/bin/c++
[0.978s] -- Check for working CXX compiler: /usr/bin/c++ -- works
[0.979s] -- Detecting CXX compiler ABI info
[1.131s] -- Detecting CXX compiler ABI info - done
[1.144s] -- Detecting CXX compile features
[1.703s] -- Detecting CXX compile features - done
[1.704s] -- CUDA compilation status: .
[1.706s] -- Using CATKIN_DEVEL_PREFIX: /home/ros/autoware.ai/build/vision_darknet_detect/devel
[1.706s] -- Using CMAKE_PREFIX_PATH: /home/ros/autoware.ai/install/autoware_msgs;/home/ros/autoware.ai/install/autoware_config_msgs;/home/ros/autoware.ai/install/autoware_build_flags;/opt/ros/melodic
[1.706s] -- This workspace overlays: /home/ros/autoware.ai/install/autoware_msgs;/home/ros/autoware.ai/install/autoware_config_msgs;/home/ros/autoware.ai/install/autoware_build_flags;/opt/ros/melodic
[1.724s] -- Found PythonInterp: /usr/bin/python2 (found suitable version "2.7.17", minimum required is "2") 
[1.725s] -- Using PYTHON_EXECUTABLE: /usr/bin/python2
[1.725s] -- Using Debian Python package layout
[1.726s] -- Using empy: /usr/bin/empy
[1.944s] -- Using CATKIN_ENABLE_TESTING: ON
[1.945s] -- Call enable_testing()
[1.947s] -- Using CATKIN_TEST_RESULTS_DIR: /home/ros/autoware.ai/build/vision_darknet_detect/test_results
[1.972s] -- Found gtest sources under '/usr/src/googletest': gtests will be built
[1.973s] -- Found gmock sources under '/usr/src/googletest': gmock will be built
[2.001s] -- Found PythonInterp: /usr/bin/python2 (found version "2.7.17") 
[2.003s] -- Looking for pthread.h
[2.149s] -- Looking for pthread.h - found
[2.150s] -- Looking for pthread_create
[2.289s] -- Looking for pthread_create - not found
[2.290s] -- Looking for pthread_create in pthreads
[2.397s] -- Looking for pthread_create in pthreads - not found
[2.397s] -- Looking for pthread_create in pthread
[2.554s] -- Looking for pthread_create in pthread - found
[2.556s] -- Found Threads: TRUE  
[2.562s] -- Using Python nosetests: /usr/bin/nosetests-2.7
[2.620s] -- catkin 0.7.29
[2.621s] -- BUILD_SHARED_LIBS is on
[2.891s] -- Using these message generators: gencpp;geneus;genlisp;gennodejs;genpy
[3.101s] CUDA_TOOLKIT_ROOT_DIR not found or specified
[3.116s] -- Could NOT find CUDA (missing: CUDA_TOOLKIT_ROOT_DIR CUDA_NVCC_EXECUTABLE CUDA_INCLUDE_DIRS CUDA_CUDART_LIBRARY) 
[3.140s] -- Found OpenCV: /usr (found version "3.2.0") 
[3.548s] -- Found OpenMP_C: -fopenmp (found version "4.5") 
[3.691s] -- Found OpenMP_CXX: -fopenmp (found version "4.5") 
[3.691s] -- Found OpenMP: TRUE (found version "4.5")  
[3.885s] CMake Warning at /home/ros/autoware.ai/install/autoware_build_flags/share/autoware_build_flags/cmake/autoware_build_flags-extras.cmake:36 (message):
[3.886s]   CUDA support is disabled.  Set the AUTOWARE_COMPILE_WITH_CUDA environment
[3.886s]   variable and recompile to enable it
[3.886s] Call Stack (most recent call first):
[3.886s]   CMakeLists.txt:25 (AW_CHECK_CUDA)
[3.886s] 
[3.887s] 
[3.887s] CMake Warning at CMakeLists.txt:158 (message):
[3.887s]   Building vision_darknet_detect without CUDA
[3.887s] 
[3.887s] 
[3.892s] -- Configuring done
[3.978s] -- Generating done
[3.990s] -- Build files have been written to: /home/ros/autoware.ai/build/vision_darknet_detect
[4.001s] Invoked command in '/home/ros/autoware.ai/build/vision_darknet_detect' returned '0': CMAKE_PREFIX_PATH=/home/ros/autoware.ai/install/autoware_msgs:/home/ros/autoware.ai/install/autoware_config_msgs:/home/ros/autoware.ai/install/autoware_build_flags:${CMAKE_PREFIX_PATH} PKG_CONFIG_PATH=/home/ros/autoware.ai/install/autoware_msgs/lib/x86_64-linux-gnu/pkgconfig:/home/ros/autoware.ai/install/autoware_msgs/lib/pkgconfig:/home/ros/autoware.ai/install/autoware_config_msgs/lib/x86_64-linux-gnu/pkgconfig:/home/ros/autoware.ai/install/autoware_config_msgs/lib/pkgconfig:/home/ros/autoware.ai/install/autoware_build_flags/lib/x86_64-linux-gnu/pkgconfig:/home/ros/autoware.ai/install/autoware_build_flags/lib/pkgconfig:${PKG_CONFIG_PATH} PYTHONPATH=/home/ros/autoware.ai/install/autoware_msgs/lib/python2.7/dist-packages:/home/ros/autoware.ai/install/autoware_config_msgs/lib/python2.7/dist-packages:${PYTHONPATH} ROS_PACKAGE_PATH=/home/ros/autoware.ai/install/autoware_msgs/share:/home/ros/autoware.ai/install/autoware_config_msgs/share:/home/ros/autoware.ai/install/autoware_build_flags/share:${ROS_PACKAGE_PATH} /usr/bin/cmake /home/ros/autoware.ai/src/autoware/core_perception/vision_darknet_detect -DCMAKE_BUILD_TYPE=Release -DCATKIN_INSTALL_INTO_PREFIX_ROOT=0 -DCMAKE_INSTALL_PREFIX=/home/ros/autoware.ai/install/vision_darknet_detect
[4.002s] Invoking command in '/home/ros/autoware.ai/build/vision_darknet_detect': CMAKE_PREFIX_PATH=/home/ros/autoware.ai/install/autoware_msgs:/home/ros/autoware.ai/install/autoware_config_msgs:/home/ros/autoware.ai/install/autoware_build_flags:${CMAKE_PREFIX_PATH} PKG_CONFIG_PATH=/home/ros/autoware.ai/install/autoware_msgs/lib/x86_64-linux-gnu/pkgconfig:/home/ros/autoware.ai/install/autoware_msgs/lib/pkgconfig:/home/ros/autoware.ai/install/autoware_config_msgs/lib/x86_64-linux-gnu/pkgconfig:/home/ros/autoware.ai/install/autoware_config_msgs/lib/pkgconfig:/home/ros/autoware.ai/install/autoware_build_flags/lib/x86_64-linux-gnu/pkgconfig:/home/ros/autoware.ai/install/autoware_build_flags/lib/pkgconfig:${PKG_CONFIG_PATH} PYTHONPATH=/home/ros/autoware.ai/install/autoware_msgs/lib/python2.7/dist-packages:/home/ros/autoware.ai/install/autoware_config_msgs/lib/python2.7/dist-packages:${PYTHONPATH} ROS_PACKAGE_PATH=/home/ros/autoware.ai/install/autoware_msgs/share:/home/ros/autoware.ai/install/autoware_config_msgs/share:/home/ros/autoware.ai/install/autoware_build_flags/share:${ROS_PACKAGE_PATH} /usr/bin/cmake --build /home/ros/autoware.ai/build/vision_darknet_detect -- -j12 -l12
[4.082s] [35m[1mScanning dependencies of target sensor_msgs_generate_messages_nodejs[0m
[4.096s] [  0%] Built target sensor_msgs_generate_messages_nodejs
[4.117s] [35m[1mScanning dependencies of target pcl_msgs_generate_messages_nodejs[0m
[4.140s] [  0%] Built target pcl_msgs_generate_messages_nodejs
[4.155s] [35m[1mScanning dependencies of target pcl_msgs_generate_messages_lisp[0m
[4.186s] [  0%] Built target pcl_msgs_generate_messages_lisp
[4.206s] [35m[1mScanning dependencies of target pcl_msgs_generate_messages_eus[0m
[4.220s] [  0%] Built target pcl_msgs_generate_messages_eus
[4.243s] [35m[1mScanning dependencies of target rosgraph_msgs_generate_messages_cpp[0m
[4.257s] [  0%] Built target rosgraph_msgs_generate_messages_cpp
[4.271s] [35m[1mScanning dependencies of target autoware_msgs_generate_messages_cpp[0m
[4.285s] [  0%] Built target autoware_msgs_generate_messages_cpp
[4.311s] [35m[1mScanning dependencies of target std_msgs_generate_messages_nodejs[0m
[4.325s] [  0%] Built target std_msgs_generate_messages_nodejs
[4.338s] [35m[1mScanning dependencies of target std_msgs_generate_messages_lisp[0m
[4.354s] [  0%] Built target std_msgs_generate_messages_lisp
[4.369s] [35m[1mScanning dependencies of target sensor_msgs_generate_messages_cpp[0m
[4.401s] [  0%] Built target sensor_msgs_generate_messages_cpp
[4.422s] [35m[1mScanning dependencies of target sensor_msgs_generate_messages_eus[0m
[4.442s] [  0%] Built target sensor_msgs_generate_messages_eus
[4.458s] [35m[1mScanning dependencies of target autoware_config_msgs_generate_messages_lisp[0m
[4.473s] [  0%] Built target autoware_config_msgs_generate_messages_lisp
[4.493s] [35m[1mScanning dependencies of target jsk_footstep_msgs_generate_messages_lisp[0m
[4.507s] [  0%] Built target jsk_footstep_msgs_generate_messages_lisp
[4.520s] [35m[1mScanning dependencies of target autoware_config_msgs_generate_messages_eus[0m
[4.558s] [  0%] Built target autoware_config_msgs_generate_messages_eus
[4.573s] [35m[1mScanning dependencies of target std_msgs_generate_messages_eus[0m
[4.601s] [  0%] Built target std_msgs_generate_messages_eus
[4.634s] [35m[1mScanning dependencies of target autoware_msgs_generate_messages_nodejs[0m
[4.670s] [  0%] Built target autoware_msgs_generate_messages_nodejs
[4.697s] [35m[1mScanning dependencies of target rosgraph_msgs_generate_messages_py[0m
[4.711s] [  0%] Built target rosgraph_msgs_generate_messages_py
[4.751s] [35m[1mScanning dependencies of target autoware_config_msgs_generate_messages_py[0m
[4.770s] [  0%] Built target autoware_config_msgs_generate_messages_py
[4.791s] [35m[1mScanning dependencies of target actionlib_msgs_generate_messages_nodejs[0m
[4.802s] [  0%] Built target actionlib_msgs_generate_messages_nodejs
[4.818s] [35m[1mScanning dependencies of target jsk_footstep_msgs_generate_messages_py[0m
[4.859s] [  0%] Built target jsk_footstep_msgs_generate_messages_py
[4.882s] [35m[1mScanning dependencies of target std_msgs_generate_messages_cpp[0m
[4.895s] [  0%] Built target std_msgs_generate_messages_cpp
[4.925s] [35m[1mScanning dependencies of target std_msgs_generate_messages_py[0m
[4.947s] [  0%] Built target std_msgs_generate_messages_py
[4.961s] [35m[1mScanning dependencies of target autoware_msgs_generate_messages_py[0m
[4.980s] [  0%] Built target autoware_msgs_generate_messages_py
[5.005s] [35m[1mScanning dependencies of target sensor_msgs_generate_messages_py[0m
[5.018s] [  0%] Built target sensor_msgs_generate_messages_py
[5.045s] [35m[1mScanning dependencies of target jsk_recognition_msgs_generate_messages_py[0m
[5.073s] [  0%] Built target jsk_recognition_msgs_generate_messages_py
[5.099s] [35m[1mScanning dependencies of target autoware_msgs_generate_messages_eus[0m
[5.128s] [  0%] Built target autoware_msgs_generate_messages_eus
[5.142s] [35m[1mScanning dependencies of target jsk_recognition_msgs_generate_messages_cpp[0m
[5.165s] [  0%] Built target jsk_recognition_msgs_generate_messages_cpp
[5.181s] [35m[1mScanning dependencies of target sensor_msgs_generate_messages_lisp[0m
[5.206s] [  0%] Built target sensor_msgs_generate_messages_lisp
[5.233s] [35m[1mScanning dependencies of target pcl_msgs_generate_messages_cpp[0m
[5.258s] [  0%] Built target pcl_msgs_generate_messages_cpp
[5.284s] [35m[1mScanning dependencies of target actionlib_msgs_generate_messages_eus[0m
[5.325s] [  0%] Built target actionlib_msgs_generate_messages_eus
[5.347s] [35m[1mScanning dependencies of target autoware_msgs_generate_messages_lisp[0m
[5.360s] [  0%] Built target autoware_msgs_generate_messages_lisp
[5.374s] [35m[1mScanning dependencies of target roscpp_generate_messages_nodejs[0m
[5.387s] [  0%] Built target roscpp_generate_messages_nodejs
[5.409s] [35m[1mScanning dependencies of target roscpp_generate_messages_eus[0m
[5.428s] [  0%] Built target roscpp_generate_messages_eus
[5.454s] [35m[1mScanning dependencies of target autoware_config_msgs_generate_messages_nodejs[0m
[5.479s] [  0%] Built target autoware_config_msgs_generate_messages_nodejs
[5.492s] [35m[1mScanning dependencies of target geometry_msgs_generate_messages_eus[0m
[5.509s] [  0%] Built target geometry_msgs_generate_messages_eus
[5.523s] [35m[1mScanning dependencies of target geometry_msgs_generate_messages_cpp[0m
[5.539s] [  0%] Built target geometry_msgs_generate_messages_cpp
[5.560s] [35m[1mScanning dependencies of target geometry_msgs_generate_messages_lisp[0m
[5.578s] [  0%] Built target geometry_msgs_generate_messages_lisp
[5.605s] [35m[1mScanning dependencies of target geometry_msgs_generate_messages_nodejs[0m
[5.622s] [  0%] Built target geometry_msgs_generate_messages_nodejs
[5.640s] [35m[1mScanning dependencies of target jsk_footstep_msgs_generate_messages_cpp[0m
[5.654s] [  0%] Built target jsk_footstep_msgs_generate_messages_cpp
[5.668s] [35m[1mScanning dependencies of target geometry_msgs_generate_messages_py[0m
[5.682s] [  0%] Built target geometry_msgs_generate_messages_py
[5.698s] [35m[1mScanning dependencies of target autoware_config_msgs_generate_messages_cpp[0m
[5.712s] [  0%] Built target autoware_config_msgs_generate_messages_cpp
[5.735s] [35m[1mScanning dependencies of target jsk_recognition_msgs_generate_messages_eus[0m
[5.751s] [  0%] Built target jsk_recognition_msgs_generate_messages_eus
[5.766s] [35m[1mScanning dependencies of target jsk_recognition_msgs_generate_messages_lisp[0m
[5.781s] [  0%] Built target jsk_recognition_msgs_generate_messages_lisp
[5.798s] [35m[1mScanning dependencies of target rosgraph_msgs_generate_messages_eus[0m
[5.821s] [  0%] Built target rosgraph_msgs_generate_messages_eus
[5.834s] [35m[1mScanning dependencies of target jsk_recognition_msgs_generate_messages_nodejs[0m
[5.853s] [  0%] Built target jsk_recognition_msgs_generate_messages_nodejs
[5.876s] [35m[1mScanning dependencies of target roscpp_generate_messages_cpp[0m
[5.905s] [  0%] Built target roscpp_generate_messages_cpp
[5.914s] [35m[1mScanning dependencies of target pcl_msgs_generate_messages_py[0m
[5.932s] [  0%] Built target pcl_msgs_generate_messages_py
[5.949s] [35m[1mScanning dependencies of target jsk_footstep_msgs_generate_messages_eus[0m
[5.969s] [  0%] Built target jsk_footstep_msgs_generate_messages_eus
[5.990s] [35m[1mScanning dependencies of target actionlib_msgs_generate_messages_py[0m
[6.001s] [  0%] Built target actionlib_msgs_generate_messages_py
[6.020s] [35m[1mScanning dependencies of target jsk_footstep_msgs_generate_messages_nodejs[0m
[6.056s] [  0%] Built target jsk_footstep_msgs_generate_messages_nodejs
[6.080s] [35m[1mScanning dependencies of target actionlib_msgs_generate_messages_cpp[0m
[6.116s] [  0%] Built target actionlib_msgs_generate_messages_cpp
[6.130s] [35m[1mScanning dependencies of target actionlib_msgs_generate_messages_lisp[0m
[6.144s] [  0%] Built target actionlib_msgs_generate_messages_lisp
[6.170s] [35m[1mScanning dependencies of target roscpp_generate_messages_lisp[0m
[6.201s] [  0%] Built target roscpp_generate_messages_lisp
[6.214s] [35m[1mScanning dependencies of target roscpp_generate_messages_py[0m
[6.229s] [  0%] Built target roscpp_generate_messages_py
[6.249s] [35m[1mScanning dependencies of target rosgraph_msgs_generate_messages_lisp[0m
[6.263s] [  0%] Built target rosgraph_msgs_generate_messages_lisp
[6.277s] [35m[1mScanning dependencies of target rosgraph_msgs_generate_messages_nodejs[0m
[6.291s] [  0%] Built target rosgraph_msgs_generate_messages_nodejs
[6.308s] [35m[1mScanning dependencies of target vision_darknet_detect_lib[0m
[6.369s] [  2%] [32mBuilding C object CMakeFiles/vision_darknet_detect_lib.dir/darknet/src/gemm.c.o[0m
[6.608s] [  4%] [32mBuilding C object CMakeFiles/vision_darknet_detect_lib.dir/darknet/src/crop_layer.c.o[0m
[6.758s] [  6%] [32mBuilding C object CMakeFiles/vision_darknet_detect_lib.dir/darknet/src/dropout_layer.c.o[0m
[6.839s] [  8%] [32mBuilding C object CMakeFiles/vision_darknet_detect_lib.dir/darknet/src/maxpool_layer.c.o[0m
[6.959s] [ 10%] [32mBuilding C object CMakeFiles/vision_darknet_detect_lib.dir/darknet/src/softmax_layer.c.o[0m
[7.043s] [ 12%] [32mBuilding C object CMakeFiles/vision_darknet_detect_lib.dir/darknet/src/data.c.o[0m
[7.095s] [01m[K/home/ros/autoware.ai/src/autoware/core_perception/vision_darknet_detect/darknet/src/data.c:[m[K In function ‘[01m[Kload_regression_labels_paths[m[K’:
[7.096s] [01m[K/home/ros/autoware.ai/src/autoware/core_perception/vision_darknet_detect/darknet/src/data.c:574:13:[m[K [01;35m[Kwarning: [m[Kignoring return value of ‘[01m[Kfscanf[m[K’, declared with attribute warn_unused_result [[01;35m[K-Wunused-result[m[K]
[7.096s]              [01;35m[Kfscanf(file, "%f", &(y.vals[i][j]))[m[K;
[7.096s]              [01;35m[K^~~~~~~~~~~~~~~~~~~~~~~~~~~~~~~~~~~[m[K
[7.100s] [01m[K/home/ros/autoware.ai/src/autoware/core_perception/vision_darknet_detect/darknet/src/data.c:[m[K In function ‘[01m[Kload_cifar10_data[m[K’:
[7.100s] [01m[K/home/ros/autoware.ai/src/autoware/core_perception/vision_darknet_detect/darknet/src/data.c:1354:9:[m[K [01;35m[Kwarning: [m[Kignoring return value of ‘[01m[Kfread[m[K’, declared with attribute warn_unused_result [[01;35m[K-Wunused-result[m[K]
[7.100s]          [01;35m[Kfread(bytes, 1, 3073, fp)[m[K;
[7.101s]          [01;35m[K^~~~~~~~~~~~~~~~~~~~~~~~~[m[K
[7.101s] [01m[K/home/ros/autoware.ai/src/autoware/core_perception/vision_darknet_detect/darknet/src/data.c:[m[K In function ‘[01m[Kload_all_cifar10[m[K’:
[7.101s] [01m[K/home/ros/autoware.ai/src/autoware/core_perception/vision_darknet_detect/darknet/src/data.c:1417:13:[m[K [01;35m[Kwarning: [m[Kignoring return value of ‘[01m[Kfread[m[K’, declared with attribute warn_unused_result [[01;35m[K-Wunused-result[m[K]
[7.101s]              [01;35m[Kfread(bytes, 1, 3073, fp)[m[K;
[7.101s]              [01;35m[K^~~~~~~~~~~~~~~~~~~~~~~~~[m[K
[7.909s] [ 14%] [32mBuilding C object CMakeFiles/vision_darknet_detect_lib.dir/darknet/src/matrix.c.o[0m
[8.091s] [ 17%] [32mBuilding C object CMakeFiles/vision_darknet_detect_lib.dir/darknet/src/network.c.o[0m
[8.491s] [ 19%] [32mBuilding C object CMakeFiles/vision_darknet_detect_lib.dir/darknet/src/connected_layer.c.o[0m
[8.636s] [ 21%] [32mBuilding C object CMakeFiles/vision_darknet_detect_lib.dir/darknet/src/cost_layer.c.o[0m
[8.722s] [ 23%] [32mBuilding C object CMakeFiles/vision_darknet_detect_lib.dir/darknet/src/parser.c.o[0m
[8.772s] [01m[K/home/ros/autoware.ai/src/autoware/core_perception/vision_darknet_detect/darknet/src/parser.c:[m[K In function ‘[01m[Kload_connected_weights[m[K’:
[8.773s] [01m[K/home/ros/autoware.ai/src/autoware/core_perception/vision_darknet_detect/darknet/src/parser.c:1085:5:[m[K [01;35m[Kwarning: [m[Kignoring return value of ‘[01m[Kfread[m[K’, declared with attribute warn_unused_result [[01;35m[K-Wunused-result[m[K]
[8.773s]      [01;35m[Kfread(l.biases, sizeof(float), l.outputs, fp)[m[K;
[8.773s]      [01;35m[K^~~~~~~~~~~~~~~~~~~~~~~~~~~~~~~~~~~~~~~~~~~~~[m[K
[8.773s] [01m[K/home/ros/autoware.ai/src/autoware/core_perception/vision_darknet_detect/darknet/src/parser.c:1086:5:[m[K [01;35m[Kwarning: [m[Kignoring return value of ‘[01m[Kfread[m[K’, declared with attribute warn_unused_result [[01;35m[K-Wunused-result[m[K]
[8.773s]      [01;35m[Kfread(l.weights, sizeof(float), l.outputs*l.inputs, fp)[m[K;
[8.774s]      [01;35m[K^~~~~~~~~~~~~~~~~~~~~~~~~~~~~~~~~~~~~~~~~~~~~~~~~~~~~~~[m[K
[8.774s] [01m[K/home/ros/autoware.ai/src/autoware/core_perception/vision_darknet_detect/darknet/src/parser.c:1093:9:[m[K [01;35m[Kwarning: [m[Kignoring return value of ‘[01m[Kfread[m[K’, declared with attribute warn_unused_result [[01;35m[K-Wunused-result[m[K]
[8.774s]          [01;35m[Kfread(l.scales, sizeof(float), l.outputs, fp)[m[K;
[8.774s]          [01;35m[K^~~~~~~~~~~~~~~~~~~~~~~~~~~~~~~~~~~~~~~~~~~~~[m[K
[8.774s] [01m[K/home/ros/autoware.ai/src/autoware/core_perception/vision_darknet_detect/darknet/src/parser.c:1094:9:[m[K [01;35m[Kwarning: [m[Kignoring return value of ‘[01m[Kfread[m[K’, declared with attribute warn_unused_result [[01;35m[K-Wunused-result[m[K]
[8.774s]          [01;35m[Kfread(l.rolling_mean, sizeof(float), l.outputs, fp)[m[K;
[8.774s]          [01;35m[K^~~~~~~~~~~~~~~~~~~~~~~~~~~~~~~~~~~~~~~~~~~~~~~~~~~[m[K
[8.775s] [01m[K/home/ros/autoware.ai/src/autoware/core_perception/vision_darknet_detect/darknet/src/parser.c:1095:9:[m[K [01;35m[Kwarning: [m[Kignoring return value of ‘[01m[Kfread[m[K’, declared with attribute warn_unused_result [[01;35m[K-Wunused-result[m[K]
[8.775s]          [01;35m[Kfread(l.rolling_variance, sizeof(float), l.outputs, fp)[m[K;
[8.775s]          [01;35m[K^~~~~~~~~~~~~~~~~~~~~~~~~~~~~~~~~~~~~~~~~~~~~~~~~~~~~~~[m[K
[8.775s] [01m[K/home/ros/autoware.ai/src/autoware/core_perception/vision_darknet_detect/darknet/src/parser.c:[m[K In function ‘[01m[Kload_batchnorm_weights[m[K’:
[8.775s] [01m[K/home/ros/autoware.ai/src/autoware/core_perception/vision_darknet_detect/darknet/src/parser.c:1109:5:[m[K [01;35m[Kwarning: [m[Kignoring return value of ‘[01m[Kfread[m[K’, declared with attribute warn_unused_result [[01;35m[K-Wunused-result[m[K]
[8.775s]      [01;35m[Kfread(l.scales, sizeof(float), l.c, fp)[m[K;
[8.775s]      [01;35m[K^~~~~~~~~~~~~~~~~~~~~~~~~~~~~~~~~~~~~~~[m[K
[8.776s] [01m[K/home/ros/autoware.ai/src/autoware/core_perception/vision_darknet_detect/darknet/src/parser.c:1110:5:[m[K [01;35m[Kwarning: [m[Kignoring return value of ‘[01m[Kfread[m[K’, declared with attribute warn_unused_result [[01;35m[K-Wunused-result[m[K]
[8.776s]      [01;35m[Kfread(l.rolling_mean, sizeof(float), l.c, fp)[m[K;
[8.776s]      [01;35m[K^~~~~~~~~~~~~~~~~~~~~~~~~~~~~~~~~~~~~~~~~~~~~[m[K
[8.776s] [01m[K/home/ros/autoware.ai/src/autoware/core_perception/vision_darknet_detect/darknet/src/parser.c:1111:5:[m[K [01;35m[Kwarning: [m[Kignoring return value of ‘[01m[Kfread[m[K’, declared with attribute warn_unused_result [[01;35m[K-Wunused-result[m[K]
[8.776s]      [01;35m[Kfread(l.rolling_variance, sizeof(float), l.c, fp)[m[K;
[8.776s]      [01;35m[K^~~~~~~~~~~~~~~~~~~~~~~~~~~~~~~~~~~~~~~~~~~~~~~~~[m[K
[8.776s] [01m[K/home/ros/autoware.ai/src/autoware/core_perception/vision_darknet_detect/darknet/src/parser.c:[m[K In function ‘[01m[Kload_convolutional_weights_binary[m[K’:
[8.776s] [01m[K/home/ros/autoware.ai/src/autoware/core_perception/vision_darknet_detect/darknet/src/parser.c:1121:5:[m[K [01;35m[Kwarning: [m[Kignoring return value of ‘[01m[Kfread[m[K’, declared with attribute warn_unused_result [[01;35m[K-Wunused-result[m[K]
[8.777s]      [01;35m[Kfread(l.biases, sizeof(float), l.n, fp)[m[K;
[8.777s]      [01;35m[K^~~~~~~~~~~~~~~~~~~~~~~~~~~~~~~~~~~~~~~[m[K
[8.777s] [01m[K/home/ros/autoware.ai/src/autoware/core_perception/vision_darknet_detect/darknet/src/parser.c:1123:9:[m[K [01;35m[Kwarning: [m[Kignoring return value of ‘[01m[Kfread[m[K’, declared with attribute warn_unused_result [[01;35m[K-Wunused-result[m[K]
[8.777s]          [01;35m[Kfread(l.scales, sizeof(float), l.n, fp)[m[K;
[8.777s]          [01;35m[K^~~~~~~~~~~~~~~~~~~~~~~~~~~~~~~~~~~~~~~[m[K
[8.777s] [01m[K/home/ros/autoware.ai/src/autoware/core_perception/vision_darknet_detect/darknet/src/parser.c:1124:9:[m[K [01;35m[Kwarning: [m[Kignoring return value of ‘[01m[Kfread[m[K’, declared with attribute warn_unused_result [[01;35m[K-Wunused-result[m[K]
[8.777s]          [01;35m[Kfread(l.rolling_mean, sizeof(float), l.n, fp)[m[K;
[8.778s]          [01;35m[K^~~~~~~~~~~~~~~~~~~~~~~~~~~~~~~~~~~~~~~~~~~~~[m[K
[8.778s] [01m[K/home/ros/autoware.ai/src/autoware/core_perception/vision_darknet_detect/darknet/src/parser.c:1125:9:[m[K [01;35m[Kwarning: [m[Kignoring return value of ‘[01m[Kfread[m[K’, declared with attribute warn_unused_result [[01;35m[K-Wunused-result[m[K]
[8.778s]          [01;35m[Kfread(l.rolling_variance, sizeof(float), l.n, fp)[m[K;
[8.778s]          [01;35m[K^~~~~~~~~~~~~~~~~~~~~~~~~~~~~~~~~~~~~~~~~~~~~~~~~[m[K
[8.778s] [01m[K/home/ros/autoware.ai/src/autoware/core_perception/vision_darknet_detect/darknet/src/parser.c:1131:9:[m[K [01;35m[Kwarning: [m[Kignoring return value of ‘[01m[Kfread[m[K’, declared with attribute warn_unused_result [[01;35m[K-Wunused-result[m[K]
[8.778s]          [01;35m[Kfread(&mean, sizeof(float), 1, fp)[m[K;
[8.778s]          [01;35m[K^~~~~~~~~~~~~~~~~~~~~~~~~~~~~~~~~~[m[K
[8.779s] [01m[K/home/ros/autoware.ai/src/autoware/core_perception/vision_darknet_detect/darknet/src/parser.c:1135:13:[m[K [01;35m[Kwarning: [m[Kignoring return value of ‘[01m[Kfread[m[K’, declared with attribute warn_unused_result [[01;35m[K-Wunused-result[m[K]
[8.779s]              [01;35m[Kfread(&c, sizeof(char), 1, fp)[m[K;
[8.779s]              [01;35m[K^~~~~~~~~~~~~~~~~~~~~~~~~~~~~~[m[K
[8.779s] [01m[K/home/ros/autoware.ai/src/autoware/core_perception/vision_darknet_detect/darknet/src/parser.c:[m[K In function ‘[01m[Kload_convolutional_weights[m[K’:
[8.779s] [01m[K/home/ros/autoware.ai/src/autoware/core_perception/vision_darknet_detect/darknet/src/parser.c:1156:5:[m[K [01;35m[Kwarning: [m[Kignoring return value of ‘[01m[Kfread[m[K’, declared with attribute warn_unused_result [[01;35m[K-Wunused-result[m[K]
[8.779s]      [01;35m[Kfread(l.biases, sizeof(float), l.n, fp)[m[K;
[8.779s]      [01;35m[K^~~~~~~~~~~~~~~~~~~~~~~~~~~~~~~~~~~~~~~[m[K
[8.779s] [01m[K/home/ros/autoware.ai/src/autoware/core_perception/vision_darknet_detect/darknet/src/parser.c:1158:9:[m[K [01;35m[Kwarning: [m[Kignoring return value of ‘[01m[Kfread[m[K’, declared with attribute warn_unused_result [[01;35m[K-Wunused-result[m[K]
[8.780s]          [01;35m[Kfread(l.scales, sizeof(float), l.n, fp)[m[K;
[8.780s]          [01;35m[K^~~~~~~~~~~~~~~~~~~~~~~~~~~~~~~~~~~~~~~[m[K
[8.780s] [01m[K/home/ros/autoware.ai/src/autoware/core_perception/vision_darknet_detect/darknet/src/parser.c:1159:9:[m[K [01;35m[Kwarning: [m[Kignoring return value of ‘[01m[Kfread[m[K’, declared with attribute warn_unused_result [[01;35m[K-Wunused-result[m[K]
[8.780s]          [01;35m[Kfread(l.rolling_mean, sizeof(float), l.n, fp)[m[K;
[8.780s]          [01;35m[K^~~~~~~~~~~~~~~~~~~~~~~~~~~~~~~~~~~~~~~~~~~~~[m[K
[8.780s] [01m[K/home/ros/autoware.ai/src/autoware/core_perception/vision_darknet_detect/darknet/src/parser.c:1160:9:[m[K [01;35m[Kwarning: [m[Kignoring return value of ‘[01m[Kfread[m[K’, declared with attribute warn_unused_result [[01;35m[K-Wunused-result[m[K]
[8.780s]          [01;35m[Kfread(l.rolling_variance, sizeof(float), l.n, fp)[m[K;
[8.781s]          [01;35m[K^~~~~~~~~~~~~~~~~~~~~~~~~~~~~~~~~~~~~~~~~~~~~~~~~[m[K
[8.781s] [01m[K/home/ros/autoware.ai/src/autoware/core_perception/vision_darknet_detect/darknet/src/parser.c:1188:5:[m[K [01;35m[Kwarning: [m[Kignoring return value of ‘[01m[Kfread[m[K’, declared with attribute warn_unused_result [[01;35m[K-Wunused-result[m[K]
[8.781s]      [01;35m[Kfread(l.weights, sizeof(float), num, fp)[m[K;
[8.781s]      [01;35m[K^~~~~~~~~~~~~~~~~~~~~~~~~~~~~~~~~~~~~~~~[m[K
[8.781s] [01m[K/home/ros/autoware.ai/src/autoware/core_perception/vision_darknet_detect/darknet/src/parser.c:[m[K In function ‘[01m[Kload_weights_upto[m[K’:
[8.781s] [01m[K/home/ros/autoware.ai/src/autoware/core_perception/vision_darknet_detect/darknet/src/parser.c:1217:5:[m[K [01;35m[Kwarning: [m[Kignoring return value of ‘[01m[Kfread[m[K’, declared with attribute warn_unused_result [[01;35m[K-Wunused-result[m[K]
[8.781s]      [01;35m[Kfread(&major, sizeof(int), 1, fp)[m[K;
[8.781s]      [01;35m[K^~~~~~~~~~~~~~~~~~~~~~~~~~~~~~~~~[m[K
[8.782s] [01m[K/home/ros/autoware.ai/src/autoware/core_perception/vision_darknet_detect/darknet/src/parser.c:1218:5:[m[K [01;35m[Kwarning: [m[Kignoring return value of ‘[01m[Kfread[m[K’, declared with attribute warn_unused_result [[01;35m[K-Wunused-result[m[K]
[8.782s]      [01;35m[Kfread(&minor, sizeof(int), 1, fp)[m[K;
[8.782s]      [01;35m[K^~~~~~~~~~~~~~~~~~~~~~~~~~~~~~~~~[m[K
[8.782s] [01m[K/home/ros/autoware.ai/src/autoware/core_perception/vision_darknet_detect/darknet/src/parser.c:1219:5:[m[K [01;35m[Kwarning: [m[Kignoring return value of ‘[01m[Kfread[m[K’, declared with attribute warn_unused_result [[01;35m[K-Wunused-result[m[K]
[8.782s]      [01;35m[Kfread(&revision, sizeof(int), 1, fp)[m[K;
[8.782s]      [01;35m[K^~~~~~~~~~~~~~~~~~~~~~~~~~~~~~~~~~~~[m[K
[8.782s] [01m[K/home/ros/autoware.ai/src/autoware/core_perception/vision_darknet_detect/darknet/src/parser.c:1221:9:[m[K [01;35m[Kwarning: [m[Kignoring return value of ‘[01m[Kfread[m[K’, declared with attribute warn_unused_result [[01;35m[K-Wunused-result[m[K]
[8.783s]          [01;35m[Kfread(net->seen, sizeof(size_t), 1, fp)[m[K;
[8.783s]          [01;35m[K^~~~~~~~~~~~~~~~~~~~~~~~~~~~~~~~~~~~~~~[m[K
[8.783s] [01m[K/home/ros/autoware.ai/src/autoware/core_perception/vision_darknet_detect/darknet/src/parser.c:1224:9:[m[K [01;35m[Kwarning: [m[Kignoring return value of ‘[01m[Kfread[m[K’, declared with attribute warn_unused_result [[01;35m[K-Wunused-result[m[K]
[8.783s]          [01;35m[Kfread(&iseen, sizeof(int), 1, fp)[m[K;
[8.783s]          [01;35m[K^~~~~~~~~~~~~~~~~~~~~~~~~~~~~~~~~[m[K
[8.783s] [01m[K/home/ros/autoware.ai/src/autoware/core_perception/vision_darknet_detect/darknet/src/parser.c:1279:13:[m[K [01;35m[Kwarning: [m[Kignoring return value of ‘[01m[Kfread[m[K’, declared with attribute warn_unused_result [[01;35m[K-Wunused-result[m[K]
[8.783s]              [01;35m[Kfread(l.biases, sizeof(float), l.outputs, fp)[m[K;
[8.784s]              [01;35m[K^~~~~~~~~~~~~~~~~~~~~~~~~~~~~~~~~~~~~~~~~~~~~[m[K
[8.784s] [01m[K/home/ros/autoware.ai/src/autoware/core_perception/vision_darknet_detect/darknet/src/parser.c:1280:13:[m[K [01;35m[Kwarning: [m[Kignoring return value of ‘[01m[Kfread[m[K’, declared with attribute warn_unused_result [[01;35m[K-Wunused-result[m[K]
[8.784s]              [01;35m[Kfread(l.weights, sizeof(float), size, fp)[m[K;
[8.784s]              [01;35m[K^~~~~~~~~~~~~~~~~~~~~~~~~~~~~~~~~~~~~~~~~[m[K
[9.378s] [ 25%] [32mBuilding C object CMakeFiles/vision_darknet_detect_lib.dir/darknet/src/option_list.c.o[0m
[9.468s] [ 27%] [32mBuilding C object CMakeFiles/vision_darknet_detect_lib.dir/darknet/src/detection_layer.c.o[0m
[9.672s] [ 29%] [32mBuilding C object CMakeFiles/vision_darknet_detect_lib.dir/darknet/src/route_layer.c.o[0m
[9.780s] [ 31%] [32mBuilding C object CMakeFiles/vision_darknet_detect_lib.dir/darknet/src/upsample_layer.c.o[0m
[9.859s] [ 34%] [32mBuilding C object CMakeFiles/vision_darknet_detect_lib.dir/darknet/src/box.c.o[0m
[10.069s] [ 36%] [32mBuilding C object CMakeFiles/vision_darknet_detect_lib.dir/darknet/src/normalization_layer.c.o[0m
[10.176s] [ 38%] [32mBuilding C object CMakeFiles/vision_darknet_detect_lib.dir/darknet/src/avgpool_layer.c.o[0m
[10.284s] [ 40%] [32mBuilding C object CMakeFiles/vision_darknet_detect_lib.dir/darknet/src/layer.c.o[0m
[10.356s] [ 42%] [32mBuilding C object CMakeFiles/vision_darknet_detect_lib.dir/darknet/src/local_layer.c.o[0m
[10.498s] [ 44%] [32mBuilding C object CMakeFiles/vision_darknet_detect_lib.dir/darknet/src/shortcut_layer.c.o[0m
[10.594s] [ 46%] [32mBuilding C object CMakeFiles/vision_darknet_detect_lib.dir/darknet/src/logistic_layer.c.o[0m
[10.674s] [ 48%] [32mBuilding C object CMakeFiles/vision_darknet_detect_lib.dir/darknet/src/activation_layer.c.o[0m
[10.763s] [ 51%] [32mBuilding C object CMakeFiles/vision_darknet_detect_lib.dir/darknet/src/rnn_layer.c.o[0m
[10.911s] [ 53%] [32mBuilding C object CMakeFiles/vision_darknet_detect_lib.dir/darknet/src/gru_layer.c.o[0m
[11.066s] [ 55%] [32mBuilding C object CMakeFiles/vision_darknet_detect_lib.dir/darknet/src/crnn_layer.c.o[0m
[11.238s] [ 57%] [32mBuilding C object CMakeFiles/vision_darknet_detect_lib.dir/darknet/src/batchnorm_layer.c.o[0m
[11.389s] [ 59%] [32mBuilding C object CMakeFiles/vision_darknet_detect_lib.dir/darknet/src/region_layer.c.o[0m
[11.806s] [ 61%] [32mBuilding C object CMakeFiles/vision_darknet_detect_lib.dir/darknet/src/reorg_layer.c.o[0m
[11.899s] [ 63%] [32mBuilding C object CMakeFiles/vision_darknet_detect_lib.dir/darknet/src/tree.c.o[0m
[12.030s] [ 65%] [32mBuilding C object CMakeFiles/vision_darknet_detect_lib.dir/darknet/src/lstm_layer.c.o[0m
[12.317s] [ 68%] [32mBuilding C object CMakeFiles/vision_darknet_detect_lib.dir/darknet/src/l2norm_layer.c.o[0m
[12.388s] [ 70%] [32mBuilding C object CMakeFiles/vision_darknet_detect_lib.dir/darknet/src/yolo_layer.c.o[0m
[12.687s] [ 72%] [32mBuilding C object CMakeFiles/vision_darknet_detect_lib.dir/darknet/src/blas.c.o[0m
[13.168s] [ 74%] [32mBuilding C object CMakeFiles/vision_darknet_detect_lib.dir/darknet/src/col2im.c.o[0m
[13.231s] [ 76%] [32mBuilding C object CMakeFiles/vision_darknet_detect_lib.dir/darknet/src/im2col.c.o[0m
[13.281s] [ 78%] [32mBuilding C object CMakeFiles/vision_darknet_detect_lib.dir/darknet/src/activations.c.o[0m
[13.433s] [ 80%] [32mBuilding C object CMakeFiles/vision_darknet_detect_lib.dir/darknet/src/image.c.o[0m
[20.445s] [ 82%] [32mBuilding C object CMakeFiles/vision_darknet_detect_lib.dir/darknet/src/list.c.o[0m
[20.518s] [ 85%] [32mBuilding C object CMakeFiles/vision_darknet_detect_lib.dir/darknet/src/convolutional_layer.c.o[0m
[20.876s] [ 87%] [32mBuilding C object CMakeFiles/vision_darknet_detect_lib.dir/darknet/src/deconvolutional_layer.c.o[0m
[21.101s] [ 89%] [32mBuilding C object CMakeFiles/vision_darknet_detect_lib.dir/darknet/src/cuda.c.o[0m
[21.198s] [ 91%] [32mBuilding C object CMakeFiles/vision_darknet_detect_lib.dir/darknet/src/utils.c.o[0m
[21.295s] [01m[K/home/ros/autoware.ai/src/autoware/core_perception/vision_darknet_detect/darknet/src/utils.c:[m[K In function ‘[01m[Kread_file[m[K’:
[21.295s] [01m[K/home/ros/autoware.ai/src/autoware/core_perception/vision_darknet_detect/darknet/src/utils.c:267:5:[m[K [01;35m[Kwarning: [m[Kignoring return value of ‘[01m[Kfread[m[K’, declared with attribute warn_unused_result [[01;35m[K-Wunused-result[m[K]
[21.295s]      [01;35m[Kfread(text, 1, size, fp)[m[K;
[21.295s]      [01;35m[K^~~~~~~~~~~~~~~~~~~~~~~~[m[K
[21.300s] [01m[K/home/ros/autoware.ai/src/autoware/core_perception/vision_darknet_detect/darknet/src/utils.c:[m[K In function ‘[01m[Kfgetl[m[K’:
[21.301s] [01m[K/home/ros/autoware.ai/src/autoware/core_perception/vision_darknet_detect/darknet/src/utils.c:355:9:[m[K [01;35m[Kwarning: [m[Kignoring return value of ‘[01m[Kfgets[m[K’, declared with attribute warn_unused_result [[01;35m[K-Wunused-result[m[K]
[21.301s]          [01;35m[Kfgets(&line[curr], readsize, fp)[m[K;
[21.301s]          [01;35m[K^~~~~~~~~~~~~~~~~~~~~~~~~~~~~~~~[m[K
[21.698s] [ 93%] [32m[1mLinking C shared library devel/lib/libvision_darknet_detect_lib.so[0m
[21.871s] [ 93%] Built target vision_darknet_detect_lib
[21.918s] [35m[1mScanning dependencies of target vision_darknet_detect[0m
[21.990s] [ 95%] [32mBuilding CXX object CMakeFiles/vision_darknet_detect.dir/src/vision_darknet_detect_node.cpp.o[0m
[26.186s] [ 97%] [32mBuilding CXX object CMakeFiles/vision_darknet_detect.dir/src/vision_darknet_detect.cpp.o[0m
[34.600s] [100%] [32m[1mLinking CXX executable devel/lib/vision_darknet_detect/vision_darknet_detect[0m
[35.170s] [100%] Built target vision_darknet_detect
[35.188s] Invoked command in '/home/ros/autoware.ai/build/vision_darknet_detect' returned '0': CMAKE_PREFIX_PATH=/home/ros/autoware.ai/install/autoware_msgs:/home/ros/autoware.ai/install/autoware_config_msgs:/home/ros/autoware.ai/install/autoware_build_flags:${CMAKE_PREFIX_PATH} PKG_CONFIG_PATH=/home/ros/autoware.ai/install/autoware_msgs/lib/x86_64-linux-gnu/pkgconfig:/home/ros/autoware.ai/install/autoware_msgs/lib/pkgconfig:/home/ros/autoware.ai/install/autoware_config_msgs/lib/x86_64-linux-gnu/pkgconfig:/home/ros/autoware.ai/install/autoware_config_msgs/lib/pkgconfig:/home/ros/autoware.ai/install/autoware_build_flags/lib/x86_64-linux-gnu/pkgconfig:/home/ros/autoware.ai/install/autoware_build_flags/lib/pkgconfig:${PKG_CONFIG_PATH} PYTHONPATH=/home/ros/autoware.ai/install/autoware_msgs/lib/python2.7/dist-packages:/home/ros/autoware.ai/install/autoware_config_msgs/lib/python2.7/dist-packages:${PYTHONPATH} ROS_PACKAGE_PATH=/home/ros/autoware.ai/install/autoware_msgs/share:/home/ros/autoware.ai/install/autoware_config_msgs/share:/home/ros/autoware.ai/install/autoware_build_flags/share:${ROS_PACKAGE_PATH} /usr/bin/cmake --build /home/ros/autoware.ai/build/vision_darknet_detect -- -j12 -l12
[35.913s] Invoking command in '/home/ros/autoware.ai/build/vision_darknet_detect': CMAKE_PREFIX_PATH=/home/ros/autoware.ai/install/autoware_msgs:/home/ros/autoware.ai/install/autoware_config_msgs:/home/ros/autoware.ai/install/autoware_build_flags:${CMAKE_PREFIX_PATH} PKG_CONFIG_PATH=/home/ros/autoware.ai/install/autoware_msgs/lib/x86_64-linux-gnu/pkgconfig:/home/ros/autoware.ai/install/autoware_msgs/lib/pkgconfig:/home/ros/autoware.ai/install/autoware_config_msgs/lib/x86_64-linux-gnu/pkgconfig:/home/ros/autoware.ai/install/autoware_config_msgs/lib/pkgconfig:/home/ros/autoware.ai/install/autoware_build_flags/lib/x86_64-linux-gnu/pkgconfig:/home/ros/autoware.ai/install/autoware_build_flags/lib/pkgconfig:${PKG_CONFIG_PATH} PYTHONPATH=/home/ros/autoware.ai/install/autoware_msgs/lib/python2.7/dist-packages:/home/ros/autoware.ai/install/autoware_config_msgs/lib/python2.7/dist-packages:${PYTHONPATH} ROS_PACKAGE_PATH=/home/ros/autoware.ai/install/autoware_msgs/share:/home/ros/autoware.ai/install/autoware_config_msgs/share:/home/ros/autoware.ai/install/autoware_build_flags/share:${ROS_PACKAGE_PATH} /usr/bin/cmake --build /home/ros/autoware.ai/build/vision_darknet_detect --target tests -- -j12 -l12
[36.002s] [35m[1mScanning dependencies of target tests[0m
[36.022s] Built target tests
[36.041s] Invoked command in '/home/ros/autoware.ai/build/vision_darknet_detect' returned '0': CMAKE_PREFIX_PATH=/home/ros/autoware.ai/install/autoware_msgs:/home/ros/autoware.ai/install/autoware_config_msgs:/home/ros/autoware.ai/install/autoware_build_flags:${CMAKE_PREFIX_PATH} PKG_CONFIG_PATH=/home/ros/autoware.ai/install/autoware_msgs/lib/x86_64-linux-gnu/pkgconfig:/home/ros/autoware.ai/install/autoware_msgs/lib/pkgconfig:/home/ros/autoware.ai/install/autoware_config_msgs/lib/x86_64-linux-gnu/pkgconfig:/home/ros/autoware.ai/install/autoware_config_msgs/lib/pkgconfig:/home/ros/autoware.ai/install/autoware_build_flags/lib/x86_64-linux-gnu/pkgconfig:/home/ros/autoware.ai/install/autoware_build_flags/lib/pkgconfig:${PKG_CONFIG_PATH} PYTHONPATH=/home/ros/autoware.ai/install/autoware_msgs/lib/python2.7/dist-packages:/home/ros/autoware.ai/install/autoware_config_msgs/lib/python2.7/dist-packages:${PYTHONPATH} ROS_PACKAGE_PATH=/home/ros/autoware.ai/install/autoware_msgs/share:/home/ros/autoware.ai/install/autoware_config_msgs/share:/home/ros/autoware.ai/install/autoware_build_flags/share:${ROS_PACKAGE_PATH} /usr/bin/cmake --build /home/ros/autoware.ai/build/vision_darknet_detect --target tests -- -j12 -l12
[36.487s] Invoking command in '/home/ros/autoware.ai/build/vision_darknet_detect': CMAKE_PREFIX_PATH=/home/ros/autoware.ai/install/autoware_msgs:/home/ros/autoware.ai/install/autoware_config_msgs:/home/ros/autoware.ai/install/autoware_build_flags:${CMAKE_PREFIX_PATH} PKG_CONFIG_PATH=/home/ros/autoware.ai/install/autoware_msgs/lib/x86_64-linux-gnu/pkgconfig:/home/ros/autoware.ai/install/autoware_msgs/lib/pkgconfig:/home/ros/autoware.ai/install/autoware_config_msgs/lib/x86_64-linux-gnu/pkgconfig:/home/ros/autoware.ai/install/autoware_config_msgs/lib/pkgconfig:/home/ros/autoware.ai/install/autoware_build_flags/lib/x86_64-linux-gnu/pkgconfig:/home/ros/autoware.ai/install/autoware_build_flags/lib/pkgconfig:${PKG_CONFIG_PATH} PYTHONPATH=/home/ros/autoware.ai/install/autoware_msgs/lib/python2.7/dist-packages:/home/ros/autoware.ai/install/autoware_config_msgs/lib/python2.7/dist-packages:${PYTHONPATH} ROS_PACKAGE_PATH=/home/ros/autoware.ai/install/autoware_msgs/share:/home/ros/autoware.ai/install/autoware_config_msgs/share:/home/ros/autoware.ai/install/autoware_build_flags/share:${ROS_PACKAGE_PATH} /usr/bin/cmake --build /home/ros/autoware.ai/build/vision_darknet_detect --target install -- -j12 -l12
[36.587s] [  0%] Built target sensor_msgs_generate_messages_nodejs
[36.623s] [  0%] Built target pcl_msgs_generate_messages_nodejs
[36.665s] [  0%] Built target pcl_msgs_generate_messages_lisp
[36.692s] [  0%] Built target pcl_msgs_generate_messages_eus
[36.731s] [  0%] Built target rosgraph_msgs_generate_messages_cpp
[36.767s] [  0%] Built target autoware_msgs_generate_messages_cpp
[36.807s] [  0%] Built target std_msgs_generate_messages_nodejs
[36.847s] [  0%] Built target std_msgs_generate_messages_lisp
[36.899s] [  0%] Built target sensor_msgs_generate_messages_cpp
[36.942s] [  0%] Built target sensor_msgs_generate_messages_eus
[36.977s] [  0%] Built target autoware_config_msgs_generate_messages_lisp
[37.026s] [  0%] Built target jsk_footstep_msgs_generate_messages_lisp
[37.074s] [  0%] Built target autoware_config_msgs_generate_messages_eus
[37.112s] [  0%] Built target std_msgs_generate_messages_eus
[37.154s] [  0%] Built target autoware_msgs_generate_messages_nodejs
[37.186s] [  0%] Built target rosgraph_msgs_generate_messages_py
[37.225s] [  0%] Built target autoware_config_msgs_generate_messages_py
[37.273s] [  0%] Built target actionlib_msgs_generate_messages_nodejs
[37.302s] [  0%] Built target jsk_footstep_msgs_generate_messages_py
[37.346s] [  0%] Built target std_msgs_generate_messages_cpp
[37.389s] [  0%] Built target std_msgs_generate_messages_py
[37.454s] [  0%] Built target autoware_msgs_generate_messages_py
[37.498s] [  0%] Built target sensor_msgs_generate_messages_py
[37.533s] [  0%] Built target jsk_recognition_msgs_generate_messages_py
[37.562s] [  0%] Built target autoware_msgs_generate_messages_eus
[37.620s] [  0%] Built target jsk_recognition_msgs_generate_messages_cpp
[37.683s] [  0%] Built target sensor_msgs_generate_messages_lisp
[37.725s] [  0%] Built target pcl_msgs_generate_messages_cpp
[37.781s] [  0%] Built target actionlib_msgs_generate_messages_eus
[37.827s] [  0%] Built target autoware_msgs_generate_messages_lisp
[37.885s] [  0%] Built target roscpp_generate_messages_nodejs
[37.954s] [  0%] Built target roscpp_generate_messages_eus
[38.010s] [  0%] Built target autoware_config_msgs_generate_messages_nodejs
[38.067s] [  0%] Built target geometry_msgs_generate_messages_eus
[38.146s] [  0%] Built target geometry_msgs_generate_messages_cpp
[38.248s] [  0%] Built target geometry_msgs_generate_messages_lisp
[38.354s] [  0%] Built target geometry_msgs_generate_messages_nodejs
[38.531s] [  0%] Built target jsk_footstep_msgs_generate_messages_cpp
[38.724s] [  0%] Built target geometry_msgs_generate_messages_py
[38.846s] [  0%] Built target autoware_config_msgs_generate_messages_cpp
[38.915s] [  0%] Built target jsk_recognition_msgs_generate_messages_eus
[39.033s] [  0%] Built target jsk_recognition_msgs_generate_messages_lisp
[39.189s] [  0%] Built target rosgraph_msgs_generate_messages_eus
[39.349s] [  0%] Built target jsk_recognition_msgs_generate_messages_nodejs
[39.449s] [  0%] Built target roscpp_generate_messages_cpp
[39.540s] [  0%] Built target pcl_msgs_generate_messages_py
[39.633s] [  0%] Built target jsk_footstep_msgs_generate_messages_eus
[39.752s] [  0%] Built target actionlib_msgs_generate_messages_py
[39.933s] [  0%] Built target jsk_footstep_msgs_generate_messages_nodejs
[40.057s] [  0%] Built target actionlib_msgs_generate_messages_cpp
[40.183s] [  0%] Built target actionlib_msgs_generate_messages_lisp
[40.282s] [  0%] Built target roscpp_generate_messages_lisp
[40.385s] [  0%] Built target roscpp_generate_messages_py
[40.529s] [  0%] Built target rosgraph_msgs_generate_messages_lisp
[40.604s] [  0%] Built target rosgraph_msgs_generate_messages_nodejs
[40.717s] [ 93%] Built target vision_darknet_detect_lib
[40.832s] [100%] Built target vision_darknet_detect
[40.911s] [36mInstall the project...[0m
[40.942s] -- Install configuration: "Release"
[40.943s] -- Installing: /home/ros/autoware.ai/install/vision_darknet_detect/lib/pkgconfig/vision_darknet_detect.pc
[40.943s] -- Installing: /home/ros/autoware.ai/install/vision_darknet_detect/share/vision_darknet_detect/cmake/vision_darknet_detectConfig.cmake
[40.943s] -- Installing: /home/ros/autoware.ai/install/vision_darknet_detect/share/vision_darknet_detect/cmake/vision_darknet_detectConfig-version.cmake
[40.944s] -- Installing: /home/ros/autoware.ai/install/vision_darknet_detect/share/vision_darknet_detect/package.xml
[40.944s] -- Installing: /home/ros/autoware.ai/install/vision_darknet_detect/lib/libvision_darknet_detect_lib.so
[40.948s] -- Set runtime path of "/home/ros/autoware.ai/install/vision_darknet_detect/lib/libvision_darknet_detect_lib.so" to ""
[40.949s] -- Installing: /home/ros/autoware.ai/install/vision_darknet_detect/lib/vision_darknet_detect/vision_darknet_detect
[40.957s] -- Set runtime path of "/home/ros/autoware.ai/install/vision_darknet_detect/lib/vision_darknet_detect/vision_darknet_detect" to ""
[40.957s] -- Installing: /home/ros/autoware.ai/install/vision_darknet_detect/share/vision_darknet_detect/launch
[40.957s] -- Installing: /home/ros/autoware.ai/install/vision_darknet_detect/share/vision_darknet_detect/launch/vision_yolo3_detect.launch
[40.957s] -- Installing: /home/ros/autoware.ai/install/vision_darknet_detect/share/vision_darknet_detect/launch/vision_yolo2_detect.launch
[40.958s] -- Installing: /home/ros/autoware.ai/install/vision_darknet_detect/share/vision_darknet_detect/darknet/cfg/
[40.958s] -- Installing: /home/ros/autoware.ai/install/vision_darknet_detect/share/vision_darknet_detect/darknet/cfg//yolov2.cfg
[40.958s] -- Installing: /home/ros/autoware.ai/install/vision_darknet_detect/share/vision_darknet_detect/darknet/cfg//yolov3.cfg
[40.958s] -- Installing: /home/ros/autoware.ai/install/vision_darknet_detect/share/vision_darknet_detect/darknet/cfg//voc.names
[40.958s] -- Installing: /home/ros/autoware.ai/install/vision_darknet_detect/share/vision_darknet_detect/darknet/cfg//yolov3-voc.cfg
[40.959s] -- Installing: /home/ros/autoware.ai/install/vision_darknet_detect/share/vision_darknet_detect/darknet/cfg//coco.names
[40.960s] -- Installing: /home/ros/autoware.ai/install/vision_darknet_detect/share/vision_darknet_detect/darknet/cfg//yolov2-tiny.cfg
[40.960s] -- Installing: /home/ros/autoware.ai/install/vision_darknet_detect/share/vision_darknet_detect/darknet/cfg//yolov3-tiny.cfg
[40.968s] Invoked command in '/home/ros/autoware.ai/build/vision_darknet_detect' returned '0': CMAKE_PREFIX_PATH=/home/ros/autoware.ai/install/autoware_msgs:/home/ros/autoware.ai/install/autoware_config_msgs:/home/ros/autoware.ai/install/autoware_build_flags:${CMAKE_PREFIX_PATH} PKG_CONFIG_PATH=/home/ros/autoware.ai/install/autoware_msgs/lib/x86_64-linux-gnu/pkgconfig:/home/ros/autoware.ai/install/autoware_msgs/lib/pkgconfig:/home/ros/autoware.ai/install/autoware_config_msgs/lib/x86_64-linux-gnu/pkgconfig:/home/ros/autoware.ai/install/autoware_config_msgs/lib/pkgconfig:/home/ros/autoware.ai/install/autoware_build_flags/lib/x86_64-linux-gnu/pkgconfig:/home/ros/autoware.ai/install/autoware_build_flags/lib/pkgconfig:${PKG_CONFIG_PATH} PYTHONPATH=/home/ros/autoware.ai/install/autoware_msgs/lib/python2.7/dist-packages:/home/ros/autoware.ai/install/autoware_config_msgs/lib/python2.7/dist-packages:${PYTHONPATH} ROS_PACKAGE_PATH=/home/ros/autoware.ai/install/autoware_msgs/share:/home/ros/autoware.ai/install/autoware_config_msgs/share:/home/ros/autoware.ai/install/autoware_build_flags/share:${ROS_PACKAGE_PATH} /usr/bin/cmake --build /home/ros/autoware.ai/build/vision_darknet_detect --target install -- -j12 -l12
