[0.047s] Invoking command in '/home/ros/autoware.ai/build/autoware_can_msgs': /usr/bin/cmake /home/ros/autoware.ai/src/autoware/messages/autoware_can_msgs -DCMAKE_BUILD_TYPE=Release -DCATKIN_INSTALL_INTO_PREFIX_ROOT=0 -DCMAKE_INSTALL_PREFIX=/home/ros/autoware.ai/install/autoware_can_msgs
[0.112s] -- The C compiler identification is GNU 7.5.0
[0.182s] -- The CXX compiler identification is GNU 7.5.0
[0.186s] -- Check for working C compiler: /usr/bin/cc
[0.272s] -- Check for working C compiler: /usr/bin/cc -- works
[0.272s] -- Detecting C compiler ABI info
[0.360s] -- Detecting C compiler ABI info - done
[0.368s] -- Detecting C compile features
[0.620s] -- Detecting C compile features - done
[0.625s] -- Check for working CXX compiler: /usr/bin/c++
[0.742s] -- Check for working CXX compiler: /usr/bin/c++ -- works
[0.743s] -- Detecting CXX compiler ABI info
[0.838s] -- Detecting CXX compiler ABI info - done
[0.849s] -- Detecting CXX compile features
[1.350s] -- Detecting CXX compile features - done
[1.352s] -- Using CATKIN_DEVEL_PREFIX: /home/ros/autoware.ai/build/autoware_can_msgs/devel
[1.352s] -- Using CMAKE_PREFIX_PATH: /opt/ros/melodic
[1.352s] -- This workspace overlays: /opt/ros/melodic
[1.393s] -- Found PythonInterp: /usr/bin/python2 (found suitable version "2.7.17", minimum required is "2") 
[1.394s] -- Using PYTHON_EXECUTABLE: /usr/bin/python2
[1.394s] -- Using Debian Python package layout
[1.394s] -- Using empy: /usr/bin/empy
[1.625s] -- Using CATKIN_ENABLE_TESTING: ON
[1.627s] -- Call enable_testing()
[1.629s] -- Using CATKIN_TEST_RESULTS_DIR: /home/ros/autoware.ai/build/autoware_can_msgs/test_results
[1.650s] -- Found gtest sources under '/usr/src/googletest': gtests will be built
[1.650s] -- Found gmock sources under '/usr/src/googletest': gmock will be built
[1.668s] -- Found PythonInterp: /usr/bin/python2 (found version "2.7.17") 
[1.671s] -- Looking for pthread.h
[1.803s] -- Looking for pthread.h - found
[1.803s] -- Looking for pthread_create
[1.917s] -- Looking for pthread_create - not found
[1.918s] -- Looking for pthread_create in pthreads
[1.998s] -- Looking for pthread_create in pthreads - not found
[1.999s] -- Looking for pthread_create in pthread
[2.081s] -- Looking for pthread_create in pthread - found
[2.082s] -- Found Threads: TRUE  
[2.087s] -- Using Python nosetests: /usr/bin/nosetests-2.7
[2.137s] -- catkin 0.7.29
[2.137s] -- BUILD_SHARED_LIBS is on
[2.267s] -- Using these message generators: gencpp;geneus;genlisp;gennodejs;genpy
[2.563s] -- autoware_can_msgs: 3 messages, 0 services
[2.697s] -- Configuring done
[2.710s] -- Generating done
[2.713s] -- Build files have been written to: /home/ros/autoware.ai/build/autoware_can_msgs
