[0.000000] (-) TimerEvent: {}
[0.000222] (-) JobUnselected: {'identifier': 'amathutils_lib'}
[0.000250] (-) JobUnselected: {'identifier': 'astar_search'}
[0.000305] (-) JobUnselected: {'identifier': 'autoware_bag_tools'}
[0.000352] (-) JobUnselected: {'identifier': 'autoware_build_flags'}
[0.000404] (-) JobUnselected: {'identifier': 'autoware_camera_lidar_calibrator'}
[0.000431] (-) JobUnselected: {'identifier': 'autoware_can_msgs'}
[0.000446] (-) JobUnselected: {'identifier': 'autoware_config_msgs'}
[0.000459] (-) JobUnselected: {'identifier': 'autoware_connector'}
[0.000472] (-) JobUnselected: {'identifier': 'autoware_external_msgs'}
[0.000485] (-) JobUnselected: {'identifier': 'autoware_health_checker'}
[0.000498] (-) JobUnselected: {'identifier': 'autoware_lanelet2_msgs'}
[0.000511] (-) JobUnselected: {'identifier': 'autoware_launcher'}
[0.000524] (-) JobUnselected: {'identifier': 'autoware_launcher_rviz'}
[0.000537] (-) JobUnselected: {'identifier': 'autoware_map_msgs'}
[0.000549] (-) JobUnselected: {'identifier': 'autoware_msgs'}
[0.000562] (-) JobUnselected: {'identifier': 'autoware_quickstart_examples'}
[0.000574] (-) JobUnselected: {'identifier': 'autoware_rviz_plugins'}
[0.000587] (-) JobUnselected: {'identifier': 'autoware_system_msgs'}
[0.000600] (-) JobUnselected: {'identifier': 'calibration_publisher'}
[0.000612] (-) JobUnselected: {'identifier': 'carla_autoware_bridge'}
[0.000625] (-) JobUnselected: {'identifier': 'costmap_generator'}
[0.000640] (-) JobUnselected: {'identifier': 'data_preprocessor'}
[0.000653] (-) JobUnselected: {'identifier': 'decision_maker'}
[0.000666] (-) JobUnselected: {'identifier': 'decision_maker_panel'}
[0.000678] (-) JobUnselected: {'identifier': 'detected_objects_visualizer'}
[0.000691] (-) JobUnselected: {'identifier': 'dp_planner'}
[0.000704] (-) JobUnselected: {'identifier': 'ekf_localizer'}
[0.000716] (-) JobUnselected: {'identifier': 'emergency_handler'}
[0.000729] (-) JobUnselected: {'identifier': 'fastvirtualscan'}
[0.000742] (-) JobUnselected: {'identifier': 'ff_waypoint_follower'}
[0.000754] (-) JobUnselected: {'identifier': 'freespace_planner'}
[0.000767] (-) JobUnselected: {'identifier': 'gazebo_camera_description'}
[0.000779] (-) JobUnselected: {'identifier': 'gazebo_imu_description'}
[0.000792] (-) JobUnselected: {'identifier': 'gazebo_world_description'}
[0.000805] (-) JobUnselected: {'identifier': 'glviewer'}
[0.000817] (-) JobUnselected: {'identifier': 'gnss'}
[0.000830] (-) JobUnselected: {'identifier': 'gnss_localizer'}
[0.000842] (-) JobUnselected: {'identifier': 'graph_tools'}
[0.000855] (-) JobUnselected: {'identifier': 'image_processor'}
[0.000867] (-) JobUnselected: {'identifier': 'imm_ukf_pda_track'}
[0.000880] (-) JobUnselected: {'identifier': 'integrated_viewer'}
[0.000892] (-) JobUnselected: {'identifier': 'kitti_box_publisher'}
[0.000905] (-) JobUnselected: {'identifier': 'kitti_launch'}
[0.000917] (-) JobUnselected: {'identifier': 'kitti_player'}
[0.000930] (-) JobUnselected: {'identifier': 'lane_planner'}
[0.000942] (-) JobUnselected: {'identifier': 'lanelet2_extension'}
[0.000955] (-) JobUnselected: {'identifier': 'lanelet_aisan_converter'}
[0.000967] (-) JobUnselected: {'identifier': 'lattice_planner'}
[0.000980] (-) JobUnselected: {'identifier': 'lgsvl_simulator_bridge'}
[0.000993] (-) JobUnselected: {'identifier': 'libvectormap'}
[0.001005] (-) JobUnselected: {'identifier': 'libwaypoint_follower'}
[0.001018] (-) JobUnselected: {'identifier': 'lidar_apollo_cnn_seg_detect'}
[0.001030] (-) JobUnselected: {'identifier': 'lidar_euclidean_cluster_detect'}
[0.001043] (-) JobUnselected: {'identifier': 'lidar_fake_perception'}
[0.001055] (-) JobUnselected: {'identifier': 'lidar_kf_contour_track'}
[0.001068] (-) JobUnselected: {'identifier': 'lidar_localizer'}
[0.001080] (-) JobUnselected: {'identifier': 'lidar_naive_l_shape_detect'}
[0.001093] (-) JobUnselected: {'identifier': 'lidar_point_pillars'}
[0.001106] (-) JobUnselected: {'identifier': 'lidar_shape_estimation'}
[0.001118] (-) JobUnselected: {'identifier': 'll2_global_planner'}
[0.001131] (-) JobUnselected: {'identifier': 'log_tools'}
[0.001146] (-) JobUnselected: {'identifier': 'map_file'}
[0.001159] (-) JobUnselected: {'identifier': 'map_tf_generator'}
[0.001171] (-) JobUnselected: {'identifier': 'map_tools'}
[0.001184] (-) JobUnselected: {'identifier': 'marker_downsampler'}
[0.001196] (-) JobUnselected: {'identifier': 'mpc_follower'}
[0.001209] (-) JobUnselected: {'identifier': 'mqtt_socket'}
[0.001221] (-) JobUnselected: {'identifier': 'multi_lidar_calibrator'}
[0.001234] (-) JobUnselected: {'identifier': 'naive_motion_predict'}
[0.001246] (-) JobUnselected: {'identifier': 'ndt_cpu'}
[0.001258] (-) JobUnselected: {'identifier': 'ndt_gpu'}
[0.001271] (-) JobUnselected: {'identifier': 'ndt_tku'}
[0.001284] (-) JobUnselected: {'identifier': 'obj_db'}
[0.001296] (-) JobUnselected: {'identifier': 'object_map'}
[0.001309] (-) JobUnselected: {'identifier': 'oculus_socket'}
[0.001321] (-) JobUnselected: {'identifier': 'op_global_planner'}
[0.001334] (-) JobUnselected: {'identifier': 'op_local_planner'}
[0.001346] (-) JobUnselected: {'identifier': 'op_planner'}
[0.001359] (-) JobUnselected: {'identifier': 'op_ros_helpers'}
[0.001371] (-) JobUnselected: {'identifier': 'op_simu'}
[0.001384] (-) JobUnselected: {'identifier': 'op_simulation_package'}
[0.001396] (-) JobUnselected: {'identifier': 'op_utilities'}
[0.001409] (-) JobUnselected: {'identifier': 'op_utility'}
[0.001421] (-) JobUnselected: {'identifier': 'pc2_downsampler'}
[0.001433] (-) JobUnselected: {'identifier': 'pcl_omp_registration'}
[0.001449] (-) JobUnselected: {'identifier': 'pixel_cloud_fusion'}
[0.001462] (-) JobUnselected: {'identifier': 'points2image'}
[0.001475] (-) JobUnselected: {'identifier': 'points_downsampler'}
[0.001487] (-) JobUnselected: {'identifier': 'points_preprocessor'}
[0.001499] (-) JobUnselected: {'identifier': 'pos_db'}
[0.001511] (-) JobUnselected: {'identifier': 'pure_pursuit'}
[0.001523] (-) JobUnselected: {'identifier': 'range_vision_fusion'}
[0.001536] (-) JobUnselected: {'identifier': 'road_occupancy_processor'}
[0.001548] (-) JobUnselected: {'identifier': 'roi_object_filter'}
[0.001561] (-) JobUnselected: {'identifier': 'ros_observer'}
[0.001573] (-) JobUnselected: {'identifier': 'rosbag_controller'}
[0.001586] (-) JobUnselected: {'identifier': 'rosinterface'}
[0.001598] (-) JobUnselected: {'identifier': 'runtime_manager'}
[0.001610] (-) JobUnselected: {'identifier': 'sound_player'}
[0.001623] (-) JobUnselected: {'identifier': 'state_machine_lib'}
[0.001635] (-) JobUnselected: {'identifier': 'system_monitor'}
[0.001647] (-) JobUnselected: {'identifier': 'tablet_socket'}
[0.001660] (-) JobUnselected: {'identifier': 'tablet_socket_msgs'}
[0.001672] (-) JobUnselected: {'identifier': 'trafficlight_recognizer'}
[0.001685] (-) JobUnselected: {'identifier': 'twist2odom'}
[0.001697] (-) JobUnselected: {'identifier': 'twist_filter'}
[0.001709] (-) JobUnselected: {'identifier': 'twist_gate'}
[0.001722] (-) JobUnselected: {'identifier': 'twist_generator'}
[0.001734] (-) JobUnselected: {'identifier': 'udon_socket'}
[0.001746] (-) JobUnselected: {'identifier': 'vector_map'}
[0.001758] (-) JobUnselected: {'identifier': 'vector_map_msgs'}
[0.001771] (-) JobUnselected: {'identifier': 'vector_map_server'}
[0.001783] (-) JobUnselected: {'identifier': 'vehicle_description'}
[0.001796] (-) JobUnselected: {'identifier': 'vehicle_engage_panel'}
[0.001808] (-) JobUnselected: {'identifier': 'vehicle_gazebo_simulation_interface'}
[0.001820] (-) JobUnselected: {'identifier': 'vehicle_gazebo_simulation_launcher'}
[0.001833] (-) JobUnselected: {'identifier': 'vehicle_model'}
[0.001845] (-) JobUnselected: {'identifier': 'vehicle_sim_model'}
[0.001857] (-) JobUnselected: {'identifier': 'vehicle_socket'}
[0.001870] (-) JobUnselected: {'identifier': 'vel_pose_diff_checker'}
[0.001882] (-) JobUnselected: {'identifier': 'vision_beyond_track'}
[0.001894] (-) JobUnselected: {'identifier': 'vision_darknet_detect'}
[0.001907] (-) JobUnselected: {'identifier': 'vision_lane_detect'}
[0.001919] (-) JobUnselected: {'identifier': 'vision_segment_enet_detect'}
[0.001931] (-) JobUnselected: {'identifier': 'vision_ssd_detect'}
[0.001945] (-) JobUnselected: {'identifier': 'way_planner'}
[0.001958] (-) JobUnselected: {'identifier': 'waypoint_maker'}
[0.001971] (-) JobUnselected: {'identifier': 'waypoint_planner'}
[0.001983] (-) JobUnselected: {'identifier': 'wf_simulator'}
[0.001995] (-) EventReactorShutdown: {}
