[0.054s] Invoking command in '/home/ros/autoware.ai/build/autoware_lanelet2_msgs': /usr/bin/cmake /home/ros/autoware.ai/src/autoware/messages/autoware_lanelet2_msgs -DCMAKE_BUILD_TYPE=Release -DCATKIN_INSTALL_INTO_PREFIX_ROOT=0 -DCMAKE_INSTALL_PREFIX=/home/ros/autoware.ai/install/autoware_lanelet2_msgs
[0.115s] -- The C compiler identification is GNU 7.5.0
[0.199s] -- The CXX compiler identification is GNU 7.5.0
[0.204s] -- Check for working C compiler: /usr/bin/cc
[0.279s] -- Check for working C compiler: /usr/bin/cc -- works
[0.279s] -- Detecting C compiler ABI info
[0.355s] -- Detecting C compiler ABI info - done
[0.364s] -- Detecting C compile features
[0.628s] -- Detecting C compile features - done
[0.632s] -- Check for working CXX compiler: /usr/bin/c++
[0.751s] -- Check for working CXX compiler: /usr/bin/c++ -- works
[0.752s] -- Detecting CXX compiler ABI info
[0.852s] -- Detecting CXX compiler ABI info - done
[0.862s] -- Detecting CXX compile features
[1.391s] -- Detecting CXX compile features - done
[1.394s] -- Using CATKIN_DEVEL_PREFIX: /home/ros/autoware.ai/build/autoware_lanelet2_msgs/devel
[1.394s] -- Using CMAKE_PREFIX_PATH: /opt/ros/melodic
[1.394s] -- This workspace overlays: /opt/ros/melodic
[1.412s] -- Found PythonInterp: /usr/bin/python2 (found suitable version "2.7.17", minimum required is "2") 
[1.412s] -- Using PYTHON_EXECUTABLE: /usr/bin/python2
[1.412s] -- Using Debian Python package layout
[1.413s] -- Using empy: /usr/bin/empy
[1.661s] -- Using CATKIN_ENABLE_TESTING: ON
[1.661s] -- Call enable_testing()
[1.665s] -- Using CATKIN_TEST_RESULTS_DIR: /home/ros/autoware.ai/build/autoware_lanelet2_msgs/test_results
[1.688s] -- Found gtest sources under '/usr/src/googletest': gtests will be built
[1.688s] -- Found gmock sources under '/usr/src/googletest': gmock will be built
[1.707s] -- Found PythonInterp: /usr/bin/python2 (found version "2.7.17") 
[1.708s] -- Looking for pthread.h
[1.833s] -- Looking for pthread.h - found
[1.833s] -- Looking for pthread_create
[1.944s] -- Looking for pthread_create - not found
[1.944s] -- Looking for pthread_create in pthreads
[2.020s] -- Looking for pthread_create in pthreads - not found
[2.020s] -- Looking for pthread_create in pthread
[2.106s] -- Looking for pthread_create in pthread - found
[2.106s] -- Found Threads: TRUE  
[2.111s] -- Using Python nosetests: /usr/bin/nosetests-2.7
[2.164s] -- catkin 0.7.29
[2.164s] -- BUILD_SHARED_LIBS is on
[2.304s] -- Using these message generators: gencpp;geneus;genlisp;gennodejs;genpy
[2.593s] -- autoware_lanelet2_msgs: 1 messages, 0 services
[2.716s] -- Configuring done
[2.733s] -- Generating done
[2.738s] -- Build files have been written to: /home/ros/autoware.ai/build/autoware_lanelet2_msgs
