[0.018s] Invoking command in '/home/ros/autoware.ai/build/sound_player': /usr/bin/cmake /home/ros/autoware.ai/src/autoware/utilities/sound_player -DCMAKE_BUILD_TYPE=Release -DCATKIN_INSTALL_INTO_PREFIX_ROOT=0 -DCMAKE_INSTALL_PREFIX=/home/ros/autoware.ai/install/sound_player
[0.110s] -- The C compiler identification is GNU 7.5.0
[0.193s] -- The CXX compiler identification is GNU 7.5.0
[0.201s] -- Check for working C compiler: /usr/bin/cc
[0.317s] -- Check for working C compiler: /usr/bin/cc -- works
[0.318s] -- Detecting C compiler ABI info
[0.468s] -- Detecting C compiler ABI info - done
[0.477s] -- Detecting C compile features
[0.834s] -- Detecting C compile features - done
[0.835s] -- Check for working CXX compiler: /usr/bin/c++
[0.952s] -- Check for working CXX compiler: /usr/bin/c++ -- works
[0.952s] -- Detecting CXX compiler ABI info
[1.114s] -- Detecting CXX compiler ABI info - done
[1.126s] -- Detecting CXX compile features
[1.802s] -- Detecting CXX compile features - done
[1.804s] -- Using CATKIN_DEVEL_PREFIX: /home/ros/autoware.ai/build/sound_player/devel
[1.804s] -- Using CMAKE_PREFIX_PATH: /opt/ros/melodic
[1.805s] -- This workspace overlays: /opt/ros/melodic
[1.831s] -- Found PythonInterp: /usr/bin/python2 (found suitable version "2.7.17", minimum required is "2") 
[1.831s] -- Using PYTHON_EXECUTABLE: /usr/bin/python2
[1.832s] -- Using Debian Python package layout
[1.832s] -- Using empy: /usr/bin/empy
[2.044s] -- Using CATKIN_ENABLE_TESTING: ON
[2.044s] -- Call enable_testing()
[2.060s] -- Using CATKIN_TEST_RESULTS_DIR: /home/ros/autoware.ai/build/sound_player/test_results
[2.085s] -- Found gtest sources under '/usr/src/googletest': gtests will be built
[2.085s] -- Found gmock sources under '/usr/src/googletest': gmock will be built
[2.103s] -- Found PythonInterp: /usr/bin/python2 (found version "2.7.17") 
[2.105s] -- Looking for pthread.h
[2.238s] -- Looking for pthread.h - found
[2.239s] -- Looking for pthread_create
[2.365s] -- Looking for pthread_create - not found
[2.366s] -- Looking for pthread_create in pthreads
[2.460s] -- Looking for pthread_create in pthreads - not found
[2.460s] -- Looking for pthread_create in pthread
[2.598s] -- Looking for pthread_create in pthread - found
[2.599s] -- Found Threads: TRUE  
[2.605s] -- Using Python nosetests: /usr/bin/nosetests-2.7
[2.674s] -- catkin 0.7.29
[2.676s] -- BUILD_SHARED_LIBS is on
[2.921s] -- Using these message generators: gencpp;geneus;genlisp;gennodejs;genpy
[3.098s] -- Configuring done
[3.121s] -- Generating done
[3.128s] -- Build files have been written to: /home/ros/autoware.ai/build/sound_player
[3.136s] Invoked command in '/home/ros/autoware.ai/build/sound_player' returned '0': /usr/bin/cmake /home/ros/autoware.ai/src/autoware/utilities/sound_player -DCMAKE_BUILD_TYPE=Release -DCATKIN_INSTALL_INTO_PREFIX_ROOT=0 -DCMAKE_INSTALL_PREFIX=/home/ros/autoware.ai/install/sound_player
[3.137s] Invoking command in '/home/ros/autoware.ai/build/sound_player': /usr/bin/cmake --build /home/ros/autoware.ai/build/sound_player -- -j12 -l12
[3.224s] Invoked command in '/home/ros/autoware.ai/build/sound_player' returned '0': /usr/bin/cmake --build /home/ros/autoware.ai/build/sound_player -- -j12 -l12
[3.477s] Invoking command in '/home/ros/autoware.ai/build/sound_player': /usr/bin/cmake --build /home/ros/autoware.ai/build/sound_player --target tests -- -j12 -l12
[3.562s] [35m[1mScanning dependencies of target tests[0m
[3.588s] Built target tests
[3.616s] Invoked command in '/home/ros/autoware.ai/build/sound_player' returned '0': /usr/bin/cmake --build /home/ros/autoware.ai/build/sound_player --target tests -- -j12 -l12
[3.878s] Invoking command in '/home/ros/autoware.ai/build/sound_player': /usr/bin/cmake --build /home/ros/autoware.ai/build/sound_player --target install -- -j12 -l12
[4.004s] [36mInstall the project...[0m
[4.037s] -- Install configuration: "Release"
[4.038s] -- Installing: /home/ros/autoware.ai/install/sound_player/lib/pkgconfig/sound_player.pc
[4.038s] -- Installing: /home/ros/autoware.ai/install/sound_player/share/sound_player/cmake/sound_playerConfig.cmake
[4.038s] -- Installing: /home/ros/autoware.ai/install/sound_player/share/sound_player/cmake/sound_playerConfig-version.cmake
[4.038s] -- Installing: /home/ros/autoware.ai/install/sound_player/share/sound_player/package.xml
[4.038s] -- Installing: /home/ros/autoware.ai/install/sound_player/lib/sound_player/sound_player.py
[4.038s] -- Installing: /home/ros/autoware.ai/install/sound_player/lib/sound_player/sound_player.yaml
[4.038s] -- Up-to-date: /home/ros/autoware.ai/install/sound_player/share/sound_player
[4.039s] -- Installing: /home/ros/autoware.ai/install/sound_player/share/sound_player/deceleration.wav
[4.039s] -- Installing: /home/ros/autoware.ai/install/sound_player/share/sound_player/beep4.wav
[4.039s] -- Installing: /home/ros/autoware.ai/install/sound_player/share/sound_player/stop.wav
[4.039s] -- Installing: /home/ros/autoware.ai/install/sound_player/share/sound_player/ndt_warning.wav
[4.039s] -- Installing: /home/ros/autoware.ai/install/sound_player/share/sound_player/beep2.wav
[4.039s] -- Installing: /home/ros/autoware.ai/install/sound_player/share/sound_player/return_normal.wav
[4.040s] -- Installing: /home/ros/autoware.ai/install/sound_player/share/sound_player/pede.wav
[4.040s] -- Installing: /home/ros/autoware.ai/install/sound_player/share/sound_player/beep3.wav
[4.041s] -- Installing: /home/ros/autoware.ai/install/sound_player/share/sound_player/red.wav
[4.041s] -- Installing: /home/ros/autoware.ai/install/sound_player/share/sound_player/green.wav
[4.042s] -- Installing: /home/ros/autoware.ai/install/sound_player/share/sound_player/start.wav
[4.042s] -- Installing: /home/ros/autoware.ai/install/sound_player/share/sound_player/beep1.wav
[4.053s] Invoked command in '/home/ros/autoware.ai/build/sound_player' returned '0': /usr/bin/cmake --build /home/ros/autoware.ai/build/sound_player --target install -- -j12 -l12
