[0.045s] Invoking command in '/home/ros/autoware.ai/build/tablet_socket_msgs': /usr/bin/cmake /home/ros/autoware.ai/src/autoware/messages/tablet_socket_msgs -DCMAKE_BUILD_TYPE=Release -DCATKIN_INSTALL_INTO_PREFIX_ROOT=0 -DCMAKE_INSTALL_PREFIX=/home/ros/autoware.ai/install/tablet_socket_msgs
[0.122s] -- The C compiler identification is GNU 7.5.0
[0.184s] -- The CXX compiler identification is GNU 7.5.0
[0.190s] -- Check for working C compiler: /usr/bin/cc
[0.269s] -- Check for working C compiler: /usr/bin/cc -- works
[0.270s] -- Detecting C compiler ABI info
[0.344s] -- Detecting C compiler ABI info - done
[0.354s] -- Detecting C compile features
[0.657s] -- Detecting C compile features - done
[0.661s] -- Check for working CXX compiler: /usr/bin/c++
[0.779s] -- Check for working CXX compiler: /usr/bin/c++ -- works
[0.780s] -- Detecting CXX compiler ABI info
[0.880s] -- Detecting CXX compiler ABI info - done
[0.887s] -- Detecting CXX compile features
[1.520s] -- Detecting CXX compile features - done
[1.525s] -- Using CATKIN_DEVEL_PREFIX: /home/ros/autoware.ai/build/tablet_socket_msgs/devel
[1.526s] -- Using CMAKE_PREFIX_PATH: /opt/ros/melodic
[1.526s] -- This workspace overlays: /opt/ros/melodic
[1.549s] -- Found PythonInterp: /usr/bin/python2 (found suitable version "2.7.17", minimum required is "2") 
[1.553s] -- Using PYTHON_EXECUTABLE: /usr/bin/python2
[1.553s] -- Using Debian Python package layout
[1.553s] -- Using empy: /usr/bin/empy
[1.783s] -- Using CATKIN_ENABLE_TESTING: ON
[1.784s] -- Call enable_testing()
[1.794s] -- Using CATKIN_TEST_RESULTS_DIR: /home/ros/autoware.ai/build/tablet_socket_msgs/test_results
[1.816s] -- Found gtest sources under '/usr/src/googletest': gtests will be built
[1.816s] -- Found gmock sources under '/usr/src/googletest': gmock will be built
[1.830s] -- Found PythonInterp: /usr/bin/python2 (found version "2.7.17") 
[1.831s] -- Looking for pthread.h
[1.941s] -- Looking for pthread.h - found
[1.941s] -- Looking for pthread_create
[2.044s] -- Looking for pthread_create - not found
[2.045s] -- Looking for pthread_create in pthreads
[2.119s] -- Looking for pthread_create in pthreads - not found
[2.120s] -- Looking for pthread_create in pthread
[2.226s] -- Looking for pthread_create in pthread - found
[2.228s] -- Found Threads: TRUE  
[2.232s] -- Using Python nosetests: /usr/bin/nosetests-2.7
[2.281s] -- catkin 0.7.29
[2.281s] -- BUILD_SHARED_LIBS is on
[2.402s] -- Using these message generators: gencpp;geneus;genlisp;gennodejs;genpy
[2.625s] -- tablet_socket_msgs: 6 messages, 0 services
[2.743s] -- Configuring done
[2.757s] -- Generating done
[2.760s] -- Build files have been written to: /home/ros/autoware.ai/build/tablet_socket_msgs
