Determining if the pthread_create exist failed with the following output:
Change Dir: /home/ros/autoware.ai/build/op_utility/CMakeFiles/CMakeTmp

Run Build Command:"/usr/bin/make" "cmTC_429e9/fast"
/usr/bin/make -f CMakeFiles/cmTC_429e9.dir/build.make CMakeFiles/cmTC_429e9.dir/build
make[1]: Entering directory '/home/ros/autoware.ai/build/op_utility/CMakeFiles/CMakeTmp'
Building C object CMakeFiles/cmTC_429e9.dir/CheckSymbolExists.c.o
/usr/bin/cc    -o CMakeFiles/cmTC_429e9.dir/CheckSymbolExists.c.o   -c /home/ros/autoware.ai/build/op_utility/CMakeFiles/CMakeTmp/CheckSymbolExists.c
Linking C executable cmTC_429e9
/usr/bin/cmake -E cmake_link_script CMakeFiles/cmTC_429e9.dir/link.txt --verbose=1
/usr/bin/cc      -rdynamic CMakeFiles/cmTC_429e9.dir/CheckSymbolExists.c.o  -o cmTC_429e9 
CMakeFiles/cmTC_429e9.dir/CheckSymbolExists.c.o: In function `main':
CheckSymbolExists.c:(.text+0x1b): undefined reference to `pthread_create'
collect2: error: ld returned 1 exit status
CMakeFiles/cmTC_429e9.dir/build.make:97: recipe for target 'cmTC_429e9' failed
make[1]: *** [cmTC_429e9] Error 1
make[1]: Leaving directory '/home/ros/autoware.ai/build/op_utility/CMakeFiles/CMakeTmp'
Makefile:126: recipe for target 'cmTC_429e9/fast' failed
make: *** [cmTC_429e9/fast] Error 2

File /home/ros/autoware.ai/build/op_utility/CMakeFiles/CMakeTmp/CheckSymbolExists.c:
/* */
#include <pthread.h>

int main(int argc, char** argv)
{
  (void)argv;
#ifndef pthread_create
  return ((int*)(&pthread_create))[argc];
#else
  (void)argc;
  return 0;
#endif
}

Determining if the function pthread_create exists in the pthreads failed with the following output:
Change Dir: /home/ros/autoware.ai/build/op_utility/CMakeFiles/CMakeTmp

Run Build Command:"/usr/bin/make" "cmTC_5dacc/fast"
/usr/bin/make -f CMakeFiles/cmTC_5dacc.dir/build.make CMakeFiles/cmTC_5dacc.dir/build
make[1]: Entering directory '/home/ros/autoware.ai/build/op_utility/CMakeFiles/CMakeTmp'
Building C object CMakeFiles/cmTC_5dacc.dir/CheckFunctionExists.c.o
/usr/bin/cc   -DCHECK_FUNCTION_EXISTS=pthread_create   -o CMakeFiles/cmTC_5dacc.dir/CheckFunctionExists.c.o   -c /usr/share/cmake-3.10/Modules/CheckFunctionExists.c
Linking C executable cmTC_5dacc
/usr/bin/cmake -E cmake_link_script CMakeFiles/cmTC_5dacc.dir/link.txt --verbose=1
/usr/bin/cc  -DCHECK_FUNCTION_EXISTS=pthread_create    -rdynamic CMakeFiles/cmTC_5dacc.dir/CheckFunctionExists.c.o  -o cmTC_5dacc -lpthreads 
/usr/bin/ld: cannot find -lpthreads
collect2: error: ld returned 1 exit status
CMakeFiles/cmTC_5dacc.dir/build.make:97: recipe for target 'cmTC_5dacc' failed
make[1]: *** [cmTC_5dacc] Error 1
make[1]: Leaving directory '/home/ros/autoware.ai/build/op_utility/CMakeFiles/CMakeTmp'
Makefile:126: recipe for target 'cmTC_5dacc/fast' failed
make: *** [cmTC_5dacc/fast] Error 2


