[0.033s] Invoking command in '/home/ros/autoware.ai/build/detected_objects_visualizer': CMAKE_PREFIX_PATH=/home/ros/autoware.ai/install/autoware_msgs:/home/ros/autoware.ai/install/autoware_build_flags:${CMAKE_PREFIX_PATH} PKG_CONFIG_PATH=/home/ros/autoware.ai/install/autoware_msgs/lib/x86_64-linux-gnu/pkgconfig:/home/ros/autoware.ai/install/autoware_msgs/lib/pkgconfig:/home/ros/autoware.ai/install/autoware_build_flags/lib/x86_64-linux-gnu/pkgconfig:/home/ros/autoware.ai/install/autoware_build_flags/lib/pkgconfig:${PKG_CONFIG_PATH} PYTHONPATH=/home/ros/autoware.ai/install/autoware_msgs/lib/python2.7/dist-packages:${PYTHONPATH} ROS_PACKAGE_PATH=/home/ros/autoware.ai/install/autoware_msgs/share:/home/ros/autoware.ai/install/autoware_build_flags/share:${ROS_PACKAGE_PATH} /usr/bin/cmake /home/ros/autoware.ai/src/autoware/visualization/detected_objects_visualizer -DCMAKE_BUILD_TYPE=Release -DCATKIN_INSTALL_INTO_PREFIX_ROOT=0 -DCMAKE_INSTALL_PREFIX=/home/ros/autoware.ai/install/detected_objects_visualizer
[0.134s] -- The C compiler identification is GNU 7.5.0
[0.207s] -- The CXX compiler identification is GNU 7.5.0
[0.213s] -- Check for working C compiler: /usr/bin/cc
[0.311s] -- Check for working C compiler: /usr/bin/cc -- works
[0.313s] -- Detecting C compiler ABI info
[0.405s] -- Detecting C compiler ABI info - done
[0.423s] -- Detecting C compile features
[0.778s] -- Detecting C compile features - done
[0.780s] -- Check for working CXX compiler: /usr/bin/c++
[0.941s] -- Check for working CXX compiler: /usr/bin/c++ -- works
[0.943s] -- Detecting CXX compiler ABI info
[1.069s] -- Detecting CXX compiler ABI info - done
[1.083s] -- Detecting CXX compile features
[1.703s] -- Detecting CXX compile features - done
[1.705s] -- CUDA compilation status: .
[1.707s] -- Using CATKIN_DEVEL_PREFIX: /home/ros/autoware.ai/build/detected_objects_visualizer/devel
[1.708s] -- Using CMAKE_PREFIX_PATH: /home/ros/autoware.ai/install/autoware_msgs;/home/ros/autoware.ai/install/autoware_build_flags;/opt/ros/melodic
[1.708s] -- This workspace overlays: /home/ros/autoware.ai/install/autoware_msgs;/home/ros/autoware.ai/install/autoware_build_flags;/opt/ros/melodic
[1.727s] -- Found PythonInterp: /usr/bin/python2 (found suitable version "2.7.17", minimum required is "2") 
[1.728s] -- Using PYTHON_EXECUTABLE: /usr/bin/python2
[1.728s] -- Using Debian Python package layout
[1.728s] -- Using empy: /usr/bin/empy
[1.980s] -- Using CATKIN_ENABLE_TESTING: ON
[1.981s] -- Call enable_testing()
[1.983s] -- Using CATKIN_TEST_RESULTS_DIR: /home/ros/autoware.ai/build/detected_objects_visualizer/test_results
[2.024s] -- Found gtest sources under '/usr/src/googletest': gtests will be built
[2.025s] -- Found gmock sources under '/usr/src/googletest': gmock will be built
[2.043s] -- Found PythonInterp: /usr/bin/python2 (found version "2.7.17") 
[2.044s] -- Looking for pthread.h
[2.159s] -- Looking for pthread.h - found
[2.159s] -- Looking for pthread_create
[2.316s] -- Looking for pthread_create - not found
[2.316s] -- Looking for pthread_create in pthreads
[2.416s] -- Looking for pthread_create in pthreads - not found
[2.416s] -- Looking for pthread_create in pthread
[2.586s] -- Looking for pthread_create in pthread - found
[2.588s] -- Found Threads: TRUE  
[2.596s] -- Using Python nosetests: /usr/bin/nosetests-2.7
[2.652s] -- catkin 0.7.29
[2.653s] -- BUILD_SHARED_LIBS is on
[2.908s] -- Using these message generators: gencpp;geneus;genlisp;gennodejs;genpy
[3.470s] -- Found OpenCV: /usr (found version "3.2.0") 
[3.480s] -- Configuring done
[3.551s] -- Generating done
[3.564s] -- Build files have been written to: /home/ros/autoware.ai/build/detected_objects_visualizer
[3.574s] Invoked command in '/home/ros/autoware.ai/build/detected_objects_visualizer' returned '0': CMAKE_PREFIX_PATH=/home/ros/autoware.ai/install/autoware_msgs:/home/ros/autoware.ai/install/autoware_build_flags:${CMAKE_PREFIX_PATH} PKG_CONFIG_PATH=/home/ros/autoware.ai/install/autoware_msgs/lib/x86_64-linux-gnu/pkgconfig:/home/ros/autoware.ai/install/autoware_msgs/lib/pkgconfig:/home/ros/autoware.ai/install/autoware_build_flags/lib/x86_64-linux-gnu/pkgconfig:/home/ros/autoware.ai/install/autoware_build_flags/lib/pkgconfig:${PKG_CONFIG_PATH} PYTHONPATH=/home/ros/autoware.ai/install/autoware_msgs/lib/python2.7/dist-packages:${PYTHONPATH} ROS_PACKAGE_PATH=/home/ros/autoware.ai/install/autoware_msgs/share:/home/ros/autoware.ai/install/autoware_build_flags/share:${ROS_PACKAGE_PATH} /usr/bin/cmake /home/ros/autoware.ai/src/autoware/visualization/detected_objects_visualizer -DCMAKE_BUILD_TYPE=Release -DCATKIN_INSTALL_INTO_PREFIX_ROOT=0 -DCMAKE_INSTALL_PREFIX=/home/ros/autoware.ai/install/detected_objects_visualizer
[3.576s] Invoking command in '/home/ros/autoware.ai/build/detected_objects_visualizer': CMAKE_PREFIX_PATH=/home/ros/autoware.ai/install/autoware_msgs:/home/ros/autoware.ai/install/autoware_build_flags:${CMAKE_PREFIX_PATH} PKG_CONFIG_PATH=/home/ros/autoware.ai/install/autoware_msgs/lib/x86_64-linux-gnu/pkgconfig:/home/ros/autoware.ai/install/autoware_msgs/lib/pkgconfig:/home/ros/autoware.ai/install/autoware_build_flags/lib/x86_64-linux-gnu/pkgconfig:/home/ros/autoware.ai/install/autoware_build_flags/lib/pkgconfig:${PKG_CONFIG_PATH} PYTHONPATH=/home/ros/autoware.ai/install/autoware_msgs/lib/python2.7/dist-packages:${PYTHONPATH} ROS_PACKAGE_PATH=/home/ros/autoware.ai/install/autoware_msgs/share:/home/ros/autoware.ai/install/autoware_build_flags/share:${ROS_PACKAGE_PATH} /usr/bin/cmake --build /home/ros/autoware.ai/build/detected_objects_visualizer -- -j12 -l12
[3.700s] [35m[1mScanning dependencies of target visualization_msgs_generate_messages_py[0m
[3.732s] [  0%] Built target visualization_msgs_generate_messages_py
[3.746s] [35m[1mScanning dependencies of target autoware_msgs_generate_messages_py[0m
[3.761s] [  0%] Built target autoware_msgs_generate_messages_py
[3.786s] [35m[1mScanning dependencies of target std_msgs_generate_messages_nodejs[0m
[3.802s] [  0%] Built target std_msgs_generate_messages_nodejs
[3.832s] [35m[1mScanning dependencies of target sensor_msgs_generate_messages_eus[0m
[3.862s] [  0%] Built target sensor_msgs_generate_messages_eus
[3.879s] [35m[1mScanning dependencies of target _catkin_empty_exported_target[0m
[3.892s] [  0%] Built target _catkin_empty_exported_target
[3.906s] [35m[1mScanning dependencies of target sensor_msgs_generate_messages_cpp[0m
[3.933s] [  0%] Built target sensor_msgs_generate_messages_cpp
[3.972s] [35m[1mScanning dependencies of target autoware_msgs_generate_messages_cpp[0m
[4.029s] [  0%] Built target autoware_msgs_generate_messages_cpp
[4.056s] [35m[1mScanning dependencies of target rosgraph_msgs_generate_messages_cpp[0m
[4.069s] [  0%] Built target rosgraph_msgs_generate_messages_cpp
[4.108s] [35m[1mScanning dependencies of target pcl_msgs_generate_messages_nodejs[0m
[4.136s] [  0%] Built target pcl_msgs_generate_messages_nodejs
[4.173s] [35m[1mScanning dependencies of target jsk_recognition_msgs_generate_messages_py[0m
[4.195s] [  0%] Built target jsk_recognition_msgs_generate_messages_py
[4.216s] [35m[1mScanning dependencies of target sensor_msgs_generate_messages_lisp[0m
[4.230s] [  0%] Built target sensor_msgs_generate_messages_lisp
[4.245s] [35m[1mScanning dependencies of target sensor_msgs_generate_messages_py[0m
[4.259s] [  0%] Built target sensor_msgs_generate_messages_py
[4.274s] [35m[1mScanning dependencies of target tf_generate_messages_py[0m
[4.290s] [  0%] Built target tf_generate_messages_py
[4.305s] [35m[1mScanning dependencies of target std_msgs_generate_messages_cpp[0m
[4.320s] [  0%] Built target std_msgs_generate_messages_cpp
[4.345s] [35m[1mScanning dependencies of target visualization_msgs_generate_messages_nodejs[0m
[4.359s] [  0%] Built target visualization_msgs_generate_messages_nodejs
[4.374s] [35m[1mScanning dependencies of target actionlib_msgs_generate_messages_nodejs[0m
[4.391s] [  0%] Built target actionlib_msgs_generate_messages_nodejs
[4.407s] [35m[1mScanning dependencies of target geometry_msgs_generate_messages_eus[0m
[4.424s] [  0%] Built target geometry_msgs_generate_messages_eus
[4.441s] [35m[1mScanning dependencies of target std_msgs_generate_messages_lisp[0m
[4.454s] [  0%] Built target std_msgs_generate_messages_lisp
[4.468s] [35m[1mScanning dependencies of target roscpp_generate_messages_nodejs[0m
[4.483s] [  0%] Built target roscpp_generate_messages_nodejs
[4.502s] [35m[1mScanning dependencies of target geometry_msgs_generate_messages_nodejs[0m
[4.524s] [  0%] Built target geometry_msgs_generate_messages_nodejs
[4.552s] [35m[1mScanning dependencies of target geometry_msgs_generate_messages_lisp[0m
[4.572s] [  0%] Built target geometry_msgs_generate_messages_lisp
[4.592s] [35m[1mScanning dependencies of target pcl_msgs_generate_messages_cpp[0m
[4.608s] [  0%] Built target pcl_msgs_generate_messages_cpp
[4.634s] [35m[1mScanning dependencies of target jsk_recognition_msgs_generate_messages_cpp[0m
[4.653s] [  0%] Built target jsk_recognition_msgs_generate_messages_cpp
[4.671s] [35m[1mScanning dependencies of target autoware_msgs_generate_messages_eus[0m
[4.699s] [  0%] Built target autoware_msgs_generate_messages_eus
[4.719s] [35m[1mScanning dependencies of target jsk_footstep_msgs_generate_messages_py[0m
[4.732s] [  0%] Built target jsk_footstep_msgs_generate_messages_py
[4.746s] [35m[1mScanning dependencies of target autoware_msgs_generate_messages_lisp[0m
[4.766s] [  0%] Built target autoware_msgs_generate_messages_lisp
[4.782s] [35m[1mScanning dependencies of target visualization_msgs_generate_messages_lisp[0m
[4.803s] [  0%] Built target visualization_msgs_generate_messages_lisp
[4.819s] [35m[1mScanning dependencies of target std_msgs_generate_messages_eus[0m
[4.832s] [  0%] Built target std_msgs_generate_messages_eus
[4.845s] [35m[1mScanning dependencies of target autoware_msgs_generate_messages_nodejs[0m
[4.862s] [  0%] Built target autoware_msgs_generate_messages_nodejs
[4.876s] [35m[1mScanning dependencies of target jsk_footstep_msgs_generate_messages_eus[0m
[4.890s] [  0%] Built target jsk_footstep_msgs_generate_messages_eus
[4.908s] [35m[1mScanning dependencies of target actionlib_msgs_generate_messages_py[0m
[4.927s] [  0%] Built target actionlib_msgs_generate_messages_py
[4.946s] [35m[1mScanning dependencies of target jsk_footstep_msgs_generate_messages_lisp[0m
[4.962s] [  0%] Built target jsk_footstep_msgs_generate_messages_lisp
[4.989s] [35m[1mScanning dependencies of target jsk_footstep_msgs_generate_messages_nodejs[0m
[5.012s] [  0%] Built target jsk_footstep_msgs_generate_messages_nodejs
[5.038s] [35m[1mScanning dependencies of target actionlib_msgs_generate_messages_lisp[0m
[5.058s] [  0%] Built target actionlib_msgs_generate_messages_lisp
[5.081s] [35m[1mScanning dependencies of target jsk_recognition_msgs_generate_messages_nodejs[0m
[5.095s] [  0%] Built target jsk_recognition_msgs_generate_messages_nodejs
[5.110s] [35m[1mScanning dependencies of target roscpp_generate_messages_lisp[0m
[5.144s] [  0%] Built target roscpp_generate_messages_lisp
[5.158s] [35m[1mScanning dependencies of target roscpp_generate_messages_py[0m
[5.181s] [  0%] Built target roscpp_generate_messages_py
[5.215s] [35m[1mScanning dependencies of target rosgraph_msgs_generate_messages_lisp[0m
[5.241s] [  0%] Built target rosgraph_msgs_generate_messages_lisp
[5.261s] [35m[1mScanning dependencies of target rosgraph_msgs_generate_messages_nodejs[0m
[5.301s] [  0%] Built target rosgraph_msgs_generate_messages_nodejs
[5.327s] [35m[1mScanning dependencies of target roscpp_generate_messages_eus[0m
[5.341s] [  0%] Built target roscpp_generate_messages_eus
[5.355s] [35m[1mScanning dependencies of target actionlib_msgs_generate_messages_eus[0m
[5.372s] [  0%] Built target actionlib_msgs_generate_messages_eus
[5.389s] [35m[1mScanning dependencies of target rosgraph_msgs_generate_messages_py[0m
[5.404s] [  0%] Built target rosgraph_msgs_generate_messages_py
[5.426s] [35m[1mScanning dependencies of target jsk_footstep_msgs_generate_messages_cpp[0m
[5.443s] [  0%] Built target jsk_footstep_msgs_generate_messages_cpp
[5.460s] [35m[1mScanning dependencies of target actionlib_msgs_generate_messages_cpp[0m
[5.474s] [  0%] Built target actionlib_msgs_generate_messages_cpp
[5.491s] [35m[1mScanning dependencies of target tf_generate_messages_eus[0m
[5.506s] [  0%] Built target tf_generate_messages_eus
[5.524s] [35m[1mScanning dependencies of target tf_generate_messages_lisp[0m
[5.538s] [  0%] Built target tf_generate_messages_lisp
[5.554s] [35m[1mScanning dependencies of target tf_generate_messages_nodejs[0m
[5.579s] [  0%] Built target tf_generate_messages_nodejs
[5.595s] [35m[1mScanning dependencies of target pcl_msgs_generate_messages_py[0m
[5.616s] [  0%] Built target pcl_msgs_generate_messages_py
[5.637s] [35m[1mScanning dependencies of target actionlib_generate_messages_eus[0m
[5.653s] [  0%] Built target actionlib_generate_messages_eus
[5.671s] [35m[1mScanning dependencies of target geometry_msgs_generate_messages_cpp[0m
[5.687s] [  0%] Built target geometry_msgs_generate_messages_cpp
[5.702s] [35m[1mScanning dependencies of target actionlib_generate_messages_lisp[0m
[5.732s] [  0%] Built target actionlib_generate_messages_lisp
[5.761s] [35m[1mScanning dependencies of target pcl_msgs_generate_messages_lisp[0m
[5.789s] [  0%] Built target pcl_msgs_generate_messages_lisp
[5.803s] [35m[1mScanning dependencies of target tf_generate_messages_cpp[0m
[5.818s] [  0%] Built target tf_generate_messages_cpp
[5.843s] [35m[1mScanning dependencies of target actionlib_generate_messages_nodejs[0m
[5.866s] [  0%] Built target actionlib_generate_messages_nodejs
[5.889s] [35m[1mScanning dependencies of target tf2_msgs_generate_messages_lisp[0m
[5.911s] [  0%] Built target tf2_msgs_generate_messages_lisp
[5.924s] [35m[1mScanning dependencies of target actionlib_generate_messages_py[0m
[5.938s] [  0%] Built target actionlib_generate_messages_py
[5.968s] [35m[1mScanning dependencies of target tf2_msgs_generate_messages_py[0m
[5.995s] [  0%] Built target tf2_msgs_generate_messages_py
[6.021s] [35m[1mScanning dependencies of target tf2_msgs_generate_messages_nodejs[0m
[6.035s] [  0%] Built target tf2_msgs_generate_messages_nodejs
[6.051s] [35m[1mScanning dependencies of target tf2_msgs_generate_messages_eus[0m
[6.077s] [  0%] Built target tf2_msgs_generate_messages_eus
[6.093s] [35m[1mScanning dependencies of target visualization_msgs_generate_messages_cpp[0m
[6.106s] [  0%] Built target visualization_msgs_generate_messages_cpp
[6.119s] [35m[1mScanning dependencies of target visualization_msgs_generate_messages_eus[0m
[6.133s] [  0%] Built target visualization_msgs_generate_messages_eus
[6.150s] [35m[1mScanning dependencies of target std_msgs_generate_messages_py[0m
[6.167s] [  0%] Built target std_msgs_generate_messages_py
[6.190s] [35m[1mScanning dependencies of target tf2_msgs_generate_messages_cpp[0m
[6.208s] [  0%] Built target tf2_msgs_generate_messages_cpp
[6.222s] [35m[1mScanning dependencies of target jsk_recognition_msgs_generate_messages_eus[0m
[6.238s] [  0%] Built target jsk_recognition_msgs_generate_messages_eus
[6.260s] [35m[1mScanning dependencies of target jsk_recognition_msgs_generate_messages_lisp[0m
[6.276s] [  0%] Built target jsk_recognition_msgs_generate_messages_lisp
[6.291s] [35m[1mScanning dependencies of target rosgraph_msgs_generate_messages_eus[0m
[6.320s] [  0%] Built target rosgraph_msgs_generate_messages_eus
[6.343s] [35m[1mScanning dependencies of target pcl_msgs_generate_messages_eus[0m
[6.362s] [  0%] Built target pcl_msgs_generate_messages_eus
[6.376s] [35m[1mScanning dependencies of target actionlib_generate_messages_cpp[0m
[6.391s] [  0%] Built target actionlib_generate_messages_cpp
[6.410s] [35m[1mScanning dependencies of target roscpp_generate_messages_cpp[0m
[6.431s] [  0%] Built target roscpp_generate_messages_cpp
[6.457s] [35m[1mScanning dependencies of target sensor_msgs_generate_messages_nodejs[0m
[6.472s] [  0%] Built target sensor_msgs_generate_messages_nodejs
[6.487s] [35m[1mScanning dependencies of target geometry_msgs_generate_messages_py[0m
[6.509s] [  0%] Built target geometry_msgs_generate_messages_py
[6.529s] [35m[1mScanning dependencies of target visualize_detected_objects[0m
[6.572s] [ 16%] [32mBuilding CXX object CMakeFiles/visualize_detected_objects.dir/src/visualize_detected_objects_main.cpp.o[0m
[8.455s] [ 33%] [32mBuilding CXX object CMakeFiles/visualize_detected_objects.dir/src/visualize_detected_objects.cpp.o[0m
[13.346s] [ 50%] [32m[1mLinking CXX executable devel/lib/detected_objects_visualizer/visualize_detected_objects[0m
[13.604s] [ 50%] Built target visualize_detected_objects
[13.619s] [35m[1mScanning dependencies of target visualize_rects[0m
[13.661s] [ 66%] [32mBuilding CXX object CMakeFiles/visualize_rects.dir/src/visualize_rects_main.cpp.o[0m
[17.084s] [ 83%] [32mBuilding CXX object CMakeFiles/visualize_rects.dir/src/visualize_rects.cpp.o[0m
[27.956s] [100%] [32m[1mLinking CXX executable devel/lib/detected_objects_visualizer/visualize_rects[0m
[28.567s] [100%] Built target visualize_rects
[28.588s] Invoked command in '/home/ros/autoware.ai/build/detected_objects_visualizer' returned '0': CMAKE_PREFIX_PATH=/home/ros/autoware.ai/install/autoware_msgs:/home/ros/autoware.ai/install/autoware_build_flags:${CMAKE_PREFIX_PATH} PKG_CONFIG_PATH=/home/ros/autoware.ai/install/autoware_msgs/lib/x86_64-linux-gnu/pkgconfig:/home/ros/autoware.ai/install/autoware_msgs/lib/pkgconfig:/home/ros/autoware.ai/install/autoware_build_flags/lib/x86_64-linux-gnu/pkgconfig:/home/ros/autoware.ai/install/autoware_build_flags/lib/pkgconfig:${PKG_CONFIG_PATH} PYTHONPATH=/home/ros/autoware.ai/install/autoware_msgs/lib/python2.7/dist-packages:${PYTHONPATH} ROS_PACKAGE_PATH=/home/ros/autoware.ai/install/autoware_msgs/share:/home/ros/autoware.ai/install/autoware_build_flags/share:${ROS_PACKAGE_PATH} /usr/bin/cmake --build /home/ros/autoware.ai/build/detected_objects_visualizer -- -j12 -l12
[28.909s] Invoking command in '/home/ros/autoware.ai/build/detected_objects_visualizer': CMAKE_PREFIX_PATH=/home/ros/autoware.ai/install/autoware_msgs:/home/ros/autoware.ai/install/autoware_build_flags:${CMAKE_PREFIX_PATH} PKG_CONFIG_PATH=/home/ros/autoware.ai/install/autoware_msgs/lib/x86_64-linux-gnu/pkgconfig:/home/ros/autoware.ai/install/autoware_msgs/lib/pkgconfig:/home/ros/autoware.ai/install/autoware_build_flags/lib/x86_64-linux-gnu/pkgconfig:/home/ros/autoware.ai/install/autoware_build_flags/lib/pkgconfig:${PKG_CONFIG_PATH} PYTHONPATH=/home/ros/autoware.ai/install/autoware_msgs/lib/python2.7/dist-packages:${PYTHONPATH} ROS_PACKAGE_PATH=/home/ros/autoware.ai/install/autoware_msgs/share:/home/ros/autoware.ai/install/autoware_build_flags/share:${ROS_PACKAGE_PATH} /usr/bin/cmake --build /home/ros/autoware.ai/build/detected_objects_visualizer --target tests -- -j12 -l12
[29.014s] [35m[1mScanning dependencies of target tests[0m
[29.027s] Built target tests
[29.042s] Invoked command in '/home/ros/autoware.ai/build/detected_objects_visualizer' returned '0': CMAKE_PREFIX_PATH=/home/ros/autoware.ai/install/autoware_msgs:/home/ros/autoware.ai/install/autoware_build_flags:${CMAKE_PREFIX_PATH} PKG_CONFIG_PATH=/home/ros/autoware.ai/install/autoware_msgs/lib/x86_64-linux-gnu/pkgconfig:/home/ros/autoware.ai/install/autoware_msgs/lib/pkgconfig:/home/ros/autoware.ai/install/autoware_build_flags/lib/x86_64-linux-gnu/pkgconfig:/home/ros/autoware.ai/install/autoware_build_flags/lib/pkgconfig:${PKG_CONFIG_PATH} PYTHONPATH=/home/ros/autoware.ai/install/autoware_msgs/lib/python2.7/dist-packages:${PYTHONPATH} ROS_PACKAGE_PATH=/home/ros/autoware.ai/install/autoware_msgs/share:/home/ros/autoware.ai/install/autoware_build_flags/share:${ROS_PACKAGE_PATH} /usr/bin/cmake --build /home/ros/autoware.ai/build/detected_objects_visualizer --target tests -- -j12 -l12
[29.341s] Invoking command in '/home/ros/autoware.ai/build/detected_objects_visualizer': CMAKE_PREFIX_PATH=/home/ros/autoware.ai/install/autoware_msgs:/home/ros/autoware.ai/install/autoware_build_flags:${CMAKE_PREFIX_PATH} PKG_CONFIG_PATH=/home/ros/autoware.ai/install/autoware_msgs/lib/x86_64-linux-gnu/pkgconfig:/home/ros/autoware.ai/install/autoware_msgs/lib/pkgconfig:/home/ros/autoware.ai/install/autoware_build_flags/lib/x86_64-linux-gnu/pkgconfig:/home/ros/autoware.ai/install/autoware_build_flags/lib/pkgconfig:${PKG_CONFIG_PATH} PYTHONPATH=/home/ros/autoware.ai/install/autoware_msgs/lib/python2.7/dist-packages:${PYTHONPATH} ROS_PACKAGE_PATH=/home/ros/autoware.ai/install/autoware_msgs/share:/home/ros/autoware.ai/install/autoware_build_flags/share:${ROS_PACKAGE_PATH} /usr/bin/cmake --build /home/ros/autoware.ai/build/detected_objects_visualizer --target install -- -j12 -l12
[29.447s] [  0%] Built target visualization_msgs_generate_messages_py
[29.477s] [  0%] Built target autoware_msgs_generate_messages_py
[29.507s] [  0%] Built target std_msgs_generate_messages_nodejs
[29.535s] [  0%] Built target sensor_msgs_generate_messages_eus
[29.563s] [  0%] Built target _catkin_empty_exported_target
[29.591s] [  0%] Built target sensor_msgs_generate_messages_cpp
[29.631s] [  0%] Built target autoware_msgs_generate_messages_cpp
[29.683s] [  0%] Built target rosgraph_msgs_generate_messages_cpp
[29.719s] [  0%] Built target pcl_msgs_generate_messages_nodejs
[29.769s] [  0%] Built target jsk_recognition_msgs_generate_messages_py
[29.806s] [  0%] Built target sensor_msgs_generate_messages_lisp
[29.837s] [  0%] Built target sensor_msgs_generate_messages_py
[29.869s] [  0%] Built target tf_generate_messages_py
[29.899s] [  0%] Built target std_msgs_generate_messages_cpp
[29.932s] [  0%] Built target visualization_msgs_generate_messages_nodejs
[29.971s] [  0%] Built target actionlib_msgs_generate_messages_nodejs
[30.006s] [  0%] Built target geometry_msgs_generate_messages_eus
[30.040s] [  0%] Built target std_msgs_generate_messages_lisp
[30.077s] [  0%] Built target roscpp_generate_messages_nodejs
[30.117s] [  0%] Built target geometry_msgs_generate_messages_nodejs
[30.167s] [  0%] Built target geometry_msgs_generate_messages_lisp
[30.201s] [  0%] Built target pcl_msgs_generate_messages_cpp
[30.226s] [  0%] Built target jsk_recognition_msgs_generate_messages_cpp
[30.273s] [  0%] Built target autoware_msgs_generate_messages_eus
[30.333s] [  0%] Built target jsk_footstep_msgs_generate_messages_py
[30.382s] [  0%] Built target autoware_msgs_generate_messages_lisp
[30.425s] [  0%] Built target visualization_msgs_generate_messages_lisp
[30.480s] [  0%] Built target std_msgs_generate_messages_eus
[30.525s] [  0%] Built target autoware_msgs_generate_messages_nodejs
[30.578s] [  0%] Built target jsk_footstep_msgs_generate_messages_eus
[30.653s] [  0%] Built target actionlib_msgs_generate_messages_py
[30.694s] [  0%] Built target jsk_footstep_msgs_generate_messages_lisp
[30.736s] [  0%] Built target jsk_footstep_msgs_generate_messages_nodejs
[30.794s] [  0%] Built target actionlib_msgs_generate_messages_lisp
[30.823s] [  0%] Built target jsk_recognition_msgs_generate_messages_nodejs
[30.871s] [  0%] Built target roscpp_generate_messages_lisp
[30.917s] [  0%] Built target roscpp_generate_messages_py
[30.957s] [  0%] Built target rosgraph_msgs_generate_messages_lisp
[30.983s] [  0%] Built target rosgraph_msgs_generate_messages_nodejs
[31.051s] [  0%] Built target roscpp_generate_messages_eus
[31.099s] [  0%] Built target actionlib_msgs_generate_messages_eus
[31.170s] [  0%] Built target rosgraph_msgs_generate_messages_py
[31.242s] [  0%] Built target jsk_footstep_msgs_generate_messages_cpp
[31.350s] [  0%] Built target actionlib_msgs_generate_messages_cpp
[31.470s] [  0%] Built target tf_generate_messages_eus
[31.527s] [  0%] Built target tf_generate_messages_lisp
[31.579s] [  0%] Built target tf_generate_messages_nodejs
[31.631s] [  0%] Built target pcl_msgs_generate_messages_py
[31.691s] [  0%] Built target actionlib_generate_messages_eus
[31.756s] [  0%] Built target geometry_msgs_generate_messages_cpp
[31.848s] [  0%] Built target actionlib_generate_messages_lisp
[31.922s] [  0%] Built target pcl_msgs_generate_messages_lisp
[31.976s] [  0%] Built target tf_generate_messages_cpp
[32.044s] [  0%] Built target actionlib_generate_messages_nodejs
[32.100s] [  0%] Built target tf2_msgs_generate_messages_lisp
[32.144s] [  0%] Built target actionlib_generate_messages_py
[32.187s] [  0%] Built target tf2_msgs_generate_messages_py
[32.247s] [  0%] Built target tf2_msgs_generate_messages_nodejs
[32.295s] [  0%] Built target tf2_msgs_generate_messages_eus
[32.357s] [  0%] Built target visualization_msgs_generate_messages_cpp
[32.400s] [  0%] Built target visualization_msgs_generate_messages_eus
[32.460s] [  0%] Built target std_msgs_generate_messages_py
[32.506s] [  0%] Built target tf2_msgs_generate_messages_cpp
[32.563s] [  0%] Built target jsk_recognition_msgs_generate_messages_eus
[32.612s] [  0%] Built target jsk_recognition_msgs_generate_messages_lisp
[32.649s] [  0%] Built target rosgraph_msgs_generate_messages_eus
[32.723s] [  0%] Built target pcl_msgs_generate_messages_eus
[32.784s] [  0%] Built target actionlib_generate_messages_cpp
[32.827s] [  0%] Built target roscpp_generate_messages_cpp
[32.897s] [  0%] Built target sensor_msgs_generate_messages_nodejs
[32.949s] [  0%] Built target geometry_msgs_generate_messages_py
[33.009s] [ 50%] Built target visualize_detected_objects
[33.063s] [100%] Built target visualize_rects
[33.102s] [36mInstall the project...[0m
[33.113s] -- Install configuration: "Release"
[33.113s] -- Installing: /home/ros/autoware.ai/install/detected_objects_visualizer/lib/pkgconfig/detected_objects_visualizer.pc
[33.114s] -- Installing: /home/ros/autoware.ai/install/detected_objects_visualizer/share/detected_objects_visualizer/cmake/detected_objects_visualizerConfig.cmake
[33.114s] -- Installing: /home/ros/autoware.ai/install/detected_objects_visualizer/share/detected_objects_visualizer/cmake/detected_objects_visualizerConfig-version.cmake
[33.114s] -- Installing: /home/ros/autoware.ai/install/detected_objects_visualizer/share/detected_objects_visualizer/package.xml
[33.114s] -- Installing: /home/ros/autoware.ai/install/detected_objects_visualizer/lib/detected_objects_visualizer/visualize_detected_objects
[33.114s] -- Set runtime path of "/home/ros/autoware.ai/install/detected_objects_visualizer/lib/detected_objects_visualizer/visualize_detected_objects" to ""
[33.114s] -- Installing: /home/ros/autoware.ai/install/detected_objects_visualizer/lib/detected_objects_visualizer/visualize_rects
[33.116s] -- Set runtime path of "/home/ros/autoware.ai/install/detected_objects_visualizer/lib/detected_objects_visualizer/visualize_rects" to ""
[33.116s] -- Installing: /home/ros/autoware.ai/install/detected_objects_visualizer/share/detected_objects_visualizer/models
[33.116s] -- Installing: /home/ros/autoware.ai/install/detected_objects_visualizer/share/detected_objects_visualizer/models/bike.dae
[33.116s] -- Installing: /home/ros/autoware.ai/install/detected_objects_visualizer/share/detected_objects_visualizer/models/car.dae
[33.116s] -- Installing: /home/ros/autoware.ai/install/detected_objects_visualizer/share/detected_objects_visualizer/models/box.dae
[33.117s] -- Installing: /home/ros/autoware.ai/install/detected_objects_visualizer/share/detected_objects_visualizer/models/truck.dae
[33.117s] -- Installing: /home/ros/autoware.ai/install/detected_objects_visualizer/share/detected_objects_visualizer/models/bus.dae
[33.117s] -- Installing: /home/ros/autoware.ai/install/detected_objects_visualizer/share/detected_objects_visualizer/models/person.dae
[33.123s] Invoked command in '/home/ros/autoware.ai/build/detected_objects_visualizer' returned '0': CMAKE_PREFIX_PATH=/home/ros/autoware.ai/install/autoware_msgs:/home/ros/autoware.ai/install/autoware_build_flags:${CMAKE_PREFIX_PATH} PKG_CONFIG_PATH=/home/ros/autoware.ai/install/autoware_msgs/lib/x86_64-linux-gnu/pkgconfig:/home/ros/autoware.ai/install/autoware_msgs/lib/pkgconfig:/home/ros/autoware.ai/install/autoware_build_flags/lib/x86_64-linux-gnu/pkgconfig:/home/ros/autoware.ai/install/autoware_build_flags/lib/pkgconfig:${PKG_CONFIG_PATH} PYTHONPATH=/home/ros/autoware.ai/install/autoware_msgs/lib/python2.7/dist-packages:${PYTHONPATH} ROS_PACKAGE_PATH=/home/ros/autoware.ai/install/autoware_msgs/share:/home/ros/autoware.ai/install/autoware_build_flags/share:${ROS_PACKAGE_PATH} /usr/bin/cmake --build /home/ros/autoware.ai/build/detected_objects_visualizer --target install -- -j12 -l12
