[0.135s] Invoking command in '/home/ros/autoware.ai/build/emergency_handler': CMAKE_PREFIX_PATH=/home/ros/autoware.ai/install/autoware_health_checker:/home/ros/autoware.ai/install/ros_observer:/home/ros/autoware.ai/install/autoware_system_msgs:/home/ros/autoware.ai/install/autoware_msgs:${CMAKE_PREFIX_PATH} LD_LIBRARY_PATH=/home/ros/autoware.ai/install/autoware_health_checker/lib:/home/ros/autoware.ai/install/ros_observer/lib:${LD_LIBRARY_PATH} PKG_CONFIG_PATH=/home/ros/autoware.ai/install/autoware_health_checker/lib/x86_64-linux-gnu/pkgconfig:/home/ros/autoware.ai/install/autoware_health_checker/lib/pkgconfig:/home/ros/autoware.ai/install/ros_observer/lib/x86_64-linux-gnu/pkgconfig:/home/ros/autoware.ai/install/ros_observer/lib/pkgconfig:/home/ros/autoware.ai/install/autoware_system_msgs/lib/x86_64-linux-gnu/pkgconfig:/home/ros/autoware.ai/install/autoware_system_msgs/lib/pkgconfig:/home/ros/autoware.ai/install/autoware_msgs/lib/x86_64-linux-gnu/pkgconfig:/home/ros/autoware.ai/install/autoware_msgs/lib/pkgconfig:${PKG_CONFIG_PATH} PYTHONPATH=/home/ros/autoware.ai/install/autoware_system_msgs/lib/python2.7/dist-packages:/home/ros/autoware.ai/install/autoware_msgs/lib/python2.7/dist-packages:${PYTHONPATH} ROS_PACKAGE_PATH=/home/ros/autoware.ai/install/autoware_health_checker/share:/home/ros/autoware.ai/install/ros_observer/share:/home/ros/autoware.ai/install/autoware_system_msgs/share:/home/ros/autoware.ai/install/autoware_msgs/share:${ROS_PACKAGE_PATH} /usr/bin/cmake /home/ros/autoware.ai/src/autoware/common/emergency_handler -DCMAKE_BUILD_TYPE=Release -DCATKIN_INSTALL_INTO_PREFIX_ROOT=0 -DCMAKE_INSTALL_PREFIX=/home/ros/autoware.ai/install/emergency_handler
[0.290s] -- The C compiler identification is GNU 7.5.0
[0.406s] -- The CXX compiler identification is GNU 7.5.0
[0.412s] -- Check for working C compiler: /usr/bin/cc
[0.577s] -- Check for working C compiler: /usr/bin/cc -- works
[0.578s] -- Detecting C compiler ABI info
[0.753s] -- Detecting C compiler ABI info - done
[0.766s] -- Detecting C compile features
[1.585s] -- Detecting C compile features - done
[1.589s] -- Check for working CXX compiler: /usr/bin/c++
[1.764s] -- Check for working CXX compiler: /usr/bin/c++ -- works
[1.765s] -- Detecting CXX compiler ABI info
[1.890s] -- Detecting CXX compiler ABI info - done
[1.902s] -- Detecting CXX compile features
[2.541s] -- Detecting CXX compile features - done
[2.545s] -- Using CATKIN_DEVEL_PREFIX: /home/ros/autoware.ai/build/emergency_handler/devel
[2.545s] -- Using CMAKE_PREFIX_PATH: /home/ros/autoware.ai/install/autoware_health_checker;/home/ros/autoware.ai/install/ros_observer;/home/ros/autoware.ai/install/autoware_system_msgs;/home/ros/autoware.ai/install/autoware_msgs;/opt/ros/melodic
[2.545s] -- This workspace overlays: /home/ros/autoware.ai/install/autoware_health_checker;/home/ros/autoware.ai/install/ros_observer;/home/ros/autoware.ai/install/autoware_system_msgs;/home/ros/autoware.ai/install/autoware_msgs;/opt/ros/melodic
[2.566s] -- Found PythonInterp: /usr/bin/python2 (found suitable version "2.7.17", minimum required is "2") 
[2.568s] -- Using PYTHON_EXECUTABLE: /usr/bin/python2
[2.568s] -- Using Debian Python package layout
[2.569s] -- Using empy: /usr/bin/empy
[2.803s] -- Using CATKIN_ENABLE_TESTING: ON
[2.803s] -- Call enable_testing()
[2.805s] -- Using CATKIN_TEST_RESULTS_DIR: /home/ros/autoware.ai/build/emergency_handler/test_results
[2.831s] -- Found gtest sources under '/usr/src/googletest': gtests will be built
[2.831s] -- Found gmock sources under '/usr/src/googletest': gmock will be built
[2.862s] -- Found PythonInterp: /usr/bin/python2 (found version "2.7.17") 
[2.863s] -- Looking for pthread.h
[2.987s] -- Looking for pthread.h - found
[2.988s] -- Looking for pthread_create
[3.136s] -- Looking for pthread_create - not found
[3.136s] -- Looking for pthread_create in pthreads
[3.300s] -- Looking for pthread_create in pthreads - not found
[3.303s] -- Looking for pthread_create in pthread
[3.418s] -- Looking for pthread_create in pthread - found
[3.420s] -- Found Threads: TRUE  
[3.427s] -- Using Python nosetests: /usr/bin/nosetests-2.7
[3.495s] -- catkin 0.7.29
[3.495s] -- BUILD_SHARED_LIBS is on
[3.747s] -- Using these message generators: gencpp;geneus;genlisp;gennodejs;genpy
[4.177s] -- Configuring done
[4.244s] -- Generating done
[4.257s] -- Build files have been written to: /home/ros/autoware.ai/build/emergency_handler
[4.267s] Invoked command in '/home/ros/autoware.ai/build/emergency_handler' returned '0': CMAKE_PREFIX_PATH=/home/ros/autoware.ai/install/autoware_health_checker:/home/ros/autoware.ai/install/ros_observer:/home/ros/autoware.ai/install/autoware_system_msgs:/home/ros/autoware.ai/install/autoware_msgs:${CMAKE_PREFIX_PATH} LD_LIBRARY_PATH=/home/ros/autoware.ai/install/autoware_health_checker/lib:/home/ros/autoware.ai/install/ros_observer/lib:${LD_LIBRARY_PATH} PKG_CONFIG_PATH=/home/ros/autoware.ai/install/autoware_health_checker/lib/x86_64-linux-gnu/pkgconfig:/home/ros/autoware.ai/install/autoware_health_checker/lib/pkgconfig:/home/ros/autoware.ai/install/ros_observer/lib/x86_64-linux-gnu/pkgconfig:/home/ros/autoware.ai/install/ros_observer/lib/pkgconfig:/home/ros/autoware.ai/install/autoware_system_msgs/lib/x86_64-linux-gnu/pkgconfig:/home/ros/autoware.ai/install/autoware_system_msgs/lib/pkgconfig:/home/ros/autoware.ai/install/autoware_msgs/lib/x86_64-linux-gnu/pkgconfig:/home/ros/autoware.ai/install/autoware_msgs/lib/pkgconfig:${PKG_CONFIG_PATH} PYTHONPATH=/home/ros/autoware.ai/install/autoware_system_msgs/lib/python2.7/dist-packages:/home/ros/autoware.ai/install/autoware_msgs/lib/python2.7/dist-packages:${PYTHONPATH} ROS_PACKAGE_PATH=/home/ros/autoware.ai/install/autoware_health_checker/share:/home/ros/autoware.ai/install/ros_observer/share:/home/ros/autoware.ai/install/autoware_system_msgs/share:/home/ros/autoware.ai/install/autoware_msgs/share:${ROS_PACKAGE_PATH} /usr/bin/cmake /home/ros/autoware.ai/src/autoware/common/emergency_handler -DCMAKE_BUILD_TYPE=Release -DCATKIN_INSTALL_INTO_PREFIX_ROOT=0 -DCMAKE_INSTALL_PREFIX=/home/ros/autoware.ai/install/emergency_handler
[4.268s] Invoking command in '/home/ros/autoware.ai/build/emergency_handler': CMAKE_PREFIX_PATH=/home/ros/autoware.ai/install/autoware_health_checker:/home/ros/autoware.ai/install/ros_observer:/home/ros/autoware.ai/install/autoware_system_msgs:/home/ros/autoware.ai/install/autoware_msgs:${CMAKE_PREFIX_PATH} LD_LIBRARY_PATH=/home/ros/autoware.ai/install/autoware_health_checker/lib:/home/ros/autoware.ai/install/ros_observer/lib:${LD_LIBRARY_PATH} PKG_CONFIG_PATH=/home/ros/autoware.ai/install/autoware_health_checker/lib/x86_64-linux-gnu/pkgconfig:/home/ros/autoware.ai/install/autoware_health_checker/lib/pkgconfig:/home/ros/autoware.ai/install/ros_observer/lib/x86_64-linux-gnu/pkgconfig:/home/ros/autoware.ai/install/ros_observer/lib/pkgconfig:/home/ros/autoware.ai/install/autoware_system_msgs/lib/x86_64-linux-gnu/pkgconfig:/home/ros/autoware.ai/install/autoware_system_msgs/lib/pkgconfig:/home/ros/autoware.ai/install/autoware_msgs/lib/x86_64-linux-gnu/pkgconfig:/home/ros/autoware.ai/install/autoware_msgs/lib/pkgconfig:${PKG_CONFIG_PATH} PYTHONPATH=/home/ros/autoware.ai/install/autoware_system_msgs/lib/python2.7/dist-packages:/home/ros/autoware.ai/install/autoware_msgs/lib/python2.7/dist-packages:${PYTHONPATH} ROS_PACKAGE_PATH=/home/ros/autoware.ai/install/autoware_health_checker/share:/home/ros/autoware.ai/install/ros_observer/share:/home/ros/autoware.ai/install/autoware_system_msgs/share:/home/ros/autoware.ai/install/autoware_msgs/share:${ROS_PACKAGE_PATH} /usr/bin/cmake --build /home/ros/autoware.ai/build/emergency_handler -- -j12 -l12
[4.341s] [35m[1mScanning dependencies of target std_msgs_generate_messages_eus[0m
[4.365s] [  0%] Built target std_msgs_generate_messages_eus
[4.393s] [35m[1mScanning dependencies of target autoware_msgs_generate_messages_cpp[0m
[4.419s] [  0%] Built target autoware_msgs_generate_messages_cpp
[4.460s] [35m[1mScanning dependencies of target std_msgs_generate_messages_py[0m
[4.474s] [  0%] Built target std_msgs_generate_messages_py
[4.485s] [35m[1mScanning dependencies of target jsk_recognition_msgs_generate_messages_py[0m
[4.501s] [  0%] Built target jsk_recognition_msgs_generate_messages_py
[4.520s] [35m[1mScanning dependencies of target sensor_msgs_generate_messages_lisp[0m
[4.540s] [  0%] Built target sensor_msgs_generate_messages_lisp
[4.553s] [35m[1mScanning dependencies of target std_msgs_generate_messages_nodejs[0m
[4.565s] [  0%] Built target std_msgs_generate_messages_nodejs
[4.579s] [35m[1mScanning dependencies of target actionlib_msgs_generate_messages_nodejs[0m
[4.602s] [  0%] Built target actionlib_msgs_generate_messages_nodejs
[4.615s] [35m[1mScanning dependencies of target std_msgs_generate_messages_cpp[0m
[4.645s] [  0%] Built target std_msgs_generate_messages_cpp
[4.666s] [35m[1mScanning dependencies of target jsk_footstep_msgs_generate_messages_py[0m
[4.687s] [  0%] Built target jsk_footstep_msgs_generate_messages_py
[4.716s] [35m[1mScanning dependencies of target autoware_system_msgs_generate_messages_lisp[0m
[4.733s] [  0%] Built target autoware_system_msgs_generate_messages_lisp
[4.749s] [35m[1mScanning dependencies of target geometry_msgs_generate_messages_nodejs[0m
[4.782s] [  0%] Built target geometry_msgs_generate_messages_nodejs
[4.797s] [35m[1mScanning dependencies of target autoware_system_msgs_generate_messages_eus[0m
[4.820s] [  0%] Built target autoware_system_msgs_generate_messages_eus
[4.842s] [35m[1mScanning dependencies of target sensor_msgs_generate_messages_cpp[0m
[4.858s] [  0%] Built target sensor_msgs_generate_messages_cpp
[4.873s] [35m[1mScanning dependencies of target roscpp_generate_messages_nodejs[0m
[4.889s] [  0%] Built target roscpp_generate_messages_nodejs
[4.911s] [35m[1mScanning dependencies of target std_msgs_generate_messages_lisp[0m
[4.926s] [  0%] Built target std_msgs_generate_messages_lisp
[4.941s] [35m[1mScanning dependencies of target rosgraph_msgs_generate_messages_lisp[0m
[4.965s] [  0%] Built target rosgraph_msgs_generate_messages_lisp
[4.986s] [35m[1mScanning dependencies of target jsk_recognition_msgs_generate_messages_eus[0m
[5.003s] [  0%] Built target jsk_recognition_msgs_generate_messages_eus
[5.025s] [35m[1mScanning dependencies of target autoware_msgs_generate_messages_nodejs[0m
[5.051s] [  0%] Built target autoware_msgs_generate_messages_nodejs
[5.066s] [35m[1mScanning dependencies of target roscpp_generate_messages_eus[0m
[5.099s] [  0%] Built target roscpp_generate_messages_eus
[5.120s] [35m[1mScanning dependencies of target actionlib_msgs_generate_messages_eus[0m
[5.142s] [  0%] Built target actionlib_msgs_generate_messages_eus
[5.161s] [35m[1mScanning dependencies of target rosgraph_msgs_generate_messages_py[0m
[5.177s] [  0%] Built target rosgraph_msgs_generate_messages_py
[5.193s] [35m[1mScanning dependencies of target rosgraph_msgs_generate_messages_nodejs[0m
[5.215s] [  0%] Built target rosgraph_msgs_generate_messages_nodejs
[5.229s] [35m[1mScanning dependencies of target sensor_msgs_generate_messages_eus[0m
[5.243s] [  0%] Built target sensor_msgs_generate_messages_eus
[5.263s] [35m[1mScanning dependencies of target autoware_msgs_generate_messages_py[0m
[5.280s] [  0%] Built target autoware_msgs_generate_messages_py
[5.294s] [35m[1mScanning dependencies of target autoware_system_msgs_generate_messages_py[0m
[5.308s] [  0%] Built target autoware_system_msgs_generate_messages_py
[5.320s] [35m[1mScanning dependencies of target sensor_msgs_generate_messages_nodejs[0m
[5.332s] [  0%] Built target sensor_msgs_generate_messages_nodejs
[5.342s] [35m[1mScanning dependencies of target roscpp_generate_messages_cpp[0m
[5.365s] [  0%] Built target roscpp_generate_messages_cpp
[5.383s] [35m[1mScanning dependencies of target sensor_msgs_generate_messages_py[0m
[5.393s] [  0%] Built target sensor_msgs_generate_messages_py
[5.402s] [35m[1mScanning dependencies of target pcl_msgs_generate_messages_cpp[0m
[5.420s] [  0%] Built target pcl_msgs_generate_messages_cpp
[5.437s] [35m[1mScanning dependencies of target pcl_msgs_generate_messages_eus[0m
[5.463s] [  0%] Built target pcl_msgs_generate_messages_eus
[5.473s] [35m[1mScanning dependencies of target pcl_msgs_generate_messages_lisp[0m
[5.490s] [  0%] Built target pcl_msgs_generate_messages_lisp
[5.507s] [35m[1mScanning dependencies of target pcl_msgs_generate_messages_nodejs[0m
[5.524s] [  0%] Built target pcl_msgs_generate_messages_nodejs
[5.544s] [35m[1mScanning dependencies of target pcl_msgs_generate_messages_py[0m
[5.562s] [  0%] Built target pcl_msgs_generate_messages_py
[5.585s] [35m[1mScanning dependencies of target jsk_footstep_msgs_generate_messages_eus[0m
[5.626s] [  0%] Built target jsk_footstep_msgs_generate_messages_eus
[5.651s] [35m[1mScanning dependencies of target jsk_footstep_msgs_generate_messages_lisp[0m
[5.675s] [  0%] Built target jsk_footstep_msgs_generate_messages_lisp
[5.696s] [35m[1mScanning dependencies of target jsk_footstep_msgs_generate_messages_nodejs[0m
[5.707s] [  0%] Built target jsk_footstep_msgs_generate_messages_nodejs
[5.745s] [35m[1mScanning dependencies of target jsk_footstep_msgs_generate_messages_cpp[0m
[5.762s] [  0%] Built target jsk_footstep_msgs_generate_messages_cpp
[5.796s] [35m[1mScanning dependencies of target actionlib_msgs_generate_messages_cpp[0m
[5.817s] [  0%] Built target actionlib_msgs_generate_messages_cpp
[5.842s] [35m[1mScanning dependencies of target autoware_system_msgs_generate_messages_nodejs[0m
[5.857s] [  0%] Built target autoware_system_msgs_generate_messages_nodejs
[5.893s] [35m[1mScanning dependencies of target actionlib_msgs_generate_messages_lisp[0m
[5.904s] [  0%] Built target actionlib_msgs_generate_messages_lisp
[5.918s] [35m[1mScanning dependencies of target jsk_recognition_msgs_generate_messages_nodejs[0m
[5.934s] [  0%] Built target jsk_recognition_msgs_generate_messages_nodejs
[5.962s] [35m[1mScanning dependencies of target roscpp_generate_messages_lisp[0m
[5.978s] [  0%] Built target roscpp_generate_messages_lisp
[5.991s] [35m[1mScanning dependencies of target roscpp_generate_messages_py[0m
[6.009s] [  0%] Built target roscpp_generate_messages_py
[6.023s] [35m[1mScanning dependencies of target actionlib_msgs_generate_messages_py[0m
[6.042s] [  0%] Built target actionlib_msgs_generate_messages_py
[6.058s] [35m[1mScanning dependencies of target rosgraph_msgs_generate_messages_cpp[0m
[6.077s] [  0%] Built target rosgraph_msgs_generate_messages_cpp
[6.096s] [35m[1mScanning dependencies of target autoware_msgs_generate_messages_eus[0m
[6.113s] [  0%] Built target autoware_msgs_generate_messages_eus
[6.139s] [35m[1mScanning dependencies of target jsk_recognition_msgs_generate_messages_cpp[0m
[6.158s] [  0%] Built target jsk_recognition_msgs_generate_messages_cpp
[6.173s] [35m[1mScanning dependencies of target autoware_msgs_generate_messages_lisp[0m
[6.190s] [  0%] Built target autoware_msgs_generate_messages_lisp
[6.211s] [35m[1mScanning dependencies of target autoware_system_msgs_generate_messages_cpp[0m
[6.231s] [  0%] Built target autoware_system_msgs_generate_messages_cpp
[6.246s] [35m[1mScanning dependencies of target geometry_msgs_generate_messages_eus[0m
[6.262s] [  0%] Built target geometry_msgs_generate_messages_eus
[6.281s] [35m[1mScanning dependencies of target geometry_msgs_generate_messages_cpp[0m
[6.301s] [  0%] Built target geometry_msgs_generate_messages_cpp
[6.315s] [35m[1mScanning dependencies of target geometry_msgs_generate_messages_lisp[0m
[6.331s] [  0%] Built target geometry_msgs_generate_messages_lisp
[6.346s] [35m[1mScanning dependencies of target geometry_msgs_generate_messages_py[0m
[6.366s] [  0%] Built target geometry_msgs_generate_messages_py
[6.380s] [35m[1mScanning dependencies of target jsk_recognition_msgs_generate_messages_lisp[0m
[6.396s] [  0%] Built target jsk_recognition_msgs_generate_messages_lisp
[6.413s] [35m[1mScanning dependencies of target rosgraph_msgs_generate_messages_eus[0m
[6.438s] [  0%] Built target rosgraph_msgs_generate_messages_eus
[6.453s] [35m[1mScanning dependencies of target system_status_filter[0m
[6.495s] [ 12%] [32mBuilding CXX object CMakeFiles/system_status_filter.dir/lib/libsystem_status_filter.cpp.o[0m
[8.910s] [ 25%] [32mBuilding CXX object CMakeFiles/system_status_filter.dir/lib/libvital_monitor.cpp.o[0m
[11.603s] [ 37%] [32m[1mLinking CXX shared library devel/lib/libsystem_status_filter.so[0m
[11.741s] [ 37%] Built target system_status_filter
[11.755s] [35m[1mScanning dependencies of target emergency_handler[0m
[11.796s] [ 50%] [32mBuilding CXX object CMakeFiles/emergency_handler.dir/src/emergency_handler_node.cpp.o[0m
[16.206s] [ 62%] [32mBuilding CXX object CMakeFiles/emergency_handler.dir/src/system_status_filter.cpp.o[0m
[20.595s] [ 75%] [32mBuilding CXX object CMakeFiles/emergency_handler.dir/src/emergency_stop_planner.cpp.o[0m
[22.454s] [ 87%] [32mBuilding CXX object CMakeFiles/emergency_handler.dir/src/emergency_handler.cpp.o[0m
[28.304s] [100%] [32m[1mLinking CXX executable devel/lib/emergency_handler/emergency_handler[0m
[28.504s] [100%] Built target emergency_handler
[28.535s] Invoked command in '/home/ros/autoware.ai/build/emergency_handler' returned '0': CMAKE_PREFIX_PATH=/home/ros/autoware.ai/install/autoware_health_checker:/home/ros/autoware.ai/install/ros_observer:/home/ros/autoware.ai/install/autoware_system_msgs:/home/ros/autoware.ai/install/autoware_msgs:${CMAKE_PREFIX_PATH} LD_LIBRARY_PATH=/home/ros/autoware.ai/install/autoware_health_checker/lib:/home/ros/autoware.ai/install/ros_observer/lib:${LD_LIBRARY_PATH} PKG_CONFIG_PATH=/home/ros/autoware.ai/install/autoware_health_checker/lib/x86_64-linux-gnu/pkgconfig:/home/ros/autoware.ai/install/autoware_health_checker/lib/pkgconfig:/home/ros/autoware.ai/install/ros_observer/lib/x86_64-linux-gnu/pkgconfig:/home/ros/autoware.ai/install/ros_observer/lib/pkgconfig:/home/ros/autoware.ai/install/autoware_system_msgs/lib/x86_64-linux-gnu/pkgconfig:/home/ros/autoware.ai/install/autoware_system_msgs/lib/pkgconfig:/home/ros/autoware.ai/install/autoware_msgs/lib/x86_64-linux-gnu/pkgconfig:/home/ros/autoware.ai/install/autoware_msgs/lib/pkgconfig:${PKG_CONFIG_PATH} PYTHONPATH=/home/ros/autoware.ai/install/autoware_system_msgs/lib/python2.7/dist-packages:/home/ros/autoware.ai/install/autoware_msgs/lib/python2.7/dist-packages:${PYTHONPATH} ROS_PACKAGE_PATH=/home/ros/autoware.ai/install/autoware_health_checker/share:/home/ros/autoware.ai/install/ros_observer/share:/home/ros/autoware.ai/install/autoware_system_msgs/share:/home/ros/autoware.ai/install/autoware_msgs/share:${ROS_PACKAGE_PATH} /usr/bin/cmake --build /home/ros/autoware.ai/build/emergency_handler -- -j12 -l12
[28.713s] Invoking command in '/home/ros/autoware.ai/build/emergency_handler': CMAKE_PREFIX_PATH=/home/ros/autoware.ai/install/autoware_health_checker:/home/ros/autoware.ai/install/ros_observer:/home/ros/autoware.ai/install/autoware_system_msgs:/home/ros/autoware.ai/install/autoware_msgs:${CMAKE_PREFIX_PATH} LD_LIBRARY_PATH=/home/ros/autoware.ai/install/autoware_health_checker/lib:/home/ros/autoware.ai/install/ros_observer/lib:${LD_LIBRARY_PATH} PKG_CONFIG_PATH=/home/ros/autoware.ai/install/autoware_health_checker/lib/x86_64-linux-gnu/pkgconfig:/home/ros/autoware.ai/install/autoware_health_checker/lib/pkgconfig:/home/ros/autoware.ai/install/ros_observer/lib/x86_64-linux-gnu/pkgconfig:/home/ros/autoware.ai/install/ros_observer/lib/pkgconfig:/home/ros/autoware.ai/install/autoware_system_msgs/lib/x86_64-linux-gnu/pkgconfig:/home/ros/autoware.ai/install/autoware_system_msgs/lib/pkgconfig:/home/ros/autoware.ai/install/autoware_msgs/lib/x86_64-linux-gnu/pkgconfig:/home/ros/autoware.ai/install/autoware_msgs/lib/pkgconfig:${PKG_CONFIG_PATH} PYTHONPATH=/home/ros/autoware.ai/install/autoware_system_msgs/lib/python2.7/dist-packages:/home/ros/autoware.ai/install/autoware_msgs/lib/python2.7/dist-packages:${PYTHONPATH} ROS_PACKAGE_PATH=/home/ros/autoware.ai/install/autoware_health_checker/share:/home/ros/autoware.ai/install/ros_observer/share:/home/ros/autoware.ai/install/autoware_system_msgs/share:/home/ros/autoware.ai/install/autoware_msgs/share:${ROS_PACKAGE_PATH} /usr/bin/cmake --build /home/ros/autoware.ai/build/emergency_handler --target tests -- -j12 -l12
[28.851s] [35m[1mScanning dependencies of target gtest[0m
[28.894s] [ 10%] [32mBuilding CXX object gtest/googlemock/gtest/CMakeFiles/gtest.dir/src/gtest-all.cc.o[0m
[36.446s] [ 20%] [32m[1mLinking CXX shared library libgtest.so[0m
[36.606s] [ 20%] Built target gtest
[36.683s] [ 20%] Built target autoware_msgs_generate_messages_eus
[36.747s] [ 20%] Built target autoware_msgs_generate_messages_cpp
[36.889s] [ 20%] Built target std_msgs_generate_messages_py
[36.996s] [ 20%] Built target jsk_recognition_msgs_generate_messages_py
[37.112s] [ 20%] Built target sensor_msgs_generate_messages_lisp
[37.255s] [ 20%] Built target std_msgs_generate_messages_nodejs
[37.367s] [ 20%] Built target actionlib_msgs_generate_messages_nodejs
[37.491s] [ 20%] Built target std_msgs_generate_messages_cpp
[37.628s] [ 20%] Built target jsk_footstep_msgs_generate_messages_py
[37.780s] [ 20%] Built target autoware_system_msgs_generate_messages_lisp
[37.887s] [ 20%] Built target geometry_msgs_generate_messages_nodejs
[37.993s] [ 20%] Built target autoware_system_msgs_generate_messages_eus
[38.109s] [ 20%] Built target sensor_msgs_generate_messages_cpp
[38.237s] [ 20%] Built target roscpp_generate_messages_nodejs
[38.338s] [ 20%] Built target std_msgs_generate_messages_lisp
[38.402s] [ 20%] Built target rosgraph_msgs_generate_messages_lisp
[38.527s] [ 20%] Built target jsk_recognition_msgs_generate_messages_eus
[38.651s] [ 20%] Built target autoware_msgs_generate_messages_nodejs
[38.774s] [ 20%] Built target roscpp_generate_messages_eus
[38.929s] [ 20%] Built target actionlib_msgs_generate_messages_eus
[39.058s] [ 20%] Built target rosgraph_msgs_generate_messages_py
[39.200s] [ 20%] Built target rosgraph_msgs_generate_messages_nodejs
[39.339s] [ 20%] Built target sensor_msgs_generate_messages_eus
[39.424s] [ 20%] Built target autoware_msgs_generate_messages_py
[39.527s] [ 20%] Built target autoware_system_msgs_generate_messages_py
[39.558s] [ 20%] Built target sensor_msgs_generate_messages_nodejs
[39.619s] [ 20%] Built target roscpp_generate_messages_cpp
[39.743s] [ 20%] Built target sensor_msgs_generate_messages_py
[39.818s] [ 20%] Built target pcl_msgs_generate_messages_cpp
[39.943s] [ 20%] Built target pcl_msgs_generate_messages_eus
[39.995s] [ 20%] Built target pcl_msgs_generate_messages_lisp
[40.051s] [ 20%] Built target pcl_msgs_generate_messages_nodejs
[40.105s] [ 20%] Built target pcl_msgs_generate_messages_py
[40.147s] [ 20%] Built target jsk_footstep_msgs_generate_messages_eus
[40.201s] [ 20%] Built target jsk_footstep_msgs_generate_messages_lisp
[40.287s] [ 20%] Built target jsk_footstep_msgs_generate_messages_nodejs
[40.429s] [ 20%] Built target jsk_footstep_msgs_generate_messages_cpp
[40.578s] [ 20%] Built target actionlib_msgs_generate_messages_cpp
[40.660s] [ 20%] Built target autoware_system_msgs_generate_messages_nodejs
[40.743s] [ 20%] Built target actionlib_msgs_generate_messages_lisp
[40.857s] [ 20%] Built target jsk_recognition_msgs_generate_messages_nodejs
[40.944s] [ 20%] Built target roscpp_generate_messages_lisp
[41.033s] [ 20%] Built target roscpp_generate_messages_py
[41.126s] [ 20%] Built target actionlib_msgs_generate_messages_py
[41.275s] [ 20%] Built target rosgraph_msgs_generate_messages_cpp
[41.388s] [ 20%] Built target jsk_recognition_msgs_generate_messages_cpp
[41.556s] [ 20%] Built target autoware_msgs_generate_messages_lisp
[41.676s] [ 20%] Built target autoware_system_msgs_generate_messages_cpp
[41.823s] [ 20%] Built target geometry_msgs_generate_messages_eus
[41.980s] [ 20%] Built target geometry_msgs_generate_messages_cpp
[42.056s] [ 20%] Built target geometry_msgs_generate_messages_lisp
[42.136s] [ 20%] Built target geometry_msgs_generate_messages_py
[42.199s] [ 20%] Built target jsk_recognition_msgs_generate_messages_lisp
[42.241s] [ 20%] Built target rosgraph_msgs_generate_messages_eus
[42.314s] [ 20%] Built target std_msgs_generate_messages_eus
[42.375s] [ 50%] Built target system_status_filter
[42.427s] [35m[1mScanning dependencies of target test_emergency_handler[0m
[42.530s] [ 60%] [32mBuilding CXX object CMakeFiles/test_emergency_handler.dir/test/src/test_emergency_handler.cpp.o[0m
[48.850s] [ 70%] [32mBuilding CXX object CMakeFiles/test_emergency_handler.dir/src/system_status_filter.cpp.o[0m
[52.888s] [ 80%] [32mBuilding CXX object CMakeFiles/test_emergency_handler.dir/src/emergency_stop_planner.cpp.o[0m
[54.741s] [ 90%] [32mBuilding CXX object CMakeFiles/test_emergency_handler.dir/src/emergency_handler.cpp.o[0m
[60.576s] [100%] [32m[1mLinking CXX executable devel/lib/emergency_handler/test_emergency_handler[0m
[60.780s] [100%] Built target test_emergency_handler
[60.793s] [35m[1mScanning dependencies of target tests[0m
[60.808s] [100%] Built target tests
[60.824s] Invoked command in '/home/ros/autoware.ai/build/emergency_handler' returned '0': CMAKE_PREFIX_PATH=/home/ros/autoware.ai/install/autoware_health_checker:/home/ros/autoware.ai/install/ros_observer:/home/ros/autoware.ai/install/autoware_system_msgs:/home/ros/autoware.ai/install/autoware_msgs:${CMAKE_PREFIX_PATH} LD_LIBRARY_PATH=/home/ros/autoware.ai/install/autoware_health_checker/lib:/home/ros/autoware.ai/install/ros_observer/lib:${LD_LIBRARY_PATH} PKG_CONFIG_PATH=/home/ros/autoware.ai/install/autoware_health_checker/lib/x86_64-linux-gnu/pkgconfig:/home/ros/autoware.ai/install/autoware_health_checker/lib/pkgconfig:/home/ros/autoware.ai/install/ros_observer/lib/x86_64-linux-gnu/pkgconfig:/home/ros/autoware.ai/install/ros_observer/lib/pkgconfig:/home/ros/autoware.ai/install/autoware_system_msgs/lib/x86_64-linux-gnu/pkgconfig:/home/ros/autoware.ai/install/autoware_system_msgs/lib/pkgconfig:/home/ros/autoware.ai/install/autoware_msgs/lib/x86_64-linux-gnu/pkgconfig:/home/ros/autoware.ai/install/autoware_msgs/lib/pkgconfig:${PKG_CONFIG_PATH} PYTHONPATH=/home/ros/autoware.ai/install/autoware_system_msgs/lib/python2.7/dist-packages:/home/ros/autoware.ai/install/autoware_msgs/lib/python2.7/dist-packages:${PYTHONPATH} ROS_PACKAGE_PATH=/home/ros/autoware.ai/install/autoware_health_checker/share:/home/ros/autoware.ai/install/ros_observer/share:/home/ros/autoware.ai/install/autoware_system_msgs/share:/home/ros/autoware.ai/install/autoware_msgs/share:${ROS_PACKAGE_PATH} /usr/bin/cmake --build /home/ros/autoware.ai/build/emergency_handler --target tests -- -j12 -l12
[60.919s] Invoking command in '/home/ros/autoware.ai/build/emergency_handler': CMAKE_PREFIX_PATH=/home/ros/autoware.ai/install/autoware_health_checker:/home/ros/autoware.ai/install/ros_observer:/home/ros/autoware.ai/install/autoware_system_msgs:/home/ros/autoware.ai/install/autoware_msgs:${CMAKE_PREFIX_PATH} LD_LIBRARY_PATH=/home/ros/autoware.ai/install/autoware_health_checker/lib:/home/ros/autoware.ai/install/ros_observer/lib:${LD_LIBRARY_PATH} PKG_CONFIG_PATH=/home/ros/autoware.ai/install/autoware_health_checker/lib/x86_64-linux-gnu/pkgconfig:/home/ros/autoware.ai/install/autoware_health_checker/lib/pkgconfig:/home/ros/autoware.ai/install/ros_observer/lib/x86_64-linux-gnu/pkgconfig:/home/ros/autoware.ai/install/ros_observer/lib/pkgconfig:/home/ros/autoware.ai/install/autoware_system_msgs/lib/x86_64-linux-gnu/pkgconfig:/home/ros/autoware.ai/install/autoware_system_msgs/lib/pkgconfig:/home/ros/autoware.ai/install/autoware_msgs/lib/x86_64-linux-gnu/pkgconfig:/home/ros/autoware.ai/install/autoware_msgs/lib/pkgconfig:${PKG_CONFIG_PATH} PYTHONPATH=/home/ros/autoware.ai/install/autoware_system_msgs/lib/python2.7/dist-packages:/home/ros/autoware.ai/install/autoware_msgs/lib/python2.7/dist-packages:${PYTHONPATH} ROS_PACKAGE_PATH=/home/ros/autoware.ai/install/autoware_health_checker/share:/home/ros/autoware.ai/install/ros_observer/share:/home/ros/autoware.ai/install/autoware_system_msgs/share:/home/ros/autoware.ai/install/autoware_msgs/share:${ROS_PACKAGE_PATH} /usr/bin/cmake --build /home/ros/autoware.ai/build/emergency_handler --target install -- -j12 -l12
[61.000s] [  0%] Built target std_msgs_generate_messages_eus
[61.026s] [  0%] Built target autoware_msgs_generate_messages_cpp
[61.060s] [  0%] Built target std_msgs_generate_messages_py
[61.095s] [  0%] Built target jsk_recognition_msgs_generate_messages_py
[61.135s] [  0%] Built target sensor_msgs_generate_messages_lisp
[61.167s] [  0%] Built target std_msgs_generate_messages_nodejs
[61.196s] [  0%] Built target actionlib_msgs_generate_messages_nodejs
[61.222s] [  0%] Built target std_msgs_generate_messages_cpp
[61.254s] [  0%] Built target jsk_footstep_msgs_generate_messages_py
[61.284s] [  0%] Built target autoware_system_msgs_generate_messages_lisp
[61.312s] [  0%] Built target geometry_msgs_generate_messages_nodejs
[61.342s] [  0%] Built target autoware_system_msgs_generate_messages_eus
[61.369s] [  0%] Built target sensor_msgs_generate_messages_cpp
[61.399s] [  0%] Built target roscpp_generate_messages_nodejs
[61.426s] [  0%] Built target std_msgs_generate_messages_lisp
[61.457s] [  0%] Built target rosgraph_msgs_generate_messages_lisp
[61.484s] [  0%] Built target jsk_recognition_msgs_generate_messages_eus
[61.512s] [  0%] Built target autoware_msgs_generate_messages_nodejs
[61.543s] [  0%] Built target roscpp_generate_messages_eus
[61.570s] [  0%] Built target actionlib_msgs_generate_messages_eus
[61.596s] [  0%] Built target rosgraph_msgs_generate_messages_py
[61.623s] [  0%] Built target rosgraph_msgs_generate_messages_nodejs
[61.658s] [  0%] Built target sensor_msgs_generate_messages_eus
[61.691s] [  0%] Built target autoware_msgs_generate_messages_py
[61.735s] [  0%] Built target autoware_system_msgs_generate_messages_py
[61.762s] [  0%] Built target sensor_msgs_generate_messages_nodejs
[61.793s] [  0%] Built target roscpp_generate_messages_cpp
[61.820s] [  0%] Built target sensor_msgs_generate_messages_py
[61.857s] [  0%] Built target pcl_msgs_generate_messages_cpp
[61.884s] [  0%] Built target pcl_msgs_generate_messages_eus
[61.913s] [  0%] Built target pcl_msgs_generate_messages_lisp
[61.941s] [  0%] Built target pcl_msgs_generate_messages_nodejs
[61.968s] [  0%] Built target pcl_msgs_generate_messages_py
[62.001s] [  0%] Built target jsk_footstep_msgs_generate_messages_eus
[62.029s] [  0%] Built target jsk_footstep_msgs_generate_messages_lisp
[62.065s] [  0%] Built target jsk_footstep_msgs_generate_messages_nodejs
[62.096s] [  0%] Built target jsk_footstep_msgs_generate_messages_cpp
[62.123s] [  0%] Built target actionlib_msgs_generate_messages_cpp
[62.152s] [  0%] Built target autoware_system_msgs_generate_messages_nodejs
[62.180s] [  0%] Built target actionlib_msgs_generate_messages_lisp
[62.210s] [  0%] Built target jsk_recognition_msgs_generate_messages_nodejs
[62.237s] [  0%] Built target roscpp_generate_messages_lisp
[62.272s] [  0%] Built target roscpp_generate_messages_py
[62.305s] [  0%] Built target actionlib_msgs_generate_messages_py
[62.335s] [  0%] Built target rosgraph_msgs_generate_messages_cpp
[62.370s] [  0%] Built target autoware_msgs_generate_messages_eus
[62.395s] [  0%] Built target jsk_recognition_msgs_generate_messages_cpp
[62.425s] [  0%] Built target autoware_msgs_generate_messages_lisp
[62.450s] [  0%] Built target autoware_system_msgs_generate_messages_cpp
[62.487s] [  0%] Built target geometry_msgs_generate_messages_eus
[62.520s] [  0%] Built target geometry_msgs_generate_messages_cpp
[62.551s] [  0%] Built target geometry_msgs_generate_messages_lisp
[62.580s] [  0%] Built target geometry_msgs_generate_messages_py
[62.607s] [  0%] Built target jsk_recognition_msgs_generate_messages_lisp
[62.633s] [  0%] Built target rosgraph_msgs_generate_messages_eus
[62.670s] [ 37%] Built target system_status_filter
[62.706s] [100%] Built target emergency_handler
[62.735s] [36mInstall the project...[0m
[62.753s] -- Install configuration: "Release"
[62.753s] -- Installing: /home/ros/autoware.ai/install/emergency_handler/lib/pkgconfig/emergency_handler.pc
[62.753s] -- Installing: /home/ros/autoware.ai/install/emergency_handler/share/emergency_handler/cmake/emergency_handlerConfig.cmake
[62.754s] -- Installing: /home/ros/autoware.ai/install/emergency_handler/share/emergency_handler/cmake/emergency_handlerConfig-version.cmake
[62.754s] -- Installing: /home/ros/autoware.ai/install/emergency_handler/share/emergency_handler/package.xml
[62.754s] -- Installing: /home/ros/autoware.ai/install/emergency_handler/lib/emergency_handler/emergency_handler
[62.754s] -- Set runtime path of "/home/ros/autoware.ai/install/emergency_handler/lib/emergency_handler/emergency_handler" to ""
[62.755s] -- Installing: /home/ros/autoware.ai/install/emergency_handler/lib/libsystem_status_filter.so
[62.755s] -- Set runtime path of "/home/ros/autoware.ai/install/emergency_handler/lib/libsystem_status_filter.so" to ""
[62.755s] -- Installing: /home/ros/autoware.ai/install/emergency_handler/include/emergency_handler
[62.755s] -- Installing: /home/ros/autoware.ai/install/emergency_handler/include/emergency_handler/system_status_filter.h
[62.755s] -- Installing: /home/ros/autoware.ai/install/emergency_handler/include/emergency_handler/emergency_planner.h
[62.756s] -- Installing: /home/ros/autoware.ai/install/emergency_handler/include/emergency_handler/libsystem_status_filter.h
[62.756s] -- Installing: /home/ros/autoware.ai/install/emergency_handler/include/emergency_handler/libvital_monitor.h
[62.756s] -- Installing: /home/ros/autoware.ai/install/emergency_handler/include/emergency_handler/emergency_handler.h
[62.756s] -- Installing: /home/ros/autoware.ai/install/emergency_handler/include/emergency_handler/emergency_stop_planner.h
[62.756s] -- Installing: /home/ros/autoware.ai/install/emergency_handler/share/emergency_handler/launch
[62.756s] -- Installing: /home/ros/autoware.ai/install/emergency_handler/share/emergency_handler/launch/emergency_handler.launch
[62.756s] -- Installing: /home/ros/autoware.ai/install/emergency_handler/share/emergency_handler/config
[62.757s] -- Installing: /home/ros/autoware.ai/install/emergency_handler/share/emergency_handler/config/README.md
[62.757s] -- Installing: /home/ros/autoware.ai/install/emergency_handler/share/emergency_handler/config/emergency_handler.yaml
[62.763s] Invoked command in '/home/ros/autoware.ai/build/emergency_handler' returned '0': CMAKE_PREFIX_PATH=/home/ros/autoware.ai/install/autoware_health_checker:/home/ros/autoware.ai/install/ros_observer:/home/ros/autoware.ai/install/autoware_system_msgs:/home/ros/autoware.ai/install/autoware_msgs:${CMAKE_PREFIX_PATH} LD_LIBRARY_PATH=/home/ros/autoware.ai/install/autoware_health_checker/lib:/home/ros/autoware.ai/install/ros_observer/lib:${LD_LIBRARY_PATH} PKG_CONFIG_PATH=/home/ros/autoware.ai/install/autoware_health_checker/lib/x86_64-linux-gnu/pkgconfig:/home/ros/autoware.ai/install/autoware_health_checker/lib/pkgconfig:/home/ros/autoware.ai/install/ros_observer/lib/x86_64-linux-gnu/pkgconfig:/home/ros/autoware.ai/install/ros_observer/lib/pkgconfig:/home/ros/autoware.ai/install/autoware_system_msgs/lib/x86_64-linux-gnu/pkgconfig:/home/ros/autoware.ai/install/autoware_system_msgs/lib/pkgconfig:/home/ros/autoware.ai/install/autoware_msgs/lib/x86_64-linux-gnu/pkgconfig:/home/ros/autoware.ai/install/autoware_msgs/lib/pkgconfig:${PKG_CONFIG_PATH} PYTHONPATH=/home/ros/autoware.ai/install/autoware_system_msgs/lib/python2.7/dist-packages:/home/ros/autoware.ai/install/autoware_msgs/lib/python2.7/dist-packages:${PYTHONPATH} ROS_PACKAGE_PATH=/home/ros/autoware.ai/install/autoware_health_checker/share:/home/ros/autoware.ai/install/ros_observer/share:/home/ros/autoware.ai/install/autoware_system_msgs/share:/home/ros/autoware.ai/install/autoware_msgs/share:${ROS_PACKAGE_PATH} /usr/bin/cmake --build /home/ros/autoware.ai/build/emergency_handler --target install -- -j12 -l12
