[0.016s] Invoking command in '/home/ros/autoware.ai/build/autoware_external_msgs': /usr/bin/cmake /home/ros/autoware.ai/src/autoware/messages/autoware_external_msgs -DCMAKE_BUILD_TYPE=Release -DCATKIN_INSTALL_INTO_PREFIX_ROOT=0 -DCMAKE_INSTALL_PREFIX=/home/ros/autoware.ai/install/autoware_external_msgs
[0.190s] -- The C compiler identification is GNU 7.5.0
[0.333s] -- The CXX compiler identification is GNU 7.5.0
[0.339s] -- Check for working C compiler: /usr/bin/cc
[0.558s] -- Check for working C compiler: /usr/bin/cc -- works
[0.560s] -- Detecting C compiler ABI info
[1.065s] -- Detecting C compiler ABI info - done
[1.083s] -- Detecting C compile features
[2.308s] -- Detecting C compile features - done
[2.312s] -- Check for working CXX compiler: /usr/bin/c++
[2.626s] -- Check for working CXX compiler: /usr/bin/c++ -- works
[2.627s] -- Detecting CXX compiler ABI info
[2.859s] -- Detecting CXX compiler ABI info - done
[2.872s] -- Detecting CXX compile features
[3.690s] -- Detecting CXX compile features - done
[3.694s] -- Using CATKIN_DEVEL_PREFIX: /home/ros/autoware.ai/build/autoware_external_msgs/devel
[3.694s] -- Using CMAKE_PREFIX_PATH: /opt/ros/melodic
[3.694s] -- This workspace overlays: /opt/ros/melodic
[3.718s] -- Found PythonInterp: /usr/bin/python2 (found suitable version "2.7.17", minimum required is "2") 
[3.718s] -- Using PYTHON_EXECUTABLE: /usr/bin/python2
[3.719s] -- Using Debian Python package layout
[3.720s] -- Using empy: /usr/bin/empy
[3.946s] -- Using CATKIN_ENABLE_TESTING: ON
[3.946s] -- Call enable_testing()
[3.948s] -- Using CATKIN_TEST_RESULTS_DIR: /home/ros/autoware.ai/build/autoware_external_msgs/test_results
[3.981s] -- Found gtest sources under '/usr/src/googletest': gtests will be built
[3.981s] -- Found gmock sources under '/usr/src/googletest': gmock will be built
[4.011s] -- Found PythonInterp: /usr/bin/python2 (found version "2.7.17") 
[4.012s] -- Looking for pthread.h
[4.239s] -- Looking for pthread.h - found
[4.241s] -- Looking for pthread_create
[4.487s] -- Looking for pthread_create - not found
[4.487s] -- Looking for pthread_create in pthreads
[4.826s] -- Looking for pthread_create in pthreads - not found
[4.827s] -- Looking for pthread_create in pthread
[5.074s] -- Looking for pthread_create in pthread - found
[5.075s] -- Found Threads: TRUE  
[5.081s] -- Using Python nosetests: /usr/bin/nosetests-2.7
[5.158s] -- catkin 0.7.29
[5.158s] -- BUILD_SHARED_LIBS is on
[6.085s] -- Configuring done
[6.111s] -- Generating done
[6.113s] -- Build files have been written to: /home/ros/autoware.ai/build/autoware_external_msgs
[6.121s] Invoked command in '/home/ros/autoware.ai/build/autoware_external_msgs' returned '0': /usr/bin/cmake /home/ros/autoware.ai/src/autoware/messages/autoware_external_msgs -DCMAKE_BUILD_TYPE=Release -DCATKIN_INSTALL_INTO_PREFIX_ROOT=0 -DCMAKE_INSTALL_PREFIX=/home/ros/autoware.ai/install/autoware_external_msgs
[6.123s] Invoking command in '/home/ros/autoware.ai/build/autoware_external_msgs': /usr/bin/cmake --build /home/ros/autoware.ai/build/autoware_external_msgs -- -j12 -l12
[6.240s] Invoked command in '/home/ros/autoware.ai/build/autoware_external_msgs' returned '0': /usr/bin/cmake --build /home/ros/autoware.ai/build/autoware_external_msgs -- -j12 -l12
[6.448s] Invoking command in '/home/ros/autoware.ai/build/autoware_external_msgs': /usr/bin/cmake --build /home/ros/autoware.ai/build/autoware_external_msgs --target tests -- -j12 -l12
[6.563s] [35m[1mScanning dependencies of target tests[0m
[6.596s] Built target tests
[6.615s] Invoked command in '/home/ros/autoware.ai/build/autoware_external_msgs' returned '0': /usr/bin/cmake --build /home/ros/autoware.ai/build/autoware_external_msgs --target tests -- -j12 -l12
[6.771s] Invoking command in '/home/ros/autoware.ai/build/autoware_external_msgs': /usr/bin/cmake --build /home/ros/autoware.ai/build/autoware_external_msgs --target install -- -j12 -l12
[6.888s] [36mInstall the project...[0m
[6.899s] -- Install configuration: "Release"
[6.899s] -- Installing: /home/ros/autoware.ai/install/autoware_external_msgs/lib/pkgconfig/autoware_external_msgs.pc
[6.900s] -- Installing: /home/ros/autoware.ai/install/autoware_external_msgs/share/autoware_external_msgs/cmake/autoware_external_msgsConfig.cmake
[6.901s] -- Installing: /home/ros/autoware.ai/install/autoware_external_msgs/share/autoware_external_msgs/cmake/autoware_external_msgsConfig-version.cmake
[6.901s] -- Installing: /home/ros/autoware.ai/install/autoware_external_msgs/share/autoware_external_msgs/package.xml
[6.916s] Invoked command in '/home/ros/autoware.ai/build/autoware_external_msgs' returned '0': /usr/bin/cmake --build /home/ros/autoware.ai/build/autoware_external_msgs --target install -- -j12 -l12
