Determining if the pthread_create exist failed with the following output:
Change Dir: /home/ros/autoware.ai/build/object_map/CMakeFiles/CMakeTmp

Run Build Command:"/usr/bin/make" "cmTC_922a2/fast"
/usr/bin/make -f CMakeFiles/cmTC_922a2.dir/build.make CMakeFiles/cmTC_922a2.dir/build
make[1]: Entering directory '/home/ros/autoware.ai/build/object_map/CMakeFiles/CMakeTmp'
Building C object CMakeFiles/cmTC_922a2.dir/CheckSymbolExists.c.o
/usr/bin/cc    -o CMakeFiles/cmTC_922a2.dir/CheckSymbolExists.c.o   -c /home/ros/autoware.ai/build/object_map/CMakeFiles/CMakeTmp/CheckSymbolExists.c
Linking C executable cmTC_922a2
/usr/bin/cmake -E cmake_link_script CMakeFiles/cmTC_922a2.dir/link.txt --verbose=1
/usr/bin/cc      -rdynamic CMakeFiles/cmTC_922a2.dir/CheckSymbolExists.c.o  -o cmTC_922a2 
CMakeFiles/cmTC_922a2.dir/CheckSymbolExists.c.o: In function `main':
CheckSymbolExists.c:(.text+0x1b): undefined reference to `pthread_create'
collect2: error: ld returned 1 exit status
CMakeFiles/cmTC_922a2.dir/build.make:97: recipe for target 'cmTC_922a2' failed
make[1]: *** [cmTC_922a2] Error 1
make[1]: Leaving directory '/home/ros/autoware.ai/build/object_map/CMakeFiles/CMakeTmp'
Makefile:126: recipe for target 'cmTC_922a2/fast' failed
make: *** [cmTC_922a2/fast] Error 2

File /home/ros/autoware.ai/build/object_map/CMakeFiles/CMakeTmp/CheckSymbolExists.c:
/* */
#include <pthread.h>

int main(int argc, char** argv)
{
  (void)argv;
#ifndef pthread_create
  return ((int*)(&pthread_create))[argc];
#else
  (void)argc;
  return 0;
#endif
}

Determining if the function pthread_create exists in the pthreads failed with the following output:
Change Dir: /home/ros/autoware.ai/build/object_map/CMakeFiles/CMakeTmp

Run Build Command:"/usr/bin/make" "cmTC_dab6c/fast"
/usr/bin/make -f CMakeFiles/cmTC_dab6c.dir/build.make CMakeFiles/cmTC_dab6c.dir/build
make[1]: Entering directory '/home/ros/autoware.ai/build/object_map/CMakeFiles/CMakeTmp'
Building C object CMakeFiles/cmTC_dab6c.dir/CheckFunctionExists.c.o
/usr/bin/cc   -DCHECK_FUNCTION_EXISTS=pthread_create   -o CMakeFiles/cmTC_dab6c.dir/CheckFunctionExists.c.o   -c /usr/share/cmake-3.10/Modules/CheckFunctionExists.c
Linking C executable cmTC_dab6c
/usr/bin/cmake -E cmake_link_script CMakeFiles/cmTC_dab6c.dir/link.txt --verbose=1
/usr/bin/cc  -DCHECK_FUNCTION_EXISTS=pthread_create    -rdynamic CMakeFiles/cmTC_dab6c.dir/CheckFunctionExists.c.o  -o cmTC_dab6c -lpthreads 
/usr/bin/ld: cannot find -lpthreads
collect2: error: ld returned 1 exit status
CMakeFiles/cmTC_dab6c.dir/build.make:97: recipe for target 'cmTC_dab6c' failed
make[1]: *** [cmTC_dab6c] Error 1
make[1]: Leaving directory '/home/ros/autoware.ai/build/object_map/CMakeFiles/CMakeTmp'
Makefile:126: recipe for target 'cmTC_dab6c/fast' failed
make: *** [cmTC_dab6c/fast] Error 2


