[  0%] Built target rosgraph_msgs_generate_messages_cpp
[  0%] Built target jsk_footstep_msgs_generate_messages_lisp
[  0%] Built target tf2_msgs_generate_messages_nodejs
[  0%] Built target topic_tools_generate_messages_cpp
[  0%] Built target jsk_footstep_msgs_generate_messages_nodejs
[  0%] Built target jsk_footstep_msgs_generate_messages_py
[  0%] Built target pcl_msgs_generate_messages_eus
[  0%] Built target nodelet_topic_tools_gencfg
[  0%] Built target bond_generate_messages_lisp
[  0%] Built target topic_tools_generate_messages_eus
[  0%] Built target nodelet_generate_messages_eus
[ 50%] Built target gpu_point_pillars_lib
[ 50%] Built target nodelet_generate_messages_nodejs
[ 50%] Built target roscpp_generate_messages_eus
[ 50%] Built target dynamic_reconfigure_gencfg
[ 50%] Built target nodelet_generate_messages_cpp
[ 50%] Built target bond_generate_messages_eus
[ 50%] Built target pcl_ros_gencfg
[ 50%] Built target std_msgs_generate_messages_nodejs
[ 50%] Built target jsk_recognition_msgs_generate_messages_cpp
[ 50%] Built target tf2_msgs_generate_messages_eus
[ 50%] Built target geometry_msgs_generate_messages_cpp
[ 50%] Built target geometry_msgs_generate_messages_nodejs
[ 50%] Built target std_srvs_generate_messages_eus
[ 50%] Built target nodelet_generate_messages_py
[ 50%] Built target geometry_msgs_generate_messages_eus
[ 50%] Built target roscpp_generate_messages_cpp
[ 50%] Built target tf_generate_messages_cpp
[ 50%] Built target sensor_msgs_generate_messages_eus
[ 50%] Built target actionlib_generate_messages_nodejs
[ 50%] Built target roscpp_generate_messages_py
[ 50%] Built target pcl_msgs_generate_messages_lisp
[ 50%] Built target actionlib_msgs_generate_messages_cpp
[ 50%] Built target jsk_recognition_msgs_generate_messages_eus
[ 50%] Built target bond_generate_messages_cpp
[ 50%] Built target std_srvs_generate_messages_lisp
[ 50%] Built target geometry_msgs_generate_messages_lisp
[ 50%] Built target autoware_msgs_generate_messages_py
[ 50%] Built target std_msgs_generate_messages_lisp
[ 50%] Built target geometry_msgs_generate_messages_py
[ 50%] Built target nodelet_generate_messages_lisp
[ 50%] Built target autoware_msgs_generate_messages_lisp
[ 50%] Built target rosgraph_msgs_generate_messages_nodejs
[ 50%] Built target jsk_footstep_msgs_generate_messages_cpp
[ 50%] Built target pcl_msgs_generate_messages_nodejs
[ 50%] Built target rosgraph_msgs_generate_messages_lisp
[ 50%] Built target std_srvs_generate_messages_nodejs
[ 50%] Built target dynamic_reconfigure_generate_messages_nodejs
[ 50%] Built target dynamic_reconfigure_generate_messages_lisp
[ 50%] Built target tf_generate_messages_lisp
[ 50%] Built target std_msgs_generate_messages_py
[ 50%] Built target tf_generate_messages_nodejs
[ 50%] Built target roscpp_generate_messages_lisp
[ 50%] Built target rosgraph_msgs_generate_messages_eus
[ 50%] Built target bond_generate_messages_nodejs
[ 50%] Built target dynamic_reconfigure_generate_messages_cpp
[ 50%] Built target std_srvs_generate_messages_py
[ 50%] Built target pcl_msgs_generate_messages_py
[ 50%] Built target dynamic_reconfigure_generate_messages_eus
[ 50%] Built target rosgraph_msgs_generate_messages_py
[ 50%] Built target std_msgs_generate_messages_cpp
[ 50%] Built target roscpp_generate_messages_nodejs
[ 50%] Built target sensor_msgs_generate_messages_py
[ 50%] Built target topic_tools_generate_messages_lisp
[ 50%] Built target sensor_msgs_generate_messages_nodejs
[ 50%] Built target actionlib_generate_messages_cpp
[ 50%] Built target sensor_msgs_generate_messages_lisp
[ 50%] Built target topic_tools_generate_messages_py
[ 50%] Built target topic_tools_generate_messages_nodejs
[ 50%] Built target actionlib_msgs_generate_messages_nodejs
[ 50%] Built target tf2_msgs_generate_messages_py
[ 50%] Built target tf_generate_messages_py
[ 50%] Built target actionlib_msgs_generate_messages_eus
[ 50%] Built target std_msgs_generate_messages_eus
[ 50%] Built target actionlib_generate_messages_lisp
[ 50%] Built target actionlib_generate_messages_eus
[ 50%] Built target autoware_msgs_generate_messages_cpp
[ 50%] Built target actionlib_generate_messages_py
[ 50%] Built target actionlib_msgs_generate_messages_lisp
[ 50%] Built target dynamic_reconfigure_generate_messages_py
[ 50%] Built target tf_generate_messages_eus
[ 50%] Built target actionlib_msgs_generate_messages_py
[ 50%] Built target tf2_msgs_generate_messages_cpp
[ 50%] Built target pcl_msgs_generate_messages_cpp
[ 50%] Built target bond_generate_messages_py
[ 50%] Built target std_srvs_generate_messages_cpp
[ 50%] Built target tf2_msgs_generate_messages_lisp
[ 50%] Built target autoware_msgs_generate_messages_eus
[ 50%] Built target autoware_msgs_generate_messages_nodejs
[ 50%] Built target jsk_recognition_msgs_generate_messages_nodejs
[ 50%] Built target jsk_footstep_msgs_generate_messages_eus
[ 50%] Built target jsk_recognition_msgs_generate_messages_lisp
[ 50%] Built target jsk_recognition_msgs_generate_messages_py
[ 50%] Built target sensor_msgs_generate_messages_cpp
[ 58%] [32m[1mLinking CXX shared library devel/lib/libpoint_pillars_lib.so[0m
[ 75%] Built target point_pillars_lib
[35m[1mScanning dependencies of target lidar_point_pillars[0m
[ 83%] [32mBuilding CXX object CMakeFiles/lidar_point_pillars.dir/nodes/lidar_point_pillars_node.cpp.o[0m
[ 91%] [32mBuilding CXX object CMakeFiles/lidar_point_pillars.dir/nodes/point_pillars_ros.cpp.o[0m
CMakeFiles/Makefile2:2467: recipe for target 'CMakeFiles/lidar_point_pillars.dir/all' failed
Makefile:159: recipe for target 'all' failed
