[  0%] Built target tf2_msgs_generate_messages_eus
[  0%] Built target nmea_msgs_generate_messages_eus
[  0%] Built target tf2_msgs_generate_messages_cpp
[  0%] Built target actionlib_msgs_generate_messages_py
[  0%] Built target tf2_msgs_generate_messages_lisp
[  0%] Built target tf2_msgs_generate_messages_nodejs
[  0%] Built target actionlib_msgs_generate_messages_lisp
[  0%] Built target std_msgs_generate_messages_eus
[  0%] Built target actionlib_msgs_generate_messages_nodejs
[  0%] Built target actionlib_generate_messages_py
[  0%] Built target tf2_msgs_generate_messages_py
[  0%] Built target roscpp_generate_messages_eus
[  0%] Built target geometry_msgs_generate_messages_lisp
[  0%] Built target std_msgs_generate_messages_lisp
[  0%] Built target std_msgs_generate_messages_py
[  0%] Built target geometry_msgs_generate_messages_nodejs
[  0%] Built target nmea_msgs_generate_messages_lisp
[  0%] Built target roscpp_generate_messages_lisp
[  0%] Built target rosgraph_msgs_generate_messages_lisp
[  0%] Built target roscpp_generate_messages_nodejs
[  0%] Built target geometry_msgs_generate_messages_eus
[  0%] Built target nmea_msgs_generate_messages_cpp
[  0%] Built target tf_generate_messages_eus
[  0%] Built target roscpp_generate_messages_cpp
[  0%] Built target rosgraph_msgs_generate_messages_cpp
[  0%] Built target geometry_msgs_generate_messages_cpp
[  0%] Built target std_msgs_generate_messages_nodejs
[  0%] Built target nmea_msgs_generate_messages_py
[  0%] Built target geometry_msgs_generate_messages_py
[  0%] Built target sensor_msgs_generate_messages_nodejs
[  0%] Built target tf_generate_messages_cpp
[  0%] Built target nmea_msgs_generate_messages_nodejs
[  0%] Built target rosgraph_msgs_generate_messages_eus
[  0%] Built target rosgraph_msgs_generate_messages_nodejs
[  0%] Built target actionlib_generate_messages_eus
[  0%] Built target rosgraph_msgs_generate_messages_py
[  0%] Built target roscpp_generate_messages_py
[  0%] Built target tf_generate_messages_py
[  0%] Built target tf_generate_messages_lisp
[  0%] Built target tf_generate_messages_nodejs
[  0%] Built target sensor_msgs_generate_messages_lisp
[  0%] Built target sensor_msgs_generate_messages_cpp
[  0%] Built target actionlib_msgs_generate_messages_eus
[  0%] Built target sensor_msgs_generate_messages_py
[  0%] Built target actionlib_generate_messages_lisp
[  0%] Built target actionlib_generate_messages_cpp
[  0%] Built target std_msgs_generate_messages_cpp
[  0%] Built target actionlib_msgs_generate_messages_cpp
[  0%] Built target sensor_msgs_generate_messages_eus
[  0%] Built target actionlib_generate_messages_nodejs
[35m[1mScanning dependencies of target nmea2tfpose[0m
[ 40%] Built target fix2tfpose
[ 60%] [32mBuilding CXX object CMakeFiles/nmea2tfpose.dir/nodes/nmea2tfpose/nmea2tfpose_core.cpp.o[0m
[ 80%] [32mBuilding CXX object CMakeFiles/nmea2tfpose.dir/nodes/nmea2tfpose/nmea2tfpose_node.cpp.o[0m
[100%] [32m[1mLinking CXX executable devel/lib/gnss_localizer/nmea2tfpose[0m
[100%] Built target nmea2tfpose
[  0%] Built target tf2_msgs_generate_messages_lisp
[  0%] Built target actionlib_msgs_generate_messages_nodejs
[  0%] Built target tf2_msgs_generate_messages_py
[  0%] Built target tf2_msgs_generate_messages_nodejs
[  0%] Built target tf2_msgs_generate_messages_eus
[  0%] Built target roscpp_generate_messages_eus
[  0%] Built target nmea_msgs_generate_messages_eus
[  0%] Built target actionlib_msgs_generate_messages_lisp
[  0%] Built target actionlib_msgs_generate_messages_py
[ 50%] Built target gtest
[ 50%] Built target tf2_msgs_generate_messages_cpp
[ 50%] Built target std_msgs_generate_messages_eus
[ 50%] Built target std_msgs_generate_messages_py
[ 50%] Built target std_msgs_generate_messages_lisp
[ 50%] Built target roscpp_generate_messages_nodejs
[ 50%] Built target nmea_msgs_generate_messages_cpp
[ 50%] Built target geometry_msgs_generate_messages_nodejs
[ 50%] Built target roscpp_generate_messages_lisp
[ 50%] Built target geometry_msgs_generate_messages_eus
[ 50%] Built target nmea_msgs_generate_messages_lisp
[ 50%] Built target rosgraph_msgs_generate_messages_lisp
[ 50%] Built target geometry_msgs_generate_messages_lisp
[ 50%] Built target roscpp_generate_messages_cpp
[ 50%] Built target tf_generate_messages_eus
[ 50%] Built target sensor_msgs_generate_messages_nodejs
[ 50%] Built target geometry_msgs_generate_messages_cpp
[ 50%] Built target rosgraph_msgs_generate_messages_cpp
[ 50%] Built target tf_generate_messages_cpp
[ 50%] Built target rosgraph_msgs_generate_messages_eus
[ 50%] Built target std_msgs_generate_messages_nodejs
[ 50%] Built target nmea_msgs_generate_messages_nodejs
[ 50%] Built target nmea_msgs_generate_messages_py
[ 50%] Built target actionlib_generate_messages_eus
[ 50%] Built target rosgraph_msgs_generate_messages_nodejs
[ 50%] Built target geometry_msgs_generate_messages_py
[ 50%] Built target rosgraph_msgs_generate_messages_py
[ 50%] Built target tf_generate_messages_nodejs
[ 50%] Built target roscpp_generate_messages_py
[ 50%] Built target tf_generate_messages_lisp
[ 50%] Built target tf_generate_messages_py
[ 50%] Built target actionlib_generate_messages_cpp
[ 50%] Built target sensor_msgs_generate_messages_lisp
[ 50%] Built target sensor_msgs_generate_messages_cpp
[ 50%] Built target actionlib_msgs_generate_messages_eus
[ 50%] Built target actionlib_generate_messages_lisp
[ 50%] Built target sensor_msgs_generate_messages_py
[ 50%] Built target std_msgs_generate_messages_cpp
[ 50%] Built target actionlib_msgs_generate_messages_cpp
[ 50%] Built target sensor_msgs_generate_messages_eus
[ 50%] Built target actionlib_generate_messages_nodejs
[ 50%] Built target actionlib_generate_messages_py
[100%] Built target nmea_test
[100%] Built target tests
-- Install configuration: "Release"
-- Up-to-date: /home/ros/autoware.ai/install/gnss_localizer/lib/pkgconfig/gnss_localizer.pc
-- Up-to-date: /home/ros/autoware.ai/install/gnss_localizer/share/gnss_localizer/cmake/gnss_localizerConfig.cmake
-- Up-to-date: /home/ros/autoware.ai/install/gnss_localizer/share/gnss_localizer/cmake/gnss_localizerConfig-version.cmake
-- Up-to-date: /home/ros/autoware.ai/install/gnss_localizer/share/gnss_localizer/package.xml
-- Installing: /home/ros/autoware.ai/install/gnss_localizer/lib/gnss_localizer/nmea2tfpose
-- Set runtime path of "/home/ros/autoware.ai/install/gnss_localizer/lib/gnss_localizer/nmea2tfpose" to ""
-- Up-to-date: /home/ros/autoware.ai/install/gnss_localizer/lib/gnss_localizer/fix2tfpose
-- Up-to-date: /home/ros/autoware.ai/install/gnss_localizer/share/gnss_localizer/launch
-- Up-to-date: /home/ros/autoware.ai/install/gnss_localizer/share/gnss_localizer/launch/nmea2tfpose.launch
-- Up-to-date: /home/ros/autoware.ai/install/gnss_localizer/share/gnss_localizer/launch/fix2tfpose.launch
