[0.035s] Invoking command in '/home/ros/autoware.ai/build/ndt_cpu': /usr/bin/cmake /home/ros/autoware.ai/src/autoware/core_perception/ndt_cpu -DCMAKE_BUILD_TYPE=Release -DCATKIN_INSTALL_INTO_PREFIX_ROOT=0 -DCMAKE_INSTALL_PREFIX=/home/ros/autoware.ai/install/ndt_cpu
[0.392s] -- The C compiler identification is GNU 7.5.0
[0.725s] -- The CXX compiler identification is GNU 7.5.0
[0.731s] -- Check for working C compiler: /usr/bin/cc
[1.226s] -- Check for working C compiler: /usr/bin/cc -- works
[1.227s] -- Detecting C compiler ABI info
[1.775s] -- Detecting C compiler ABI info - done
[1.792s] -- Detecting C compile features
[3.388s] -- Detecting C compile features - done
[3.392s] -- Check for working CXX compiler: /usr/bin/c++
[3.878s] -- Check for working CXX compiler: /usr/bin/c++ -- works
[3.879s] -- Detecting CXX compiler ABI info
[4.476s] -- Detecting CXX compiler ABI info - done
[4.489s] -- Detecting CXX compile features
[6.677s] -- Detecting CXX compile features - done
[6.679s] -- Using CATKIN_DEVEL_PREFIX: /home/ros/autoware.ai/build/ndt_cpu/devel
[6.679s] -- Using CMAKE_PREFIX_PATH: /opt/ros/melodic
[6.680s] -- This workspace overlays: /opt/ros/melodic
[6.705s] -- Found PythonInterp: /usr/bin/python2 (found suitable version "2.7.17", minimum required is "2") 
[6.706s] -- Using PYTHON_EXECUTABLE: /usr/bin/python2
[6.706s] -- Using Debian Python package layout
[6.706s] -- Using empy: /usr/bin/empy
[7.322s] -- Using CATKIN_ENABLE_TESTING: ON
[7.322s] -- Call enable_testing()
[7.331s] -- Using CATKIN_TEST_RESULTS_DIR: /home/ros/autoware.ai/build/ndt_cpu/test_results
[7.356s] -- Found gtest sources under '/usr/src/googletest': gtests will be built
[7.356s] -- Found gmock sources under '/usr/src/googletest': gmock will be built
[7.428s] -- Found PythonInterp: /usr/bin/python2 (found version "2.7.17") 
[7.429s] -- Looking for pthread.h
[7.840s] -- Looking for pthread.h - found
[7.840s] -- Looking for pthread_create
[8.367s] -- Looking for pthread_create - not found
[8.367s] -- Looking for pthread_create in pthreads
[8.831s] -- Looking for pthread_create in pthreads - not found
[8.837s] -- Looking for pthread_create in pthread
[9.180s] -- Looking for pthread_create in pthread - found
[9.181s] -- Found Threads: TRUE  
[9.187s] -- Using Python nosetests: /usr/bin/nosetests-2.7
[9.267s] -- catkin 0.7.29
[9.267s] -- BUILD_SHARED_LIBS is on
[9.620s] -- Checking for module 'eigen3'
[9.642s] --   Found eigen3, version 3.3.4
[9.800s] -- Found eigen: /usr/include/eigen3  
[9.936s] -- Boost version: 1.65.1
[9.936s] -- Found the following Boost libraries:
[9.936s] --   system
[9.936s] --   filesystem
[9.937s] --   thread
[9.937s] --   date_time
[9.937s] --   iostreams
[9.937s] --   serialization
[9.937s] --   chrono
[9.937s] --   atomic
[9.937s] --   regex
[9.939s] -- Checking for module 'libopenni'
[9.999s] --   Found libopenni, version 1.5.4.0
[10.206s] -- Found openni: /usr/lib/libOpenNI.so  
[10.207s] -- Checking for module 'libopenni2'
[10.268s] --   Found libopenni2, version 2.2.0.3
[10.419s] -- Found OpenNI2: /usr/lib/libOpenNI2.so  
[10.427s] -- Could NOT find ensenso (missing: ENSENSO_LIBRARY ENSENSO_INCLUDE_DIR) 
[10.427s] ** WARNING ** io features related to ensenso will be disabled
[10.431s] -- Could NOT find DAVIDSDK (missing: DAVIDSDK_LIBRARY DAVIDSDK_INCLUDE_DIR) 
[10.432s] ** WARNING ** io features related to davidSDK will be disabled
[10.433s] -- Could NOT find DSSDK (missing: _DSSDK_LIBRARIES) 
[10.434s] ** WARNING ** io features related to dssdk will be disabled
[10.434s] ** WARNING ** io features related to pcap will be disabled
[10.434s] ** WARNING ** io features related to png will be disabled
[10.516s] -- The imported target "vtkRenderingPythonTkWidgets" references the file
[10.516s]    "/usr/lib/x86_64-linux-gnu/libvtkRenderingPythonTkWidgets.so"
[10.517s] but this file does not exist.  Possible reasons include:
[10.517s] * The file was deleted, renamed, or moved to another location.
[10.517s] * An install or uninstall procedure did not complete successfully.
[10.517s] * The installation package was faulty and contained
[10.517s]    "/usr/lib/cmake/vtk-6.3/VTKTargets.cmake"
[10.517s] but not all the files it references.
[10.517s] 
[10.517s] -- The imported target "vtk" references the file
[10.518s]    "/usr/bin/vtk"
[10.518s] but this file does not exist.  Possible reasons include:
[10.518s] * The file was deleted, renamed, or moved to another location.
[10.518s] * An install or uninstall procedure did not complete successfully.
[10.518s] * The installation package was faulty and contained
[10.518s]    "/usr/lib/cmake/vtk-6.3/VTKTargets.cmake"
[10.518s] but not all the files it references.
[10.518s] 
[10.619s] -- Found libusb-1.0: /usr/include  
[10.619s] ** WARNING ** io features related to libusb-1.0 will be disabled
[10.619s] -- Checking for module 'flann'
[10.647s] --   Found flann, version 1.9.1
[10.751s] -- Found Flann: /usr/lib/x86_64-linux-gnu/libflann_cpp_s.a  
[10.808s] -- Could NOT find ensenso (missing: ENSENSO_LIBRARY ENSENSO_INCLUDE_DIR) 
[10.808s] ** WARNING ** visualization features related to ensenso will be disabled
[10.813s] -- Could NOT find DAVIDSDK (missing: DAVIDSDK_LIBRARY DAVIDSDK_INCLUDE_DIR) 
[10.813s] ** WARNING ** visualization features related to davidSDK will be disabled
[10.814s] -- Could NOT find DSSDK (missing: _DSSDK_LIBRARIES) 
[10.817s] ** WARNING ** visualization features related to dssdk will be disabled
[10.818s] -- Could NOT find RSSDK (missing: _RSSDK_LIBRARIES) 
[10.818s] ** WARNING ** visualization features related to rssdk will be disabled
[10.855s] -- Found qhull: /usr/lib/x86_64-linux-gnu/libqhull.so  
[10.900s] -- looking for PCL_COMMON
[10.901s] -- Found PCL_COMMON: /usr/lib/x86_64-linux-gnu/libpcl_common.so  
[10.901s] -- looking for PCL_OCTREE
[10.903s] -- Found PCL_OCTREE: /usr/lib/x86_64-linux-gnu/libpcl_octree.so  
[10.903s] -- looking for PCL_IO
[10.904s] -- Found PCL_IO: /usr/lib/x86_64-linux-gnu/libpcl_io.so  
[10.905s] -- looking for PCL_KDTREE
[10.907s] -- Found PCL_KDTREE: /usr/lib/x86_64-linux-gnu/libpcl_kdtree.so  
[10.907s] -- looking for PCL_SEARCH
[10.909s] -- Found PCL_SEARCH: /usr/lib/x86_64-linux-gnu/libpcl_search.so  
[10.910s] -- looking for PCL_SAMPLE_CONSENSUS
[10.912s] -- Found PCL_SAMPLE_CONSENSUS: /usr/lib/x86_64-linux-gnu/libpcl_sample_consensus.so  
[10.913s] -- looking for PCL_FILTERS
[10.915s] -- Found PCL_FILTERS: /usr/lib/x86_64-linux-gnu/libpcl_filters.so  
[10.916s] -- looking for PCL_2D
[10.917s] -- Found PCL_2D: /usr/include/pcl-1.8  
[10.918s] -- looking for PCL_GEOMETRY
[10.919s] -- Found PCL_GEOMETRY: /usr/include/pcl-1.8  
[10.919s] -- looking for PCL_FEATURES
[10.922s] -- Found PCL_FEATURES: /usr/lib/x86_64-linux-gnu/libpcl_features.so  
[10.923s] -- looking for PCL_ML
[10.924s] -- Found PCL_ML: /usr/lib/x86_64-linux-gnu/libpcl_ml.so  
[10.925s] -- looking for PCL_SEGMENTATION
[10.926s] -- Found PCL_SEGMENTATION: /usr/lib/x86_64-linux-gnu/libpcl_segmentation.so  
[10.927s] -- looking for PCL_VISUALIZATION
[10.929s] -- Found PCL_VISUALIZATION: /usr/lib/x86_64-linux-gnu/libpcl_visualization.so  
[10.930s] -- looking for PCL_SURFACE
[10.932s] -- Found PCL_SURFACE: /usr/lib/x86_64-linux-gnu/libpcl_surface.so  
[10.933s] -- looking for PCL_REGISTRATION
[10.936s] -- Found PCL_REGISTRATION: /usr/lib/x86_64-linux-gnu/libpcl_registration.so  
[10.937s] -- looking for PCL_KEYPOINTS
[10.939s] -- Found PCL_KEYPOINTS: /usr/lib/x86_64-linux-gnu/libpcl_keypoints.so  
[10.940s] -- looking for PCL_TRACKING
[10.942s] -- Found PCL_TRACKING: /usr/lib/x86_64-linux-gnu/libpcl_tracking.so  
[10.943s] -- looking for PCL_RECOGNITION
[10.944s] -- Found PCL_RECOGNITION: /usr/lib/x86_64-linux-gnu/libpcl_recognition.so  
[10.945s] -- looking for PCL_STEREO
[10.947s] -- Found PCL_STEREO: /usr/lib/x86_64-linux-gnu/libpcl_stereo.so  
[10.947s] -- looking for PCL_APPS
[10.949s] -- Found PCL_APPS: /usr/lib/x86_64-linux-gnu/libpcl_apps.so  
[10.951s] -- looking for PCL_IN_HAND_SCANNER
[10.952s] -- Found PCL_IN_HAND_SCANNER: /usr/include/pcl-1.8  
[10.952s] -- looking for PCL_MODELER
[10.953s] -- Found PCL_MODELER: /usr/include/pcl-1.8  
[10.953s] -- looking for PCL_POINT_CLOUD_EDITOR
[10.954s] -- Found PCL_POINT_CLOUD_EDITOR: /usr/include/pcl-1.8  
[10.954s] -- looking for PCL_OUTOFCORE
[10.956s] -- Found PCL_OUTOFCORE: /usr/lib/x86_64-linux-gnu/libpcl_outofcore.so  
[10.957s] -- looking for PCL_PEOPLE
[10.958s] -- Found PCL_PEOPLE: /usr/lib/x86_64-linux-gnu/libpcl_people.so  
[10.990s] -- Found PCL: /usr/lib/x86_64-linux-gnu/libboost_system.so;/usr/lib/x86_64-linux-gnu/libboost_filesystem.so;/usr/lib/x86_64-linux-gnu/libboost_thread.so;/usr/lib/x86_64-linux-gnu/libboost_date_time.so;/usr/lib/x86_64-linux-gnu/libboost_iostreams.so;/usr/lib/x86_64-linux-gnu/libboost_serialization.so;/usr/lib/x86_64-linux-gnu/libboost_chrono.so;/usr/lib/x86_64-linux-gnu/libboost_atomic.so;/usr/lib/x86_64-linux-gnu/libboost_regex.so;/usr/lib/x86_64-linux-gnu/libpthread.so;optimized;/usr/lib/x86_64-linux-gnu/libpcl_common.so;debug;/usr/lib/x86_64-linux-gnu/libpcl_common.so;optimized;/usr/lib/x86_64-linux-gnu/libpcl_octree.so;debug;/usr/lib/x86_64-linux-gnu/libpcl_octree.so;/usr/lib/libOpenNI.so;/usr/lib/libOpenNI2.so;vtkChartsCore;vtkCommonColor;vtkCommonDataModel;vtkCommonMath;vtkCommonCore;vtksys;vtkCommonMisc;vtkCommonSystem;vtkCommonTransforms;vtkInfovisCore;vtkFiltersExtraction;vtkCommonExecutionModel;vtkFiltersCore;vtkFiltersGeneral;vtkCommonComputationalGeometry;vtkFiltersStatistics;vtkImagingFourier;vtkImagingCore;vtkalglib;vtkRenderingContext2D;vtkRenderingCore;vtkFiltersGeometry;vtkFiltersSources;vtkRenderingFreeType;/usr/lib/x86_64-linux-gnu/libfreetype.so;/usr/lib/x86_64-linux-gnu/libz.so;vtkftgl;vtkDICOMParser;vtkDomainsChemistry;vtkIOXML;vtkIOGeometry;vtkIOCore;vtkIOXMLParser;/usr/lib/x86_64-linux-gnu/libexpat.so;vtkFiltersAMR;vtkParallelCore;vtkIOLegacy;vtkFiltersFlowPaths;vtkFiltersGeneric;vtkFiltersHybrid;vtkImagingSources;vtkFiltersHyperTree;vtkFiltersImaging;vtkImagingGeneral;vtkFiltersModeling;vtkFiltersParallel;vtkFiltersParallelFlowPaths;vtkParallelMPI;vtkFiltersParallelGeometry;vtkFiltersParallelImaging;vtkFiltersParallelMPI;vtkFiltersParallelStatistics;vtkFiltersProgrammable;vtkFiltersPython;/usr/lib/x86_64-linux-gnu/libpython2.7.so;vtkWrappingPythonCore;vtkWrappingTools;vtkFiltersReebGraph;vtkFiltersSMP;vtkFiltersSelection;vtkFiltersTexture;vtkFiltersVerdict;verdict;vtkGUISupportQt;vtkInteractionStyle;vtkRenderingOpenGL;vtkImagingHybrid;vtkIOImage;vtkmetaio;/usr/lib/x86_64-linux-gnu/libjpeg.so;/usr/lib/x86_64-linux-gnu/libpng.so;/usr/lib/x86_64-linux-gnu/libtiff.so;vtkGUISupportQtOpenGL;vtkGUISupportQtSQL;vtkIOSQL;sqlite3;vtkGUISupportQtWebkit;vtkViewsQt;vtkViewsInfovis;vtkInfovisLayout;vtkInfovisBoostGraphAlgorithms;vtkRenderingLabel;vtkViewsCore;vtkInteractionWidgets;vtkRenderingAnnotation;vtkImagingColor;vtkRenderingVolume;vtkGeovisCore;/usr/lib/x86_64-linux-gnu/libproj.so;vtkIOAMR;/usr/lib/x86_64-linux-gnu/hdf5/openmpi/libhdf5.so;/usr/lib/x86_64-linux-gnu/libsz.so;/usr/lib/x86_64-linux-gnu/libdl.so;/usr/lib/x86_64-linux-gnu/libm.so;/usr/lib/x86_64-linux-gnu/openmpi/lib/libmpi.so;vtkIOEnSight;vtkIOExodus;vtkexoIIc;/usr/lib/x86_64-linux-gnu/libnetcdf_c++.so;/usr/lib/x86_64-linux-gnu/libnetcdf.so;vtkIOExport;vtkRenderingGL2PS;vtkRenderingContextOpenGL;/usr/lib/x86_64-linux-gnu/libgl2ps.so;vtkIOFFMPEG;vtkIOMovie;/usr/lib/x86_64-linux-gnu/libtheoraenc.so;/usr/lib/x86_64-linux-gnu/libtheoradec.so;/usr/lib/x86_64-linux-gnu/libogg.so;vtkIOGDAL;vtkIOGeoJSON;vtkIOImport;vtkIOInfovis;/usr/lib/x86_64-linux-gnu/libxml2.so;vtkIOLSDyna;vtkIOMINC;vtkIOMPIImage;vtkIOMPIParallel;vtkIOParallel;vtkIONetCDF;/usr/lib/x86_64-linux-gnu/libjsoncpp.so;vtkIOMySQL;vtkIOODBC;vtkIOPLY;vtkIOParallelExodus;vtkIOParallelLSDyna;vtkIOParallelNetCDF;vtkIOParallelXML;vtkIOPostgreSQL;vtkIOVPIC;VPIC;vtkIOVideo;vtkIOXdmf2;vtkxdmf2;vtkImagingMath;vtkImagingMorphological;vtkImagingStatistics;vtkImagingStencil;vtkInteractionImage;vtkLocalExample;vtkParallelMPI4Py;vtkPythonInterpreter;vtkRenderingExternal;vtkRenderingFreeTypeFontConfig;vtkRenderingImage;vtkRenderingLIC;vtkRenderingLOD;vtkRenderingMatplotlib;vtkRenderingParallel;vtkRenderingParallelLIC;vtkRenderingQt;vtkRenderingVolumeAMR;vtkRenderingVolumeOpenGL;vtkTestingGenericBridge;vtkTestingIOSQL;vtkTestingRendering;vtkViewsContext2D;vtkViewsGeovis;vtkWrappingJava;optimized;/usr/lib/x86_64-linux-gnu/libpcl_io.so;debug;/usr/lib/x86_64-linux-gnu/libpcl_io.so;optimized;/usr/lib/x86_64-linux-gnu/libflann_cpp_s.a;debug;/usr/lib/x86_64-linux-gnu/libflann_cpp_s.a;optimized;/usr/lib/x86_64-linux-gnu/libpcl_kdtree.so;debug;/usr/lib/x86_64-linux-gnu/libpcl_kdtree.so;optimized;/usr/lib/x86_64-linux-gnu/libpcl_search.so;debug;/usr/lib/x86_64-linux-gnu/libpcl_search.so;optimized;/usr/lib/x86_64-linux-gnu/libpcl_sample_consensus.so;debug;/usr/lib/x86_64-linux-gnu/libpcl_sample_consensus.so;optimized;/usr/lib/x86_64-linux-gnu/libpcl_filters.so;debug;/usr/lib/x86_64-linux-gnu/libpcl_filters.so;optimized;/usr/lib/x86_64-linux-gnu/libpcl_features.so;debug;/usr/lib/x86_64-linux-gnu/libpcl_features.so;optimized;/usr/lib/x86_64-linux-gnu/libpcl_ml.so;debug;/usr/lib/x86_64-linux-gnu/libpcl_ml.so;optimized;/usr/lib/x86_64-linux-gnu/libpcl_segmentation.so;debug;/usr/lib/x86_64-linux-gnu/libpcl_segmentation.so;optimized;/usr/lib/x86_64-linux-gnu/libpcl_visualization.so;debug;/usr/lib/x86_64-linux-gnu/libpcl_visualization.so;optimized;/usr/lib/x86_64-linux-gnu/libqhull.so;debug;/usr/lib/x86_64-linux-gnu/libqhull.so;optimized;/usr/lib/x86_64-linux-gnu/libpcl_surface.so;debug;/usr/lib/x86_64-linux-gnu/libpcl_surface.so;optimized;/usr/lib/x86_64-linux-gnu/libpcl_registration.so;debug;/usr/lib/x86_64-linux-gnu/libpcl_registration.so;optimized;/usr/lib/x86_64-linux-gnu/libpcl_keypoints.so;debug;/usr/lib/x86_64-linux-gnu/libpcl_keypoints.so;optimized;/usr/lib/x86_64-linux-gnu/libpcl_tracking.so;debug;/usr/lib/x86_64-linux-gnu/libpcl_tracking.so;optimized;/usr/lib/x86_64-linux-gnu/libpcl_recognition.so;debug;/usr/lib/x86_64-linux-gnu/libpcl_recognition.so;optimized;/usr/lib/x86_64-linux-gnu/libpcl_stereo.so;debug;/usr/lib/x86_64-linux-gnu/libpcl_stereo.so;optimized;/usr/lib/x86_64-linux-gnu/libpcl_apps.so;debug;/usr/lib/x86_64-linux-gnu/libpcl_apps.so;optimized;/usr/lib/x86_64-linux-gnu/libpcl_outofcore.so;debug;/usr/lib/x86_64-linux-gnu/libpcl_outofcore.so;optimized;/usr/lib/x86_64-linux-gnu/libpcl_people.so;debug;/usr/lib/x86_64-linux-gnu/libpcl_people.so;/usr/lib/x86_64-linux-gnu/libboost_system.so;/usr/lib/x86_64-linux-gnu/libboost_filesystem.so;/usr/lib/x86_64-linux-gnu/libboost_thread.so;/usr/lib/x86_64-linux-gnu/libboost_date_time.so;/usr/lib/x86_64-linux-gnu/libboost_iostreams.so;/usr/lib/x86_64-linux-gnu/libboost_serialization.so;/usr/lib/x86_64-linux-gnu/libboost_chrono.so;/usr/lib/x86_64-linux-gnu/libboost_atomic.so;/usr/lib/x86_64-linux-gnu/libboost_regex.so;/usr/lib/x86_64-linux-gnu/libpthread.so;optimized;/usr/lib/x86_64-linux-gnu/libqhull.so;debug;/usr/lib/x86_64-linux-gnu/libqhull.so;/usr/lib/libOpenNI.so;/usr/lib/libOpenNI2.so;optimized;/usr/lib/x86_64-linux-gnu/libflann_cpp_s.a;debug;/usr/lib/x86_64-linux-gnu/libflann_cpp_s.a;vtkChartsCore;vtkCommonColor;vtkCommonDataModel;vtkCommonMath;vtkCommonCore;vtksys;vtkCommonMisc;vtkCommonSystem;vtkCommonTransforms;vtkInfovisCore;vtkFiltersExtraction;vtkCommonExecutionModel;vtkFiltersCore;vtkFiltersGeneral;vtkCommonComputationalGeometry;vtkFiltersStatistics;vtkImagingFourier;vtkImagingCore;vtkalglib;vtkRenderingContext2D;vtkRenderingCore;vtkFiltersGeometry;vtkFiltersSources;vtkRenderingFreeType;/usr/lib/x86_64-linux-gnu/libfreetype.so;/usr/lib/x86_64-linux-gnu/libz.so;vtkftgl;vtkDICOMParser;vtkDomainsChemistry;vtkIOXML;vtkIOGeometry;vtkIOCore;vtkIOXMLParser;/usr/lib/x86_64-linux-gnu/libexpat.so;vtkFiltersAMR;vtkParallelCore;vtkIOLegacy;vtkFiltersFlowPaths;vtkFiltersGeneric;vtkFiltersHybrid;vtkImagingSources;vtkFiltersHyperTree;vtkFiltersImaging;vtkImagingGeneral;vtkFiltersModeling;vtkFiltersParallel;vtkFiltersParallelFlowPaths;vtkParallelMPI;vtkFiltersParallelGeometry;vtkFiltersParallelImaging;vtkFiltersParallelMPI;vtkFiltersParallelStatistics;vtkFiltersProgrammable;vtkFiltersPython;/usr/lib/x86_64-linux-gnu/libpython2.7.so;vtkWrappingPythonCore;vtkWrappingTools;vtkFiltersReebGraph;vtkFiltersSMP;vtkFiltersSelection;vtkFiltersTexture;vtkFiltersVerdict;verdict;vtkGUISupportQt;vtkInteractionStyle;vtkRenderingOpenGL;vtkImagingHybrid;vtkIOImage;vtkmetaio;/usr/lib/x86_64-linux-gnu/libjpeg.so;/usr/lib/x86_64-linux-gnu/libpng.so;/usr/lib/x86_64-linux-gnu/libtiff.so;vtkGUISupportQtOpenGL;vtkGUISupportQtSQL;vtkIOSQL;sqlite3;vtkGUISupportQtWebkit;vtkViewsQt;vtkViewsInfovis;vtkInfovisLayout;vtkInfovisBoostGraphAlgorithms;vtkRenderingLabel;vtkViewsCore;vtkInteractionWidgets;vtkRenderingAnnotation;vtkImagingColor;vtkRenderingVolume;vtkGeovisCore;/usr/lib/x86_64-linux-gnu/libproj.so;vtkIOAMR;/usr/lib/x86_64-linux-gnu/hdf5/openmpi/libhdf5.so;/usr/lib/x86_64-linux-gnu/libsz.so;/usr/lib/x86_64-linux-gnu/libdl.so;/usr/lib/x86_64-linux-gnu/libm.so;/usr/lib/x86_64-linux-gnu/openmpi/lib/libmpi.so;vtkIOEnSight;vtkIOExodus;vtkexoIIc;/usr/lib/x86_64-linux-gnu/libnetcdf_c++.so;/usr/lib/x86_64-linux-gnu/libnetcdf.so;vtkIOExport;vtkRenderingGL2PS;vtkRenderingContextOpenGL;/usr/lib/x86_64-linux-gnu/libgl2ps.so;vtkIOFFMPEG;vtkIOMovie;/usr/lib/x86_64-linux-gnu/libtheoraenc.so;/usr/lib/x86_64-linux-gnu/libtheoradec.so;/usr/lib/x86_64-linux-gnu/libogg.so;vtkIOGDAL;vtkIOGeoJSON;vtkIOImport;vtkIOInfovis;/usr/lib/x86_64-linux-gnu/libxml2.so;vtkIOLSDyna;vtkIOMINC;vtkIOMPIImage;vtkIOMPIParallel;vtkIOParallel;vtkIONetCDF;/usr/lib/x86_64-linux-gnu/libjsoncpp.so;vtkIOMySQL;vtkIOODBC;vtkIOPLY;vtkIOParallelExodus;vtkIOParallelLSDyna;vtkIOParallelNetCDF;vtkIOParallelXML;vtkIOPostgreSQL;vtkIOVPIC;VPIC;vtkIOVideo;vtkIOXdmf2;vtkxdmf2;vtkImagingMath;vtkImagingMorphological;vtkImagingStatistics;vtkImagingStencil;vtkInteractionImage;vtkLocalExample;vtkParallelMPI4Py;vtkPythonInterpreter;vtkRenderingExternal;vtkRenderingFreeTypeFontConfig;vtkRenderingImage;vtkRenderingLIC;vtkRenderingLOD;vtkRenderingMatplotlib;vtkRenderingParallel;vtkRenderingParallelLIC;vtkRenderingQt;vtkRenderingVolumeAMR;vtkRenderingVolumeOpenGL;vtkTestingGenericBridge;vtkTestingIOSQL;vtkTestingRendering;vtkViewsContext2D;vtkViewsGeovis;vtkWrappingJava  
[11.519s] CMake Warning at CMakeLists.txt:49 (message):
[11.519s]   Adding 'EIGEN_DISABLE_UNALIGNED_ARRAY_ASSERT' macro to prevent
[11.519s]   ndt_matching's runtime error in debug mode.
[11.519s] 
[11.519s]     The bug reasons and solutions are written in http://eigen.tuxfamily.org/dox-devel/group__TopicUnalignedArrayAssert.html .
[11.520s]     This workaround was discussed on https://gitlab.com/autowarefoundation/autoware.ai/core_perception/merge_requests/57 .
[11.520s] 
[11.520s] 
[11.529s] -- Configuring done
[11.601s] -- Generating done
[11.601s] -- Build files have been written to: /home/ros/autoware.ai/build/ndt_cpu
[11.608s] Invoked command in '/home/ros/autoware.ai/build/ndt_cpu' returned '0': /usr/bin/cmake /home/ros/autoware.ai/src/autoware/core_perception/ndt_cpu -DCMAKE_BUILD_TYPE=Release -DCATKIN_INSTALL_INTO_PREFIX_ROOT=0 -DCMAKE_INSTALL_PREFIX=/home/ros/autoware.ai/install/ndt_cpu
[11.609s] Invoking command in '/home/ros/autoware.ai/build/ndt_cpu': /usr/bin/cmake --build /home/ros/autoware.ai/build/ndt_cpu -- -j12 -l12
[11.763s] [35m[1mScanning dependencies of target ndt_cpu[0m
[11.875s] [ 20%] [32mBuilding CXX object CMakeFiles/ndt_cpu.dir/src/Octree.cpp.o[0m
[11.883s] [ 40%] [32mBuilding CXX object CMakeFiles/ndt_cpu.dir/src/NormalDistributionsTransform.cpp.o[0m
[11.897s] [ 60%] [32mBuilding CXX object CMakeFiles/ndt_cpu.dir/src/VoxelGrid.cpp.o[0m
[11.908s] [ 80%] [32mBuilding CXX object CMakeFiles/ndt_cpu.dir/src/Registration.cpp.o[0m
[26.527s] [100%] [32m[1mLinking CXX shared library devel/lib/libndt_cpu.so[0m
[28.031s] [100%] Built target ndt_cpu
[28.047s] Invoked command in '/home/ros/autoware.ai/build/ndt_cpu' returned '0': /usr/bin/cmake --build /home/ros/autoware.ai/build/ndt_cpu -- -j12 -l12
[28.342s] Invoking command in '/home/ros/autoware.ai/build/ndt_cpu': /usr/bin/cmake --build /home/ros/autoware.ai/build/ndt_cpu --target tests -- -j12 -l12
[28.444s] [35m[1mScanning dependencies of target tests[0m
[28.484s] Built target tests
[28.504s] Invoked command in '/home/ros/autoware.ai/build/ndt_cpu' returned '0': /usr/bin/cmake --build /home/ros/autoware.ai/build/ndt_cpu --target tests -- -j12 -l12
[28.935s] Invoking command in '/home/ros/autoware.ai/build/ndt_cpu': /usr/bin/cmake --build /home/ros/autoware.ai/build/ndt_cpu --target install -- -j12 -l12
[29.124s] [100%] Built target ndt_cpu
[29.183s] [36mInstall the project...[0m
[29.208s] -- Install configuration: "Release"
[29.208s] -- Installing: /home/ros/autoware.ai/install/ndt_cpu/lib/pkgconfig/ndt_cpu.pc
[29.208s] -- Installing: /home/ros/autoware.ai/install/ndt_cpu/share/ndt_cpu/cmake/ndt_cpuConfig.cmake
[29.208s] -- Installing: /home/ros/autoware.ai/install/ndt_cpu/share/ndt_cpu/cmake/ndt_cpuConfig-version.cmake
[29.209s] -- Installing: /home/ros/autoware.ai/install/ndt_cpu/share/ndt_cpu/package.xml
[29.209s] -- Installing: /home/ros/autoware.ai/install/ndt_cpu/include/ndt_cpu
[29.209s] -- Installing: /home/ros/autoware.ai/install/ndt_cpu/include/ndt_cpu/Octree.h
[29.209s] -- Installing: /home/ros/autoware.ai/install/ndt_cpu/include/ndt_cpu/VoxelGrid.h
[29.209s] -- Installing: /home/ros/autoware.ai/install/ndt_cpu/include/ndt_cpu/SymmetricEigenSolver.h
[29.209s] -- Installing: /home/ros/autoware.ai/install/ndt_cpu/include/ndt_cpu/NormalDistributionsTransform.h
[29.210s] -- Installing: /home/ros/autoware.ai/install/ndt_cpu/include/ndt_cpu/Registration.h
[29.210s] -- Installing: /home/ros/autoware.ai/install/ndt_cpu/include/ndt_cpu/debug.h
[29.210s] -- Installing: /home/ros/autoware.ai/install/ndt_cpu/lib/libndt_cpu.so
[29.211s] -- Set runtime path of "/home/ros/autoware.ai/install/ndt_cpu/lib/libndt_cpu.so" to ""
[29.216s] Invoked command in '/home/ros/autoware.ai/build/ndt_cpu' returned '0': /usr/bin/cmake --build /home/ros/autoware.ai/build/ndt_cpu --target install -- -j12 -l12
