Performing C SOURCE FILE Test CMAKE_HAVE_LIBC_PTHREAD failed with the following output:
Change Dir: /home/ros/autoware.ai/build/lidar_point_pillars/CMakeFiles/CMakeTmp

Run Build Command(s):/usr/bin/make cmTC_4df63/fast && /usr/bin/make  -f CMakeFiles/cmTC_4df63.dir/build.make CMakeFiles/cmTC_4df63.dir/build
make[1]: Entering directory '/home/ros/autoware.ai/build/lidar_point_pillars/CMakeFiles/CMakeTmp'
Building C object CMakeFiles/cmTC_4df63.dir/src.c.o
/usr/bin/cc   -fPIC -DCMAKE_HAVE_LIBC_PTHREAD -o CMakeFiles/cmTC_4df63.dir/src.c.o -c /home/ros/autoware.ai/build/lidar_point_pillars/CMakeFiles/CMakeTmp/src.c
Linking C executable cmTC_4df63
/home/ros/.local/lib/python3.6/site-packages/cmake/data/bin/cmake -E cmake_link_script CMakeFiles/cmTC_4df63.dir/link.txt --verbose=1
/usr/bin/cc -fPIC -DCMAKE_HAVE_LIBC_PTHREAD -rdynamic CMakeFiles/cmTC_4df63.dir/src.c.o -o cmTC_4df63 
CMakeFiles/cmTC_4df63.dir/src.c.o: In function `main':
src.c:(.text+0x3e): undefined reference to `pthread_create'
src.c:(.text+0x4a): undefined reference to `pthread_detach'
src.c:(.text+0x56): undefined reference to `pthread_cancel'
src.c:(.text+0x67): undefined reference to `pthread_join'
src.c:(.text+0x7b): undefined reference to `pthread_atfork'
collect2: error: ld returned 1 exit status
CMakeFiles/cmTC_4df63.dir/build.make:105: recipe for target 'cmTC_4df63' failed
make[1]: *** [cmTC_4df63] Error 1
make[1]: Leaving directory '/home/ros/autoware.ai/build/lidar_point_pillars/CMakeFiles/CMakeTmp'
Makefile:140: recipe for target 'cmTC_4df63/fast' failed
make: *** [cmTC_4df63/fast] Error 2


Source file was:
#include <pthread.h>

void* test_func(void* data)
{
  return data;
}

int main(void)
{
  pthread_t thread;
  pthread_create(&thread, NULL, test_func, NULL);
  pthread_detach(thread);
  pthread_cancel(thread);
  pthread_join(thread, NULL);
  pthread_atfork(NULL, NULL, NULL);
  pthread_exit(NULL);

  return 0;
}

Determining if the function pthread_create exists in the pthreads failed with the following output:
Change Dir: /home/ros/autoware.ai/build/lidar_point_pillars/CMakeFiles/CMakeTmp

Run Build Command(s):/usr/bin/make cmTC_1cd21/fast && /usr/bin/make  -f CMakeFiles/cmTC_1cd21.dir/build.make CMakeFiles/cmTC_1cd21.dir/build
make[1]: Entering directory '/home/ros/autoware.ai/build/lidar_point_pillars/CMakeFiles/CMakeTmp'
Building C object CMakeFiles/cmTC_1cd21.dir/CheckFunctionExists.c.o
/usr/bin/cc   -fPIC -DCHECK_FUNCTION_EXISTS=pthread_create -o CMakeFiles/cmTC_1cd21.dir/CheckFunctionExists.c.o -c /home/ros/.local/lib/python3.6/site-packages/cmake/data/share/cmake-3.18/Modules/CheckFunctionExists.c
Linking C executable cmTC_1cd21
/home/ros/.local/lib/python3.6/site-packages/cmake/data/bin/cmake -E cmake_link_script CMakeFiles/cmTC_1cd21.dir/link.txt --verbose=1
/usr/bin/cc -fPIC -DCHECK_FUNCTION_EXISTS=pthread_create -rdynamic CMakeFiles/cmTC_1cd21.dir/CheckFunctionExists.c.o -o cmTC_1cd21  -lpthreads 
/usr/bin/ld: cannot find -lpthreads
collect2: error: ld returned 1 exit status
CMakeFiles/cmTC_1cd21.dir/build.make:105: recipe for target 'cmTC_1cd21' failed
make[1]: *** [cmTC_1cd21] Error 1
make[1]: Leaving directory '/home/ros/autoware.ai/build/lidar_point_pillars/CMakeFiles/CMakeTmp'
Makefile:140: recipe for target 'cmTC_1cd21/fast' failed
make: *** [cmTC_1cd21/fast] Error 2



