Determining if the pthread_create exist failed with the following output:
Change Dir: /home/ros/autoware.ai/build/op_simulation_package/CMakeFiles/CMakeTmp

Run Build Command:"/usr/bin/make" "cmTC_8163f/fast"
/usr/bin/make -f CMakeFiles/cmTC_8163f.dir/build.make CMakeFiles/cmTC_8163f.dir/build
make[1]: Entering directory '/home/ros/autoware.ai/build/op_simulation_package/CMakeFiles/CMakeTmp'
Building C object CMakeFiles/cmTC_8163f.dir/CheckSymbolExists.c.o
/usr/bin/cc    -o CMakeFiles/cmTC_8163f.dir/CheckSymbolExists.c.o   -c /home/ros/autoware.ai/build/op_simulation_package/CMakeFiles/CMakeTmp/CheckSymbolExists.c
Linking C executable cmTC_8163f
/usr/bin/cmake -E cmake_link_script CMakeFiles/cmTC_8163f.dir/link.txt --verbose=1
/usr/bin/cc      -rdynamic CMakeFiles/cmTC_8163f.dir/CheckSymbolExists.c.o  -o cmTC_8163f 
CMakeFiles/cmTC_8163f.dir/CheckSymbolExists.c.o: In function `main':
CheckSymbolExists.c:(.text+0x1b): undefined reference to `pthread_create'
collect2: error: ld returned 1 exit status
CMakeFiles/cmTC_8163f.dir/build.make:97: recipe for target 'cmTC_8163f' failed
make[1]: *** [cmTC_8163f] Error 1
make[1]: Leaving directory '/home/ros/autoware.ai/build/op_simulation_package/CMakeFiles/CMakeTmp'
Makefile:126: recipe for target 'cmTC_8163f/fast' failed
make: *** [cmTC_8163f/fast] Error 2

File /home/ros/autoware.ai/build/op_simulation_package/CMakeFiles/CMakeTmp/CheckSymbolExists.c:
/* */
#include <pthread.h>

int main(int argc, char** argv)
{
  (void)argv;
#ifndef pthread_create
  return ((int*)(&pthread_create))[argc];
#else
  (void)argc;
  return 0;
#endif
}

Determining if the function pthread_create exists in the pthreads failed with the following output:
Change Dir: /home/ros/autoware.ai/build/op_simulation_package/CMakeFiles/CMakeTmp

Run Build Command:"/usr/bin/make" "cmTC_4038d/fast"
/usr/bin/make -f CMakeFiles/cmTC_4038d.dir/build.make CMakeFiles/cmTC_4038d.dir/build
make[1]: Entering directory '/home/ros/autoware.ai/build/op_simulation_package/CMakeFiles/CMakeTmp'
Building C object CMakeFiles/cmTC_4038d.dir/CheckFunctionExists.c.o
/usr/bin/cc   -DCHECK_FUNCTION_EXISTS=pthread_create   -o CMakeFiles/cmTC_4038d.dir/CheckFunctionExists.c.o   -c /usr/share/cmake-3.10/Modules/CheckFunctionExists.c
Linking C executable cmTC_4038d
/usr/bin/cmake -E cmake_link_script CMakeFiles/cmTC_4038d.dir/link.txt --verbose=1
/usr/bin/cc  -DCHECK_FUNCTION_EXISTS=pthread_create    -rdynamic CMakeFiles/cmTC_4038d.dir/CheckFunctionExists.c.o  -o cmTC_4038d -lpthreads 
/usr/bin/ld: cannot find -lpthreads
collect2: error: ld returned 1 exit status
CMakeFiles/cmTC_4038d.dir/build.make:97: recipe for target 'cmTC_4038d' failed
make[1]: *** [cmTC_4038d] Error 1
make[1]: Leaving directory '/home/ros/autoware.ai/build/op_simulation_package/CMakeFiles/CMakeTmp'
Makefile:126: recipe for target 'cmTC_4038d/fast' failed
make: *** [cmTC_4038d/fast] Error 2


