[0.022s] Invoking command in '/home/ros/autoware.ai/build/vehicle_gazebo_simulation_launcher': /usr/bin/cmake /home/ros/autoware.ai/src/autoware/simulation/vehicle_gazebo_simulation_launcher -DCMAKE_BUILD_TYPE=Release -DCATKIN_INSTALL_INTO_PREFIX_ROOT=0 -DCMAKE_INSTALL_PREFIX=/home/ros/autoware.ai/install/vehicle_gazebo_simulation_launcher
[0.185s] -- The C compiler identification is GNU 7.5.0
[0.294s] -- The CXX compiler identification is GNU 7.5.0
[0.300s] -- Check for working C compiler: /usr/bin/cc
[0.395s] -- Check for working C compiler: /usr/bin/cc -- works
[0.396s] -- Detecting C compiler ABI info
[0.513s] -- Detecting C compiler ABI info - done
[0.528s] -- Detecting C compile features
[0.863s] -- Detecting C compile features - done
[0.868s] -- Check for working CXX compiler: /usr/bin/c++
[0.990s] -- Check for working CXX compiler: /usr/bin/c++ -- works
[0.992s] -- Detecting CXX compiler ABI info
[1.112s] -- Detecting CXX compiler ABI info - done
[1.126s] -- Detecting CXX compile features
[1.752s] -- Detecting CXX compile features - done
[1.755s] -- Using CATKIN_DEVEL_PREFIX: /home/ros/autoware.ai/build/vehicle_gazebo_simulation_launcher/devel
[1.755s] -- Using CMAKE_PREFIX_PATH: /opt/ros/melodic
[1.755s] -- This workspace overlays: /opt/ros/melodic
[1.781s] -- Found PythonInterp: /usr/bin/python2 (found suitable version "2.7.17", minimum required is "2") 
[1.781s] -- Using PYTHON_EXECUTABLE: /usr/bin/python2
[1.782s] -- Using Debian Python package layout
[1.782s] -- Using empy: /usr/bin/empy
[2.003s] -- Using CATKIN_ENABLE_TESTING: ON
[2.003s] -- Call enable_testing()
[2.006s] -- Using CATKIN_TEST_RESULTS_DIR: /home/ros/autoware.ai/build/vehicle_gazebo_simulation_launcher/test_results
[2.036s] -- Found gtest sources under '/usr/src/googletest': gtests will be built
[2.036s] -- Found gmock sources under '/usr/src/googletest': gmock will be built
[2.058s] -- Found PythonInterp: /usr/bin/python2 (found version "2.7.17") 
[2.059s] -- Looking for pthread.h
[2.200s] -- Looking for pthread.h - found
[2.201s] -- Looking for pthread_create
[2.359s] -- Looking for pthread_create - not found
[2.361s] -- Looking for pthread_create in pthreads
[2.566s] -- Looking for pthread_create in pthreads - not found
[2.566s] -- Looking for pthread_create in pthread
[2.828s] -- Looking for pthread_create in pthread - found
[2.830s] -- Found Threads: TRUE  
[2.836s] -- Using Python nosetests: /usr/bin/nosetests-2.7
[2.923s] -- catkin 0.7.29
[2.923s] -- BUILD_SHARED_LIBS is on
[3.331s] -- Using these message generators: gencpp;geneus;genlisp;gennodejs;genpy
[3.786s] -- Configuring done
[3.828s] -- Generating done
[3.837s] -- Build files have been written to: /home/ros/autoware.ai/build/vehicle_gazebo_simulation_launcher
[3.848s] Invoked command in '/home/ros/autoware.ai/build/vehicle_gazebo_simulation_launcher' returned '0': /usr/bin/cmake /home/ros/autoware.ai/src/autoware/simulation/vehicle_gazebo_simulation_launcher -DCMAKE_BUILD_TYPE=Release -DCATKIN_INSTALL_INTO_PREFIX_ROOT=0 -DCMAKE_INSTALL_PREFIX=/home/ros/autoware.ai/install/vehicle_gazebo_simulation_launcher
[3.850s] Invoking command in '/home/ros/autoware.ai/build/vehicle_gazebo_simulation_launcher': /usr/bin/cmake --build /home/ros/autoware.ai/build/vehicle_gazebo_simulation_launcher -- -j12 -l12
[3.998s] Invoked command in '/home/ros/autoware.ai/build/vehicle_gazebo_simulation_launcher' returned '0': /usr/bin/cmake --build /home/ros/autoware.ai/build/vehicle_gazebo_simulation_launcher -- -j12 -l12
[4.467s] Invoking command in '/home/ros/autoware.ai/build/vehicle_gazebo_simulation_launcher': /usr/bin/cmake --build /home/ros/autoware.ai/build/vehicle_gazebo_simulation_launcher --target tests -- -j12 -l12
[4.563s] [35m[1mScanning dependencies of target tests[0m
[4.584s] Built target tests
[4.601s] Invoked command in '/home/ros/autoware.ai/build/vehicle_gazebo_simulation_launcher' returned '0': /usr/bin/cmake --build /home/ros/autoware.ai/build/vehicle_gazebo_simulation_launcher --target tests -- -j12 -l12
[4.897s] Invoking command in '/home/ros/autoware.ai/build/vehicle_gazebo_simulation_launcher': /usr/bin/cmake --build /home/ros/autoware.ai/build/vehicle_gazebo_simulation_launcher --target install -- -j12 -l12
[5.009s] [36mInstall the project...[0m
[5.023s] -- Install configuration: "Release"
[5.023s] -- Installing: /home/ros/autoware.ai/install/vehicle_gazebo_simulation_launcher/lib/pkgconfig/vehicle_gazebo_simulation_launcher.pc
[5.023s] -- Installing: /home/ros/autoware.ai/install/vehicle_gazebo_simulation_launcher/share/vehicle_gazebo_simulation_launcher/cmake/vehicle_gazebo_simulation_launcherConfig.cmake
[5.024s] -- Installing: /home/ros/autoware.ai/install/vehicle_gazebo_simulation_launcher/share/vehicle_gazebo_simulation_launcher/cmake/vehicle_gazebo_simulation_launcherConfig-version.cmake
[5.024s] -- Installing: /home/ros/autoware.ai/install/vehicle_gazebo_simulation_launcher/share/vehicle_gazebo_simulation_launcher/package.xml
[5.024s] -- Installing: /home/ros/autoware.ai/install/vehicle_gazebo_simulation_launcher/share/vehicle_gazebo_simulation_launcher/launch
[5.025s] -- Installing: /home/ros/autoware.ai/install/vehicle_gazebo_simulation_launcher/share/vehicle_gazebo_simulation_launcher/launch/world_test.launch
[5.025s] -- Installing: /home/ros/autoware.ai/install/vehicle_gazebo_simulation_launcher/share/vehicle_gazebo_simulation_launcher/launch/rviz_test.launch
[5.025s] -- Installing: /home/ros/autoware.ai/install/vehicle_gazebo_simulation_launcher/share/vehicle_gazebo_simulation_launcher/launch/gazebo_launcher.launch
[5.026s] -- Installing: /home/ros/autoware.ai/install/vehicle_gazebo_simulation_launcher/share/vehicle_gazebo_simulation_launcher/scripts
[5.026s] -- Installing: /home/ros/autoware.ai/install/vehicle_gazebo_simulation_launcher/share/vehicle_gazebo_simulation_launcher/scripts/upgrade_gazebo_stable_version.sh
[5.026s] -- Installing: /home/ros/autoware.ai/install/vehicle_gazebo_simulation_launcher/share/vehicle_gazebo_simulation_launcher/scripts/setup.sh
[5.027s] -- Installing: /home/ros/autoware.ai/install/vehicle_gazebo_simulation_launcher/share/vehicle_gazebo_simulation_launcher/scripts/download_model.sh
[5.032s] Invoked command in '/home/ros/autoware.ai/build/vehicle_gazebo_simulation_launcher' returned '0': /usr/bin/cmake --build /home/ros/autoware.ai/build/vehicle_gazebo_simulation_launcher --target install -- -j12 -l12
