[0.035s] Invoking command in '/home/ros/autoware.ai/build/autoware_rviz_plugins': CMAKE_PREFIX_PATH=/home/ros/autoware.ai/install/autoware_build_flags:${CMAKE_PREFIX_PATH} PKG_CONFIG_PATH=/home/ros/autoware.ai/install/autoware_build_flags/lib/x86_64-linux-gnu/pkgconfig:/home/ros/autoware.ai/install/autoware_build_flags/lib/pkgconfig:${PKG_CONFIG_PATH} ROS_PACKAGE_PATH=/home/ros/autoware.ai/install/autoware_build_flags/share:${ROS_PACKAGE_PATH} /usr/bin/cmake /home/ros/autoware.ai/src/autoware/visualization/state_panel -DCMAKE_BUILD_TYPE=Release -DCATKIN_INSTALL_INTO_PREFIX_ROOT=0 -DCMAKE_INSTALL_PREFIX=/home/ros/autoware.ai/install/autoware_rviz_plugins
[0.128s] -- The C compiler identification is GNU 7.5.0
[0.216s] -- The CXX compiler identification is GNU 7.5.0
[0.221s] -- Check for working C compiler: /usr/bin/cc
[0.315s] -- Check for working C compiler: /usr/bin/cc -- works
[0.318s] -- Detecting C compiler ABI info
[0.412s] -- Detecting C compiler ABI info - done
[0.425s] -- Detecting C compile features
[0.779s] -- Detecting C compile features - done
[0.782s] -- Check for working CXX compiler: /usr/bin/c++
[0.891s] -- Check for working CXX compiler: /usr/bin/c++ -- works
[0.892s] -- Detecting CXX compiler ABI info
[1.004s] -- Detecting CXX compiler ABI info - done
[1.016s] -- Detecting CXX compile features
[1.582s] -- Detecting CXX compile features - done
[1.584s] -- CUDA compilation status: .
[1.586s] -- Using CATKIN_DEVEL_PREFIX: /home/ros/autoware.ai/build/autoware_rviz_plugins/devel
[1.586s] -- Using CMAKE_PREFIX_PATH: /home/ros/autoware.ai/install/autoware_build_flags;/opt/ros/melodic
[1.586s] -- This workspace overlays: /home/ros/autoware.ai/install/autoware_build_flags;/opt/ros/melodic
[1.607s] -- Found PythonInterp: /usr/bin/python2 (found suitable version "2.7.17", minimum required is "2") 
[1.607s] -- Using PYTHON_EXECUTABLE: /usr/bin/python2
[1.607s] -- Using Debian Python package layout
[1.608s] -- Using empy: /usr/bin/empy
[1.823s] -- Using CATKIN_ENABLE_TESTING: ON
[1.823s] -- Call enable_testing()
[1.827s] -- Using CATKIN_TEST_RESULTS_DIR: /home/ros/autoware.ai/build/autoware_rviz_plugins/test_results
[1.852s] -- Found gtest sources under '/usr/src/googletest': gtests will be built
[1.853s] -- Found gmock sources under '/usr/src/googletest': gmock will be built
[1.869s] -- Found PythonInterp: /usr/bin/python2 (found version "2.7.17") 
[1.871s] -- Looking for pthread.h
[2.007s] -- Looking for pthread.h - found
[2.007s] -- Looking for pthread_create
[2.122s] -- Looking for pthread_create - not found
[2.122s] -- Looking for pthread_create in pthreads
[2.213s] -- Looking for pthread_create in pthreads - not found
[2.214s] -- Looking for pthread_create in pthread
[2.307s] -- Looking for pthread_create in pthread - found
[2.308s] -- Found Threads: TRUE  
[2.315s] -- Using Python nosetests: /usr/bin/nosetests-2.7
[2.369s] -- catkin 0.7.29
[2.369s] -- BUILD_SHARED_LIBS is on
[2.728s] -- Using these message generators: gencpp;geneus;genlisp;gennodejs;genpy
[3.072s] -- Using Qt5 based on the rviz_QT_VERSION: 5.9.5
[3.330s] -- Configuring done
[3.382s] -- Generating done
[3.394s] -- Build files have been written to: /home/ros/autoware.ai/build/autoware_rviz_plugins
[3.403s] Invoked command in '/home/ros/autoware.ai/build/autoware_rviz_plugins' returned '0': CMAKE_PREFIX_PATH=/home/ros/autoware.ai/install/autoware_build_flags:${CMAKE_PREFIX_PATH} PKG_CONFIG_PATH=/home/ros/autoware.ai/install/autoware_build_flags/lib/x86_64-linux-gnu/pkgconfig:/home/ros/autoware.ai/install/autoware_build_flags/lib/pkgconfig:${PKG_CONFIG_PATH} ROS_PACKAGE_PATH=/home/ros/autoware.ai/install/autoware_build_flags/share:${ROS_PACKAGE_PATH} /usr/bin/cmake /home/ros/autoware.ai/src/autoware/visualization/state_panel -DCMAKE_BUILD_TYPE=Release -DCATKIN_INSTALL_INTO_PREFIX_ROOT=0 -DCMAKE_INSTALL_PREFIX=/home/ros/autoware.ai/install/autoware_rviz_plugins
[3.405s] Invoking command in '/home/ros/autoware.ai/build/autoware_rviz_plugins': CMAKE_PREFIX_PATH=/home/ros/autoware.ai/install/autoware_build_flags:${CMAKE_PREFIX_PATH} PKG_CONFIG_PATH=/home/ros/autoware.ai/install/autoware_build_flags/lib/x86_64-linux-gnu/pkgconfig:/home/ros/autoware.ai/install/autoware_build_flags/lib/pkgconfig:${PKG_CONFIG_PATH} ROS_PACKAGE_PATH=/home/ros/autoware.ai/install/autoware_build_flags/share:${ROS_PACKAGE_PATH} /usr/bin/cmake --build /home/ros/autoware.ai/build/autoware_rviz_plugins -- -j12 -l12
[3.561s] [35m[1mScanning dependencies of target autoware_rviz_plugins_autogen[0m
[3.593s] [ 20%] [34m[1mAutomatic MOC for target autoware_rviz_plugins[0m
[5.282s] [ 20%] Built target autoware_rviz_plugins_autogen
[5.321s] [35m[1mScanning dependencies of target autoware_rviz_plugins[0m
[5.418s] [ 40%] [32mBuilding CXX object CMakeFiles/autoware_rviz_plugins.dir/src/state_panel/state_panel.cpp.o[0m
[10.383s] [ 60%] [32mBuilding CXX object CMakeFiles/autoware_rviz_plugins.dir/autoware_rviz_plugins_autogen/mocs_compilation.cpp.o[0m
[13.617s] [ 80%] [32mBuilding CXX object CMakeFiles/autoware_rviz_plugins.dir/src/sim_object/autoware_flag_tool.cpp.o[0m
[25.019s] [100%] [32m[1mLinking CXX shared library devel/lib/libautoware_rviz_plugins.so[0m
[25.866s] [100%] Built target autoware_rviz_plugins
[25.903s] Invoked command in '/home/ros/autoware.ai/build/autoware_rviz_plugins' returned '0': CMAKE_PREFIX_PATH=/home/ros/autoware.ai/install/autoware_build_flags:${CMAKE_PREFIX_PATH} PKG_CONFIG_PATH=/home/ros/autoware.ai/install/autoware_build_flags/lib/x86_64-linux-gnu/pkgconfig:/home/ros/autoware.ai/install/autoware_build_flags/lib/pkgconfig:${PKG_CONFIG_PATH} ROS_PACKAGE_PATH=/home/ros/autoware.ai/install/autoware_build_flags/share:${ROS_PACKAGE_PATH} /usr/bin/cmake --build /home/ros/autoware.ai/build/autoware_rviz_plugins -- -j12 -l12
[26.282s] Invoking command in '/home/ros/autoware.ai/build/autoware_rviz_plugins': CMAKE_PREFIX_PATH=/home/ros/autoware.ai/install/autoware_build_flags:${CMAKE_PREFIX_PATH} PKG_CONFIG_PATH=/home/ros/autoware.ai/install/autoware_build_flags/lib/x86_64-linux-gnu/pkgconfig:/home/ros/autoware.ai/install/autoware_build_flags/lib/pkgconfig:${PKG_CONFIG_PATH} ROS_PACKAGE_PATH=/home/ros/autoware.ai/install/autoware_build_flags/share:${ROS_PACKAGE_PATH} /usr/bin/cmake --build /home/ros/autoware.ai/build/autoware_rviz_plugins --target tests -- -j12 -l12
[26.400s] [35m[1mScanning dependencies of target tests[0m
[26.417s] Built target tests
[26.433s] Invoked command in '/home/ros/autoware.ai/build/autoware_rviz_plugins' returned '0': CMAKE_PREFIX_PATH=/home/ros/autoware.ai/install/autoware_build_flags:${CMAKE_PREFIX_PATH} PKG_CONFIG_PATH=/home/ros/autoware.ai/install/autoware_build_flags/lib/x86_64-linux-gnu/pkgconfig:/home/ros/autoware.ai/install/autoware_build_flags/lib/pkgconfig:${PKG_CONFIG_PATH} ROS_PACKAGE_PATH=/home/ros/autoware.ai/install/autoware_build_flags/share:${ROS_PACKAGE_PATH} /usr/bin/cmake --build /home/ros/autoware.ai/build/autoware_rviz_plugins --target tests -- -j12 -l12
[26.745s] Invoking command in '/home/ros/autoware.ai/build/autoware_rviz_plugins': CMAKE_PREFIX_PATH=/home/ros/autoware.ai/install/autoware_build_flags:${CMAKE_PREFIX_PATH} PKG_CONFIG_PATH=/home/ros/autoware.ai/install/autoware_build_flags/lib/x86_64-linux-gnu/pkgconfig:/home/ros/autoware.ai/install/autoware_build_flags/lib/pkgconfig:${PKG_CONFIG_PATH} ROS_PACKAGE_PATH=/home/ros/autoware.ai/install/autoware_build_flags/share:${ROS_PACKAGE_PATH} /usr/bin/cmake --build /home/ros/autoware.ai/build/autoware_rviz_plugins --target install -- -j12 -l12
[26.869s] [ 20%] [34m[1mAutomatic MOC for target autoware_rviz_plugins[0m
[26.916s] [ 20%] Built target autoware_rviz_plugins_autogen
[26.977s] [100%] Built target autoware_rviz_plugins
[27.020s] [36mInstall the project...[0m
[27.034s] -- Install configuration: "Release"
[27.034s] -- Installing: /home/ros/autoware.ai/install/autoware_rviz_plugins/lib/pkgconfig/autoware_rviz_plugins.pc
[27.034s] -- Installing: /home/ros/autoware.ai/install/autoware_rviz_plugins/share/autoware_rviz_plugins/cmake/autoware_rviz_pluginsConfig.cmake
[27.034s] -- Installing: /home/ros/autoware.ai/install/autoware_rviz_plugins/share/autoware_rviz_plugins/cmake/autoware_rviz_pluginsConfig-version.cmake
[27.034s] -- Installing: /home/ros/autoware.ai/install/autoware_rviz_plugins/share/autoware_rviz_plugins/package.xml
[27.034s] -- Installing: /home/ros/autoware.ai/install/autoware_rviz_plugins/lib/libautoware_rviz_plugins.so
[27.038s] -- Set runtime path of "/home/ros/autoware.ai/install/autoware_rviz_plugins/lib/libautoware_rviz_plugins.so" to ""
[27.038s] -- Installing: /home/ros/autoware.ai/install/autoware_rviz_plugins/share/autoware_rviz_plugins/media
[27.038s] -- Installing: /home/ros/autoware.ai/install/autoware_rviz_plugins/share/autoware_rviz_plugins/media/flag.dae
[27.038s] -- Installing: /home/ros/autoware.ai/install/autoware_rviz_plugins/share/autoware_rviz_plugins/icons
[27.039s] -- Installing: /home/ros/autoware.ai/install/autoware_rviz_plugins/share/autoware_rviz_plugins/icons/classes
[27.039s] -- Installing: /home/ros/autoware.ai/install/autoware_rviz_plugins/share/autoware_rviz_plugins/icons/classes/OpFlag.png
[27.039s] -- Installing: /home/ros/autoware.ai/install/autoware_rviz_plugins/share/autoware_rviz_plugins/plugin_description.xml
[27.045s] Invoked command in '/home/ros/autoware.ai/build/autoware_rviz_plugins' returned '0': CMAKE_PREFIX_PATH=/home/ros/autoware.ai/install/autoware_build_flags:${CMAKE_PREFIX_PATH} PKG_CONFIG_PATH=/home/ros/autoware.ai/install/autoware_build_flags/lib/x86_64-linux-gnu/pkgconfig:/home/ros/autoware.ai/install/autoware_build_flags/lib/pkgconfig:${PKG_CONFIG_PATH} ROS_PACKAGE_PATH=/home/ros/autoware.ai/install/autoware_build_flags/share:${ROS_PACKAGE_PATH} /usr/bin/cmake --build /home/ros/autoware.ai/build/autoware_rviz_plugins --target install -- -j12 -l12
