[0.031s] Invoking command in '/home/ros/autoware.ai/build/libvectormap': CMAKE_PREFIX_PATH=/home/ros/autoware.ai/install/vector_map:/home/ros/autoware.ai/install/vector_map_msgs:/home/ros/autoware.ai/install/autoware_build_flags:${CMAKE_PREFIX_PATH} LD_LIBRARY_PATH=/home/ros/autoware.ai/install/vector_map/lib:${LD_LIBRARY_PATH} PKG_CONFIG_PATH=/home/ros/autoware.ai/install/vector_map/lib/x86_64-linux-gnu/pkgconfig:/home/ros/autoware.ai/install/vector_map/lib/pkgconfig:/home/ros/autoware.ai/install/vector_map_msgs/lib/x86_64-linux-gnu/pkgconfig:/home/ros/autoware.ai/install/vector_map_msgs/lib/pkgconfig:/home/ros/autoware.ai/install/autoware_build_flags/lib/x86_64-linux-gnu/pkgconfig:/home/ros/autoware.ai/install/autoware_build_flags/lib/pkgconfig:${PKG_CONFIG_PATH} PYTHONPATH=/home/ros/autoware.ai/install/vector_map_msgs/lib/python2.7/dist-packages:${PYTHONPATH} ROS_PACKAGE_PATH=/home/ros/autoware.ai/install/vector_map/share:/home/ros/autoware.ai/install/vector_map_msgs/share:/home/ros/autoware.ai/install/autoware_build_flags/share:${ROS_PACKAGE_PATH} /usr/bin/cmake /home/ros/autoware.ai/src/autoware/common/libvectormap -DCMAKE_BUILD_TYPE=Release -DCATKIN_INSTALL_INTO_PREFIX_ROOT=0 -DCMAKE_INSTALL_PREFIX=/home/ros/autoware.ai/install/libvectormap
[0.128s] -- The C compiler identification is GNU 7.5.0
[0.215s] -- The CXX compiler identification is GNU 7.5.0
[0.222s] -- Check for working C compiler: /usr/bin/cc
[0.337s] -- Check for working C compiler: /usr/bin/cc -- works
[0.338s] -- Detecting C compiler ABI info
[0.454s] -- Detecting C compiler ABI info - done
[0.466s] -- Detecting C compile features
[0.769s] -- Detecting C compile features - done
[0.773s] -- Check for working CXX compiler: /usr/bin/c++
[0.899s] -- Check for working CXX compiler: /usr/bin/c++ -- works
[0.900s] -- Detecting CXX compiler ABI info
[1.029s] -- Detecting CXX compiler ABI info - done
[1.041s] -- Detecting CXX compile features
[1.632s] -- Detecting CXX compile features - done
[1.634s] -- CUDA compilation status: .
[1.636s] -- Using CATKIN_DEVEL_PREFIX: /home/ros/autoware.ai/build/libvectormap/devel
[1.637s] -- Using CMAKE_PREFIX_PATH: /home/ros/autoware.ai/install/vector_map;/home/ros/autoware.ai/install/vector_map_msgs;/home/ros/autoware.ai/install/autoware_build_flags;/opt/ros/melodic
[1.638s] -- This workspace overlays: /home/ros/autoware.ai/install/vector_map;/home/ros/autoware.ai/install/vector_map_msgs;/home/ros/autoware.ai/install/autoware_build_flags;/opt/ros/melodic
[1.670s] -- Found PythonInterp: /usr/bin/python2 (found suitable version "2.7.17", minimum required is "2") 
[1.671s] -- Using PYTHON_EXECUTABLE: /usr/bin/python2
[1.671s] -- Using Debian Python package layout
[1.672s] -- Using empy: /usr/bin/empy
[1.878s] -- Using CATKIN_ENABLE_TESTING: ON
[1.878s] -- Call enable_testing()
[1.881s] -- Using CATKIN_TEST_RESULTS_DIR: /home/ros/autoware.ai/build/libvectormap/test_results
[1.905s] -- Found gtest sources under '/usr/src/googletest': gtests will be built
[1.906s] -- Found gmock sources under '/usr/src/googletest': gmock will be built
[1.921s] -- Found PythonInterp: /usr/bin/python2 (found version "2.7.17") 
[1.922s] -- Looking for pthread.h
[2.045s] -- Looking for pthread.h - found
[2.048s] -- Looking for pthread_create
[2.181s] -- Looking for pthread_create - not found
[2.181s] -- Looking for pthread_create in pthreads
[2.310s] -- Looking for pthread_create in pthreads - not found
[2.311s] -- Looking for pthread_create in pthread
[2.530s] -- Looking for pthread_create in pthread - found
[2.531s] -- Found Threads: TRUE  
[2.537s] -- Using Python nosetests: /usr/bin/nosetests-2.7
[2.596s] -- catkin 0.7.29
[2.597s] -- BUILD_SHARED_LIBS is on
[3.015s] -- Using these message generators: gencpp;geneus;genlisp;gennodejs;genpy
[3.548s] -- Configuring done
[3.607s] -- Generating done
[3.618s] -- Build files have been written to: /home/ros/autoware.ai/build/libvectormap
[3.626s] Invoked command in '/home/ros/autoware.ai/build/libvectormap' returned '0': CMAKE_PREFIX_PATH=/home/ros/autoware.ai/install/vector_map:/home/ros/autoware.ai/install/vector_map_msgs:/home/ros/autoware.ai/install/autoware_build_flags:${CMAKE_PREFIX_PATH} LD_LIBRARY_PATH=/home/ros/autoware.ai/install/vector_map/lib:${LD_LIBRARY_PATH} PKG_CONFIG_PATH=/home/ros/autoware.ai/install/vector_map/lib/x86_64-linux-gnu/pkgconfig:/home/ros/autoware.ai/install/vector_map/lib/pkgconfig:/home/ros/autoware.ai/install/vector_map_msgs/lib/x86_64-linux-gnu/pkgconfig:/home/ros/autoware.ai/install/vector_map_msgs/lib/pkgconfig:/home/ros/autoware.ai/install/autoware_build_flags/lib/x86_64-linux-gnu/pkgconfig:/home/ros/autoware.ai/install/autoware_build_flags/lib/pkgconfig:${PKG_CONFIG_PATH} PYTHONPATH=/home/ros/autoware.ai/install/vector_map_msgs/lib/python2.7/dist-packages:${PYTHONPATH} ROS_PACKAGE_PATH=/home/ros/autoware.ai/install/vector_map/share:/home/ros/autoware.ai/install/vector_map_msgs/share:/home/ros/autoware.ai/install/autoware_build_flags/share:${ROS_PACKAGE_PATH} /usr/bin/cmake /home/ros/autoware.ai/src/autoware/common/libvectormap -DCMAKE_BUILD_TYPE=Release -DCATKIN_INSTALL_INTO_PREFIX_ROOT=0 -DCMAKE_INSTALL_PREFIX=/home/ros/autoware.ai/install/libvectormap
[3.630s] Invoking command in '/home/ros/autoware.ai/build/libvectormap': CMAKE_PREFIX_PATH=/home/ros/autoware.ai/install/vector_map:/home/ros/autoware.ai/install/vector_map_msgs:/home/ros/autoware.ai/install/autoware_build_flags:${CMAKE_PREFIX_PATH} LD_LIBRARY_PATH=/home/ros/autoware.ai/install/vector_map/lib:${LD_LIBRARY_PATH} PKG_CONFIG_PATH=/home/ros/autoware.ai/install/vector_map/lib/x86_64-linux-gnu/pkgconfig:/home/ros/autoware.ai/install/vector_map/lib/pkgconfig:/home/ros/autoware.ai/install/vector_map_msgs/lib/x86_64-linux-gnu/pkgconfig:/home/ros/autoware.ai/install/vector_map_msgs/lib/pkgconfig:/home/ros/autoware.ai/install/autoware_build_flags/lib/x86_64-linux-gnu/pkgconfig:/home/ros/autoware.ai/install/autoware_build_flags/lib/pkgconfig:${PKG_CONFIG_PATH} PYTHONPATH=/home/ros/autoware.ai/install/vector_map_msgs/lib/python2.7/dist-packages:${PYTHONPATH} ROS_PACKAGE_PATH=/home/ros/autoware.ai/install/vector_map/share:/home/ros/autoware.ai/install/vector_map_msgs/share:/home/ros/autoware.ai/install/autoware_build_flags/share:${ROS_PACKAGE_PATH} /usr/bin/cmake --build /home/ros/autoware.ai/build/libvectormap -- -j12 -l12
[3.706s] [35m[1mScanning dependencies of target sensor_msgs_generate_messages_nodejs[0m
[3.722s] [  0%] Built target sensor_msgs_generate_messages_nodejs
[3.739s] [35m[1mScanning dependencies of target actionlib_msgs_generate_messages_py[0m
[3.752s] [  0%] Built target actionlib_msgs_generate_messages_py
[3.771s] [35m[1mScanning dependencies of target actionlib_msgs_generate_messages_lisp[0m
[3.785s] [  0%] Built target actionlib_msgs_generate_messages_lisp
[3.803s] [35m[1mScanning dependencies of target actionlib_msgs_generate_messages_eus[0m
[3.818s] [  0%] Built target actionlib_msgs_generate_messages_eus
[3.835s] [35m[1mScanning dependencies of target vector_map_msgs_generate_messages_lisp[0m
[3.848s] [  0%] Built target vector_map_msgs_generate_messages_lisp
[3.865s] [35m[1mScanning dependencies of target actionlib_msgs_generate_messages_cpp[0m
[3.878s] [  0%] Built target actionlib_msgs_generate_messages_cpp
[3.892s] [35m[1mScanning dependencies of target actionlib_generate_messages_py[0m
[3.909s] [  0%] Built target actionlib_generate_messages_py
[3.923s] [35m[1mScanning dependencies of target actionlib_generate_messages_nodejs[0m
[3.938s] [  0%] Built target actionlib_generate_messages_nodejs
[3.954s] [35m[1mScanning dependencies of target actionlib_generate_messages_lisp[0m
[3.970s] [  0%] Built target actionlib_generate_messages_lisp
[3.991s] [35m[1mScanning dependencies of target actionlib_generate_messages_eus[0m
[4.006s] [  0%] Built target actionlib_generate_messages_eus
[4.032s] [35m[1mScanning dependencies of target geometry_msgs_generate_messages_py[0m
[4.051s] [  0%] Built target geometry_msgs_generate_messages_py
[4.089s] [35m[1mScanning dependencies of target vector_map_msgs_generate_messages_py[0m
[4.107s] [  0%] Built target vector_map_msgs_generate_messages_py
[4.154s] [35m[1mScanning dependencies of target std_msgs_generate_messages_eus[0m
[4.217s] [  0%] Built target std_msgs_generate_messages_eus
[4.276s] [35m[1mScanning dependencies of target rosgraph_msgs_generate_messages_nodejs[0m
[4.317s] [  0%] Built target rosgraph_msgs_generate_messages_nodejs
[4.337s] [35m[1mScanning dependencies of target rosgraph_msgs_generate_messages_py[0m
[4.363s] [  0%] Built target rosgraph_msgs_generate_messages_py
[4.380s] [35m[1mScanning dependencies of target tf_generate_messages_nodejs[0m
[4.394s] [  0%] Built target tf_generate_messages_nodejs
[4.410s] [35m[1mScanning dependencies of target tf_generate_messages_lisp[0m
[4.425s] [  0%] Built target tf_generate_messages_lisp
[4.440s] [35m[1mScanning dependencies of target roscpp_generate_messages_lisp[0m
[4.461s] [  0%] Built target roscpp_generate_messages_lisp
[4.481s] [35m[1mScanning dependencies of target geometry_msgs_generate_messages_cpp[0m
[4.509s] [  0%] Built target geometry_msgs_generate_messages_cpp
[4.526s] [35m[1mScanning dependencies of target geometry_msgs_generate_messages_lisp[0m
[4.543s] [  0%] Built target geometry_msgs_generate_messages_lisp
[4.559s] [35m[1mScanning dependencies of target roscpp_generate_messages_py[0m
[4.588s] [  0%] Built target roscpp_generate_messages_py
[4.611s] [35m[1mScanning dependencies of target tf_generate_messages_eus[0m
[4.628s] [  0%] Built target tf_generate_messages_eus
[4.643s] [35m[1mScanning dependencies of target rosgraph_msgs_generate_messages_eus[0m
[4.663s] [  0%] Built target rosgraph_msgs_generate_messages_eus
[4.692s] [35m[1mScanning dependencies of target actionlib_msgs_generate_messages_nodejs[0m
[4.719s] [  0%] Built target actionlib_msgs_generate_messages_nodejs
[4.734s] [35m[1mScanning dependencies of target vector_map_msgs_generate_messages_nodejs[0m
[4.750s] [  0%] Built target vector_map_msgs_generate_messages_nodejs
[4.775s] [35m[1mScanning dependencies of target visualization_msgs_generate_messages_nodejs[0m
[4.792s] [  0%] Built target visualization_msgs_generate_messages_nodejs
[4.819s] [35m[1mScanning dependencies of target visualization_msgs_generate_messages_lisp[0m
[4.846s] [  0%] Built target visualization_msgs_generate_messages_lisp
[4.894s] [35m[1mScanning dependencies of target std_msgs_generate_messages_cpp[0m
[4.914s] [  0%] Built target std_msgs_generate_messages_cpp
[4.947s] [35m[1mScanning dependencies of target tf_generate_messages_cpp[0m
[4.972s] [  0%] Built target tf_generate_messages_cpp
[5.014s] [35m[1mScanning dependencies of target std_msgs_generate_messages_lisp[0m
[5.055s] [  0%] Built target std_msgs_generate_messages_lisp
[5.094s] [35m[1mScanning dependencies of target sensor_msgs_generate_messages_cpp[0m
[5.129s] [  0%] Built target sensor_msgs_generate_messages_cpp
[5.168s] [35m[1mScanning dependencies of target _catkin_empty_exported_target[0m
[5.184s] [  0%] Built target _catkin_empty_exported_target
[5.236s] [35m[1mScanning dependencies of target sensor_msgs_generate_messages_eus[0m
[5.276s] [  0%] Built target sensor_msgs_generate_messages_eus
[5.321s] [35m[1mScanning dependencies of target geometry_msgs_generate_messages_nodejs[0m
[5.343s] [  0%] Built target geometry_msgs_generate_messages_nodejs
[5.389s] [35m[1mScanning dependencies of target tf_generate_messages_py[0m
[5.439s] [  0%] Built target tf_generate_messages_py
[5.519s] [35m[1mScanning dependencies of target sensor_msgs_generate_messages_py[0m
[5.560s] [  0%] Built target sensor_msgs_generate_messages_py
[5.619s] [35m[1mScanning dependencies of target std_msgs_generate_messages_nodejs[0m
[5.644s] [  0%] Built target std_msgs_generate_messages_nodejs
[5.687s] [35m[1mScanning dependencies of target std_msgs_generate_messages_py[0m
[5.721s] [  0%] Built target std_msgs_generate_messages_py
[5.768s] [35m[1mScanning dependencies of target geometry_msgs_generate_messages_eus[0m
[5.784s] [  0%] Built target geometry_msgs_generate_messages_eus
[5.812s] [35m[1mScanning dependencies of target roscpp_generate_messages_nodejs[0m
[5.832s] [  0%] Built target roscpp_generate_messages_nodejs
[5.849s] [35m[1mScanning dependencies of target roscpp_generate_messages_eus[0m
[5.881s] [  0%] Built target roscpp_generate_messages_eus
[5.909s] [35m[1mScanning dependencies of target rosgraph_msgs_generate_messages_cpp[0m
[5.927s] [  0%] Built target rosgraph_msgs_generate_messages_cpp
[5.947s] [35m[1mScanning dependencies of target rosgraph_msgs_generate_messages_lisp[0m
[5.965s] [  0%] Built target rosgraph_msgs_generate_messages_lisp
[5.981s] [35m[1mScanning dependencies of target sensor_msgs_generate_messages_lisp[0m
[5.994s] [  0%] Built target sensor_msgs_generate_messages_lisp
[6.010s] [35m[1mScanning dependencies of target roscpp_generate_messages_cpp[0m
[6.026s] [  0%] Built target roscpp_generate_messages_cpp
[6.052s] [35m[1mScanning dependencies of target actionlib_generate_messages_cpp[0m
[6.079s] [  0%] Built target actionlib_generate_messages_cpp
[6.110s] [35m[1mScanning dependencies of target tf2_msgs_generate_messages_cpp[0m
[6.126s] [  0%] Built target tf2_msgs_generate_messages_cpp
[6.156s] [35m[1mScanning dependencies of target tf2_msgs_generate_messages_eus[0m
[6.180s] [  0%] Built target tf2_msgs_generate_messages_eus
[6.206s] [35m[1mScanning dependencies of target tf2_msgs_generate_messages_lisp[0m
[6.235s] [  0%] Built target tf2_msgs_generate_messages_lisp
[6.251s] [35m[1mScanning dependencies of target tf2_msgs_generate_messages_py[0m
[6.267s] [  0%] Built target tf2_msgs_generate_messages_py
[6.295s] [35m[1mScanning dependencies of target tf2_msgs_generate_messages_nodejs[0m
[6.309s] [  0%] Built target tf2_msgs_generate_messages_nodejs
[6.326s] [35m[1mScanning dependencies of target visualization_msgs_generate_messages_cpp[0m
[6.355s] [  0%] Built target visualization_msgs_generate_messages_cpp
[6.390s] [35m[1mScanning dependencies of target visualization_msgs_generate_messages_eus[0m
[6.419s] [  0%] Built target visualization_msgs_generate_messages_eus
[6.438s] [35m[1mScanning dependencies of target visualization_msgs_generate_messages_py[0m
[6.454s] [  0%] Built target visualization_msgs_generate_messages_py
[6.484s] [35m[1mScanning dependencies of target vector_map_msgs_generate_messages_cpp[0m
[6.498s] [  0%] Built target vector_map_msgs_generate_messages_cpp
[6.535s] [35m[1mScanning dependencies of target vector_map_msgs_generate_messages_eus[0m
[6.560s] [  0%] Built target vector_map_msgs_generate_messages_eus
[6.577s] [35m[1mScanning dependencies of target libvectormap[0m
[6.666s] [ 50%] [32mBuilding CXX object CMakeFiles/libvectormap.dir/src/vector_map.cpp.o[0m
[10.807s] [100%] [32m[1mLinking CXX static library devel/lib/liblibvectormap.a[0m
[10.859s] [100%] Built target libvectormap
[10.878s] Invoked command in '/home/ros/autoware.ai/build/libvectormap' returned '0': CMAKE_PREFIX_PATH=/home/ros/autoware.ai/install/vector_map:/home/ros/autoware.ai/install/vector_map_msgs:/home/ros/autoware.ai/install/autoware_build_flags:${CMAKE_PREFIX_PATH} LD_LIBRARY_PATH=/home/ros/autoware.ai/install/vector_map/lib:${LD_LIBRARY_PATH} PKG_CONFIG_PATH=/home/ros/autoware.ai/install/vector_map/lib/x86_64-linux-gnu/pkgconfig:/home/ros/autoware.ai/install/vector_map/lib/pkgconfig:/home/ros/autoware.ai/install/vector_map_msgs/lib/x86_64-linux-gnu/pkgconfig:/home/ros/autoware.ai/install/vector_map_msgs/lib/pkgconfig:/home/ros/autoware.ai/install/autoware_build_flags/lib/x86_64-linux-gnu/pkgconfig:/home/ros/autoware.ai/install/autoware_build_flags/lib/pkgconfig:${PKG_CONFIG_PATH} PYTHONPATH=/home/ros/autoware.ai/install/vector_map_msgs/lib/python2.7/dist-packages:${PYTHONPATH} ROS_PACKAGE_PATH=/home/ros/autoware.ai/install/vector_map/share:/home/ros/autoware.ai/install/vector_map_msgs/share:/home/ros/autoware.ai/install/autoware_build_flags/share:${ROS_PACKAGE_PATH} /usr/bin/cmake --build /home/ros/autoware.ai/build/libvectormap -- -j12 -l12
[11.242s] Invoking command in '/home/ros/autoware.ai/build/libvectormap': CMAKE_PREFIX_PATH=/home/ros/autoware.ai/install/vector_map:/home/ros/autoware.ai/install/vector_map_msgs:/home/ros/autoware.ai/install/autoware_build_flags:${CMAKE_PREFIX_PATH} LD_LIBRARY_PATH=/home/ros/autoware.ai/install/vector_map/lib:${LD_LIBRARY_PATH} PKG_CONFIG_PATH=/home/ros/autoware.ai/install/vector_map/lib/x86_64-linux-gnu/pkgconfig:/home/ros/autoware.ai/install/vector_map/lib/pkgconfig:/home/ros/autoware.ai/install/vector_map_msgs/lib/x86_64-linux-gnu/pkgconfig:/home/ros/autoware.ai/install/vector_map_msgs/lib/pkgconfig:/home/ros/autoware.ai/install/autoware_build_flags/lib/x86_64-linux-gnu/pkgconfig:/home/ros/autoware.ai/install/autoware_build_flags/lib/pkgconfig:${PKG_CONFIG_PATH} PYTHONPATH=/home/ros/autoware.ai/install/vector_map_msgs/lib/python2.7/dist-packages:${PYTHONPATH} ROS_PACKAGE_PATH=/home/ros/autoware.ai/install/vector_map/share:/home/ros/autoware.ai/install/vector_map_msgs/share:/home/ros/autoware.ai/install/autoware_build_flags/share:${ROS_PACKAGE_PATH} /usr/bin/cmake --build /home/ros/autoware.ai/build/libvectormap --target tests -- -j12 -l12
[11.341s] [35m[1mScanning dependencies of target tests[0m
[11.357s] Built target tests
[11.385s] Invoked command in '/home/ros/autoware.ai/build/libvectormap' returned '0': CMAKE_PREFIX_PATH=/home/ros/autoware.ai/install/vector_map:/home/ros/autoware.ai/install/vector_map_msgs:/home/ros/autoware.ai/install/autoware_build_flags:${CMAKE_PREFIX_PATH} LD_LIBRARY_PATH=/home/ros/autoware.ai/install/vector_map/lib:${LD_LIBRARY_PATH} PKG_CONFIG_PATH=/home/ros/autoware.ai/install/vector_map/lib/x86_64-linux-gnu/pkgconfig:/home/ros/autoware.ai/install/vector_map/lib/pkgconfig:/home/ros/autoware.ai/install/vector_map_msgs/lib/x86_64-linux-gnu/pkgconfig:/home/ros/autoware.ai/install/vector_map_msgs/lib/pkgconfig:/home/ros/autoware.ai/install/autoware_build_flags/lib/x86_64-linux-gnu/pkgconfig:/home/ros/autoware.ai/install/autoware_build_flags/lib/pkgconfig:${PKG_CONFIG_PATH} PYTHONPATH=/home/ros/autoware.ai/install/vector_map_msgs/lib/python2.7/dist-packages:${PYTHONPATH} ROS_PACKAGE_PATH=/home/ros/autoware.ai/install/vector_map/share:/home/ros/autoware.ai/install/vector_map_msgs/share:/home/ros/autoware.ai/install/autoware_build_flags/share:${ROS_PACKAGE_PATH} /usr/bin/cmake --build /home/ros/autoware.ai/build/libvectormap --target tests -- -j12 -l12
[11.747s] Invoking command in '/home/ros/autoware.ai/build/libvectormap': CMAKE_PREFIX_PATH=/home/ros/autoware.ai/install/vector_map:/home/ros/autoware.ai/install/vector_map_msgs:/home/ros/autoware.ai/install/autoware_build_flags:${CMAKE_PREFIX_PATH} LD_LIBRARY_PATH=/home/ros/autoware.ai/install/vector_map/lib:${LD_LIBRARY_PATH} PKG_CONFIG_PATH=/home/ros/autoware.ai/install/vector_map/lib/x86_64-linux-gnu/pkgconfig:/home/ros/autoware.ai/install/vector_map/lib/pkgconfig:/home/ros/autoware.ai/install/vector_map_msgs/lib/x86_64-linux-gnu/pkgconfig:/home/ros/autoware.ai/install/vector_map_msgs/lib/pkgconfig:/home/ros/autoware.ai/install/autoware_build_flags/lib/x86_64-linux-gnu/pkgconfig:/home/ros/autoware.ai/install/autoware_build_flags/lib/pkgconfig:${PKG_CONFIG_PATH} PYTHONPATH=/home/ros/autoware.ai/install/vector_map_msgs/lib/python2.7/dist-packages:${PYTHONPATH} ROS_PACKAGE_PATH=/home/ros/autoware.ai/install/vector_map/share:/home/ros/autoware.ai/install/vector_map_msgs/share:/home/ros/autoware.ai/install/autoware_build_flags/share:${ROS_PACKAGE_PATH} /usr/bin/cmake --build /home/ros/autoware.ai/build/libvectormap --target install -- -j12 -l12
[11.864s] [  0%] Built target sensor_msgs_generate_messages_nodejs
[11.896s] [  0%] Built target actionlib_msgs_generate_messages_py
[11.958s] [  0%] Built target actionlib_msgs_generate_messages_lisp
[12.019s] [  0%] Built target actionlib_msgs_generate_messages_eus
[12.078s] [  0%] Built target vector_map_msgs_generate_messages_lisp
[12.171s] [  0%] Built target actionlib_msgs_generate_messages_cpp
[12.235s] [  0%] Built target actionlib_generate_messages_py
[12.360s] [  0%] Built target actionlib_generate_messages_nodejs
[12.439s] [  0%] Built target actionlib_generate_messages_lisp
[12.521s] [  0%] Built target actionlib_generate_messages_eus
[12.630s] [  0%] Built target geometry_msgs_generate_messages_py
[12.719s] [  0%] Built target vector_map_msgs_generate_messages_py
[12.824s] [  0%] Built target std_msgs_generate_messages_eus
[12.913s] [  0%] Built target rosgraph_msgs_generate_messages_nodejs
[13.008s] [  0%] Built target rosgraph_msgs_generate_messages_py
[13.073s] [  0%] Built target tf_generate_messages_nodejs
[13.132s] [  0%] Built target tf_generate_messages_lisp
[13.166s] [  0%] Built target roscpp_generate_messages_lisp
[13.206s] [  0%] Built target geometry_msgs_generate_messages_cpp
[13.242s] [  0%] Built target geometry_msgs_generate_messages_lisp
[13.283s] [  0%] Built target roscpp_generate_messages_py
[13.317s] [  0%] Built target tf_generate_messages_eus
[13.390s] [  0%] Built target rosgraph_msgs_generate_messages_eus
[13.456s] [  0%] Built target actionlib_msgs_generate_messages_nodejs
[13.507s] [  0%] Built target vector_map_msgs_generate_messages_nodejs
[13.588s] [  0%] Built target visualization_msgs_generate_messages_nodejs
[13.652s] [  0%] Built target visualization_msgs_generate_messages_lisp
[13.739s] [  0%] Built target std_msgs_generate_messages_cpp
[13.781s] [  0%] Built target tf_generate_messages_cpp
[13.813s] [  0%] Built target std_msgs_generate_messages_lisp
[13.855s] [  0%] Built target sensor_msgs_generate_messages_cpp
[13.893s] [  0%] Built target _catkin_empty_exported_target
[13.935s] [  0%] Built target sensor_msgs_generate_messages_eus
[13.982s] [  0%] Built target geometry_msgs_generate_messages_nodejs
[14.022s] [  0%] Built target tf_generate_messages_py
[14.064s] [  0%] Built target sensor_msgs_generate_messages_py
[14.105s] [  0%] Built target std_msgs_generate_messages_nodejs
[14.134s] [  0%] Built target std_msgs_generate_messages_py
[14.173s] [  0%] Built target geometry_msgs_generate_messages_eus
[14.226s] [  0%] Built target roscpp_generate_messages_nodejs
[14.254s] [  0%] Built target roscpp_generate_messages_eus
[14.307s] [  0%] Built target rosgraph_msgs_generate_messages_cpp
[14.333s] [  0%] Built target rosgraph_msgs_generate_messages_lisp
[14.369s] [  0%] Built target sensor_msgs_generate_messages_lisp
[14.412s] [  0%] Built target roscpp_generate_messages_cpp
[14.448s] [  0%] Built target actionlib_generate_messages_cpp
[14.485s] [  0%] Built target tf2_msgs_generate_messages_cpp
[14.529s] [  0%] Built target tf2_msgs_generate_messages_eus
[14.587s] [  0%] Built target tf2_msgs_generate_messages_lisp
[14.733s] [  0%] Built target tf2_msgs_generate_messages_py
[14.818s] [  0%] Built target tf2_msgs_generate_messages_nodejs
[14.937s] [  0%] Built target visualization_msgs_generate_messages_cpp
[15.022s] [  0%] Built target visualization_msgs_generate_messages_eus
[15.070s] [  0%] Built target visualization_msgs_generate_messages_py
[15.122s] [  0%] Built target vector_map_msgs_generate_messages_cpp
[15.185s] [  0%] Built target vector_map_msgs_generate_messages_eus
[15.266s] [100%] Built target libvectormap
[15.314s] [36mInstall the project...[0m
[15.338s] -- Install configuration: "Release"
[15.340s] -- Installing: /home/ros/autoware.ai/install/libvectormap/lib/pkgconfig/libvectormap.pc
[15.340s] -- Installing: /home/ros/autoware.ai/install/libvectormap/share/libvectormap/cmake/libvectormapConfig.cmake
[15.341s] -- Installing: /home/ros/autoware.ai/install/libvectormap/share/libvectormap/cmake/libvectormapConfig-version.cmake
[15.341s] -- Installing: /home/ros/autoware.ai/install/libvectormap/share/libvectormap/package.xml
[15.341s] -- Installing: /home/ros/autoware.ai/install/libvectormap/lib/liblibvectormap.a
[15.341s] -- Installing: /home/ros/autoware.ai/install/libvectormap/include/libvectormap
[15.341s] -- Installing: /home/ros/autoware.ai/install/libvectormap/include/libvectormap/Math.h
[15.342s] -- Installing: /home/ros/autoware.ai/install/libvectormap/include/libvectormap/vector_map.h
[15.346s] Invoked command in '/home/ros/autoware.ai/build/libvectormap' returned '0': CMAKE_PREFIX_PATH=/home/ros/autoware.ai/install/vector_map:/home/ros/autoware.ai/install/vector_map_msgs:/home/ros/autoware.ai/install/autoware_build_flags:${CMAKE_PREFIX_PATH} LD_LIBRARY_PATH=/home/ros/autoware.ai/install/vector_map/lib:${LD_LIBRARY_PATH} PKG_CONFIG_PATH=/home/ros/autoware.ai/install/vector_map/lib/x86_64-linux-gnu/pkgconfig:/home/ros/autoware.ai/install/vector_map/lib/pkgconfig:/home/ros/autoware.ai/install/vector_map_msgs/lib/x86_64-linux-gnu/pkgconfig:/home/ros/autoware.ai/install/vector_map_msgs/lib/pkgconfig:/home/ros/autoware.ai/install/autoware_build_flags/lib/x86_64-linux-gnu/pkgconfig:/home/ros/autoware.ai/install/autoware_build_flags/lib/pkgconfig:${PKG_CONFIG_PATH} PYTHONPATH=/home/ros/autoware.ai/install/vector_map_msgs/lib/python2.7/dist-packages:${PYTHONPATH} ROS_PACKAGE_PATH=/home/ros/autoware.ai/install/vector_map/share:/home/ros/autoware.ai/install/vector_map_msgs/share:/home/ros/autoware.ai/install/autoware_build_flags/share:${ROS_PACKAGE_PATH} /usr/bin/cmake --build /home/ros/autoware.ai/build/libvectormap --target install -- -j12 -l12
