[0.038s] Invoking command in '/home/ros/autoware.ai/build/kitti_box_publisher': CMAKE_PREFIX_PATH=/home/ros/autoware.ai/install/autoware_msgs:${CMAKE_PREFIX_PATH} PKG_CONFIG_PATH=/home/ros/autoware.ai/install/autoware_msgs/lib/x86_64-linux-gnu/pkgconfig:/home/ros/autoware.ai/install/autoware_msgs/lib/pkgconfig:${PKG_CONFIG_PATH} PYTHONPATH=/home/ros/autoware.ai/install/autoware_msgs/lib/python2.7/dist-packages:${PYTHONPATH} ROS_PACKAGE_PATH=/home/ros/autoware.ai/install/autoware_msgs/share:${ROS_PACKAGE_PATH} /usr/bin/cmake /home/ros/autoware.ai/src/autoware/utilities/kitti_box_publisher -DCMAKE_BUILD_TYPE=Release -DCATKIN_INSTALL_INTO_PREFIX_ROOT=0 -DCMAKE_INSTALL_PREFIX=/home/ros/autoware.ai/install/kitti_box_publisher
[0.114s] -- The C compiler identification is GNU 7.5.0
[0.201s] -- The CXX compiler identification is GNU 7.5.0
[0.208s] -- Check for working C compiler: /usr/bin/cc
[0.432s] -- Check for working C compiler: /usr/bin/cc -- works
[0.432s] -- Detecting C compiler ABI info
[0.839s] -- Detecting C compiler ABI info - done
[0.866s] -- Detecting C compile features
[1.834s] -- Detecting C compile features - done
[1.838s] -- Check for working CXX compiler: /usr/bin/c++
[2.296s] -- Check for working CXX compiler: /usr/bin/c++ -- works
[2.297s] -- Detecting CXX compiler ABI info
[2.695s] -- Detecting CXX compiler ABI info - done
[2.710s] -- Detecting CXX compile features
[4.386s] -- Detecting CXX compile features - done
[4.389s] -- Using CATKIN_DEVEL_PREFIX: /home/ros/autoware.ai/build/kitti_box_publisher/devel
[4.389s] -- Using CMAKE_PREFIX_PATH: /home/ros/autoware.ai/install/autoware_msgs;/opt/ros/melodic
[4.389s] -- This workspace overlays: /home/ros/autoware.ai/install/autoware_msgs;/opt/ros/melodic
[4.415s] -- Found PythonInterp: /usr/bin/python2 (found suitable version "2.7.17", minimum required is "2") 
[4.416s] -- Using PYTHON_EXECUTABLE: /usr/bin/python2
[4.416s] -- Using Debian Python package layout
[4.417s] -- Using empy: /usr/bin/empy
[4.809s] -- Using CATKIN_ENABLE_TESTING: ON
[4.810s] -- Call enable_testing()
[4.814s] -- Using CATKIN_TEST_RESULTS_DIR: /home/ros/autoware.ai/build/kitti_box_publisher/test_results
[4.839s] -- Found gtest sources under '/usr/src/googletest': gtests will be built
[4.839s] -- Found gmock sources under '/usr/src/googletest': gmock will be built
[4.863s] -- Found PythonInterp: /usr/bin/python2 (found version "2.7.17") 
[4.865s] -- Looking for pthread.h
[5.110s] -- Looking for pthread.h - found
[5.110s] -- Looking for pthread_create
[5.330s] -- Looking for pthread_create - not found
[5.330s] -- Looking for pthread_create in pthreads
[5.535s] -- Looking for pthread_create in pthreads - not found
[5.535s] -- Looking for pthread_create in pthread
[5.653s] -- Looking for pthread_create in pthread - found
[5.654s] -- Found Threads: TRUE  
[5.660s] -- Using Python nosetests: /usr/bin/nosetests-2.7
[5.722s] -- catkin 0.7.29
[5.722s] -- BUILD_SHARED_LIBS is on
[6.109s] -- Using these message generators: gencpp;geneus;genlisp;gennodejs;genpy
[6.439s] -- Configuring done
[6.475s] -- Generating done
[6.483s] -- Build files have been written to: /home/ros/autoware.ai/build/kitti_box_publisher
[6.488s] Invoked command in '/home/ros/autoware.ai/build/kitti_box_publisher' returned '0': CMAKE_PREFIX_PATH=/home/ros/autoware.ai/install/autoware_msgs:${CMAKE_PREFIX_PATH} PKG_CONFIG_PATH=/home/ros/autoware.ai/install/autoware_msgs/lib/x86_64-linux-gnu/pkgconfig:/home/ros/autoware.ai/install/autoware_msgs/lib/pkgconfig:${PKG_CONFIG_PATH} PYTHONPATH=/home/ros/autoware.ai/install/autoware_msgs/lib/python2.7/dist-packages:${PYTHONPATH} ROS_PACKAGE_PATH=/home/ros/autoware.ai/install/autoware_msgs/share:${ROS_PACKAGE_PATH} /usr/bin/cmake /home/ros/autoware.ai/src/autoware/utilities/kitti_box_publisher -DCMAKE_BUILD_TYPE=Release -DCATKIN_INSTALL_INTO_PREFIX_ROOT=0 -DCMAKE_INSTALL_PREFIX=/home/ros/autoware.ai/install/kitti_box_publisher
[6.492s] Invoking command in '/home/ros/autoware.ai/build/kitti_box_publisher': CMAKE_PREFIX_PATH=/home/ros/autoware.ai/install/autoware_msgs:${CMAKE_PREFIX_PATH} PKG_CONFIG_PATH=/home/ros/autoware.ai/install/autoware_msgs/lib/x86_64-linux-gnu/pkgconfig:/home/ros/autoware.ai/install/autoware_msgs/lib/pkgconfig:${PKG_CONFIG_PATH} PYTHONPATH=/home/ros/autoware.ai/install/autoware_msgs/lib/python2.7/dist-packages:${PYTHONPATH} ROS_PACKAGE_PATH=/home/ros/autoware.ai/install/autoware_msgs/share:${ROS_PACKAGE_PATH} /usr/bin/cmake --build /home/ros/autoware.ai/build/kitti_box_publisher -- -j12 -l12
[6.574s] Invoked command in '/home/ros/autoware.ai/build/kitti_box_publisher' returned '0': CMAKE_PREFIX_PATH=/home/ros/autoware.ai/install/autoware_msgs:${CMAKE_PREFIX_PATH} PKG_CONFIG_PATH=/home/ros/autoware.ai/install/autoware_msgs/lib/x86_64-linux-gnu/pkgconfig:/home/ros/autoware.ai/install/autoware_msgs/lib/pkgconfig:${PKG_CONFIG_PATH} PYTHONPATH=/home/ros/autoware.ai/install/autoware_msgs/lib/python2.7/dist-packages:${PYTHONPATH} ROS_PACKAGE_PATH=/home/ros/autoware.ai/install/autoware_msgs/share:${ROS_PACKAGE_PATH} /usr/bin/cmake --build /home/ros/autoware.ai/build/kitti_box_publisher -- -j12 -l12
[6.760s] Invoking command in '/home/ros/autoware.ai/build/kitti_box_publisher': CMAKE_PREFIX_PATH=/home/ros/autoware.ai/install/autoware_msgs:${CMAKE_PREFIX_PATH} PKG_CONFIG_PATH=/home/ros/autoware.ai/install/autoware_msgs/lib/x86_64-linux-gnu/pkgconfig:/home/ros/autoware.ai/install/autoware_msgs/lib/pkgconfig:${PKG_CONFIG_PATH} PYTHONPATH=/home/ros/autoware.ai/install/autoware_msgs/lib/python2.7/dist-packages:${PYTHONPATH} ROS_PACKAGE_PATH=/home/ros/autoware.ai/install/autoware_msgs/share:${ROS_PACKAGE_PATH} /usr/bin/cmake --build /home/ros/autoware.ai/build/kitti_box_publisher --target tests -- -j12 -l12
[6.923s] [35m[1mScanning dependencies of target tests[0m
[6.955s] Built target tests
[6.979s] Invoked command in '/home/ros/autoware.ai/build/kitti_box_publisher' returned '0': CMAKE_PREFIX_PATH=/home/ros/autoware.ai/install/autoware_msgs:${CMAKE_PREFIX_PATH} PKG_CONFIG_PATH=/home/ros/autoware.ai/install/autoware_msgs/lib/x86_64-linux-gnu/pkgconfig:/home/ros/autoware.ai/install/autoware_msgs/lib/pkgconfig:${PKG_CONFIG_PATH} PYTHONPATH=/home/ros/autoware.ai/install/autoware_msgs/lib/python2.7/dist-packages:${PYTHONPATH} ROS_PACKAGE_PATH=/home/ros/autoware.ai/install/autoware_msgs/share:${ROS_PACKAGE_PATH} /usr/bin/cmake --build /home/ros/autoware.ai/build/kitti_box_publisher --target tests -- -j12 -l12
[7.388s] Invoking command in '/home/ros/autoware.ai/build/kitti_box_publisher': CMAKE_PREFIX_PATH=/home/ros/autoware.ai/install/autoware_msgs:${CMAKE_PREFIX_PATH} PKG_CONFIG_PATH=/home/ros/autoware.ai/install/autoware_msgs/lib/x86_64-linux-gnu/pkgconfig:/home/ros/autoware.ai/install/autoware_msgs/lib/pkgconfig:${PKG_CONFIG_PATH} PYTHONPATH=/home/ros/autoware.ai/install/autoware_msgs/lib/python2.7/dist-packages:${PYTHONPATH} ROS_PACKAGE_PATH=/home/ros/autoware.ai/install/autoware_msgs/share:${ROS_PACKAGE_PATH} /usr/bin/cmake --build /home/ros/autoware.ai/build/kitti_box_publisher --target install -- -j12 -l12
[7.491s] [36mInstall the project...[0m
[7.503s] -- Install configuration: "Release"
[7.504s] -- Installing: /home/ros/autoware.ai/install/kitti_box_publisher/lib/pkgconfig/kitti_box_publisher.pc
[7.504s] -- Installing: /home/ros/autoware.ai/install/kitti_box_publisher/share/kitti_box_publisher/cmake/kitti_box_publisherConfig.cmake
[7.504s] -- Installing: /home/ros/autoware.ai/install/kitti_box_publisher/share/kitti_box_publisher/cmake/kitti_box_publisherConfig-version.cmake
[7.504s] -- Installing: /home/ros/autoware.ai/install/kitti_box_publisher/share/kitti_box_publisher/package.xml
[7.505s] -- Installing: /home/ros/autoware.ai/install/kitti_box_publisher/lib/kitti_box_publisher/kitti_box_publisher.py
[7.521s] Invoked command in '/home/ros/autoware.ai/build/kitti_box_publisher' returned '0': CMAKE_PREFIX_PATH=/home/ros/autoware.ai/install/autoware_msgs:${CMAKE_PREFIX_PATH} PKG_CONFIG_PATH=/home/ros/autoware.ai/install/autoware_msgs/lib/x86_64-linux-gnu/pkgconfig:/home/ros/autoware.ai/install/autoware_msgs/lib/pkgconfig:${PKG_CONFIG_PATH} PYTHONPATH=/home/ros/autoware.ai/install/autoware_msgs/lib/python2.7/dist-packages:${PYTHONPATH} ROS_PACKAGE_PATH=/home/ros/autoware.ai/install/autoware_msgs/share:${ROS_PACKAGE_PATH} /usr/bin/cmake --build /home/ros/autoware.ai/build/kitti_box_publisher --target install -- -j12 -l12
