make[1]: *** [CMakeFiles/tf2_msgs_generate_messages_eus.dir/all] Interrupt
make[1]: *** [CMakeFiles/rosgraph_msgs_generate_messages_nodejs.dir/all] Interrupt
make[1]: *** [CMakeFiles/autoware_config_msgs_generate_messages_lisp.dir/all] Interrupt
make[1]: *** [CMakeFiles/tf2_msgs_generate_messages_cpp.dir/all] Interrupt
make[1]: *** [CMakeFiles/roscpp_generate_messages_nodejs.dir/all] Interrupt
make[1]: *** [CMakeFiles/actionlib_generate_messages_eus.dir/all] Interrupt
make[1]: *** [CMakeFiles/tf2_msgs_generate_messages_lisp.dir/all] Interrupt
make[1]: *** [CMakeFiles/tf2_msgs_generate_messages_nodejs.dir/all] Interrupt
make[1]: *** wait: No child processes.  Stop.
make[1]: *** [CMakeFiles/autoware_msgs_generate_messages_eus.dir/all] Interrupt
make[1]: *** Waiting for unfinished jobs....
make[1]: *** wait: No child processes.  Stop.
make[1]: *** [CMakeFiles/autoware_config_msgs_generate_messages_cpp.dir/all] Interrupt
make[1]: *** [CMakeFiles/autoware_config_msgs_generate_messages_eus.dir/all] Error 2
Traceback (most recent call last):
  File "/home/ros/.local/bin/cmake", line 11, in <module>
    sys.exit(cmake())
  File "/home/ros/.local/lib/python3.6/site-packages/cmake/__init__.py", line 46, in cmake
make: *** [all] Interrupt
    raise SystemExit(_program('cmake', sys.argv[1:]))
  File "/home/ros/.local/lib/python3.6/site-packages/cmake/__init__.py", line 42, in _program
    return subprocess.call([os.path.join(CMAKE_BIN_DIR, name)] + args)
  File "/usr/lib/python3.6/subprocess.py", line 289, in call
    return p.wait(timeout=timeout)
  File "/usr/lib/python3.6/subprocess.py", line 1477, in wait
    (pid, sts) = self._try_wait(0)
  File "/usr/lib/python3.6/subprocess.py", line 1424, in _try_wait
    (pid, sts) = os.waitpid(self.pid, wait_flags)
KeyboardInterrupt
