Determining if the pthread_create exist failed with the following output:
Change Dir: /home/ros/autoware.ai/build/data_preprocessor/CMakeFiles/CMakeTmp

Run Build Command:"/usr/bin/make" "cmTC_e98aa/fast"
/usr/bin/make -f CMakeFiles/cmTC_e98aa.dir/build.make CMakeFiles/cmTC_e98aa.dir/build
make[1]: Entering directory '/home/ros/autoware.ai/build/data_preprocessor/CMakeFiles/CMakeTmp'
Building C object CMakeFiles/cmTC_e98aa.dir/CheckSymbolExists.c.o
/usr/bin/cc    -o CMakeFiles/cmTC_e98aa.dir/CheckSymbolExists.c.o   -c /home/ros/autoware.ai/build/data_preprocessor/CMakeFiles/CMakeTmp/CheckSymbolExists.c
Linking C executable cmTC_e98aa
/usr/bin/cmake -E cmake_link_script CMakeFiles/cmTC_e98aa.dir/link.txt --verbose=1
/usr/bin/cc      -rdynamic CMakeFiles/cmTC_e98aa.dir/CheckSymbolExists.c.o  -o cmTC_e98aa 
CMakeFiles/cmTC_e98aa.dir/CheckSymbolExists.c.o: In function `main':
CheckSymbolExists.c:(.text+0x1b): undefined reference to `pthread_create'
collect2: error: ld returned 1 exit status
CMakeFiles/cmTC_e98aa.dir/build.make:97: recipe for target 'cmTC_e98aa' failed
make[1]: *** [cmTC_e98aa] Error 1
make[1]: Leaving directory '/home/ros/autoware.ai/build/data_preprocessor/CMakeFiles/CMakeTmp'
Makefile:126: recipe for target 'cmTC_e98aa/fast' failed
make: *** [cmTC_e98aa/fast] Error 2

File /home/ros/autoware.ai/build/data_preprocessor/CMakeFiles/CMakeTmp/CheckSymbolExists.c:
/* */
#include <pthread.h>

int main(int argc, char** argv)
{
  (void)argv;
#ifndef pthread_create
  return ((int*)(&pthread_create))[argc];
#else
  (void)argc;
  return 0;
#endif
}

Determining if the function pthread_create exists in the pthreads failed with the following output:
Change Dir: /home/ros/autoware.ai/build/data_preprocessor/CMakeFiles/CMakeTmp

Run Build Command:"/usr/bin/make" "cmTC_a5881/fast"
/usr/bin/make -f CMakeFiles/cmTC_a5881.dir/build.make CMakeFiles/cmTC_a5881.dir/build
make[1]: Entering directory '/home/ros/autoware.ai/build/data_preprocessor/CMakeFiles/CMakeTmp'
Building C object CMakeFiles/cmTC_a5881.dir/CheckFunctionExists.c.o
/usr/bin/cc   -DCHECK_FUNCTION_EXISTS=pthread_create   -o CMakeFiles/cmTC_a5881.dir/CheckFunctionExists.c.o   -c /usr/share/cmake-3.10/Modules/CheckFunctionExists.c
Linking C executable cmTC_a5881
/usr/bin/cmake -E cmake_link_script CMakeFiles/cmTC_a5881.dir/link.txt --verbose=1
/usr/bin/cc  -DCHECK_FUNCTION_EXISTS=pthread_create    -rdynamic CMakeFiles/cmTC_a5881.dir/CheckFunctionExists.c.o  -o cmTC_a5881 -lpthreads 
/usr/bin/ld: cannot find -lpthreads
collect2: error: ld returned 1 exit status
CMakeFiles/cmTC_a5881.dir/build.make:97: recipe for target 'cmTC_a5881' failed
make[1]: *** [cmTC_a5881] Error 1
make[1]: Leaving directory '/home/ros/autoware.ai/build/data_preprocessor/CMakeFiles/CMakeTmp'
Makefile:126: recipe for target 'cmTC_a5881/fast' failed
make: *** [cmTC_a5881/fast] Error 2


