-- The C compiler identification is GNU 7.5.0
-- The CXX compiler identification is GNU 7.5.0
-- Check for working C compiler: /usr/bin/cc
-- Check for working C compiler: /usr/bin/cc -- works
-- Detecting C compiler ABI info
-- Detecting C compiler ABI info - done
-- Detecting C compile features
-- Detecting C compile features - done
-- Check for working CXX compiler: /usr/bin/c++
-- Check for working CXX compiler: /usr/bin/c++ -- works
-- Detecting CXX compiler ABI info
-- Detecting CXX compiler ABI info - done
-- Detecting CXX compile features
-- Detecting CXX compile features - done
-- CUDA compilation status: .
-- Using CATKIN_DEVEL_PREFIX: /home/ros/autoware.ai/build/op_ros_helpers/devel
-- Using CMAKE_PREFIX_PATH: /home/ros/autoware.ai/install/op_simu;/home/ros/autoware.ai/install/op_planner;/home/ros/autoware.ai/install/op_utility;/home/ros/autoware.ai/install/map_file;/home/ros/autoware.ai/install/vector_map_server;/home/ros/autoware.ai/install/libwaypoint_follower;/home/ros/autoware.ai/install/lanelet2_extension;/home/ros/autoware.ai/install/vector_map;/home/ros/autoware.ai/install/amathutils_lib;/home/ros/autoware.ai/install/vector_map_msgs;/home/ros/autoware.ai/install/autoware_msgs;/home/ros/autoware.ai/install/autoware_lanelet2_msgs;/home/ros/autoware.ai/install/autoware_build_flags;/opt/ros/melodic
-- This workspace overlays: /home/ros/autoware.ai/install/op_simu;/home/ros/autoware.ai/install/op_planner;/home/ros/autoware.ai/install/op_utility;/home/ros/autoware.ai/install/map_file;/home/ros/autoware.ai/install/vector_map_server;/home/ros/autoware.ai/install/libwaypoint_follower;/home/ros/autoware.ai/install/lanelet2_extension;/home/ros/autoware.ai/install/vector_map;/home/ros/autoware.ai/install/amathutils_lib;/home/ros/autoware.ai/install/vector_map_msgs;/home/ros/autoware.ai/install/autoware_msgs;/home/ros/autoware.ai/install/autoware_lanelet2_msgs;/home/ros/autoware.ai/install/autoware_build_flags;/opt/ros/melodic
-- Found PythonInterp: /usr/bin/python2 (found suitable version "2.7.17", minimum required is "2") 
-- Using PYTHON_EXECUTABLE: /usr/bin/python2
-- Using Debian Python package layout
-- Using empy: /usr/bin/empy
-- Using CATKIN_ENABLE_TESTING: ON
-- Call enable_testing()
-- Using CATKIN_TEST_RESULTS_DIR: /home/ros/autoware.ai/build/op_ros_helpers/test_results
-- Found gtest sources under '/usr/src/googletest': gtests will be built
-- Found gmock sources under '/usr/src/googletest': gmock will be built
-- Found PythonInterp: /usr/bin/python2 (found version "2.7.17") 
-- Looking for pthread.h
-- Looking for pthread.h - found
-- Looking for pthread_create
-- Looking for pthread_create - not found
-- Looking for pthread_create in pthreads
-- Looking for pthread_create in pthreads - not found
-- Looking for pthread_create in pthread
-- Looking for pthread_create in pthread - found
-- Found Threads: TRUE  
-- Using Python nosetests: /usr/bin/nosetests-2.7
-- catkin 0.7.29
-- BUILD_SHARED_LIBS is on
-- Using these message generators: gencpp;geneus;genlisp;gennodejs;genpy
-- Configuring done
-- Generating done
-- Build files have been written to: /home/ros/autoware.ai/build/op_ros_helpers
[35m[1mScanning dependencies of target op_ros_helpers[0m
[ 33%] [32mBuilding CXX object CMakeFiles/op_ros_helpers.dir/src/PolygonGenerator.cpp.o[0m
[ 66%] [32mBuilding CXX object CMakeFiles/op_ros_helpers.dir/src/op_ROSHelpers.cpp.o[0m
[01m[K/home/ros/autoware.ai/src/autoware/common/op_ros_helpers/src/op_ROSHelpers.cpp:[m[K In static member function ‘[01m[Kstatic void PlannerHNS::ROSHelpers::ConvertPredictedTrajectoriesMarkers(std::vector<std::vector<PlannerHNS::WayPoint> >&, visualization_msgs::MarkerArray&, visualization_msgs::MarkerArray&)[m[K’:
[01m[K/home/ros/autoware.ai/src/autoware/common/op_ros_helpers/src/op_ROSHelpers.cpp:328:12:[m[K [01;35m[Kwarning: [m[Kunused variable ‘[01m[Kbasic_color[m[K’ [[01;35m[K-Wunused-variable[m[K]
     double [01;35m[Kbasic_color[m[K = 0.5;
            [01;35m[K^~~~~~~~~~~[m[K
[01m[K/home/ros/autoware.ai/src/autoware/common/op_ros_helpers/src/op_ROSHelpers.cpp:330:10:[m[K [01;35m[Kwarning: [m[Kunused variable ‘[01m[KbCurrent[m[K’ [[01;35m[K-Wunused-variable[m[K]
     bool [01;35m[KbCurrent[m[K = false;
          [01;35m[K^~~~~~~~[m[K
[01m[K/home/ros/autoware.ai/src/autoware/common/op_ros_helpers/src/op_ROSHelpers.cpp:[m[K In static member function ‘[01m[Kstatic void PlannerHNS::ROSHelpers::TrajectoriesToColoredMarkers(const std::vector<std::vector<PlannerHNS::WayPoint> >&, const std::vector<PlannerHNS::TrajectoryCost>&, const int&, visualization_msgs::MarkerArray&)[m[K’:
[01m[K/home/ros/autoware.ai/src/autoware/common/op_ros_helpers/src/op_ROSHelpers.cpp:720:10:[m[K [01;35m[Kwarning: [m[Kcomparison between signed and unsigned integer expressions [[01;35m[K-Wsign-compare[m[K]
     if([01;35m[Ki == iClosest[m[K)
        [01;35m[K~~^~~~~~~~~~~[m[K
[100%] [32m[1mLinking CXX shared library devel/lib/libop_ros_helpers.so[0m
[100%] Built target op_ros_helpers
[35m[1mScanning dependencies of target tests[0m
Built target tests
[100%] Built target op_ros_helpers
[36mInstall the project...[0m
-- Install configuration: "Release"
-- Installing: /home/ros/autoware.ai/install/op_ros_helpers/lib/pkgconfig/op_ros_helpers.pc
-- Installing: /home/ros/autoware.ai/install/op_ros_helpers/share/op_ros_helpers/cmake/op_ros_helpersConfig.cmake
-- Installing: /home/ros/autoware.ai/install/op_ros_helpers/share/op_ros_helpers/cmake/op_ros_helpersConfig-version.cmake
-- Installing: /home/ros/autoware.ai/install/op_ros_helpers/share/op_ros_helpers/package.xml
-- Installing: /home/ros/autoware.ai/install/op_ros_helpers/include/op_ros_helpers
-- Installing: /home/ros/autoware.ai/install/op_ros_helpers/include/op_ros_helpers/PolygonGenerator.h
-- Installing: /home/ros/autoware.ai/install/op_ros_helpers/include/op_ros_helpers/op_ROSHelpers.h
-- Installing: /home/ros/autoware.ai/install/op_ros_helpers/lib/libop_ros_helpers.so
-- Set runtime path of "/home/ros/autoware.ai/install/op_ros_helpers/lib/libop_ros_helpers.so" to ""
