[0.149s] Invoking command in '/home/ros/autoware.ai/build/fastvirtualscan': CMAKE_PREFIX_PATH=/home/ros/autoware.ai/install/autoware_build_flags:${CMAKE_PREFIX_PATH} PKG_CONFIG_PATH=/home/ros/autoware.ai/install/autoware_build_flags/lib/x86_64-linux-gnu/pkgconfig:/home/ros/autoware.ai/install/autoware_build_flags/lib/pkgconfig:${PKG_CONFIG_PATH} ROS_PACKAGE_PATH=/home/ros/autoware.ai/install/autoware_build_flags/share:${ROS_PACKAGE_PATH} /usr/bin/cmake /home/ros/autoware.ai/src/autoware/visualization/fastvirtualscan -DCMAKE_BUILD_TYPE=Release -DCATKIN_INSTALL_INTO_PREFIX_ROOT=0 -DCMAKE_INSTALL_PREFIX=/home/ros/autoware.ai/install/fastvirtualscan
[0.546s] -- The C compiler identification is GNU 7.5.0
[0.838s] -- The CXX compiler identification is GNU 7.5.0
[0.844s] -- Check for working C compiler: /usr/bin/cc
[1.343s] -- Check for working C compiler: /usr/bin/cc -- works
[1.344s] -- Detecting C compiler ABI info
[1.933s] -- Detecting C compiler ABI info - done
[1.950s] -- Detecting C compile features
[3.373s] -- Detecting C compile features - done
[3.375s] -- Check for working CXX compiler: /usr/bin/c++
[3.897s] -- Check for working CXX compiler: /usr/bin/c++ -- works
[3.897s] -- Detecting CXX compiler ABI info
[4.304s] -- Detecting CXX compiler ABI info - done
[4.322s] -- Detecting CXX compile features
[5.826s] -- Detecting CXX compile features - done
[5.827s] -- CUDA compilation status: .
[5.827s] -- Using CATKIN_DEVEL_PREFIX: /home/ros/autoware.ai/build/fastvirtualscan/devel
[5.827s] -- Using CMAKE_PREFIX_PATH: /home/ros/autoware.ai/install/autoware_build_flags;/opt/ros/melodic
[5.827s] -- This workspace overlays: /home/ros/autoware.ai/install/autoware_build_flags;/opt/ros/melodic
[5.860s] -- Found PythonInterp: /usr/bin/python2 (found suitable version "2.7.17", minimum required is "2") 
[5.860s] -- Using PYTHON_EXECUTABLE: /usr/bin/python2
[5.860s] -- Using Debian Python package layout
[5.860s] -- Using empy: /usr/bin/empy
[6.131s] -- Using CATKIN_ENABLE_TESTING: ON
[6.131s] -- Call enable_testing()
[6.134s] -- Using CATKIN_TEST_RESULTS_DIR: /home/ros/autoware.ai/build/fastvirtualscan/test_results
[6.160s] -- Found gtest sources under '/usr/src/googletest': gtests will be built
[6.160s] -- Found gmock sources under '/usr/src/googletest': gmock will be built
[6.197s] -- Found PythonInterp: /usr/bin/python2 (found version "2.7.17") 
[6.197s] -- Looking for pthread.h
[6.416s] -- Looking for pthread.h - found
[6.416s] -- Looking for pthread_create
[6.634s] -- Looking for pthread_create - not found
[6.635s] -- Looking for pthread_create in pthreads
[6.743s] -- Looking for pthread_create in pthreads - not found
[6.743s] -- Looking for pthread_create in pthread
[6.883s] -- Looking for pthread_create in pthread - found
[6.884s] -- Found Threads: TRUE  
[6.893s] -- Using Python nosetests: /usr/bin/nosetests-2.7
[6.962s] -- catkin 0.7.29
[6.962s] -- BUILD_SHARED_LIBS is on
[7.602s] -- Configuring done
[7.625s] -- Generating done
[7.629s] -- Build files have been written to: /home/ros/autoware.ai/build/fastvirtualscan
[7.640s] Invoked command in '/home/ros/autoware.ai/build/fastvirtualscan' returned '0': CMAKE_PREFIX_PATH=/home/ros/autoware.ai/install/autoware_build_flags:${CMAKE_PREFIX_PATH} PKG_CONFIG_PATH=/home/ros/autoware.ai/install/autoware_build_flags/lib/x86_64-linux-gnu/pkgconfig:/home/ros/autoware.ai/install/autoware_build_flags/lib/pkgconfig:${PKG_CONFIG_PATH} ROS_PACKAGE_PATH=/home/ros/autoware.ai/install/autoware_build_flags/share:${ROS_PACKAGE_PATH} /usr/bin/cmake /home/ros/autoware.ai/src/autoware/visualization/fastvirtualscan -DCMAKE_BUILD_TYPE=Release -DCATKIN_INSTALL_INTO_PREFIX_ROOT=0 -DCMAKE_INSTALL_PREFIX=/home/ros/autoware.ai/install/fastvirtualscan
[7.641s] Invoking command in '/home/ros/autoware.ai/build/fastvirtualscan': CMAKE_PREFIX_PATH=/home/ros/autoware.ai/install/autoware_build_flags:${CMAKE_PREFIX_PATH} PKG_CONFIG_PATH=/home/ros/autoware.ai/install/autoware_build_flags/lib/x86_64-linux-gnu/pkgconfig:/home/ros/autoware.ai/install/autoware_build_flags/lib/pkgconfig:${PKG_CONFIG_PATH} ROS_PACKAGE_PATH=/home/ros/autoware.ai/install/autoware_build_flags/share:${ROS_PACKAGE_PATH} /usr/bin/cmake --build /home/ros/autoware.ai/build/fastvirtualscan -- -j12 -l12
[7.782s] [35m[1mScanning dependencies of target fastvirtualscan[0m
[7.844s] [ 50%] [32mBuilding CXX object CMakeFiles/fastvirtualscan.dir/FastVirtualScan/fastvirtualscan.cpp.o[0m
[11.054s] [100%] [32m[1mLinking CXX shared library devel/lib/libfastvirtualscan.so[0m
[11.383s] [100%] Built target fastvirtualscan
[11.400s] Invoked command in '/home/ros/autoware.ai/build/fastvirtualscan' returned '0': CMAKE_PREFIX_PATH=/home/ros/autoware.ai/install/autoware_build_flags:${CMAKE_PREFIX_PATH} PKG_CONFIG_PATH=/home/ros/autoware.ai/install/autoware_build_flags/lib/x86_64-linux-gnu/pkgconfig:/home/ros/autoware.ai/install/autoware_build_flags/lib/pkgconfig:${PKG_CONFIG_PATH} ROS_PACKAGE_PATH=/home/ros/autoware.ai/install/autoware_build_flags/share:${ROS_PACKAGE_PATH} /usr/bin/cmake --build /home/ros/autoware.ai/build/fastvirtualscan -- -j12 -l12
[11.967s] Invoking command in '/home/ros/autoware.ai/build/fastvirtualscan': CMAKE_PREFIX_PATH=/home/ros/autoware.ai/install/autoware_build_flags:${CMAKE_PREFIX_PATH} PKG_CONFIG_PATH=/home/ros/autoware.ai/install/autoware_build_flags/lib/x86_64-linux-gnu/pkgconfig:/home/ros/autoware.ai/install/autoware_build_flags/lib/pkgconfig:${PKG_CONFIG_PATH} ROS_PACKAGE_PATH=/home/ros/autoware.ai/install/autoware_build_flags/share:${ROS_PACKAGE_PATH} /usr/bin/cmake --build /home/ros/autoware.ai/build/fastvirtualscan --target tests -- -j12 -l12
[12.130s] [35m[1mScanning dependencies of target tests[0m
[12.164s] Built target tests
[12.191s] Invoked command in '/home/ros/autoware.ai/build/fastvirtualscan' returned '0': CMAKE_PREFIX_PATH=/home/ros/autoware.ai/install/autoware_build_flags:${CMAKE_PREFIX_PATH} PKG_CONFIG_PATH=/home/ros/autoware.ai/install/autoware_build_flags/lib/x86_64-linux-gnu/pkgconfig:/home/ros/autoware.ai/install/autoware_build_flags/lib/pkgconfig:${PKG_CONFIG_PATH} ROS_PACKAGE_PATH=/home/ros/autoware.ai/install/autoware_build_flags/share:${ROS_PACKAGE_PATH} /usr/bin/cmake --build /home/ros/autoware.ai/build/fastvirtualscan --target tests -- -j12 -l12
[13.021s] Invoking command in '/home/ros/autoware.ai/build/fastvirtualscan': CMAKE_PREFIX_PATH=/home/ros/autoware.ai/install/autoware_build_flags:${CMAKE_PREFIX_PATH} PKG_CONFIG_PATH=/home/ros/autoware.ai/install/autoware_build_flags/lib/x86_64-linux-gnu/pkgconfig:/home/ros/autoware.ai/install/autoware_build_flags/lib/pkgconfig:${PKG_CONFIG_PATH} ROS_PACKAGE_PATH=/home/ros/autoware.ai/install/autoware_build_flags/share:${ROS_PACKAGE_PATH} /usr/bin/cmake --build /home/ros/autoware.ai/build/fastvirtualscan --target install -- -j12 -l12
[13.489s] [100%] Built target fastvirtualscan
[13.702s] [36mInstall the project...[0m
[13.749s] -- Install configuration: "Release"
[13.749s] -- Installing: /home/ros/autoware.ai/install/fastvirtualscan/lib/pkgconfig/fastvirtualscan.pc
[13.749s] -- Installing: /home/ros/autoware.ai/install/fastvirtualscan/share/fastvirtualscan/cmake/fastvirtualscanConfig.cmake
[13.749s] -- Installing: /home/ros/autoware.ai/install/fastvirtualscan/share/fastvirtualscan/cmake/fastvirtualscanConfig-version.cmake
[13.749s] -- Installing: /home/ros/autoware.ai/install/fastvirtualscan/share/fastvirtualscan/package.xml
[13.750s] -- Installing: /home/ros/autoware.ai/install/fastvirtualscan/include/fastvirtualscan
[13.750s] -- Installing: /home/ros/autoware.ai/install/fastvirtualscan/include/fastvirtualscan/fastvirtualscan.h
[13.750s] -- Installing: /home/ros/autoware.ai/install/fastvirtualscan/lib/libfastvirtualscan.so
[13.750s] -- Set runtime path of "/home/ros/autoware.ai/install/fastvirtualscan/lib/libfastvirtualscan.so" to ""
[13.824s] Invoked command in '/home/ros/autoware.ai/build/fastvirtualscan' returned '0': CMAKE_PREFIX_PATH=/home/ros/autoware.ai/install/autoware_build_flags:${CMAKE_PREFIX_PATH} PKG_CONFIG_PATH=/home/ros/autoware.ai/install/autoware_build_flags/lib/x86_64-linux-gnu/pkgconfig:/home/ros/autoware.ai/install/autoware_build_flags/lib/pkgconfig:${PKG_CONFIG_PATH} ROS_PACKAGE_PATH=/home/ros/autoware.ai/install/autoware_build_flags/share:${ROS_PACKAGE_PATH} /usr/bin/cmake --build /home/ros/autoware.ai/build/fastvirtualscan --target install -- -j12 -l12
