[0.056s] Invoking command in '/home/ros/autoware.ai/build/pixel_cloud_fusion': CMAKE_PREFIX_PATH=/home/ros/autoware.ai/install/autoware_build_flags:${CMAKE_PREFIX_PATH} PKG_CONFIG_PATH=/home/ros/autoware.ai/install/autoware_build_flags/lib/x86_64-linux-gnu/pkgconfig:/home/ros/autoware.ai/install/autoware_build_flags/lib/pkgconfig:${PKG_CONFIG_PATH} ROS_PACKAGE_PATH=/home/ros/autoware.ai/install/autoware_build_flags/share:${ROS_PACKAGE_PATH} /usr/bin/cmake /home/ros/autoware.ai/src/autoware/core_perception/pixel_cloud_fusion -DCMAKE_BUILD_TYPE=Release -DCATKIN_INSTALL_INTO_PREFIX_ROOT=0 -DCMAKE_INSTALL_PREFIX=/home/ros/autoware.ai/install/pixel_cloud_fusion
[0.172s] -- The C compiler identification is GNU 7.5.0
[0.260s] -- The CXX compiler identification is GNU 7.5.0
[0.267s] -- Check for working C compiler: /usr/bin/cc
[0.399s] -- Check for working C compiler: /usr/bin/cc -- works
[0.401s] -- Detecting C compiler ABI info
[0.545s] -- Detecting C compiler ABI info - done
[0.559s] -- Detecting C compile features
[0.927s] -- Detecting C compile features - done
[0.932s] -- Check for working CXX compiler: /usr/bin/c++
[1.055s] -- Check for working CXX compiler: /usr/bin/c++ -- works
[1.058s] -- Detecting CXX compiler ABI info
[1.258s] -- Detecting CXX compiler ABI info - done
[1.273s] -- Detecting CXX compile features
[1.934s] -- Detecting CXX compile features - done
[1.936s] -- CUDA compilation status: .
[1.939s] -- Using CATKIN_DEVEL_PREFIX: /home/ros/autoware.ai/build/pixel_cloud_fusion/devel
[1.940s] -- Using CMAKE_PREFIX_PATH: /home/ros/autoware.ai/install/autoware_build_flags;/opt/ros/melodic
[1.940s] -- This workspace overlays: /home/ros/autoware.ai/install/autoware_build_flags;/opt/ros/melodic
[1.981s] -- Found PythonInterp: /usr/bin/python2 (found suitable version "2.7.17", minimum required is "2") 
[1.982s] -- Using PYTHON_EXECUTABLE: /usr/bin/python2
[1.982s] -- Using Debian Python package layout
[1.983s] -- Using empy: /usr/bin/empy
[2.253s] -- Using CATKIN_ENABLE_TESTING: ON
[2.253s] -- Call enable_testing()
[2.260s] -- Using CATKIN_TEST_RESULTS_DIR: /home/ros/autoware.ai/build/pixel_cloud_fusion/test_results
[2.287s] -- Found gtest sources under '/usr/src/googletest': gtests will be built
[2.288s] -- Found gmock sources under '/usr/src/googletest': gmock will be built
[2.310s] -- Found PythonInterp: /usr/bin/python2 (found version "2.7.17") 
[2.312s] -- Looking for pthread.h
[2.494s] -- Looking for pthread.h - found
[2.497s] -- Looking for pthread_create
[2.623s] -- Looking for pthread_create - not found
[2.623s] -- Looking for pthread_create in pthreads
[2.753s] -- Looking for pthread_create in pthreads - not found
[2.754s] -- Looking for pthread_create in pthread
[2.953s] -- Looking for pthread_create in pthread - found
[2.953s] -- Found Threads: TRUE  
[2.958s] -- Using Python nosetests: /usr/bin/nosetests-2.7
[3.016s] -- catkin 0.7.29
[3.016s] -- BUILD_SHARED_LIBS is on
[4.094s] -- Using these message generators: gencpp;geneus;genlisp;gennodejs;genpy
[4.539s] -- Found OpenCV: /usr (found version "3.2.0") 
[4.561s] -- Checking for module 'eigen3'
[4.593s] --   Found eigen3, version 3.3.4
[4.679s] -- Found eigen: /usr/include/eigen3  
[4.801s] -- Boost version: 1.65.1
[4.802s] -- Found the following Boost libraries:
[4.802s] --   system
[4.802s] --   filesystem
[4.802s] --   thread
[4.802s] --   date_time
[4.802s] --   iostreams
[4.802s] --   serialization
[4.803s] --   chrono
[4.803s] --   atomic
[4.803s] --   regex
[4.806s] -- Checking for module 'libopenni'
[4.838s] --   Found libopenni, version 1.5.4.0
[4.910s] -- Found openni: /usr/lib/libOpenNI.so  
[4.911s] -- Checking for module 'libopenni2'
[4.944s] --   Found libopenni2, version 2.2.0.3
[5.039s] -- Found OpenNI2: /usr/lib/libOpenNI2.so  
[5.048s] -- Could NOT find ensenso (missing: ENSENSO_LIBRARY ENSENSO_INCLUDE_DIR) 
[5.048s] ** WARNING ** io features related to ensenso will be disabled
[5.053s] -- Could NOT find DAVIDSDK (missing: DAVIDSDK_LIBRARY DAVIDSDK_INCLUDE_DIR) 
[5.054s] ** WARNING ** io features related to davidSDK will be disabled
[5.055s] -- Could NOT find DSSDK (missing: _DSSDK_LIBRARIES) 
[5.056s] ** WARNING ** io features related to dssdk will be disabled
[5.056s] ** WARNING ** io features related to pcap will be disabled
[5.057s] ** WARNING ** io features related to png will be disabled
[5.146s] -- The imported target "vtkRenderingPythonTkWidgets" references the file
[5.146s]    "/usr/lib/x86_64-linux-gnu/libvtkRenderingPythonTkWidgets.so"
[5.147s] but this file does not exist.  Possible reasons include:
[5.147s] * The file was deleted, renamed, or moved to another location.
[5.147s] * An install or uninstall procedure did not complete successfully.
[5.147s] * The installation package was faulty and contained
[5.147s]    "/usr/lib/cmake/vtk-6.3/VTKTargets.cmake"
[5.147s] but not all the files it references.
[5.147s] 
[5.148s] -- The imported target "vtk" references the file
[5.148s]    "/usr/bin/vtk"
[5.148s] but this file does not exist.  Possible reasons include:
[5.148s] * The file was deleted, renamed, or moved to another location.
[5.148s] * An install or uninstall procedure did not complete successfully.
[5.148s] * The installation package was faulty and contained
[5.148s]    "/usr/lib/cmake/vtk-6.3/VTKTargets.cmake"
[5.148s] but not all the files it references.
[5.148s] 
[5.231s] -- Found libusb-1.0: /usr/include  
[5.231s] ** WARNING ** io features related to libusb-1.0 will be disabled
[5.232s] -- Checking for module 'flann'
[5.269s] --   Found flann, version 1.9.1
[5.355s] -- Found Flann: /usr/lib/x86_64-linux-gnu/libflann_cpp_s.a  
[5.424s] -- Could NOT find ensenso (missing: ENSENSO_LIBRARY ENSENSO_INCLUDE_DIR) 
[5.424s] ** WARNING ** visualization features related to ensenso will be disabled
[5.429s] -- Could NOT find DAVIDSDK (missing: DAVIDSDK_LIBRARY DAVIDSDK_INCLUDE_DIR) 
[5.429s] ** WARNING ** visualization features related to davidSDK will be disabled
[5.430s] -- Could NOT find DSSDK (missing: _DSSDK_LIBRARIES) 
[5.430s] ** WARNING ** visualization features related to dssdk will be disabled
[5.431s] -- Could NOT find RSSDK (missing: _RSSDK_LIBRARIES) 
[5.431s] ** WARNING ** visualization features related to rssdk will be disabled
[5.485s] -- Found qhull: /usr/lib/x86_64-linux-gnu/libqhull.so  
[5.537s] -- looking for PCL_COMMON
[5.540s] -- Found PCL_COMMON: /usr/lib/x86_64-linux-gnu/libpcl_common.so  
[5.540s] -- looking for PCL_OCTREE
[5.544s] -- Found PCL_OCTREE: /usr/lib/x86_64-linux-gnu/libpcl_octree.so  
[5.544s] -- looking for PCL_IO
[5.548s] -- Found PCL_IO: /usr/lib/x86_64-linux-gnu/libpcl_io.so  
[5.549s] -- looking for PCL_KDTREE
[5.550s] -- Found PCL_KDTREE: /usr/lib/x86_64-linux-gnu/libpcl_kdtree.so  
[5.550s] -- looking for PCL_SEARCH
[5.553s] -- Found PCL_SEARCH: /usr/lib/x86_64-linux-gnu/libpcl_search.so  
[5.553s] -- looking for PCL_SAMPLE_CONSENSUS
[5.556s] -- Found PCL_SAMPLE_CONSENSUS: /usr/lib/x86_64-linux-gnu/libpcl_sample_consensus.so  
[5.556s] -- looking for PCL_FILTERS
[5.559s] -- Found PCL_FILTERS: /usr/lib/x86_64-linux-gnu/libpcl_filters.so  
[5.560s] -- looking for PCL_2D
[5.561s] -- Found PCL_2D: /usr/include/pcl-1.8  
[5.561s] -- looking for PCL_GEOMETRY
[5.562s] -- Found PCL_GEOMETRY: /usr/include/pcl-1.8  
[5.562s] -- looking for PCL_FEATURES
[5.565s] -- Found PCL_FEATURES: /usr/lib/x86_64-linux-gnu/libpcl_features.so  
[5.566s] -- looking for PCL_ML
[5.569s] -- Found PCL_ML: /usr/lib/x86_64-linux-gnu/libpcl_ml.so  
[5.569s] -- looking for PCL_SEGMENTATION
[5.572s] -- Found PCL_SEGMENTATION: /usr/lib/x86_64-linux-gnu/libpcl_segmentation.so  
[5.573s] -- looking for PCL_VISUALIZATION
[5.575s] -- Found PCL_VISUALIZATION: /usr/lib/x86_64-linux-gnu/libpcl_visualization.so  
[5.576s] -- looking for PCL_SURFACE
[5.579s] -- Found PCL_SURFACE: /usr/lib/x86_64-linux-gnu/libpcl_surface.so  
[5.580s] -- looking for PCL_REGISTRATION
[5.582s] -- Found PCL_REGISTRATION: /usr/lib/x86_64-linux-gnu/libpcl_registration.so  
[5.583s] -- looking for PCL_KEYPOINTS
[5.586s] -- Found PCL_KEYPOINTS: /usr/lib/x86_64-linux-gnu/libpcl_keypoints.so  
[5.587s] -- looking for PCL_TRACKING
[5.589s] -- Found PCL_TRACKING: /usr/lib/x86_64-linux-gnu/libpcl_tracking.so  
[5.590s] -- looking for PCL_RECOGNITION
[5.593s] -- Found PCL_RECOGNITION: /usr/lib/x86_64-linux-gnu/libpcl_recognition.so  
[5.594s] -- looking for PCL_STEREO
[5.597s] -- Found PCL_STEREO: /usr/lib/x86_64-linux-gnu/libpcl_stereo.so  
[5.597s] -- looking for PCL_APPS
[5.600s] -- Found PCL_APPS: /usr/lib/x86_64-linux-gnu/libpcl_apps.so  
[5.603s] -- looking for PCL_IN_HAND_SCANNER
[5.605s] -- Found PCL_IN_HAND_SCANNER: /usr/include/pcl-1.8  
[5.605s] -- looking for PCL_MODELER
[5.606s] -- Found PCL_MODELER: /usr/include/pcl-1.8  
[5.606s] -- looking for PCL_POINT_CLOUD_EDITOR
[5.607s] -- Found PCL_POINT_CLOUD_EDITOR: /usr/include/pcl-1.8  
[5.607s] -- looking for PCL_OUTOFCORE
[5.610s] -- Found PCL_OUTOFCORE: /usr/lib/x86_64-linux-gnu/libpcl_outofcore.so  
[5.611s] -- looking for PCL_PEOPLE
[5.614s] -- Found PCL_PEOPLE: /usr/lib/x86_64-linux-gnu/libpcl_people.so  
[5.654s] -- Found PCL: /usr/lib/x86_64-linux-gnu/libboost_system.so;/usr/lib/x86_64-linux-gnu/libboost_filesystem.so;/usr/lib/x86_64-linux-gnu/libboost_thread.so;/usr/lib/x86_64-linux-gnu/libboost_date_time.so;/usr/lib/x86_64-linux-gnu/libboost_iostreams.so;/usr/lib/x86_64-linux-gnu/libboost_serialization.so;/usr/lib/x86_64-linux-gnu/libboost_chrono.so;/usr/lib/x86_64-linux-gnu/libboost_atomic.so;/usr/lib/x86_64-linux-gnu/libboost_regex.so;/usr/lib/x86_64-linux-gnu/libpthread.so;optimized;/usr/lib/x86_64-linux-gnu/libpcl_common.so;debug;/usr/lib/x86_64-linux-gnu/libpcl_common.so;optimized;/usr/lib/x86_64-linux-gnu/libpcl_octree.so;debug;/usr/lib/x86_64-linux-gnu/libpcl_octree.so;/usr/lib/libOpenNI.so;/usr/lib/libOpenNI2.so;vtkChartsCore;vtkCommonColor;vtkCommonDataModel;vtkCommonMath;vtkCommonCore;vtksys;vtkCommonMisc;vtkCommonSystem;vtkCommonTransforms;vtkInfovisCore;vtkFiltersExtraction;vtkCommonExecutionModel;vtkFiltersCore;vtkFiltersGeneral;vtkCommonComputationalGeometry;vtkFiltersStatistics;vtkImagingFourier;vtkImagingCore;vtkalglib;vtkRenderingContext2D;vtkRenderingCore;vtkFiltersGeometry;vtkFiltersSources;vtkRenderingFreeType;/usr/lib/x86_64-linux-gnu/libfreetype.so;/usr/lib/x86_64-linux-gnu/libz.so;vtkftgl;vtkDICOMParser;vtkDomainsChemistry;vtkIOXML;vtkIOGeometry;vtkIOCore;vtkIOXMLParser;/usr/lib/x86_64-linux-gnu/libexpat.so;vtkFiltersAMR;vtkParallelCore;vtkIOLegacy;vtkFiltersFlowPaths;vtkFiltersGeneric;vtkFiltersHybrid;vtkImagingSources;vtkFiltersHyperTree;vtkFiltersImaging;vtkImagingGeneral;vtkFiltersModeling;vtkFiltersParallel;vtkFiltersParallelFlowPaths;vtkParallelMPI;vtkFiltersParallelGeometry;vtkFiltersParallelImaging;vtkFiltersParallelMPI;vtkFiltersParallelStatistics;vtkFiltersProgrammable;vtkFiltersPython;/usr/lib/x86_64-linux-gnu/libpython2.7.so;vtkWrappingPythonCore;vtkWrappingTools;vtkFiltersReebGraph;vtkFiltersSMP;vtkFiltersSelection;vtkFiltersTexture;vtkFiltersVerdict;verdict;vtkGUISupportQt;vtkInteractionStyle;vtkRenderingOpenGL;vtkImagingHybrid;vtkIOImage;vtkmetaio;/usr/lib/x86_64-linux-gnu/libjpeg.so;/usr/lib/x86_64-linux-gnu/libpng.so;/usr/lib/x86_64-linux-gnu/libtiff.so;vtkGUISupportQtOpenGL;vtkGUISupportQtSQL;vtkIOSQL;sqlite3;vtkGUISupportQtWebkit;vtkViewsQt;vtkViewsInfovis;vtkInfovisLayout;vtkInfovisBoostGraphAlgorithms;vtkRenderingLabel;vtkViewsCore;vtkInteractionWidgets;vtkRenderingAnnotation;vtkImagingColor;vtkRenderingVolume;vtkGeovisCore;/usr/lib/x86_64-linux-gnu/libproj.so;vtkIOAMR;/usr/lib/x86_64-linux-gnu/hdf5/openmpi/libhdf5.so;/usr/lib/x86_64-linux-gnu/libsz.so;/usr/lib/x86_64-linux-gnu/libdl.so;/usr/lib/x86_64-linux-gnu/libm.so;/usr/lib/x86_64-linux-gnu/openmpi/lib/libmpi.so;vtkIOEnSight;vtkIOExodus;vtkexoIIc;/usr/lib/x86_64-linux-gnu/libnetcdf_c++.so;/usr/lib/x86_64-linux-gnu/libnetcdf.so;vtkIOExport;vtkRenderingGL2PS;vtkRenderingContextOpenGL;/usr/lib/x86_64-linux-gnu/libgl2ps.so;vtkIOFFMPEG;vtkIOMovie;/usr/lib/x86_64-linux-gnu/libtheoraenc.so;/usr/lib/x86_64-linux-gnu/libtheoradec.so;/usr/lib/x86_64-linux-gnu/libogg.so;vtkIOGDAL;vtkIOGeoJSON;vtkIOImport;vtkIOInfovis;/usr/lib/x86_64-linux-gnu/libxml2.so;vtkIOLSDyna;vtkIOMINC;vtkIOMPIImage;vtkIOMPIParallel;vtkIOParallel;vtkIONetCDF;/usr/lib/x86_64-linux-gnu/libjsoncpp.so;vtkIOMySQL;vtkIOODBC;vtkIOPLY;vtkIOParallelExodus;vtkIOParallelLSDyna;vtkIOParallelNetCDF;vtkIOParallelXML;vtkIOPostgreSQL;vtkIOVPIC;VPIC;vtkIOVideo;vtkIOXdmf2;vtkxdmf2;vtkImagingMath;vtkImagingMorphological;vtkImagingStatistics;vtkImagingStencil;vtkInteractionImage;vtkLocalExample;vtkParallelMPI4Py;vtkPythonInterpreter;vtkRenderingExternal;vtkRenderingFreeTypeFontConfig;vtkRenderingImage;vtkRenderingLIC;vtkRenderingLOD;vtkRenderingMatplotlib;vtkRenderingParallel;vtkRenderingParallelLIC;vtkRenderingQt;vtkRenderingVolumeAMR;vtkRenderingVolumeOpenGL;vtkTestingGenericBridge;vtkTestingIOSQL;vtkTestingRendering;vtkViewsContext2D;vtkViewsGeovis;vtkWrappingJava;optimized;/usr/lib/x86_64-linux-gnu/libpcl_io.so;debug;/usr/lib/x86_64-linux-gnu/libpcl_io.so;optimized;/usr/lib/x86_64-linux-gnu/libflann_cpp_s.a;debug;/usr/lib/x86_64-linux-gnu/libflann_cpp_s.a;optimized;/usr/lib/x86_64-linux-gnu/libpcl_kdtree.so;debug;/usr/lib/x86_64-linux-gnu/libpcl_kdtree.so;optimized;/usr/lib/x86_64-linux-gnu/libpcl_search.so;debug;/usr/lib/x86_64-linux-gnu/libpcl_search.so;optimized;/usr/lib/x86_64-linux-gnu/libpcl_sample_consensus.so;debug;/usr/lib/x86_64-linux-gnu/libpcl_sample_consensus.so;optimized;/usr/lib/x86_64-linux-gnu/libpcl_filters.so;debug;/usr/lib/x86_64-linux-gnu/libpcl_filters.so;optimized;/usr/lib/x86_64-linux-gnu/libpcl_features.so;debug;/usr/lib/x86_64-linux-gnu/libpcl_features.so;optimized;/usr/lib/x86_64-linux-gnu/libpcl_ml.so;debug;/usr/lib/x86_64-linux-gnu/libpcl_ml.so;optimized;/usr/lib/x86_64-linux-gnu/libpcl_segmentation.so;debug;/usr/lib/x86_64-linux-gnu/libpcl_segmentation.so;optimized;/usr/lib/x86_64-linux-gnu/libpcl_visualization.so;debug;/usr/lib/x86_64-linux-gnu/libpcl_visualization.so;optimized;/usr/lib/x86_64-linux-gnu/libqhull.so;debug;/usr/lib/x86_64-linux-gnu/libqhull.so;optimized;/usr/lib/x86_64-linux-gnu/libpcl_surface.so;debug;/usr/lib/x86_64-linux-gnu/libpcl_surface.so;optimized;/usr/lib/x86_64-linux-gnu/libpcl_registration.so;debug;/usr/lib/x86_64-linux-gnu/libpcl_registration.so;optimized;/usr/lib/x86_64-linux-gnu/libpcl_keypoints.so;debug;/usr/lib/x86_64-linux-gnu/libpcl_keypoints.so;optimized;/usr/lib/x86_64-linux-gnu/libpcl_tracking.so;debug;/usr/lib/x86_64-linux-gnu/libpcl_tracking.so;optimized;/usr/lib/x86_64-linux-gnu/libpcl_recognition.so;debug;/usr/lib/x86_64-linux-gnu/libpcl_recognition.so;optimized;/usr/lib/x86_64-linux-gnu/libpcl_stereo.so;debug;/usr/lib/x86_64-linux-gnu/libpcl_stereo.so;optimized;/usr/lib/x86_64-linux-gnu/libpcl_apps.so;debug;/usr/lib/x86_64-linux-gnu/libpcl_apps.so;optimized;/usr/lib/x86_64-linux-gnu/libpcl_outofcore.so;debug;/usr/lib/x86_64-linux-gnu/libpcl_outofcore.so;optimized;/usr/lib/x86_64-linux-gnu/libpcl_people.so;debug;/usr/lib/x86_64-linux-gnu/libpcl_people.so;/usr/lib/x86_64-linux-gnu/libboost_system.so;/usr/lib/x86_64-linux-gnu/libboost_filesystem.so;/usr/lib/x86_64-linux-gnu/libboost_thread.so;/usr/lib/x86_64-linux-gnu/libboost_date_time.so;/usr/lib/x86_64-linux-gnu/libboost_iostreams.so;/usr/lib/x86_64-linux-gnu/libboost_serialization.so;/usr/lib/x86_64-linux-gnu/libboost_chrono.so;/usr/lib/x86_64-linux-gnu/libboost_atomic.so;/usr/lib/x86_64-linux-gnu/libboost_regex.so;/usr/lib/x86_64-linux-gnu/libpthread.so;optimized;/usr/lib/x86_64-linux-gnu/libqhull.so;debug;/usr/lib/x86_64-linux-gnu/libqhull.so;/usr/lib/libOpenNI.so;/usr/lib/libOpenNI2.so;optimized;/usr/lib/x86_64-linux-gnu/libflann_cpp_s.a;debug;/usr/lib/x86_64-linux-gnu/libflann_cpp_s.a;vtkChartsCore;vtkCommonColor;vtkCommonDataModel;vtkCommonMath;vtkCommonCore;vtksys;vtkCommonMisc;vtkCommonSystem;vtkCommonTransforms;vtkInfovisCore;vtkFiltersExtraction;vtkCommonExecutionModel;vtkFiltersCore;vtkFiltersGeneral;vtkCommonComputationalGeometry;vtkFiltersStatistics;vtkImagingFourier;vtkImagingCore;vtkalglib;vtkRenderingContext2D;vtkRenderingCore;vtkFiltersGeometry;vtkFiltersSources;vtkRenderingFreeType;/usr/lib/x86_64-linux-gnu/libfreetype.so;/usr/lib/x86_64-linux-gnu/libz.so;vtkftgl;vtkDICOMParser;vtkDomainsChemistry;vtkIOXML;vtkIOGeometry;vtkIOCore;vtkIOXMLParser;/usr/lib/x86_64-linux-gnu/libexpat.so;vtkFiltersAMR;vtkParallelCore;vtkIOLegacy;vtkFiltersFlowPaths;vtkFiltersGeneric;vtkFiltersHybrid;vtkImagingSources;vtkFiltersHyperTree;vtkFiltersImaging;vtkImagingGeneral;vtkFiltersModeling;vtkFiltersParallel;vtkFiltersParallelFlowPaths;vtkParallelMPI;vtkFiltersParallelGeometry;vtkFiltersParallelImaging;vtkFiltersParallelMPI;vtkFiltersParallelStatistics;vtkFiltersProgrammable;vtkFiltersPython;/usr/lib/x86_64-linux-gnu/libpython2.7.so;vtkWrappingPythonCore;vtkWrappingTools;vtkFiltersReebGraph;vtkFiltersSMP;vtkFiltersSelection;vtkFiltersTexture;vtkFiltersVerdict;verdict;vtkGUISupportQt;vtkInteractionStyle;vtkRenderingOpenGL;vtkImagingHybrid;vtkIOImage;vtkmetaio;/usr/lib/x86_64-linux-gnu/libjpeg.so;/usr/lib/x86_64-linux-gnu/libpng.so;/usr/lib/x86_64-linux-gnu/libtiff.so;vtkGUISupportQtOpenGL;vtkGUISupportQtSQL;vtkIOSQL;sqlite3;vtkGUISupportQtWebkit;vtkViewsQt;vtkViewsInfovis;vtkInfovisLayout;vtkInfovisBoostGraphAlgorithms;vtkRenderingLabel;vtkViewsCore;vtkInteractionWidgets;vtkRenderingAnnotation;vtkImagingColor;vtkRenderingVolume;vtkGeovisCore;/usr/lib/x86_64-linux-gnu/libproj.so;vtkIOAMR;/usr/lib/x86_64-linux-gnu/hdf5/openmpi/libhdf5.so;/usr/lib/x86_64-linux-gnu/libsz.so;/usr/lib/x86_64-linux-gnu/libdl.so;/usr/lib/x86_64-linux-gnu/libm.so;/usr/lib/x86_64-linux-gnu/openmpi/lib/libmpi.so;vtkIOEnSight;vtkIOExodus;vtkexoIIc;/usr/lib/x86_64-linux-gnu/libnetcdf_c++.so;/usr/lib/x86_64-linux-gnu/libnetcdf.so;vtkIOExport;vtkRenderingGL2PS;vtkRenderingContextOpenGL;/usr/lib/x86_64-linux-gnu/libgl2ps.so;vtkIOFFMPEG;vtkIOMovie;/usr/lib/x86_64-linux-gnu/libtheoraenc.so;/usr/lib/x86_64-linux-gnu/libtheoradec.so;/usr/lib/x86_64-linux-gnu/libogg.so;vtkIOGDAL;vtkIOGeoJSON;vtkIOImport;vtkIOInfovis;/usr/lib/x86_64-linux-gnu/libxml2.so;vtkIOLSDyna;vtkIOMINC;vtkIOMPIImage;vtkIOMPIParallel;vtkIOParallel;vtkIONetCDF;/usr/lib/x86_64-linux-gnu/libjsoncpp.so;vtkIOMySQL;vtkIOODBC;vtkIOPLY;vtkIOParallelExodus;vtkIOParallelLSDyna;vtkIOParallelNetCDF;vtkIOParallelXML;vtkIOPostgreSQL;vtkIOVPIC;VPIC;vtkIOVideo;vtkIOXdmf2;vtkxdmf2;vtkImagingMath;vtkImagingMorphological;vtkImagingStatistics;vtkImagingStencil;vtkInteractionImage;vtkLocalExample;vtkParallelMPI4Py;vtkPythonInterpreter;vtkRenderingExternal;vtkRenderingFreeTypeFontConfig;vtkRenderingImage;vtkRenderingLIC;vtkRenderingLOD;vtkRenderingMatplotlib;vtkRenderingParallel;vtkRenderingParallelLIC;vtkRenderingQt;vtkRenderingVolumeAMR;vtkRenderingVolumeOpenGL;vtkTestingGenericBridge;vtkTestingIOSQL;vtkTestingRendering;vtkViewsContext2D;vtkViewsGeovis;vtkWrappingJava  
[6.071s] -- Found OpenMP_C: -fopenmp (found version "4.5") 
[6.214s] -- Found OpenMP_CXX: -fopenmp (found version "4.5") 
[6.216s] -- Found OpenMP: TRUE (found version "4.5")  
[6.428s] -- Configuring done
[6.685s] -- Generating done
[6.699s] -- Build files have been written to: /home/ros/autoware.ai/build/pixel_cloud_fusion
[6.717s] Invoked command in '/home/ros/autoware.ai/build/pixel_cloud_fusion' returned '0': CMAKE_PREFIX_PATH=/home/ros/autoware.ai/install/autoware_build_flags:${CMAKE_PREFIX_PATH} PKG_CONFIG_PATH=/home/ros/autoware.ai/install/autoware_build_flags/lib/x86_64-linux-gnu/pkgconfig:/home/ros/autoware.ai/install/autoware_build_flags/lib/pkgconfig:${PKG_CONFIG_PATH} ROS_PACKAGE_PATH=/home/ros/autoware.ai/install/autoware_build_flags/share:${ROS_PACKAGE_PATH} /usr/bin/cmake /home/ros/autoware.ai/src/autoware/core_perception/pixel_cloud_fusion -DCMAKE_BUILD_TYPE=Release -DCATKIN_INSTALL_INTO_PREFIX_ROOT=0 -DCMAKE_INSTALL_PREFIX=/home/ros/autoware.ai/install/pixel_cloud_fusion
[6.719s] Invoking command in '/home/ros/autoware.ai/build/pixel_cloud_fusion': CMAKE_PREFIX_PATH=/home/ros/autoware.ai/install/autoware_build_flags:${CMAKE_PREFIX_PATH} PKG_CONFIG_PATH=/home/ros/autoware.ai/install/autoware_build_flags/lib/x86_64-linux-gnu/pkgconfig:/home/ros/autoware.ai/install/autoware_build_flags/lib/pkgconfig:${PKG_CONFIG_PATH} ROS_PACKAGE_PATH=/home/ros/autoware.ai/install/autoware_build_flags/share:${ROS_PACKAGE_PATH} /usr/bin/cmake --build /home/ros/autoware.ai/build/pixel_cloud_fusion -- -j12 -l12
[6.834s] [35m[1mScanning dependencies of target actionlib_msgs_generate_messages_py[0m
[6.863s] [  0%] Built target actionlib_msgs_generate_messages_py
[6.877s] [35m[1mScanning dependencies of target std_msgs_generate_messages_nodejs[0m
[6.923s] [  0%] Built target std_msgs_generate_messages_nodejs
[6.951s] [35m[1mScanning dependencies of target bond_generate_messages_lisp[0m
[6.975s] [  0%] Built target bond_generate_messages_lisp
[7.015s] [35m[1mScanning dependencies of target topic_tools_generate_messages_eus[0m
[7.026s] [  0%] Built target topic_tools_generate_messages_eus
[7.038s] [35m[1mScanning dependencies of target rosgraph_msgs_generate_messages_nodejs[0m
[7.049s] [  0%] Built target rosgraph_msgs_generate_messages_nodejs
[7.061s] [35m[1mScanning dependencies of target std_msgs_generate_messages_eus[0m
[7.077s] [  0%] Built target std_msgs_generate_messages_eus
[7.116s] [35m[1mScanning dependencies of target pcl_msgs_generate_messages_nodejs[0m
[7.131s] [  0%] Built target pcl_msgs_generate_messages_nodejs
[7.145s] [35m[1mScanning dependencies of target nodelet_generate_messages_nodejs[0m
[7.162s] [  0%] Built target nodelet_generate_messages_nodejs
[7.178s] [35m[1mScanning dependencies of target sensor_msgs_generate_messages_lisp[0m
[7.193s] [  0%] Built target sensor_msgs_generate_messages_lisp
[7.208s] [35m[1mScanning dependencies of target pcl_msgs_generate_messages_cpp[0m
[7.232s] [  0%] Built target pcl_msgs_generate_messages_cpp
[7.249s] [35m[1mScanning dependencies of target dynamic_reconfigure_generate_messages_lisp[0m
[7.282s] [  0%] Built target dynamic_reconfigure_generate_messages_lisp
[7.302s] [35m[1mScanning dependencies of target std_srvs_generate_messages_eus[0m
[7.323s] [  0%] Built target std_srvs_generate_messages_eus
[7.342s] [35m[1mScanning dependencies of target roscpp_generate_messages_lisp[0m
[7.359s] [  0%] Built target roscpp_generate_messages_lisp
[7.381s] [35m[1mScanning dependencies of target bond_generate_messages_eus[0m
[7.404s] [  0%] Built target bond_generate_messages_eus
[7.432s] [35m[1mScanning dependencies of target std_msgs_generate_messages_cpp[0m
[7.454s] [  0%] Built target std_msgs_generate_messages_cpp
[7.467s] [35m[1mScanning dependencies of target roscpp_generate_messages_py[0m
[7.482s] [  0%] Built target roscpp_generate_messages_py
[7.515s] [35m[1mScanning dependencies of target roscpp_generate_messages_cpp[0m
[7.530s] [  0%] Built target roscpp_generate_messages_cpp
[7.552s] [35m[1mScanning dependencies of target sensor_msgs_generate_messages_nodejs[0m
[7.590s] [  0%] Built target sensor_msgs_generate_messages_nodejs
[7.616s] [35m[1mScanning dependencies of target actionlib_generate_messages_cpp[0m
[7.642s] [  0%] Built target actionlib_generate_messages_cpp
[7.668s] [35m[1mScanning dependencies of target geometry_msgs_generate_messages_nodejs[0m
[7.687s] [  0%] Built target geometry_msgs_generate_messages_nodejs
[7.701s] [35m[1mScanning dependencies of target nodelet_generate_messages_py[0m
[7.723s] [  0%] Built target nodelet_generate_messages_py
[7.763s] [35m[1mScanning dependencies of target sensor_msgs_generate_messages_py[0m
[7.787s] [  0%] Built target sensor_msgs_generate_messages_py
[7.821s] [35m[1mScanning dependencies of target dynamic_reconfigure_generate_messages_cpp[0m
[7.856s] [  0%] Built target dynamic_reconfigure_generate_messages_cpp
[7.881s] [35m[1mScanning dependencies of target tf_generate_messages_py[0m
[7.900s] [  0%] Built target tf_generate_messages_py
[7.919s] [35m[1mScanning dependencies of target geometry_msgs_generate_messages_lisp[0m
[7.946s] [  0%] Built target geometry_msgs_generate_messages_lisp
[7.999s] [35m[1mScanning dependencies of target roscpp_generate_messages_nodejs[0m
[8.009s] [  0%] Built target roscpp_generate_messages_nodejs
[8.048s] [35m[1mScanning dependencies of target std_msgs_generate_messages_lisp[0m
[8.070s] [  0%] Built target std_msgs_generate_messages_lisp
[8.095s] [35m[1mScanning dependencies of target sensor_msgs_generate_messages_cpp[0m
[8.109s] [  0%] Built target sensor_msgs_generate_messages_cpp
[8.127s] [35m[1mScanning dependencies of target sensor_msgs_generate_messages_eus[0m
[8.141s] [  0%] Built target sensor_msgs_generate_messages_eus
[8.160s] [35m[1mScanning dependencies of target pcl_ros_gencfg[0m
[8.174s] [  0%] Built target pcl_ros_gencfg
[8.201s] [35m[1mScanning dependencies of target topic_tools_generate_messages_nodejs[0m
[8.215s] [  0%] Built target topic_tools_generate_messages_nodejs
[8.230s] [35m[1mScanning dependencies of target tf2_msgs_generate_messages_py[0m
[8.248s] [  0%] Built target tf2_msgs_generate_messages_py
[8.262s] [35m[1mScanning dependencies of target actionlib_generate_messages_py[0m
[8.276s] [  0%] Built target actionlib_generate_messages_py
[8.298s] [35m[1mScanning dependencies of target geometry_msgs_generate_messages_py[0m
[8.314s] [  0%] Built target geometry_msgs_generate_messages_py
[8.339s] [35m[1mScanning dependencies of target dynamic_reconfigure_generate_messages_eus[0m
[8.361s] [  0%] Built target dynamic_reconfigure_generate_messages_eus
[8.377s] [35m[1mScanning dependencies of target dynamic_reconfigure_generate_messages_nodejs[0m
[8.409s] [  0%] Built target dynamic_reconfigure_generate_messages_nodejs
[8.433s] [35m[1mScanning dependencies of target dynamic_reconfigure_generate_messages_py[0m
[8.525s] [  0%] Built target dynamic_reconfigure_generate_messages_py
[8.577s] [35m[1mScanning dependencies of target tf2_msgs_generate_messages_lisp[0m
[8.651s] [  0%] Built target tf2_msgs_generate_messages_lisp
[8.685s] [35m[1mScanning dependencies of target dynamic_reconfigure_gencfg[0m
[8.736s] [  0%] Built target dynamic_reconfigure_gencfg
[8.783s] [35m[1mScanning dependencies of target nodelet_generate_messages_cpp[0m
[8.852s] [  0%] Built target nodelet_generate_messages_cpp
[8.913s] [35m[1mScanning dependencies of target bond_generate_messages_py[0m
[8.964s] [  0%] Built target bond_generate_messages_py
[9.013s] [35m[1mScanning dependencies of target std_srvs_generate_messages_nodejs[0m
[9.068s] [  0%] Built target std_srvs_generate_messages_nodejs
[9.133s] [35m[1mScanning dependencies of target geometry_msgs_generate_messages_cpp[0m
[9.163s] [  0%] Built target geometry_msgs_generate_messages_cpp
[9.203s] [35m[1mScanning dependencies of target actionlib_generate_messages_lisp[0m
[9.248s] [  0%] Built target actionlib_generate_messages_lisp
[9.282s] [35m[1mScanning dependencies of target nodelet_generate_messages_eus[0m
[9.346s] [  0%] Built target nodelet_generate_messages_eus
[9.364s] [35m[1mScanning dependencies of target nodelet_generate_messages_lisp[0m
[9.407s] [  0%] Built target nodelet_generate_messages_lisp
[9.460s] [35m[1mScanning dependencies of target roscpp_generate_messages_eus[0m
[9.494s] [  0%] Built target roscpp_generate_messages_eus
[9.518s] [35m[1mScanning dependencies of target rosgraph_msgs_generate_messages_py[0m
[9.561s] [  0%] Built target rosgraph_msgs_generate_messages_py
[9.606s] [35m[1mScanning dependencies of target actionlib_msgs_generate_messages_eus[0m
[9.668s] [  0%] Built target actionlib_msgs_generate_messages_eus
[9.723s] [35m[1mScanning dependencies of target bond_generate_messages_cpp[0m
[9.779s] [  0%] Built target bond_generate_messages_cpp
[9.833s] [35m[1mScanning dependencies of target bond_generate_messages_nodejs[0m
[9.878s] [  0%] Built target bond_generate_messages_nodejs
[9.914s] [35m[1mScanning dependencies of target actionlib_msgs_generate_messages_nodejs[0m
[9.975s] [  0%] Built target actionlib_msgs_generate_messages_nodejs
[10.040s] [35m[1mScanning dependencies of target topic_tools_generate_messages_py[0m
[10.106s] [  0%] Built target topic_tools_generate_messages_py
[10.155s] [35m[1mScanning dependencies of target nodelet_topic_tools_gencfg[0m
[10.189s] [  0%] Built target nodelet_topic_tools_gencfg
[10.209s] [35m[1mScanning dependencies of target std_srvs_generate_messages_lisp[0m
[10.231s] [  0%] Built target std_srvs_generate_messages_lisp
[10.244s] [35m[1mScanning dependencies of target topic_tools_generate_messages_lisp[0m
[10.261s] [  0%] Built target topic_tools_generate_messages_lisp
[10.276s] [35m[1mScanning dependencies of target std_srvs_generate_messages_cpp[0m
[10.293s] [  0%] Built target std_srvs_generate_messages_cpp
[10.312s] [35m[1mScanning dependencies of target tf_generate_messages_eus[0m
[10.330s] [  0%] Built target tf_generate_messages_eus
[10.345s] [35m[1mScanning dependencies of target actionlib_msgs_generate_messages_cpp[0m
[10.359s] [  0%] Built target actionlib_msgs_generate_messages_cpp
[10.377s] [35m[1mScanning dependencies of target std_srvs_generate_messages_py[0m
[10.393s] [  0%] Built target std_srvs_generate_messages_py
[10.413s] [35m[1mScanning dependencies of target tf_generate_messages_lisp[0m
[10.427s] [  0%] Built target tf_generate_messages_lisp
[10.443s] [35m[1mScanning dependencies of target tf_generate_messages_nodejs[0m
[10.466s] [  0%] Built target tf_generate_messages_nodejs
[10.483s] [35m[1mScanning dependencies of target pcl_msgs_generate_messages_py[0m
[10.496s] [  0%] Built target pcl_msgs_generate_messages_py
[10.515s] [35m[1mScanning dependencies of target actionlib_generate_messages_eus[0m
[10.528s] [  0%] Built target actionlib_generate_messages_eus
[10.545s] [35m[1mScanning dependencies of target pcl_msgs_generate_messages_lisp[0m
[10.559s] [  0%] Built target pcl_msgs_generate_messages_lisp
[10.575s] [35m[1mScanning dependencies of target tf_generate_messages_cpp[0m
[10.603s] [  0%] Built target tf_generate_messages_cpp
[10.626s] [35m[1mScanning dependencies of target actionlib_generate_messages_nodejs[0m
[10.650s] [  0%] Built target actionlib_generate_messages_nodejs
[10.664s] [35m[1mScanning dependencies of target actionlib_msgs_generate_messages_lisp[0m
[10.678s] [  0%] Built target actionlib_msgs_generate_messages_lisp
[10.692s] [35m[1mScanning dependencies of target std_msgs_generate_messages_py[0m
[10.707s] [  0%] Built target std_msgs_generate_messages_py
[10.722s] [35m[1mScanning dependencies of target geometry_msgs_generate_messages_eus[0m
[10.761s] [  0%] Built target geometry_msgs_generate_messages_eus
[10.781s] [35m[1mScanning dependencies of target topic_tools_generate_messages_cpp[0m
[10.805s] [  0%] Built target topic_tools_generate_messages_cpp
[10.833s] [35m[1mScanning dependencies of target rosgraph_msgs_generate_messages_cpp[0m
[10.847s] [  0%] Built target rosgraph_msgs_generate_messages_cpp
[10.875s] [35m[1mScanning dependencies of target rosgraph_msgs_generate_messages_eus[0m
[10.890s] [  0%] Built target rosgraph_msgs_generate_messages_eus
[10.915s] [35m[1mScanning dependencies of target rosgraph_msgs_generate_messages_lisp[0m
[10.933s] [  0%] Built target rosgraph_msgs_generate_messages_lisp
[10.969s] [35m[1mScanning dependencies of target pcl_msgs_generate_messages_eus[0m
[10.993s] [  0%] Built target pcl_msgs_generate_messages_eus
[11.015s] [35m[1mScanning dependencies of target tf2_msgs_generate_messages_cpp[0m
[11.030s] [  0%] Built target tf2_msgs_generate_messages_cpp
[11.058s] [35m[1mScanning dependencies of target tf2_msgs_generate_messages_eus[0m
[11.073s] [  0%] Built target tf2_msgs_generate_messages_eus
[11.091s] [35m[1mScanning dependencies of target tf2_msgs_generate_messages_nodejs[0m
[11.108s] [  0%] Built target tf2_msgs_generate_messages_nodejs
[11.140s] [35m[1mScanning dependencies of target pixel_cloud_fusion_lib[0m
[11.277s] [ 25%] [32mBuilding CXX object CMakeFiles/pixel_cloud_fusion_lib.dir/src/pixel_cloud_fusion.cpp.o[0m
[33.564s] [ 50%] [32m[1mLinking CXX shared library devel/lib/libpixel_cloud_fusion_lib.so[0m
[35.660s] [ 50%] Built target pixel_cloud_fusion_lib
[35.685s] [35m[1mScanning dependencies of target pixel_cloud_fusion[0m
[35.804s] [ 75%] [32mBuilding CXX object CMakeFiles/pixel_cloud_fusion.dir/src/pixel_cloud_fusion_node.cpp.o[0m
[53.827s] [100%] [32m[1mLinking CXX executable devel/lib/pixel_cloud_fusion/pixel_cloud_fusion[0m
[55.523s] [100%] Built target pixel_cloud_fusion
[55.541s] Invoked command in '/home/ros/autoware.ai/build/pixel_cloud_fusion' returned '0': CMAKE_PREFIX_PATH=/home/ros/autoware.ai/install/autoware_build_flags:${CMAKE_PREFIX_PATH} PKG_CONFIG_PATH=/home/ros/autoware.ai/install/autoware_build_flags/lib/x86_64-linux-gnu/pkgconfig:/home/ros/autoware.ai/install/autoware_build_flags/lib/pkgconfig:${PKG_CONFIG_PATH} ROS_PACKAGE_PATH=/home/ros/autoware.ai/install/autoware_build_flags/share:${ROS_PACKAGE_PATH} /usr/bin/cmake --build /home/ros/autoware.ai/build/pixel_cloud_fusion -- -j12 -l12
[56.564s] Invoking command in '/home/ros/autoware.ai/build/pixel_cloud_fusion': CMAKE_PREFIX_PATH=/home/ros/autoware.ai/install/autoware_build_flags:${CMAKE_PREFIX_PATH} PKG_CONFIG_PATH=/home/ros/autoware.ai/install/autoware_build_flags/lib/x86_64-linux-gnu/pkgconfig:/home/ros/autoware.ai/install/autoware_build_flags/lib/pkgconfig:${PKG_CONFIG_PATH} ROS_PACKAGE_PATH=/home/ros/autoware.ai/install/autoware_build_flags/share:${ROS_PACKAGE_PATH} /usr/bin/cmake --build /home/ros/autoware.ai/build/pixel_cloud_fusion --target tests -- -j12 -l12
[56.779s] [35m[1mScanning dependencies of target tests[0m
[56.829s] Built target tests
[56.867s] Invoked command in '/home/ros/autoware.ai/build/pixel_cloud_fusion' returned '0': CMAKE_PREFIX_PATH=/home/ros/autoware.ai/install/autoware_build_flags:${CMAKE_PREFIX_PATH} PKG_CONFIG_PATH=/home/ros/autoware.ai/install/autoware_build_flags/lib/x86_64-linux-gnu/pkgconfig:/home/ros/autoware.ai/install/autoware_build_flags/lib/pkgconfig:${PKG_CONFIG_PATH} ROS_PACKAGE_PATH=/home/ros/autoware.ai/install/autoware_build_flags/share:${ROS_PACKAGE_PATH} /usr/bin/cmake --build /home/ros/autoware.ai/build/pixel_cloud_fusion --target tests -- -j12 -l12
[57.885s] Invoking command in '/home/ros/autoware.ai/build/pixel_cloud_fusion': CMAKE_PREFIX_PATH=/home/ros/autoware.ai/install/autoware_build_flags:${CMAKE_PREFIX_PATH} PKG_CONFIG_PATH=/home/ros/autoware.ai/install/autoware_build_flags/lib/x86_64-linux-gnu/pkgconfig:/home/ros/autoware.ai/install/autoware_build_flags/lib/pkgconfig:${PKG_CONFIG_PATH} ROS_PACKAGE_PATH=/home/ros/autoware.ai/install/autoware_build_flags/share:${ROS_PACKAGE_PATH} /usr/bin/cmake --build /home/ros/autoware.ai/build/pixel_cloud_fusion --target install -- -j12 -l12
[58.113s] [  0%] Built target actionlib_msgs_generate_messages_py
[58.220s] [  0%] Built target std_msgs_generate_messages_nodejs
[58.353s] [  0%] Built target bond_generate_messages_lisp
[58.477s] [  0%] Built target topic_tools_generate_messages_eus
[58.613s] [  0%] Built target rosgraph_msgs_generate_messages_nodejs
[58.697s] [  0%] Built target std_msgs_generate_messages_eus
[58.858s] [  0%] Built target pcl_msgs_generate_messages_nodejs
[58.997s] [  0%] Built target nodelet_generate_messages_nodejs
[59.134s] [  0%] Built target sensor_msgs_generate_messages_lisp
[59.298s] [  0%] Built target pcl_msgs_generate_messages_cpp
[59.461s] [  0%] Built target dynamic_reconfigure_generate_messages_lisp
[59.555s] [  0%] Built target std_srvs_generate_messages_eus
[59.611s] [  0%] Built target roscpp_generate_messages_lisp
[59.700s] [  0%] Built target bond_generate_messages_eus
[59.828s] [  0%] Built target std_msgs_generate_messages_cpp
[59.875s] [  0%] Built target roscpp_generate_messages_py
[59.906s] [  0%] Built target roscpp_generate_messages_cpp
[59.936s] [  0%] Built target sensor_msgs_generate_messages_nodejs
[59.971s] [  0%] Built target actionlib_generate_messages_cpp
[60.036s] [  0%] Built target geometry_msgs_generate_messages_nodejs
[60.113s] [  0%] Built target nodelet_generate_messages_py
[60.273s] [  0%] Built target sensor_msgs_generate_messages_py
[60.360s] [  0%] Built target dynamic_reconfigure_generate_messages_cpp
[60.458s] [  0%] Built target tf_generate_messages_py
[60.556s] [  0%] Built target geometry_msgs_generate_messages_lisp
[60.601s] [  0%] Built target roscpp_generate_messages_nodejs
[60.634s] [  0%] Built target std_msgs_generate_messages_lisp
[60.682s] [  0%] Built target sensor_msgs_generate_messages_cpp
[60.812s] [  0%] Built target sensor_msgs_generate_messages_eus
[60.854s] [  0%] Built target pcl_ros_gencfg
[60.906s] [  0%] Built target topic_tools_generate_messages_nodejs
[61.030s] [  0%] Built target tf2_msgs_generate_messages_py
[61.056s] [  0%] Built target actionlib_generate_messages_py
[61.133s] [  0%] Built target geometry_msgs_generate_messages_py
[61.175s] [  0%] Built target dynamic_reconfigure_generate_messages_eus
[61.208s] [  0%] Built target dynamic_reconfigure_generate_messages_nodejs
[61.296s] [  0%] Built target dynamic_reconfigure_generate_messages_py
[61.330s] [  0%] Built target tf2_msgs_generate_messages_lisp
[61.365s] [  0%] Built target dynamic_reconfigure_gencfg
[61.395s] [  0%] Built target nodelet_generate_messages_cpp
[61.425s] [  0%] Built target bond_generate_messages_py
[61.451s] [  0%] Built target std_srvs_generate_messages_nodejs
[61.476s] [  0%] Built target geometry_msgs_generate_messages_cpp
[61.520s] [  0%] Built target actionlib_generate_messages_lisp
[61.561s] [  0%] Built target nodelet_generate_messages_eus
[61.597s] [  0%] Built target nodelet_generate_messages_lisp
[61.633s] [  0%] Built target roscpp_generate_messages_eus
[61.690s] [  0%] Built target rosgraph_msgs_generate_messages_py
[61.723s] [  0%] Built target actionlib_msgs_generate_messages_eus
[61.752s] [  0%] Built target bond_generate_messages_cpp
[61.787s] [  0%] Built target bond_generate_messages_nodejs
[61.811s] [  0%] Built target actionlib_msgs_generate_messages_nodejs
[61.839s] [  0%] Built target topic_tools_generate_messages_py
[61.866s] [  0%] Built target nodelet_topic_tools_gencfg
[61.908s] [  0%] Built target std_srvs_generate_messages_lisp
[61.957s] [  0%] Built target topic_tools_generate_messages_lisp
[61.996s] [  0%] Built target std_srvs_generate_messages_cpp
[62.040s] [  0%] Built target tf_generate_messages_eus
[62.072s] [  0%] Built target actionlib_msgs_generate_messages_cpp
[62.110s] [  0%] Built target std_srvs_generate_messages_py
[62.186s] [  0%] Built target tf_generate_messages_lisp
[62.245s] [  0%] Built target tf_generate_messages_nodejs
[62.282s] [  0%] Built target pcl_msgs_generate_messages_py
[62.322s] [  0%] Built target actionlib_generate_messages_eus
[62.383s] [  0%] Built target pcl_msgs_generate_messages_lisp
[62.435s] [  0%] Built target tf_generate_messages_cpp
[62.478s] [  0%] Built target actionlib_generate_messages_nodejs
[62.512s] [  0%] Built target actionlib_msgs_generate_messages_lisp
[62.555s] [  0%] Built target std_msgs_generate_messages_py
[62.622s] [  0%] Built target geometry_msgs_generate_messages_eus
[62.647s] [  0%] Built target topic_tools_generate_messages_cpp
[62.691s] [  0%] Built target rosgraph_msgs_generate_messages_cpp
[62.742s] [  0%] Built target rosgraph_msgs_generate_messages_eus
[62.781s] [  0%] Built target rosgraph_msgs_generate_messages_lisp
[62.821s] [  0%] Built target pcl_msgs_generate_messages_eus
[62.850s] [  0%] Built target tf2_msgs_generate_messages_cpp
[62.883s] [  0%] Built target tf2_msgs_generate_messages_eus
[62.924s] [  0%] Built target tf2_msgs_generate_messages_nodejs
[62.984s] [ 50%] Built target pixel_cloud_fusion_lib
[63.048s] [100%] Built target pixel_cloud_fusion
[63.087s] [36mInstall the project...[0m
[63.097s] -- Install configuration: "Release"
[63.098s] -- Installing: /home/ros/autoware.ai/install/pixel_cloud_fusion/lib/pkgconfig/pixel_cloud_fusion.pc
[63.098s] -- Installing: /home/ros/autoware.ai/install/pixel_cloud_fusion/share/pixel_cloud_fusion/cmake/pixel_cloud_fusionConfig.cmake
[63.098s] -- Installing: /home/ros/autoware.ai/install/pixel_cloud_fusion/share/pixel_cloud_fusion/cmake/pixel_cloud_fusionConfig-version.cmake
[63.099s] -- Installing: /home/ros/autoware.ai/install/pixel_cloud_fusion/share/pixel_cloud_fusion/package.xml
[63.099s] -- Installing: /home/ros/autoware.ai/install/pixel_cloud_fusion/lib/pixel_cloud_fusion/pixel_cloud_fusion
[63.106s] -- Set runtime path of "/home/ros/autoware.ai/install/pixel_cloud_fusion/lib/pixel_cloud_fusion/pixel_cloud_fusion" to ""
[63.107s] -- Installing: /home/ros/autoware.ai/install/pixel_cloud_fusion/lib/libpixel_cloud_fusion_lib.so
[63.119s] -- Set runtime path of "/home/ros/autoware.ai/install/pixel_cloud_fusion/lib/libpixel_cloud_fusion_lib.so" to ""
[63.119s] -- Installing: /home/ros/autoware.ai/install/pixel_cloud_fusion/include/pixel_cloud_fusion
[63.120s] -- Installing: /home/ros/autoware.ai/install/pixel_cloud_fusion/include/pixel_cloud_fusion/pixel_cloud_fusion.h
[63.120s] -- Installing: /home/ros/autoware.ai/install/pixel_cloud_fusion/share/pixel_cloud_fusion/launch
[63.120s] -- Installing: /home/ros/autoware.ai/install/pixel_cloud_fusion/share/pixel_cloud_fusion/launch/pixel_cloud_fusion.launch
[63.128s] Invoked command in '/home/ros/autoware.ai/build/pixel_cloud_fusion' returned '0': CMAKE_PREFIX_PATH=/home/ros/autoware.ai/install/autoware_build_flags:${CMAKE_PREFIX_PATH} PKG_CONFIG_PATH=/home/ros/autoware.ai/install/autoware_build_flags/lib/x86_64-linux-gnu/pkgconfig:/home/ros/autoware.ai/install/autoware_build_flags/lib/pkgconfig:${PKG_CONFIG_PATH} ROS_PACKAGE_PATH=/home/ros/autoware.ai/install/autoware_build_flags/share:${ROS_PACKAGE_PATH} /usr/bin/cmake --build /home/ros/autoware.ai/build/pixel_cloud_fusion --target install -- -j12 -l12
