Determining if the pthread_create exist failed with the following output:
Change Dir: /home/ros/autoware.ai/build/gazebo_imu_description/CMakeFiles/CMakeTmp

Run Build Command:"/usr/bin/make" "cmTC_54fcb/fast"
/usr/bin/make -f CMakeFiles/cmTC_54fcb.dir/build.make CMakeFiles/cmTC_54fcb.dir/build
make[1]: Entering directory '/home/ros/autoware.ai/build/gazebo_imu_description/CMakeFiles/CMakeTmp'
Building C object CMakeFiles/cmTC_54fcb.dir/CheckSymbolExists.c.o
/usr/bin/cc    -o CMakeFiles/cmTC_54fcb.dir/CheckSymbolExists.c.o   -c /home/ros/autoware.ai/build/gazebo_imu_description/CMakeFiles/CMakeTmp/CheckSymbolExists.c
Linking C executable cmTC_54fcb
/usr/bin/cmake -E cmake_link_script CMakeFiles/cmTC_54fcb.dir/link.txt --verbose=1
/usr/bin/cc      -rdynamic CMakeFiles/cmTC_54fcb.dir/CheckSymbolExists.c.o  -o cmTC_54fcb 
CMakeFiles/cmTC_54fcb.dir/CheckSymbolExists.c.o: In function `main':
CheckSymbolExists.c:(.text+0x1b): undefined reference to `pthread_create'
collect2: error: ld returned 1 exit status
CMakeFiles/cmTC_54fcb.dir/build.make:97: recipe for target 'cmTC_54fcb' failed
make[1]: *** [cmTC_54fcb] Error 1
make[1]: Leaving directory '/home/ros/autoware.ai/build/gazebo_imu_description/CMakeFiles/CMakeTmp'
Makefile:126: recipe for target 'cmTC_54fcb/fast' failed
make: *** [cmTC_54fcb/fast] Error 2

File /home/ros/autoware.ai/build/gazebo_imu_description/CMakeFiles/CMakeTmp/CheckSymbolExists.c:
/* */
#include <pthread.h>

int main(int argc, char** argv)
{
  (void)argv;
#ifndef pthread_create
  return ((int*)(&pthread_create))[argc];
#else
  (void)argc;
  return 0;
#endif
}

Determining if the function pthread_create exists in the pthreads failed with the following output:
Change Dir: /home/ros/autoware.ai/build/gazebo_imu_description/CMakeFiles/CMakeTmp

Run Build Command:"/usr/bin/make" "cmTC_de69f/fast"
/usr/bin/make -f CMakeFiles/cmTC_de69f.dir/build.make CMakeFiles/cmTC_de69f.dir/build
make[1]: Entering directory '/home/ros/autoware.ai/build/gazebo_imu_description/CMakeFiles/CMakeTmp'
Building C object CMakeFiles/cmTC_de69f.dir/CheckFunctionExists.c.o
/usr/bin/cc   -DCHECK_FUNCTION_EXISTS=pthread_create   -o CMakeFiles/cmTC_de69f.dir/CheckFunctionExists.c.o   -c /usr/share/cmake-3.10/Modules/CheckFunctionExists.c
Linking C executable cmTC_de69f
/usr/bin/cmake -E cmake_link_script CMakeFiles/cmTC_de69f.dir/link.txt --verbose=1
/usr/bin/cc  -DCHECK_FUNCTION_EXISTS=pthread_create    -rdynamic CMakeFiles/cmTC_de69f.dir/CheckFunctionExists.c.o  -o cmTC_de69f -lpthreads 
/usr/bin/ld: cannot find -lpthreads
collect2: error: ld returned 1 exit status
CMakeFiles/cmTC_de69f.dir/build.make:97: recipe for target 'cmTC_de69f' failed
make[1]: *** [cmTC_de69f] Error 1
make[1]: Leaving directory '/home/ros/autoware.ai/build/gazebo_imu_description/CMakeFiles/CMakeTmp'
Makefile:126: recipe for target 'cmTC_de69f/fast' failed
make: *** [cmTC_de69f/fast] Error 2


