Determining if the pthread_create exist failed with the following output:
Change Dir: /home/ros/autoware.ai/build/tablet_socket_msgs/CMakeFiles/CMakeTmp

Run Build Command:"/usr/bin/make" "cmTC_18e5f/fast"
/usr/bin/make -f CMakeFiles/cmTC_18e5f.dir/build.make CMakeFiles/cmTC_18e5f.dir/build
make[1]: Entering directory '/home/ros/autoware.ai/build/tablet_socket_msgs/CMakeFiles/CMakeTmp'
Building C object CMakeFiles/cmTC_18e5f.dir/CheckSymbolExists.c.o
/usr/bin/cc    -o CMakeFiles/cmTC_18e5f.dir/CheckSymbolExists.c.o   -c /home/ros/autoware.ai/build/tablet_socket_msgs/CMakeFiles/CMakeTmp/CheckSymbolExists.c
Linking C executable cmTC_18e5f
/usr/bin/cmake -E cmake_link_script CMakeFiles/cmTC_18e5f.dir/link.txt --verbose=1
/usr/bin/cc      -rdynamic CMakeFiles/cmTC_18e5f.dir/CheckSymbolExists.c.o  -o cmTC_18e5f 
CMakeFiles/cmTC_18e5f.dir/CheckSymbolExists.c.o: In function `main':
CheckSymbolExists.c:(.text+0x1b): undefined reference to `pthread_create'
collect2: error: ld returned 1 exit status
CMakeFiles/cmTC_18e5f.dir/build.make:97: recipe for target 'cmTC_18e5f' failed
make[1]: *** [cmTC_18e5f] Error 1
make[1]: Leaving directory '/home/ros/autoware.ai/build/tablet_socket_msgs/CMakeFiles/CMakeTmp'
Makefile:126: recipe for target 'cmTC_18e5f/fast' failed
make: *** [cmTC_18e5f/fast] Error 2

File /home/ros/autoware.ai/build/tablet_socket_msgs/CMakeFiles/CMakeTmp/CheckSymbolExists.c:
/* */
#include <pthread.h>

int main(int argc, char** argv)
{
  (void)argv;
#ifndef pthread_create
  return ((int*)(&pthread_create))[argc];
#else
  (void)argc;
  return 0;
#endif
}

Determining if the function pthread_create exists in the pthreads failed with the following output:
Change Dir: /home/ros/autoware.ai/build/tablet_socket_msgs/CMakeFiles/CMakeTmp

Run Build Command:"/usr/bin/make" "cmTC_a1874/fast"
/usr/bin/make -f CMakeFiles/cmTC_a1874.dir/build.make CMakeFiles/cmTC_a1874.dir/build
make[1]: Entering directory '/home/ros/autoware.ai/build/tablet_socket_msgs/CMakeFiles/CMakeTmp'
Building C object CMakeFiles/cmTC_a1874.dir/CheckFunctionExists.c.o
/usr/bin/cc   -DCHECK_FUNCTION_EXISTS=pthread_create   -o CMakeFiles/cmTC_a1874.dir/CheckFunctionExists.c.o   -c /usr/share/cmake-3.10/Modules/CheckFunctionExists.c
Linking C executable cmTC_a1874
/usr/bin/cmake -E cmake_link_script CMakeFiles/cmTC_a1874.dir/link.txt --verbose=1
/usr/bin/cc  -DCHECK_FUNCTION_EXISTS=pthread_create    -rdynamic CMakeFiles/cmTC_a1874.dir/CheckFunctionExists.c.o  -o cmTC_a1874 -lpthreads 
/usr/bin/ld: cannot find -lpthreads
collect2: error: ld returned 1 exit status
CMakeFiles/cmTC_a1874.dir/build.make:97: recipe for target 'cmTC_a1874' failed
make[1]: *** [cmTC_a1874] Error 1
make[1]: Leaving directory '/home/ros/autoware.ai/build/tablet_socket_msgs/CMakeFiles/CMakeTmp'
Makefile:126: recipe for target 'cmTC_a1874/fast' failed
make: *** [cmTC_a1874/fast] Error 2


