Determining if the pthread_create exist failed with the following output:
Change Dir: /home/ros/autoware.ai/build/autoware_build_flags/CMakeFiles/CMakeTmp

Run Build Command:"/usr/bin/make" "cmTC_977ad/fast"
/usr/bin/make -f CMakeFiles/cmTC_977ad.dir/build.make CMakeFiles/cmTC_977ad.dir/build
make[1]: Entering directory '/home/ros/autoware.ai/build/autoware_build_flags/CMakeFiles/CMakeTmp'
Building C object CMakeFiles/cmTC_977ad.dir/CheckSymbolExists.c.o
/usr/bin/cc    -o CMakeFiles/cmTC_977ad.dir/CheckSymbolExists.c.o   -c /home/ros/autoware.ai/build/autoware_build_flags/CMakeFiles/CMakeTmp/CheckSymbolExists.c
Linking C executable cmTC_977ad
/usr/bin/cmake -E cmake_link_script CMakeFiles/cmTC_977ad.dir/link.txt --verbose=1
/usr/bin/cc      -rdynamic CMakeFiles/cmTC_977ad.dir/CheckSymbolExists.c.o  -o cmTC_977ad 
CMakeFiles/cmTC_977ad.dir/CheckSymbolExists.c.o: In function `main':
CheckSymbolExists.c:(.text+0x1b): undefined reference to `pthread_create'
collect2: error: ld returned 1 exit status
CMakeFiles/cmTC_977ad.dir/build.make:97: recipe for target 'cmTC_977ad' failed
make[1]: *** [cmTC_977ad] Error 1
make[1]: Leaving directory '/home/ros/autoware.ai/build/autoware_build_flags/CMakeFiles/CMakeTmp'
Makefile:126: recipe for target 'cmTC_977ad/fast' failed
make: *** [cmTC_977ad/fast] Error 2

File /home/ros/autoware.ai/build/autoware_build_flags/CMakeFiles/CMakeTmp/CheckSymbolExists.c:
/* */
#include <pthread.h>

int main(int argc, char** argv)
{
  (void)argv;
#ifndef pthread_create
  return ((int*)(&pthread_create))[argc];
#else
  (void)argc;
  return 0;
#endif
}

Determining if the function pthread_create exists in the pthreads failed with the following output:
Change Dir: /home/ros/autoware.ai/build/autoware_build_flags/CMakeFiles/CMakeTmp

Run Build Command:"/usr/bin/make" "cmTC_38685/fast"
/usr/bin/make -f CMakeFiles/cmTC_38685.dir/build.make CMakeFiles/cmTC_38685.dir/build
make[1]: Entering directory '/home/ros/autoware.ai/build/autoware_build_flags/CMakeFiles/CMakeTmp'
Building C object CMakeFiles/cmTC_38685.dir/CheckFunctionExists.c.o
/usr/bin/cc   -DCHECK_FUNCTION_EXISTS=pthread_create   -o CMakeFiles/cmTC_38685.dir/CheckFunctionExists.c.o   -c /usr/share/cmake-3.10/Modules/CheckFunctionExists.c
Linking C executable cmTC_38685
/usr/bin/cmake -E cmake_link_script CMakeFiles/cmTC_38685.dir/link.txt --verbose=1
/usr/bin/cc  -DCHECK_FUNCTION_EXISTS=pthread_create    -rdynamic CMakeFiles/cmTC_38685.dir/CheckFunctionExists.c.o  -o cmTC_38685 -lpthreads 
/usr/bin/ld: cannot find -lpthreads
collect2: error: ld returned 1 exit status
CMakeFiles/cmTC_38685.dir/build.make:97: recipe for target 'cmTC_38685' failed
make[1]: *** [cmTC_38685] Error 1
make[1]: Leaving directory '/home/ros/autoware.ai/build/autoware_build_flags/CMakeFiles/CMakeTmp'
Makefile:126: recipe for target 'cmTC_38685/fast' failed
make: *** [cmTC_38685/fast] Error 2


