Determining if the pthread_create exist failed with the following output:
Change Dir: /home/ros/autoware.ai/build/state_machine_lib/CMakeFiles/CMakeTmp

Run Build Command:"/usr/bin/make" "cmTC_19b8b/fast"
/usr/bin/make -f CMakeFiles/cmTC_19b8b.dir/build.make CMakeFiles/cmTC_19b8b.dir/build
make[1]: Entering directory '/home/ros/autoware.ai/build/state_machine_lib/CMakeFiles/CMakeTmp'
Building C object CMakeFiles/cmTC_19b8b.dir/CheckSymbolExists.c.o
/usr/bin/cc    -o CMakeFiles/cmTC_19b8b.dir/CheckSymbolExists.c.o   -c /home/ros/autoware.ai/build/state_machine_lib/CMakeFiles/CMakeTmp/CheckSymbolExists.c
Linking C executable cmTC_19b8b
/usr/bin/cmake -E cmake_link_script CMakeFiles/cmTC_19b8b.dir/link.txt --verbose=1
/usr/bin/cc      -rdynamic CMakeFiles/cmTC_19b8b.dir/CheckSymbolExists.c.o  -o cmTC_19b8b 
CMakeFiles/cmTC_19b8b.dir/CheckSymbolExists.c.o: In function `main':
CheckSymbolExists.c:(.text+0x1b): undefined reference to `pthread_create'
collect2: error: ld returned 1 exit status
CMakeFiles/cmTC_19b8b.dir/build.make:97: recipe for target 'cmTC_19b8b' failed
make[1]: *** [cmTC_19b8b] Error 1
make[1]: Leaving directory '/home/ros/autoware.ai/build/state_machine_lib/CMakeFiles/CMakeTmp'
Makefile:126: recipe for target 'cmTC_19b8b/fast' failed
make: *** [cmTC_19b8b/fast] Error 2

File /home/ros/autoware.ai/build/state_machine_lib/CMakeFiles/CMakeTmp/CheckSymbolExists.c:
/* */
#include <pthread.h>

int main(int argc, char** argv)
{
  (void)argv;
#ifndef pthread_create
  return ((int*)(&pthread_create))[argc];
#else
  (void)argc;
  return 0;
#endif
}

Determining if the function pthread_create exists in the pthreads failed with the following output:
Change Dir: /home/ros/autoware.ai/build/state_machine_lib/CMakeFiles/CMakeTmp

Run Build Command:"/usr/bin/make" "cmTC_37dc8/fast"
/usr/bin/make -f CMakeFiles/cmTC_37dc8.dir/build.make CMakeFiles/cmTC_37dc8.dir/build
make[1]: Entering directory '/home/ros/autoware.ai/build/state_machine_lib/CMakeFiles/CMakeTmp'
Building C object CMakeFiles/cmTC_37dc8.dir/CheckFunctionExists.c.o
/usr/bin/cc   -DCHECK_FUNCTION_EXISTS=pthread_create   -o CMakeFiles/cmTC_37dc8.dir/CheckFunctionExists.c.o   -c /usr/share/cmake-3.10/Modules/CheckFunctionExists.c
Linking C executable cmTC_37dc8
/usr/bin/cmake -E cmake_link_script CMakeFiles/cmTC_37dc8.dir/link.txt --verbose=1
/usr/bin/cc  -DCHECK_FUNCTION_EXISTS=pthread_create    -rdynamic CMakeFiles/cmTC_37dc8.dir/CheckFunctionExists.c.o  -o cmTC_37dc8 -lpthreads 
/usr/bin/ld: cannot find -lpthreads
collect2: error: ld returned 1 exit status
CMakeFiles/cmTC_37dc8.dir/build.make:97: recipe for target 'cmTC_37dc8' failed
make[1]: *** [cmTC_37dc8] Error 1
make[1]: Leaving directory '/home/ros/autoware.ai/build/state_machine_lib/CMakeFiles/CMakeTmp'
Makefile:126: recipe for target 'cmTC_37dc8/fast' failed
make: *** [cmTC_37dc8/fast] Error 2


