[0.341s] Invoking command in '/home/ros/autoware.ai/build/waypoint_planner': CMAKE_PREFIX_PATH=/home/ros/autoware.ai/install/libwaypoint_follower:/home/ros/autoware.ai/install/lanelet2_extension:/home/ros/autoware.ai/install/vector_map:/home/ros/autoware.ai/install/autoware_health_checker:/home/ros/autoware.ai/install/astar_search:/home/ros/autoware.ai/install/amathutils_lib:/home/ros/autoware.ai/install/vector_map_msgs:/home/ros/autoware.ai/install/ros_observer:/home/ros/autoware.ai/install/autoware_system_msgs:/home/ros/autoware.ai/install/autoware_msgs:/home/ros/autoware.ai/install/autoware_lanelet2_msgs:/home/ros/autoware.ai/install/autoware_config_msgs:/home/ros/autoware.ai/install/autoware_build_flags:${CMAKE_PREFIX_PATH} LD_LIBRARY_PATH=/home/ros/autoware.ai/install/libwaypoint_follower/lib:/home/ros/autoware.ai/install/lanelet2_extension/lib:/home/ros/autoware.ai/install/vector_map/lib:/home/ros/autoware.ai/install/autoware_health_checker/lib:/home/ros/autoware.ai/install/astar_search/lib:/home/ros/autoware.ai/install/amathutils_lib/lib:/home/ros/autoware.ai/install/ros_observer/lib:${LD_LIBRARY_PATH} PKG_CONFIG_PATH=/home/ros/autoware.ai/install/libwaypoint_follower/lib/x86_64-linux-gnu/pkgconfig:/home/ros/autoware.ai/install/libwaypoint_follower/lib/pkgconfig:/home/ros/autoware.ai/install/lanelet2_extension/lib/x86_64-linux-gnu/pkgconfig:/home/ros/autoware.ai/install/lanelet2_extension/lib/pkgconfig:/home/ros/autoware.ai/install/vector_map/lib/x86_64-linux-gnu/pkgconfig:/home/ros/autoware.ai/install/vector_map/lib/pkgconfig:/home/ros/autoware.ai/install/autoware_health_checker/lib/x86_64-linux-gnu/pkgconfig:/home/ros/autoware.ai/install/autoware_health_checker/lib/pkgconfig:/home/ros/autoware.ai/install/astar_search/lib/x86_64-linux-gnu/pkgconfig:/home/ros/autoware.ai/install/astar_search/lib/pkgconfig:/home/ros/autoware.ai/install/amathutils_lib/lib/x86_64-linux-gnu/pkgconfig:/home/ros/autoware.ai/install/amathutils_lib/lib/pkgconfig:/home/ros/autoware.ai/install/vector_map_msgs/lib/x86_64-linux-gnu/pkgconfig:/home/ros/autoware.ai/install/vector_map_msgs/lib/pkgconfig:/home/ros/autoware.ai/install/ros_observer/lib/x86_64-linux-gnu/pkgconfig:/home/ros/autoware.ai/install/ros_observer/lib/pkgconfig:/home/ros/autoware.ai/install/autoware_system_msgs/lib/x86_64-linux-gnu/pkgconfig:/home/ros/autoware.ai/install/autoware_system_msgs/lib/pkgconfig:/home/ros/autoware.ai/install/autoware_msgs/lib/x86_64-linux-gnu/pkgconfig:/home/ros/autoware.ai/install/autoware_msgs/lib/pkgconfig:/home/ros/autoware.ai/install/autoware_lanelet2_msgs/lib/x86_64-linux-gnu/pkgconfig:/home/ros/autoware.ai/install/autoware_lanelet2_msgs/lib/pkgconfig:/home/ros/autoware.ai/install/autoware_config_msgs/lib/x86_64-linux-gnu/pkgconfig:/home/ros/autoware.ai/install/autoware_config_msgs/lib/pkgconfig:/home/ros/autoware.ai/install/autoware_build_flags/lib/x86_64-linux-gnu/pkgconfig:/home/ros/autoware.ai/install/autoware_build_flags/lib/pkgconfig:${PKG_CONFIG_PATH} PYTHONPATH=/home/ros/autoware.ai/install/vector_map_msgs/lib/python2.7/dist-packages:/home/ros/autoware.ai/install/autoware_system_msgs/lib/python2.7/dist-packages:/home/ros/autoware.ai/install/autoware_msgs/lib/python2.7/dist-packages:/home/ros/autoware.ai/install/autoware_lanelet2_msgs/lib/python2.7/dist-packages:/home/ros/autoware.ai/install/autoware_config_msgs/lib/python2.7/dist-packages:${PYTHONPATH} ROS_PACKAGE_PATH=/home/ros/autoware.ai/install/libwaypoint_follower/share:/home/ros/autoware.ai/install/lanelet2_extension/share:/home/ros/autoware.ai/install/vector_map/share:/home/ros/autoware.ai/install/autoware_health_checker/share:/home/ros/autoware.ai/install/astar_search/share:/home/ros/autoware.ai/install/amathutils_lib/share:/home/ros/autoware.ai/install/vector_map_msgs/share:/home/ros/autoware.ai/install/ros_observer/share:/home/ros/autoware.ai/install/autoware_system_msgs/share:/home/ros/autoware.ai/install/autoware_msgs/share:/home/ros/autoware.ai/install/autoware_lanelet2_msgs/share:/home/ros/autoware.ai/install/autoware_config_msgs/share:/home/ros/autoware.ai/install/autoware_build_flags/share:${ROS_PACKAGE_PATH} /usr/bin/cmake /home/ros/autoware.ai/src/autoware/core_planning/waypoint_planner -DCMAKE_BUILD_TYPE=Release -DCATKIN_INSTALL_INTO_PREFIX_ROOT=0 -DCMAKE_INSTALL_PREFIX=/home/ros/autoware.ai/install/waypoint_planner
[0.505s] -- The C compiler identification is GNU 7.5.0
[0.604s] -- The CXX compiler identification is GNU 7.5.0
[0.610s] -- Check for working C compiler: /usr/bin/cc
[0.743s] -- Check for working C compiler: /usr/bin/cc -- works
[0.744s] -- Detecting C compiler ABI info
[0.845s] -- Detecting C compiler ABI info - done
[0.858s] -- Detecting C compile features
[1.238s] -- Detecting C compile features - done
[1.242s] -- Check for working CXX compiler: /usr/bin/c++
[1.350s] -- Check for working CXX compiler: /usr/bin/c++ -- works
[1.351s] -- Detecting CXX compiler ABI info
[1.552s] -- Detecting CXX compiler ABI info - done
[1.563s] -- Detecting CXX compile features
[2.599s] -- Detecting CXX compile features - done
[2.603s] -- CUDA compilation status: .
[2.608s] -- Using CATKIN_DEVEL_PREFIX: /home/ros/autoware.ai/build/waypoint_planner/devel
[2.608s] -- Using CMAKE_PREFIX_PATH: /home/ros/autoware.ai/install/libwaypoint_follower;/home/ros/autoware.ai/install/lanelet2_extension;/home/ros/autoware.ai/install/vector_map;/home/ros/autoware.ai/install/autoware_health_checker;/home/ros/autoware.ai/install/astar_search;/home/ros/autoware.ai/install/amathutils_lib;/home/ros/autoware.ai/install/vector_map_msgs;/home/ros/autoware.ai/install/ros_observer;/home/ros/autoware.ai/install/autoware_system_msgs;/home/ros/autoware.ai/install/autoware_msgs;/home/ros/autoware.ai/install/autoware_lanelet2_msgs;/home/ros/autoware.ai/install/autoware_config_msgs;/home/ros/autoware.ai/install/autoware_build_flags;/opt/ros/melodic
[2.609s] -- This workspace overlays: /home/ros/autoware.ai/install/libwaypoint_follower;/home/ros/autoware.ai/install/lanelet2_extension;/home/ros/autoware.ai/install/vector_map;/home/ros/autoware.ai/install/autoware_health_checker;/home/ros/autoware.ai/install/astar_search;/home/ros/autoware.ai/install/amathutils_lib;/home/ros/autoware.ai/install/vector_map_msgs;/home/ros/autoware.ai/install/ros_observer;/home/ros/autoware.ai/install/autoware_system_msgs;/home/ros/autoware.ai/install/autoware_msgs;/home/ros/autoware.ai/install/autoware_lanelet2_msgs;/home/ros/autoware.ai/install/autoware_config_msgs;/home/ros/autoware.ai/install/autoware_build_flags;/opt/ros/melodic
[2.629s] -- Found PythonInterp: /usr/bin/python2 (found suitable version "2.7.17", minimum required is "2") 
[2.629s] -- Using PYTHON_EXECUTABLE: /usr/bin/python2
[2.629s] -- Using Debian Python package layout
[2.630s] -- Using empy: /usr/bin/empy
[2.857s] -- Using CATKIN_ENABLE_TESTING: ON
[2.857s] -- Call enable_testing()
[2.869s] -- Using CATKIN_TEST_RESULTS_DIR: /home/ros/autoware.ai/build/waypoint_planner/test_results
[2.897s] -- Found gtest sources under '/usr/src/googletest': gtests will be built
[2.898s] -- Found gmock sources under '/usr/src/googletest': gmock will be built
[2.922s] -- Found PythonInterp: /usr/bin/python2 (found version "2.7.17") 
[2.926s] -- Looking for pthread.h
[3.060s] -- Looking for pthread.h - found
[3.060s] -- Looking for pthread_create
[3.236s] -- Looking for pthread_create - not found
[3.236s] -- Looking for pthread_create in pthreads
[3.341s] -- Looking for pthread_create in pthreads - not found
[3.341s] -- Looking for pthread_create in pthread
[3.452s] -- Looking for pthread_create in pthread - found
[3.455s] -- Found Threads: TRUE  
[3.461s] -- Using Python nosetests: /usr/bin/nosetests-2.7
[3.533s] -- catkin 0.7.29
[3.533s] -- BUILD_SHARED_LIBS is on
[3.837s] -- Using these message generators: gencpp;geneus;genlisp;gennodejs;genpy
[4.296s] -- Boost version: 1.65.1
[4.297s] -- Found the following Boost libraries:
[4.297s] --   wserialization
[4.297s] --   thread
[4.297s] --   random
[4.298s] --   serialization
[4.298s] --   log_setup
[4.298s] --   prg_exec_monitor
[4.298s] --   wave
[4.299s] --   system
[4.299s] --   chrono
[4.300s] --   filesystem
[4.300s] --   locale
[4.300s] --   timer
[4.301s] --   date_time
[4.302s] --   regex
[4.302s] --   graph
[4.302s] --   program_options
[4.302s] --   unit_test_framework
[4.302s] --   log
[4.302s] --   atomic
[4.829s] -- Found OpenMP_C: -fopenmp (found version "4.5") 
[4.984s] -- Found OpenMP_CXX: -fopenmp (found version "4.5") 
[4.985s] -- Found OpenMP: TRUE (found version "4.5")  
[5.000s] -- Found pugixml: /usr/lib/x86_64-linux-gnu/libpugixml.so  
[5.023s] -- Found PkgConfig: /usr/bin/pkg-config (found version "0.29.1") 
[5.029s] -- Found GeographicLib: /usr/lib/x86_64-linux-gnu/libGeographic.so  
[6.743s] -- Configuring done
[6.921s] -- Generating done
[6.942s] -- Build files have been written to: /home/ros/autoware.ai/build/waypoint_planner
[6.955s] Invoked command in '/home/ros/autoware.ai/build/waypoint_planner' returned '0': CMAKE_PREFIX_PATH=/home/ros/autoware.ai/install/libwaypoint_follower:/home/ros/autoware.ai/install/lanelet2_extension:/home/ros/autoware.ai/install/vector_map:/home/ros/autoware.ai/install/autoware_health_checker:/home/ros/autoware.ai/install/astar_search:/home/ros/autoware.ai/install/amathutils_lib:/home/ros/autoware.ai/install/vector_map_msgs:/home/ros/autoware.ai/install/ros_observer:/home/ros/autoware.ai/install/autoware_system_msgs:/home/ros/autoware.ai/install/autoware_msgs:/home/ros/autoware.ai/install/autoware_lanelet2_msgs:/home/ros/autoware.ai/install/autoware_config_msgs:/home/ros/autoware.ai/install/autoware_build_flags:${CMAKE_PREFIX_PATH} LD_LIBRARY_PATH=/home/ros/autoware.ai/install/libwaypoint_follower/lib:/home/ros/autoware.ai/install/lanelet2_extension/lib:/home/ros/autoware.ai/install/vector_map/lib:/home/ros/autoware.ai/install/autoware_health_checker/lib:/home/ros/autoware.ai/install/astar_search/lib:/home/ros/autoware.ai/install/amathutils_lib/lib:/home/ros/autoware.ai/install/ros_observer/lib:${LD_LIBRARY_PATH} PKG_CONFIG_PATH=/home/ros/autoware.ai/install/libwaypoint_follower/lib/x86_64-linux-gnu/pkgconfig:/home/ros/autoware.ai/install/libwaypoint_follower/lib/pkgconfig:/home/ros/autoware.ai/install/lanelet2_extension/lib/x86_64-linux-gnu/pkgconfig:/home/ros/autoware.ai/install/lanelet2_extension/lib/pkgconfig:/home/ros/autoware.ai/install/vector_map/lib/x86_64-linux-gnu/pkgconfig:/home/ros/autoware.ai/install/vector_map/lib/pkgconfig:/home/ros/autoware.ai/install/autoware_health_checker/lib/x86_64-linux-gnu/pkgconfig:/home/ros/autoware.ai/install/autoware_health_checker/lib/pkgconfig:/home/ros/autoware.ai/install/astar_search/lib/x86_64-linux-gnu/pkgconfig:/home/ros/autoware.ai/install/astar_search/lib/pkgconfig:/home/ros/autoware.ai/install/amathutils_lib/lib/x86_64-linux-gnu/pkgconfig:/home/ros/autoware.ai/install/amathutils_lib/lib/pkgconfig:/home/ros/autoware.ai/install/vector_map_msgs/lib/x86_64-linux-gnu/pkgconfig:/home/ros/autoware.ai/install/vector_map_msgs/lib/pkgconfig:/home/ros/autoware.ai/install/ros_observer/lib/x86_64-linux-gnu/pkgconfig:/home/ros/autoware.ai/install/ros_observer/lib/pkgconfig:/home/ros/autoware.ai/install/autoware_system_msgs/lib/x86_64-linux-gnu/pkgconfig:/home/ros/autoware.ai/install/autoware_system_msgs/lib/pkgconfig:/home/ros/autoware.ai/install/autoware_msgs/lib/x86_64-linux-gnu/pkgconfig:/home/ros/autoware.ai/install/autoware_msgs/lib/pkgconfig:/home/ros/autoware.ai/install/autoware_lanelet2_msgs/lib/x86_64-linux-gnu/pkgconfig:/home/ros/autoware.ai/install/autoware_lanelet2_msgs/lib/pkgconfig:/home/ros/autoware.ai/install/autoware_config_msgs/lib/x86_64-linux-gnu/pkgconfig:/home/ros/autoware.ai/install/autoware_config_msgs/lib/pkgconfig:/home/ros/autoware.ai/install/autoware_build_flags/lib/x86_64-linux-gnu/pkgconfig:/home/ros/autoware.ai/install/autoware_build_flags/lib/pkgconfig:${PKG_CONFIG_PATH} PYTHONPATH=/home/ros/autoware.ai/install/vector_map_msgs/lib/python2.7/dist-packages:/home/ros/autoware.ai/install/autoware_system_msgs/lib/python2.7/dist-packages:/home/ros/autoware.ai/install/autoware_msgs/lib/python2.7/dist-packages:/home/ros/autoware.ai/install/autoware_lanelet2_msgs/lib/python2.7/dist-packages:/home/ros/autoware.ai/install/autoware_config_msgs/lib/python2.7/dist-packages:${PYTHONPATH} ROS_PACKAGE_PATH=/home/ros/autoware.ai/install/libwaypoint_follower/share:/home/ros/autoware.ai/install/lanelet2_extension/share:/home/ros/autoware.ai/install/vector_map/share:/home/ros/autoware.ai/install/autoware_health_checker/share:/home/ros/autoware.ai/install/astar_search/share:/home/ros/autoware.ai/install/amathutils_lib/share:/home/ros/autoware.ai/install/vector_map_msgs/share:/home/ros/autoware.ai/install/ros_observer/share:/home/ros/autoware.ai/install/autoware_system_msgs/share:/home/ros/autoware.ai/install/autoware_msgs/share:/home/ros/autoware.ai/install/autoware_lanelet2_msgs/share:/home/ros/autoware.ai/install/autoware_config_msgs/share:/home/ros/autoware.ai/install/autoware_build_flags/share:${ROS_PACKAGE_PATH} /usr/bin/cmake /home/ros/autoware.ai/src/autoware/core_planning/waypoint_planner -DCMAKE_BUILD_TYPE=Release -DCATKIN_INSTALL_INTO_PREFIX_ROOT=0 -DCMAKE_INSTALL_PREFIX=/home/ros/autoware.ai/install/waypoint_planner
[6.957s] Invoking command in '/home/ros/autoware.ai/build/waypoint_planner': CMAKE_PREFIX_PATH=/home/ros/autoware.ai/install/libwaypoint_follower:/home/ros/autoware.ai/install/lanelet2_extension:/home/ros/autoware.ai/install/vector_map:/home/ros/autoware.ai/install/autoware_health_checker:/home/ros/autoware.ai/install/astar_search:/home/ros/autoware.ai/install/amathutils_lib:/home/ros/autoware.ai/install/vector_map_msgs:/home/ros/autoware.ai/install/ros_observer:/home/ros/autoware.ai/install/autoware_system_msgs:/home/ros/autoware.ai/install/autoware_msgs:/home/ros/autoware.ai/install/autoware_lanelet2_msgs:/home/ros/autoware.ai/install/autoware_config_msgs:/home/ros/autoware.ai/install/autoware_build_flags:${CMAKE_PREFIX_PATH} LD_LIBRARY_PATH=/home/ros/autoware.ai/install/libwaypoint_follower/lib:/home/ros/autoware.ai/install/lanelet2_extension/lib:/home/ros/autoware.ai/install/vector_map/lib:/home/ros/autoware.ai/install/autoware_health_checker/lib:/home/ros/autoware.ai/install/astar_search/lib:/home/ros/autoware.ai/install/amathutils_lib/lib:/home/ros/autoware.ai/install/ros_observer/lib:${LD_LIBRARY_PATH} PKG_CONFIG_PATH=/home/ros/autoware.ai/install/libwaypoint_follower/lib/x86_64-linux-gnu/pkgconfig:/home/ros/autoware.ai/install/libwaypoint_follower/lib/pkgconfig:/home/ros/autoware.ai/install/lanelet2_extension/lib/x86_64-linux-gnu/pkgconfig:/home/ros/autoware.ai/install/lanelet2_extension/lib/pkgconfig:/home/ros/autoware.ai/install/vector_map/lib/x86_64-linux-gnu/pkgconfig:/home/ros/autoware.ai/install/vector_map/lib/pkgconfig:/home/ros/autoware.ai/install/autoware_health_checker/lib/x86_64-linux-gnu/pkgconfig:/home/ros/autoware.ai/install/autoware_health_checker/lib/pkgconfig:/home/ros/autoware.ai/install/astar_search/lib/x86_64-linux-gnu/pkgconfig:/home/ros/autoware.ai/install/astar_search/lib/pkgconfig:/home/ros/autoware.ai/install/amathutils_lib/lib/x86_64-linux-gnu/pkgconfig:/home/ros/autoware.ai/install/amathutils_lib/lib/pkgconfig:/home/ros/autoware.ai/install/vector_map_msgs/lib/x86_64-linux-gnu/pkgconfig:/home/ros/autoware.ai/install/vector_map_msgs/lib/pkgconfig:/home/ros/autoware.ai/install/ros_observer/lib/x86_64-linux-gnu/pkgconfig:/home/ros/autoware.ai/install/ros_observer/lib/pkgconfig:/home/ros/autoware.ai/install/autoware_system_msgs/lib/x86_64-linux-gnu/pkgconfig:/home/ros/autoware.ai/install/autoware_system_msgs/lib/pkgconfig:/home/ros/autoware.ai/install/autoware_msgs/lib/x86_64-linux-gnu/pkgconfig:/home/ros/autoware.ai/install/autoware_msgs/lib/pkgconfig:/home/ros/autoware.ai/install/autoware_lanelet2_msgs/lib/x86_64-linux-gnu/pkgconfig:/home/ros/autoware.ai/install/autoware_lanelet2_msgs/lib/pkgconfig:/home/ros/autoware.ai/install/autoware_config_msgs/lib/x86_64-linux-gnu/pkgconfig:/home/ros/autoware.ai/install/autoware_config_msgs/lib/pkgconfig:/home/ros/autoware.ai/install/autoware_build_flags/lib/x86_64-linux-gnu/pkgconfig:/home/ros/autoware.ai/install/autoware_build_flags/lib/pkgconfig:${PKG_CONFIG_PATH} PYTHONPATH=/home/ros/autoware.ai/install/vector_map_msgs/lib/python2.7/dist-packages:/home/ros/autoware.ai/install/autoware_system_msgs/lib/python2.7/dist-packages:/home/ros/autoware.ai/install/autoware_msgs/lib/python2.7/dist-packages:/home/ros/autoware.ai/install/autoware_lanelet2_msgs/lib/python2.7/dist-packages:/home/ros/autoware.ai/install/autoware_config_msgs/lib/python2.7/dist-packages:${PYTHONPATH} ROS_PACKAGE_PATH=/home/ros/autoware.ai/install/libwaypoint_follower/share:/home/ros/autoware.ai/install/lanelet2_extension/share:/home/ros/autoware.ai/install/vector_map/share:/home/ros/autoware.ai/install/autoware_health_checker/share:/home/ros/autoware.ai/install/astar_search/share:/home/ros/autoware.ai/install/amathutils_lib/share:/home/ros/autoware.ai/install/vector_map_msgs/share:/home/ros/autoware.ai/install/ros_observer/share:/home/ros/autoware.ai/install/autoware_system_msgs/share:/home/ros/autoware.ai/install/autoware_msgs/share:/home/ros/autoware.ai/install/autoware_lanelet2_msgs/share:/home/ros/autoware.ai/install/autoware_config_msgs/share:/home/ros/autoware.ai/install/autoware_build_flags/share:${ROS_PACKAGE_PATH} /usr/bin/cmake --build /home/ros/autoware.ai/build/waypoint_planner -- -j12 -l12
[7.120s] [35m[1mScanning dependencies of target tf2_msgs_generate_messages_eus[0m
[7.161s] [  0%] Built target tf2_msgs_generate_messages_eus
[7.235s] [35m[1mScanning dependencies of target bond_generate_messages_py[0m
[7.320s] [  0%] Built target bond_generate_messages_py
[7.415s] [35m[1mScanning dependencies of target bond_generate_messages_lisp[0m
[7.474s] [  0%] Built target bond_generate_messages_lisp
[7.552s] [35m[1mScanning dependencies of target bond_generate_messages_cpp[0m
[7.652s] [  0%] Built target bond_generate_messages_cpp
[7.708s] [35m[1mScanning dependencies of target nodelet_generate_messages_nodejs[0m
[7.799s] [  0%] Built target nodelet_generate_messages_nodejs
[7.875s] [35m[1mScanning dependencies of target nodelet_generate_messages_eus[0m
[7.971s] [  0%] Built target nodelet_generate_messages_eus
[8.032s] [35m[1mScanning dependencies of target nodelet_generate_messages_cpp[0m
[8.117s] [  0%] Built target nodelet_generate_messages_cpp
[8.183s] [35m[1mScanning dependencies of target dynamic_reconfigure_generate_messages_py[0m
[8.221s] [  0%] Built target dynamic_reconfigure_generate_messages_py
[8.268s] [35m[1mScanning dependencies of target dynamic_reconfigure_generate_messages_nodejs[0m
[8.309s] [  0%] Built target dynamic_reconfigure_generate_messages_nodejs
[8.327s] [35m[1mScanning dependencies of target dynamic_reconfigure_generate_messages_lisp[0m
[8.356s] [  0%] Built target dynamic_reconfigure_generate_messages_lisp
[8.381s] [35m[1mScanning dependencies of target dynamic_reconfigure_generate_messages_eus[0m
[8.414s] [  0%] Built target dynamic_reconfigure_generate_messages_eus
[8.445s] [35m[1mScanning dependencies of target pcl_ros_gencfg[0m
[8.476s] [  0%] Built target pcl_ros_gencfg
[8.510s] [35m[1mScanning dependencies of target visualization_msgs_generate_messages_py[0m
[8.526s] [  0%] Built target visualization_msgs_generate_messages_py
[8.553s] [35m[1mScanning dependencies of target visualization_msgs_generate_messages_nodejs[0m
[8.583s] [  0%] Built target visualization_msgs_generate_messages_nodejs
[8.602s] [35m[1mScanning dependencies of target visualization_msgs_generate_messages_eus[0m
[8.630s] [  0%] Built target visualization_msgs_generate_messages_eus
[8.650s] [35m[1mScanning dependencies of target bond_generate_messages_eus[0m
[8.677s] [  0%] Built target bond_generate_messages_eus
[8.712s] [35m[1mScanning dependencies of target autoware_lanelet2_msgs_generate_messages_lisp[0m
[8.739s] [  0%] Built target autoware_lanelet2_msgs_generate_messages_lisp
[8.778s] [35m[1mScanning dependencies of target autoware_lanelet2_msgs_generate_messages_eus[0m
[8.799s] [  0%] Built target autoware_lanelet2_msgs_generate_messages_eus
[8.836s] [35m[1mScanning dependencies of target autoware_lanelet2_msgs_generate_messages_cpp[0m
[8.854s] [  0%] Built target autoware_lanelet2_msgs_generate_messages_cpp
[8.875s] [35m[1mScanning dependencies of target tf2_msgs_generate_messages_nodejs[0m
[8.891s] [  0%] Built target tf2_msgs_generate_messages_nodejs
[8.914s] [35m[1mScanning dependencies of target geometry_msgs_generate_messages_py[0m
[8.930s] [  0%] Built target geometry_msgs_generate_messages_py
[8.947s] [35m[1mScanning dependencies of target geometry_msgs_generate_messages_lisp[0m
[8.972s] [  0%] Built target geometry_msgs_generate_messages_lisp
[8.987s] [35m[1mScanning dependencies of target geometry_msgs_generate_messages_eus[0m
[9.003s] [  0%] Built target geometry_msgs_generate_messages_eus
[9.028s] [35m[1mScanning dependencies of target autoware_system_msgs_generate_messages_cpp[0m
[9.058s] [  0%] Built target autoware_system_msgs_generate_messages_cpp
[9.074s] [35m[1mScanning dependencies of target autoware_msgs_generate_messages_lisp[0m
[9.088s] [  0%] Built target autoware_msgs_generate_messages_lisp
[9.117s] [35m[1mScanning dependencies of target topic_tools_generate_messages_lisp[0m
[9.162s] [  0%] Built target topic_tools_generate_messages_lisp
[9.225s] [35m[1mScanning dependencies of target jsk_recognition_msgs_generate_messages_cpp[0m
[9.272s] [  0%] Built target jsk_recognition_msgs_generate_messages_cpp
[9.300s] [35m[1mScanning dependencies of target autoware_msgs_generate_messages_eus[0m
[9.317s] [  0%] Built target autoware_msgs_generate_messages_eus
[9.342s] [35m[1mScanning dependencies of target autoware_msgs_generate_messages_cpp[0m
[9.375s] [  0%] Built target autoware_msgs_generate_messages_cpp
[9.390s] [35m[1mScanning dependencies of target rosgraph_msgs_generate_messages_cpp[0m
[9.406s] [  0%] Built target rosgraph_msgs_generate_messages_cpp
[9.435s] [35m[1mScanning dependencies of target rosgraph_msgs_generate_messages_lisp[0m
[9.456s] [  0%] Built target rosgraph_msgs_generate_messages_lisp
[9.486s] [35m[1mScanning dependencies of target autoware_system_msgs_generate_messages_eus[0m
[9.515s] [  0%] Built target autoware_system_msgs_generate_messages_eus
[9.539s] [35m[1mScanning dependencies of target jsk_recognition_msgs_generate_messages_eus[0m
[9.571s] [  0%] Built target jsk_recognition_msgs_generate_messages_eus
[9.615s] [35m[1mScanning dependencies of target tf2_msgs_generate_messages_cpp[0m
[9.686s] [  0%] Built target tf2_msgs_generate_messages_cpp
[9.719s] [35m[1mScanning dependencies of target std_srvs_generate_messages_cpp[0m
[9.770s] [  0%] Built target std_srvs_generate_messages_cpp
[9.817s] [35m[1mScanning dependencies of target sensor_msgs_generate_messages_lisp[0m
[9.858s] [  0%] Built target sensor_msgs_generate_messages_lisp
[9.889s] [35m[1mScanning dependencies of target rosgraph_msgs_generate_messages_eus[0m
[9.944s] [  0%] Built target rosgraph_msgs_generate_messages_eus
[9.995s] [35m[1mScanning dependencies of target nodelet_generate_messages_lisp[0m
[10.046s] [  0%] Built target nodelet_generate_messages_lisp
[10.083s] [35m[1mScanning dependencies of target autoware_msgs_generate_messages_py[0m
[10.154s] [  0%] Built target autoware_msgs_generate_messages_py
[10.216s] [35m[1mScanning dependencies of target std_msgs_generate_messages_py[0m
[10.269s] [  0%] Built target std_msgs_generate_messages_py
[10.330s] [35m[1mScanning dependencies of target std_msgs_generate_messages_cpp[0m
[10.399s] [  0%] Built target std_msgs_generate_messages_cpp
[10.479s] [35m[1mScanning dependencies of target jsk_footstep_msgs_generate_messages_py[0m
[10.555s] [  0%] Built target jsk_footstep_msgs_generate_messages_py
[10.614s] [35m[1mScanning dependencies of target topic_tools_generate_messages_py[0m
[10.668s] [  0%] Built target topic_tools_generate_messages_py
[10.723s] [35m[1mScanning dependencies of target nodelet_topic_tools_gencfg[0m
[10.768s] [  0%] Built target nodelet_topic_tools_gencfg
[10.823s] [35m[1mScanning dependencies of target actionlib_msgs_generate_messages_nodejs[0m
[10.868s] [  0%] Built target actionlib_msgs_generate_messages_nodejs
[10.968s] [35m[1mScanning dependencies of target vector_map_msgs_generate_messages_lisp[0m
[11.046s] [  0%] Built target vector_map_msgs_generate_messages_lisp
[11.082s] [35m[1mScanning dependencies of target autoware_system_msgs_generate_messages_lisp[0m
[11.118s] [  0%] Built target autoware_system_msgs_generate_messages_lisp
[11.176s] [35m[1mScanning dependencies of target dynamic_reconfigure_gencfg[0m
[11.216s] [  0%] Built target dynamic_reconfigure_gencfg
[11.298s] [35m[1mScanning dependencies of target tf2_msgs_generate_messages_lisp[0m
[11.352s] [  0%] Built target tf2_msgs_generate_messages_lisp
[11.432s] [35m[1mScanning dependencies of target bond_generate_messages_nodejs[0m
[11.511s] [  0%] Built target bond_generate_messages_nodejs
[11.551s] [35m[1mScanning dependencies of target autoware_config_msgs_generate_messages_py[0m
[11.616s] [  0%] Built target autoware_config_msgs_generate_messages_py
[11.649s] [35m[1mScanning dependencies of target roscpp_generate_messages_eus[0m
[11.693s] [  0%] Built target roscpp_generate_messages_eus
[11.706s] [35m[1mScanning dependencies of target actionlib_msgs_generate_messages_eus[0m
[11.743s] [  0%] Built target actionlib_msgs_generate_messages_eus
[11.781s] [35m[1mScanning dependencies of target rosgraph_msgs_generate_messages_py[0m
[11.820s] [  0%] Built target rosgraph_msgs_generate_messages_py
[11.851s] [35m[1mScanning dependencies of target autoware_msgs_generate_messages_nodejs[0m
[11.906s] [  0%] Built target autoware_msgs_generate_messages_nodejs
[11.946s] [35m[1mScanning dependencies of target autoware_config_msgs_generate_messages_cpp[0m
[12.022s] [  0%] Built target autoware_config_msgs_generate_messages_cpp
[12.054s] [35m[1mScanning dependencies of target rosgraph_msgs_generate_messages_nodejs[0m
[12.093s] [  0%] Built target rosgraph_msgs_generate_messages_nodejs
[12.131s] [35m[1mScanning dependencies of target visualization_msgs_generate_messages_lisp[0m
[12.150s] [  0%] Built target visualization_msgs_generate_messages_lisp
[12.172s] [35m[1mScanning dependencies of target std_msgs_generate_messages_eus[0m
[12.190s] [  0%] Built target std_msgs_generate_messages_eus
[12.212s] [35m[1mScanning dependencies of target geometry_msgs_generate_messages_nodejs[0m
[12.235s] [  0%] Built target geometry_msgs_generate_messages_nodejs
[12.252s] [35m[1mScanning dependencies of target autoware_config_msgs_generate_messages_eus[0m
[12.274s] [  0%] Built target autoware_config_msgs_generate_messages_eus
[12.293s] [35m[1mScanning dependencies of target autoware_config_msgs_generate_messages_lisp[0m
[12.310s] [  0%] Built target autoware_config_msgs_generate_messages_lisp
[12.333s] [35m[1mScanning dependencies of target roscpp_generate_messages_nodejs[0m
[12.350s] [  0%] Built target roscpp_generate_messages_nodejs
[12.380s] [35m[1mScanning dependencies of target std_msgs_generate_messages_lisp[0m
[12.403s] [  0%] Built target std_msgs_generate_messages_lisp
[12.439s] [35m[1mScanning dependencies of target std_msgs_generate_messages_nodejs[0m
[12.470s] [  0%] Built target std_msgs_generate_messages_nodejs
[12.487s] [35m[1mScanning dependencies of target jsk_recognition_msgs_generate_messages_lisp[0m
[12.503s] [  0%] Built target jsk_recognition_msgs_generate_messages_lisp
[12.521s] [35m[1mScanning dependencies of target jsk_recognition_msgs_generate_messages_py[0m
[12.543s] [  0%] Built target jsk_recognition_msgs_generate_messages_py
[12.559s] [35m[1mScanning dependencies of target sensor_msgs_generate_messages_cpp[0m
[12.574s] [  0%] Built target sensor_msgs_generate_messages_cpp
[12.595s] [35m[1mScanning dependencies of target sensor_msgs_generate_messages_eus[0m
[12.623s] [  0%] Built target sensor_msgs_generate_messages_eus
[12.646s] [35m[1mScanning dependencies of target autoware_system_msgs_generate_messages_py[0m
[12.662s] [  0%] Built target autoware_system_msgs_generate_messages_py
[12.679s] [35m[1mScanning dependencies of target sensor_msgs_generate_messages_nodejs[0m
[12.693s] [  0%] Built target sensor_msgs_generate_messages_nodejs
[12.718s] [35m[1mScanning dependencies of target roscpp_generate_messages_cpp[0m
[12.740s] [  0%] Built target roscpp_generate_messages_cpp
[12.765s] [35m[1mScanning dependencies of target actionlib_generate_messages_cpp[0m
[12.784s] [  0%] Built target actionlib_generate_messages_cpp
[12.804s] [35m[1mScanning dependencies of target nodelet_generate_messages_py[0m
[12.822s] [  0%] Built target nodelet_generate_messages_py
[12.839s] [35m[1mScanning dependencies of target sensor_msgs_generate_messages_py[0m
[12.855s] [  0%] Built target sensor_msgs_generate_messages_py
[12.879s] [35m[1mScanning dependencies of target dynamic_reconfigure_generate_messages_cpp[0m
[12.895s] [  0%] Built target dynamic_reconfigure_generate_messages_cpp
[12.911s] [35m[1mScanning dependencies of target tf_generate_messages_py[0m
[12.927s] [  0%] Built target tf_generate_messages_py
[12.962s] [35m[1mScanning dependencies of target pcl_msgs_generate_messages_cpp[0m
[12.978s] [  0%] Built target pcl_msgs_generate_messages_cpp
[13.003s] [35m[1mScanning dependencies of target pcl_msgs_generate_messages_eus[0m
[13.027s] [  0%] Built target pcl_msgs_generate_messages_eus
[13.042s] [35m[1mScanning dependencies of target pcl_msgs_generate_messages_nodejs[0m
[13.066s] [  0%] Built target pcl_msgs_generate_messages_nodejs
[13.081s] [35m[1mScanning dependencies of target jsk_footstep_msgs_generate_messages_eus[0m
[13.097s] [  0%] Built target jsk_footstep_msgs_generate_messages_eus
[13.117s] [35m[1mScanning dependencies of target actionlib_msgs_generate_messages_py[0m
[13.132s] [  0%] Built target actionlib_msgs_generate_messages_py
[13.146s] [35m[1mScanning dependencies of target jsk_footstep_msgs_generate_messages_lisp[0m
[13.175s] [  0%] Built target jsk_footstep_msgs_generate_messages_lisp
[13.196s] [35m[1mScanning dependencies of target jsk_footstep_msgs_generate_messages_nodejs[0m
[13.226s] [  0%] Built target jsk_footstep_msgs_generate_messages_nodejs
[13.245s] [35m[1mScanning dependencies of target autoware_system_msgs_generate_messages_nodejs[0m
[13.263s] [  0%] Built target autoware_system_msgs_generate_messages_nodejs
[13.284s] [35m[1mScanning dependencies of target actionlib_msgs_generate_messages_lisp[0m
[13.300s] [  0%] Built target actionlib_msgs_generate_messages_lisp
[13.327s] [35m[1mScanning dependencies of target actionlib_generate_messages_nodejs[0m
[13.347s] [  0%] Built target actionlib_generate_messages_nodejs
[13.376s] [35m[1mScanning dependencies of target pcl_msgs_generate_messages_lisp[0m
[13.403s] [  0%] Built target pcl_msgs_generate_messages_lisp
[13.431s] [35m[1mScanning dependencies of target tf_generate_messages_cpp[0m
[13.456s] [  0%] Built target tf_generate_messages_cpp
[13.471s] [35m[1mScanning dependencies of target jsk_footstep_msgs_generate_messages_cpp[0m
[13.506s] [  0%] Built target jsk_footstep_msgs_generate_messages_cpp
[13.524s] [35m[1mScanning dependencies of target actionlib_msgs_generate_messages_cpp[0m
[13.540s] [  0%] Built target actionlib_msgs_generate_messages_cpp
[13.562s] [35m[1mScanning dependencies of target tf_generate_messages_eus[0m
[13.590s] [  0%] Built target tf_generate_messages_eus
[13.608s] [35m[1mScanning dependencies of target tf_generate_messages_lisp[0m
[13.646s] [  0%] Built target tf_generate_messages_lisp
[13.678s] [35m[1mScanning dependencies of target autoware_config_msgs_generate_messages_nodejs[0m
[13.713s] [  0%] Built target autoware_config_msgs_generate_messages_nodejs
[13.747s] [35m[1mScanning dependencies of target tf_generate_messages_nodejs[0m
[13.771s] [  0%] Built target tf_generate_messages_nodejs
[13.808s] [35m[1mScanning dependencies of target std_srvs_generate_messages_eus[0m
[13.836s] [  0%] Built target std_srvs_generate_messages_eus
[13.851s] [35m[1mScanning dependencies of target autoware_lanelet2_msgs_generate_messages_py[0m
[13.872s] [  0%] Built target autoware_lanelet2_msgs_generate_messages_py
[13.891s] [35m[1mScanning dependencies of target jsk_recognition_msgs_generate_messages_nodejs[0m
[13.946s] [  0%] Built target jsk_recognition_msgs_generate_messages_nodejs
[13.978s] [35m[1mScanning dependencies of target roscpp_generate_messages_lisp[0m
[13.992s] [  0%] Built target roscpp_generate_messages_lisp
[14.011s] [35m[1mScanning dependencies of target autoware_lanelet2_msgs_generate_messages_nodejs[0m
[14.034s] [  0%] Built target autoware_lanelet2_msgs_generate_messages_nodejs
[14.051s] [35m[1mScanning dependencies of target roscpp_generate_messages_py[0m
[14.074s] [  0%] Built target roscpp_generate_messages_py
[14.090s] [35m[1mScanning dependencies of target pcl_msgs_generate_messages_py[0m
[14.130s] [  0%] Built target pcl_msgs_generate_messages_py
[14.145s] [35m[1mScanning dependencies of target actionlib_generate_messages_eus[0m
[14.183s] [  0%] Built target actionlib_generate_messages_eus
[14.214s] [35m[1mScanning dependencies of target geometry_msgs_generate_messages_cpp[0m
[14.225s] [  0%] Built target geometry_msgs_generate_messages_cpp
[14.239s] [35m[1mScanning dependencies of target actionlib_generate_messages_lisp[0m
[14.257s] [  0%] Built target actionlib_generate_messages_lisp
[14.295s] [35m[1mScanning dependencies of target tf2_msgs_generate_messages_py[0m
[14.320s] [  0%] Built target tf2_msgs_generate_messages_py
[14.331s] [35m[1mScanning dependencies of target actionlib_generate_messages_py[0m
[14.359s] [  0%] Built target actionlib_generate_messages_py
[14.390s] [35m[1mScanning dependencies of target visualization_msgs_generate_messages_cpp[0m
[14.403s] [  0%] Built target visualization_msgs_generate_messages_cpp
[14.426s] [35m[1mScanning dependencies of target vector_map_msgs_generate_messages_nodejs[0m
[14.469s] [  0%] Built target vector_map_msgs_generate_messages_nodejs
[14.502s] [35m[1mScanning dependencies of target std_srvs_generate_messages_lisp[0m
[14.522s] [  0%] Built target std_srvs_generate_messages_lisp
[14.544s] [35m[1mScanning dependencies of target std_srvs_generate_messages_nodejs[0m
[14.577s] [  0%] Built target std_srvs_generate_messages_nodejs
[14.609s] [35m[1mScanning dependencies of target std_srvs_generate_messages_py[0m
[14.641s] [  0%] Built target std_srvs_generate_messages_py
[14.679s] [35m[1mScanning dependencies of target topic_tools_generate_messages_cpp[0m
[14.711s] [  0%] Built target topic_tools_generate_messages_cpp
[14.726s] [35m[1mScanning dependencies of target topic_tools_generate_messages_eus[0m
[14.743s] [  0%] Built target topic_tools_generate_messages_eus
[14.769s] [35m[1mScanning dependencies of target topic_tools_generate_messages_nodejs[0m
[14.790s] [  0%] Built target topic_tools_generate_messages_nodejs
[14.807s] [35m[1mScanning dependencies of target vector_map_msgs_generate_messages_cpp[0m
[14.831s] [  0%] Built target vector_map_msgs_generate_messages_cpp
[14.849s] [35m[1mScanning dependencies of target vector_map_msgs_generate_messages_eus[0m
[14.866s] [  0%] Built target vector_map_msgs_generate_messages_eus
[14.890s] [35m[1mScanning dependencies of target vector_map_msgs_generate_messages_py[0m
[14.915s] [  0%] Built target vector_map_msgs_generate_messages_py
[14.959s] [35m[1mScanning dependencies of target velocity_set_lanelet2[0m
[15.112s] [  7%] [32mBuilding CXX object CMakeFiles/velocity_set_lanelet2.dir/src/velocity_set_lanelet2/velocity_set_lanelet2.cpp.o[0m
[43.053s] [ 15%] [32mBuilding CXX object CMakeFiles/velocity_set_lanelet2.dir/src/velocity_set/libvelocity_set.cpp.o[0m
[51.638s] [ 23%] [32mBuilding CXX object CMakeFiles/velocity_set_lanelet2.dir/src/velocity_set/velocity_set_info.cpp.o[0m
[58.354s] In file included from [01m[K/home/ros/autoware.ai/src/autoware/core_planning/waypoint_planner/src/velocity_set/velocity_set_info.cpp:17:0[m[K:
[58.354s] [01m[K/home/ros/autoware.ai/src/autoware/core_planning/waypoint_planner/include/waypoint_planner/velocity_set/velocity_set_info.h:[m[K In constructor ‘[01m[KVelocitySetInfo::VelocitySetInfo()[m[K’:
[58.354s] [01m[K/home/ros/autoware.ai/src/autoware/core_planning/waypoint_planner/include/waypoint_planner/velocity_set/velocity_set_info.h:53:8:[m[K [01;35m[Kwarning: [m[K‘[01m[KVelocitySetInfo::set_pose_[m[K’ will be initialized after [[01;35m[K-Wreorder[m[K]
[58.354s]    bool [01;35m[Kset_pose_[m[K;
[58.354s]         [01;35m[K^~~~~~~~~[m[K
[58.354s] [01m[K/home/ros/autoware.ai/src/autoware/core_planning/waypoint_planner/include/waypoint_planner/velocity_set/velocity_set_info.h:45:8:[m[K [01;35m[Kwarning: [m[K  ‘[01m[Kint VelocitySetInfo::wpidx_detectionResultByOtherNodes_[m[K’ [[01;35m[K-Wreorder[m[K]
[58.355s]    int  [01;35m[Kwpidx_detectionResultByOtherNodes_[m[K; // waypoints index@finalwaypoints
[58.355s]         [01;35m[K^~~~~~~~~~~~~~~~~~~~~~~~~~~~~~~~~~[m[K
[58.355s] [01m[K/home/ros/autoware.ai/src/autoware/core_planning/waypoint_planner/src/velocity_set/velocity_set_info.cpp:27:1:[m[K [01;35m[Kwarning: [m[K  when initialized here [[01;35m[K-Wreorder[m[K]
[58.355s]  [01;35m[KVelocitySetInfo[m[K::VelocitySetInfo()
[58.355s]  [01;35m[K^~~~~~~~~~~~~~~[m[K
[63.448s] [ 30%] [32mBuilding CXX object CMakeFiles/velocity_set_lanelet2.dir/src/velocity_set/velocity_set_path.cpp.o[0m
[70.651s] [ 38%] [32m[1mLinking CXX executable devel/lib/waypoint_planner/velocity_set_lanelet2[0m
[71.644s] [ 38%] Built target velocity_set_lanelet2
[71.659s] [35m[1mScanning dependencies of target astar_avoid[0m
[71.716s] [ 46%] [32mBuilding CXX object CMakeFiles/astar_avoid.dir/src/astar_avoid/astar_avoid.cpp.o[0m
[75.238s] In file included from [01m[K/home/ros/autoware.ai/src/autoware/core_planning/waypoint_planner/src/astar_avoid/astar_avoid.cpp:17:0[m[K:
[75.239s] [01m[K/home/ros/autoware.ai/src/autoware/core_planning/waypoint_planner/include/waypoint_planner/astar_avoid/astar_avoid.h:[m[K In constructor ‘[01m[KAstarAvoid::AstarAvoid()[m[K’:
[75.239s] [01m[K/home/ros/autoware.ai/src/autoware/core_planning/waypoint_planner/include/waypoint_planner/astar_avoid/astar_avoid.h:105:8:[m[K [01;35m[Kwarning: [m[K‘[01m[KAstarAvoid::closest_waypoint_initialized_[m[K’ will be initialized after [[01;35m[K-Wreorder[m[K]
[75.239s]    bool [01;35m[Kclosest_waypoint_initialized_[m[K;
[75.239s]         [01;35m[K^~~~~~~~~~~~~~~~~~~~~~~~~~~~~[m[K
[75.239s] [01m[K/home/ros/autoware.ai/src/autoware/core_planning/waypoint_planner/include/waypoint_planner/astar_avoid/astar_avoid.h:87:8:[m[K [01;35m[Kwarning: [m[K  ‘[01m[Kbool AstarAvoid::terminate_thread_[m[K’ [[01;35m[K-Wreorder[m[K]
[75.239s]    bool [01;35m[Kterminate_thread_[m[K;
[75.239s]         [01;35m[K^~~~~~~~~~~~~~~~~[m[K
[75.239s] [01m[K/home/ros/autoware.ai/src/autoware/core_planning/waypoint_planner/src/astar_avoid/astar_avoid.cpp:19:1:[m[K [01;35m[Kwarning: [m[K  when initialized here [[01;35m[K-Wreorder[m[K]
[75.240s]  [01;35m[KAstarAvoid[m[K::AstarAvoid()
[75.240s]  [01;35m[K^~~~~~~~~~[m[K
[81.971s] [ 53%] [32mBuilding CXX object CMakeFiles/astar_avoid.dir/src/astar_avoid/astar_avoid_node.cpp.o[0m
[88.271s] [ 61%] [32m[1mLinking CXX executable devel/lib/waypoint_planner/astar_avoid[0m
[88.860s] [ 61%] Built target astar_avoid
[88.875s] [35m[1mScanning dependencies of target velocity_set[0m
[89.005s] [ 69%] [32mBuilding CXX object CMakeFiles/velocity_set.dir/src/velocity_set/velocity_set.cpp.o[0m
[109.667s] [ 76%] [32mBuilding CXX object CMakeFiles/velocity_set.dir/src/velocity_set/libvelocity_set.cpp.o[0m
[117.925s] [ 84%] [32mBuilding CXX object CMakeFiles/velocity_set.dir/src/velocity_set/velocity_set_info.cpp.o[0m
[124.414s] In file included from [01m[K/home/ros/autoware.ai/src/autoware/core_planning/waypoint_planner/src/velocity_set/velocity_set_info.cpp:17:0[m[K:
[124.414s] [01m[K/home/ros/autoware.ai/src/autoware/core_planning/waypoint_planner/include/waypoint_planner/velocity_set/velocity_set_info.h:[m[K In constructor ‘[01m[KVelocitySetInfo::VelocitySetInfo()[m[K’:
[124.414s] [01m[K/home/ros/autoware.ai/src/autoware/core_planning/waypoint_planner/include/waypoint_planner/velocity_set/velocity_set_info.h:53:8:[m[K [01;35m[Kwarning: [m[K‘[01m[KVelocitySetInfo::set_pose_[m[K’ will be initialized after [[01;35m[K-Wreorder[m[K]
[124.415s]    bool [01;35m[Kset_pose_[m[K;
[124.415s]         [01;35m[K^~~~~~~~~[m[K
[124.415s] [01m[K/home/ros/autoware.ai/src/autoware/core_planning/waypoint_planner/include/waypoint_planner/velocity_set/velocity_set_info.h:45:8:[m[K [01;35m[Kwarning: [m[K  ‘[01m[Kint VelocitySetInfo::wpidx_detectionResultByOtherNodes_[m[K’ [[01;35m[K-Wreorder[m[K]
[124.415s]    int  [01;35m[Kwpidx_detectionResultByOtherNodes_[m[K; // waypoints index@finalwaypoints
[124.415s]         [01;35m[K^~~~~~~~~~~~~~~~~~~~~~~~~~~~~~~~~~[m[K
[124.415s] [01m[K/home/ros/autoware.ai/src/autoware/core_planning/waypoint_planner/src/velocity_set/velocity_set_info.cpp:27:1:[m[K [01;35m[Kwarning: [m[K  when initialized here [[01;35m[K-Wreorder[m[K]
[124.415s]  [01;35m[KVelocitySetInfo[m[K::VelocitySetInfo()
[124.416s]  [01;35m[K^~~~~~~~~~~~~~~[m[K
[128.959s] [ 92%] [32mBuilding CXX object CMakeFiles/velocity_set.dir/src/velocity_set/velocity_set_path.cpp.o[0m
[136.182s] [100%] [32m[1mLinking CXX executable devel/lib/waypoint_planner/velocity_set[0m
[137.009s] [100%] Built target velocity_set
[137.030s] Invoked command in '/home/ros/autoware.ai/build/waypoint_planner' returned '0': CMAKE_PREFIX_PATH=/home/ros/autoware.ai/install/libwaypoint_follower:/home/ros/autoware.ai/install/lanelet2_extension:/home/ros/autoware.ai/install/vector_map:/home/ros/autoware.ai/install/autoware_health_checker:/home/ros/autoware.ai/install/astar_search:/home/ros/autoware.ai/install/amathutils_lib:/home/ros/autoware.ai/install/vector_map_msgs:/home/ros/autoware.ai/install/ros_observer:/home/ros/autoware.ai/install/autoware_system_msgs:/home/ros/autoware.ai/install/autoware_msgs:/home/ros/autoware.ai/install/autoware_lanelet2_msgs:/home/ros/autoware.ai/install/autoware_config_msgs:/home/ros/autoware.ai/install/autoware_build_flags:${CMAKE_PREFIX_PATH} LD_LIBRARY_PATH=/home/ros/autoware.ai/install/libwaypoint_follower/lib:/home/ros/autoware.ai/install/lanelet2_extension/lib:/home/ros/autoware.ai/install/vector_map/lib:/home/ros/autoware.ai/install/autoware_health_checker/lib:/home/ros/autoware.ai/install/astar_search/lib:/home/ros/autoware.ai/install/amathutils_lib/lib:/home/ros/autoware.ai/install/ros_observer/lib:${LD_LIBRARY_PATH} PKG_CONFIG_PATH=/home/ros/autoware.ai/install/libwaypoint_follower/lib/x86_64-linux-gnu/pkgconfig:/home/ros/autoware.ai/install/libwaypoint_follower/lib/pkgconfig:/home/ros/autoware.ai/install/lanelet2_extension/lib/x86_64-linux-gnu/pkgconfig:/home/ros/autoware.ai/install/lanelet2_extension/lib/pkgconfig:/home/ros/autoware.ai/install/vector_map/lib/x86_64-linux-gnu/pkgconfig:/home/ros/autoware.ai/install/vector_map/lib/pkgconfig:/home/ros/autoware.ai/install/autoware_health_checker/lib/x86_64-linux-gnu/pkgconfig:/home/ros/autoware.ai/install/autoware_health_checker/lib/pkgconfig:/home/ros/autoware.ai/install/astar_search/lib/x86_64-linux-gnu/pkgconfig:/home/ros/autoware.ai/install/astar_search/lib/pkgconfig:/home/ros/autoware.ai/install/amathutils_lib/lib/x86_64-linux-gnu/pkgconfig:/home/ros/autoware.ai/install/amathutils_lib/lib/pkgconfig:/home/ros/autoware.ai/install/vector_map_msgs/lib/x86_64-linux-gnu/pkgconfig:/home/ros/autoware.ai/install/vector_map_msgs/lib/pkgconfig:/home/ros/autoware.ai/install/ros_observer/lib/x86_64-linux-gnu/pkgconfig:/home/ros/autoware.ai/install/ros_observer/lib/pkgconfig:/home/ros/autoware.ai/install/autoware_system_msgs/lib/x86_64-linux-gnu/pkgconfig:/home/ros/autoware.ai/install/autoware_system_msgs/lib/pkgconfig:/home/ros/autoware.ai/install/autoware_msgs/lib/x86_64-linux-gnu/pkgconfig:/home/ros/autoware.ai/install/autoware_msgs/lib/pkgconfig:/home/ros/autoware.ai/install/autoware_lanelet2_msgs/lib/x86_64-linux-gnu/pkgconfig:/home/ros/autoware.ai/install/autoware_lanelet2_msgs/lib/pkgconfig:/home/ros/autoware.ai/install/autoware_config_msgs/lib/x86_64-linux-gnu/pkgconfig:/home/ros/autoware.ai/install/autoware_config_msgs/lib/pkgconfig:/home/ros/autoware.ai/install/autoware_build_flags/lib/x86_64-linux-gnu/pkgconfig:/home/ros/autoware.ai/install/autoware_build_flags/lib/pkgconfig:${PKG_CONFIG_PATH} PYTHONPATH=/home/ros/autoware.ai/install/vector_map_msgs/lib/python2.7/dist-packages:/home/ros/autoware.ai/install/autoware_system_msgs/lib/python2.7/dist-packages:/home/ros/autoware.ai/install/autoware_msgs/lib/python2.7/dist-packages:/home/ros/autoware.ai/install/autoware_lanelet2_msgs/lib/python2.7/dist-packages:/home/ros/autoware.ai/install/autoware_config_msgs/lib/python2.7/dist-packages:${PYTHONPATH} ROS_PACKAGE_PATH=/home/ros/autoware.ai/install/libwaypoint_follower/share:/home/ros/autoware.ai/install/lanelet2_extension/share:/home/ros/autoware.ai/install/vector_map/share:/home/ros/autoware.ai/install/autoware_health_checker/share:/home/ros/autoware.ai/install/astar_search/share:/home/ros/autoware.ai/install/amathutils_lib/share:/home/ros/autoware.ai/install/vector_map_msgs/share:/home/ros/autoware.ai/install/ros_observer/share:/home/ros/autoware.ai/install/autoware_system_msgs/share:/home/ros/autoware.ai/install/autoware_msgs/share:/home/ros/autoware.ai/install/autoware_lanelet2_msgs/share:/home/ros/autoware.ai/install/autoware_config_msgs/share:/home/ros/autoware.ai/install/autoware_build_flags/share:${ROS_PACKAGE_PATH} /usr/bin/cmake --build /home/ros/autoware.ai/build/waypoint_planner -- -j12 -l12
[137.150s] Invoking command in '/home/ros/autoware.ai/build/waypoint_planner': CMAKE_PREFIX_PATH=/home/ros/autoware.ai/install/libwaypoint_follower:/home/ros/autoware.ai/install/lanelet2_extension:/home/ros/autoware.ai/install/vector_map:/home/ros/autoware.ai/install/autoware_health_checker:/home/ros/autoware.ai/install/astar_search:/home/ros/autoware.ai/install/amathutils_lib:/home/ros/autoware.ai/install/vector_map_msgs:/home/ros/autoware.ai/install/ros_observer:/home/ros/autoware.ai/install/autoware_system_msgs:/home/ros/autoware.ai/install/autoware_msgs:/home/ros/autoware.ai/install/autoware_lanelet2_msgs:/home/ros/autoware.ai/install/autoware_config_msgs:/home/ros/autoware.ai/install/autoware_build_flags:${CMAKE_PREFIX_PATH} LD_LIBRARY_PATH=/home/ros/autoware.ai/install/libwaypoint_follower/lib:/home/ros/autoware.ai/install/lanelet2_extension/lib:/home/ros/autoware.ai/install/vector_map/lib:/home/ros/autoware.ai/install/autoware_health_checker/lib:/home/ros/autoware.ai/install/astar_search/lib:/home/ros/autoware.ai/install/amathutils_lib/lib:/home/ros/autoware.ai/install/ros_observer/lib:${LD_LIBRARY_PATH} PKG_CONFIG_PATH=/home/ros/autoware.ai/install/libwaypoint_follower/lib/x86_64-linux-gnu/pkgconfig:/home/ros/autoware.ai/install/libwaypoint_follower/lib/pkgconfig:/home/ros/autoware.ai/install/lanelet2_extension/lib/x86_64-linux-gnu/pkgconfig:/home/ros/autoware.ai/install/lanelet2_extension/lib/pkgconfig:/home/ros/autoware.ai/install/vector_map/lib/x86_64-linux-gnu/pkgconfig:/home/ros/autoware.ai/install/vector_map/lib/pkgconfig:/home/ros/autoware.ai/install/autoware_health_checker/lib/x86_64-linux-gnu/pkgconfig:/home/ros/autoware.ai/install/autoware_health_checker/lib/pkgconfig:/home/ros/autoware.ai/install/astar_search/lib/x86_64-linux-gnu/pkgconfig:/home/ros/autoware.ai/install/astar_search/lib/pkgconfig:/home/ros/autoware.ai/install/amathutils_lib/lib/x86_64-linux-gnu/pkgconfig:/home/ros/autoware.ai/install/amathutils_lib/lib/pkgconfig:/home/ros/autoware.ai/install/vector_map_msgs/lib/x86_64-linux-gnu/pkgconfig:/home/ros/autoware.ai/install/vector_map_msgs/lib/pkgconfig:/home/ros/autoware.ai/install/ros_observer/lib/x86_64-linux-gnu/pkgconfig:/home/ros/autoware.ai/install/ros_observer/lib/pkgconfig:/home/ros/autoware.ai/install/autoware_system_msgs/lib/x86_64-linux-gnu/pkgconfig:/home/ros/autoware.ai/install/autoware_system_msgs/lib/pkgconfig:/home/ros/autoware.ai/install/autoware_msgs/lib/x86_64-linux-gnu/pkgconfig:/home/ros/autoware.ai/install/autoware_msgs/lib/pkgconfig:/home/ros/autoware.ai/install/autoware_lanelet2_msgs/lib/x86_64-linux-gnu/pkgconfig:/home/ros/autoware.ai/install/autoware_lanelet2_msgs/lib/pkgconfig:/home/ros/autoware.ai/install/autoware_config_msgs/lib/x86_64-linux-gnu/pkgconfig:/home/ros/autoware.ai/install/autoware_config_msgs/lib/pkgconfig:/home/ros/autoware.ai/install/autoware_build_flags/lib/x86_64-linux-gnu/pkgconfig:/home/ros/autoware.ai/install/autoware_build_flags/lib/pkgconfig:${PKG_CONFIG_PATH} PYTHONPATH=/home/ros/autoware.ai/install/vector_map_msgs/lib/python2.7/dist-packages:/home/ros/autoware.ai/install/autoware_system_msgs/lib/python2.7/dist-packages:/home/ros/autoware.ai/install/autoware_msgs/lib/python2.7/dist-packages:/home/ros/autoware.ai/install/autoware_lanelet2_msgs/lib/python2.7/dist-packages:/home/ros/autoware.ai/install/autoware_config_msgs/lib/python2.7/dist-packages:${PYTHONPATH} ROS_PACKAGE_PATH=/home/ros/autoware.ai/install/libwaypoint_follower/share:/home/ros/autoware.ai/install/lanelet2_extension/share:/home/ros/autoware.ai/install/vector_map/share:/home/ros/autoware.ai/install/autoware_health_checker/share:/home/ros/autoware.ai/install/astar_search/share:/home/ros/autoware.ai/install/amathutils_lib/share:/home/ros/autoware.ai/install/vector_map_msgs/share:/home/ros/autoware.ai/install/ros_observer/share:/home/ros/autoware.ai/install/autoware_system_msgs/share:/home/ros/autoware.ai/install/autoware_msgs/share:/home/ros/autoware.ai/install/autoware_lanelet2_msgs/share:/home/ros/autoware.ai/install/autoware_config_msgs/share:/home/ros/autoware.ai/install/autoware_build_flags/share:${ROS_PACKAGE_PATH} /usr/bin/cmake --build /home/ros/autoware.ai/build/waypoint_planner --target tests -- -j12 -l12
[137.247s] [35m[1mScanning dependencies of target tests[0m
[137.261s] Built target tests
[137.281s] Invoked command in '/home/ros/autoware.ai/build/waypoint_planner' returned '0': CMAKE_PREFIX_PATH=/home/ros/autoware.ai/install/libwaypoint_follower:/home/ros/autoware.ai/install/lanelet2_extension:/home/ros/autoware.ai/install/vector_map:/home/ros/autoware.ai/install/autoware_health_checker:/home/ros/autoware.ai/install/astar_search:/home/ros/autoware.ai/install/amathutils_lib:/home/ros/autoware.ai/install/vector_map_msgs:/home/ros/autoware.ai/install/ros_observer:/home/ros/autoware.ai/install/autoware_system_msgs:/home/ros/autoware.ai/install/autoware_msgs:/home/ros/autoware.ai/install/autoware_lanelet2_msgs:/home/ros/autoware.ai/install/autoware_config_msgs:/home/ros/autoware.ai/install/autoware_build_flags:${CMAKE_PREFIX_PATH} LD_LIBRARY_PATH=/home/ros/autoware.ai/install/libwaypoint_follower/lib:/home/ros/autoware.ai/install/lanelet2_extension/lib:/home/ros/autoware.ai/install/vector_map/lib:/home/ros/autoware.ai/install/autoware_health_checker/lib:/home/ros/autoware.ai/install/astar_search/lib:/home/ros/autoware.ai/install/amathutils_lib/lib:/home/ros/autoware.ai/install/ros_observer/lib:${LD_LIBRARY_PATH} PKG_CONFIG_PATH=/home/ros/autoware.ai/install/libwaypoint_follower/lib/x86_64-linux-gnu/pkgconfig:/home/ros/autoware.ai/install/libwaypoint_follower/lib/pkgconfig:/home/ros/autoware.ai/install/lanelet2_extension/lib/x86_64-linux-gnu/pkgconfig:/home/ros/autoware.ai/install/lanelet2_extension/lib/pkgconfig:/home/ros/autoware.ai/install/vector_map/lib/x86_64-linux-gnu/pkgconfig:/home/ros/autoware.ai/install/vector_map/lib/pkgconfig:/home/ros/autoware.ai/install/autoware_health_checker/lib/x86_64-linux-gnu/pkgconfig:/home/ros/autoware.ai/install/autoware_health_checker/lib/pkgconfig:/home/ros/autoware.ai/install/astar_search/lib/x86_64-linux-gnu/pkgconfig:/home/ros/autoware.ai/install/astar_search/lib/pkgconfig:/home/ros/autoware.ai/install/amathutils_lib/lib/x86_64-linux-gnu/pkgconfig:/home/ros/autoware.ai/install/amathutils_lib/lib/pkgconfig:/home/ros/autoware.ai/install/vector_map_msgs/lib/x86_64-linux-gnu/pkgconfig:/home/ros/autoware.ai/install/vector_map_msgs/lib/pkgconfig:/home/ros/autoware.ai/install/ros_observer/lib/x86_64-linux-gnu/pkgconfig:/home/ros/autoware.ai/install/ros_observer/lib/pkgconfig:/home/ros/autoware.ai/install/autoware_system_msgs/lib/x86_64-linux-gnu/pkgconfig:/home/ros/autoware.ai/install/autoware_system_msgs/lib/pkgconfig:/home/ros/autoware.ai/install/autoware_msgs/lib/x86_64-linux-gnu/pkgconfig:/home/ros/autoware.ai/install/autoware_msgs/lib/pkgconfig:/home/ros/autoware.ai/install/autoware_lanelet2_msgs/lib/x86_64-linux-gnu/pkgconfig:/home/ros/autoware.ai/install/autoware_lanelet2_msgs/lib/pkgconfig:/home/ros/autoware.ai/install/autoware_config_msgs/lib/x86_64-linux-gnu/pkgconfig:/home/ros/autoware.ai/install/autoware_config_msgs/lib/pkgconfig:/home/ros/autoware.ai/install/autoware_build_flags/lib/x86_64-linux-gnu/pkgconfig:/home/ros/autoware.ai/install/autoware_build_flags/lib/pkgconfig:${PKG_CONFIG_PATH} PYTHONPATH=/home/ros/autoware.ai/install/vector_map_msgs/lib/python2.7/dist-packages:/home/ros/autoware.ai/install/autoware_system_msgs/lib/python2.7/dist-packages:/home/ros/autoware.ai/install/autoware_msgs/lib/python2.7/dist-packages:/home/ros/autoware.ai/install/autoware_lanelet2_msgs/lib/python2.7/dist-packages:/home/ros/autoware.ai/install/autoware_config_msgs/lib/python2.7/dist-packages:${PYTHONPATH} ROS_PACKAGE_PATH=/home/ros/autoware.ai/install/libwaypoint_follower/share:/home/ros/autoware.ai/install/lanelet2_extension/share:/home/ros/autoware.ai/install/vector_map/share:/home/ros/autoware.ai/install/autoware_health_checker/share:/home/ros/autoware.ai/install/astar_search/share:/home/ros/autoware.ai/install/amathutils_lib/share:/home/ros/autoware.ai/install/vector_map_msgs/share:/home/ros/autoware.ai/install/ros_observer/share:/home/ros/autoware.ai/install/autoware_system_msgs/share:/home/ros/autoware.ai/install/autoware_msgs/share:/home/ros/autoware.ai/install/autoware_lanelet2_msgs/share:/home/ros/autoware.ai/install/autoware_config_msgs/share:/home/ros/autoware.ai/install/autoware_build_flags/share:${ROS_PACKAGE_PATH} /usr/bin/cmake --build /home/ros/autoware.ai/build/waypoint_planner --target tests -- -j12 -l12
[137.404s] Invoking command in '/home/ros/autoware.ai/build/waypoint_planner': CMAKE_PREFIX_PATH=/home/ros/autoware.ai/install/libwaypoint_follower:/home/ros/autoware.ai/install/lanelet2_extension:/home/ros/autoware.ai/install/vector_map:/home/ros/autoware.ai/install/autoware_health_checker:/home/ros/autoware.ai/install/astar_search:/home/ros/autoware.ai/install/amathutils_lib:/home/ros/autoware.ai/install/vector_map_msgs:/home/ros/autoware.ai/install/ros_observer:/home/ros/autoware.ai/install/autoware_system_msgs:/home/ros/autoware.ai/install/autoware_msgs:/home/ros/autoware.ai/install/autoware_lanelet2_msgs:/home/ros/autoware.ai/install/autoware_config_msgs:/home/ros/autoware.ai/install/autoware_build_flags:${CMAKE_PREFIX_PATH} LD_LIBRARY_PATH=/home/ros/autoware.ai/install/libwaypoint_follower/lib:/home/ros/autoware.ai/install/lanelet2_extension/lib:/home/ros/autoware.ai/install/vector_map/lib:/home/ros/autoware.ai/install/autoware_health_checker/lib:/home/ros/autoware.ai/install/astar_search/lib:/home/ros/autoware.ai/install/amathutils_lib/lib:/home/ros/autoware.ai/install/ros_observer/lib:${LD_LIBRARY_PATH} PKG_CONFIG_PATH=/home/ros/autoware.ai/install/libwaypoint_follower/lib/x86_64-linux-gnu/pkgconfig:/home/ros/autoware.ai/install/libwaypoint_follower/lib/pkgconfig:/home/ros/autoware.ai/install/lanelet2_extension/lib/x86_64-linux-gnu/pkgconfig:/home/ros/autoware.ai/install/lanelet2_extension/lib/pkgconfig:/home/ros/autoware.ai/install/vector_map/lib/x86_64-linux-gnu/pkgconfig:/home/ros/autoware.ai/install/vector_map/lib/pkgconfig:/home/ros/autoware.ai/install/autoware_health_checker/lib/x86_64-linux-gnu/pkgconfig:/home/ros/autoware.ai/install/autoware_health_checker/lib/pkgconfig:/home/ros/autoware.ai/install/astar_search/lib/x86_64-linux-gnu/pkgconfig:/home/ros/autoware.ai/install/astar_search/lib/pkgconfig:/home/ros/autoware.ai/install/amathutils_lib/lib/x86_64-linux-gnu/pkgconfig:/home/ros/autoware.ai/install/amathutils_lib/lib/pkgconfig:/home/ros/autoware.ai/install/vector_map_msgs/lib/x86_64-linux-gnu/pkgconfig:/home/ros/autoware.ai/install/vector_map_msgs/lib/pkgconfig:/home/ros/autoware.ai/install/ros_observer/lib/x86_64-linux-gnu/pkgconfig:/home/ros/autoware.ai/install/ros_observer/lib/pkgconfig:/home/ros/autoware.ai/install/autoware_system_msgs/lib/x86_64-linux-gnu/pkgconfig:/home/ros/autoware.ai/install/autoware_system_msgs/lib/pkgconfig:/home/ros/autoware.ai/install/autoware_msgs/lib/x86_64-linux-gnu/pkgconfig:/home/ros/autoware.ai/install/autoware_msgs/lib/pkgconfig:/home/ros/autoware.ai/install/autoware_lanelet2_msgs/lib/x86_64-linux-gnu/pkgconfig:/home/ros/autoware.ai/install/autoware_lanelet2_msgs/lib/pkgconfig:/home/ros/autoware.ai/install/autoware_config_msgs/lib/x86_64-linux-gnu/pkgconfig:/home/ros/autoware.ai/install/autoware_config_msgs/lib/pkgconfig:/home/ros/autoware.ai/install/autoware_build_flags/lib/x86_64-linux-gnu/pkgconfig:/home/ros/autoware.ai/install/autoware_build_flags/lib/pkgconfig:${PKG_CONFIG_PATH} PYTHONPATH=/home/ros/autoware.ai/install/vector_map_msgs/lib/python2.7/dist-packages:/home/ros/autoware.ai/install/autoware_system_msgs/lib/python2.7/dist-packages:/home/ros/autoware.ai/install/autoware_msgs/lib/python2.7/dist-packages:/home/ros/autoware.ai/install/autoware_lanelet2_msgs/lib/python2.7/dist-packages:/home/ros/autoware.ai/install/autoware_config_msgs/lib/python2.7/dist-packages:${PYTHONPATH} ROS_PACKAGE_PATH=/home/ros/autoware.ai/install/libwaypoint_follower/share:/home/ros/autoware.ai/install/lanelet2_extension/share:/home/ros/autoware.ai/install/vector_map/share:/home/ros/autoware.ai/install/autoware_health_checker/share:/home/ros/autoware.ai/install/astar_search/share:/home/ros/autoware.ai/install/amathutils_lib/share:/home/ros/autoware.ai/install/vector_map_msgs/share:/home/ros/autoware.ai/install/ros_observer/share:/home/ros/autoware.ai/install/autoware_system_msgs/share:/home/ros/autoware.ai/install/autoware_msgs/share:/home/ros/autoware.ai/install/autoware_lanelet2_msgs/share:/home/ros/autoware.ai/install/autoware_config_msgs/share:/home/ros/autoware.ai/install/autoware_build_flags/share:${ROS_PACKAGE_PATH} /usr/bin/cmake --build /home/ros/autoware.ai/build/waypoint_planner --target install -- -j12 -l12
[137.489s] [  0%] Built target tf2_msgs_generate_messages_eus
[137.520s] [  0%] Built target bond_generate_messages_py
[137.549s] [  0%] Built target bond_generate_messages_lisp
[137.581s] [  0%] Built target bond_generate_messages_cpp
[137.611s] [  0%] Built target nodelet_generate_messages_nodejs
[137.639s] [  0%] Built target nodelet_generate_messages_eus
[137.668s] [  0%] Built target nodelet_generate_messages_cpp
[137.696s] [  0%] Built target dynamic_reconfigure_generate_messages_py
[137.728s] [  0%] Built target dynamic_reconfigure_generate_messages_nodejs
[137.765s] [  0%] Built target dynamic_reconfigure_generate_messages_lisp
[137.793s] [  0%] Built target dynamic_reconfigure_generate_messages_eus
[137.822s] [  0%] Built target pcl_ros_gencfg
[137.851s] [  0%] Built target visualization_msgs_generate_messages_py
[137.879s] [  0%] Built target visualization_msgs_generate_messages_nodejs
[137.907s] [  0%] Built target visualization_msgs_generate_messages_eus
[137.936s] [  0%] Built target bond_generate_messages_eus
[137.965s] [  0%] Built target autoware_lanelet2_msgs_generate_messages_lisp
[137.993s] [  0%] Built target autoware_lanelet2_msgs_generate_messages_eus
[138.022s] [  0%] Built target autoware_lanelet2_msgs_generate_messages_cpp
[138.051s] [  0%] Built target tf2_msgs_generate_messages_nodejs
[138.080s] [  0%] Built target geometry_msgs_generate_messages_py
[138.110s] [  0%] Built target geometry_msgs_generate_messages_lisp
[138.139s] [  0%] Built target geometry_msgs_generate_messages_eus
[138.167s] [  0%] Built target autoware_system_msgs_generate_messages_cpp
[138.196s] [  0%] Built target autoware_msgs_generate_messages_lisp
[138.225s] [  0%] Built target topic_tools_generate_messages_lisp
[138.253s] [  0%] Built target jsk_recognition_msgs_generate_messages_cpp
[138.285s] [  0%] Built target autoware_msgs_generate_messages_eus
[138.315s] [  0%] Built target autoware_msgs_generate_messages_cpp
[138.345s] [  0%] Built target rosgraph_msgs_generate_messages_cpp
[138.375s] [  0%] Built target rosgraph_msgs_generate_messages_lisp
[138.407s] [  0%] Built target autoware_system_msgs_generate_messages_eus
[138.437s] [  0%] Built target jsk_recognition_msgs_generate_messages_eus
[138.465s] [  0%] Built target tf2_msgs_generate_messages_cpp
[138.496s] [  0%] Built target std_srvs_generate_messages_cpp
[138.523s] [  0%] Built target sensor_msgs_generate_messages_lisp
[138.551s] [  0%] Built target rosgraph_msgs_generate_messages_eus
[138.580s] [  0%] Built target nodelet_generate_messages_lisp
[138.609s] [  0%] Built target autoware_msgs_generate_messages_py
[138.638s] [  0%] Built target std_msgs_generate_messages_py
[138.666s] [  0%] Built target std_msgs_generate_messages_cpp
[138.694s] [  0%] Built target jsk_footstep_msgs_generate_messages_py
[138.723s] [  0%] Built target topic_tools_generate_messages_py
[138.751s] [  0%] Built target nodelet_topic_tools_gencfg
[138.780s] [  0%] Built target actionlib_msgs_generate_messages_nodejs
[138.809s] [  0%] Built target vector_map_msgs_generate_messages_lisp
[138.838s] [  0%] Built target autoware_system_msgs_generate_messages_lisp
[138.867s] [  0%] Built target dynamic_reconfigure_gencfg
[138.896s] [  0%] Built target tf2_msgs_generate_messages_lisp
[138.926s] [  0%] Built target bond_generate_messages_nodejs
[138.955s] [  0%] Built target autoware_config_msgs_generate_messages_py
[138.984s] [  0%] Built target roscpp_generate_messages_eus
[139.014s] [  0%] Built target actionlib_msgs_generate_messages_eus
[139.043s] [  0%] Built target rosgraph_msgs_generate_messages_py
[139.072s] [  0%] Built target autoware_msgs_generate_messages_nodejs
[139.100s] [  0%] Built target autoware_config_msgs_generate_messages_cpp
[139.129s] [  0%] Built target rosgraph_msgs_generate_messages_nodejs
[139.159s] [  0%] Built target visualization_msgs_generate_messages_lisp
[139.187s] [  0%] Built target std_msgs_generate_messages_eus
[139.216s] [  0%] Built target geometry_msgs_generate_messages_nodejs
[139.245s] [  0%] Built target autoware_config_msgs_generate_messages_eus
[139.273s] [  0%] Built target autoware_config_msgs_generate_messages_lisp
[139.302s] [  0%] Built target roscpp_generate_messages_nodejs
[139.332s] [  0%] Built target std_msgs_generate_messages_lisp
[139.363s] [  0%] Built target std_msgs_generate_messages_nodejs
[139.396s] [  0%] Built target jsk_recognition_msgs_generate_messages_lisp
[139.430s] [  0%] Built target jsk_recognition_msgs_generate_messages_py
[139.459s] [  0%] Built target sensor_msgs_generate_messages_cpp
[139.489s] [  0%] Built target sensor_msgs_generate_messages_eus
[139.520s] [  0%] Built target autoware_system_msgs_generate_messages_py
[139.549s] [  0%] Built target sensor_msgs_generate_messages_nodejs
[139.578s] [  0%] Built target roscpp_generate_messages_cpp
[139.607s] [  0%] Built target actionlib_generate_messages_cpp
[139.639s] [  0%] Built target nodelet_generate_messages_py
[139.667s] [  0%] Built target sensor_msgs_generate_messages_py
[139.696s] [  0%] Built target dynamic_reconfigure_generate_messages_cpp
[139.724s] [  0%] Built target tf_generate_messages_py
[139.752s] [  0%] Built target pcl_msgs_generate_messages_cpp
[139.779s] [  0%] Built target pcl_msgs_generate_messages_eus
[139.806s] [  0%] Built target pcl_msgs_generate_messages_nodejs
[139.832s] [  0%] Built target jsk_footstep_msgs_generate_messages_eus
[139.858s] [  0%] Built target actionlib_msgs_generate_messages_py
[139.885s] [  0%] Built target jsk_footstep_msgs_generate_messages_lisp
[139.913s] [  0%] Built target jsk_footstep_msgs_generate_messages_nodejs
[139.940s] [  0%] Built target autoware_system_msgs_generate_messages_nodejs
[139.966s] [  0%] Built target actionlib_msgs_generate_messages_lisp
[139.994s] [  0%] Built target actionlib_generate_messages_nodejs
[140.022s] [  0%] Built target pcl_msgs_generate_messages_lisp
[140.050s] [  0%] Built target tf_generate_messages_cpp
[140.079s] [  0%] Built target jsk_footstep_msgs_generate_messages_cpp
[140.107s] [  0%] Built target actionlib_msgs_generate_messages_cpp
[140.136s] [  0%] Built target tf_generate_messages_eus
[140.170s] [  0%] Built target tf_generate_messages_lisp
[140.203s] [  0%] Built target autoware_config_msgs_generate_messages_nodejs
[140.236s] [  0%] Built target tf_generate_messages_nodejs
[140.264s] [  0%] Built target std_srvs_generate_messages_eus
[140.294s] [  0%] Built target autoware_lanelet2_msgs_generate_messages_py
[140.321s] [  0%] Built target jsk_recognition_msgs_generate_messages_nodejs
[140.349s] [  0%] Built target roscpp_generate_messages_lisp
[140.378s] [  0%] Built target autoware_lanelet2_msgs_generate_messages_nodejs
[140.407s] [  0%] Built target roscpp_generate_messages_py
[140.436s] [  0%] Built target pcl_msgs_generate_messages_py
[140.465s] [  0%] Built target actionlib_generate_messages_eus
[140.494s] [  0%] Built target geometry_msgs_generate_messages_cpp
[140.525s] [  0%] Built target actionlib_generate_messages_lisp
[140.559s] [  0%] Built target tf2_msgs_generate_messages_py
[140.589s] [  0%] Built target actionlib_generate_messages_py
[140.623s] [  0%] Built target visualization_msgs_generate_messages_cpp
[140.652s] [  0%] Built target vector_map_msgs_generate_messages_nodejs
[140.683s] [  0%] Built target std_srvs_generate_messages_lisp
[140.710s] [  0%] Built target std_srvs_generate_messages_nodejs
[140.737s] [  0%] Built target std_srvs_generate_messages_py
[140.762s] [  0%] Built target topic_tools_generate_messages_cpp
[140.790s] [  0%] Built target topic_tools_generate_messages_eus
[140.818s] [  0%] Built target topic_tools_generate_messages_nodejs
[140.849s] [  0%] Built target vector_map_msgs_generate_messages_cpp
[140.891s] [  0%] Built target vector_map_msgs_generate_messages_eus
[140.921s] [  0%] Built target vector_map_msgs_generate_messages_py
[140.988s] [ 38%] Built target velocity_set_lanelet2
[141.041s] [ 61%] Built target astar_avoid
[141.103s] [100%] Built target velocity_set
[141.137s] [36mInstall the project...[0m
[141.151s] -- Install configuration: "Release"
[141.151s] -- Installing: /home/ros/autoware.ai/install/waypoint_planner/lib/pkgconfig/waypoint_planner.pc
[141.156s] -- Installing: /home/ros/autoware.ai/install/waypoint_planner/share/waypoint_planner/cmake/waypoint_plannerConfig.cmake
[141.156s] -- Installing: /home/ros/autoware.ai/install/waypoint_planner/share/waypoint_planner/cmake/waypoint_plannerConfig-version.cmake
[141.156s] -- Installing: /home/ros/autoware.ai/install/waypoint_planner/share/waypoint_planner/package.xml
[141.156s] -- Installing: /home/ros/autoware.ai/install/waypoint_planner/lib/waypoint_planner/astar_avoid
[141.156s] -- Set runtime path of "/home/ros/autoware.ai/install/waypoint_planner/lib/waypoint_planner/astar_avoid" to ""
[141.157s] -- Installing: /home/ros/autoware.ai/install/waypoint_planner/lib/waypoint_planner/velocity_set
[141.166s] -- Set runtime path of "/home/ros/autoware.ai/install/waypoint_planner/lib/waypoint_planner/velocity_set" to ""
[141.166s] -- Installing: /home/ros/autoware.ai/install/waypoint_planner/lib/waypoint_planner/velocity_set_lanelet2
[141.177s] -- Set runtime path of "/home/ros/autoware.ai/install/waypoint_planner/lib/waypoint_planner/velocity_set_lanelet2" to ""
[141.177s] -- Installing: /home/ros/autoware.ai/install/waypoint_planner/share/waypoint_planner/launch
[141.178s] -- Installing: /home/ros/autoware.ai/install/waypoint_planner/share/waypoint_planner/launch/velocity_set_lanelet2.launch
[141.178s] -- Installing: /home/ros/autoware.ai/install/waypoint_planner/share/waypoint_planner/launch/velocity_set.launch
[141.178s] -- Installing: /home/ros/autoware.ai/install/waypoint_planner/share/waypoint_planner/launch/velocity_set_option.launch
[141.178s] -- Installing: /home/ros/autoware.ai/install/waypoint_planner/share/waypoint_planner/launch/astar_avoid.launch
[141.185s] Invoked command in '/home/ros/autoware.ai/build/waypoint_planner' returned '0': CMAKE_PREFIX_PATH=/home/ros/autoware.ai/install/libwaypoint_follower:/home/ros/autoware.ai/install/lanelet2_extension:/home/ros/autoware.ai/install/vector_map:/home/ros/autoware.ai/install/autoware_health_checker:/home/ros/autoware.ai/install/astar_search:/home/ros/autoware.ai/install/amathutils_lib:/home/ros/autoware.ai/install/vector_map_msgs:/home/ros/autoware.ai/install/ros_observer:/home/ros/autoware.ai/install/autoware_system_msgs:/home/ros/autoware.ai/install/autoware_msgs:/home/ros/autoware.ai/install/autoware_lanelet2_msgs:/home/ros/autoware.ai/install/autoware_config_msgs:/home/ros/autoware.ai/install/autoware_build_flags:${CMAKE_PREFIX_PATH} LD_LIBRARY_PATH=/home/ros/autoware.ai/install/libwaypoint_follower/lib:/home/ros/autoware.ai/install/lanelet2_extension/lib:/home/ros/autoware.ai/install/vector_map/lib:/home/ros/autoware.ai/install/autoware_health_checker/lib:/home/ros/autoware.ai/install/astar_search/lib:/home/ros/autoware.ai/install/amathutils_lib/lib:/home/ros/autoware.ai/install/ros_observer/lib:${LD_LIBRARY_PATH} PKG_CONFIG_PATH=/home/ros/autoware.ai/install/libwaypoint_follower/lib/x86_64-linux-gnu/pkgconfig:/home/ros/autoware.ai/install/libwaypoint_follower/lib/pkgconfig:/home/ros/autoware.ai/install/lanelet2_extension/lib/x86_64-linux-gnu/pkgconfig:/home/ros/autoware.ai/install/lanelet2_extension/lib/pkgconfig:/home/ros/autoware.ai/install/vector_map/lib/x86_64-linux-gnu/pkgconfig:/home/ros/autoware.ai/install/vector_map/lib/pkgconfig:/home/ros/autoware.ai/install/autoware_health_checker/lib/x86_64-linux-gnu/pkgconfig:/home/ros/autoware.ai/install/autoware_health_checker/lib/pkgconfig:/home/ros/autoware.ai/install/astar_search/lib/x86_64-linux-gnu/pkgconfig:/home/ros/autoware.ai/install/astar_search/lib/pkgconfig:/home/ros/autoware.ai/install/amathutils_lib/lib/x86_64-linux-gnu/pkgconfig:/home/ros/autoware.ai/install/amathutils_lib/lib/pkgconfig:/home/ros/autoware.ai/install/vector_map_msgs/lib/x86_64-linux-gnu/pkgconfig:/home/ros/autoware.ai/install/vector_map_msgs/lib/pkgconfig:/home/ros/autoware.ai/install/ros_observer/lib/x86_64-linux-gnu/pkgconfig:/home/ros/autoware.ai/install/ros_observer/lib/pkgconfig:/home/ros/autoware.ai/install/autoware_system_msgs/lib/x86_64-linux-gnu/pkgconfig:/home/ros/autoware.ai/install/autoware_system_msgs/lib/pkgconfig:/home/ros/autoware.ai/install/autoware_msgs/lib/x86_64-linux-gnu/pkgconfig:/home/ros/autoware.ai/install/autoware_msgs/lib/pkgconfig:/home/ros/autoware.ai/install/autoware_lanelet2_msgs/lib/x86_64-linux-gnu/pkgconfig:/home/ros/autoware.ai/install/autoware_lanelet2_msgs/lib/pkgconfig:/home/ros/autoware.ai/install/autoware_config_msgs/lib/x86_64-linux-gnu/pkgconfig:/home/ros/autoware.ai/install/autoware_config_msgs/lib/pkgconfig:/home/ros/autoware.ai/install/autoware_build_flags/lib/x86_64-linux-gnu/pkgconfig:/home/ros/autoware.ai/install/autoware_build_flags/lib/pkgconfig:${PKG_CONFIG_PATH} PYTHONPATH=/home/ros/autoware.ai/install/vector_map_msgs/lib/python2.7/dist-packages:/home/ros/autoware.ai/install/autoware_system_msgs/lib/python2.7/dist-packages:/home/ros/autoware.ai/install/autoware_msgs/lib/python2.7/dist-packages:/home/ros/autoware.ai/install/autoware_lanelet2_msgs/lib/python2.7/dist-packages:/home/ros/autoware.ai/install/autoware_config_msgs/lib/python2.7/dist-packages:${PYTHONPATH} ROS_PACKAGE_PATH=/home/ros/autoware.ai/install/libwaypoint_follower/share:/home/ros/autoware.ai/install/lanelet2_extension/share:/home/ros/autoware.ai/install/vector_map/share:/home/ros/autoware.ai/install/autoware_health_checker/share:/home/ros/autoware.ai/install/astar_search/share:/home/ros/autoware.ai/install/amathutils_lib/share:/home/ros/autoware.ai/install/vector_map_msgs/share:/home/ros/autoware.ai/install/ros_observer/share:/home/ros/autoware.ai/install/autoware_system_msgs/share:/home/ros/autoware.ai/install/autoware_msgs/share:/home/ros/autoware.ai/install/autoware_lanelet2_msgs/share:/home/ros/autoware.ai/install/autoware_config_msgs/share:/home/ros/autoware.ai/install/autoware_build_flags/share:${ROS_PACKAGE_PATH} /usr/bin/cmake --build /home/ros/autoware.ai/build/waypoint_planner --target install -- -j12 -l12
