[0.000000] (-) TimerEvent: {}
[0.000254] (-) JobUnselected: {'identifier': 'amathutils_lib'}
[0.000283] (-) JobUnselected: {'identifier': 'astar_search'}
[0.000300] (-) JobUnselected: {'identifier': 'autoware_bag_tools'}
[0.000588] (-) JobUnselected: {'identifier': 'autoware_build_flags'}
[0.000647] (-) JobUnselected: {'identifier': 'autoware_camera_lidar_calibrator'}
[0.000693] (-) JobUnselected: {'identifier': 'autoware_can_msgs'}
[0.000741] (-) JobUnselected: {'identifier': 'autoware_config_msgs'}
[0.000767] (-) JobUnselected: {'identifier': 'autoware_connector'}
[0.000780] (-) JobUnselected: {'identifier': 'autoware_external_msgs'}
[0.000793] (-) JobUnselected: {'identifier': 'autoware_health_checker'}
[0.000806] (-) JobUnselected: {'identifier': 'autoware_lanelet2_msgs'}
[0.000818] (-) JobUnselected: {'identifier': 'autoware_launcher'}
[0.000830] (-) JobUnselected: {'identifier': 'autoware_launcher_rviz'}
[0.000842] (-) JobUnselected: {'identifier': 'autoware_map_msgs'}
[0.000855] (-) JobUnselected: {'identifier': 'autoware_msgs'}
[0.000867] (-) JobUnselected: {'identifier': 'autoware_quickstart_examples'}
[0.000879] (-) JobUnselected: {'identifier': 'autoware_rviz_plugins'}
[0.000891] (-) JobUnselected: {'identifier': 'autoware_system_msgs'}
[0.000904] (-) JobUnselected: {'identifier': 'calibration_publisher'}
[0.000916] (-) JobUnselected: {'identifier': 'carla_autoware_bridge'}
[0.000928] (-) JobUnselected: {'identifier': 'costmap_generator'}
[0.000944] (-) JobUnselected: {'identifier': 'data_preprocessor'}
[0.000957] (-) JobUnselected: {'identifier': 'decision_maker'}
[0.000969] (-) JobUnselected: {'identifier': 'decision_maker_panel'}
[0.000981] (-) JobUnselected: {'identifier': 'detected_objects_visualizer'}
[0.000994] (-) JobUnselected: {'identifier': 'dp_planner'}
[0.001006] (-) JobUnselected: {'identifier': 'ekf_localizer'}
[0.001018] (-) JobUnselected: {'identifier': 'emergency_handler'}
[0.001030] (-) JobUnselected: {'identifier': 'fastvirtualscan'}
[0.001042] (-) JobUnselected: {'identifier': 'ff_waypoint_follower'}
[0.001055] (-) JobUnselected: {'identifier': 'freespace_planner'}
[0.001067] (-) JobUnselected: {'identifier': 'gazebo_camera_description'}
[0.001079] (-) JobUnselected: {'identifier': 'gazebo_imu_description'}
[0.001091] (-) JobUnselected: {'identifier': 'gazebo_world_description'}
[0.001104] (-) JobUnselected: {'identifier': 'glviewer'}
[0.001116] (-) JobUnselected: {'identifier': 'gnss'}
[0.001128] (-) JobUnselected: {'identifier': 'gnss_localizer'}
[0.001140] (-) JobUnselected: {'identifier': 'graph_tools'}
[0.001152] (-) JobUnselected: {'identifier': 'image_processor'}
[0.001164] (-) JobUnselected: {'identifier': 'imm_ukf_pda_track'}
[0.001177] (-) JobUnselected: {'identifier': 'integrated_viewer'}
[0.001189] (-) JobUnselected: {'identifier': 'kitti_box_publisher'}
[0.001201] (-) JobUnselected: {'identifier': 'kitti_launch'}
[0.001213] (-) JobUnselected: {'identifier': 'kitti_player'}
[0.001225] (-) JobUnselected: {'identifier': 'lane_planner'}
[0.001237] (-) JobUnselected: {'identifier': 'lanelet2_extension'}
[0.001249] (-) JobUnselected: {'identifier': 'lanelet_aisan_converter'}
[0.001261] (-) JobUnselected: {'identifier': 'lattice_planner_autoware'}
[0.001274] (-) JobUnselected: {'identifier': 'lgsvl_simulator_bridge'}
[0.001286] (-) JobUnselected: {'identifier': 'libvectormap'}
[0.001298] (-) JobUnselected: {'identifier': 'libwaypoint_follower'}
[0.001310] (-) JobUnselected: {'identifier': 'lidar_apollo_cnn_seg_detect'}
[0.001322] (-) JobUnselected: {'identifier': 'lidar_euclidean_cluster_detect'}
[0.001335] (-) JobUnselected: {'identifier': 'lidar_fake_perception'}
[0.001347] (-) JobUnselected: {'identifier': 'lidar_kf_contour_track'}
[0.001359] (-) JobUnselected: {'identifier': 'lidar_localizer'}
[0.001371] (-) JobUnselected: {'identifier': 'lidar_naive_l_shape_detect'}
[0.001383] (-) JobUnselected: {'identifier': 'lidar_point_pillars'}
[0.001395] (-) JobUnselected: {'identifier': 'lidar_shape_estimation'}
[0.001407] (-) JobUnselected: {'identifier': 'll2_global_planner'}
[0.001419] (-) JobUnselected: {'identifier': 'log_tools'}
[0.001435] (-) JobUnselected: {'identifier': 'map_file'}
[0.001448] (-) JobUnselected: {'identifier': 'map_tf_generator'}
[0.001460] (-) JobUnselected: {'identifier': 'map_tools'}
[0.001472] (-) JobUnselected: {'identifier': 'marker_downsampler'}
[0.001484] (-) JobUnselected: {'identifier': 'mpc_follower'}
[0.001496] (-) JobUnselected: {'identifier': 'mqtt_socket'}
[0.001508] (-) JobUnselected: {'identifier': 'multi_lidar_calibrator'}
[0.001520] (-) JobUnselected: {'identifier': 'naive_motion_predict'}
[0.001532] (-) JobUnselected: {'identifier': 'ndt_cpu'}
[0.001544] (-) JobUnselected: {'identifier': 'ndt_gpu'}
[0.001556] (-) JobUnselected: {'identifier': 'ndt_tku'}
[0.001568] (-) JobUnselected: {'identifier': 'obj_db'}
[0.001580] (-) JobUnselected: {'identifier': 'object_map'}
[0.001593] (-) JobUnselected: {'identifier': 'oculus_socket'}
[0.001605] (-) JobUnselected: {'identifier': 'op_global_planner'}
[0.001617] (-) JobUnselected: {'identifier': 'op_local_planner'}
[0.001629] (-) JobUnselected: {'identifier': 'op_planner'}
[0.001641] (-) JobUnselected: {'identifier': 'op_ros_helpers'}
[0.001653] (-) JobUnselected: {'identifier': 'op_simu'}
[0.001665] (-) JobUnselected: {'identifier': 'op_simulation_package'}
[0.001677] (-) JobUnselected: {'identifier': 'op_utilities'}
[0.001689] (-) JobUnselected: {'identifier': 'op_utility'}
[0.001701] (-) JobUnselected: {'identifier': 'pc2_downsampler'}
[0.001713] (-) JobUnselected: {'identifier': 'pcl_omp_registration'}
[0.001728] (-) JobUnselected: {'identifier': 'pixel_cloud_fusion'}
[0.001741] (-) JobUnselected: {'identifier': 'points2image'}
[0.001753] (-) JobUnselected: {'identifier': 'points_downsampler'}
[0.001765] (-) JobUnselected: {'identifier': 'points_preprocessor'}
[0.001777] (-) JobUnselected: {'identifier': 'pos_db'}
[0.001789] (-) JobUnselected: {'identifier': 'pure_pursuit'}
[0.001801] (-) JobUnselected: {'identifier': 'range_vision_fusion'}
[0.001813] (-) JobUnselected: {'identifier': 'road_occupancy_processor'}
[0.001825] (-) JobUnselected: {'identifier': 'roi_object_filter'}
[0.001837] (-) JobUnselected: {'identifier': 'ros_observer'}
[0.001849] (-) JobUnselected: {'identifier': 'rosbag_controller'}
[0.001861] (-) JobUnselected: {'identifier': 'rosinterface'}
[0.001873] (-) JobUnselected: {'identifier': 'runtime_manager'}
[0.001885] (-) JobUnselected: {'identifier': 'sound_player'}
[0.001897] (-) JobUnselected: {'identifier': 'state_machine_lib'}
[0.001909] (-) JobUnselected: {'identifier': 'system_monitor'}
[0.001921] (-) JobUnselected: {'identifier': 'tablet_socket'}
[0.001933] (-) JobUnselected: {'identifier': 'tablet_socket_msgs'}
[0.001945] (-) JobUnselected: {'identifier': 'trafficlight_recognizer'}
[0.001957] (-) JobUnselected: {'identifier': 'twist2odom'}
[0.001969] (-) JobUnselected: {'identifier': 'twist_filter'}
[0.001981] (-) JobUnselected: {'identifier': 'twist_gate'}
[0.001993] (-) JobUnselected: {'identifier': 'twist_generator'}
[0.002005] (-) JobUnselected: {'identifier': 'udon_socket'}
[0.002016] (-) JobUnselected: {'identifier': 'vector_map'}
[0.002028] (-) JobUnselected: {'identifier': 'vector_map_msgs'}
[0.002040] (-) JobUnselected: {'identifier': 'vector_map_server'}
[0.002052] (-) JobUnselected: {'identifier': 'vehicle_description'}
[0.002064] (-) JobUnselected: {'identifier': 'vehicle_engage_panel'}
[0.002076] (-) JobUnselected: {'identifier': 'vehicle_gazebo_simulation_interface'}
[0.002088] (-) JobUnselected: {'identifier': 'vehicle_gazebo_simulation_launcher'}
[0.002100] (-) JobUnselected: {'identifier': 'vehicle_model'}
[0.002112] (-) JobUnselected: {'identifier': 'vehicle_sim_model'}
[0.002124] (-) JobUnselected: {'identifier': 'vehicle_socket'}
[0.002136] (-) JobUnselected: {'identifier': 'vel_pose_diff_checker'}
[0.002148] (-) JobUnselected: {'identifier': 'vision_beyond_track'}
[0.002160] (-) JobUnselected: {'identifier': 'vision_darknet_detect'}
[0.002172] (-) JobUnselected: {'identifier': 'vision_lane_detect'}
[0.002184] (-) JobUnselected: {'identifier': 'vision_segment_enet_detect'}
[0.002198] (-) JobUnselected: {'identifier': 'vision_ssd_detect'}
[0.002210] (-) JobUnselected: {'identifier': 'way_planner'}
[0.002222] (-) JobUnselected: {'identifier': 'waypoint_maker'}
[0.002234] (-) JobUnselected: {'identifier': 'waypoint_planner'}
[0.002246] (-) JobUnselected: {'identifier': 'wf_simulator'}
[0.002258] (-) EventReactorShutdown: {}
