Determining if the pthread_create exist failed with the following output:
Change Dir: /home/ros/autoware.ai/build/fastvirtualscan/CMakeFiles/CMakeTmp

Run Build Command:"/usr/bin/make" "cmTC_cdb02/fast"
/usr/bin/make -f CMakeFiles/cmTC_cdb02.dir/build.make CMakeFiles/cmTC_cdb02.dir/build
make[1]: Entering directory '/home/ros/autoware.ai/build/fastvirtualscan/CMakeFiles/CMakeTmp'
Building C object CMakeFiles/cmTC_cdb02.dir/CheckSymbolExists.c.o
/usr/bin/cc    -o CMakeFiles/cmTC_cdb02.dir/CheckSymbolExists.c.o   -c /home/ros/autoware.ai/build/fastvirtualscan/CMakeFiles/CMakeTmp/CheckSymbolExists.c
Linking C executable cmTC_cdb02
/usr/bin/cmake -E cmake_link_script CMakeFiles/cmTC_cdb02.dir/link.txt --verbose=1
/usr/bin/cc      -rdynamic CMakeFiles/cmTC_cdb02.dir/CheckSymbolExists.c.o  -o cmTC_cdb02 
CMakeFiles/cmTC_cdb02.dir/CheckSymbolExists.c.o: In function `main':
CheckSymbolExists.c:(.text+0x1b): undefined reference to `pthread_create'
collect2: error: ld returned 1 exit status
CMakeFiles/cmTC_cdb02.dir/build.make:97: recipe for target 'cmTC_cdb02' failed
make[1]: *** [cmTC_cdb02] Error 1
make[1]: Leaving directory '/home/ros/autoware.ai/build/fastvirtualscan/CMakeFiles/CMakeTmp'
Makefile:126: recipe for target 'cmTC_cdb02/fast' failed
make: *** [cmTC_cdb02/fast] Error 2

File /home/ros/autoware.ai/build/fastvirtualscan/CMakeFiles/CMakeTmp/CheckSymbolExists.c:
/* */
#include <pthread.h>

int main(int argc, char** argv)
{
  (void)argv;
#ifndef pthread_create
  return ((int*)(&pthread_create))[argc];
#else
  (void)argc;
  return 0;
#endif
}

Determining if the function pthread_create exists in the pthreads failed with the following output:
Change Dir: /home/ros/autoware.ai/build/fastvirtualscan/CMakeFiles/CMakeTmp

Run Build Command:"/usr/bin/make" "cmTC_b7f3a/fast"
/usr/bin/make -f CMakeFiles/cmTC_b7f3a.dir/build.make CMakeFiles/cmTC_b7f3a.dir/build
make[1]: Entering directory '/home/ros/autoware.ai/build/fastvirtualscan/CMakeFiles/CMakeTmp'
Building C object CMakeFiles/cmTC_b7f3a.dir/CheckFunctionExists.c.o
/usr/bin/cc   -DCHECK_FUNCTION_EXISTS=pthread_create   -o CMakeFiles/cmTC_b7f3a.dir/CheckFunctionExists.c.o   -c /usr/share/cmake-3.10/Modules/CheckFunctionExists.c
Linking C executable cmTC_b7f3a
/usr/bin/cmake -E cmake_link_script CMakeFiles/cmTC_b7f3a.dir/link.txt --verbose=1
/usr/bin/cc  -DCHECK_FUNCTION_EXISTS=pthread_create    -rdynamic CMakeFiles/cmTC_b7f3a.dir/CheckFunctionExists.c.o  -o cmTC_b7f3a -lpthreads 
/usr/bin/ld: cannot find -lpthreads
collect2: error: ld returned 1 exit status
CMakeFiles/cmTC_b7f3a.dir/build.make:97: recipe for target 'cmTC_b7f3a' failed
make[1]: *** [cmTC_b7f3a] Error 1
make[1]: Leaving directory '/home/ros/autoware.ai/build/fastvirtualscan/CMakeFiles/CMakeTmp'
Makefile:126: recipe for target 'cmTC_b7f3a/fast' failed
make: *** [cmTC_b7f3a/fast] Error 2


