[0.080s] Invoking command in '/home/ros/autoware.ai/build/pcl_omp_registration': /usr/bin/cmake /home/ros/autoware.ai/src/autoware/core_perception/pcl_omp_registration -DCMAKE_BUILD_TYPE=Release -DCATKIN_INSTALL_INTO_PREFIX_ROOT=0 -DCMAKE_INSTALL_PREFIX=/home/ros/autoware.ai/install/pcl_omp_registration
[0.340s] -- The C compiler identification is GNU 7.5.0
[0.659s] -- The CXX compiler identification is GNU 7.5.0
[0.664s] -- Check for working C compiler: /usr/bin/cc
[1.363s] -- Check for working C compiler: /usr/bin/cc -- works
[1.364s] -- Detecting C compiler ABI info
[1.860s] -- Detecting C compiler ABI info - done
[1.874s] -- Detecting C compile features
[3.267s] -- Detecting C compile features - done
[3.271s] -- Check for working CXX compiler: /usr/bin/c++
[3.835s] -- Check for working CXX compiler: /usr/bin/c++ -- works
[3.841s] -- Detecting CXX compiler ABI info
[4.402s] -- Detecting CXX compiler ABI info - done
[4.411s] -- Detecting CXX compile features
[6.397s] -- Detecting CXX compile features - done
[6.400s] -- Using CATKIN_DEVEL_PREFIX: /home/ros/autoware.ai/build/pcl_omp_registration/devel
[6.400s] -- Using CMAKE_PREFIX_PATH: /opt/ros/melodic
[6.400s] -- This workspace overlays: /opt/ros/melodic
[6.448s] -- Found PythonInterp: /usr/bin/python2 (found suitable version "2.7.17", minimum required is "2") 
[6.448s] -- Using PYTHON_EXECUTABLE: /usr/bin/python2
[6.448s] -- Using Debian Python package layout
[6.449s] -- Using empy: /usr/bin/empy
[7.104s] -- Using CATKIN_ENABLE_TESTING: ON
[7.104s] -- Call enable_testing()
[7.122s] -- Using CATKIN_TEST_RESULTS_DIR: /home/ros/autoware.ai/build/pcl_omp_registration/test_results
[7.161s] -- Found gtest sources under '/usr/src/googletest': gtests will be built
[7.161s] -- Found gmock sources under '/usr/src/googletest': gmock will be built
[7.185s] -- Found PythonInterp: /usr/bin/python2 (found version "2.7.17") 
[7.186s] -- Looking for pthread.h
[7.676s] -- Looking for pthread.h - found
[7.677s] -- Looking for pthread_create
[8.332s] -- Looking for pthread_create - not found
[8.333s] -- Looking for pthread_create in pthreads
[8.638s] -- Looking for pthread_create in pthreads - not found
[8.638s] -- Looking for pthread_create in pthread
[9.013s] -- Looking for pthread_create in pthread - found
[9.015s] -- Found Threads: TRUE  
[9.021s] -- Using Python nosetests: /usr/bin/nosetests-2.7
[9.081s] -- catkin 0.7.29
[9.082s] -- BUILD_SHARED_LIBS is on
[9.407s] -- Checking for module 'eigen3'
[9.474s] --   Found eigen3, version 3.3.4
[9.621s] -- Found eigen: /usr/include/eigen3  
[9.776s] -- Boost version: 1.65.1
[9.776s] -- Found the following Boost libraries:
[9.776s] --   system
[9.776s] --   filesystem
[9.777s] --   thread
[9.777s] --   date_time
[9.777s] --   iostreams
[9.777s] --   serialization
[9.777s] --   chrono
[9.777s] --   atomic
[9.777s] --   regex
[9.778s] -- Checking for module 'libopenni'
[9.827s] --   Found libopenni, version 1.5.4.0
[9.998s] -- Found openni: /usr/lib/libOpenNI.so  
[10.021s] -- Checking for module 'libopenni2'
[10.040s] --   Found libopenni2, version 2.2.0.3
[10.172s] -- Found OpenNI2: /usr/lib/libOpenNI2.so  
[10.180s] -- Could NOT find ensenso (missing: ENSENSO_LIBRARY ENSENSO_INCLUDE_DIR) 
[10.180s] ** WARNING ** io features related to ensenso will be disabled
[10.184s] -- Could NOT find DAVIDSDK (missing: DAVIDSDK_LIBRARY DAVIDSDK_INCLUDE_DIR) 
[10.185s] ** WARNING ** io features related to davidSDK will be disabled
[10.186s] -- Could NOT find DSSDK (missing: _DSSDK_LIBRARIES) 
[10.186s] ** WARNING ** io features related to dssdk will be disabled
[10.186s] ** WARNING ** io features related to pcap will be disabled
[10.186s] ** WARNING ** io features related to png will be disabled
[10.272s] -- The imported target "vtkRenderingPythonTkWidgets" references the file
[10.272s]    "/usr/lib/x86_64-linux-gnu/libvtkRenderingPythonTkWidgets.so"
[10.272s] but this file does not exist.  Possible reasons include:
[10.272s] * The file was deleted, renamed, or moved to another location.
[10.272s] * An install or uninstall procedure did not complete successfully.
[10.272s] * The installation package was faulty and contained
[10.273s]    "/usr/lib/cmake/vtk-6.3/VTKTargets.cmake"
[10.273s] but not all the files it references.
[10.273s] 
[10.273s] -- The imported target "vtk" references the file
[10.273s]    "/usr/bin/vtk"
[10.273s] but this file does not exist.  Possible reasons include:
[10.273s] * The file was deleted, renamed, or moved to another location.
[10.273s] * An install or uninstall procedure did not complete successfully.
[10.274s] * The installation package was faulty and contained
[10.274s]    "/usr/lib/cmake/vtk-6.3/VTKTargets.cmake"
[10.274s] but not all the files it references.
[10.274s] 
[10.405s] -- Found libusb-1.0: /usr/include  
[10.406s] ** WARNING ** io features related to libusb-1.0 will be disabled
[10.406s] -- Checking for module 'flann'
[10.423s] --   Found flann, version 1.9.1
[10.538s] -- Found Flann: /usr/lib/x86_64-linux-gnu/libflann_cpp_s.a  
[10.600s] -- Could NOT find ensenso (missing: ENSENSO_LIBRARY ENSENSO_INCLUDE_DIR) 
[10.600s] ** WARNING ** visualization features related to ensenso will be disabled
[10.604s] -- Could NOT find DAVIDSDK (missing: DAVIDSDK_LIBRARY DAVIDSDK_INCLUDE_DIR) 
[10.604s] ** WARNING ** visualization features related to davidSDK will be disabled
[10.605s] -- Could NOT find DSSDK (missing: _DSSDK_LIBRARIES) 
[10.605s] ** WARNING ** visualization features related to dssdk will be disabled
[10.607s] -- Could NOT find RSSDK (missing: _RSSDK_LIBRARIES) 
[10.607s] ** WARNING ** visualization features related to rssdk will be disabled
[10.651s] -- Found qhull: /usr/lib/x86_64-linux-gnu/libqhull.so  
[10.695s] -- looking for PCL_COMMON
[10.698s] -- Found PCL_COMMON: /usr/lib/x86_64-linux-gnu/libpcl_common.so  
[10.698s] -- looking for PCL_OCTREE
[10.701s] -- Found PCL_OCTREE: /usr/lib/x86_64-linux-gnu/libpcl_octree.so  
[10.702s] -- looking for PCL_IO
[10.705s] -- Found PCL_IO: /usr/lib/x86_64-linux-gnu/libpcl_io.so  
[10.705s] -- looking for PCL_KDTREE
[10.708s] -- Found PCL_KDTREE: /usr/lib/x86_64-linux-gnu/libpcl_kdtree.so  
[10.708s] -- looking for PCL_SEARCH
[10.712s] -- Found PCL_SEARCH: /usr/lib/x86_64-linux-gnu/libpcl_search.so  
[10.712s] -- looking for PCL_SAMPLE_CONSENSUS
[10.714s] -- Found PCL_SAMPLE_CONSENSUS: /usr/lib/x86_64-linux-gnu/libpcl_sample_consensus.so  
[10.714s] -- looking for PCL_FILTERS
[10.717s] -- Found PCL_FILTERS: /usr/lib/x86_64-linux-gnu/libpcl_filters.so  
[10.718s] -- looking for PCL_2D
[10.719s] -- Found PCL_2D: /usr/include/pcl-1.8  
[10.719s] -- looking for PCL_GEOMETRY
[10.720s] -- Found PCL_GEOMETRY: /usr/include/pcl-1.8  
[10.720s] -- looking for PCL_FEATURES
[10.722s] -- Found PCL_FEATURES: /usr/lib/x86_64-linux-gnu/libpcl_features.so  
[10.723s] -- looking for PCL_ML
[10.726s] -- Found PCL_ML: /usr/lib/x86_64-linux-gnu/libpcl_ml.so  
[10.726s] -- looking for PCL_SEGMENTATION
[10.728s] -- Found PCL_SEGMENTATION: /usr/lib/x86_64-linux-gnu/libpcl_segmentation.so  
[10.729s] -- looking for PCL_VISUALIZATION
[10.732s] -- Found PCL_VISUALIZATION: /usr/lib/x86_64-linux-gnu/libpcl_visualization.so  
[10.733s] -- looking for PCL_SURFACE
[10.735s] -- Found PCL_SURFACE: /usr/lib/x86_64-linux-gnu/libpcl_surface.so  
[10.736s] -- looking for PCL_REGISTRATION
[10.738s] -- Found PCL_REGISTRATION: /usr/lib/x86_64-linux-gnu/libpcl_registration.so  
[10.739s] -- looking for PCL_KEYPOINTS
[10.741s] -- Found PCL_KEYPOINTS: /usr/lib/x86_64-linux-gnu/libpcl_keypoints.so  
[10.746s] -- looking for PCL_TRACKING
[10.746s] -- Found PCL_TRACKING: /usr/lib/x86_64-linux-gnu/libpcl_tracking.so  
[10.747s] -- looking for PCL_RECOGNITION
[10.748s] -- Found PCL_RECOGNITION: /usr/lib/x86_64-linux-gnu/libpcl_recognition.so  
[10.749s] -- looking for PCL_STEREO
[10.752s] -- Found PCL_STEREO: /usr/lib/x86_64-linux-gnu/libpcl_stereo.so  
[10.753s] -- looking for PCL_APPS
[10.755s] -- Found PCL_APPS: /usr/lib/x86_64-linux-gnu/libpcl_apps.so  
[10.758s] -- looking for PCL_IN_HAND_SCANNER
[10.759s] -- Found PCL_IN_HAND_SCANNER: /usr/include/pcl-1.8  
[10.759s] -- looking for PCL_MODELER
[10.760s] -- Found PCL_MODELER: /usr/include/pcl-1.8  
[10.760s] -- looking for PCL_POINT_CLOUD_EDITOR
[10.761s] -- Found PCL_POINT_CLOUD_EDITOR: /usr/include/pcl-1.8  
[10.762s] -- looking for PCL_OUTOFCORE
[10.764s] -- Found PCL_OUTOFCORE: /usr/lib/x86_64-linux-gnu/libpcl_outofcore.so  
[10.765s] -- looking for PCL_PEOPLE
[10.767s] -- Found PCL_PEOPLE: /usr/lib/x86_64-linux-gnu/libpcl_people.so  
[10.804s] -- Found PCL: /usr/lib/x86_64-linux-gnu/libboost_system.so;/usr/lib/x86_64-linux-gnu/libboost_filesystem.so;/usr/lib/x86_64-linux-gnu/libboost_thread.so;/usr/lib/x86_64-linux-gnu/libboost_date_time.so;/usr/lib/x86_64-linux-gnu/libboost_iostreams.so;/usr/lib/x86_64-linux-gnu/libboost_serialization.so;/usr/lib/x86_64-linux-gnu/libboost_chrono.so;/usr/lib/x86_64-linux-gnu/libboost_atomic.so;/usr/lib/x86_64-linux-gnu/libboost_regex.so;/usr/lib/x86_64-linux-gnu/libpthread.so;optimized;/usr/lib/x86_64-linux-gnu/libpcl_common.so;debug;/usr/lib/x86_64-linux-gnu/libpcl_common.so;optimized;/usr/lib/x86_64-linux-gnu/libpcl_octree.so;debug;/usr/lib/x86_64-linux-gnu/libpcl_octree.so;/usr/lib/libOpenNI.so;/usr/lib/libOpenNI2.so;vtkChartsCore;vtkCommonColor;vtkCommonDataModel;vtkCommonMath;vtkCommonCore;vtksys;vtkCommonMisc;vtkCommonSystem;vtkCommonTransforms;vtkInfovisCore;vtkFiltersExtraction;vtkCommonExecutionModel;vtkFiltersCore;vtkFiltersGeneral;vtkCommonComputationalGeometry;vtkFiltersStatistics;vtkImagingFourier;vtkImagingCore;vtkalglib;vtkRenderingContext2D;vtkRenderingCore;vtkFiltersGeometry;vtkFiltersSources;vtkRenderingFreeType;/usr/lib/x86_64-linux-gnu/libfreetype.so;/usr/lib/x86_64-linux-gnu/libz.so;vtkftgl;vtkDICOMParser;vtkDomainsChemistry;vtkIOXML;vtkIOGeometry;vtkIOCore;vtkIOXMLParser;/usr/lib/x86_64-linux-gnu/libexpat.so;vtkFiltersAMR;vtkParallelCore;vtkIOLegacy;vtkFiltersFlowPaths;vtkFiltersGeneric;vtkFiltersHybrid;vtkImagingSources;vtkFiltersHyperTree;vtkFiltersImaging;vtkImagingGeneral;vtkFiltersModeling;vtkFiltersParallel;vtkFiltersParallelFlowPaths;vtkParallelMPI;vtkFiltersParallelGeometry;vtkFiltersParallelImaging;vtkFiltersParallelMPI;vtkFiltersParallelStatistics;vtkFiltersProgrammable;vtkFiltersPython;/usr/lib/x86_64-linux-gnu/libpython2.7.so;vtkWrappingPythonCore;vtkWrappingTools;vtkFiltersReebGraph;vtkFiltersSMP;vtkFiltersSelection;vtkFiltersTexture;vtkFiltersVerdict;verdict;vtkGUISupportQt;vtkInteractionStyle;vtkRenderingOpenGL;vtkImagingHybrid;vtkIOImage;vtkmetaio;/usr/lib/x86_64-linux-gnu/libjpeg.so;/usr/lib/x86_64-linux-gnu/libpng.so;/usr/lib/x86_64-linux-gnu/libtiff.so;vtkGUISupportQtOpenGL;vtkGUISupportQtSQL;vtkIOSQL;sqlite3;vtkGUISupportQtWebkit;vtkViewsQt;vtkViewsInfovis;vtkInfovisLayout;vtkInfovisBoostGraphAlgorithms;vtkRenderingLabel;vtkViewsCore;vtkInteractionWidgets;vtkRenderingAnnotation;vtkImagingColor;vtkRenderingVolume;vtkGeovisCore;/usr/lib/x86_64-linux-gnu/libproj.so;vtkIOAMR;/usr/lib/x86_64-linux-gnu/hdf5/openmpi/libhdf5.so;/usr/lib/x86_64-linux-gnu/libsz.so;/usr/lib/x86_64-linux-gnu/libdl.so;/usr/lib/x86_64-linux-gnu/libm.so;/usr/lib/x86_64-linux-gnu/openmpi/lib/libmpi.so;vtkIOEnSight;vtkIOExodus;vtkexoIIc;/usr/lib/x86_64-linux-gnu/libnetcdf_c++.so;/usr/lib/x86_64-linux-gnu/libnetcdf.so;vtkIOExport;vtkRenderingGL2PS;vtkRenderingContextOpenGL;/usr/lib/x86_64-linux-gnu/libgl2ps.so;vtkIOFFMPEG;vtkIOMovie;/usr/lib/x86_64-linux-gnu/libtheoraenc.so;/usr/lib/x86_64-linux-gnu/libtheoradec.so;/usr/lib/x86_64-linux-gnu/libogg.so;vtkIOGDAL;vtkIOGeoJSON;vtkIOImport;vtkIOInfovis;/usr/lib/x86_64-linux-gnu/libxml2.so;vtkIOLSDyna;vtkIOMINC;vtkIOMPIImage;vtkIOMPIParallel;vtkIOParallel;vtkIONetCDF;/usr/lib/x86_64-linux-gnu/libjsoncpp.so;vtkIOMySQL;vtkIOODBC;vtkIOPLY;vtkIOParallelExodus;vtkIOParallelLSDyna;vtkIOParallelNetCDF;vtkIOParallelXML;vtkIOPostgreSQL;vtkIOVPIC;VPIC;vtkIOVideo;vtkIOXdmf2;vtkxdmf2;vtkImagingMath;vtkImagingMorphological;vtkImagingStatistics;vtkImagingStencil;vtkInteractionImage;vtkLocalExample;vtkParallelMPI4Py;vtkPythonInterpreter;vtkRenderingExternal;vtkRenderingFreeTypeFontConfig;vtkRenderingImage;vtkRenderingLIC;vtkRenderingLOD;vtkRenderingMatplotlib;vtkRenderingParallel;vtkRenderingParallelLIC;vtkRenderingQt;vtkRenderingVolumeAMR;vtkRenderingVolumeOpenGL;vtkTestingGenericBridge;vtkTestingIOSQL;vtkTestingRendering;vtkViewsContext2D;vtkViewsGeovis;vtkWrappingJava;optimized;/usr/lib/x86_64-linux-gnu/libpcl_io.so;debug;/usr/lib/x86_64-linux-gnu/libpcl_io.so;optimized;/usr/lib/x86_64-linux-gnu/libflann_cpp_s.a;debug;/usr/lib/x86_64-linux-gnu/libflann_cpp_s.a;optimized;/usr/lib/x86_64-linux-gnu/libpcl_kdtree.so;debug;/usr/lib/x86_64-linux-gnu/libpcl_kdtree.so;optimized;/usr/lib/x86_64-linux-gnu/libpcl_search.so;debug;/usr/lib/x86_64-linux-gnu/libpcl_search.so;optimized;/usr/lib/x86_64-linux-gnu/libpcl_sample_consensus.so;debug;/usr/lib/x86_64-linux-gnu/libpcl_sample_consensus.so;optimized;/usr/lib/x86_64-linux-gnu/libpcl_filters.so;debug;/usr/lib/x86_64-linux-gnu/libpcl_filters.so;optimized;/usr/lib/x86_64-linux-gnu/libpcl_features.so;debug;/usr/lib/x86_64-linux-gnu/libpcl_features.so;optimized;/usr/lib/x86_64-linux-gnu/libpcl_ml.so;debug;/usr/lib/x86_64-linux-gnu/libpcl_ml.so;optimized;/usr/lib/x86_64-linux-gnu/libpcl_segmentation.so;debug;/usr/lib/x86_64-linux-gnu/libpcl_segmentation.so;optimized;/usr/lib/x86_64-linux-gnu/libpcl_visualization.so;debug;/usr/lib/x86_64-linux-gnu/libpcl_visualization.so;optimized;/usr/lib/x86_64-linux-gnu/libqhull.so;debug;/usr/lib/x86_64-linux-gnu/libqhull.so;optimized;/usr/lib/x86_64-linux-gnu/libpcl_surface.so;debug;/usr/lib/x86_64-linux-gnu/libpcl_surface.so;optimized;/usr/lib/x86_64-linux-gnu/libpcl_registration.so;debug;/usr/lib/x86_64-linux-gnu/libpcl_registration.so;optimized;/usr/lib/x86_64-linux-gnu/libpcl_keypoints.so;debug;/usr/lib/x86_64-linux-gnu/libpcl_keypoints.so;optimized;/usr/lib/x86_64-linux-gnu/libpcl_tracking.so;debug;/usr/lib/x86_64-linux-gnu/libpcl_tracking.so;optimized;/usr/lib/x86_64-linux-gnu/libpcl_recognition.so;debug;/usr/lib/x86_64-linux-gnu/libpcl_recognition.so;optimized;/usr/lib/x86_64-linux-gnu/libpcl_stereo.so;debug;/usr/lib/x86_64-linux-gnu/libpcl_stereo.so;optimized;/usr/lib/x86_64-linux-gnu/libpcl_apps.so;debug;/usr/lib/x86_64-linux-gnu/libpcl_apps.so;optimized;/usr/lib/x86_64-linux-gnu/libpcl_outofcore.so;debug;/usr/lib/x86_64-linux-gnu/libpcl_outofcore.so;optimized;/usr/lib/x86_64-linux-gnu/libpcl_people.so;debug;/usr/lib/x86_64-linux-gnu/libpcl_people.so;/usr/lib/x86_64-linux-gnu/libboost_system.so;/usr/lib/x86_64-linux-gnu/libboost_filesystem.so;/usr/lib/x86_64-linux-gnu/libboost_thread.so;/usr/lib/x86_64-linux-gnu/libboost_date_time.so;/usr/lib/x86_64-linux-gnu/libboost_iostreams.so;/usr/lib/x86_64-linux-gnu/libboost_serialization.so;/usr/lib/x86_64-linux-gnu/libboost_chrono.so;/usr/lib/x86_64-linux-gnu/libboost_atomic.so;/usr/lib/x86_64-linux-gnu/libboost_regex.so;/usr/lib/x86_64-linux-gnu/libpthread.so;optimized;/usr/lib/x86_64-linux-gnu/libqhull.so;debug;/usr/lib/x86_64-linux-gnu/libqhull.so;/usr/lib/libOpenNI.so;/usr/lib/libOpenNI2.so;optimized;/usr/lib/x86_64-linux-gnu/libflann_cpp_s.a;debug;/usr/lib/x86_64-linux-gnu/libflann_cpp_s.a;vtkChartsCore;vtkCommonColor;vtkCommonDataModel;vtkCommonMath;vtkCommonCore;vtksys;vtkCommonMisc;vtkCommonSystem;vtkCommonTransforms;vtkInfovisCore;vtkFiltersExtraction;vtkCommonExecutionModel;vtkFiltersCore;vtkFiltersGeneral;vtkCommonComputationalGeometry;vtkFiltersStatistics;vtkImagingFourier;vtkImagingCore;vtkalglib;vtkRenderingContext2D;vtkRenderingCore;vtkFiltersGeometry;vtkFiltersSources;vtkRenderingFreeType;/usr/lib/x86_64-linux-gnu/libfreetype.so;/usr/lib/x86_64-linux-gnu/libz.so;vtkftgl;vtkDICOMParser;vtkDomainsChemistry;vtkIOXML;vtkIOGeometry;vtkIOCore;vtkIOXMLParser;/usr/lib/x86_64-linux-gnu/libexpat.so;vtkFiltersAMR;vtkParallelCore;vtkIOLegacy;vtkFiltersFlowPaths;vtkFiltersGeneric;vtkFiltersHybrid;vtkImagingSources;vtkFiltersHyperTree;vtkFiltersImaging;vtkImagingGeneral;vtkFiltersModeling;vtkFiltersParallel;vtkFiltersParallelFlowPaths;vtkParallelMPI;vtkFiltersParallelGeometry;vtkFiltersParallelImaging;vtkFiltersParallelMPI;vtkFiltersParallelStatistics;vtkFiltersProgrammable;vtkFiltersPython;/usr/lib/x86_64-linux-gnu/libpython2.7.so;vtkWrappingPythonCore;vtkWrappingTools;vtkFiltersReebGraph;vtkFiltersSMP;vtkFiltersSelection;vtkFiltersTexture;vtkFiltersVerdict;verdict;vtkGUISupportQt;vtkInteractionStyle;vtkRenderingOpenGL;vtkImagingHybrid;vtkIOImage;vtkmetaio;/usr/lib/x86_64-linux-gnu/libjpeg.so;/usr/lib/x86_64-linux-gnu/libpng.so;/usr/lib/x86_64-linux-gnu/libtiff.so;vtkGUISupportQtOpenGL;vtkGUISupportQtSQL;vtkIOSQL;sqlite3;vtkGUISupportQtWebkit;vtkViewsQt;vtkViewsInfovis;vtkInfovisLayout;vtkInfovisBoostGraphAlgorithms;vtkRenderingLabel;vtkViewsCore;vtkInteractionWidgets;vtkRenderingAnnotation;vtkImagingColor;vtkRenderingVolume;vtkGeovisCore;/usr/lib/x86_64-linux-gnu/libproj.so;vtkIOAMR;/usr/lib/x86_64-linux-gnu/hdf5/openmpi/libhdf5.so;/usr/lib/x86_64-linux-gnu/libsz.so;/usr/lib/x86_64-linux-gnu/libdl.so;/usr/lib/x86_64-linux-gnu/libm.so;/usr/lib/x86_64-linux-gnu/openmpi/lib/libmpi.so;vtkIOEnSight;vtkIOExodus;vtkexoIIc;/usr/lib/x86_64-linux-gnu/libnetcdf_c++.so;/usr/lib/x86_64-linux-gnu/libnetcdf.so;vtkIOExport;vtkRenderingGL2PS;vtkRenderingContextOpenGL;/usr/lib/x86_64-linux-gnu/libgl2ps.so;vtkIOFFMPEG;vtkIOMovie;/usr/lib/x86_64-linux-gnu/libtheoraenc.so;/usr/lib/x86_64-linux-gnu/libtheoradec.so;/usr/lib/x86_64-linux-gnu/libogg.so;vtkIOGDAL;vtkIOGeoJSON;vtkIOImport;vtkIOInfovis;/usr/lib/x86_64-linux-gnu/libxml2.so;vtkIOLSDyna;vtkIOMINC;vtkIOMPIImage;vtkIOMPIParallel;vtkIOParallel;vtkIONetCDF;/usr/lib/x86_64-linux-gnu/libjsoncpp.so;vtkIOMySQL;vtkIOODBC;vtkIOPLY;vtkIOParallelExodus;vtkIOParallelLSDyna;vtkIOParallelNetCDF;vtkIOParallelXML;vtkIOPostgreSQL;vtkIOVPIC;VPIC;vtkIOVideo;vtkIOXdmf2;vtkxdmf2;vtkImagingMath;vtkImagingMorphological;vtkImagingStatistics;vtkImagingStencil;vtkInteractionImage;vtkLocalExample;vtkParallelMPI4Py;vtkPythonInterpreter;vtkRenderingExternal;vtkRenderingFreeTypeFontConfig;vtkRenderingImage;vtkRenderingLIC;vtkRenderingLOD;vtkRenderingMatplotlib;vtkRenderingParallel;vtkRenderingParallelLIC;vtkRenderingQt;vtkRenderingVolumeAMR;vtkRenderingVolumeOpenGL;vtkTestingGenericBridge;vtkTestingIOSQL;vtkTestingRendering;vtkViewsContext2D;vtkViewsGeovis;vtkWrappingJava  
[11.049s] -- Configuring done
[11.198s] -- Generating done
[11.202s] -- Build files have been written to: /home/ros/autoware.ai/build/pcl_omp_registration
[11.214s] Invoked command in '/home/ros/autoware.ai/build/pcl_omp_registration' returned '0': /usr/bin/cmake /home/ros/autoware.ai/src/autoware/core_perception/pcl_omp_registration -DCMAKE_BUILD_TYPE=Release -DCATKIN_INSTALL_INTO_PREFIX_ROOT=0 -DCMAKE_INSTALL_PREFIX=/home/ros/autoware.ai/install/pcl_omp_registration
[11.215s] Invoking command in '/home/ros/autoware.ai/build/pcl_omp_registration': /usr/bin/cmake --build /home/ros/autoware.ai/build/pcl_omp_registration -- -j12 -l12
[11.313s] [35m[1mScanning dependencies of target pcl_omp_registration[0m
[11.403s] [ 50%] [32mBuilding CXX object CMakeFiles/pcl_omp_registration.dir/src/ndt.cpp.o[0m
[31.155s] [100%] [32m[1mLinking CXX shared library devel/lib/libpcl_omp_registration.so[0m
[35.191s] [100%] Built target pcl_omp_registration
[35.216s] Invoked command in '/home/ros/autoware.ai/build/pcl_omp_registration' returned '0': /usr/bin/cmake --build /home/ros/autoware.ai/build/pcl_omp_registration -- -j12 -l12
[35.346s] Invoking command in '/home/ros/autoware.ai/build/pcl_omp_registration': /usr/bin/cmake --build /home/ros/autoware.ai/build/pcl_omp_registration --target tests -- -j12 -l12
[35.482s] [35m[1mScanning dependencies of target tests[0m
[35.541s] Built target tests
[35.577s] Invoked command in '/home/ros/autoware.ai/build/pcl_omp_registration' returned '0': /usr/bin/cmake --build /home/ros/autoware.ai/build/pcl_omp_registration --target tests -- -j12 -l12
[35.890s] Invoking command in '/home/ros/autoware.ai/build/pcl_omp_registration': /usr/bin/cmake --build /home/ros/autoware.ai/build/pcl_omp_registration --target install -- -j12 -l12
[36.100s] [100%] Built target pcl_omp_registration
[36.174s] [36mInstall the project...[0m
[36.194s] -- Install configuration: "Release"
[36.195s] -- Installing: /home/ros/autoware.ai/install/pcl_omp_registration/lib/pkgconfig/pcl_omp_registration.pc
[36.195s] -- Installing: /home/ros/autoware.ai/install/pcl_omp_registration/share/pcl_omp_registration/cmake/pcl_omp_registrationConfig.cmake
[36.195s] -- Installing: /home/ros/autoware.ai/install/pcl_omp_registration/share/pcl_omp_registration/cmake/pcl_omp_registrationConfig-version.cmake
[36.195s] -- Installing: /home/ros/autoware.ai/install/pcl_omp_registration/share/pcl_omp_registration/package.xml
[36.195s] -- Installing: /home/ros/autoware.ai/install/pcl_omp_registration/include/pcl_omp_registration
[36.195s] -- Installing: /home/ros/autoware.ai/install/pcl_omp_registration/include/pcl_omp_registration/registration.h
[36.196s] -- Installing: /home/ros/autoware.ai/install/pcl_omp_registration/include/pcl_omp_registration/impl
[36.196s] -- Installing: /home/ros/autoware.ai/install/pcl_omp_registration/include/pcl_omp_registration/impl/ndt.hpp
[36.196s] -- Installing: /home/ros/autoware.ai/install/pcl_omp_registration/include/pcl_omp_registration/impl/registration.hpp
[36.196s] -- Installing: /home/ros/autoware.ai/install/pcl_omp_registration/include/pcl_omp_registration/ndt.h
[36.196s] -- Installing: /home/ros/autoware.ai/install/pcl_omp_registration/lib/libpcl_omp_registration.so
[36.199s] -- Set runtime path of "/home/ros/autoware.ai/install/pcl_omp_registration/lib/libpcl_omp_registration.so" to ""
[36.204s] Invoked command in '/home/ros/autoware.ai/build/pcl_omp_registration' returned '0': /usr/bin/cmake --build /home/ros/autoware.ai/build/pcl_omp_registration --target install -- -j12 -l12
