[0.070s] Invoking command in '/home/ros/autoware.ai/build/op_local_planner': CMAKE_PREFIX_PATH=/home/ros/autoware.ai/install/op_ros_helpers:/home/ros/autoware.ai/install/op_simu:/home/ros/autoware.ai/install/op_planner:/home/ros/autoware.ai/install/op_utility:/home/ros/autoware.ai/install/map_file:/home/ros/autoware.ai/install/vector_map_server:/home/ros/autoware.ai/install/libwaypoint_follower:/home/ros/autoware.ai/install/lanelet2_extension:/home/ros/autoware.ai/install/vector_map:/home/ros/autoware.ai/install/amathutils_lib:/home/ros/autoware.ai/install/vector_map_msgs:/home/ros/autoware.ai/install/autoware_msgs:/home/ros/autoware.ai/install/autoware_lanelet2_msgs:/home/ros/autoware.ai/install/autoware_can_msgs:/home/ros/autoware.ai/install/autoware_build_flags:${CMAKE_PREFIX_PATH} LD_LIBRARY_PATH=/home/ros/autoware.ai/install/op_ros_helpers/lib:/home/ros/autoware.ai/install/op_simu/lib:/home/ros/autoware.ai/install/op_planner/lib:/home/ros/autoware.ai/install/op_utility/lib:/home/ros/autoware.ai/install/map_file/lib:/home/ros/autoware.ai/install/libwaypoint_follower/lib:/home/ros/autoware.ai/install/lanelet2_extension/lib:/home/ros/autoware.ai/install/vector_map/lib:/home/ros/autoware.ai/install/amathutils_lib/lib:${LD_LIBRARY_PATH} PKG_CONFIG_PATH=/home/ros/autoware.ai/install/op_ros_helpers/lib/x86_64-linux-gnu/pkgconfig:/home/ros/autoware.ai/install/op_ros_helpers/lib/pkgconfig:/home/ros/autoware.ai/install/op_simu/lib/x86_64-linux-gnu/pkgconfig:/home/ros/autoware.ai/install/op_simu/lib/pkgconfig:/home/ros/autoware.ai/install/op_planner/lib/x86_64-linux-gnu/pkgconfig:/home/ros/autoware.ai/install/op_planner/lib/pkgconfig:/home/ros/autoware.ai/install/op_utility/lib/x86_64-linux-gnu/pkgconfig:/home/ros/autoware.ai/install/op_utility/lib/pkgconfig:/home/ros/autoware.ai/install/map_file/lib/x86_64-linux-gnu/pkgconfig:/home/ros/autoware.ai/install/map_file/lib/pkgconfig:/home/ros/autoware.ai/install/vector_map_server/lib/x86_64-linux-gnu/pkgconfig:/home/ros/autoware.ai/install/vector_map_server/lib/pkgconfig:/home/ros/autoware.ai/install/libwaypoint_follower/lib/x86_64-linux-gnu/pkgconfig:/home/ros/autoware.ai/install/libwaypoint_follower/lib/pkgconfig:/home/ros/autoware.ai/install/lanelet2_extension/lib/x86_64-linux-gnu/pkgconfig:/home/ros/autoware.ai/install/lanelet2_extension/lib/pkgconfig:/home/ros/autoware.ai/install/vector_map/lib/x86_64-linux-gnu/pkgconfig:/home/ros/autoware.ai/install/vector_map/lib/pkgconfig:/home/ros/autoware.ai/install/amathutils_lib/lib/x86_64-linux-gnu/pkgconfig:/home/ros/autoware.ai/install/amathutils_lib/lib/pkgconfig:/home/ros/autoware.ai/install/vector_map_msgs/lib/x86_64-linux-gnu/pkgconfig:/home/ros/autoware.ai/install/vector_map_msgs/lib/pkgconfig:/home/ros/autoware.ai/install/autoware_msgs/lib/x86_64-linux-gnu/pkgconfig:/home/ros/autoware.ai/install/autoware_msgs/lib/pkgconfig:/home/ros/autoware.ai/install/autoware_lanelet2_msgs/lib/x86_64-linux-gnu/pkgconfig:/home/ros/autoware.ai/install/autoware_lanelet2_msgs/lib/pkgconfig:/home/ros/autoware.ai/install/autoware_can_msgs/lib/x86_64-linux-gnu/pkgconfig:/home/ros/autoware.ai/install/autoware_can_msgs/lib/pkgconfig:/home/ros/autoware.ai/install/autoware_build_flags/lib/x86_64-linux-gnu/pkgconfig:/home/ros/autoware.ai/install/autoware_build_flags/lib/pkgconfig:${PKG_CONFIG_PATH} PYTHONPATH=/home/ros/autoware.ai/install/vector_map_server/lib/python2.7/dist-packages:/home/ros/autoware.ai/install/vector_map_msgs/lib/python2.7/dist-packages:/home/ros/autoware.ai/install/autoware_msgs/lib/python2.7/dist-packages:/home/ros/autoware.ai/install/autoware_lanelet2_msgs/lib/python2.7/dist-packages:/home/ros/autoware.ai/install/autoware_can_msgs/lib/python2.7/dist-packages:${PYTHONPATH} ROS_PACKAGE_PATH=/home/ros/autoware.ai/install/op_ros_helpers/share:/home/ros/autoware.ai/install/op_simu/share:/home/ros/autoware.ai/install/op_planner/share:/home/ros/autoware.ai/install/op_utility/share:/home/ros/autoware.ai/install/map_file/share:/home/ros/autoware.ai/install/vector_map_server/share:/home/ros/autoware.ai/install/libwaypoint_follower/share:/home/ros/autoware.ai/install/lanelet2_extension/share:/home/ros/autoware.ai/install/vector_map/share:/home/ros/autoware.ai/install/amathutils_lib/share:/home/ros/autoware.ai/install/vector_map_msgs/share:/home/ros/autoware.ai/install/autoware_msgs/share:/home/ros/autoware.ai/install/autoware_lanelet2_msgs/share:/home/ros/autoware.ai/install/autoware_can_msgs/share:/home/ros/autoware.ai/install/autoware_build_flags/share:${ROS_PACKAGE_PATH} /usr/bin/cmake /home/ros/autoware.ai/src/autoware/core_planning/op_local_planner -DCMAKE_BUILD_TYPE=Release -DCATKIN_INSTALL_INTO_PREFIX_ROOT=0 -DCMAKE_INSTALL_PREFIX=/home/ros/autoware.ai/install/op_local_planner
[0.154s] -- The C compiler identification is GNU 7.5.0
[0.236s] -- The CXX compiler identification is GNU 7.5.0
[0.243s] -- Check for working C compiler: /usr/bin/cc
[0.351s] -- Check for working C compiler: /usr/bin/cc -- works
[0.354s] -- Detecting C compiler ABI info
[0.443s] -- Detecting C compiler ABI info - done
[0.456s] -- Detecting C compile features
[0.732s] -- Detecting C compile features - done
[0.737s] -- Check for working CXX compiler: /usr/bin/c++
[0.844s] -- Check for working CXX compiler: /usr/bin/c++ -- works
[0.845s] -- Detecting CXX compiler ABI info
[0.952s] -- Detecting CXX compiler ABI info - done
[0.965s] -- Detecting CXX compile features
[1.439s] -- Detecting CXX compile features - done
[1.443s] -- CUDA compilation status: .
[1.446s] -- Using CATKIN_DEVEL_PREFIX: /home/ros/autoware.ai/build/op_local_planner/devel
[1.447s] -- Using CMAKE_PREFIX_PATH: /home/ros/autoware.ai/install/op_ros_helpers;/home/ros/autoware.ai/install/op_simu;/home/ros/autoware.ai/install/op_planner;/home/ros/autoware.ai/install/op_utility;/home/ros/autoware.ai/install/map_file;/home/ros/autoware.ai/install/vector_map_server;/home/ros/autoware.ai/install/libwaypoint_follower;/home/ros/autoware.ai/install/lanelet2_extension;/home/ros/autoware.ai/install/vector_map;/home/ros/autoware.ai/install/amathutils_lib;/home/ros/autoware.ai/install/vector_map_msgs;/home/ros/autoware.ai/install/autoware_msgs;/home/ros/autoware.ai/install/autoware_lanelet2_msgs;/home/ros/autoware.ai/install/autoware_can_msgs;/home/ros/autoware.ai/install/autoware_build_flags;/opt/ros/melodic
[1.448s] -- This workspace overlays: /home/ros/autoware.ai/install/op_ros_helpers;/home/ros/autoware.ai/install/op_simu;/home/ros/autoware.ai/install/op_planner;/home/ros/autoware.ai/install/op_utility;/home/ros/autoware.ai/install/map_file;/home/ros/autoware.ai/install/vector_map_server;/home/ros/autoware.ai/install/libwaypoint_follower;/home/ros/autoware.ai/install/lanelet2_extension;/home/ros/autoware.ai/install/vector_map;/home/ros/autoware.ai/install/amathutils_lib;/home/ros/autoware.ai/install/vector_map_msgs;/home/ros/autoware.ai/install/autoware_msgs;/home/ros/autoware.ai/install/autoware_lanelet2_msgs;/home/ros/autoware.ai/install/autoware_can_msgs;/home/ros/autoware.ai/install/autoware_build_flags;/opt/ros/melodic
[1.471s] -- Found PythonInterp: /usr/bin/python2 (found suitable version "2.7.17", minimum required is "2") 
[1.472s] -- Using PYTHON_EXECUTABLE: /usr/bin/python2
[1.472s] -- Using Debian Python package layout
[1.473s] -- Using empy: /usr/bin/empy
[1.701s] -- Using CATKIN_ENABLE_TESTING: ON
[1.702s] -- Call enable_testing()
[1.704s] -- Using CATKIN_TEST_RESULTS_DIR: /home/ros/autoware.ai/build/op_local_planner/test_results
[1.734s] -- Found gtest sources under '/usr/src/googletest': gtests will be built
[1.734s] -- Found gmock sources under '/usr/src/googletest': gmock will be built
[1.754s] -- Found PythonInterp: /usr/bin/python2 (found version "2.7.17") 
[1.755s] -- Looking for pthread.h
[1.851s] -- Looking for pthread.h - found
[1.852s] -- Looking for pthread_create
[1.945s] -- Looking for pthread_create - not found
[1.946s] -- Looking for pthread_create in pthreads
[2.019s] -- Looking for pthread_create in pthreads - not found
[2.020s] -- Looking for pthread_create in pthread
[2.111s] -- Looking for pthread_create in pthread - found
[2.113s] -- Found Threads: TRUE  
[2.119s] -- Using Python nosetests: /usr/bin/nosetests-2.7
[2.177s] -- catkin 0.7.29
[2.178s] -- BUILD_SHARED_LIBS is on
[2.412s] -- Using these message generators: gencpp;geneus;genlisp;gennodejs;genpy
[4.224s] -- Configuring done
[4.464s] -- Generating done
[4.485s] -- Build files have been written to: /home/ros/autoware.ai/build/op_local_planner
[4.498s] Invoked command in '/home/ros/autoware.ai/build/op_local_planner' returned '0': CMAKE_PREFIX_PATH=/home/ros/autoware.ai/install/op_ros_helpers:/home/ros/autoware.ai/install/op_simu:/home/ros/autoware.ai/install/op_planner:/home/ros/autoware.ai/install/op_utility:/home/ros/autoware.ai/install/map_file:/home/ros/autoware.ai/install/vector_map_server:/home/ros/autoware.ai/install/libwaypoint_follower:/home/ros/autoware.ai/install/lanelet2_extension:/home/ros/autoware.ai/install/vector_map:/home/ros/autoware.ai/install/amathutils_lib:/home/ros/autoware.ai/install/vector_map_msgs:/home/ros/autoware.ai/install/autoware_msgs:/home/ros/autoware.ai/install/autoware_lanelet2_msgs:/home/ros/autoware.ai/install/autoware_can_msgs:/home/ros/autoware.ai/install/autoware_build_flags:${CMAKE_PREFIX_PATH} LD_LIBRARY_PATH=/home/ros/autoware.ai/install/op_ros_helpers/lib:/home/ros/autoware.ai/install/op_simu/lib:/home/ros/autoware.ai/install/op_planner/lib:/home/ros/autoware.ai/install/op_utility/lib:/home/ros/autoware.ai/install/map_file/lib:/home/ros/autoware.ai/install/libwaypoint_follower/lib:/home/ros/autoware.ai/install/lanelet2_extension/lib:/home/ros/autoware.ai/install/vector_map/lib:/home/ros/autoware.ai/install/amathutils_lib/lib:${LD_LIBRARY_PATH} PKG_CONFIG_PATH=/home/ros/autoware.ai/install/op_ros_helpers/lib/x86_64-linux-gnu/pkgconfig:/home/ros/autoware.ai/install/op_ros_helpers/lib/pkgconfig:/home/ros/autoware.ai/install/op_simu/lib/x86_64-linux-gnu/pkgconfig:/home/ros/autoware.ai/install/op_simu/lib/pkgconfig:/home/ros/autoware.ai/install/op_planner/lib/x86_64-linux-gnu/pkgconfig:/home/ros/autoware.ai/install/op_planner/lib/pkgconfig:/home/ros/autoware.ai/install/op_utility/lib/x86_64-linux-gnu/pkgconfig:/home/ros/autoware.ai/install/op_utility/lib/pkgconfig:/home/ros/autoware.ai/install/map_file/lib/x86_64-linux-gnu/pkgconfig:/home/ros/autoware.ai/install/map_file/lib/pkgconfig:/home/ros/autoware.ai/install/vector_map_server/lib/x86_64-linux-gnu/pkgconfig:/home/ros/autoware.ai/install/vector_map_server/lib/pkgconfig:/home/ros/autoware.ai/install/libwaypoint_follower/lib/x86_64-linux-gnu/pkgconfig:/home/ros/autoware.ai/install/libwaypoint_follower/lib/pkgconfig:/home/ros/autoware.ai/install/lanelet2_extension/lib/x86_64-linux-gnu/pkgconfig:/home/ros/autoware.ai/install/lanelet2_extension/lib/pkgconfig:/home/ros/autoware.ai/install/vector_map/lib/x86_64-linux-gnu/pkgconfig:/home/ros/autoware.ai/install/vector_map/lib/pkgconfig:/home/ros/autoware.ai/install/amathutils_lib/lib/x86_64-linux-gnu/pkgconfig:/home/ros/autoware.ai/install/amathutils_lib/lib/pkgconfig:/home/ros/autoware.ai/install/vector_map_msgs/lib/x86_64-linux-gnu/pkgconfig:/home/ros/autoware.ai/install/vector_map_msgs/lib/pkgconfig:/home/ros/autoware.ai/install/autoware_msgs/lib/x86_64-linux-gnu/pkgconfig:/home/ros/autoware.ai/install/autoware_msgs/lib/pkgconfig:/home/ros/autoware.ai/install/autoware_lanelet2_msgs/lib/x86_64-linux-gnu/pkgconfig:/home/ros/autoware.ai/install/autoware_lanelet2_msgs/lib/pkgconfig:/home/ros/autoware.ai/install/autoware_can_msgs/lib/x86_64-linux-gnu/pkgconfig:/home/ros/autoware.ai/install/autoware_can_msgs/lib/pkgconfig:/home/ros/autoware.ai/install/autoware_build_flags/lib/x86_64-linux-gnu/pkgconfig:/home/ros/autoware.ai/install/autoware_build_flags/lib/pkgconfig:${PKG_CONFIG_PATH} PYTHONPATH=/home/ros/autoware.ai/install/vector_map_server/lib/python2.7/dist-packages:/home/ros/autoware.ai/install/vector_map_msgs/lib/python2.7/dist-packages:/home/ros/autoware.ai/install/autoware_msgs/lib/python2.7/dist-packages:/home/ros/autoware.ai/install/autoware_lanelet2_msgs/lib/python2.7/dist-packages:/home/ros/autoware.ai/install/autoware_can_msgs/lib/python2.7/dist-packages:${PYTHONPATH} ROS_PACKAGE_PATH=/home/ros/autoware.ai/install/op_ros_helpers/share:/home/ros/autoware.ai/install/op_simu/share:/home/ros/autoware.ai/install/op_planner/share:/home/ros/autoware.ai/install/op_utility/share:/home/ros/autoware.ai/install/map_file/share:/home/ros/autoware.ai/install/vector_map_server/share:/home/ros/autoware.ai/install/libwaypoint_follower/share:/home/ros/autoware.ai/install/lanelet2_extension/share:/home/ros/autoware.ai/install/vector_map/share:/home/ros/autoware.ai/install/amathutils_lib/share:/home/ros/autoware.ai/install/vector_map_msgs/share:/home/ros/autoware.ai/install/autoware_msgs/share:/home/ros/autoware.ai/install/autoware_lanelet2_msgs/share:/home/ros/autoware.ai/install/autoware_can_msgs/share:/home/ros/autoware.ai/install/autoware_build_flags/share:${ROS_PACKAGE_PATH} /usr/bin/cmake /home/ros/autoware.ai/src/autoware/core_planning/op_local_planner -DCMAKE_BUILD_TYPE=Release -DCATKIN_INSTALL_INTO_PREFIX_ROOT=0 -DCMAKE_INSTALL_PREFIX=/home/ros/autoware.ai/install/op_local_planner
[4.499s] Invoking command in '/home/ros/autoware.ai/build/op_local_planner': CMAKE_PREFIX_PATH=/home/ros/autoware.ai/install/op_ros_helpers:/home/ros/autoware.ai/install/op_simu:/home/ros/autoware.ai/install/op_planner:/home/ros/autoware.ai/install/op_utility:/home/ros/autoware.ai/install/map_file:/home/ros/autoware.ai/install/vector_map_server:/home/ros/autoware.ai/install/libwaypoint_follower:/home/ros/autoware.ai/install/lanelet2_extension:/home/ros/autoware.ai/install/vector_map:/home/ros/autoware.ai/install/amathutils_lib:/home/ros/autoware.ai/install/vector_map_msgs:/home/ros/autoware.ai/install/autoware_msgs:/home/ros/autoware.ai/install/autoware_lanelet2_msgs:/home/ros/autoware.ai/install/autoware_can_msgs:/home/ros/autoware.ai/install/autoware_build_flags:${CMAKE_PREFIX_PATH} LD_LIBRARY_PATH=/home/ros/autoware.ai/install/op_ros_helpers/lib:/home/ros/autoware.ai/install/op_simu/lib:/home/ros/autoware.ai/install/op_planner/lib:/home/ros/autoware.ai/install/op_utility/lib:/home/ros/autoware.ai/install/map_file/lib:/home/ros/autoware.ai/install/libwaypoint_follower/lib:/home/ros/autoware.ai/install/lanelet2_extension/lib:/home/ros/autoware.ai/install/vector_map/lib:/home/ros/autoware.ai/install/amathutils_lib/lib:${LD_LIBRARY_PATH} PKG_CONFIG_PATH=/home/ros/autoware.ai/install/op_ros_helpers/lib/x86_64-linux-gnu/pkgconfig:/home/ros/autoware.ai/install/op_ros_helpers/lib/pkgconfig:/home/ros/autoware.ai/install/op_simu/lib/x86_64-linux-gnu/pkgconfig:/home/ros/autoware.ai/install/op_simu/lib/pkgconfig:/home/ros/autoware.ai/install/op_planner/lib/x86_64-linux-gnu/pkgconfig:/home/ros/autoware.ai/install/op_planner/lib/pkgconfig:/home/ros/autoware.ai/install/op_utility/lib/x86_64-linux-gnu/pkgconfig:/home/ros/autoware.ai/install/op_utility/lib/pkgconfig:/home/ros/autoware.ai/install/map_file/lib/x86_64-linux-gnu/pkgconfig:/home/ros/autoware.ai/install/map_file/lib/pkgconfig:/home/ros/autoware.ai/install/vector_map_server/lib/x86_64-linux-gnu/pkgconfig:/home/ros/autoware.ai/install/vector_map_server/lib/pkgconfig:/home/ros/autoware.ai/install/libwaypoint_follower/lib/x86_64-linux-gnu/pkgconfig:/home/ros/autoware.ai/install/libwaypoint_follower/lib/pkgconfig:/home/ros/autoware.ai/install/lanelet2_extension/lib/x86_64-linux-gnu/pkgconfig:/home/ros/autoware.ai/install/lanelet2_extension/lib/pkgconfig:/home/ros/autoware.ai/install/vector_map/lib/x86_64-linux-gnu/pkgconfig:/home/ros/autoware.ai/install/vector_map/lib/pkgconfig:/home/ros/autoware.ai/install/amathutils_lib/lib/x86_64-linux-gnu/pkgconfig:/home/ros/autoware.ai/install/amathutils_lib/lib/pkgconfig:/home/ros/autoware.ai/install/vector_map_msgs/lib/x86_64-linux-gnu/pkgconfig:/home/ros/autoware.ai/install/vector_map_msgs/lib/pkgconfig:/home/ros/autoware.ai/install/autoware_msgs/lib/x86_64-linux-gnu/pkgconfig:/home/ros/autoware.ai/install/autoware_msgs/lib/pkgconfig:/home/ros/autoware.ai/install/autoware_lanelet2_msgs/lib/x86_64-linux-gnu/pkgconfig:/home/ros/autoware.ai/install/autoware_lanelet2_msgs/lib/pkgconfig:/home/ros/autoware.ai/install/autoware_can_msgs/lib/x86_64-linux-gnu/pkgconfig:/home/ros/autoware.ai/install/autoware_can_msgs/lib/pkgconfig:/home/ros/autoware.ai/install/autoware_build_flags/lib/x86_64-linux-gnu/pkgconfig:/home/ros/autoware.ai/install/autoware_build_flags/lib/pkgconfig:${PKG_CONFIG_PATH} PYTHONPATH=/home/ros/autoware.ai/install/vector_map_server/lib/python2.7/dist-packages:/home/ros/autoware.ai/install/vector_map_msgs/lib/python2.7/dist-packages:/home/ros/autoware.ai/install/autoware_msgs/lib/python2.7/dist-packages:/home/ros/autoware.ai/install/autoware_lanelet2_msgs/lib/python2.7/dist-packages:/home/ros/autoware.ai/install/autoware_can_msgs/lib/python2.7/dist-packages:${PYTHONPATH} ROS_PACKAGE_PATH=/home/ros/autoware.ai/install/op_ros_helpers/share:/home/ros/autoware.ai/install/op_simu/share:/home/ros/autoware.ai/install/op_planner/share:/home/ros/autoware.ai/install/op_utility/share:/home/ros/autoware.ai/install/map_file/share:/home/ros/autoware.ai/install/vector_map_server/share:/home/ros/autoware.ai/install/libwaypoint_follower/share:/home/ros/autoware.ai/install/lanelet2_extension/share:/home/ros/autoware.ai/install/vector_map/share:/home/ros/autoware.ai/install/amathutils_lib/share:/home/ros/autoware.ai/install/vector_map_msgs/share:/home/ros/autoware.ai/install/autoware_msgs/share:/home/ros/autoware.ai/install/autoware_lanelet2_msgs/share:/home/ros/autoware.ai/install/autoware_can_msgs/share:/home/ros/autoware.ai/install/autoware_build_flags/share:${ROS_PACKAGE_PATH} /usr/bin/cmake --build /home/ros/autoware.ai/build/op_local_planner -- -j12 -l12
[4.572s] [35m[1mScanning dependencies of target op_trajectory_evaluator[0m
[4.681s] [  7%] [32mBuilding CXX object CMakeFiles/op_trajectory_evaluator.dir/nodes/op_trajectory_evaluator/op_trajectory_evaluator.cpp.o[0m
[7.029s] [ 14%] [32mBuilding CXX object CMakeFiles/op_trajectory_evaluator.dir/nodes/op_trajectory_evaluator/op_trajectory_evaluator_core.cpp.o[0m
[21.018s] [ 21%] [32m[1mLinking CXX executable devel/lib/op_local_planner/op_trajectory_evaluator[0m
[21.550s] [ 21%] Built target op_trajectory_evaluator
[21.564s] [35m[1mScanning dependencies of target bond_generate_messages_eus[0m
[21.578s] [ 21%] Built target bond_generate_messages_eus
[21.593s] [35m[1mScanning dependencies of target bond_generate_messages_cpp[0m
[21.608s] [ 21%] Built target bond_generate_messages_cpp
[21.623s] [35m[1mScanning dependencies of target nodelet_generate_messages_nodejs[0m
[21.638s] [ 21%] Built target nodelet_generate_messages_nodejs
[21.652s] [35m[1mScanning dependencies of target nodelet_generate_messages_eus[0m
[21.668s] [ 21%] Built target nodelet_generate_messages_eus
[21.688s] [35m[1mScanning dependencies of target nodelet_generate_messages_cpp[0m
[21.698s] [ 21%] Built target nodelet_generate_messages_cpp
[21.714s] [35m[1mScanning dependencies of target op_trajectory_generator[0m
[21.823s] [ 28%] [32mBuilding CXX object CMakeFiles/op_trajectory_generator.dir/nodes/op_trajectory_generator/op_trajectory_generator.cpp.o[0m
[23.817s] [ 35%] [32mBuilding CXX object CMakeFiles/op_trajectory_generator.dir/nodes/op_trajectory_generator/op_trajectory_generator_core.cpp.o[0m
[35.260s] [ 42%] [32m[1mLinking CXX executable devel/lib/op_local_planner/op_trajectory_generator[0m
[35.767s] [ 42%] Built target op_trajectory_generator
[35.780s] [35m[1mScanning dependencies of target dynamic_reconfigure_generate_messages_lisp[0m
[35.790s] [ 42%] Built target dynamic_reconfigure_generate_messages_lisp
[35.800s] [35m[1mScanning dependencies of target dynamic_reconfigure_generate_messages_eus[0m
[35.811s] [ 42%] Built target dynamic_reconfigure_generate_messages_eus
[35.825s] [35m[1mScanning dependencies of target pcl_ros_gencfg[0m
[35.838s] [ 42%] Built target pcl_ros_gencfg
[35.852s] [35m[1mScanning dependencies of target vector_map_server_generate_messages_nodejs[0m
[35.866s] [ 42%] Built target vector_map_server_generate_messages_nodejs
[35.879s] [35m[1mScanning dependencies of target vector_map_msgs_generate_messages_py[0m
[35.894s] [ 42%] Built target vector_map_msgs_generate_messages_py
[35.906s] [35m[1mScanning dependencies of target bond_generate_messages_py[0m
[35.920s] [ 42%] Built target bond_generate_messages_py
[35.934s] [35m[1mScanning dependencies of target vector_map_msgs_generate_messages_nodejs[0m
[35.944s] [ 42%] Built target vector_map_msgs_generate_messages_nodejs
[35.956s] [35m[1mScanning dependencies of target vector_map_msgs_generate_messages_lisp[0m
[35.966s] [ 42%] Built target vector_map_msgs_generate_messages_lisp
[35.979s] [35m[1mScanning dependencies of target vector_map_msgs_generate_messages_eus[0m
[35.992s] [ 42%] Built target vector_map_msgs_generate_messages_eus
[36.006s] [35m[1mScanning dependencies of target op_behavior_selector[0m
[36.109s] [ 50%] [32mBuilding CXX object CMakeFiles/op_behavior_selector.dir/nodes/op_behavior_selector/op_behavior_selector.cpp.o[0m
[37.173s] [35m[1mScanning dependencies of target vector_map_msgs_generate_messages_cpp[0m
[37.273s] [ 50%] Built target vector_map_msgs_generate_messages_cpp
[37.353s] [35m[1mScanning dependencies of target bond_generate_messages_lisp[0m
[37.420s] [ 50%] Built target bond_generate_messages_lisp
[37.502s] [35m[1mScanning dependencies of target visualization_msgs_generate_messages_py[0m
[37.621s] [ 50%] Built target visualization_msgs_generate_messages_py
[37.702s] [35m[1mScanning dependencies of target visualization_msgs_generate_messages_nodejs[0m
[37.766s] [ 50%] Built target visualization_msgs_generate_messages_nodejs
[37.853s] [35m[1mScanning dependencies of target geometry_msgs_generate_messages_py[0m
[37.961s] [ 50%] Built target geometry_msgs_generate_messages_py
[38.053s] [35m[1mScanning dependencies of target sensor_msgs_generate_messages_nodejs[0m
[38.192s] [ 50%] Built target sensor_msgs_generate_messages_nodejs
[38.260s] [35m[1mScanning dependencies of target vector_map_server_generate_messages_eus[0m
[38.335s] [ 57%] [32mBuilding CXX object CMakeFiles/op_behavior_selector.dir/nodes/op_behavior_selector/op_behavior_selector_core.cpp.o[0m
[38.335s] [ 57%] Built target vector_map_server_generate_messages_eus
[38.421s] [35m[1mScanning dependencies of target roscpp_generate_messages_cpp[0m
[38.481s] [ 57%] Built target roscpp_generate_messages_cpp
[38.554s] [35m[1mScanning dependencies of target actionlib_generate_messages_cpp[0m
[38.642s] [ 57%] Built target actionlib_generate_messages_cpp
[38.699s] [35m[1mScanning dependencies of target pcl_msgs_generate_messages_eus[0m
[38.760s] [ 57%] Built target pcl_msgs_generate_messages_eus
[38.870s] [35m[1mScanning dependencies of target rosgraph_msgs_generate_messages_eus[0m
[38.986s] [ 57%] Built target rosgraph_msgs_generate_messages_eus
[39.058s] [35m[1mScanning dependencies of target jsk_recognition_msgs_generate_messages_lisp[0m
[39.131s] [ 57%] Built target jsk_recognition_msgs_generate_messages_lisp
[39.189s] [35m[1mScanning dependencies of target jsk_recognition_msgs_generate_messages_eus[0m
[39.263s] [ 57%] Built target jsk_recognition_msgs_generate_messages_eus
[39.335s] [35m[1mScanning dependencies of target tf2_msgs_generate_messages_cpp[0m
[39.396s] [ 57%] Built target tf2_msgs_generate_messages_cpp
[39.482s] [35m[1mScanning dependencies of target pcl_msgs_generate_messages_cpp[0m
[39.546s] [ 57%] Built target pcl_msgs_generate_messages_cpp
[39.659s] [35m[1mScanning dependencies of target sensor_msgs_generate_messages_lisp[0m
[39.738s] [ 57%] Built target sensor_msgs_generate_messages_lisp
[39.738s] [35m[1mScanning dependencies of target std_srvs_generate_messages_cpp[0m
[39.788s] [ 57%] Built target std_srvs_generate_messages_cpp
[39.807s] [35m[1mScanning dependencies of target bond_generate_messages_nodejs[0m
[39.837s] [35m[1mScanning dependencies of target topic_tools_generate_messages_lisp[0m
[39.860s] [ 57%] Built target bond_generate_messages_nodejs
[39.877s] [ 57%] Built target topic_tools_generate_messages_lisp
[39.934s] [35m[1mScanning dependencies of target geometry_msgs_generate_messages_lisp[0m
[39.941s] [35m[1mScanning dependencies of target jsk_recognition_msgs_generate_messages_cpp[0m
[39.980s] [ 57%] Built target geometry_msgs_generate_messages_lisp
[39.984s] [ 57%] Built target jsk_recognition_msgs_generate_messages_cpp
[40.025s] [35m[1mScanning dependencies of target geometry_msgs_generate_messages_eus[0m
[40.039s] [35m[1mScanning dependencies of target autoware_can_msgs_generate_messages_cpp[0m
[40.077s] [ 57%] Built target geometry_msgs_generate_messages_eus
[40.123s] [ 57%] Built target autoware_can_msgs_generate_messages_cpp
[40.138s] [35m[1mScanning dependencies of target dynamic_reconfigure_generate_messages_py[0m
[40.203s] [35m[1mScanning dependencies of target autoware_can_msgs_generate_messages_lisp[0m
[40.245s] [ 57%] Built target dynamic_reconfigure_generate_messages_py
[40.251s] [ 57%] Built target autoware_can_msgs_generate_messages_lisp
[40.305s] [35m[1mScanning dependencies of target pcl_msgs_generate_messages_nodejs[0m
[40.315s] [35m[1mScanning dependencies of target autoware_can_msgs_generate_messages_nodejs[0m
[40.386s] [ 57%] Built target autoware_can_msgs_generate_messages_nodejs
[40.388s] [ 57%] Built target pcl_msgs_generate_messages_nodejs
[40.453s] [35m[1mScanning dependencies of target nodelet_generate_messages_py[0m
[40.457s] [35m[1mScanning dependencies of target jsk_recognition_msgs_generate_messages_py[0m
[40.526s] [ 57%] Built target jsk_recognition_msgs_generate_messages_py
[40.531s] [ 57%] Built target nodelet_generate_messages_py
[40.591s] [35m[1mScanning dependencies of target sensor_msgs_generate_messages_py[0m
[40.598s] [35m[1mScanning dependencies of target dynamic_reconfigure_generate_messages_cpp[0m
[40.653s] [ 57%] Built target dynamic_reconfigure_generate_messages_cpp
[40.659s] [35m[1mScanning dependencies of target tf_generate_messages_py[0m
[40.666s] [ 57%] Built target sensor_msgs_generate_messages_py
[40.687s] [35m[1mScanning dependencies of target std_srvs_generate_messages_lisp[0m
[40.747s] [ 57%] Built target std_srvs_generate_messages_lisp
[40.750s] [ 57%] Built target tf_generate_messages_py
[40.780s] [35m[1mScanning dependencies of target topic_tools_generate_messages_py[0m
[40.802s] [35m[1mScanning dependencies of target nodelet_topic_tools_gencfg[0m
[40.868s] [35m[1mScanning dependencies of target actionlib_msgs_generate_messages_nodejs[0m
[40.876s] [ 57%] Built target topic_tools_generate_messages_py
[40.876s] [ 57%] Built target nodelet_topic_tools_gencfg
[40.926s] [35m[1mScanning dependencies of target std_msgs_generate_messages_cpp[0m
[40.990s] [ 57%] Built target actionlib_msgs_generate_messages_nodejs
[40.994s] [35m[1mScanning dependencies of target jsk_footstep_msgs_generate_messages_py[0m
[41.011s] [ 57%] Built target std_msgs_generate_messages_cpp
[41.081s] [35m[1mScanning dependencies of target visualization_msgs_generate_messages_lisp[0m
[41.102s] [ 57%] Built target jsk_footstep_msgs_generate_messages_py
[41.178s] [ 57%] Built target visualization_msgs_generate_messages_lisp
[41.182s] [35m[1mScanning dependencies of target geometry_msgs_generate_messages_nodejs[0m
[41.186s] [35m[1mScanning dependencies of target std_msgs_generate_messages_eus[0m
[41.269s] [ 57%] Built target geometry_msgs_generate_messages_nodejs
[41.287s] [35m[1mScanning dependencies of target dynamic_reconfigure_generate_messages_nodejs[0m
[41.314s] [ 57%] Built target std_msgs_generate_messages_eus
[41.393s] [ 57%] Built target dynamic_reconfigure_generate_messages_nodejs
[56.089s] [ 64%] [32m[1mLinking CXX executable devel/lib/op_local_planner/op_behavior_selector[0m
[56.408s] [35m[1mScanning dependencies of target sensor_msgs_generate_messages_cpp[0m
[56.410s] [35m[1mScanning dependencies of target roscpp_generate_messages_nodejs[0m
[56.422s] [ 64%] Built target sensor_msgs_generate_messages_cpp
[56.423s] [ 64%] Built target roscpp_generate_messages_nodejs
[56.432s] [35m[1mScanning dependencies of target sensor_msgs_generate_messages_eus[0m
[56.438s] [35m[1mScanning dependencies of target std_msgs_generate_messages_lisp[0m
[56.445s] [ 64%] Built target sensor_msgs_generate_messages_eus
[56.453s] [ 64%] Built target std_msgs_generate_messages_lisp
[56.460s] [35m[1mScanning dependencies of target std_msgs_generate_messages_nodejs[0m
[56.467s] [35m[1mScanning dependencies of target std_msgs_generate_messages_py[0m
[56.477s] [ 64%] Built target std_msgs_generate_messages_nodejs
[56.481s] [ 64%] Built target std_msgs_generate_messages_py
[56.491s] [35m[1mScanning dependencies of target nodelet_generate_messages_lisp[0m
[56.495s] [35m[1mScanning dependencies of target autoware_msgs_generate_messages_py[0m
[56.504s] [ 64%] Built target autoware_msgs_generate_messages_py
[56.505s] [ 64%] Built target nodelet_generate_messages_lisp
[56.515s] [35m[1mScanning dependencies of target jsk_footstep_msgs_generate_messages_eus[0m
[56.519s] [35m[1mScanning dependencies of target actionlib_msgs_generate_messages_py[0m
[56.528s] [ 64%] Built target jsk_footstep_msgs_generate_messages_eus
[56.534s] [ 64%] Built target actionlib_msgs_generate_messages_py
[56.541s] [35m[1mScanning dependencies of target vector_map_server_generate_messages_lisp[0m
[56.547s] [35m[1mScanning dependencies of target jsk_footstep_msgs_generate_messages_lisp[0m
[56.557s] [ 64%] Built target vector_map_server_generate_messages_lisp
[56.560s] [ 64%] Built target jsk_footstep_msgs_generate_messages_lisp
[56.571s] [35m[1mScanning dependencies of target jsk_footstep_msgs_generate_messages_nodejs[0m
[56.577s] [35m[1mScanning dependencies of target autoware_msgs_generate_messages_lisp[0m
[56.582s] [ 64%] Built target jsk_footstep_msgs_generate_messages_nodejs
[56.591s] [ 64%] Built target autoware_msgs_generate_messages_lisp
[56.592s] [35m[1mScanning dependencies of target autoware_can_msgs_generate_messages_py[0m
[56.596s] [35m[1mScanning dependencies of target actionlib_msgs_generate_messages_lisp[0m
[56.605s] [35m[1mScanning dependencies of target autoware_msgs_generate_messages_cpp[0m
[56.615s] [ 64%] Built target autoware_can_msgs_generate_messages_py
[56.615s] [ 64%] Built target actionlib_msgs_generate_messages_lisp
[56.621s] [ 64%] Built target autoware_msgs_generate_messages_cpp
[56.630s] [35m[1mScanning dependencies of target rosgraph_msgs_generate_messages_cpp[0m
[56.631s] [35m[1mScanning dependencies of target std_srvs_generate_messages_nodejs[0m
[56.637s] [35m[1mScanning dependencies of target autoware_msgs_generate_messages_nodejs[0m
[56.646s] [ 64%] Built target std_srvs_generate_messages_nodejs
[56.647s] [ 64%] Built target op_behavior_selector
[56.648s] [ 64%] Built target rosgraph_msgs_generate_messages_cpp
[56.656s] [ 64%] Built target autoware_msgs_generate_messages_nodejs
[56.663s] [35m[1mScanning dependencies of target tf_generate_messages_cpp[0m
[56.663s] [35m[1mScanning dependencies of target pcl_msgs_generate_messages_lisp[0m
[56.666s] [35m[1mScanning dependencies of target actionlib_generate_messages_nodejs[0m
[56.670s] [35m[1mScanning dependencies of target jsk_footstep_msgs_generate_messages_cpp[0m
[56.680s] [ 64%] Built target actionlib_generate_messages_nodejs
[56.681s] [ 64%] Built target pcl_msgs_generate_messages_lisp
[56.685s] [ 64%] Built target tf_generate_messages_cpp
[56.687s] [ 64%] Built target jsk_footstep_msgs_generate_messages_cpp
[56.698s] [35m[1mScanning dependencies of target actionlib_msgs_generate_messages_cpp[0m
[56.699s] [35m[1mScanning dependencies of target autoware_msgs_generate_messages_eus[0m
[56.700s] [35m[1mScanning dependencies of target tf_generate_messages_lisp[0m
[56.702s] [35m[1mScanning dependencies of target tf_generate_messages_nodejs[0m
[56.713s] [ 64%] Built target actionlib_msgs_generate_messages_cpp
[56.713s] [ 64%] Built target autoware_msgs_generate_messages_eus
[56.716s] [ 64%] Built target tf_generate_messages_lisp
[56.721s] [ 64%] Built target tf_generate_messages_nodejs
[56.730s] [35m[1mScanning dependencies of target std_srvs_generate_messages_eus[0m
[56.733s] [35m[1mScanning dependencies of target roscpp_generate_messages_lisp[0m
[56.733s] [35m[1mScanning dependencies of target jsk_recognition_msgs_generate_messages_nodejs[0m
[56.738s] [35m[1mScanning dependencies of target roscpp_generate_messages_py[0m
[56.747s] [ 64%] Built target std_srvs_generate_messages_eus
[56.753s] [ 64%] Built target jsk_recognition_msgs_generate_messages_nodejs
[56.753s] [ 64%] Built target roscpp_generate_messages_lisp
[56.756s] [ 64%] Built target roscpp_generate_messages_py
[56.762s] [35m[1mScanning dependencies of target rosgraph_msgs_generate_messages_lisp[0m
[56.771s] [35m[1mScanning dependencies of target vector_map_server_generate_messages_py[0m
[56.772s] [35m[1mScanning dependencies of target rosgraph_msgs_generate_messages_nodejs[0m
[56.776s] [ 64%] Built target rosgraph_msgs_generate_messages_lisp
[56.778s] [35m[1mScanning dependencies of target roscpp_generate_messages_eus[0m
[56.785s] [ 64%] Built target vector_map_server_generate_messages_py
[56.785s] [ 64%] Built target rosgraph_msgs_generate_messages_nodejs
[56.790s] [35m[1mScanning dependencies of target autoware_can_msgs_generate_messages_eus[0m
[56.794s] [ 64%] Built target roscpp_generate_messages_eus
[56.800s] [35m[1mScanning dependencies of target rosgraph_msgs_generate_messages_py[0m
[56.802s] [35m[1mScanning dependencies of target actionlib_msgs_generate_messages_eus[0m
[56.805s] [ 64%] Built target autoware_can_msgs_generate_messages_eus
[56.808s] [35m[1mScanning dependencies of target pcl_msgs_generate_messages_py[0m
[56.815s] [ 64%] Built target rosgraph_msgs_generate_messages_py
[56.815s] [ 64%] Built target actionlib_msgs_generate_messages_eus
[56.818s] [35m[1mScanning dependencies of target actionlib_generate_messages_eus[0m
[56.823s] [ 64%] Built target pcl_msgs_generate_messages_py
[56.828s] [35m[1mScanning dependencies of target actionlib_generate_messages_lisp[0m
[56.830s] [35m[1mScanning dependencies of target geometry_msgs_generate_messages_cpp[0m
[56.833s] [ 64%] Built target actionlib_generate_messages_eus
[56.836s] [35m[1mScanning dependencies of target dynamic_reconfigure_gencfg[0m
[56.841s] [ 64%] Built target actionlib_generate_messages_lisp
[56.850s] [35m[1mScanning dependencies of target tf2_msgs_generate_messages_lisp[0m
[56.850s] [ 64%] Built target dynamic_reconfigure_gencfg
[56.854s] [ 64%] Built target geometry_msgs_generate_messages_cpp
[56.855s] [35m[1mScanning dependencies of target actionlib_generate_messages_py[0m
[56.865s] [ 64%] Built target tf2_msgs_generate_messages_lisp
[56.865s] [35m[1mScanning dependencies of target tf2_msgs_generate_messages_py[0m
[56.868s] [ 64%] Built target actionlib_generate_messages_py
[56.868s] [35m[1mScanning dependencies of target tf2_msgs_generate_messages_nodejs[0m
[56.879s] [ 64%] Built target tf2_msgs_generate_messages_py
[56.879s] [35m[1mScanning dependencies of target tf2_msgs_generate_messages_eus[0m
[56.884s] [ 64%] Built target tf2_msgs_generate_messages_nodejs
[56.884s] [35m[1mScanning dependencies of target visualization_msgs_generate_messages_cpp[0m
[56.894s] [ 64%] Built target tf2_msgs_generate_messages_eus
[56.894s] [35m[1mScanning dependencies of target vector_map_server_generate_messages_cpp[0m
[56.898s] [35m[1mScanning dependencies of target tf_generate_messages_eus[0m
[56.900s] [ 64%] Built target visualization_msgs_generate_messages_cpp
[56.908s] [ 64%] Built target vector_map_server_generate_messages_cpp
[56.908s] [35m[1mScanning dependencies of target std_srvs_generate_messages_py[0m
[56.913s] [ 64%] Built target tf_generate_messages_eus
[56.915s] [35m[1mScanning dependencies of target topic_tools_generate_messages_cpp[0m
[56.922s] [ 64%] Built target std_srvs_generate_messages_py
[56.922s] [35m[1mScanning dependencies of target topic_tools_generate_messages_eus[0m
[56.927s] [35m[1mScanning dependencies of target topic_tools_generate_messages_nodejs[0m
[56.930s] [ 64%] Built target topic_tools_generate_messages_cpp
[56.934s] [35m[1mScanning dependencies of target visualization_msgs_generate_messages_eus[0m
[56.936s] [ 64%] Built target topic_tools_generate_messages_eus
[56.943s] [ 64%] Built target topic_tools_generate_messages_nodejs
[56.945s] [35m[1mScanning dependencies of target op_motion_predictor[0m
[56.948s] [ 64%] Built target visualization_msgs_generate_messages_eus
[57.042s] [ 71%] [32mBuilding CXX object CMakeFiles/op_motion_predictor.dir/nodes/op_motion_predictor/op_motion_predictor.cpp.o[0m
[57.046s] [ 78%] [32mBuilding CXX object CMakeFiles/op_motion_predictor.dir/nodes/op_motion_predictor/op_motion_predictor_core.cpp.o[0m
[73.417s] [ 85%] [32m[1mLinking CXX executable devel/lib/op_local_planner/op_motion_predictor[0m
[74.138s] [ 85%] Built target op_motion_predictor
[74.154s] [35m[1mScanning dependencies of target op_common_params[0m
[74.196s] [ 92%] [32mBuilding CXX object CMakeFiles/op_common_params.dir/nodes/op_common_params/op_common_params.cpp.o[0m
[76.296s] [100%] [32m[1mLinking CXX executable devel/lib/op_local_planner/op_common_params[0m
[76.768s] [100%] Built target op_common_params
[76.787s] Invoked command in '/home/ros/autoware.ai/build/op_local_planner' returned '0': CMAKE_PREFIX_PATH=/home/ros/autoware.ai/install/op_ros_helpers:/home/ros/autoware.ai/install/op_simu:/home/ros/autoware.ai/install/op_planner:/home/ros/autoware.ai/install/op_utility:/home/ros/autoware.ai/install/map_file:/home/ros/autoware.ai/install/vector_map_server:/home/ros/autoware.ai/install/libwaypoint_follower:/home/ros/autoware.ai/install/lanelet2_extension:/home/ros/autoware.ai/install/vector_map:/home/ros/autoware.ai/install/amathutils_lib:/home/ros/autoware.ai/install/vector_map_msgs:/home/ros/autoware.ai/install/autoware_msgs:/home/ros/autoware.ai/install/autoware_lanelet2_msgs:/home/ros/autoware.ai/install/autoware_can_msgs:/home/ros/autoware.ai/install/autoware_build_flags:${CMAKE_PREFIX_PATH} LD_LIBRARY_PATH=/home/ros/autoware.ai/install/op_ros_helpers/lib:/home/ros/autoware.ai/install/op_simu/lib:/home/ros/autoware.ai/install/op_planner/lib:/home/ros/autoware.ai/install/op_utility/lib:/home/ros/autoware.ai/install/map_file/lib:/home/ros/autoware.ai/install/libwaypoint_follower/lib:/home/ros/autoware.ai/install/lanelet2_extension/lib:/home/ros/autoware.ai/install/vector_map/lib:/home/ros/autoware.ai/install/amathutils_lib/lib:${LD_LIBRARY_PATH} PKG_CONFIG_PATH=/home/ros/autoware.ai/install/op_ros_helpers/lib/x86_64-linux-gnu/pkgconfig:/home/ros/autoware.ai/install/op_ros_helpers/lib/pkgconfig:/home/ros/autoware.ai/install/op_simu/lib/x86_64-linux-gnu/pkgconfig:/home/ros/autoware.ai/install/op_simu/lib/pkgconfig:/home/ros/autoware.ai/install/op_planner/lib/x86_64-linux-gnu/pkgconfig:/home/ros/autoware.ai/install/op_planner/lib/pkgconfig:/home/ros/autoware.ai/install/op_utility/lib/x86_64-linux-gnu/pkgconfig:/home/ros/autoware.ai/install/op_utility/lib/pkgconfig:/home/ros/autoware.ai/install/map_file/lib/x86_64-linux-gnu/pkgconfig:/home/ros/autoware.ai/install/map_file/lib/pkgconfig:/home/ros/autoware.ai/install/vector_map_server/lib/x86_64-linux-gnu/pkgconfig:/home/ros/autoware.ai/install/vector_map_server/lib/pkgconfig:/home/ros/autoware.ai/install/libwaypoint_follower/lib/x86_64-linux-gnu/pkgconfig:/home/ros/autoware.ai/install/libwaypoint_follower/lib/pkgconfig:/home/ros/autoware.ai/install/lanelet2_extension/lib/x86_64-linux-gnu/pkgconfig:/home/ros/autoware.ai/install/lanelet2_extension/lib/pkgconfig:/home/ros/autoware.ai/install/vector_map/lib/x86_64-linux-gnu/pkgconfig:/home/ros/autoware.ai/install/vector_map/lib/pkgconfig:/home/ros/autoware.ai/install/amathutils_lib/lib/x86_64-linux-gnu/pkgconfig:/home/ros/autoware.ai/install/amathutils_lib/lib/pkgconfig:/home/ros/autoware.ai/install/vector_map_msgs/lib/x86_64-linux-gnu/pkgconfig:/home/ros/autoware.ai/install/vector_map_msgs/lib/pkgconfig:/home/ros/autoware.ai/install/autoware_msgs/lib/x86_64-linux-gnu/pkgconfig:/home/ros/autoware.ai/install/autoware_msgs/lib/pkgconfig:/home/ros/autoware.ai/install/autoware_lanelet2_msgs/lib/x86_64-linux-gnu/pkgconfig:/home/ros/autoware.ai/install/autoware_lanelet2_msgs/lib/pkgconfig:/home/ros/autoware.ai/install/autoware_can_msgs/lib/x86_64-linux-gnu/pkgconfig:/home/ros/autoware.ai/install/autoware_can_msgs/lib/pkgconfig:/home/ros/autoware.ai/install/autoware_build_flags/lib/x86_64-linux-gnu/pkgconfig:/home/ros/autoware.ai/install/autoware_build_flags/lib/pkgconfig:${PKG_CONFIG_PATH} PYTHONPATH=/home/ros/autoware.ai/install/vector_map_server/lib/python2.7/dist-packages:/home/ros/autoware.ai/install/vector_map_msgs/lib/python2.7/dist-packages:/home/ros/autoware.ai/install/autoware_msgs/lib/python2.7/dist-packages:/home/ros/autoware.ai/install/autoware_lanelet2_msgs/lib/python2.7/dist-packages:/home/ros/autoware.ai/install/autoware_can_msgs/lib/python2.7/dist-packages:${PYTHONPATH} ROS_PACKAGE_PATH=/home/ros/autoware.ai/install/op_ros_helpers/share:/home/ros/autoware.ai/install/op_simu/share:/home/ros/autoware.ai/install/op_planner/share:/home/ros/autoware.ai/install/op_utility/share:/home/ros/autoware.ai/install/map_file/share:/home/ros/autoware.ai/install/vector_map_server/share:/home/ros/autoware.ai/install/libwaypoint_follower/share:/home/ros/autoware.ai/install/lanelet2_extension/share:/home/ros/autoware.ai/install/vector_map/share:/home/ros/autoware.ai/install/amathutils_lib/share:/home/ros/autoware.ai/install/vector_map_msgs/share:/home/ros/autoware.ai/install/autoware_msgs/share:/home/ros/autoware.ai/install/autoware_lanelet2_msgs/share:/home/ros/autoware.ai/install/autoware_can_msgs/share:/home/ros/autoware.ai/install/autoware_build_flags/share:${ROS_PACKAGE_PATH} /usr/bin/cmake --build /home/ros/autoware.ai/build/op_local_planner -- -j12 -l12
[76.919s] Invoking command in '/home/ros/autoware.ai/build/op_local_planner': CMAKE_PREFIX_PATH=/home/ros/autoware.ai/install/op_ros_helpers:/home/ros/autoware.ai/install/op_simu:/home/ros/autoware.ai/install/op_planner:/home/ros/autoware.ai/install/op_utility:/home/ros/autoware.ai/install/map_file:/home/ros/autoware.ai/install/vector_map_server:/home/ros/autoware.ai/install/libwaypoint_follower:/home/ros/autoware.ai/install/lanelet2_extension:/home/ros/autoware.ai/install/vector_map:/home/ros/autoware.ai/install/amathutils_lib:/home/ros/autoware.ai/install/vector_map_msgs:/home/ros/autoware.ai/install/autoware_msgs:/home/ros/autoware.ai/install/autoware_lanelet2_msgs:/home/ros/autoware.ai/install/autoware_can_msgs:/home/ros/autoware.ai/install/autoware_build_flags:${CMAKE_PREFIX_PATH} LD_LIBRARY_PATH=/home/ros/autoware.ai/install/op_ros_helpers/lib:/home/ros/autoware.ai/install/op_simu/lib:/home/ros/autoware.ai/install/op_planner/lib:/home/ros/autoware.ai/install/op_utility/lib:/home/ros/autoware.ai/install/map_file/lib:/home/ros/autoware.ai/install/libwaypoint_follower/lib:/home/ros/autoware.ai/install/lanelet2_extension/lib:/home/ros/autoware.ai/install/vector_map/lib:/home/ros/autoware.ai/install/amathutils_lib/lib:${LD_LIBRARY_PATH} PKG_CONFIG_PATH=/home/ros/autoware.ai/install/op_ros_helpers/lib/x86_64-linux-gnu/pkgconfig:/home/ros/autoware.ai/install/op_ros_helpers/lib/pkgconfig:/home/ros/autoware.ai/install/op_simu/lib/x86_64-linux-gnu/pkgconfig:/home/ros/autoware.ai/install/op_simu/lib/pkgconfig:/home/ros/autoware.ai/install/op_planner/lib/x86_64-linux-gnu/pkgconfig:/home/ros/autoware.ai/install/op_planner/lib/pkgconfig:/home/ros/autoware.ai/install/op_utility/lib/x86_64-linux-gnu/pkgconfig:/home/ros/autoware.ai/install/op_utility/lib/pkgconfig:/home/ros/autoware.ai/install/map_file/lib/x86_64-linux-gnu/pkgconfig:/home/ros/autoware.ai/install/map_file/lib/pkgconfig:/home/ros/autoware.ai/install/vector_map_server/lib/x86_64-linux-gnu/pkgconfig:/home/ros/autoware.ai/install/vector_map_server/lib/pkgconfig:/home/ros/autoware.ai/install/libwaypoint_follower/lib/x86_64-linux-gnu/pkgconfig:/home/ros/autoware.ai/install/libwaypoint_follower/lib/pkgconfig:/home/ros/autoware.ai/install/lanelet2_extension/lib/x86_64-linux-gnu/pkgconfig:/home/ros/autoware.ai/install/lanelet2_extension/lib/pkgconfig:/home/ros/autoware.ai/install/vector_map/lib/x86_64-linux-gnu/pkgconfig:/home/ros/autoware.ai/install/vector_map/lib/pkgconfig:/home/ros/autoware.ai/install/amathutils_lib/lib/x86_64-linux-gnu/pkgconfig:/home/ros/autoware.ai/install/amathutils_lib/lib/pkgconfig:/home/ros/autoware.ai/install/vector_map_msgs/lib/x86_64-linux-gnu/pkgconfig:/home/ros/autoware.ai/install/vector_map_msgs/lib/pkgconfig:/home/ros/autoware.ai/install/autoware_msgs/lib/x86_64-linux-gnu/pkgconfig:/home/ros/autoware.ai/install/autoware_msgs/lib/pkgconfig:/home/ros/autoware.ai/install/autoware_lanelet2_msgs/lib/x86_64-linux-gnu/pkgconfig:/home/ros/autoware.ai/install/autoware_lanelet2_msgs/lib/pkgconfig:/home/ros/autoware.ai/install/autoware_can_msgs/lib/x86_64-linux-gnu/pkgconfig:/home/ros/autoware.ai/install/autoware_can_msgs/lib/pkgconfig:/home/ros/autoware.ai/install/autoware_build_flags/lib/x86_64-linux-gnu/pkgconfig:/home/ros/autoware.ai/install/autoware_build_flags/lib/pkgconfig:${PKG_CONFIG_PATH} PYTHONPATH=/home/ros/autoware.ai/install/vector_map_server/lib/python2.7/dist-packages:/home/ros/autoware.ai/install/vector_map_msgs/lib/python2.7/dist-packages:/home/ros/autoware.ai/install/autoware_msgs/lib/python2.7/dist-packages:/home/ros/autoware.ai/install/autoware_lanelet2_msgs/lib/python2.7/dist-packages:/home/ros/autoware.ai/install/autoware_can_msgs/lib/python2.7/dist-packages:${PYTHONPATH} ROS_PACKAGE_PATH=/home/ros/autoware.ai/install/op_ros_helpers/share:/home/ros/autoware.ai/install/op_simu/share:/home/ros/autoware.ai/install/op_planner/share:/home/ros/autoware.ai/install/op_utility/share:/home/ros/autoware.ai/install/map_file/share:/home/ros/autoware.ai/install/vector_map_server/share:/home/ros/autoware.ai/install/libwaypoint_follower/share:/home/ros/autoware.ai/install/lanelet2_extension/share:/home/ros/autoware.ai/install/vector_map/share:/home/ros/autoware.ai/install/amathutils_lib/share:/home/ros/autoware.ai/install/vector_map_msgs/share:/home/ros/autoware.ai/install/autoware_msgs/share:/home/ros/autoware.ai/install/autoware_lanelet2_msgs/share:/home/ros/autoware.ai/install/autoware_can_msgs/share:/home/ros/autoware.ai/install/autoware_build_flags/share:${ROS_PACKAGE_PATH} /usr/bin/cmake --build /home/ros/autoware.ai/build/op_local_planner --target tests -- -j12 -l12
[77.010s] [35m[1mScanning dependencies of target tests[0m
[77.025s] Built target tests
[77.044s] Invoked command in '/home/ros/autoware.ai/build/op_local_planner' returned '0': CMAKE_PREFIX_PATH=/home/ros/autoware.ai/install/op_ros_helpers:/home/ros/autoware.ai/install/op_simu:/home/ros/autoware.ai/install/op_planner:/home/ros/autoware.ai/install/op_utility:/home/ros/autoware.ai/install/map_file:/home/ros/autoware.ai/install/vector_map_server:/home/ros/autoware.ai/install/libwaypoint_follower:/home/ros/autoware.ai/install/lanelet2_extension:/home/ros/autoware.ai/install/vector_map:/home/ros/autoware.ai/install/amathutils_lib:/home/ros/autoware.ai/install/vector_map_msgs:/home/ros/autoware.ai/install/autoware_msgs:/home/ros/autoware.ai/install/autoware_lanelet2_msgs:/home/ros/autoware.ai/install/autoware_can_msgs:/home/ros/autoware.ai/install/autoware_build_flags:${CMAKE_PREFIX_PATH} LD_LIBRARY_PATH=/home/ros/autoware.ai/install/op_ros_helpers/lib:/home/ros/autoware.ai/install/op_simu/lib:/home/ros/autoware.ai/install/op_planner/lib:/home/ros/autoware.ai/install/op_utility/lib:/home/ros/autoware.ai/install/map_file/lib:/home/ros/autoware.ai/install/libwaypoint_follower/lib:/home/ros/autoware.ai/install/lanelet2_extension/lib:/home/ros/autoware.ai/install/vector_map/lib:/home/ros/autoware.ai/install/amathutils_lib/lib:${LD_LIBRARY_PATH} PKG_CONFIG_PATH=/home/ros/autoware.ai/install/op_ros_helpers/lib/x86_64-linux-gnu/pkgconfig:/home/ros/autoware.ai/install/op_ros_helpers/lib/pkgconfig:/home/ros/autoware.ai/install/op_simu/lib/x86_64-linux-gnu/pkgconfig:/home/ros/autoware.ai/install/op_simu/lib/pkgconfig:/home/ros/autoware.ai/install/op_planner/lib/x86_64-linux-gnu/pkgconfig:/home/ros/autoware.ai/install/op_planner/lib/pkgconfig:/home/ros/autoware.ai/install/op_utility/lib/x86_64-linux-gnu/pkgconfig:/home/ros/autoware.ai/install/op_utility/lib/pkgconfig:/home/ros/autoware.ai/install/map_file/lib/x86_64-linux-gnu/pkgconfig:/home/ros/autoware.ai/install/map_file/lib/pkgconfig:/home/ros/autoware.ai/install/vector_map_server/lib/x86_64-linux-gnu/pkgconfig:/home/ros/autoware.ai/install/vector_map_server/lib/pkgconfig:/home/ros/autoware.ai/install/libwaypoint_follower/lib/x86_64-linux-gnu/pkgconfig:/home/ros/autoware.ai/install/libwaypoint_follower/lib/pkgconfig:/home/ros/autoware.ai/install/lanelet2_extension/lib/x86_64-linux-gnu/pkgconfig:/home/ros/autoware.ai/install/lanelet2_extension/lib/pkgconfig:/home/ros/autoware.ai/install/vector_map/lib/x86_64-linux-gnu/pkgconfig:/home/ros/autoware.ai/install/vector_map/lib/pkgconfig:/home/ros/autoware.ai/install/amathutils_lib/lib/x86_64-linux-gnu/pkgconfig:/home/ros/autoware.ai/install/amathutils_lib/lib/pkgconfig:/home/ros/autoware.ai/install/vector_map_msgs/lib/x86_64-linux-gnu/pkgconfig:/home/ros/autoware.ai/install/vector_map_msgs/lib/pkgconfig:/home/ros/autoware.ai/install/autoware_msgs/lib/x86_64-linux-gnu/pkgconfig:/home/ros/autoware.ai/install/autoware_msgs/lib/pkgconfig:/home/ros/autoware.ai/install/autoware_lanelet2_msgs/lib/x86_64-linux-gnu/pkgconfig:/home/ros/autoware.ai/install/autoware_lanelet2_msgs/lib/pkgconfig:/home/ros/autoware.ai/install/autoware_can_msgs/lib/x86_64-linux-gnu/pkgconfig:/home/ros/autoware.ai/install/autoware_can_msgs/lib/pkgconfig:/home/ros/autoware.ai/install/autoware_build_flags/lib/x86_64-linux-gnu/pkgconfig:/home/ros/autoware.ai/install/autoware_build_flags/lib/pkgconfig:${PKG_CONFIG_PATH} PYTHONPATH=/home/ros/autoware.ai/install/vector_map_server/lib/python2.7/dist-packages:/home/ros/autoware.ai/install/vector_map_msgs/lib/python2.7/dist-packages:/home/ros/autoware.ai/install/autoware_msgs/lib/python2.7/dist-packages:/home/ros/autoware.ai/install/autoware_lanelet2_msgs/lib/python2.7/dist-packages:/home/ros/autoware.ai/install/autoware_can_msgs/lib/python2.7/dist-packages:${PYTHONPATH} ROS_PACKAGE_PATH=/home/ros/autoware.ai/install/op_ros_helpers/share:/home/ros/autoware.ai/install/op_simu/share:/home/ros/autoware.ai/install/op_planner/share:/home/ros/autoware.ai/install/op_utility/share:/home/ros/autoware.ai/install/map_file/share:/home/ros/autoware.ai/install/vector_map_server/share:/home/ros/autoware.ai/install/libwaypoint_follower/share:/home/ros/autoware.ai/install/lanelet2_extension/share:/home/ros/autoware.ai/install/vector_map/share:/home/ros/autoware.ai/install/amathutils_lib/share:/home/ros/autoware.ai/install/vector_map_msgs/share:/home/ros/autoware.ai/install/autoware_msgs/share:/home/ros/autoware.ai/install/autoware_lanelet2_msgs/share:/home/ros/autoware.ai/install/autoware_can_msgs/share:/home/ros/autoware.ai/install/autoware_build_flags/share:${ROS_PACKAGE_PATH} /usr/bin/cmake --build /home/ros/autoware.ai/build/op_local_planner --target tests -- -j12 -l12
[77.291s] Invoking command in '/home/ros/autoware.ai/build/op_local_planner': CMAKE_PREFIX_PATH=/home/ros/autoware.ai/install/op_ros_helpers:/home/ros/autoware.ai/install/op_simu:/home/ros/autoware.ai/install/op_planner:/home/ros/autoware.ai/install/op_utility:/home/ros/autoware.ai/install/map_file:/home/ros/autoware.ai/install/vector_map_server:/home/ros/autoware.ai/install/libwaypoint_follower:/home/ros/autoware.ai/install/lanelet2_extension:/home/ros/autoware.ai/install/vector_map:/home/ros/autoware.ai/install/amathutils_lib:/home/ros/autoware.ai/install/vector_map_msgs:/home/ros/autoware.ai/install/autoware_msgs:/home/ros/autoware.ai/install/autoware_lanelet2_msgs:/home/ros/autoware.ai/install/autoware_can_msgs:/home/ros/autoware.ai/install/autoware_build_flags:${CMAKE_PREFIX_PATH} LD_LIBRARY_PATH=/home/ros/autoware.ai/install/op_ros_helpers/lib:/home/ros/autoware.ai/install/op_simu/lib:/home/ros/autoware.ai/install/op_planner/lib:/home/ros/autoware.ai/install/op_utility/lib:/home/ros/autoware.ai/install/map_file/lib:/home/ros/autoware.ai/install/libwaypoint_follower/lib:/home/ros/autoware.ai/install/lanelet2_extension/lib:/home/ros/autoware.ai/install/vector_map/lib:/home/ros/autoware.ai/install/amathutils_lib/lib:${LD_LIBRARY_PATH} PKG_CONFIG_PATH=/home/ros/autoware.ai/install/op_ros_helpers/lib/x86_64-linux-gnu/pkgconfig:/home/ros/autoware.ai/install/op_ros_helpers/lib/pkgconfig:/home/ros/autoware.ai/install/op_simu/lib/x86_64-linux-gnu/pkgconfig:/home/ros/autoware.ai/install/op_simu/lib/pkgconfig:/home/ros/autoware.ai/install/op_planner/lib/x86_64-linux-gnu/pkgconfig:/home/ros/autoware.ai/install/op_planner/lib/pkgconfig:/home/ros/autoware.ai/install/op_utility/lib/x86_64-linux-gnu/pkgconfig:/home/ros/autoware.ai/install/op_utility/lib/pkgconfig:/home/ros/autoware.ai/install/map_file/lib/x86_64-linux-gnu/pkgconfig:/home/ros/autoware.ai/install/map_file/lib/pkgconfig:/home/ros/autoware.ai/install/vector_map_server/lib/x86_64-linux-gnu/pkgconfig:/home/ros/autoware.ai/install/vector_map_server/lib/pkgconfig:/home/ros/autoware.ai/install/libwaypoint_follower/lib/x86_64-linux-gnu/pkgconfig:/home/ros/autoware.ai/install/libwaypoint_follower/lib/pkgconfig:/home/ros/autoware.ai/install/lanelet2_extension/lib/x86_64-linux-gnu/pkgconfig:/home/ros/autoware.ai/install/lanelet2_extension/lib/pkgconfig:/home/ros/autoware.ai/install/vector_map/lib/x86_64-linux-gnu/pkgconfig:/home/ros/autoware.ai/install/vector_map/lib/pkgconfig:/home/ros/autoware.ai/install/amathutils_lib/lib/x86_64-linux-gnu/pkgconfig:/home/ros/autoware.ai/install/amathutils_lib/lib/pkgconfig:/home/ros/autoware.ai/install/vector_map_msgs/lib/x86_64-linux-gnu/pkgconfig:/home/ros/autoware.ai/install/vector_map_msgs/lib/pkgconfig:/home/ros/autoware.ai/install/autoware_msgs/lib/x86_64-linux-gnu/pkgconfig:/home/ros/autoware.ai/install/autoware_msgs/lib/pkgconfig:/home/ros/autoware.ai/install/autoware_lanelet2_msgs/lib/x86_64-linux-gnu/pkgconfig:/home/ros/autoware.ai/install/autoware_lanelet2_msgs/lib/pkgconfig:/home/ros/autoware.ai/install/autoware_can_msgs/lib/x86_64-linux-gnu/pkgconfig:/home/ros/autoware.ai/install/autoware_can_msgs/lib/pkgconfig:/home/ros/autoware.ai/install/autoware_build_flags/lib/x86_64-linux-gnu/pkgconfig:/home/ros/autoware.ai/install/autoware_build_flags/lib/pkgconfig:${PKG_CONFIG_PATH} PYTHONPATH=/home/ros/autoware.ai/install/vector_map_server/lib/python2.7/dist-packages:/home/ros/autoware.ai/install/vector_map_msgs/lib/python2.7/dist-packages:/home/ros/autoware.ai/install/autoware_msgs/lib/python2.7/dist-packages:/home/ros/autoware.ai/install/autoware_lanelet2_msgs/lib/python2.7/dist-packages:/home/ros/autoware.ai/install/autoware_can_msgs/lib/python2.7/dist-packages:${PYTHONPATH} ROS_PACKAGE_PATH=/home/ros/autoware.ai/install/op_ros_helpers/share:/home/ros/autoware.ai/install/op_simu/share:/home/ros/autoware.ai/install/op_planner/share:/home/ros/autoware.ai/install/op_utility/share:/home/ros/autoware.ai/install/map_file/share:/home/ros/autoware.ai/install/vector_map_server/share:/home/ros/autoware.ai/install/libwaypoint_follower/share:/home/ros/autoware.ai/install/lanelet2_extension/share:/home/ros/autoware.ai/install/vector_map/share:/home/ros/autoware.ai/install/amathutils_lib/share:/home/ros/autoware.ai/install/vector_map_msgs/share:/home/ros/autoware.ai/install/autoware_msgs/share:/home/ros/autoware.ai/install/autoware_lanelet2_msgs/share:/home/ros/autoware.ai/install/autoware_can_msgs/share:/home/ros/autoware.ai/install/autoware_build_flags/share:${ROS_PACKAGE_PATH} /usr/bin/cmake --build /home/ros/autoware.ai/build/op_local_planner --target install -- -j12 -l12
[77.468s] [  0%] Built target visualization_msgs_generate_messages_eus
[77.484s] [ 21%] Built target op_trajectory_evaluator
[77.500s] [ 21%] Built target topic_tools_generate_messages_nodejs
[77.523s] [ 42%] Built target op_motion_predictor
[77.585s] [ 42%] Built target bond_generate_messages_eus
[77.616s] [ 42%] Built target nodelet_generate_messages_nodejs
[77.623s] [ 42%] Built target nodelet_generate_messages_eus
[77.629s] [ 42%] Built target bond_generate_messages_cpp
[77.693s] [ 42%] Built target bond_generate_messages_lisp
[77.704s] [ 42%] Built target nodelet_generate_messages_cpp
[77.706s] [ 42%] Built target dynamic_reconfigure_generate_messages_eus
[77.715s] [ 42%] Built target dynamic_reconfigure_generate_messages_lisp
[77.720s] [ 64%] Built target op_trajectory_generator
[77.762s] [ 64%] Built target pcl_ros_gencfg
[77.762s] [ 64%] Built target vector_map_msgs_generate_messages_py
[77.765s] [ 64%] Built target bond_generate_messages_py
[77.777s] [ 64%] Built target vector_map_server_generate_messages_nodejs
[77.781s] [ 64%] Built target vector_map_msgs_generate_messages_nodejs
[77.816s] [ 64%] Built target vector_map_msgs_generate_messages_lisp
[77.852s] [ 64%] Built target bond_generate_messages_nodejs
[77.854s] [ 64%] Built target vector_map_msgs_generate_messages_cpp
[77.861s] [ 64%] Built target visualization_msgs_generate_messages_py
[77.875s] [ 85%] Built target op_behavior_selector
[77.918s] [ 85%] Built target vector_map_server_generate_messages_eus
[77.921s] [ 85%] Built target sensor_msgs_generate_messages_nodejs
[77.935s] [ 85%] Built target visualization_msgs_generate_messages_nodejs
[77.936s] [ 85%] Built target roscpp_generate_messages_cpp
[77.958s] [ 85%] Built target geometry_msgs_generate_messages_py
[77.986s] [ 85%] Built target pcl_msgs_generate_messages_eus
[77.990s] [ 85%] Built target actionlib_generate_messages_cpp
[78.003s] [ 85%] Built target jsk_recognition_msgs_generate_messages_lisp
[78.018s] [ 85%] Built target rosgraph_msgs_generate_messages_eus
[78.047s] [ 85%] Built target tf2_msgs_generate_messages_cpp
[78.048s] [ 85%] Built target jsk_recognition_msgs_generate_messages_eus
[78.063s] [ 85%] Built target pcl_msgs_generate_messages_cpp
[78.064s] [ 85%] Built target sensor_msgs_generate_messages_lisp
[78.112s] [ 85%] Built target topic_tools_generate_messages_lisp
[78.122s] [ 85%] Built target std_srvs_generate_messages_cpp
[78.129s] [ 85%] Built target geometry_msgs_generate_messages_lisp
[78.140s] [ 85%] Built target jsk_recognition_msgs_generate_messages_cpp
[78.154s] [ 85%] Built target geometry_msgs_generate_messages_eus
[78.178s] [ 85%] Built target autoware_can_msgs_generate_messages_cpp
[78.187s] [ 85%] Built target autoware_can_msgs_generate_messages_lisp
[78.202s] [ 85%] Built target dynamic_reconfigure_generate_messages_py
[78.237s] [ 85%] Built target nodelet_generate_messages_py
[78.249s] [ 85%] Built target autoware_can_msgs_generate_messages_nodejs
[78.249s] [ 85%] Built target jsk_recognition_msgs_generate_messages_py
[78.261s] [ 85%] Built target pcl_msgs_generate_messages_nodejs
[78.266s] [ 85%] Built target sensor_msgs_generate_messages_py
[78.316s] [ 85%] Built target nodelet_topic_tools_gencfg
[78.318s] [ 85%] Built target tf_generate_messages_py
[78.331s] [ 85%] Built target dynamic_reconfigure_generate_messages_cpp
[78.333s] [ 85%] Built target topic_tools_generate_messages_py
[78.347s] [ 85%] Built target actionlib_msgs_generate_messages_nodejs
[78.382s] [ 85%] Built target jsk_footstep_msgs_generate_messages_py
[78.400s] [ 85%] Built target std_msgs_generate_messages_cpp
[78.414s] [ 85%] Built target std_msgs_generate_messages_eus
[78.415s] [ 85%] Built target visualization_msgs_generate_messages_lisp
[78.428s] [ 85%] Built target geometry_msgs_generate_messages_nodejs
[78.441s] [ 85%] Built target dynamic_reconfigure_generate_messages_nodejs
[78.457s] [ 85%] Built target autoware_can_msgs_generate_messages_py
[78.486s] [ 85%] Built target sensor_msgs_generate_messages_eus
[78.490s] [ 85%] Built target std_msgs_generate_messages_lisp
[78.503s] [ 85%] Built target roscpp_generate_messages_nodejs
[78.513s] [ 85%] Built target sensor_msgs_generate_messages_cpp
[78.537s] [ 85%] Built target nodelet_generate_messages_lisp
[78.542s] [ 85%] Built target std_msgs_generate_messages_nodejs
[78.554s] [ 85%] Built target std_msgs_generate_messages_py
[78.568s] [ 85%] Built target jsk_footstep_msgs_generate_messages_eus
[78.570s] [ 85%] Built target autoware_msgs_generate_messages_py
[78.581s] [ 85%] Built target vector_map_server_generate_messages_lisp
[78.583s] [ 85%] Built target actionlib_msgs_generate_messages_py
[78.607s] [ 85%] Built target jsk_footstep_msgs_generate_messages_lisp
[78.631s] [ 85%] Built target autoware_msgs_generate_messages_lisp
[78.634s] [ 85%] Built target jsk_footstep_msgs_generate_messages_nodejs
[78.638s] [ 85%] Built target autoware_msgs_generate_messages_cpp
[78.643s] [ 85%] Built target actionlib_msgs_generate_messages_lisp
[78.647s] [ 85%] Built target std_srvs_generate_messages_lisp
[78.673s] [ 85%] Built target vector_map_msgs_generate_messages_eus
[78.682s] [ 85%] Built target autoware_msgs_generate_messages_eus
[78.696s] [ 85%] Built target actionlib_generate_messages_nodejs
[78.703s] [ 85%] Built target autoware_msgs_generate_messages_nodejs
[78.703s] [ 85%] Built target rosgraph_msgs_generate_messages_cpp
[78.709s] [ 85%] Built target pcl_msgs_generate_messages_lisp
[78.721s] [ 85%] Built target tf_generate_messages_cpp
[78.736s] [ 85%] Built target jsk_footstep_msgs_generate_messages_cpp
[78.757s] [ 85%] Built target std_srvs_generate_messages_eus
[78.768s] [ 85%] Built target actionlib_msgs_generate_messages_cpp
[78.775s] [ 85%] Built target jsk_recognition_msgs_generate_messages_nodejs
[78.784s] [ 85%] Built target tf_generate_messages_lisp
[78.785s] [ 85%] Built target tf_generate_messages_eus
[78.792s] [ 85%] Built target roscpp_generate_messages_lisp
[78.799s] [ 85%] Built target tf_generate_messages_nodejs
[78.816s] [ 85%] Built target roscpp_generate_messages_py
[78.833s] [ 85%] Built target rosgraph_msgs_generate_messages_lisp
[78.843s] [ 85%] Built target rosgraph_msgs_generate_messages_nodejs
[78.844s] [ 85%] Built target roscpp_generate_messages_eus
[78.857s] [ 85%] Built target vector_map_server_generate_messages_py
[78.862s] [ 85%] Built target rosgraph_msgs_generate_messages_py
[78.870s] [ 85%] Built target autoware_can_msgs_generate_messages_eus
[78.879s] [ 85%] Built target actionlib_msgs_generate_messages_eus
[78.897s] [ 85%] Built target actionlib_generate_messages_eus
[78.899s] [ 85%] Built target pcl_msgs_generate_messages_py
[78.902s] [ 85%] Built target std_srvs_generate_messages_nodejs
[78.927s] [ 85%] Built target dynamic_reconfigure_gencfg
[78.945s] [ 85%] Built target actionlib_generate_messages_py
[78.946s] [ 85%] Built target actionlib_generate_messages_lisp
[78.957s] [ 85%] Built target tf2_msgs_generate_messages_lisp
[78.958s] [ 85%] Built target tf2_msgs_generate_messages_py
[78.960s] [ 85%] Built target tf2_msgs_generate_messages_eus
[78.973s] [ 85%] Built target tf2_msgs_generate_messages_nodejs
[78.997s] [ 85%] Built target visualization_msgs_generate_messages_cpp
[79.008s] [ 85%] Built target std_srvs_generate_messages_py
[79.009s] [ 85%] Built target vector_map_server_generate_messages_cpp
[79.014s] [ 85%] Built target topic_tools_generate_messages_eus
[79.019s] [ 85%] Built target geometry_msgs_generate_messages_cpp
[79.024s] [ 85%] Built target topic_tools_generate_messages_cpp
[79.054s] [100%] Built target op_common_params
[79.073s] [36mInstall the project...[0m
[79.081s] -- Install configuration: "Release"
[79.081s] -- Installing: /home/ros/autoware.ai/install/op_local_planner/lib/pkgconfig/op_local_planner.pc
[79.081s] -- Installing: /home/ros/autoware.ai/install/op_local_planner/share/op_local_planner/cmake/op_local_plannerConfig.cmake
[79.082s] -- Installing: /home/ros/autoware.ai/install/op_local_planner/share/op_local_planner/cmake/op_local_plannerConfig-version.cmake
[79.082s] -- Installing: /home/ros/autoware.ai/install/op_local_planner/share/op_local_planner/package.xml
[79.082s] -- Installing: /home/ros/autoware.ai/install/op_local_planner/lib/op_local_planner/op_common_params
[79.082s] -- Set runtime path of "/home/ros/autoware.ai/install/op_local_planner/lib/op_local_planner/op_common_params" to ""
[79.082s] -- Installing: /home/ros/autoware.ai/install/op_local_planner/lib/op_local_planner/op_trajectory_generator
[79.082s] -- Set runtime path of "/home/ros/autoware.ai/install/op_local_planner/lib/op_local_planner/op_trajectory_generator" to ""
[79.082s] -- Installing: /home/ros/autoware.ai/install/op_local_planner/lib/op_local_planner/op_trajectory_evaluator
[79.083s] -- Set runtime path of "/home/ros/autoware.ai/install/op_local_planner/lib/op_local_planner/op_trajectory_evaluator" to ""
[79.083s] -- Installing: /home/ros/autoware.ai/install/op_local_planner/lib/op_local_planner/op_behavior_selector
[79.084s] -- Set runtime path of "/home/ros/autoware.ai/install/op_local_planner/lib/op_local_planner/op_behavior_selector" to ""
[79.084s] -- Installing: /home/ros/autoware.ai/install/op_local_planner/lib/op_local_planner/op_motion_predictor
[79.085s] -- Set runtime path of "/home/ros/autoware.ai/install/op_local_planner/lib/op_local_planner/op_motion_predictor" to ""
[79.085s] -- Installing: /home/ros/autoware.ai/install/op_local_planner/share/op_local_planner/launch
[79.085s] -- Installing: /home/ros/autoware.ai/install/op_local_planner/share/op_local_planner/launch/op_behavior_selector.launch
[79.085s] -- Installing: /home/ros/autoware.ai/install/op_local_planner/share/op_local_planner/launch/op_common_params.launch
[79.085s] -- Installing: /home/ros/autoware.ai/install/op_local_planner/share/op_local_planner/launch/op_motion_predictor.launch
[79.085s] -- Installing: /home/ros/autoware.ai/install/op_local_planner/share/op_local_planner/launch/op_trajectory_evaluator.launch
[79.085s] -- Installing: /home/ros/autoware.ai/install/op_local_planner/share/op_local_planner/launch/op_trajectory_generator.launch
[79.088s] Invoked command in '/home/ros/autoware.ai/build/op_local_planner' returned '0': CMAKE_PREFIX_PATH=/home/ros/autoware.ai/install/op_ros_helpers:/home/ros/autoware.ai/install/op_simu:/home/ros/autoware.ai/install/op_planner:/home/ros/autoware.ai/install/op_utility:/home/ros/autoware.ai/install/map_file:/home/ros/autoware.ai/install/vector_map_server:/home/ros/autoware.ai/install/libwaypoint_follower:/home/ros/autoware.ai/install/lanelet2_extension:/home/ros/autoware.ai/install/vector_map:/home/ros/autoware.ai/install/amathutils_lib:/home/ros/autoware.ai/install/vector_map_msgs:/home/ros/autoware.ai/install/autoware_msgs:/home/ros/autoware.ai/install/autoware_lanelet2_msgs:/home/ros/autoware.ai/install/autoware_can_msgs:/home/ros/autoware.ai/install/autoware_build_flags:${CMAKE_PREFIX_PATH} LD_LIBRARY_PATH=/home/ros/autoware.ai/install/op_ros_helpers/lib:/home/ros/autoware.ai/install/op_simu/lib:/home/ros/autoware.ai/install/op_planner/lib:/home/ros/autoware.ai/install/op_utility/lib:/home/ros/autoware.ai/install/map_file/lib:/home/ros/autoware.ai/install/libwaypoint_follower/lib:/home/ros/autoware.ai/install/lanelet2_extension/lib:/home/ros/autoware.ai/install/vector_map/lib:/home/ros/autoware.ai/install/amathutils_lib/lib:${LD_LIBRARY_PATH} PKG_CONFIG_PATH=/home/ros/autoware.ai/install/op_ros_helpers/lib/x86_64-linux-gnu/pkgconfig:/home/ros/autoware.ai/install/op_ros_helpers/lib/pkgconfig:/home/ros/autoware.ai/install/op_simu/lib/x86_64-linux-gnu/pkgconfig:/home/ros/autoware.ai/install/op_simu/lib/pkgconfig:/home/ros/autoware.ai/install/op_planner/lib/x86_64-linux-gnu/pkgconfig:/home/ros/autoware.ai/install/op_planner/lib/pkgconfig:/home/ros/autoware.ai/install/op_utility/lib/x86_64-linux-gnu/pkgconfig:/home/ros/autoware.ai/install/op_utility/lib/pkgconfig:/home/ros/autoware.ai/install/map_file/lib/x86_64-linux-gnu/pkgconfig:/home/ros/autoware.ai/install/map_file/lib/pkgconfig:/home/ros/autoware.ai/install/vector_map_server/lib/x86_64-linux-gnu/pkgconfig:/home/ros/autoware.ai/install/vector_map_server/lib/pkgconfig:/home/ros/autoware.ai/install/libwaypoint_follower/lib/x86_64-linux-gnu/pkgconfig:/home/ros/autoware.ai/install/libwaypoint_follower/lib/pkgconfig:/home/ros/autoware.ai/install/lanelet2_extension/lib/x86_64-linux-gnu/pkgconfig:/home/ros/autoware.ai/install/lanelet2_extension/lib/pkgconfig:/home/ros/autoware.ai/install/vector_map/lib/x86_64-linux-gnu/pkgconfig:/home/ros/autoware.ai/install/vector_map/lib/pkgconfig:/home/ros/autoware.ai/install/amathutils_lib/lib/x86_64-linux-gnu/pkgconfig:/home/ros/autoware.ai/install/amathutils_lib/lib/pkgconfig:/home/ros/autoware.ai/install/vector_map_msgs/lib/x86_64-linux-gnu/pkgconfig:/home/ros/autoware.ai/install/vector_map_msgs/lib/pkgconfig:/home/ros/autoware.ai/install/autoware_msgs/lib/x86_64-linux-gnu/pkgconfig:/home/ros/autoware.ai/install/autoware_msgs/lib/pkgconfig:/home/ros/autoware.ai/install/autoware_lanelet2_msgs/lib/x86_64-linux-gnu/pkgconfig:/home/ros/autoware.ai/install/autoware_lanelet2_msgs/lib/pkgconfig:/home/ros/autoware.ai/install/autoware_can_msgs/lib/x86_64-linux-gnu/pkgconfig:/home/ros/autoware.ai/install/autoware_can_msgs/lib/pkgconfig:/home/ros/autoware.ai/install/autoware_build_flags/lib/x86_64-linux-gnu/pkgconfig:/home/ros/autoware.ai/install/autoware_build_flags/lib/pkgconfig:${PKG_CONFIG_PATH} PYTHONPATH=/home/ros/autoware.ai/install/vector_map_server/lib/python2.7/dist-packages:/home/ros/autoware.ai/install/vector_map_msgs/lib/python2.7/dist-packages:/home/ros/autoware.ai/install/autoware_msgs/lib/python2.7/dist-packages:/home/ros/autoware.ai/install/autoware_lanelet2_msgs/lib/python2.7/dist-packages:/home/ros/autoware.ai/install/autoware_can_msgs/lib/python2.7/dist-packages:${PYTHONPATH} ROS_PACKAGE_PATH=/home/ros/autoware.ai/install/op_ros_helpers/share:/home/ros/autoware.ai/install/op_simu/share:/home/ros/autoware.ai/install/op_planner/share:/home/ros/autoware.ai/install/op_utility/share:/home/ros/autoware.ai/install/map_file/share:/home/ros/autoware.ai/install/vector_map_server/share:/home/ros/autoware.ai/install/libwaypoint_follower/share:/home/ros/autoware.ai/install/lanelet2_extension/share:/home/ros/autoware.ai/install/vector_map/share:/home/ros/autoware.ai/install/amathutils_lib/share:/home/ros/autoware.ai/install/vector_map_msgs/share:/home/ros/autoware.ai/install/autoware_msgs/share:/home/ros/autoware.ai/install/autoware_lanelet2_msgs/share:/home/ros/autoware.ai/install/autoware_can_msgs/share:/home/ros/autoware.ai/install/autoware_build_flags/share:${ROS_PACKAGE_PATH} /usr/bin/cmake --build /home/ros/autoware.ai/build/op_local_planner --target install -- -j12 -l12
