Determining if the pthread_create exist failed with the following output:
Change Dir: /home/ros/autoware.ai/build/vehicle_model/CMakeFiles/CMakeTmp

Run Build Command:"/usr/bin/make" "cmTC_c671d/fast"
/usr/bin/make -f CMakeFiles/cmTC_c671d.dir/build.make CMakeFiles/cmTC_c671d.dir/build
make[1]: Entering directory '/home/ros/autoware.ai/build/vehicle_model/CMakeFiles/CMakeTmp'
Building C object CMakeFiles/cmTC_c671d.dir/CheckSymbolExists.c.o
/usr/bin/cc    -o CMakeFiles/cmTC_c671d.dir/CheckSymbolExists.c.o   -c /home/ros/autoware.ai/build/vehicle_model/CMakeFiles/CMakeTmp/CheckSymbolExists.c
Linking C executable cmTC_c671d
/usr/bin/cmake -E cmake_link_script CMakeFiles/cmTC_c671d.dir/link.txt --verbose=1
/usr/bin/cc      -rdynamic CMakeFiles/cmTC_c671d.dir/CheckSymbolExists.c.o  -o cmTC_c671d 
CMakeFiles/cmTC_c671d.dir/CheckSymbolExists.c.o: In function `main':
CheckSymbolExists.c:(.text+0x1b): undefined reference to `pthread_create'
collect2: error: ld returned 1 exit status
CMakeFiles/cmTC_c671d.dir/build.make:97: recipe for target 'cmTC_c671d' failed
make[1]: *** [cmTC_c671d] Error 1
make[1]: Leaving directory '/home/ros/autoware.ai/build/vehicle_model/CMakeFiles/CMakeTmp'
Makefile:126: recipe for target 'cmTC_c671d/fast' failed
make: *** [cmTC_c671d/fast] Error 2

File /home/ros/autoware.ai/build/vehicle_model/CMakeFiles/CMakeTmp/CheckSymbolExists.c:
/* */
#include <pthread.h>

int main(int argc, char** argv)
{
  (void)argv;
#ifndef pthread_create
  return ((int*)(&pthread_create))[argc];
#else
  (void)argc;
  return 0;
#endif
}

Determining if the function pthread_create exists in the pthreads failed with the following output:
Change Dir: /home/ros/autoware.ai/build/vehicle_model/CMakeFiles/CMakeTmp

Run Build Command:"/usr/bin/make" "cmTC_2b85b/fast"
/usr/bin/make -f CMakeFiles/cmTC_2b85b.dir/build.make CMakeFiles/cmTC_2b85b.dir/build
make[1]: Entering directory '/home/ros/autoware.ai/build/vehicle_model/CMakeFiles/CMakeTmp'
Building C object CMakeFiles/cmTC_2b85b.dir/CheckFunctionExists.c.o
/usr/bin/cc   -DCHECK_FUNCTION_EXISTS=pthread_create   -o CMakeFiles/cmTC_2b85b.dir/CheckFunctionExists.c.o   -c /usr/share/cmake-3.10/Modules/CheckFunctionExists.c
Linking C executable cmTC_2b85b
/usr/bin/cmake -E cmake_link_script CMakeFiles/cmTC_2b85b.dir/link.txt --verbose=1
/usr/bin/cc  -DCHECK_FUNCTION_EXISTS=pthread_create    -rdynamic CMakeFiles/cmTC_2b85b.dir/CheckFunctionExists.c.o  -o cmTC_2b85b -lpthreads 
/usr/bin/ld: cannot find -lpthreads
collect2: error: ld returned 1 exit status
CMakeFiles/cmTC_2b85b.dir/build.make:97: recipe for target 'cmTC_2b85b' failed
make[1]: *** [cmTC_2b85b] Error 1
make[1]: Leaving directory '/home/ros/autoware.ai/build/vehicle_model/CMakeFiles/CMakeTmp'
Makefile:126: recipe for target 'cmTC_2b85b/fast' failed
make: *** [cmTC_2b85b/fast] Error 2


