Determining if the pthread_create exist failed with the following output:
Change Dir: /home/ros/autoware.ai/build/autoware_map_msgs/CMakeFiles/CMakeTmp

Run Build Command:"/usr/bin/make" "cmTC_2d4fa/fast"
/usr/bin/make -f CMakeFiles/cmTC_2d4fa.dir/build.make CMakeFiles/cmTC_2d4fa.dir/build
make[1]: Entering directory '/home/ros/autoware.ai/build/autoware_map_msgs/CMakeFiles/CMakeTmp'
Building C object CMakeFiles/cmTC_2d4fa.dir/CheckSymbolExists.c.o
/usr/bin/cc    -o CMakeFiles/cmTC_2d4fa.dir/CheckSymbolExists.c.o   -c /home/ros/autoware.ai/build/autoware_map_msgs/CMakeFiles/CMakeTmp/CheckSymbolExists.c
Linking C executable cmTC_2d4fa
/usr/bin/cmake -E cmake_link_script CMakeFiles/cmTC_2d4fa.dir/link.txt --verbose=1
/usr/bin/cc      -rdynamic CMakeFiles/cmTC_2d4fa.dir/CheckSymbolExists.c.o  -o cmTC_2d4fa 
CMakeFiles/cmTC_2d4fa.dir/CheckSymbolExists.c.o: In function `main':
CheckSymbolExists.c:(.text+0x1b): undefined reference to `pthread_create'
collect2: error: ld returned 1 exit status
CMakeFiles/cmTC_2d4fa.dir/build.make:97: recipe for target 'cmTC_2d4fa' failed
make[1]: *** [cmTC_2d4fa] Error 1
make[1]: Leaving directory '/home/ros/autoware.ai/build/autoware_map_msgs/CMakeFiles/CMakeTmp'
Makefile:126: recipe for target 'cmTC_2d4fa/fast' failed
make: *** [cmTC_2d4fa/fast] Error 2

File /home/ros/autoware.ai/build/autoware_map_msgs/CMakeFiles/CMakeTmp/CheckSymbolExists.c:
/* */
#include <pthread.h>

int main(int argc, char** argv)
{
  (void)argv;
#ifndef pthread_create
  return ((int*)(&pthread_create))[argc];
#else
  (void)argc;
  return 0;
#endif
}

Determining if the function pthread_create exists in the pthreads failed with the following output:
Change Dir: /home/ros/autoware.ai/build/autoware_map_msgs/CMakeFiles/CMakeTmp

Run Build Command:"/usr/bin/make" "cmTC_d228a/fast"
/usr/bin/make -f CMakeFiles/cmTC_d228a.dir/build.make CMakeFiles/cmTC_d228a.dir/build
make[1]: Entering directory '/home/ros/autoware.ai/build/autoware_map_msgs/CMakeFiles/CMakeTmp'
Building C object CMakeFiles/cmTC_d228a.dir/CheckFunctionExists.c.o
/usr/bin/cc   -DCHECK_FUNCTION_EXISTS=pthread_create   -o CMakeFiles/cmTC_d228a.dir/CheckFunctionExists.c.o   -c /usr/share/cmake-3.10/Modules/CheckFunctionExists.c
Linking C executable cmTC_d228a
/usr/bin/cmake -E cmake_link_script CMakeFiles/cmTC_d228a.dir/link.txt --verbose=1
/usr/bin/cc  -DCHECK_FUNCTION_EXISTS=pthread_create    -rdynamic CMakeFiles/cmTC_d228a.dir/CheckFunctionExists.c.o  -o cmTC_d228a -lpthreads 
/usr/bin/ld: cannot find -lpthreads
collect2: error: ld returned 1 exit status
CMakeFiles/cmTC_d228a.dir/build.make:97: recipe for target 'cmTC_d228a' failed
make[1]: *** [cmTC_d228a] Error 1
make[1]: Leaving directory '/home/ros/autoware.ai/build/autoware_map_msgs/CMakeFiles/CMakeTmp'
Makefile:126: recipe for target 'cmTC_d228a/fast' failed
make: *** [cmTC_d228a/fast] Error 2


