[0.063s] Invoking command in '/home/ros/autoware.ai/build/libwaypoint_follower': CMAKE_PREFIX_PATH=/home/ros/autoware.ai/install/amathutils_lib:/home/ros/autoware.ai/install/autoware_msgs:/home/ros/autoware.ai/install/autoware_build_flags:${CMAKE_PREFIX_PATH} LD_LIBRARY_PATH=/home/ros/autoware.ai/install/amathutils_lib/lib:${LD_LIBRARY_PATH} PKG_CONFIG_PATH=/home/ros/autoware.ai/install/amathutils_lib/lib/x86_64-linux-gnu/pkgconfig:/home/ros/autoware.ai/install/amathutils_lib/lib/pkgconfig:/home/ros/autoware.ai/install/autoware_msgs/lib/x86_64-linux-gnu/pkgconfig:/home/ros/autoware.ai/install/autoware_msgs/lib/pkgconfig:/home/ros/autoware.ai/install/autoware_build_flags/lib/x86_64-linux-gnu/pkgconfig:/home/ros/autoware.ai/install/autoware_build_flags/lib/pkgconfig:${PKG_CONFIG_PATH} PYTHONPATH=/home/ros/autoware.ai/install/autoware_msgs/lib/python2.7/dist-packages:${PYTHONPATH} ROS_PACKAGE_PATH=/home/ros/autoware.ai/install/amathutils_lib/share:/home/ros/autoware.ai/install/autoware_msgs/share:/home/ros/autoware.ai/install/autoware_build_flags/share:${ROS_PACKAGE_PATH} /usr/bin/cmake /home/ros/autoware.ai/src/autoware/common/libwaypoint_follower -DCMAKE_BUILD_TYPE=Release -DCATKIN_INSTALL_INTO_PREFIX_ROOT=0 -DCMAKE_INSTALL_PREFIX=/home/ros/autoware.ai/install/libwaypoint_follower
[0.192s] -- The C compiler identification is GNU 7.5.0
[0.323s] -- The CXX compiler identification is GNU 7.5.0
[0.334s] -- Check for working C compiler: /usr/bin/cc
[0.559s] -- Check for working C compiler: /usr/bin/cc -- works
[0.559s] -- Detecting C compiler ABI info
[0.741s] -- Detecting C compiler ABI info - done
[0.753s] -- Detecting C compile features
[1.205s] -- Detecting C compile features - done
[1.209s] -- Check for working CXX compiler: /usr/bin/c++
[1.343s] -- Check for working CXX compiler: /usr/bin/c++ -- works
[1.343s] -- Detecting CXX compiler ABI info
[1.451s] -- Detecting CXX compiler ABI info - done
[1.464s] -- Detecting CXX compile features
[2.042s] -- Detecting CXX compile features - done
[2.045s] -- CUDA compilation status: .
[2.047s] -- Using CATKIN_DEVEL_PREFIX: /home/ros/autoware.ai/build/libwaypoint_follower/devel
[2.047s] -- Using CMAKE_PREFIX_PATH: /home/ros/autoware.ai/install/amathutils_lib;/home/ros/autoware.ai/install/autoware_msgs;/home/ros/autoware.ai/install/autoware_build_flags;/opt/ros/melodic
[2.047s] -- This workspace overlays: /home/ros/autoware.ai/install/amathutils_lib;/home/ros/autoware.ai/install/autoware_msgs;/home/ros/autoware.ai/install/autoware_build_flags;/opt/ros/melodic
[2.067s] -- Found PythonInterp: /usr/bin/python2 (found suitable version "2.7.17", minimum required is "2") 
[2.067s] -- Using PYTHON_EXECUTABLE: /usr/bin/python2
[2.068s] -- Using Debian Python package layout
[2.068s] -- Using empy: /usr/bin/empy
[2.280s] -- Using CATKIN_ENABLE_TESTING: ON
[2.280s] -- Call enable_testing()
[2.287s] -- Using CATKIN_TEST_RESULTS_DIR: /home/ros/autoware.ai/build/libwaypoint_follower/test_results
[2.310s] -- Found gtest sources under '/usr/src/googletest': gtests will be built
[2.310s] -- Found gmock sources under '/usr/src/googletest': gmock will be built
[2.327s] -- Found PythonInterp: /usr/bin/python2 (found version "2.7.17") 
[2.328s] -- Looking for pthread.h
[2.431s] -- Looking for pthread.h - found
[2.431s] -- Looking for pthread_create
[2.538s] -- Looking for pthread_create - not found
[2.538s] -- Looking for pthread_create in pthreads
[2.659s] -- Looking for pthread_create in pthreads - not found
[2.666s] -- Looking for pthread_create in pthread
[2.777s] -- Looking for pthread_create in pthread - found
[2.778s] -- Found Threads: TRUE  
[2.784s] -- Using Python nosetests: /usr/bin/nosetests-2.7
[2.841s] -- catkin 0.7.29
[2.841s] -- BUILD_SHARED_LIBS is on
[3.057s] -- Using these message generators: gencpp;geneus;genlisp;gennodejs;genpy
[3.499s] -- Configuring done
[3.557s] -- Generating done
[3.573s] -- Build files have been written to: /home/ros/autoware.ai/build/libwaypoint_follower
[3.583s] Invoked command in '/home/ros/autoware.ai/build/libwaypoint_follower' returned '0': CMAKE_PREFIX_PATH=/home/ros/autoware.ai/install/amathutils_lib:/home/ros/autoware.ai/install/autoware_msgs:/home/ros/autoware.ai/install/autoware_build_flags:${CMAKE_PREFIX_PATH} LD_LIBRARY_PATH=/home/ros/autoware.ai/install/amathutils_lib/lib:${LD_LIBRARY_PATH} PKG_CONFIG_PATH=/home/ros/autoware.ai/install/amathutils_lib/lib/x86_64-linux-gnu/pkgconfig:/home/ros/autoware.ai/install/amathutils_lib/lib/pkgconfig:/home/ros/autoware.ai/install/autoware_msgs/lib/x86_64-linux-gnu/pkgconfig:/home/ros/autoware.ai/install/autoware_msgs/lib/pkgconfig:/home/ros/autoware.ai/install/autoware_build_flags/lib/x86_64-linux-gnu/pkgconfig:/home/ros/autoware.ai/install/autoware_build_flags/lib/pkgconfig:${PKG_CONFIG_PATH} PYTHONPATH=/home/ros/autoware.ai/install/autoware_msgs/lib/python2.7/dist-packages:${PYTHONPATH} ROS_PACKAGE_PATH=/home/ros/autoware.ai/install/amathutils_lib/share:/home/ros/autoware.ai/install/autoware_msgs/share:/home/ros/autoware.ai/install/autoware_build_flags/share:${ROS_PACKAGE_PATH} /usr/bin/cmake /home/ros/autoware.ai/src/autoware/common/libwaypoint_follower -DCMAKE_BUILD_TYPE=Release -DCATKIN_INSTALL_INTO_PREFIX_ROOT=0 -DCMAKE_INSTALL_PREFIX=/home/ros/autoware.ai/install/libwaypoint_follower
[3.584s] Invoking command in '/home/ros/autoware.ai/build/libwaypoint_follower': CMAKE_PREFIX_PATH=/home/ros/autoware.ai/install/amathutils_lib:/home/ros/autoware.ai/install/autoware_msgs:/home/ros/autoware.ai/install/autoware_build_flags:${CMAKE_PREFIX_PATH} LD_LIBRARY_PATH=/home/ros/autoware.ai/install/amathutils_lib/lib:${LD_LIBRARY_PATH} PKG_CONFIG_PATH=/home/ros/autoware.ai/install/amathutils_lib/lib/x86_64-linux-gnu/pkgconfig:/home/ros/autoware.ai/install/amathutils_lib/lib/pkgconfig:/home/ros/autoware.ai/install/autoware_msgs/lib/x86_64-linux-gnu/pkgconfig:/home/ros/autoware.ai/install/autoware_msgs/lib/pkgconfig:/home/ros/autoware.ai/install/autoware_build_flags/lib/x86_64-linux-gnu/pkgconfig:/home/ros/autoware.ai/install/autoware_build_flags/lib/pkgconfig:${PKG_CONFIG_PATH} PYTHONPATH=/home/ros/autoware.ai/install/autoware_msgs/lib/python2.7/dist-packages:${PYTHONPATH} ROS_PACKAGE_PATH=/home/ros/autoware.ai/install/amathutils_lib/share:/home/ros/autoware.ai/install/autoware_msgs/share:/home/ros/autoware.ai/install/autoware_build_flags/share:${ROS_PACKAGE_PATH} /usr/bin/cmake --build /home/ros/autoware.ai/build/libwaypoint_follower -- -j12 -l12
[3.651s] [35m[1mScanning dependencies of target tf2_msgs_generate_messages_nodejs[0m
[3.664s] [  0%] Built target tf2_msgs_generate_messages_nodejs
[3.687s] [35m[1mScanning dependencies of target autoware_msgs_generate_messages_py[0m
[3.703s] [  0%] Built target autoware_msgs_generate_messages_py
[3.725s] [35m[1mScanning dependencies of target std_msgs_generate_messages_nodejs[0m
[3.738s] [  0%] Built target std_msgs_generate_messages_nodejs
[3.751s] [35m[1mScanning dependencies of target sensor_msgs_generate_messages_eus[0m
[3.765s] [  0%] Built target sensor_msgs_generate_messages_eus
[3.779s] [35m[1mScanning dependencies of target _catkin_empty_exported_target[0m
[3.795s] [  0%] Built target _catkin_empty_exported_target
[3.814s] [35m[1mScanning dependencies of target sensor_msgs_generate_messages_cpp[0m
[3.829s] [  0%] Built target sensor_msgs_generate_messages_cpp
[3.847s] [35m[1mScanning dependencies of target autoware_msgs_generate_messages_cpp[0m
[3.865s] [  0%] Built target autoware_msgs_generate_messages_cpp
[3.882s] [35m[1mScanning dependencies of target pcl_msgs_generate_messages_nodejs[0m
[3.897s] [  0%] Built target pcl_msgs_generate_messages_nodejs
[3.916s] [35m[1mScanning dependencies of target jsk_recognition_msgs_generate_messages_py[0m
[3.934s] [  0%] Built target jsk_recognition_msgs_generate_messages_py
[3.954s] [35m[1mScanning dependencies of target sensor_msgs_generate_messages_lisp[0m
[3.967s] [  0%] Built target sensor_msgs_generate_messages_lisp
[3.985s] [35m[1mScanning dependencies of target sensor_msgs_generate_messages_py[0m
[3.998s] [  0%] Built target sensor_msgs_generate_messages_py
[4.011s] [35m[1mScanning dependencies of target tf_generate_messages_py[0m
[4.024s] [  0%] Built target tf_generate_messages_py
[4.037s] [35m[1mScanning dependencies of target std_msgs_generate_messages_cpp[0m
[4.058s] [  0%] Built target std_msgs_generate_messages_cpp
[4.078s] [35m[1mScanning dependencies of target jsk_footstep_msgs_generate_messages_py[0m
[4.091s] [  0%] Built target jsk_footstep_msgs_generate_messages_py
[4.108s] [35m[1mScanning dependencies of target actionlib_msgs_generate_messages_nodejs[0m
[4.120s] [  0%] Built target actionlib_msgs_generate_messages_nodejs
[4.133s] [35m[1mScanning dependencies of target geometry_msgs_generate_messages_eus[0m
[4.151s] [  0%] Built target geometry_msgs_generate_messages_eus
[4.171s] [35m[1mScanning dependencies of target std_msgs_generate_messages_lisp[0m
[4.178s] [  0%] Built target std_msgs_generate_messages_lisp
[4.223s] [35m[1mScanning dependencies of target roscpp_generate_messages_nodejs[0m
[4.238s] [  0%] Built target roscpp_generate_messages_nodejs
[4.264s] [35m[1mScanning dependencies of target geometry_msgs_generate_messages_nodejs[0m
[4.280s] [  0%] Built target geometry_msgs_generate_messages_nodejs
[4.298s] [35m[1mScanning dependencies of target geometry_msgs_generate_messages_lisp[0m
[4.314s] [  0%] Built target geometry_msgs_generate_messages_lisp
[4.339s] [35m[1mScanning dependencies of target jsk_recognition_msgs_generate_messages_cpp[0m
[4.356s] [  0%] Built target jsk_recognition_msgs_generate_messages_cpp
[4.369s] [35m[1mScanning dependencies of target autoware_msgs_generate_messages_eus[0m
[4.382s] [  0%] Built target autoware_msgs_generate_messages_eus
[4.401s] [35m[1mScanning dependencies of target autoware_msgs_generate_messages_lisp[0m
[4.422s] [  0%] Built target autoware_msgs_generate_messages_lisp
[4.429s] [35m[1mScanning dependencies of target std_msgs_generate_messages_eus[0m
[4.446s] [  0%] Built target std_msgs_generate_messages_eus
[4.461s] [35m[1mScanning dependencies of target autoware_msgs_generate_messages_nodejs[0m
[4.474s] [  0%] Built target autoware_msgs_generate_messages_nodejs
[4.491s] [35m[1mScanning dependencies of target jsk_footstep_msgs_generate_messages_eus[0m
[4.508s] [  0%] Built target jsk_footstep_msgs_generate_messages_eus
[4.524s] [35m[1mScanning dependencies of target actionlib_msgs_generate_messages_py[0m
[4.538s] [  0%] Built target actionlib_msgs_generate_messages_py
[4.554s] [35m[1mScanning dependencies of target jsk_footstep_msgs_generate_messages_lisp[0m
[4.567s] [  0%] Built target jsk_footstep_msgs_generate_messages_lisp
[4.582s] [35m[1mScanning dependencies of target jsk_footstep_msgs_generate_messages_nodejs[0m
[4.597s] [  0%] Built target jsk_footstep_msgs_generate_messages_nodejs
[4.612s] [35m[1mScanning dependencies of target rosgraph_msgs_generate_messages_cpp[0m
[4.632s] [  0%] Built target rosgraph_msgs_generate_messages_cpp
[4.644s] [35m[1mScanning dependencies of target actionlib_msgs_generate_messages_lisp[0m
[4.657s] [  0%] Built target actionlib_msgs_generate_messages_lisp
[4.673s] [35m[1mScanning dependencies of target jsk_footstep_msgs_generate_messages_cpp[0m
[4.687s] [  0%] Built target jsk_footstep_msgs_generate_messages_cpp
[4.702s] [35m[1mScanning dependencies of target actionlib_msgs_generate_messages_cpp[0m
[4.722s] [  0%] Built target actionlib_msgs_generate_messages_cpp
[4.733s] [35m[1mScanning dependencies of target tf_generate_messages_eus[0m
[4.749s] [  0%] Built target tf_generate_messages_eus
[4.764s] [35m[1mScanning dependencies of target tf_generate_messages_lisp[0m
[4.791s] [  0%] Built target tf_generate_messages_lisp
[4.813s] [35m[1mScanning dependencies of target tf_generate_messages_nodejs[0m
[4.830s] [  0%] Built target tf_generate_messages_nodejs
[4.850s] [35m[1mScanning dependencies of target jsk_recognition_msgs_generate_messages_nodejs[0m
[4.868s] [  0%] Built target jsk_recognition_msgs_generate_messages_nodejs
[4.877s] [35m[1mScanning dependencies of target roscpp_generate_messages_lisp[0m
[4.893s] [  0%] Built target roscpp_generate_messages_lisp
[4.906s] [35m[1mScanning dependencies of target roscpp_generate_messages_py[0m
[4.927s] [  0%] Built target roscpp_generate_messages_py
[4.946s] [35m[1mScanning dependencies of target rosgraph_msgs_generate_messages_lisp[0m
[4.959s] [  0%] Built target rosgraph_msgs_generate_messages_lisp
[4.972s] [35m[1mScanning dependencies of target rosgraph_msgs_generate_messages_nodejs[0m
[4.992s] [  0%] Built target rosgraph_msgs_generate_messages_nodejs
[5.006s] [35m[1mScanning dependencies of target roscpp_generate_messages_eus[0m
[5.023s] [  0%] Built target roscpp_generate_messages_eus
[5.056s] [35m[1mScanning dependencies of target actionlib_msgs_generate_messages_eus[0m
[5.079s] [  0%] Built target actionlib_msgs_generate_messages_eus
[5.101s] [35m[1mScanning dependencies of target rosgraph_msgs_generate_messages_py[0m
[5.115s] [  0%] Built target rosgraph_msgs_generate_messages_py
[5.130s] [35m[1mScanning dependencies of target pcl_msgs_generate_messages_py[0m
[5.152s] [  0%] Built target pcl_msgs_generate_messages_py
[5.166s] [35m[1mScanning dependencies of target actionlib_generate_messages_eus[0m
[5.180s] [  0%] Built target actionlib_generate_messages_eus
[5.196s] [35m[1mScanning dependencies of target geometry_msgs_generate_messages_cpp[0m
[5.212s] [  0%] Built target geometry_msgs_generate_messages_cpp
[5.228s] [35m[1mScanning dependencies of target actionlib_generate_messages_lisp[0m
[5.248s] [  0%] Built target actionlib_generate_messages_lisp
[5.268s] [35m[1mScanning dependencies of target pcl_msgs_generate_messages_lisp[0m
[5.283s] [  0%] Built target pcl_msgs_generate_messages_lisp
[5.296s] [35m[1mScanning dependencies of target tf_generate_messages_cpp[0m
[5.310s] [  0%] Built target tf_generate_messages_cpp
[5.326s] [35m[1mScanning dependencies of target actionlib_generate_messages_nodejs[0m
[5.341s] [  0%] Built target actionlib_generate_messages_nodejs
[5.362s] [35m[1mScanning dependencies of target tf2_msgs_generate_messages_eus[0m
[5.386s] [  0%] Built target tf2_msgs_generate_messages_eus
[5.400s] [35m[1mScanning dependencies of target tf2_msgs_generate_messages_lisp[0m
[5.416s] [  0%] Built target tf2_msgs_generate_messages_lisp
[5.434s] [35m[1mScanning dependencies of target actionlib_generate_messages_py[0m
[5.448s] [  0%] Built target actionlib_generate_messages_py
[5.473s] [35m[1mScanning dependencies of target tf2_msgs_generate_messages_py[0m
[5.484s] [  0%] Built target tf2_msgs_generate_messages_py
[5.507s] [35m[1mScanning dependencies of target pcl_msgs_generate_messages_cpp[0m
[5.530s] [  0%] Built target pcl_msgs_generate_messages_cpp
[5.552s] [35m[1mScanning dependencies of target std_msgs_generate_messages_py[0m
[5.575s] [  0%] Built target std_msgs_generate_messages_py
[5.598s] [35m[1mScanning dependencies of target tf2_msgs_generate_messages_cpp[0m
[5.614s] [  0%] Built target tf2_msgs_generate_messages_cpp
[5.627s] [35m[1mScanning dependencies of target jsk_recognition_msgs_generate_messages_eus[0m
[5.655s] [  0%] Built target jsk_recognition_msgs_generate_messages_eus
[5.672s] [35m[1mScanning dependencies of target jsk_recognition_msgs_generate_messages_lisp[0m
[5.688s] [  0%] Built target jsk_recognition_msgs_generate_messages_lisp
[5.708s] [35m[1mScanning dependencies of target rosgraph_msgs_generate_messages_eus[0m
[5.722s] [  0%] Built target rosgraph_msgs_generate_messages_eus
[5.739s] [35m[1mScanning dependencies of target pcl_msgs_generate_messages_eus[0m
[5.753s] [  0%] Built target pcl_msgs_generate_messages_eus
[5.773s] [35m[1mScanning dependencies of target actionlib_generate_messages_cpp[0m
[5.790s] [  0%] Built target actionlib_generate_messages_cpp
[5.811s] [35m[1mScanning dependencies of target roscpp_generate_messages_cpp[0m
[5.824s] [  0%] Built target roscpp_generate_messages_cpp
[5.841s] [35m[1mScanning dependencies of target sensor_msgs_generate_messages_nodejs[0m
[5.854s] [  0%] Built target sensor_msgs_generate_messages_nodejs
[5.867s] [35m[1mScanning dependencies of target geometry_msgs_generate_messages_py[0m
[5.882s] [  0%] Built target geometry_msgs_generate_messages_py
[5.896s] [35m[1mScanning dependencies of target libwaypoint_follower[0m
[5.987s] [ 33%] [32mBuilding CXX object CMakeFiles/libwaypoint_follower.dir/src/libwaypoint_follower.cpp.o[0m
[16.195s] [ 66%] [32mBuilding CXX object CMakeFiles/libwaypoint_follower.dir/src/pure_pursuit.cpp.o[0m
[23.995s] [100%] [32m[1mLinking CXX shared library devel/lib/liblibwaypoint_follower.so[0m
[24.253s] [100%] Built target libwaypoint_follower
[24.311s] Invoked command in '/home/ros/autoware.ai/build/libwaypoint_follower' returned '0': CMAKE_PREFIX_PATH=/home/ros/autoware.ai/install/amathutils_lib:/home/ros/autoware.ai/install/autoware_msgs:/home/ros/autoware.ai/install/autoware_build_flags:${CMAKE_PREFIX_PATH} LD_LIBRARY_PATH=/home/ros/autoware.ai/install/amathutils_lib/lib:${LD_LIBRARY_PATH} PKG_CONFIG_PATH=/home/ros/autoware.ai/install/amathutils_lib/lib/x86_64-linux-gnu/pkgconfig:/home/ros/autoware.ai/install/amathutils_lib/lib/pkgconfig:/home/ros/autoware.ai/install/autoware_msgs/lib/x86_64-linux-gnu/pkgconfig:/home/ros/autoware.ai/install/autoware_msgs/lib/pkgconfig:/home/ros/autoware.ai/install/autoware_build_flags/lib/x86_64-linux-gnu/pkgconfig:/home/ros/autoware.ai/install/autoware_build_flags/lib/pkgconfig:${PKG_CONFIG_PATH} PYTHONPATH=/home/ros/autoware.ai/install/autoware_msgs/lib/python2.7/dist-packages:${PYTHONPATH} ROS_PACKAGE_PATH=/home/ros/autoware.ai/install/amathutils_lib/share:/home/ros/autoware.ai/install/autoware_msgs/share:/home/ros/autoware.ai/install/autoware_build_flags/share:${ROS_PACKAGE_PATH} /usr/bin/cmake --build /home/ros/autoware.ai/build/libwaypoint_follower -- -j12 -l12
[25.159s] Invoking command in '/home/ros/autoware.ai/build/libwaypoint_follower': CMAKE_PREFIX_PATH=/home/ros/autoware.ai/install/amathutils_lib:/home/ros/autoware.ai/install/autoware_msgs:/home/ros/autoware.ai/install/autoware_build_flags:${CMAKE_PREFIX_PATH} LD_LIBRARY_PATH=/home/ros/autoware.ai/install/amathutils_lib/lib:${LD_LIBRARY_PATH} PKG_CONFIG_PATH=/home/ros/autoware.ai/install/amathutils_lib/lib/x86_64-linux-gnu/pkgconfig:/home/ros/autoware.ai/install/amathutils_lib/lib/pkgconfig:/home/ros/autoware.ai/install/autoware_msgs/lib/x86_64-linux-gnu/pkgconfig:/home/ros/autoware.ai/install/autoware_msgs/lib/pkgconfig:/home/ros/autoware.ai/install/autoware_build_flags/lib/x86_64-linux-gnu/pkgconfig:/home/ros/autoware.ai/install/autoware_build_flags/lib/pkgconfig:${PKG_CONFIG_PATH} PYTHONPATH=/home/ros/autoware.ai/install/autoware_msgs/lib/python2.7/dist-packages:${PYTHONPATH} ROS_PACKAGE_PATH=/home/ros/autoware.ai/install/amathutils_lib/share:/home/ros/autoware.ai/install/autoware_msgs/share:/home/ros/autoware.ai/install/autoware_build_flags/share:${ROS_PACKAGE_PATH} /usr/bin/cmake --build /home/ros/autoware.ai/build/libwaypoint_follower --target tests -- -j12 -l12
[25.345s] [35m[1mScanning dependencies of target gtest[0m
[25.440s] [ 11%] [32mBuilding CXX object gtest/googlemock/gtest/CMakeFiles/gtest.dir/src/gtest-all.cc.o[0m
[32.596s] [ 22%] [32m[1mLinking CXX shared library libgtest.so[0m
[32.808s] [ 22%] Built target gtest
[32.920s] [ 22%] Built target autoware_msgs_generate_messages_py
[33.031s] [ 22%] Built target std_msgs_generate_messages_nodejs
[33.082s] [ 22%] Built target sensor_msgs_generate_messages_eus
[33.170s] [ 22%] Built target _catkin_empty_exported_target
[33.271s] [ 22%] Built target sensor_msgs_generate_messages_cpp
[33.341s] [ 22%] Built target autoware_msgs_generate_messages_cpp
[33.424s] [ 22%] Built target pcl_msgs_generate_messages_nodejs
[33.478s] [ 22%] Built target jsk_recognition_msgs_generate_messages_py
[33.512s] [ 22%] Built target sensor_msgs_generate_messages_lisp
[33.565s] [ 22%] Built target sensor_msgs_generate_messages_py
[33.605s] [ 22%] Built target tf_generate_messages_py
[33.647s] [ 22%] Built target std_msgs_generate_messages_cpp
[33.680s] [ 22%] Built target jsk_footstep_msgs_generate_messages_py
[33.747s] [ 22%] Built target actionlib_msgs_generate_messages_nodejs
[33.887s] [ 22%] Built target geometry_msgs_generate_messages_eus
[33.967s] [ 22%] Built target std_msgs_generate_messages_lisp
[34.055s] [ 22%] Built target roscpp_generate_messages_nodejs
[34.104s] [ 22%] Built target geometry_msgs_generate_messages_nodejs
[34.142s] [ 22%] Built target geometry_msgs_generate_messages_lisp
[34.194s] [ 22%] Built target jsk_recognition_msgs_generate_messages_cpp
[34.236s] [ 22%] Built target autoware_msgs_generate_messages_eus
[34.292s] [ 22%] Built target autoware_msgs_generate_messages_lisp
[34.336s] [ 22%] Built target std_msgs_generate_messages_eus
[34.372s] [ 22%] Built target autoware_msgs_generate_messages_nodejs
[34.418s] [ 22%] Built target jsk_footstep_msgs_generate_messages_eus
[34.446s] [ 22%] Built target actionlib_msgs_generate_messages_py
[34.482s] [ 22%] Built target jsk_footstep_msgs_generate_messages_lisp
[34.514s] [ 22%] Built target jsk_footstep_msgs_generate_messages_nodejs
[34.550s] [ 22%] Built target rosgraph_msgs_generate_messages_cpp
[34.577s] [ 22%] Built target actionlib_msgs_generate_messages_lisp
[34.602s] [ 22%] Built target jsk_footstep_msgs_generate_messages_cpp
[34.637s] [ 22%] Built target actionlib_msgs_generate_messages_cpp
[34.679s] [ 22%] Built target tf_generate_messages_eus
[34.738s] [ 22%] Built target tf_generate_messages_lisp
[34.780s] [ 22%] Built target tf_generate_messages_nodejs
[34.816s] [ 22%] Built target jsk_recognition_msgs_generate_messages_nodejs
[34.853s] [ 22%] Built target roscpp_generate_messages_lisp
[34.883s] [ 22%] Built target roscpp_generate_messages_py
[34.927s] [ 22%] Built target rosgraph_msgs_generate_messages_lisp
[34.950s] [ 22%] Built target rosgraph_msgs_generate_messages_nodejs
[34.974s] [ 22%] Built target roscpp_generate_messages_eus
[35.008s] [ 22%] Built target actionlib_msgs_generate_messages_eus
[35.039s] [ 22%] Built target rosgraph_msgs_generate_messages_py
[35.070s] [ 22%] Built target pcl_msgs_generate_messages_py
[35.104s] [ 22%] Built target actionlib_generate_messages_eus
[35.134s] [ 22%] Built target geometry_msgs_generate_messages_cpp
[35.175s] [ 22%] Built target actionlib_generate_messages_lisp
[35.222s] [ 22%] Built target pcl_msgs_generate_messages_lisp
[35.271s] [ 22%] Built target tf_generate_messages_cpp
[35.308s] [ 22%] Built target actionlib_generate_messages_nodejs
[35.351s] [ 22%] Built target tf2_msgs_generate_messages_eus
[35.387s] [ 22%] Built target tf2_msgs_generate_messages_lisp
[35.424s] [ 22%] Built target actionlib_generate_messages_py
[35.468s] [ 22%] Built target tf2_msgs_generate_messages_py
[35.497s] [ 22%] Built target pcl_msgs_generate_messages_cpp
[35.551s] [ 22%] Built target tf2_msgs_generate_messages_nodejs
[35.585s] [ 22%] Built target std_msgs_generate_messages_py
[35.616s] [ 22%] Built target tf2_msgs_generate_messages_cpp
[35.655s] [ 22%] Built target jsk_recognition_msgs_generate_messages_eus
[35.698s] [ 22%] Built target jsk_recognition_msgs_generate_messages_lisp
[35.737s] [ 22%] Built target rosgraph_msgs_generate_messages_eus
[35.774s] [ 22%] Built target pcl_msgs_generate_messages_eus
[35.802s] [ 22%] Built target actionlib_generate_messages_cpp
[35.842s] [ 22%] Built target roscpp_generate_messages_cpp
[35.877s] [ 22%] Built target sensor_msgs_generate_messages_nodejs
[35.909s] [ 22%] Built target geometry_msgs_generate_messages_py
[35.932s] [35m[1mScanning dependencies of target test-libwaypoint_follower[0m
[36.019s] [ 33%] [32mBuilding CXX object CMakeFiles/test-libwaypoint_follower.dir/test/src/test_libwaypoint_follower.cpp.o[0m
[45.391s] [ 44%] [32mBuilding CXX object CMakeFiles/test-libwaypoint_follower.dir/src/libwaypoint_follower.cpp.o[0m
[56.493s] [ 55%] [32m[1mLinking CXX executable devel/lib/libwaypoint_follower/test-libwaypoint_follower[0m
[56.834s] [ 55%] Built target test-libwaypoint_follower
[56.849s] [35m[1mScanning dependencies of target test-pure_pursuit[0m
[56.922s] [ 66%] [32mBuilding CXX object CMakeFiles/test-pure_pursuit.dir/test/src/test_pure_pursuit.cpp.o[0m
[64.181s] [ 77%] [32mBuilding CXX object CMakeFiles/test-pure_pursuit.dir/src/pure_pursuit.cpp.o[0m
[71.854s] [ 88%] [32mBuilding CXX object CMakeFiles/test-pure_pursuit.dir/src/libwaypoint_follower.cpp.o[0m
[82.797s] [100%] [32m[1mLinking CXX executable devel/lib/libwaypoint_follower/test-pure_pursuit[0m
[83.233s] [100%] Built target test-pure_pursuit
[83.279s] [35m[1mScanning dependencies of target tests[0m
[83.346s] [100%] Built target tests
[83.365s] Invoked command in '/home/ros/autoware.ai/build/libwaypoint_follower' returned '0': CMAKE_PREFIX_PATH=/home/ros/autoware.ai/install/amathutils_lib:/home/ros/autoware.ai/install/autoware_msgs:/home/ros/autoware.ai/install/autoware_build_flags:${CMAKE_PREFIX_PATH} LD_LIBRARY_PATH=/home/ros/autoware.ai/install/amathutils_lib/lib:${LD_LIBRARY_PATH} PKG_CONFIG_PATH=/home/ros/autoware.ai/install/amathutils_lib/lib/x86_64-linux-gnu/pkgconfig:/home/ros/autoware.ai/install/amathutils_lib/lib/pkgconfig:/home/ros/autoware.ai/install/autoware_msgs/lib/x86_64-linux-gnu/pkgconfig:/home/ros/autoware.ai/install/autoware_msgs/lib/pkgconfig:/home/ros/autoware.ai/install/autoware_build_flags/lib/x86_64-linux-gnu/pkgconfig:/home/ros/autoware.ai/install/autoware_build_flags/lib/pkgconfig:${PKG_CONFIG_PATH} PYTHONPATH=/home/ros/autoware.ai/install/autoware_msgs/lib/python2.7/dist-packages:${PYTHONPATH} ROS_PACKAGE_PATH=/home/ros/autoware.ai/install/amathutils_lib/share:/home/ros/autoware.ai/install/autoware_msgs/share:/home/ros/autoware.ai/install/autoware_build_flags/share:${ROS_PACKAGE_PATH} /usr/bin/cmake --build /home/ros/autoware.ai/build/libwaypoint_follower --target tests -- -j12 -l12
[83.731s] Invoking command in '/home/ros/autoware.ai/build/libwaypoint_follower': CMAKE_PREFIX_PATH=/home/ros/autoware.ai/install/amathutils_lib:/home/ros/autoware.ai/install/autoware_msgs:/home/ros/autoware.ai/install/autoware_build_flags:${CMAKE_PREFIX_PATH} LD_LIBRARY_PATH=/home/ros/autoware.ai/install/amathutils_lib/lib:${LD_LIBRARY_PATH} PKG_CONFIG_PATH=/home/ros/autoware.ai/install/amathutils_lib/lib/x86_64-linux-gnu/pkgconfig:/home/ros/autoware.ai/install/amathutils_lib/lib/pkgconfig:/home/ros/autoware.ai/install/autoware_msgs/lib/x86_64-linux-gnu/pkgconfig:/home/ros/autoware.ai/install/autoware_msgs/lib/pkgconfig:/home/ros/autoware.ai/install/autoware_build_flags/lib/x86_64-linux-gnu/pkgconfig:/home/ros/autoware.ai/install/autoware_build_flags/lib/pkgconfig:${PKG_CONFIG_PATH} PYTHONPATH=/home/ros/autoware.ai/install/autoware_msgs/lib/python2.7/dist-packages:${PYTHONPATH} ROS_PACKAGE_PATH=/home/ros/autoware.ai/install/amathutils_lib/share:/home/ros/autoware.ai/install/autoware_msgs/share:/home/ros/autoware.ai/install/autoware_build_flags/share:${ROS_PACKAGE_PATH} /usr/bin/cmake --build /home/ros/autoware.ai/build/libwaypoint_follower --target install -- -j12 -l12
[83.815s] [  0%] Built target tf2_msgs_generate_messages_nodejs
[83.840s] [  0%] Built target autoware_msgs_generate_messages_py
[83.870s] [  0%] Built target std_msgs_generate_messages_nodejs
[83.912s] [  0%] Built target sensor_msgs_generate_messages_eus
[83.944s] [  0%] Built target _catkin_empty_exported_target
[83.982s] [  0%] Built target sensor_msgs_generate_messages_cpp
[84.015s] [  0%] Built target autoware_msgs_generate_messages_cpp
[84.051s] [  0%] Built target pcl_msgs_generate_messages_nodejs
[84.085s] [  0%] Built target jsk_recognition_msgs_generate_messages_py
[84.112s] [  0%] Built target sensor_msgs_generate_messages_lisp
[84.159s] [  0%] Built target sensor_msgs_generate_messages_py
[84.199s] [  0%] Built target tf_generate_messages_py
[84.248s] [  0%] Built target std_msgs_generate_messages_cpp
[84.287s] [  0%] Built target jsk_footstep_msgs_generate_messages_py
[84.323s] [  0%] Built target actionlib_msgs_generate_messages_nodejs
[84.368s] [  0%] Built target geometry_msgs_generate_messages_eus
[84.404s] [  0%] Built target std_msgs_generate_messages_lisp
[84.452s] [  0%] Built target roscpp_generate_messages_nodejs
[84.483s] [  0%] Built target geometry_msgs_generate_messages_nodejs
[84.539s] [  0%] Built target geometry_msgs_generate_messages_lisp
[84.576s] [  0%] Built target jsk_recognition_msgs_generate_messages_cpp
[84.612s] [  0%] Built target autoware_msgs_generate_messages_eus
[84.652s] [  0%] Built target autoware_msgs_generate_messages_lisp
[84.692s] [  0%] Built target std_msgs_generate_messages_eus
[84.726s] [  0%] Built target autoware_msgs_generate_messages_nodejs
[84.760s] [  0%] Built target jsk_footstep_msgs_generate_messages_eus
[84.792s] [  0%] Built target actionlib_msgs_generate_messages_py
[84.826s] [  0%] Built target jsk_footstep_msgs_generate_messages_lisp
[84.873s] [  0%] Built target jsk_footstep_msgs_generate_messages_nodejs
[84.911s] [  0%] Built target rosgraph_msgs_generate_messages_cpp
[84.957s] [  0%] Built target actionlib_msgs_generate_messages_lisp
[85.001s] [  0%] Built target jsk_footstep_msgs_generate_messages_cpp
[85.040s] [  0%] Built target actionlib_msgs_generate_messages_cpp
[85.074s] [  0%] Built target tf_generate_messages_eus
[85.109s] [  0%] Built target tf_generate_messages_lisp
[85.151s] [  0%] Built target tf_generate_messages_nodejs
[85.185s] [  0%] Built target jsk_recognition_msgs_generate_messages_nodejs
[85.226s] [  0%] Built target roscpp_generate_messages_lisp
[85.258s] [  0%] Built target roscpp_generate_messages_py
[85.290s] [  0%] Built target rosgraph_msgs_generate_messages_lisp
[85.323s] [  0%] Built target rosgraph_msgs_generate_messages_nodejs
[85.366s] [  0%] Built target roscpp_generate_messages_eus
[85.405s] [  0%] Built target actionlib_msgs_generate_messages_eus
[85.436s] [  0%] Built target rosgraph_msgs_generate_messages_py
[85.474s] [  0%] Built target pcl_msgs_generate_messages_py
[85.519s] [  0%] Built target actionlib_generate_messages_eus
[85.562s] [  0%] Built target geometry_msgs_generate_messages_cpp
[85.602s] [  0%] Built target actionlib_generate_messages_lisp
[85.644s] [  0%] Built target pcl_msgs_generate_messages_lisp
[85.683s] [  0%] Built target tf_generate_messages_cpp
[85.731s] [  0%] Built target actionlib_generate_messages_nodejs
[85.771s] [  0%] Built target tf2_msgs_generate_messages_eus
[85.810s] [  0%] Built target tf2_msgs_generate_messages_lisp
[85.847s] [  0%] Built target actionlib_generate_messages_py
[85.884s] [  0%] Built target tf2_msgs_generate_messages_py
[85.919s] [  0%] Built target pcl_msgs_generate_messages_cpp
[85.960s] [  0%] Built target std_msgs_generate_messages_py
[86.024s] [  0%] Built target tf2_msgs_generate_messages_cpp
[86.138s] [  0%] Built target jsk_recognition_msgs_generate_messages_eus
[86.198s] [  0%] Built target jsk_recognition_msgs_generate_messages_lisp
[86.236s] [  0%] Built target rosgraph_msgs_generate_messages_eus
[86.275s] [  0%] Built target pcl_msgs_generate_messages_eus
[86.304s] [  0%] Built target actionlib_generate_messages_cpp
[86.340s] [  0%] Built target roscpp_generate_messages_cpp
[86.375s] [  0%] Built target sensor_msgs_generate_messages_nodejs
[86.428s] [  0%] Built target geometry_msgs_generate_messages_py
[86.472s] [100%] Built target libwaypoint_follower
[86.503s] [36mInstall the project...[0m
[86.517s] -- Install configuration: "Release"
[86.517s] -- Installing: /home/ros/autoware.ai/install/libwaypoint_follower/lib/pkgconfig/libwaypoint_follower.pc
[86.518s] -- Installing: /home/ros/autoware.ai/install/libwaypoint_follower/share/libwaypoint_follower/cmake/libwaypoint_followerConfig.cmake
[86.518s] -- Installing: /home/ros/autoware.ai/install/libwaypoint_follower/share/libwaypoint_follower/cmake/libwaypoint_followerConfig-version.cmake
[86.518s] -- Installing: /home/ros/autoware.ai/install/libwaypoint_follower/share/libwaypoint_follower/package.xml
[86.518s] -- Installing: /home/ros/autoware.ai/install/libwaypoint_follower/lib/liblibwaypoint_follower.so
[86.525s] -- Set runtime path of "/home/ros/autoware.ai/install/libwaypoint_follower/lib/liblibwaypoint_follower.so" to ""
[86.525s] -- Installing: /home/ros/autoware.ai/install/libwaypoint_follower/include/libwaypoint_follower
[86.525s] -- Installing: /home/ros/autoware.ai/install/libwaypoint_follower/include/libwaypoint_follower/libwaypoint_follower.h
[86.525s] -- Installing: /home/ros/autoware.ai/install/libwaypoint_follower/include/libwaypoint_follower/pure_pursuit.h
[86.525s] -- Installing: /home/ros/autoware.ai/install/libwaypoint_follower/include/libwaypoint_follower/test_libwaypoint_follower.h
[86.532s] Invoked command in '/home/ros/autoware.ai/build/libwaypoint_follower' returned '0': CMAKE_PREFIX_PATH=/home/ros/autoware.ai/install/amathutils_lib:/home/ros/autoware.ai/install/autoware_msgs:/home/ros/autoware.ai/install/autoware_build_flags:${CMAKE_PREFIX_PATH} LD_LIBRARY_PATH=/home/ros/autoware.ai/install/amathutils_lib/lib:${LD_LIBRARY_PATH} PKG_CONFIG_PATH=/home/ros/autoware.ai/install/amathutils_lib/lib/x86_64-linux-gnu/pkgconfig:/home/ros/autoware.ai/install/amathutils_lib/lib/pkgconfig:/home/ros/autoware.ai/install/autoware_msgs/lib/x86_64-linux-gnu/pkgconfig:/home/ros/autoware.ai/install/autoware_msgs/lib/pkgconfig:/home/ros/autoware.ai/install/autoware_build_flags/lib/x86_64-linux-gnu/pkgconfig:/home/ros/autoware.ai/install/autoware_build_flags/lib/pkgconfig:${PKG_CONFIG_PATH} PYTHONPATH=/home/ros/autoware.ai/install/autoware_msgs/lib/python2.7/dist-packages:${PYTHONPATH} ROS_PACKAGE_PATH=/home/ros/autoware.ai/install/amathutils_lib/share:/home/ros/autoware.ai/install/autoware_msgs/share:/home/ros/autoware.ai/install/autoware_build_flags/share:${ROS_PACKAGE_PATH} /usr/bin/cmake --build /home/ros/autoware.ai/build/libwaypoint_follower --target install -- -j12 -l12
