[35m[1mScanning dependencies of target rosgraph_msgs_generate_messages_nodejs[0m
[35m[1mScanning dependencies of target roscpp_generate_messages_nodejs[0m
[35m[1mScanning dependencies of target std_msgs_generate_messages_eus[0m
[35m[1mScanning dependencies of target rosgraph_msgs_generate_messages_eus[0m
[35m[1mScanning dependencies of target std_msgs_generate_messages_lisp[0m
[35m[1mScanning dependencies of target roscpp_generate_messages_py[0m
[35m[1mScanning dependencies of target rosgraph_msgs_generate_messages_py[0m
[  0%] Built target rosgraph_msgs_generate_messages_nodejs
[35m[1mScanning dependencies of target rosgraph_msgs_generate_messages_cpp[0m
[35m[1mScanning dependencies of target roscpp_generate_messages_eus[0m
[35m[1mScanning dependencies of target rosgraph_msgs_generate_messages_lisp[0m
[35m[1mScanning dependencies of target std_msgs_generate_messages_py[0m
[35m[1mScanning dependencies of target std_msgs_generate_messages_nodejs[0m
[35m[1mScanning dependencies of target roscpp_generate_messages_lisp[0m
[  0%] Built target roscpp_generate_messages_nodejs
[  0%] Built target std_msgs_generate_messages_eus
[  0%] Built target std_msgs_generate_messages_py
[  0%] Built target roscpp_generate_messages_py
[  0%] Built target rosgraph_msgs_generate_messages_lisp
[  0%] Built target roscpp_generate_messages_eus
[  0%] Built target std_msgs_generate_messages_lisp
[  0%] Built target std_msgs_generate_messages_nodejs
[  0%] Built target rosgraph_msgs_generate_messages_py
[35m[1mScanning dependencies of target std_msgs_generate_messages_cpp[0m
[  0%] Built target roscpp_generate_messages_lisp
[  0%] Built target rosgraph_msgs_generate_messages_eus
[  0%] Built target rosgraph_msgs_generate_messages_cpp
[35m[1mScanning dependencies of target roscpp_generate_messages_cpp[0m
[  0%] Built target std_msgs_generate_messages_cpp
[  0%] Built target roscpp_generate_messages_cpp
[35m[1mScanning dependencies of target ros_observer[0m
[35m[1mScanning dependencies of target lib_ros_observer[0m
[ 25%] [32mBuilding CXX object CMakeFiles/lib_ros_observer.dir/lib/lib_ros_observer.cpp.o[0m
[ 50%] [32mBuilding CXX object CMakeFiles/ros_observer.dir/src/ros_observer.cpp.o[0m
[ 75%] [32m[1mLinking CXX shared library devel/lib/liblib_ros_observer.so[0m
[ 75%] Built target lib_ros_observer
[100%] [32m[1mLinking CXX executable devel/lib/ros_observer/ros_observer[0m
[100%] Built target ros_observer
[  0%] Built target std_msgs_generate_messages_nodejs
[  0%] Built target roscpp_generate_messages_py
[  0%] Built target rosgraph_msgs_generate_messages_nodejs
[35m[1mScanning dependencies of target gtest[0m
[  0%] Built target std_msgs_generate_messages_lisp
[  0%] Built target rosgraph_msgs_generate_messages_py
[  0%] Built target rosgraph_msgs_generate_messages_lisp
[  0%] Built target rosgraph_msgs_generate_messages_eus
[  0%] Built target std_msgs_generate_messages_py
[  0%] Built target rosgraph_msgs_generate_messages_cpp
[ 16%] [32mBuilding CXX object gtest/googlemock/gtest/CMakeFiles/gtest.dir/src/gtest-all.cc.o[0m
[ 16%] Built target std_msgs_generate_messages_eus
[ 16%] Built target roscpp_generate_messages_lisp
[ 16%] Built target roscpp_generate_messages_nodejs
[ 16%] Built target std_msgs_generate_messages_cpp
[ 16%] Built target roscpp_generate_messages_eus
[ 16%] Built target roscpp_generate_messages_cpp
[ 50%] Built target lib_ros_observer
[ 66%] [32m[1mLinking CXX shared library libgtest.so[0m
[ 66%] Built target gtest
[35m[1mScanning dependencies of target test_ros_observer[0m
[ 83%] [32mBuilding CXX object CMakeFiles/test_ros_observer.dir/test/src/test_ros_observer.cpp.o[0m
[100%] [32m[1mLinking CXX executable devel/lib/ros_observer/test_ros_observer[0m
[100%] Built target test_ros_observer
[35m[1mScanning dependencies of target tests[0m
[100%] Built target tests
[  0%] Built target rosgraph_msgs_generate_messages_nodejs
[  0%] Built target std_msgs_generate_messages_lisp
[  0%] Built target std_msgs_generate_messages_eus
[  0%] Built target roscpp_generate_messages_py
[  0%] Built target rosgraph_msgs_generate_messages_py
[  0%] Built target rosgraph_msgs_generate_messages_lisp
[  0%] Built target std_msgs_generate_messages_nodejs
[  0%] Built target roscpp_generate_messages_lisp
[  0%] Built target roscpp_generate_messages_cpp
[  0%] Built target roscpp_generate_messages_eus
[  0%] Built target roscpp_generate_messages_nodejs
[  0%] Built target std_msgs_generate_messages_cpp
[  0%] Built target std_msgs_generate_messages_py
[  0%] Built target rosgraph_msgs_generate_messages_cpp
[  0%] Built target rosgraph_msgs_generate_messages_eus
[ 50%] Built target ros_observer
[100%] Built target lib_ros_observer
[36mInstall the project...[0m
-- Install configuration: "Release"
-- Installing: /home/ros/autoware.ai/install/ros_observer/lib/pkgconfig/ros_observer.pc
-- Installing: /home/ros/autoware.ai/install/ros_observer/share/ros_observer/cmake/ros_observerConfig.cmake
-- Installing: /home/ros/autoware.ai/install/ros_observer/share/ros_observer/cmake/ros_observerConfig-version.cmake
-- Installing: /home/ros/autoware.ai/install/ros_observer/share/ros_observer/package.xml
-- Installing: /home/ros/autoware.ai/install/ros_observer/include/ros_observer
-- Installing: /home/ros/autoware.ai/install/ros_observer/include/ros_observer/ros_observer.h
-- Installing: /home/ros/autoware.ai/install/ros_observer/include/ros_observer/lib_ros_observer.h
-- Installing: /home/ros/autoware.ai/install/ros_observer/lib/ros_observer/ros_observer
-- Installing: /home/ros/autoware.ai/install/ros_observer/lib/liblib_ros_observer.so
-- Set runtime path of "/home/ros/autoware.ai/install/ros_observer/lib/liblib_ros_observer.so" to ""
-- Installing: /home/ros/autoware.ai/install/ros_observer/share/ros_observer/launch
-- Installing: /home/ros/autoware.ai/install/ros_observer/share/ros_observer/launch/test.launch
-- Installing: /home/ros/autoware.ai/install/ros_observer/share/ros_observer/launch/ros_observer.launch
