[0.105s] Invoking command in '/home/ros/autoware.ai/build/rosinterface': CMAKE_PREFIX_PATH=/home/ros/autoware.ai/install/autoware_build_flags:${CMAKE_PREFIX_PATH} PKG_CONFIG_PATH=/home/ros/autoware.ai/install/autoware_build_flags/lib/x86_64-linux-gnu/pkgconfig:/home/ros/autoware.ai/install/autoware_build_flags/lib/pkgconfig:${PKG_CONFIG_PATH} ROS_PACKAGE_PATH=/home/ros/autoware.ai/install/autoware_build_flags/share:${ROS_PACKAGE_PATH} /usr/bin/cmake /home/ros/autoware.ai/src/autoware/visualization/rosinterface -DCMAKE_BUILD_TYPE=Release -DCATKIN_INSTALL_INTO_PREFIX_ROOT=0 -DCMAKE_INSTALL_PREFIX=/home/ros/autoware.ai/install/rosinterface
[0.360s] -- The C compiler identification is GNU 7.5.0
[0.562s] -- The CXX compiler identification is GNU 7.5.0
[0.568s] -- Check for working C compiler: /usr/bin/cc
[0.950s] -- Check for working C compiler: /usr/bin/cc -- works
[0.951s] -- Detecting C compiler ABI info
[1.499s] -- Detecting C compiler ABI info - done
[1.512s] -- Detecting C compile features
[2.893s] -- Detecting C compile features - done
[2.897s] -- Check for working CXX compiler: /usr/bin/c++
[3.243s] -- Check for working CXX compiler: /usr/bin/c++ -- works
[3.244s] -- Detecting CXX compiler ABI info
[3.513s] -- Detecting CXX compiler ABI info - done
[3.523s] -- Detecting CXX compile features
[4.535s] -- Detecting CXX compile features - done
[4.558s] -- Found PkgConfig: /usr/bin/pkg-config (found version "0.29.1") 
[4.558s] -- CUDA compilation status: .
[4.565s] -- Using CATKIN_DEVEL_PREFIX: /home/ros/autoware.ai/build/rosinterface/devel
[4.565s] -- Using CMAKE_PREFIX_PATH: /home/ros/autoware.ai/install/autoware_build_flags;/opt/ros/melodic
[4.565s] -- This workspace overlays: /home/ros/autoware.ai/install/autoware_build_flags;/opt/ros/melodic
[4.584s] -- Found PythonInterp: /usr/bin/python2 (found suitable version "2.7.17", minimum required is "2") 
[4.584s] -- Using PYTHON_EXECUTABLE: /usr/bin/python2
[4.584s] -- Using Debian Python package layout
[4.584s] -- Using empy: /usr/bin/empy
[4.849s] -- Using CATKIN_ENABLE_TESTING: ON
[4.850s] -- Call enable_testing()
[4.861s] -- Using CATKIN_TEST_RESULTS_DIR: /home/ros/autoware.ai/build/rosinterface/test_results
[4.884s] -- Found gtest sources under '/usr/src/googletest': gtests will be built
[4.885s] -- Found gmock sources under '/usr/src/googletest': gmock will be built
[4.904s] -- Found PythonInterp: /usr/bin/python2 (found version "2.7.17") 
[4.906s] -- Looking for pthread.h
[5.058s] -- Looking for pthread.h - found
[5.058s] -- Looking for pthread_create
[5.149s] -- Looking for pthread_create - not found
[5.149s] -- Looking for pthread_create in pthreads
[5.291s] -- Looking for pthread_create in pthreads - not found
[5.292s] -- Looking for pthread_create in pthread
[5.556s] -- Looking for pthread_create in pthread - found
[5.556s] -- Found Threads: TRUE  
[5.561s] -- Using Python nosetests: /usr/bin/nosetests-2.7
[5.643s] -- catkin 0.7.29
[5.643s] -- BUILD_SHARED_LIBS is on
[6.120s] -- Using these message generators: gencpp;geneus;genlisp;gennodejs;genpy
[6.798s] -- Configuring done
[6.882s] -- Generating done
[6.883s] -- Build files have been written to: /home/ros/autoware.ai/build/rosinterface
[6.901s] Invoked command in '/home/ros/autoware.ai/build/rosinterface' returned '0': CMAKE_PREFIX_PATH=/home/ros/autoware.ai/install/autoware_build_flags:${CMAKE_PREFIX_PATH} PKG_CONFIG_PATH=/home/ros/autoware.ai/install/autoware_build_flags/lib/x86_64-linux-gnu/pkgconfig:/home/ros/autoware.ai/install/autoware_build_flags/lib/pkgconfig:${PKG_CONFIG_PATH} ROS_PACKAGE_PATH=/home/ros/autoware.ai/install/autoware_build_flags/share:${ROS_PACKAGE_PATH} /usr/bin/cmake /home/ros/autoware.ai/src/autoware/visualization/rosinterface -DCMAKE_BUILD_TYPE=Release -DCATKIN_INSTALL_INTO_PREFIX_ROOT=0 -DCMAKE_INSTALL_PREFIX=/home/ros/autoware.ai/install/rosinterface
[6.902s] Invoking command in '/home/ros/autoware.ai/build/rosinterface': CMAKE_PREFIX_PATH=/home/ros/autoware.ai/install/autoware_build_flags:${CMAKE_PREFIX_PATH} PKG_CONFIG_PATH=/home/ros/autoware.ai/install/autoware_build_flags/lib/x86_64-linux-gnu/pkgconfig:/home/ros/autoware.ai/install/autoware_build_flags/lib/pkgconfig:${PKG_CONFIG_PATH} ROS_PACKAGE_PATH=/home/ros/autoware.ai/install/autoware_build_flags/share:${ROS_PACKAGE_PATH} /usr/bin/cmake --build /home/ros/autoware.ai/build/rosinterface -- -j12 -l12
[7.111s] [35m[1mScanning dependencies of target rosinterface_autogen[0m
[7.178s] [ 16%] [34m[1mAutomatic MOC for target rosinterface[0m
[7.292s] [ 16%] Built target rosinterface_autogen
[7.312s] [ 33%] [34m[1mGenerating include/rosinterface/moc_rosinterface.cpp[0m
[8.624s] [35m[1mScanning dependencies of target rosinterface[0m
[8.728s] [ 50%] [32mBuilding CXX object CMakeFiles/rosinterface.dir/ROSInterface/rosinterface.cpp.o[0m
[8.747s] [ 66%] [32mBuilding CXX object CMakeFiles/rosinterface.dir/include/rosinterface/moc_rosinterface.cpp.o[0m
[8.753s] [ 83%] [32mBuilding CXX object CMakeFiles/rosinterface.dir/rosinterface_autogen/mocs_compilation.cpp.o[0m
[16.338s] [100%] [32m[1mLinking CXX shared library devel/lib/librosinterface.so[0m
[16.710s] [100%] Built target rosinterface
[16.725s] Invoked command in '/home/ros/autoware.ai/build/rosinterface' returned '0': CMAKE_PREFIX_PATH=/home/ros/autoware.ai/install/autoware_build_flags:${CMAKE_PREFIX_PATH} PKG_CONFIG_PATH=/home/ros/autoware.ai/install/autoware_build_flags/lib/x86_64-linux-gnu/pkgconfig:/home/ros/autoware.ai/install/autoware_build_flags/lib/pkgconfig:${PKG_CONFIG_PATH} ROS_PACKAGE_PATH=/home/ros/autoware.ai/install/autoware_build_flags/share:${ROS_PACKAGE_PATH} /usr/bin/cmake --build /home/ros/autoware.ai/build/rosinterface -- -j12 -l12
[17.178s] Invoking command in '/home/ros/autoware.ai/build/rosinterface': CMAKE_PREFIX_PATH=/home/ros/autoware.ai/install/autoware_build_flags:${CMAKE_PREFIX_PATH} PKG_CONFIG_PATH=/home/ros/autoware.ai/install/autoware_build_flags/lib/x86_64-linux-gnu/pkgconfig:/home/ros/autoware.ai/install/autoware_build_flags/lib/pkgconfig:${PKG_CONFIG_PATH} ROS_PACKAGE_PATH=/home/ros/autoware.ai/install/autoware_build_flags/share:${ROS_PACKAGE_PATH} /usr/bin/cmake --build /home/ros/autoware.ai/build/rosinterface --target tests -- -j12 -l12
[17.270s] [35m[1mScanning dependencies of target tests[0m
[17.299s] Built target tests
[17.320s] Invoked command in '/home/ros/autoware.ai/build/rosinterface' returned '0': CMAKE_PREFIX_PATH=/home/ros/autoware.ai/install/autoware_build_flags:${CMAKE_PREFIX_PATH} PKG_CONFIG_PATH=/home/ros/autoware.ai/install/autoware_build_flags/lib/x86_64-linux-gnu/pkgconfig:/home/ros/autoware.ai/install/autoware_build_flags/lib/pkgconfig:${PKG_CONFIG_PATH} ROS_PACKAGE_PATH=/home/ros/autoware.ai/install/autoware_build_flags/share:${ROS_PACKAGE_PATH} /usr/bin/cmake --build /home/ros/autoware.ai/build/rosinterface --target tests -- -j12 -l12
[18.314s] Invoking command in '/home/ros/autoware.ai/build/rosinterface': CMAKE_PREFIX_PATH=/home/ros/autoware.ai/install/autoware_build_flags:${CMAKE_PREFIX_PATH} PKG_CONFIG_PATH=/home/ros/autoware.ai/install/autoware_build_flags/lib/x86_64-linux-gnu/pkgconfig:/home/ros/autoware.ai/install/autoware_build_flags/lib/pkgconfig:${PKG_CONFIG_PATH} ROS_PACKAGE_PATH=/home/ros/autoware.ai/install/autoware_build_flags/share:${ROS_PACKAGE_PATH} /usr/bin/cmake --build /home/ros/autoware.ai/build/rosinterface --target install -- -j12 -l12
[18.519s] [ 16%] [34m[1mAutomatic MOC for target rosinterface[0m
[18.640s] [ 16%] Built target rosinterface_autogen
[18.824s] [100%] Built target rosinterface
[18.940s] [36mInstall the project...[0m
[18.991s] -- Install configuration: "Release"
[18.991s] -- Installing: /home/ros/autoware.ai/install/rosinterface/lib/pkgconfig/rosinterface.pc
[18.991s] -- Installing: /home/ros/autoware.ai/install/rosinterface/share/rosinterface/cmake/rosinterfaceConfig.cmake
[18.991s] -- Installing: /home/ros/autoware.ai/install/rosinterface/share/rosinterface/cmake/rosinterfaceConfig-version.cmake
[18.999s] -- Installing: /home/ros/autoware.ai/install/rosinterface/share/rosinterface/package.xml
[18.999s] -- Installing: /home/ros/autoware.ai/install/rosinterface/include/rosinterface
[18.999s] -- Installing: /home/ros/autoware.ai/install/rosinterface/include/rosinterface/rosinterface.h
[18.999s] -- Installing: /home/ros/autoware.ai/install/rosinterface/lib/librosinterface.so
[19.004s] -- Set runtime path of "/home/ros/autoware.ai/install/rosinterface/lib/librosinterface.so" to ""
[19.010s] Invoked command in '/home/ros/autoware.ai/build/rosinterface' returned '0': CMAKE_PREFIX_PATH=/home/ros/autoware.ai/install/autoware_build_flags:${CMAKE_PREFIX_PATH} PKG_CONFIG_PATH=/home/ros/autoware.ai/install/autoware_build_flags/lib/x86_64-linux-gnu/pkgconfig:/home/ros/autoware.ai/install/autoware_build_flags/lib/pkgconfig:${PKG_CONFIG_PATH} ROS_PACKAGE_PATH=/home/ros/autoware.ai/install/autoware_build_flags/share:${ROS_PACKAGE_PATH} /usr/bin/cmake --build /home/ros/autoware.ai/build/rosinterface --target install -- -j12 -l12
