[0.043s] Invoking command in '/home/ros/autoware.ai/build/vehicle_model': CMAKE_PREFIX_PATH=/home/ros/autoware.ai/install/gazebo_imu_description:/home/ros/autoware.ai/install/gazebo_camera_description:/home/ros/autoware.ai/install/autoware_build_flags:${CMAKE_PREFIX_PATH} PKG_CONFIG_PATH=/home/ros/autoware.ai/install/gazebo_imu_description/lib/x86_64-linux-gnu/pkgconfig:/home/ros/autoware.ai/install/gazebo_imu_description/lib/pkgconfig:/home/ros/autoware.ai/install/gazebo_camera_description/lib/x86_64-linux-gnu/pkgconfig:/home/ros/autoware.ai/install/gazebo_camera_description/lib/pkgconfig:/home/ros/autoware.ai/install/autoware_build_flags/lib/x86_64-linux-gnu/pkgconfig:/home/ros/autoware.ai/install/autoware_build_flags/lib/pkgconfig:${PKG_CONFIG_PATH} ROS_PACKAGE_PATH=/home/ros/autoware.ai/install/gazebo_imu_description/share:/home/ros/autoware.ai/install/gazebo_camera_description/share:/home/ros/autoware.ai/install/autoware_build_flags/share:${ROS_PACKAGE_PATH} /usr/bin/cmake /home/ros/autoware.ai/src/autoware/visualization/vehicle_model -DCMAKE_BUILD_TYPE=Release -DCATKIN_INSTALL_INTO_PREFIX_ROOT=0 -DCMAKE_INSTALL_PREFIX=/home/ros/autoware.ai/install/vehicle_model
[0.154s] -- The C compiler identification is GNU 7.5.0
[0.230s] -- The CXX compiler identification is GNU 7.5.0
[0.237s] -- Check for working C compiler: /usr/bin/cc
[0.357s] -- Check for working C compiler: /usr/bin/cc -- works
[0.358s] -- Detecting C compiler ABI info
[0.458s] -- Detecting C compiler ABI info - done
[0.471s] -- Detecting C compile features
[0.818s] -- Detecting C compile features - done
[0.822s] -- Check for working CXX compiler: /usr/bin/c++
[0.966s] -- Check for working CXX compiler: /usr/bin/c++ -- works
[0.967s] -- Detecting CXX compiler ABI info
[1.096s] -- Detecting CXX compiler ABI info - done
[1.104s] -- Detecting CXX compile features
[1.643s] -- Detecting CXX compile features - done
[1.648s] -- Using CATKIN_DEVEL_PREFIX: /home/ros/autoware.ai/build/vehicle_model/devel
[1.648s] -- Using CMAKE_PREFIX_PATH: /home/ros/autoware.ai/install/gazebo_imu_description;/home/ros/autoware.ai/install/gazebo_camera_description;/home/ros/autoware.ai/install/autoware_build_flags;/opt/ros/melodic
[1.649s] -- This workspace overlays: /home/ros/autoware.ai/install/gazebo_imu_description;/home/ros/autoware.ai/install/gazebo_camera_description;/home/ros/autoware.ai/install/autoware_build_flags;/opt/ros/melodic
[1.664s] -- Found PythonInterp: /usr/bin/python2 (found suitable version "2.7.17", minimum required is "2") 
[1.665s] -- Using PYTHON_EXECUTABLE: /usr/bin/python2
[1.665s] -- Using Debian Python package layout
[1.666s] -- Using empy: /usr/bin/empy
[1.885s] -- Using CATKIN_ENABLE_TESTING: ON
[1.885s] -- Call enable_testing()
[1.887s] -- Using CATKIN_TEST_RESULTS_DIR: /home/ros/autoware.ai/build/vehicle_model/test_results
[1.911s] -- Found gtest sources under '/usr/src/googletest': gtests will be built
[1.911s] -- Found gmock sources under '/usr/src/googletest': gmock will be built
[1.931s] -- Found PythonInterp: /usr/bin/python2 (found version "2.7.17") 
[1.933s] -- Looking for pthread.h
[2.056s] -- Looking for pthread.h - found
[2.056s] -- Looking for pthread_create
[2.187s] -- Looking for pthread_create - not found
[2.188s] -- Looking for pthread_create in pthreads
[2.284s] -- Looking for pthread_create in pthreads - not found
[2.285s] -- Looking for pthread_create in pthread
[2.392s] -- Looking for pthread_create in pthread - found
[2.394s] -- Found Threads: TRUE  
[2.399s] -- Using Python nosetests: /usr/bin/nosetests-2.7
[2.470s] -- catkin 0.7.29
[2.470s] -- BUILD_SHARED_LIBS is on
[2.678s] -- CUDA compilation status: .
[2.858s] -- Configuring done
[2.871s] -- Generating done
[2.874s] -- Build files have been written to: /home/ros/autoware.ai/build/vehicle_model
[2.880s] Invoked command in '/home/ros/autoware.ai/build/vehicle_model' returned '0': CMAKE_PREFIX_PATH=/home/ros/autoware.ai/install/gazebo_imu_description:/home/ros/autoware.ai/install/gazebo_camera_description:/home/ros/autoware.ai/install/autoware_build_flags:${CMAKE_PREFIX_PATH} PKG_CONFIG_PATH=/home/ros/autoware.ai/install/gazebo_imu_description/lib/x86_64-linux-gnu/pkgconfig:/home/ros/autoware.ai/install/gazebo_imu_description/lib/pkgconfig:/home/ros/autoware.ai/install/gazebo_camera_description/lib/x86_64-linux-gnu/pkgconfig:/home/ros/autoware.ai/install/gazebo_camera_description/lib/pkgconfig:/home/ros/autoware.ai/install/autoware_build_flags/lib/x86_64-linux-gnu/pkgconfig:/home/ros/autoware.ai/install/autoware_build_flags/lib/pkgconfig:${PKG_CONFIG_PATH} ROS_PACKAGE_PATH=/home/ros/autoware.ai/install/gazebo_imu_description/share:/home/ros/autoware.ai/install/gazebo_camera_description/share:/home/ros/autoware.ai/install/autoware_build_flags/share:${ROS_PACKAGE_PATH} /usr/bin/cmake /home/ros/autoware.ai/src/autoware/visualization/vehicle_model -DCMAKE_BUILD_TYPE=Release -DCATKIN_INSTALL_INTO_PREFIX_ROOT=0 -DCMAKE_INSTALL_PREFIX=/home/ros/autoware.ai/install/vehicle_model
[2.882s] Invoking command in '/home/ros/autoware.ai/build/vehicle_model': CMAKE_PREFIX_PATH=/home/ros/autoware.ai/install/gazebo_imu_description:/home/ros/autoware.ai/install/gazebo_camera_description:/home/ros/autoware.ai/install/autoware_build_flags:${CMAKE_PREFIX_PATH} PKG_CONFIG_PATH=/home/ros/autoware.ai/install/gazebo_imu_description/lib/x86_64-linux-gnu/pkgconfig:/home/ros/autoware.ai/install/gazebo_imu_description/lib/pkgconfig:/home/ros/autoware.ai/install/gazebo_camera_description/lib/x86_64-linux-gnu/pkgconfig:/home/ros/autoware.ai/install/gazebo_camera_description/lib/pkgconfig:/home/ros/autoware.ai/install/autoware_build_flags/lib/x86_64-linux-gnu/pkgconfig:/home/ros/autoware.ai/install/autoware_build_flags/lib/pkgconfig:${PKG_CONFIG_PATH} ROS_PACKAGE_PATH=/home/ros/autoware.ai/install/gazebo_imu_description/share:/home/ros/autoware.ai/install/gazebo_camera_description/share:/home/ros/autoware.ai/install/autoware_build_flags/share:${ROS_PACKAGE_PATH} /usr/bin/cmake --build /home/ros/autoware.ai/build/vehicle_model -- -j12 -l12
[2.956s] Invoked command in '/home/ros/autoware.ai/build/vehicle_model' returned '0': CMAKE_PREFIX_PATH=/home/ros/autoware.ai/install/gazebo_imu_description:/home/ros/autoware.ai/install/gazebo_camera_description:/home/ros/autoware.ai/install/autoware_build_flags:${CMAKE_PREFIX_PATH} PKG_CONFIG_PATH=/home/ros/autoware.ai/install/gazebo_imu_description/lib/x86_64-linux-gnu/pkgconfig:/home/ros/autoware.ai/install/gazebo_imu_description/lib/pkgconfig:/home/ros/autoware.ai/install/gazebo_camera_description/lib/x86_64-linux-gnu/pkgconfig:/home/ros/autoware.ai/install/gazebo_camera_description/lib/pkgconfig:/home/ros/autoware.ai/install/autoware_build_flags/lib/x86_64-linux-gnu/pkgconfig:/home/ros/autoware.ai/install/autoware_build_flags/lib/pkgconfig:${PKG_CONFIG_PATH} ROS_PACKAGE_PATH=/home/ros/autoware.ai/install/gazebo_imu_description/share:/home/ros/autoware.ai/install/gazebo_camera_description/share:/home/ros/autoware.ai/install/autoware_build_flags/share:${ROS_PACKAGE_PATH} /usr/bin/cmake --build /home/ros/autoware.ai/build/vehicle_model -- -j12 -l12
[3.060s] Invoking command in '/home/ros/autoware.ai/build/vehicle_model': CMAKE_PREFIX_PATH=/home/ros/autoware.ai/install/gazebo_imu_description:/home/ros/autoware.ai/install/gazebo_camera_description:/home/ros/autoware.ai/install/autoware_build_flags:${CMAKE_PREFIX_PATH} PKG_CONFIG_PATH=/home/ros/autoware.ai/install/gazebo_imu_description/lib/x86_64-linux-gnu/pkgconfig:/home/ros/autoware.ai/install/gazebo_imu_description/lib/pkgconfig:/home/ros/autoware.ai/install/gazebo_camera_description/lib/x86_64-linux-gnu/pkgconfig:/home/ros/autoware.ai/install/gazebo_camera_description/lib/pkgconfig:/home/ros/autoware.ai/install/autoware_build_flags/lib/x86_64-linux-gnu/pkgconfig:/home/ros/autoware.ai/install/autoware_build_flags/lib/pkgconfig:${PKG_CONFIG_PATH} ROS_PACKAGE_PATH=/home/ros/autoware.ai/install/gazebo_imu_description/share:/home/ros/autoware.ai/install/gazebo_camera_description/share:/home/ros/autoware.ai/install/autoware_build_flags/share:${ROS_PACKAGE_PATH} /usr/bin/cmake --build /home/ros/autoware.ai/build/vehicle_model --target tests -- -j12 -l12
[3.147s] [35m[1mScanning dependencies of target tests[0m
[3.164s] Built target tests
[3.192s] Invoked command in '/home/ros/autoware.ai/build/vehicle_model' returned '0': CMAKE_PREFIX_PATH=/home/ros/autoware.ai/install/gazebo_imu_description:/home/ros/autoware.ai/install/gazebo_camera_description:/home/ros/autoware.ai/install/autoware_build_flags:${CMAKE_PREFIX_PATH} PKG_CONFIG_PATH=/home/ros/autoware.ai/install/gazebo_imu_description/lib/x86_64-linux-gnu/pkgconfig:/home/ros/autoware.ai/install/gazebo_imu_description/lib/pkgconfig:/home/ros/autoware.ai/install/gazebo_camera_description/lib/x86_64-linux-gnu/pkgconfig:/home/ros/autoware.ai/install/gazebo_camera_description/lib/pkgconfig:/home/ros/autoware.ai/install/autoware_build_flags/lib/x86_64-linux-gnu/pkgconfig:/home/ros/autoware.ai/install/autoware_build_flags/lib/pkgconfig:${PKG_CONFIG_PATH} ROS_PACKAGE_PATH=/home/ros/autoware.ai/install/gazebo_imu_description/share:/home/ros/autoware.ai/install/gazebo_camera_description/share:/home/ros/autoware.ai/install/autoware_build_flags/share:${ROS_PACKAGE_PATH} /usr/bin/cmake --build /home/ros/autoware.ai/build/vehicle_model --target tests -- -j12 -l12
[3.284s] Invoking command in '/home/ros/autoware.ai/build/vehicle_model': CMAKE_PREFIX_PATH=/home/ros/autoware.ai/install/gazebo_imu_description:/home/ros/autoware.ai/install/gazebo_camera_description:/home/ros/autoware.ai/install/autoware_build_flags:${CMAKE_PREFIX_PATH} PKG_CONFIG_PATH=/home/ros/autoware.ai/install/gazebo_imu_description/lib/x86_64-linux-gnu/pkgconfig:/home/ros/autoware.ai/install/gazebo_imu_description/lib/pkgconfig:/home/ros/autoware.ai/install/gazebo_camera_description/lib/x86_64-linux-gnu/pkgconfig:/home/ros/autoware.ai/install/gazebo_camera_description/lib/pkgconfig:/home/ros/autoware.ai/install/autoware_build_flags/lib/x86_64-linux-gnu/pkgconfig:/home/ros/autoware.ai/install/autoware_build_flags/lib/pkgconfig:${PKG_CONFIG_PATH} ROS_PACKAGE_PATH=/home/ros/autoware.ai/install/gazebo_imu_description/share:/home/ros/autoware.ai/install/gazebo_camera_description/share:/home/ros/autoware.ai/install/autoware_build_flags/share:${ROS_PACKAGE_PATH} /usr/bin/cmake --build /home/ros/autoware.ai/build/vehicle_model --target install -- -j12 -l12
[3.365s] [36mInstall the project...[0m
[3.379s] -- Install configuration: "Release"
[3.379s] -- Installing: /home/ros/autoware.ai/install/vehicle_model/lib/pkgconfig/vehicle_model.pc
[3.379s] -- Installing: /home/ros/autoware.ai/install/vehicle_model/share/vehicle_model/cmake/vehicle_modelConfig.cmake
[3.380s] -- Installing: /home/ros/autoware.ai/install/vehicle_model/share/vehicle_model/cmake/vehicle_modelConfig-version.cmake
[3.380s] -- Installing: /home/ros/autoware.ai/install/vehicle_model/share/vehicle_model/package.xml
[3.380s] -- Installing: /home/ros/autoware.ai/install/vehicle_model/share/vehicle_model/mesh
[3.380s] -- Installing: /home/ros/autoware.ai/install/vehicle_model/share/vehicle_model/mesh/README.md
[3.380s] -- Installing: /home/ros/autoware.ai/install/vehicle_model/share/vehicle_model/mesh/_51225ex1diffuse.jpeg
[3.381s] -- Installing: /home/ros/autoware.ai/install/vehicle_model/share/vehicle_model/mesh/body.dae
[3.383s] -- Installing: /home/ros/autoware.ai/install/vehicle_model/share/vehicle_model/mesh/_51225ex2diffuse.jpeg
[3.383s] -- Installing: /home/ros/autoware.ai/install/vehicle_model/share/vehicle_model/mesh/wheel.dae
[3.384s] -- Installing: /home/ros/autoware.ai/install/vehicle_model/share/vehicle_model/urdf
[3.384s] -- Installing: /home/ros/autoware.ai/install/vehicle_model/share/vehicle_model/urdf/actuator.xacro
[3.384s] -- Installing: /home/ros/autoware.ai/install/vehicle_model/share/vehicle_model/urdf/steering.xacro
[3.384s] -- Installing: /home/ros/autoware.ai/install/vehicle_model/share/vehicle_model/urdf/steering.gazebo
[3.385s] -- Installing: /home/ros/autoware.ai/install/vehicle_model/share/vehicle_model/urdf/vehicle.xacro
[3.385s] -- Installing: /home/ros/autoware.ai/install/vehicle_model/share/vehicle_model/urdf/vehicle.gazebo
[3.385s] -- Installing: /home/ros/autoware.ai/install/vehicle_model/share/vehicle_model/urdf/wheel.xacro
[3.385s] -- Installing: /home/ros/autoware.ai/install/vehicle_model/share/vehicle_model/urdf/body.xacro
[3.385s] -- Installing: /home/ros/autoware.ai/install/vehicle_model/share/vehicle_model/urdf/wheel.gazebo
[3.385s] -- Installing: /home/ros/autoware.ai/install/vehicle_model/share/vehicle_model/config
[3.386s] -- Installing: /home/ros/autoware.ai/install/vehicle_model/share/vehicle_model/config/controller.yaml
[3.386s] -- Installing: /home/ros/autoware.ai/install/vehicle_model/share/vehicle_model/config/vehicle_info.yaml
[3.386s] -- Installing: /home/ros/autoware.ai/install/vehicle_model/share/vehicle_model/config/calibration.yaml
[3.391s] Invoked command in '/home/ros/autoware.ai/build/vehicle_model' returned '0': CMAKE_PREFIX_PATH=/home/ros/autoware.ai/install/gazebo_imu_description:/home/ros/autoware.ai/install/gazebo_camera_description:/home/ros/autoware.ai/install/autoware_build_flags:${CMAKE_PREFIX_PATH} PKG_CONFIG_PATH=/home/ros/autoware.ai/install/gazebo_imu_description/lib/x86_64-linux-gnu/pkgconfig:/home/ros/autoware.ai/install/gazebo_imu_description/lib/pkgconfig:/home/ros/autoware.ai/install/gazebo_camera_description/lib/x86_64-linux-gnu/pkgconfig:/home/ros/autoware.ai/install/gazebo_camera_description/lib/pkgconfig:/home/ros/autoware.ai/install/autoware_build_flags/lib/x86_64-linux-gnu/pkgconfig:/home/ros/autoware.ai/install/autoware_build_flags/lib/pkgconfig:${PKG_CONFIG_PATH} ROS_PACKAGE_PATH=/home/ros/autoware.ai/install/gazebo_imu_description/share:/home/ros/autoware.ai/install/gazebo_camera_description/share:/home/ros/autoware.ai/install/autoware_build_flags/share:${ROS_PACKAGE_PATH} /usr/bin/cmake --build /home/ros/autoware.ai/build/vehicle_model --target install -- -j12 -l12
