-- The C compiler identification is GNU 7.5.0
-- The CXX compiler identification is GNU 7.5.0
-- Check for working C compiler: /usr/bin/cc
-- Check for working C compiler: /usr/bin/cc -- works
-- Detecting C compiler ABI info
-- Detecting C compiler ABI info - done
-- Detecting C compile features
-- Detecting C compile features - done
-- Check for working CXX compiler: /usr/bin/c++
-- Check for working CXX compiler: /usr/bin/c++ -- works
-- Detecting CXX compiler ABI info
-- Detecting CXX compiler ABI info - done
-- Detecting CXX compile features
-- Detecting CXX compile features - done
-- CUDA compilation status: .
-- Using CATKIN_DEVEL_PREFIX: /home/ros/autoware.ai/build/image_processor/devel
-- Using CMAKE_PREFIX_PATH: /home/ros/autoware.ai/install/autoware_build_flags;/opt/ros/melodic
-- This workspace overlays: /home/ros/autoware.ai/install/autoware_build_flags;/opt/ros/melodic
-- Found PythonInterp: /usr/bin/python2 (found suitable version "2.7.17", minimum required is "2") 
-- Using PYTHON_EXECUTABLE: /usr/bin/python2
-- Using Debian Python package layout
-- Using empy: /usr/bin/empy
-- Using CATKIN_ENABLE_TESTING: ON
-- Call enable_testing()
-- Using CATKIN_TEST_RESULTS_DIR: /home/ros/autoware.ai/build/image_processor/test_results
-- Found gtest sources under '/usr/src/googletest': gtests will be built
-- Found gmock sources under '/usr/src/googletest': gmock will be built
-- Found PythonInterp: /usr/bin/python2 (found version "2.7.17") 
-- Looking for pthread.h
-- Looking for pthread.h - found
-- Looking for pthread_create
-- Looking for pthread_create - not found
-- Looking for pthread_create in pthreads
-- Looking for pthread_create in pthreads - not found
-- Looking for pthread_create in pthread
-- Looking for pthread_create in pthread - found
-- Found Threads: TRUE  
-- Using Python nosetests: /usr/bin/nosetests-2.7
-- catkin 0.7.29
-- BUILD_SHARED_LIBS is on
-- Found OpenCV: /usr (found version "3.2.0") 
-- Configuring done
-- Generating done
-- Build files have been written to: /home/ros/autoware.ai/build/image_processor
[35m[1mScanning dependencies of target image_rectifier[0m
[ 25%] [32mBuilding CXX object CMakeFiles/image_rectifier.dir/nodes/image_rectifier/image_rectifier_node.cpp.o[0m
[ 50%] [32m[1mLinking CXX executable devel/lib/image_processor/image_rectifier[0m
[ 50%] Built target image_rectifier
[35m[1mScanning dependencies of target image_rotator[0m
[ 75%] [32mBuilding CXX object CMakeFiles/image_rotator.dir/nodes/image_rotator/image_rotator_node.cpp.o[0m
[100%] [32m[1mLinking CXX executable devel/lib/image_processor/image_rotator[0m
[100%] Built target image_rotator
[35m[1mScanning dependencies of target tests[0m
Built target tests
[ 50%] Built target image_rectifier
[100%] Built target image_rotator
[36mInstall the project...[0m
-- Install configuration: "Release"
-- Installing: /home/ros/autoware.ai/install/image_processor/lib/pkgconfig/image_processor.pc
-- Installing: /home/ros/autoware.ai/install/image_processor/share/image_processor/cmake/image_processorConfig.cmake
-- Installing: /home/ros/autoware.ai/install/image_processor/share/image_processor/cmake/image_processorConfig-version.cmake
-- Installing: /home/ros/autoware.ai/install/image_processor/share/image_processor/package.xml
-- Installing: /home/ros/autoware.ai/install/image_processor/lib/image_processor/image_rotator
-- Set runtime path of "/home/ros/autoware.ai/install/image_processor/lib/image_processor/image_rotator" to ""
-- Installing: /home/ros/autoware.ai/install/image_processor/lib/image_processor/image_rectifier
-- Set runtime path of "/home/ros/autoware.ai/install/image_processor/lib/image_processor/image_rectifier" to ""
-- Installing: /home/ros/autoware.ai/install/image_processor/share/image_processor/launch/launch
-- Installing: /home/ros/autoware.ai/install/image_processor/share/image_processor/launch/launch/image_rotator_ladybug.launch
-- Installing: /home/ros/autoware.ai/install/image_processor/share/image_processor/launch/launch/image_rectifier_ladybug.launch
-- Installing: /home/ros/autoware.ai/install/image_processor/share/image_processor/launch/launch/image_rotator.launch
-- Installing: /home/ros/autoware.ai/install/image_processor/share/image_processor/launch/launch/image_rectifier.launch
