[  0%] Built target jsk_footstep_msgs_generate_messages_py
[  0%] Built target jsk_footstep_msgs_generate_messages_lisp
[  0%] Built target rosgraph_msgs_generate_messages_cpp
[  0%] Built target jsk_footstep_msgs_generate_messages_nodejs
[  0%] Built target pcl_msgs_generate_messages_eus
[  0%] Built target tf2_msgs_generate_messages_nodejs
[  0%] Built target bond_generate_messages_lisp
[  0%] Built target nodelet_generate_messages_eus
[  0%] Built target nodelet_topic_tools_gencfg
[  0%] Built target topic_tools_generate_messages_cpp
[  0%] Built target topic_tools_generate_messages_eus
[ 50%] Built target gpu_point_pillars_lib
[ 50%] Built target roscpp_generate_messages_eus
[ 50%] Built target bond_generate_messages_eus
[ 50%] Built target std_msgs_generate_messages_nodejs
[ 50%] Built target nodelet_generate_messages_nodejs
[ 50%] Built target tf2_msgs_generate_messages_eus
[ 50%] Built target geometry_msgs_generate_messages_cpp
[ 50%] Built target jsk_recognition_msgs_generate_messages_cpp
[ 50%] Built target pcl_ros_gencfg
[ 50%] Built target nodelet_generate_messages_cpp
[ 50%] Built target dynamic_reconfigure_gencfg
[ 50%] Built target geometry_msgs_generate_messages_nodejs
[ 50%] Built target geometry_msgs_generate_messages_eus
[ 50%] Built target std_srvs_generate_messages_eus
[ 50%] Built target nodelet_generate_messages_py
[ 50%] Built target tf_generate_messages_cpp
[ 50%] Built target actionlib_generate_messages_nodejs
[ 50%] Built target actionlib_msgs_generate_messages_cpp
[ 50%] Built target roscpp_generate_messages_cpp
[ 50%] Built target sensor_msgs_generate_messages_eus
[ 50%] Built target pcl_msgs_generate_messages_lisp
[ 50%] Built target jsk_recognition_msgs_generate_messages_eus
[ 50%] Built target roscpp_generate_messages_py
[ 50%] Built target bond_generate_messages_cpp
[ 50%] Built target autoware_msgs_generate_messages_py
[ 50%] Built target nodelet_generate_messages_lisp
[ 50%] Built target std_srvs_generate_messages_lisp
[ 50%] Built target geometry_msgs_generate_messages_lisp
[ 50%] Built target autoware_msgs_generate_messages_lisp
[ 50%] Built target geometry_msgs_generate_messages_py
[ 50%] Built target jsk_footstep_msgs_generate_messages_cpp
[ 50%] Built target std_msgs_generate_messages_lisp
[ 50%] Built target std_srvs_generate_messages_nodejs
[ 50%] Built target rosgraph_msgs_generate_messages_nodejs
[ 50%] Built target pcl_msgs_generate_messages_nodejs
[ 50%] Built target rosgraph_msgs_generate_messages_lisp
[ 50%] Built target tf_generate_messages_lisp
[ 50%] Built target dynamic_reconfigure_generate_messages_nodejs
[ 50%] Built target roscpp_generate_messages_lisp
[ 50%] Built target rosgraph_msgs_generate_messages_eus
[ 50%] Built target dynamic_reconfigure_generate_messages_lisp
[ 50%] Built target tf_generate_messages_nodejs
[ 50%] Built target std_srvs_generate_messages_py
[ 50%] Built target std_msgs_generate_messages_py
[ 50%] Built target bond_generate_messages_nodejs
[ 50%] Built target pcl_msgs_generate_messages_py
[ 50%] Built target dynamic_reconfigure_generate_messages_cpp
[ 50%] Built target dynamic_reconfigure_generate_messages_eus
[ 50%] Built target sensor_msgs_generate_messages_nodejs
[ 50%] Built target std_msgs_generate_messages_cpp
[ 50%] Built target roscpp_generate_messages_nodejs
[ 50%] Built target rosgraph_msgs_generate_messages_py
[ 50%] Built target sensor_msgs_generate_messages_py
[ 50%] Built target actionlib_generate_messages_cpp
[ 50%] Built target sensor_msgs_generate_messages_lisp
[ 50%] Built target topic_tools_generate_messages_lisp
[ 50%] Built target topic_tools_generate_messages_nodejs
[ 50%] Built target topic_tools_generate_messages_py
[ 50%] Built target tf2_msgs_generate_messages_py
[ 50%] Built target actionlib_msgs_generate_messages_nodejs
[ 50%] Built target tf_generate_messages_eus
[ 50%] Built target std_msgs_generate_messages_eus
[ 50%] Built target actionlib_generate_messages_eus
[ 50%] Built target tf_generate_messages_py
[ 50%] Built target actionlib_generate_messages_lisp
[ 50%] Built target actionlib_msgs_generate_messages_eus
[ 50%] Built target dynamic_reconfigure_generate_messages_py
[ 50%] Built target actionlib_msgs_generate_messages_lisp
[ 50%] Built target actionlib_generate_messages_py
[ 50%] Built target autoware_msgs_generate_messages_cpp
[ 50%] Built target tf2_msgs_generate_messages_cpp
[ 50%] Built target actionlib_msgs_generate_messages_py
[ 50%] Built target tf2_msgs_generate_messages_lisp
[ 50%] Built target bond_generate_messages_py
[ 50%] Built target autoware_msgs_generate_messages_eus
[ 50%] Built target pcl_msgs_generate_messages_cpp
[ 50%] Built target std_srvs_generate_messages_cpp
[ 50%] Built target jsk_recognition_msgs_generate_messages_py
[ 50%] Built target jsk_footstep_msgs_generate_messages_eus
[ 50%] Built target jsk_recognition_msgs_generate_messages_nodejs
[ 50%] Built target jsk_recognition_msgs_generate_messages_lisp
[ 50%] Built target autoware_msgs_generate_messages_nodejs
[ 50%] Built target sensor_msgs_generate_messages_cpp
[ 75%] Built target point_pillars_lib
[ 83%] [32m[1mLinking CXX executable devel/lib/lidar_point_pillars/lidar_point_pillars[0m
[100%] Built target lidar_point_pillars
Built target tests
-- Install configuration: ""
-- Installing: /home/ros/autoware.ai/install/lidar_point_pillars/lib/pkgconfig/lidar_point_pillars.pc
-- Installing: /home/ros/autoware.ai/install/lidar_point_pillars/share/lidar_point_pillars/cmake/lidar_point_pillarsConfig.cmake
-- Up-to-date: /home/ros/autoware.ai/install/lidar_point_pillars/share/lidar_point_pillars/cmake/lidar_point_pillarsConfig-version.cmake
-- Up-to-date: /home/ros/autoware.ai/install/lidar_point_pillars/share/lidar_point_pillars/package.xml
-- Installing: /home/ros/autoware.ai/install/lidar_point_pillars/lib/libgpu_point_pillars_lib.so
-- Installing: /home/ros/autoware.ai/install/lidar_point_pillars/lib/libpoint_pillars_lib.so
-- Set runtime path of "/home/ros/autoware.ai/install/lidar_point_pillars/lib/libpoint_pillars_lib.so" to ""
-- Installing: /home/ros/autoware.ai/install/lidar_point_pillars/lib/lidar_point_pillars/lidar_point_pillars
-- Set runtime path of "/home/ros/autoware.ai/install/lidar_point_pillars/lib/lidar_point_pillars/lidar_point_pillars" to ""
-- Installing: /home/ros/autoware.ai/install/lidar_point_pillars/share/lidar_point_pillars/launch
-- Installing: /home/ros/autoware.ai/install/lidar_point_pillars/share/lidar_point_pillars/launch/lidar_point_pillars.launch
-- Installing: /home/ros/autoware.ai/install/lidar_point_pillars/include/lidar_point_pillars/lidar_point_pillars/
-- Installing: /home/ros/autoware.ai/install/lidar_point_pillars/include/lidar_point_pillars/lidar_point_pillars//lidar_point_pillars
-- Installing: /home/ros/autoware.ai/install/lidar_point_pillars/include/lidar_point_pillars/lidar_point_pillars//lidar_point_pillars/point_pillars_ros.h
-- Installing: /home/ros/autoware.ai/install/lidar_point_pillars/include/lidar_point_pillars/lidar_point_pillars//lidar_point_pillars/anchor_mask_cuda.h
-- Installing: /home/ros/autoware.ai/install/lidar_point_pillars/include/lidar_point_pillars/lidar_point_pillars//lidar_point_pillars/postprocess_cuda.h
-- Installing: /home/ros/autoware.ai/install/lidar_point_pillars/include/lidar_point_pillars/lidar_point_pillars//lidar_point_pillars/nms_cuda.h
-- Installing: /home/ros/autoware.ai/install/lidar_point_pillars/include/lidar_point_pillars/lidar_point_pillars//lidar_point_pillars/scatter_cuda.h
-- Installing: /home/ros/autoware.ai/install/lidar_point_pillars/include/lidar_point_pillars/lidar_point_pillars//lidar_point_pillars/preprocess_points.h
-- Installing: /home/ros/autoware.ai/install/lidar_point_pillars/include/lidar_point_pillars/lidar_point_pillars//lidar_point_pillars/preprocess_points_cuda.h
-- Installing: /home/ros/autoware.ai/install/lidar_point_pillars/include/lidar_point_pillars/lidar_point_pillars//lidar_point_pillars/common.h
-- Installing: /home/ros/autoware.ai/install/lidar_point_pillars/include/lidar_point_pillars/lidar_point_pillars//lidar_point_pillars/point_pillars.h
