[0.049s] Invoking command in '/home/ros/autoware.ai/build/tablet_socket_msgs': /usr/bin/cmake --build /home/ros/autoware.ai/build/tablet_socket_msgs -- -j12 -l12
[0.172s] [35m[1mScanning dependencies of target std_msgs_generate_messages_lisp[0m
[0.172s] [35m[1mScanning dependencies of target _tablet_socket_msgs_generate_messages_check_deps_Waypoint[0m
[0.172s] [35m[1mScanning dependencies of target _tablet_socket_msgs_generate_messages_check_deps_mode_info[0m
[0.172s] [  0%] Built target std_msgs_generate_messages_lisp
[0.185s] [35m[1mScanning dependencies of target std_msgs_generate_messages_py[0m
[0.190s] [35m[1mScanning dependencies of target std_msgs_generate_messages_cpp[0m
[0.191s] [35m[1mScanning dependencies of target _tablet_socket_msgs_generate_messages_check_deps_gear_cmd[0m
[0.218s] [35m[1mScanning dependencies of target _tablet_socket_msgs_generate_messages_check_deps_route_cmd[0m
[0.218s] [35m[1mScanning dependencies of target _tablet_socket_msgs_generate_messages_check_deps_mode_cmd[0m
[0.220s] [35m[1mScanning dependencies of target std_msgs_generate_messages_nodejs[0m
[0.248s] [35m[1mScanning dependencies of target std_msgs_generate_messages_eus[0m
[0.252s] [  0%] Built target std_msgs_generate_messages_py
[0.255s] [  0%] Built target std_msgs_generate_messages_cpp
[0.263s] [35m[1mScanning dependencies of target _tablet_socket_msgs_generate_messages_check_deps_error_info[0m
[0.271s] [  0%] Built target std_msgs_generate_messages_nodejs
[0.309s] [  0%] Built target _tablet_socket_msgs_generate_messages_check_deps_route_cmd
[0.341s] [  0%] Built target std_msgs_generate_messages_eus
[0.342s] [  0%] Built target _tablet_socket_msgs_generate_messages_check_deps_Waypoint
[0.350s] [  0%] Built target _tablet_socket_msgs_generate_messages_check_deps_gear_cmd
[0.351s] [  0%] Built target _tablet_socket_msgs_generate_messages_check_deps_mode_cmd
[0.373s] [  0%] Built target _tablet_socket_msgs_generate_messages_check_deps_error_info
[0.416s] [  0%] Built target _tablet_socket_msgs_generate_messages_check_deps_mode_info
[0.442s] [35m[1mScanning dependencies of target tablet_socket_msgs_generate_messages_eus[0m
[0.458s] [35m[1mScanning dependencies of target tablet_socket_msgs_generate_messages_nodejs[0m
[0.474s] [35m[1mScanning dependencies of target tablet_socket_msgs_generate_messages_cpp[0m
[0.491s] [35m[1mScanning dependencies of target tablet_socket_msgs_generate_messages_py[0m
[0.516s] [  3%] [34m[1mGenerating Javascript code from tablet_socket_msgs/error_info.msg[0m
[0.547s] [35m[1mScanning dependencies of target tablet_socket_msgs_generate_messages_lisp[0m
[0.558s] [  6%] [34m[1mGenerating Javascript code from tablet_socket_msgs/mode_cmd.msg[0m
[0.558s] [  9%] [34m[1mGenerating C++ code from tablet_socket_msgs/route_cmd.msg[0m
[0.563s] [ 12%] [34m[1mGenerating Python from MSG tablet_socket_msgs/route_cmd[0m
[0.571s] [ 15%] [34m[1mGenerating EusLisp code from tablet_socket_msgs/route_cmd.msg[0m
[0.581s] [ 28%] [34m[1mGenerating Javascript code from tablet_socket_msgs/mode_info.msg[0m
[0.581s] [ 18%] [34m[1mGenerating Javascript code from tablet_socket_msgs/gear_cmd.msg[0m
[0.582s] [ 21%] [34m[1mGenerating C++ code from tablet_socket_msgs/gear_cmd.msg[0m
[0.582s] [ 25%] [34m[1mGenerating Javascript code from tablet_socket_msgs/Waypoint.msg[0m
[0.583s] [ 31%] [34m[1mGenerating C++ code from tablet_socket_msgs/Waypoint.msg[0m
[0.588s] [ 34%] [34m[1mGenerating Javascript code from tablet_socket_msgs/route_cmd.msg[0m
[0.687s] [ 37%] [34m[1mGenerating Lisp code from tablet_socket_msgs/route_cmd.msg[0m
[0.762s] [ 40%] [34m[1mGenerating C++ code from tablet_socket_msgs/error_info.msg[0m
[0.898s] [ 43%] [34m[1mGenerating Lisp code from tablet_socket_msgs/gear_cmd.msg[0m
[0.971s] [ 46%] [34m[1mGenerating C++ code from tablet_socket_msgs/mode_info.msg[0m
[0.991s] [ 50%] [34m[1mGenerating Lisp code from tablet_socket_msgs/Waypoint.msg[0m
[1.002s] [ 53%] [34m[1mGenerating Lisp code from tablet_socket_msgs/error_info.msg[0m
[1.008s] [ 56%] [34m[1mGenerating C++ code from tablet_socket_msgs/mode_cmd.msg[0m
[1.017s] [ 56%] Built target tablet_socket_msgs_generate_messages_nodejs
[1.030s] [ 59%] [34m[1mGenerating EusLisp code from tablet_socket_msgs/gear_cmd.msg[0m
[1.076s] [ 62%] [34m[1mGenerating Lisp code from tablet_socket_msgs/mode_cmd.msg[0m
[1.088s] [ 65%] [34m[1mGenerating Lisp code from tablet_socket_msgs/mode_info.msg[0m
[1.104s] [ 68%] [34m[1mGenerating EusLisp code from tablet_socket_msgs/Waypoint.msg[0m
[1.276s] [ 71%] [34m[1mGenerating EusLisp code from tablet_socket_msgs/error_info.msg[0m
[1.325s] [ 75%] [34m[1mGenerating Python from MSG tablet_socket_msgs/gear_cmd[0m
[1.347s] [ 78%] [34m[1mGenerating Python from MSG tablet_socket_msgs/Waypoint[0m
[1.359s] [ 81%] [34m[1mGenerating Python from MSG tablet_socket_msgs/error_info[0m
[1.383s] [ 84%] [34m[1mGenerating EusLisp code from tablet_socket_msgs/mode_cmd.msg[0m
[1.417s] [ 87%] Built target tablet_socket_msgs_generate_messages_lisp
[1.419s] [ 87%] [34m[1mGenerating EusLisp manifest code for tablet_socket_msgs[0m
[1.548s] [ 90%] [34m[1mGenerating EusLisp code from tablet_socket_msgs/mode_info.msg[0m
[1.579s] [ 93%] [34m[1mGenerating Python from MSG tablet_socket_msgs/mode_cmd[0m
[1.592s] [ 96%] [34m[1mGenerating Python from MSG tablet_socket_msgs/mode_info[0m
[1.796s] [ 96%] Built target tablet_socket_msgs_generate_messages_cpp
[2.016s] [100%] [34m[1mGenerating Python msg __init__.py for tablet_socket_msgs[0m
[2.300s] [100%] Built target tablet_socket_msgs_generate_messages_py
[2.959s] [100%] Built target tablet_socket_msgs_generate_messages_eus
[3.027s] [35m[1mScanning dependencies of target tablet_socket_msgs_generate_messages[0m
[3.116s] [100%] Built target tablet_socket_msgs_generate_messages
[3.241s] Invoked command in '/home/ros/autoware.ai/build/tablet_socket_msgs' returned '0': /usr/bin/cmake --build /home/ros/autoware.ai/build/tablet_socket_msgs -- -j12 -l12
[4.036s] Invoking command in '/home/ros/autoware.ai/build/tablet_socket_msgs': /usr/bin/cmake --build /home/ros/autoware.ai/build/tablet_socket_msgs --target tests -- -j12 -l12
[4.493s] [35m[1mScanning dependencies of target tests[0m
[4.583s] Built target tests
[4.674s] Invoked command in '/home/ros/autoware.ai/build/tablet_socket_msgs' returned '0': /usr/bin/cmake --build /home/ros/autoware.ai/build/tablet_socket_msgs --target tests -- -j12 -l12
[5.597s] Invoking command in '/home/ros/autoware.ai/build/tablet_socket_msgs': /usr/bin/cmake --build /home/ros/autoware.ai/build/tablet_socket_msgs --target install -- -j12 -l12
[6.086s] [  0%] Built target std_msgs_generate_messages_nodejs
[6.141s] [  0%] Built target std_msgs_generate_messages_py
[6.141s] [  0%] Built target std_msgs_generate_messages_lisp
[6.144s] [  0%] Built target _tablet_socket_msgs_generate_messages_check_deps_mode_cmd
[6.144s] [  0%] Built target std_msgs_generate_messages_cpp
[6.144s] [  0%] Built target std_msgs_generate_messages_eus
[6.195s] [  0%] Built target _tablet_socket_msgs_generate_messages_check_deps_route_cmd
[6.209s] [  0%] Built target _tablet_socket_msgs_generate_messages_check_deps_gear_cmd
[6.255s] [  0%] Built target _tablet_socket_msgs_generate_messages_check_deps_Waypoint
[6.259s] [  0%] Built target _tablet_socket_msgs_generate_messages_check_deps_error_info
[6.266s] [  0%] Built target _tablet_socket_msgs_generate_messages_check_deps_mode_info
[6.427s] [ 18%] Built target tablet_socket_msgs_generate_messages_nodejs
[6.451s] [ 40%] Built target tablet_socket_msgs_generate_messages_eus
[6.471s] [ 59%] Built target tablet_socket_msgs_generate_messages_cpp
[6.487s] [ 81%] Built target tablet_socket_msgs_generate_messages_py
[6.562s] [100%] Built target tablet_socket_msgs_generate_messages_lisp
[6.707s] [100%] Built target tablet_socket_msgs_generate_messages
[6.864s] [36mInstall the project...[0m
[6.939s] -- Install configuration: "Release"
[6.960s] -- Installing: /home/ros/autoware.ai/install/tablet_socket_msgs/share/tablet_socket_msgs/msg/Waypoint.msg
[6.961s] -- Installing: /home/ros/autoware.ai/install/tablet_socket_msgs/share/tablet_socket_msgs/msg/error_info.msg
[6.962s] -- Installing: /home/ros/autoware.ai/install/tablet_socket_msgs/share/tablet_socket_msgs/msg/gear_cmd.msg
[6.962s] -- Installing: /home/ros/autoware.ai/install/tablet_socket_msgs/share/tablet_socket_msgs/msg/mode_cmd.msg
[6.963s] -- Installing: /home/ros/autoware.ai/install/tablet_socket_msgs/share/tablet_socket_msgs/msg/mode_info.msg
[6.963s] -- Installing: /home/ros/autoware.ai/install/tablet_socket_msgs/share/tablet_socket_msgs/msg/route_cmd.msg
[6.963s] -- Installing: /home/ros/autoware.ai/install/tablet_socket_msgs/share/tablet_socket_msgs/cmake/tablet_socket_msgs-msg-paths.cmake
[6.963s] -- Installing: /home/ros/autoware.ai/install/tablet_socket_msgs/include/tablet_socket_msgs
[6.963s] -- Installing: /home/ros/autoware.ai/install/tablet_socket_msgs/include/tablet_socket_msgs/Waypoint.h
[6.964s] -- Installing: /home/ros/autoware.ai/install/tablet_socket_msgs/include/tablet_socket_msgs/mode_cmd.h
[6.964s] -- Installing: /home/ros/autoware.ai/install/tablet_socket_msgs/include/tablet_socket_msgs/gear_cmd.h
[6.964s] -- Installing: /home/ros/autoware.ai/install/tablet_socket_msgs/include/tablet_socket_msgs/route_cmd.h
[6.964s] -- Installing: /home/ros/autoware.ai/install/tablet_socket_msgs/include/tablet_socket_msgs/error_info.h
[6.964s] -- Installing: /home/ros/autoware.ai/install/tablet_socket_msgs/include/tablet_socket_msgs/mode_info.h
[6.964s] -- Installing: /home/ros/autoware.ai/install/tablet_socket_msgs/share/roseus/ros/tablet_socket_msgs
[6.964s] -- Installing: /home/ros/autoware.ai/install/tablet_socket_msgs/share/roseus/ros/tablet_socket_msgs/msg
[6.965s] -- Installing: /home/ros/autoware.ai/install/tablet_socket_msgs/share/roseus/ros/tablet_socket_msgs/msg/mode_cmd.l
[6.965s] -- Installing: /home/ros/autoware.ai/install/tablet_socket_msgs/share/roseus/ros/tablet_socket_msgs/msg/mode_info.l
[6.965s] -- Installing: /home/ros/autoware.ai/install/tablet_socket_msgs/share/roseus/ros/tablet_socket_msgs/msg/error_info.l
[6.965s] -- Installing: /home/ros/autoware.ai/install/tablet_socket_msgs/share/roseus/ros/tablet_socket_msgs/msg/route_cmd.l
[6.965s] -- Installing: /home/ros/autoware.ai/install/tablet_socket_msgs/share/roseus/ros/tablet_socket_msgs/msg/gear_cmd.l
[6.965s] -- Installing: /home/ros/autoware.ai/install/tablet_socket_msgs/share/roseus/ros/tablet_socket_msgs/msg/Waypoint.l
[6.965s] -- Installing: /home/ros/autoware.ai/install/tablet_socket_msgs/share/roseus/ros/tablet_socket_msgs/manifest.l
[6.966s] -- Installing: /home/ros/autoware.ai/install/tablet_socket_msgs/share/common-lisp/ros/tablet_socket_msgs
[6.966s] -- Installing: /home/ros/autoware.ai/install/tablet_socket_msgs/share/common-lisp/ros/tablet_socket_msgs/msg
[6.966s] -- Installing: /home/ros/autoware.ai/install/tablet_socket_msgs/share/common-lisp/ros/tablet_socket_msgs/msg/_package.lisp
[6.966s] -- Installing: /home/ros/autoware.ai/install/tablet_socket_msgs/share/common-lisp/ros/tablet_socket_msgs/msg/_package_mode_cmd.lisp
[6.966s] -- Installing: /home/ros/autoware.ai/install/tablet_socket_msgs/share/common-lisp/ros/tablet_socket_msgs/msg/gear_cmd.lisp
[6.966s] -- Installing: /home/ros/autoware.ai/install/tablet_socket_msgs/share/common-lisp/ros/tablet_socket_msgs/msg/_package_Waypoint.lisp
[6.966s] -- Installing: /home/ros/autoware.ai/install/tablet_socket_msgs/share/common-lisp/ros/tablet_socket_msgs/msg/_package_gear_cmd.lisp
[6.967s] -- Installing: /home/ros/autoware.ai/install/tablet_socket_msgs/share/common-lisp/ros/tablet_socket_msgs/msg/_package_route_cmd.lisp
[6.967s] -- Installing: /home/ros/autoware.ai/install/tablet_socket_msgs/share/common-lisp/ros/tablet_socket_msgs/msg/error_info.lisp
[6.967s] -- Installing: /home/ros/autoware.ai/install/tablet_socket_msgs/share/common-lisp/ros/tablet_socket_msgs/msg/Waypoint.lisp
[6.967s] -- Installing: /home/ros/autoware.ai/install/tablet_socket_msgs/share/common-lisp/ros/tablet_socket_msgs/msg/_package_error_info.lisp
[6.967s] -- Installing: /home/ros/autoware.ai/install/tablet_socket_msgs/share/common-lisp/ros/tablet_socket_msgs/msg/mode_info.lisp
[6.967s] -- Installing: /home/ros/autoware.ai/install/tablet_socket_msgs/share/common-lisp/ros/tablet_socket_msgs/msg/route_cmd.lisp
[6.967s] -- Installing: /home/ros/autoware.ai/install/tablet_socket_msgs/share/common-lisp/ros/tablet_socket_msgs/msg/_package_mode_info.lisp
[6.968s] -- Installing: /home/ros/autoware.ai/install/tablet_socket_msgs/share/common-lisp/ros/tablet_socket_msgs/msg/tablet_socket_msgs-msg.asd
[6.968s] -- Installing: /home/ros/autoware.ai/install/tablet_socket_msgs/share/common-lisp/ros/tablet_socket_msgs/msg/mode_cmd.lisp
[6.968s] -- Installing: /home/ros/autoware.ai/install/tablet_socket_msgs/share/gennodejs/ros/tablet_socket_msgs
[6.968s] -- Installing: /home/ros/autoware.ai/install/tablet_socket_msgs/share/gennodejs/ros/tablet_socket_msgs/msg
[6.968s] -- Installing: /home/ros/autoware.ai/install/tablet_socket_msgs/share/gennodejs/ros/tablet_socket_msgs/msg/route_cmd.js
[6.968s] -- Installing: /home/ros/autoware.ai/install/tablet_socket_msgs/share/gennodejs/ros/tablet_socket_msgs/msg/Waypoint.js
[6.969s] -- Installing: /home/ros/autoware.ai/install/tablet_socket_msgs/share/gennodejs/ros/tablet_socket_msgs/msg/gear_cmd.js
[6.969s] -- Installing: /home/ros/autoware.ai/install/tablet_socket_msgs/share/gennodejs/ros/tablet_socket_msgs/msg/_index.js
[6.969s] -- Installing: /home/ros/autoware.ai/install/tablet_socket_msgs/share/gennodejs/ros/tablet_socket_msgs/msg/mode_info.js
[6.969s] -- Installing: /home/ros/autoware.ai/install/tablet_socket_msgs/share/gennodejs/ros/tablet_socket_msgs/msg/mode_cmd.js
[6.969s] -- Installing: /home/ros/autoware.ai/install/tablet_socket_msgs/share/gennodejs/ros/tablet_socket_msgs/msg/error_info.js
[6.969s] -- Installing: /home/ros/autoware.ai/install/tablet_socket_msgs/share/gennodejs/ros/tablet_socket_msgs/_index.js
[7.050s] Listing /home/ros/autoware.ai/build/tablet_socket_msgs/devel/lib/python2.7/dist-packages/tablet_socket_msgs ...
[7.050s] Compiling /home/ros/autoware.ai/build/tablet_socket_msgs/devel/lib/python2.7/dist-packages/tablet_socket_msgs/__init__.py ...
[7.051s] Listing /home/ros/autoware.ai/build/tablet_socket_msgs/devel/lib/python2.7/dist-packages/tablet_socket_msgs/msg ...
[7.051s] Compiling /home/ros/autoware.ai/build/tablet_socket_msgs/devel/lib/python2.7/dist-packages/tablet_socket_msgs/msg/_Waypoint.py ...
[7.051s] Compiling /home/ros/autoware.ai/build/tablet_socket_msgs/devel/lib/python2.7/dist-packages/tablet_socket_msgs/msg/__init__.py ...
[7.051s] Compiling /home/ros/autoware.ai/build/tablet_socket_msgs/devel/lib/python2.7/dist-packages/tablet_socket_msgs/msg/_error_info.py ...
[7.051s] Compiling /home/ros/autoware.ai/build/tablet_socket_msgs/devel/lib/python2.7/dist-packages/tablet_socket_msgs/msg/_gear_cmd.py ...
[7.051s] Compiling /home/ros/autoware.ai/build/tablet_socket_msgs/devel/lib/python2.7/dist-packages/tablet_socket_msgs/msg/_mode_cmd.py ...
[7.052s] Compiling /home/ros/autoware.ai/build/tablet_socket_msgs/devel/lib/python2.7/dist-packages/tablet_socket_msgs/msg/_mode_info.py ...
[7.052s] Compiling /home/ros/autoware.ai/build/tablet_socket_msgs/devel/lib/python2.7/dist-packages/tablet_socket_msgs/msg/_route_cmd.py ...
[7.052s] -- Installing: /home/ros/autoware.ai/install/tablet_socket_msgs/lib/python2.7/dist-packages/tablet_socket_msgs
[7.053s] -- Installing: /home/ros/autoware.ai/install/tablet_socket_msgs/lib/python2.7/dist-packages/tablet_socket_msgs/msg
[7.053s] -- Installing: /home/ros/autoware.ai/install/tablet_socket_msgs/lib/python2.7/dist-packages/tablet_socket_msgs/msg/_gear_cmd.py
[7.053s] -- Installing: /home/ros/autoware.ai/install/tablet_socket_msgs/lib/python2.7/dist-packages/tablet_socket_msgs/msg/_error_info.pyc
[7.054s] -- Installing: /home/ros/autoware.ai/install/tablet_socket_msgs/lib/python2.7/dist-packages/tablet_socket_msgs/msg/_route_cmd.py
[7.054s] -- Installing: /home/ros/autoware.ai/install/tablet_socket_msgs/lib/python2.7/dist-packages/tablet_socket_msgs/msg/__init__.py
[7.054s] -- Installing: /home/ros/autoware.ai/install/tablet_socket_msgs/lib/python2.7/dist-packages/tablet_socket_msgs/msg/__init__.pyc
[7.054s] -- Installing: /home/ros/autoware.ai/install/tablet_socket_msgs/lib/python2.7/dist-packages/tablet_socket_msgs/msg/_Waypoint.pyc
[7.055s] -- Installing: /home/ros/autoware.ai/install/tablet_socket_msgs/lib/python2.7/dist-packages/tablet_socket_msgs/msg/_mode_cmd.pyc
[7.055s] -- Installing: /home/ros/autoware.ai/install/tablet_socket_msgs/lib/python2.7/dist-packages/tablet_socket_msgs/msg/_route_cmd.pyc
[7.055s] -- Installing: /home/ros/autoware.ai/install/tablet_socket_msgs/lib/python2.7/dist-packages/tablet_socket_msgs/msg/_error_info.py
[7.055s] -- Installing: /home/ros/autoware.ai/install/tablet_socket_msgs/lib/python2.7/dist-packages/tablet_socket_msgs/msg/_mode_info.pyc
[7.055s] -- Installing: /home/ros/autoware.ai/install/tablet_socket_msgs/lib/python2.7/dist-packages/tablet_socket_msgs/msg/_gear_cmd.pyc
[7.055s] -- Installing: /home/ros/autoware.ai/install/tablet_socket_msgs/lib/python2.7/dist-packages/tablet_socket_msgs/msg/_Waypoint.py
[7.056s] -- Installing: /home/ros/autoware.ai/install/tablet_socket_msgs/lib/python2.7/dist-packages/tablet_socket_msgs/msg/_mode_cmd.py
[7.056s] -- Installing: /home/ros/autoware.ai/install/tablet_socket_msgs/lib/python2.7/dist-packages/tablet_socket_msgs/msg/_mode_info.py
[7.056s] -- Installing: /home/ros/autoware.ai/install/tablet_socket_msgs/lib/python2.7/dist-packages/tablet_socket_msgs/__init__.py
[7.056s] -- Installing: /home/ros/autoware.ai/install/tablet_socket_msgs/lib/python2.7/dist-packages/tablet_socket_msgs/__init__.pyc
[7.056s] -- Installing: /home/ros/autoware.ai/install/tablet_socket_msgs/lib/pkgconfig/tablet_socket_msgs.pc
[7.056s] -- Installing: /home/ros/autoware.ai/install/tablet_socket_msgs/share/tablet_socket_msgs/cmake/tablet_socket_msgs-msg-extras.cmake
[7.056s] -- Installing: /home/ros/autoware.ai/install/tablet_socket_msgs/share/tablet_socket_msgs/cmake/tablet_socket_msgsConfig.cmake
[7.061s] -- Installing: /home/ros/autoware.ai/install/tablet_socket_msgs/share/tablet_socket_msgs/cmake/tablet_socket_msgsConfig-version.cmake
[7.062s] -- Installing: /home/ros/autoware.ai/install/tablet_socket_msgs/share/tablet_socket_msgs/package.xml
[7.062s] Invoked command in '/home/ros/autoware.ai/build/tablet_socket_msgs' returned '0': /usr/bin/cmake --build /home/ros/autoware.ai/build/tablet_socket_msgs --target install -- -j12 -l12
