[0.060s] Invoking command in '/home/ros/autoware.ai/build/autoware_build_flags': /usr/bin/cmake /home/ros/autoware.ai/src/autoware/common/autoware_build_flags -DCMAKE_BUILD_TYPE=Release -DCATKIN_INSTALL_INTO_PREFIX_ROOT=0 -DCMAKE_INSTALL_PREFIX=/home/ros/autoware.ai/install/autoware_build_flags
[0.119s] -- The C compiler identification is GNU 7.5.0
[0.190s] -- The CXX compiler identification is GNU 7.5.0
[0.195s] -- Check for working C compiler: /usr/bin/cc
[0.285s] -- Check for working C compiler: /usr/bin/cc -- works
[0.286s] -- Detecting C compiler ABI info
[0.371s] -- Detecting C compiler ABI info - done
[0.376s] -- Detecting C compile features
[0.663s] -- Detecting C compile features - done
[0.667s] -- Check for working CXX compiler: /usr/bin/c++
[0.812s] -- Check for working CXX compiler: /usr/bin/c++ -- works
[0.812s] -- Detecting CXX compiler ABI info
[0.906s] -- Detecting CXX compiler ABI info - done
[0.916s] -- Detecting CXX compile features
[1.429s] -- Detecting CXX compile features - done
[1.431s] -- Using CATKIN_DEVEL_PREFIX: /home/ros/autoware.ai/build/autoware_build_flags/devel
[1.431s] -- Using CMAKE_PREFIX_PATH: /opt/ros/melodic
[1.431s] -- This workspace overlays: /opt/ros/melodic
[1.448s] -- Found PythonInterp: /usr/bin/python2 (found suitable version "2.7.17", minimum required is "2") 
[1.448s] -- Using PYTHON_EXECUTABLE: /usr/bin/python2
[1.449s] -- Using Debian Python package layout
[1.449s] -- Using empy: /usr/bin/empy
[1.705s] -- Using CATKIN_ENABLE_TESTING: ON
[1.705s] -- Call enable_testing()
[1.707s] -- Using CATKIN_TEST_RESULTS_DIR: /home/ros/autoware.ai/build/autoware_build_flags/test_results
[1.729s] -- Found gtest sources under '/usr/src/googletest': gtests will be built
[1.730s] -- Found gmock sources under '/usr/src/googletest': gmock will be built
[1.752s] -- Found PythonInterp: /usr/bin/python2 (found version "2.7.17") 
[1.756s] -- Looking for pthread.h
[1.888s] -- Looking for pthread.h - found
[1.889s] -- Looking for pthread_create
[1.995s] -- Looking for pthread_create - not found
[1.995s] -- Looking for pthread_create in pthreads
[2.056s] -- Looking for pthread_create in pthreads - not found
[2.057s] -- Looking for pthread_create in pthread
[2.139s] -- Looking for pthread_create in pthread - found
[2.141s] -- Found Threads: TRUE  
[2.145s] -- Using Python nosetests: /usr/bin/nosetests-2.7
[2.198s] -- catkin 0.7.29
[2.199s] -- BUILD_SHARED_LIBS is on
[2.463s] -- Configuring done
[2.476s] -- Generating done
[2.478s] -- Build files have been written to: /home/ros/autoware.ai/build/autoware_build_flags
