[0.085s] Invoking command in '/home/ros/autoware.ai/build/op_utilities': CMAKE_PREFIX_PATH=/home/ros/autoware.ai/install/op_ros_helpers:/home/ros/autoware.ai/install/op_simu:/home/ros/autoware.ai/install/op_planner:/home/ros/autoware.ai/install/op_utility:/home/ros/autoware.ai/install/map_file:/home/ros/autoware.ai/install/vector_map_server:/home/ros/autoware.ai/install/libwaypoint_follower:/home/ros/autoware.ai/install/lanelet2_extension:/home/ros/autoware.ai/install/vector_map:/home/ros/autoware.ai/install/amathutils_lib:/home/ros/autoware.ai/install/vector_map_msgs:/home/ros/autoware.ai/install/autoware_msgs:/home/ros/autoware.ai/install/autoware_lanelet2_msgs:/home/ros/autoware.ai/install/autoware_build_flags:${CMAKE_PREFIX_PATH} LD_LIBRARY_PATH=/home/ros/autoware.ai/install/op_ros_helpers/lib:/home/ros/autoware.ai/install/op_simu/lib:/home/ros/autoware.ai/install/op_planner/lib:/home/ros/autoware.ai/install/op_utility/lib:/home/ros/autoware.ai/install/map_file/lib:/home/ros/autoware.ai/install/libwaypoint_follower/lib:/home/ros/autoware.ai/install/lanelet2_extension/lib:/home/ros/autoware.ai/install/vector_map/lib:/home/ros/autoware.ai/install/amathutils_lib/lib:${LD_LIBRARY_PATH} PKG_CONFIG_PATH=/home/ros/autoware.ai/install/op_ros_helpers/lib/x86_64-linux-gnu/pkgconfig:/home/ros/autoware.ai/install/op_ros_helpers/lib/pkgconfig:/home/ros/autoware.ai/install/op_simu/lib/x86_64-linux-gnu/pkgconfig:/home/ros/autoware.ai/install/op_simu/lib/pkgconfig:/home/ros/autoware.ai/install/op_planner/lib/x86_64-linux-gnu/pkgconfig:/home/ros/autoware.ai/install/op_planner/lib/pkgconfig:/home/ros/autoware.ai/install/op_utility/lib/x86_64-linux-gnu/pkgconfig:/home/ros/autoware.ai/install/op_utility/lib/pkgconfig:/home/ros/autoware.ai/install/map_file/lib/x86_64-linux-gnu/pkgconfig:/home/ros/autoware.ai/install/map_file/lib/pkgconfig:/home/ros/autoware.ai/install/vector_map_server/lib/x86_64-linux-gnu/pkgconfig:/home/ros/autoware.ai/install/vector_map_server/lib/pkgconfig:/home/ros/autoware.ai/install/libwaypoint_follower/lib/x86_64-linux-gnu/pkgconfig:/home/ros/autoware.ai/install/libwaypoint_follower/lib/pkgconfig:/home/ros/autoware.ai/install/lanelet2_extension/lib/x86_64-linux-gnu/pkgconfig:/home/ros/autoware.ai/install/lanelet2_extension/lib/pkgconfig:/home/ros/autoware.ai/install/vector_map/lib/x86_64-linux-gnu/pkgconfig:/home/ros/autoware.ai/install/vector_map/lib/pkgconfig:/home/ros/autoware.ai/install/amathutils_lib/lib/x86_64-linux-gnu/pkgconfig:/home/ros/autoware.ai/install/amathutils_lib/lib/pkgconfig:/home/ros/autoware.ai/install/vector_map_msgs/lib/x86_64-linux-gnu/pkgconfig:/home/ros/autoware.ai/install/vector_map_msgs/lib/pkgconfig:/home/ros/autoware.ai/install/autoware_msgs/lib/x86_64-linux-gnu/pkgconfig:/home/ros/autoware.ai/install/autoware_msgs/lib/pkgconfig:/home/ros/autoware.ai/install/autoware_lanelet2_msgs/lib/x86_64-linux-gnu/pkgconfig:/home/ros/autoware.ai/install/autoware_lanelet2_msgs/lib/pkgconfig:/home/ros/autoware.ai/install/autoware_build_flags/lib/x86_64-linux-gnu/pkgconfig:/home/ros/autoware.ai/install/autoware_build_flags/lib/pkgconfig:${PKG_CONFIG_PATH} PYTHONPATH=/home/ros/autoware.ai/install/vector_map_server/lib/python2.7/dist-packages:/home/ros/autoware.ai/install/vector_map_msgs/lib/python2.7/dist-packages:/home/ros/autoware.ai/install/autoware_msgs/lib/python2.7/dist-packages:/home/ros/autoware.ai/install/autoware_lanelet2_msgs/lib/python2.7/dist-packages:${PYTHONPATH} ROS_PACKAGE_PATH=/home/ros/autoware.ai/install/op_ros_helpers/share:/home/ros/autoware.ai/install/op_simu/share:/home/ros/autoware.ai/install/op_planner/share:/home/ros/autoware.ai/install/op_utility/share:/home/ros/autoware.ai/install/map_file/share:/home/ros/autoware.ai/install/vector_map_server/share:/home/ros/autoware.ai/install/libwaypoint_follower/share:/home/ros/autoware.ai/install/lanelet2_extension/share:/home/ros/autoware.ai/install/vector_map/share:/home/ros/autoware.ai/install/amathutils_lib/share:/home/ros/autoware.ai/install/vector_map_msgs/share:/home/ros/autoware.ai/install/autoware_msgs/share:/home/ros/autoware.ai/install/autoware_lanelet2_msgs/share:/home/ros/autoware.ai/install/autoware_build_flags/share:${ROS_PACKAGE_PATH} /usr/bin/cmake /home/ros/autoware.ai/src/autoware/core_planning/op_utilities -DCMAKE_BUILD_TYPE=Release -DCATKIN_INSTALL_INTO_PREFIX_ROOT=0 -DCMAKE_INSTALL_PREFIX=/home/ros/autoware.ai/install/op_utilities
[0.171s] -- The C compiler identification is GNU 7.5.0
[0.253s] -- The CXX compiler identification is GNU 7.5.0
[0.261s] -- Check for working C compiler: /usr/bin/cc
[0.351s] -- Check for working C compiler: /usr/bin/cc -- works
[0.352s] -- Detecting C compiler ABI info
[0.439s] -- Detecting C compiler ABI info - done
[0.453s] -- Detecting C compile features
[0.726s] -- Detecting C compile features - done
[0.732s] -- Check for working CXX compiler: /usr/bin/c++
[0.836s] -- Check for working CXX compiler: /usr/bin/c++ -- works
[0.837s] -- Detecting CXX compiler ABI info
[0.948s] -- Detecting CXX compiler ABI info - done
[0.961s] -- Detecting CXX compile features
[1.432s] -- Detecting CXX compile features - done
[1.436s] -- CUDA compilation status: .
[1.439s] -- Using CATKIN_DEVEL_PREFIX: /home/ros/autoware.ai/build/op_utilities/devel
[1.440s] -- Using CMAKE_PREFIX_PATH: /home/ros/autoware.ai/install/op_ros_helpers;/home/ros/autoware.ai/install/op_simu;/home/ros/autoware.ai/install/op_planner;/home/ros/autoware.ai/install/op_utility;/home/ros/autoware.ai/install/map_file;/home/ros/autoware.ai/install/vector_map_server;/home/ros/autoware.ai/install/libwaypoint_follower;/home/ros/autoware.ai/install/lanelet2_extension;/home/ros/autoware.ai/install/vector_map;/home/ros/autoware.ai/install/amathutils_lib;/home/ros/autoware.ai/install/vector_map_msgs;/home/ros/autoware.ai/install/autoware_msgs;/home/ros/autoware.ai/install/autoware_lanelet2_msgs;/home/ros/autoware.ai/install/autoware_build_flags;/opt/ros/melodic
[1.441s] -- This workspace overlays: /home/ros/autoware.ai/install/op_ros_helpers;/home/ros/autoware.ai/install/op_simu;/home/ros/autoware.ai/install/op_planner;/home/ros/autoware.ai/install/op_utility;/home/ros/autoware.ai/install/map_file;/home/ros/autoware.ai/install/vector_map_server;/home/ros/autoware.ai/install/libwaypoint_follower;/home/ros/autoware.ai/install/lanelet2_extension;/home/ros/autoware.ai/install/vector_map;/home/ros/autoware.ai/install/amathutils_lib;/home/ros/autoware.ai/install/vector_map_msgs;/home/ros/autoware.ai/install/autoware_msgs;/home/ros/autoware.ai/install/autoware_lanelet2_msgs;/home/ros/autoware.ai/install/autoware_build_flags;/opt/ros/melodic
[1.463s] -- Found PythonInterp: /usr/bin/python2 (found suitable version "2.7.17", minimum required is "2") 
[1.464s] -- Using PYTHON_EXECUTABLE: /usr/bin/python2
[1.464s] -- Using Debian Python package layout
[1.465s] -- Using empy: /usr/bin/empy
[1.690s] -- Using CATKIN_ENABLE_TESTING: ON
[1.690s] -- Call enable_testing()
[1.693s] -- Using CATKIN_TEST_RESULTS_DIR: /home/ros/autoware.ai/build/op_utilities/test_results
[1.723s] -- Found gtest sources under '/usr/src/googletest': gtests will be built
[1.723s] -- Found gmock sources under '/usr/src/googletest': gmock will be built
[1.741s] -- Found PythonInterp: /usr/bin/python2 (found version "2.7.17") 
[1.743s] -- Looking for pthread.h
[1.840s] -- Looking for pthread.h - found
[1.841s] -- Looking for pthread_create
[1.958s] -- Looking for pthread_create - not found
[1.959s] -- Looking for pthread_create in pthreads
[2.040s] -- Looking for pthread_create in pthreads - not found
[2.041s] -- Looking for pthread_create in pthread
[2.136s] -- Looking for pthread_create in pthread - found
[2.137s] -- Found Threads: TRUE  
[2.144s] -- Using Python nosetests: /usr/bin/nosetests-2.7
[2.221s] -- catkin 0.7.29
[2.221s] -- BUILD_SHARED_LIBS is on
[2.452s] -- Using these message generators: gencpp;geneus;genlisp;gennodejs;genpy
[3.256s] -- Found OpenCV: /usr (found version "3.2.0") 
[3.268s] -- Found OpenGL: /usr/lib/x86_64-linux-gnu/libOpenGL.so   
[3.278s] -- Found GLEW: /usr/include  
[3.285s] -- Found GLUT: /usr/lib/x86_64-linux-gnu/libglut.so  
[3.348s] -- Looking for XOpenDisplay in /usr/lib/x86_64-linux-gnu/libX11.so;/usr/lib/x86_64-linux-gnu/libXext.so
[3.454s] -- Looking for XOpenDisplay in /usr/lib/x86_64-linux-gnu/libX11.so;/usr/lib/x86_64-linux-gnu/libXext.so - found
[3.455s] -- Looking for gethostbyname
[3.548s] -- Looking for gethostbyname - found
[3.548s] -- Looking for connect
[3.644s] -- Looking for connect - found
[3.644s] -- Looking for remove
[3.736s] -- Looking for remove - found
[3.737s] -- Looking for shmat
[3.825s] -- Looking for shmat - found
[3.825s] -- Looking for IceConnectionNumber in ICE
[3.919s] -- Looking for IceConnectionNumber in ICE - found
[3.920s] -- Found X11: /usr/lib/x86_64-linux-gnu/libX11.so
[4.110s] -- Configuring done
[4.269s] -- Generating done
[4.286s] -- Build files have been written to: /home/ros/autoware.ai/build/op_utilities
[4.299s] Invoked command in '/home/ros/autoware.ai/build/op_utilities' returned '0': CMAKE_PREFIX_PATH=/home/ros/autoware.ai/install/op_ros_helpers:/home/ros/autoware.ai/install/op_simu:/home/ros/autoware.ai/install/op_planner:/home/ros/autoware.ai/install/op_utility:/home/ros/autoware.ai/install/map_file:/home/ros/autoware.ai/install/vector_map_server:/home/ros/autoware.ai/install/libwaypoint_follower:/home/ros/autoware.ai/install/lanelet2_extension:/home/ros/autoware.ai/install/vector_map:/home/ros/autoware.ai/install/amathutils_lib:/home/ros/autoware.ai/install/vector_map_msgs:/home/ros/autoware.ai/install/autoware_msgs:/home/ros/autoware.ai/install/autoware_lanelet2_msgs:/home/ros/autoware.ai/install/autoware_build_flags:${CMAKE_PREFIX_PATH} LD_LIBRARY_PATH=/home/ros/autoware.ai/install/op_ros_helpers/lib:/home/ros/autoware.ai/install/op_simu/lib:/home/ros/autoware.ai/install/op_planner/lib:/home/ros/autoware.ai/install/op_utility/lib:/home/ros/autoware.ai/install/map_file/lib:/home/ros/autoware.ai/install/libwaypoint_follower/lib:/home/ros/autoware.ai/install/lanelet2_extension/lib:/home/ros/autoware.ai/install/vector_map/lib:/home/ros/autoware.ai/install/amathutils_lib/lib:${LD_LIBRARY_PATH} PKG_CONFIG_PATH=/home/ros/autoware.ai/install/op_ros_helpers/lib/x86_64-linux-gnu/pkgconfig:/home/ros/autoware.ai/install/op_ros_helpers/lib/pkgconfig:/home/ros/autoware.ai/install/op_simu/lib/x86_64-linux-gnu/pkgconfig:/home/ros/autoware.ai/install/op_simu/lib/pkgconfig:/home/ros/autoware.ai/install/op_planner/lib/x86_64-linux-gnu/pkgconfig:/home/ros/autoware.ai/install/op_planner/lib/pkgconfig:/home/ros/autoware.ai/install/op_utility/lib/x86_64-linux-gnu/pkgconfig:/home/ros/autoware.ai/install/op_utility/lib/pkgconfig:/home/ros/autoware.ai/install/map_file/lib/x86_64-linux-gnu/pkgconfig:/home/ros/autoware.ai/install/map_file/lib/pkgconfig:/home/ros/autoware.ai/install/vector_map_server/lib/x86_64-linux-gnu/pkgconfig:/home/ros/autoware.ai/install/vector_map_server/lib/pkgconfig:/home/ros/autoware.ai/install/libwaypoint_follower/lib/x86_64-linux-gnu/pkgconfig:/home/ros/autoware.ai/install/libwaypoint_follower/lib/pkgconfig:/home/ros/autoware.ai/install/lanelet2_extension/lib/x86_64-linux-gnu/pkgconfig:/home/ros/autoware.ai/install/lanelet2_extension/lib/pkgconfig:/home/ros/autoware.ai/install/vector_map/lib/x86_64-linux-gnu/pkgconfig:/home/ros/autoware.ai/install/vector_map/lib/pkgconfig:/home/ros/autoware.ai/install/amathutils_lib/lib/x86_64-linux-gnu/pkgconfig:/home/ros/autoware.ai/install/amathutils_lib/lib/pkgconfig:/home/ros/autoware.ai/install/vector_map_msgs/lib/x86_64-linux-gnu/pkgconfig:/home/ros/autoware.ai/install/vector_map_msgs/lib/pkgconfig:/home/ros/autoware.ai/install/autoware_msgs/lib/x86_64-linux-gnu/pkgconfig:/home/ros/autoware.ai/install/autoware_msgs/lib/pkgconfig:/home/ros/autoware.ai/install/autoware_lanelet2_msgs/lib/x86_64-linux-gnu/pkgconfig:/home/ros/autoware.ai/install/autoware_lanelet2_msgs/lib/pkgconfig:/home/ros/autoware.ai/install/autoware_build_flags/lib/x86_64-linux-gnu/pkgconfig:/home/ros/autoware.ai/install/autoware_build_flags/lib/pkgconfig:${PKG_CONFIG_PATH} PYTHONPATH=/home/ros/autoware.ai/install/vector_map_server/lib/python2.7/dist-packages:/home/ros/autoware.ai/install/vector_map_msgs/lib/python2.7/dist-packages:/home/ros/autoware.ai/install/autoware_msgs/lib/python2.7/dist-packages:/home/ros/autoware.ai/install/autoware_lanelet2_msgs/lib/python2.7/dist-packages:${PYTHONPATH} ROS_PACKAGE_PATH=/home/ros/autoware.ai/install/op_ros_helpers/share:/home/ros/autoware.ai/install/op_simu/share:/home/ros/autoware.ai/install/op_planner/share:/home/ros/autoware.ai/install/op_utility/share:/home/ros/autoware.ai/install/map_file/share:/home/ros/autoware.ai/install/vector_map_server/share:/home/ros/autoware.ai/install/libwaypoint_follower/share:/home/ros/autoware.ai/install/lanelet2_extension/share:/home/ros/autoware.ai/install/vector_map/share:/home/ros/autoware.ai/install/amathutils_lib/share:/home/ros/autoware.ai/install/vector_map_msgs/share:/home/ros/autoware.ai/install/autoware_msgs/share:/home/ros/autoware.ai/install/autoware_lanelet2_msgs/share:/home/ros/autoware.ai/install/autoware_build_flags/share:${ROS_PACKAGE_PATH} /usr/bin/cmake /home/ros/autoware.ai/src/autoware/core_planning/op_utilities -DCMAKE_BUILD_TYPE=Release -DCATKIN_INSTALL_INTO_PREFIX_ROOT=0 -DCMAKE_INSTALL_PREFIX=/home/ros/autoware.ai/install/op_utilities
[4.300s] Invoking command in '/home/ros/autoware.ai/build/op_utilities': CMAKE_PREFIX_PATH=/home/ros/autoware.ai/install/op_ros_helpers:/home/ros/autoware.ai/install/op_simu:/home/ros/autoware.ai/install/op_planner:/home/ros/autoware.ai/install/op_utility:/home/ros/autoware.ai/install/map_file:/home/ros/autoware.ai/install/vector_map_server:/home/ros/autoware.ai/install/libwaypoint_follower:/home/ros/autoware.ai/install/lanelet2_extension:/home/ros/autoware.ai/install/vector_map:/home/ros/autoware.ai/install/amathutils_lib:/home/ros/autoware.ai/install/vector_map_msgs:/home/ros/autoware.ai/install/autoware_msgs:/home/ros/autoware.ai/install/autoware_lanelet2_msgs:/home/ros/autoware.ai/install/autoware_build_flags:${CMAKE_PREFIX_PATH} LD_LIBRARY_PATH=/home/ros/autoware.ai/install/op_ros_helpers/lib:/home/ros/autoware.ai/install/op_simu/lib:/home/ros/autoware.ai/install/op_planner/lib:/home/ros/autoware.ai/install/op_utility/lib:/home/ros/autoware.ai/install/map_file/lib:/home/ros/autoware.ai/install/libwaypoint_follower/lib:/home/ros/autoware.ai/install/lanelet2_extension/lib:/home/ros/autoware.ai/install/vector_map/lib:/home/ros/autoware.ai/install/amathutils_lib/lib:${LD_LIBRARY_PATH} PKG_CONFIG_PATH=/home/ros/autoware.ai/install/op_ros_helpers/lib/x86_64-linux-gnu/pkgconfig:/home/ros/autoware.ai/install/op_ros_helpers/lib/pkgconfig:/home/ros/autoware.ai/install/op_simu/lib/x86_64-linux-gnu/pkgconfig:/home/ros/autoware.ai/install/op_simu/lib/pkgconfig:/home/ros/autoware.ai/install/op_planner/lib/x86_64-linux-gnu/pkgconfig:/home/ros/autoware.ai/install/op_planner/lib/pkgconfig:/home/ros/autoware.ai/install/op_utility/lib/x86_64-linux-gnu/pkgconfig:/home/ros/autoware.ai/install/op_utility/lib/pkgconfig:/home/ros/autoware.ai/install/map_file/lib/x86_64-linux-gnu/pkgconfig:/home/ros/autoware.ai/install/map_file/lib/pkgconfig:/home/ros/autoware.ai/install/vector_map_server/lib/x86_64-linux-gnu/pkgconfig:/home/ros/autoware.ai/install/vector_map_server/lib/pkgconfig:/home/ros/autoware.ai/install/libwaypoint_follower/lib/x86_64-linux-gnu/pkgconfig:/home/ros/autoware.ai/install/libwaypoint_follower/lib/pkgconfig:/home/ros/autoware.ai/install/lanelet2_extension/lib/x86_64-linux-gnu/pkgconfig:/home/ros/autoware.ai/install/lanelet2_extension/lib/pkgconfig:/home/ros/autoware.ai/install/vector_map/lib/x86_64-linux-gnu/pkgconfig:/home/ros/autoware.ai/install/vector_map/lib/pkgconfig:/home/ros/autoware.ai/install/amathutils_lib/lib/x86_64-linux-gnu/pkgconfig:/home/ros/autoware.ai/install/amathutils_lib/lib/pkgconfig:/home/ros/autoware.ai/install/vector_map_msgs/lib/x86_64-linux-gnu/pkgconfig:/home/ros/autoware.ai/install/vector_map_msgs/lib/pkgconfig:/home/ros/autoware.ai/install/autoware_msgs/lib/x86_64-linux-gnu/pkgconfig:/home/ros/autoware.ai/install/autoware_msgs/lib/pkgconfig:/home/ros/autoware.ai/install/autoware_lanelet2_msgs/lib/x86_64-linux-gnu/pkgconfig:/home/ros/autoware.ai/install/autoware_lanelet2_msgs/lib/pkgconfig:/home/ros/autoware.ai/install/autoware_build_flags/lib/x86_64-linux-gnu/pkgconfig:/home/ros/autoware.ai/install/autoware_build_flags/lib/pkgconfig:${PKG_CONFIG_PATH} PYTHONPATH=/home/ros/autoware.ai/install/vector_map_server/lib/python2.7/dist-packages:/home/ros/autoware.ai/install/vector_map_msgs/lib/python2.7/dist-packages:/home/ros/autoware.ai/install/autoware_msgs/lib/python2.7/dist-packages:/home/ros/autoware.ai/install/autoware_lanelet2_msgs/lib/python2.7/dist-packages:${PYTHONPATH} ROS_PACKAGE_PATH=/home/ros/autoware.ai/install/op_ros_helpers/share:/home/ros/autoware.ai/install/op_simu/share:/home/ros/autoware.ai/install/op_planner/share:/home/ros/autoware.ai/install/op_utility/share:/home/ros/autoware.ai/install/map_file/share:/home/ros/autoware.ai/install/vector_map_server/share:/home/ros/autoware.ai/install/libwaypoint_follower/share:/home/ros/autoware.ai/install/lanelet2_extension/share:/home/ros/autoware.ai/install/vector_map/share:/home/ros/autoware.ai/install/amathutils_lib/share:/home/ros/autoware.ai/install/vector_map_msgs/share:/home/ros/autoware.ai/install/autoware_msgs/share:/home/ros/autoware.ai/install/autoware_lanelet2_msgs/share:/home/ros/autoware.ai/install/autoware_build_flags/share:${ROS_PACKAGE_PATH} /usr/bin/cmake --build /home/ros/autoware.ai/build/op_utilities -- -j12 -l12
[4.370s] [35m[1mScanning dependencies of target op_bag_player[0m
[4.437s] [  7%] [32mBuilding CXX object CMakeFiles/op_bag_player.dir/nodes/op_bag_player/op_bag_player.cpp.o[0m
[9.419s] [ 15%] [32mBuilding CXX object CMakeFiles/op_bag_player.dir/nodes/op_bag_player/op_bag_player_core.cpp.o[0m
[16.830s] [ 23%] [32mBuilding CXX object CMakeFiles/op_bag_player.dir/nodes/op_bag_player/DrawObjBase.cpp.o[0m
[17.037s] [ 30%] [32mBuilding CXX object CMakeFiles/op_bag_player.dir/nodes/op_bag_player/DrawingHelpers.cpp.o[0m
[17.432s] [35m[1mScanning dependencies of target vector_map_server_generate_messages_nodejs[0m
[17.447s] [ 30%] Built target vector_map_server_generate_messages_nodejs
[17.462s] [ 38%] [32mBuilding CXX object CMakeFiles/op_bag_player.dir/nodes/op_bag_player/MainWindowWrapper.cpp.o[0m
[17.485s] [35m[1mScanning dependencies of target tf_generate_messages_lisp[0m
[17.567s] [ 38%] Built target tf_generate_messages_lisp
[17.650s] [35m[1mScanning dependencies of target tf_generate_messages_nodejs[0m
[17.714s] [ 38%] Built target tf_generate_messages_nodejs
[17.811s] [35m[1mScanning dependencies of target tf_generate_messages_py[0m
[17.903s] [ 38%] Built target tf_generate_messages_py
[17.975s] [35m[1mScanning dependencies of target geometry_msgs_generate_messages_py[0m
[18.052s] [ 38%] Built target geometry_msgs_generate_messages_py
[18.156s] [35m[1mScanning dependencies of target sensor_msgs_generate_messages_nodejs[0m
[18.222s] [ 38%] Built target sensor_msgs_generate_messages_nodejs
[18.298s] [35m[1mScanning dependencies of target actionlib_generate_messages_cpp[0m
[18.380s] [ 38%] Built target actionlib_generate_messages_cpp
[18.392s] [35m[1mScanning dependencies of target pcl_msgs_generate_messages_eus[0m
[18.476s] [35m[1mScanning dependencies of target std_srvs_generate_messages_nodejs[0m
[18.491s] [ 38%] Built target pcl_msgs_generate_messages_eus
[18.584s] [ 38%] Built target std_srvs_generate_messages_nodejs
[18.590s] [35m[1mScanning dependencies of target rosgraph_msgs_generate_messages_eus[0m
[18.676s] [35m[1mScanning dependencies of target jsk_recognition_msgs_generate_messages_lisp[0m
[18.717s] [ 38%] Built target rosgraph_msgs_generate_messages_eus
[18.746s] [ 38%] Built target jsk_recognition_msgs_generate_messages_lisp
[18.811s] [35m[1mScanning dependencies of target jsk_recognition_msgs_generate_messages_eus[0m
[18.845s] [35m[1mScanning dependencies of target tf2_msgs_generate_messages_cpp[0m
[18.892s] [ 38%] Built target jsk_recognition_msgs_generate_messages_eus
[18.904s] [ 38%] Built target tf2_msgs_generate_messages_cpp
[18.970s] [35m[1mScanning dependencies of target autoware_msgs_generate_messages_py[0m
[18.979s] [35m[1mScanning dependencies of target std_msgs_generate_messages_py[0m
[19.054s] [ 38%] Built target std_msgs_generate_messages_py
[19.076s] [ 38%] Built target autoware_msgs_generate_messages_py
[19.170s] [35m[1mScanning dependencies of target sensor_msgs_generate_messages_eus[0m
[19.178s] [35m[1mScanning dependencies of target std_msgs_generate_messages_nodejs[0m
[19.270s] [ 38%] Built target sensor_msgs_generate_messages_eus
[19.282s] [ 38%] Built target std_msgs_generate_messages_nodejs
[19.363s] [35m[1mScanning dependencies of target std_srvs_generate_messages_lisp[0m
[19.384s] [35m[1mScanning dependencies of target _catkin_empty_exported_target[0m
[19.484s] [ 38%] Built target std_srvs_generate_messages_lisp
[19.490s] [ 38%] Built target _catkin_empty_exported_target
[19.576s] [35m[1mScanning dependencies of target sensor_msgs_generate_messages_cpp[0m
[19.599s] [35m[1mScanning dependencies of target autoware_msgs_generate_messages_cpp[0m
[19.668s] [ 38%] Built target sensor_msgs_generate_messages_cpp
[19.695s] [ 38%] Built target autoware_msgs_generate_messages_cpp
[19.734s] [35m[1mScanning dependencies of target rosgraph_msgs_generate_messages_cpp[0m
[19.770s] [35m[1mScanning dependencies of target pcl_msgs_generate_messages_nodejs[0m
[19.826s] [ 38%] Built target rosgraph_msgs_generate_messages_cpp
[19.925s] [35m[1mScanning dependencies of target jsk_recognition_msgs_generate_messages_py[0m
[19.929s] [ 38%] Built target pcl_msgs_generate_messages_nodejs
[19.977s] [35m[1mScanning dependencies of target std_srvs_generate_messages_cpp[0m
[20.007s] [ 38%] Built target jsk_recognition_msgs_generate_messages_py
[20.021s] [ 38%] Built target std_srvs_generate_messages_cpp
[20.055s] [35m[1mScanning dependencies of target sensor_msgs_generate_messages_lisp[0m
[20.083s] [35m[1mScanning dependencies of target sensor_msgs_generate_messages_py[0m
[20.154s] [ 38%] Built target sensor_msgs_generate_messages_lisp
[20.184s] [ 38%] Built target sensor_msgs_generate_messages_py
[20.246s] [35m[1mScanning dependencies of target std_msgs_generate_messages_cpp[0m
[20.247s] [35m[1mScanning dependencies of target jsk_footstep_msgs_generate_messages_py[0m
[20.355s] [ 38%] Built target jsk_footstep_msgs_generate_messages_py
[20.365s] [ 38%] Built target std_msgs_generate_messages_cpp
[20.371s] [35m[1mScanning dependencies of target visualization_msgs_generate_messages_nodejs[0m
[20.408s] [35m[1mScanning dependencies of target std_srvs_generate_messages_py[0m
[20.427s] [ 38%] Built target visualization_msgs_generate_messages_nodejs
[20.434s] [35m[1mScanning dependencies of target vector_map_msgs_generate_messages_nodejs[0m
[20.448s] [ 46%] [32mBuilding CXX object CMakeFiles/op_bag_player.dir/nodes/op_bag_player/BagTopicPlayer.cpp.o[0m
[20.462s] [ 46%] Built target std_srvs_generate_messages_py
[20.469s] [35m[1mScanning dependencies of target geometry_msgs_generate_messages_eus[0m
[20.482s] [ 46%] Built target vector_map_msgs_generate_messages_nodejs
[20.538s] [35m[1mScanning dependencies of target roscpp_generate_messages_nodejs[0m
[20.548s] [ 46%] Built target geometry_msgs_generate_messages_eus
[20.562s] [35m[1mScanning dependencies of target std_msgs_generate_messages_lisp[0m
[20.604s] [ 46%] Built target std_msgs_generate_messages_lisp
[20.617s] [35m[1mScanning dependencies of target geometry_msgs_generate_messages_nodejs[0m
[20.635s] [ 46%] Built target roscpp_generate_messages_nodejs
[20.659s] [35m[1mScanning dependencies of target geometry_msgs_generate_messages_lisp[0m
[20.670s] [ 46%] Built target geometry_msgs_generate_messages_nodejs
[20.682s] [35m[1mScanning dependencies of target pcl_msgs_generate_messages_cpp[0m
[20.711s] [ 46%] Built target geometry_msgs_generate_messages_lisp
[20.723s] [35m[1mScanning dependencies of target topic_tools_generate_messages_lisp[0m
[20.767s] [ 46%] Built target pcl_msgs_generate_messages_cpp
[20.796s] [35m[1mScanning dependencies of target jsk_recognition_msgs_generate_messages_cpp[0m
[20.796s] [ 46%] Built target topic_tools_generate_messages_lisp
[20.826s] [35m[1mScanning dependencies of target autoware_msgs_generate_messages_eus[0m
[20.850s] [35m[1mScanning dependencies of target autoware_msgs_generate_messages_lisp[0m
[20.868s] [ 46%] Built target jsk_recognition_msgs_generate_messages_cpp
[20.902s] [ 46%] Built target autoware_msgs_generate_messages_eus
[20.916s] [35m[1mScanning dependencies of target visualization_msgs_generate_messages_lisp[0m
[20.920s] [ 46%] Built target autoware_msgs_generate_messages_lisp
[20.948s] [35m[1mScanning dependencies of target std_msgs_generate_messages_eus[0m
[20.971s] [ 46%] Built target visualization_msgs_generate_messages_lisp
[20.975s] [35m[1mScanning dependencies of target vector_map_msgs_generate_messages_py[0m
[21.009s] [ 46%] Built target vector_map_msgs_generate_messages_py
[21.019s] [ 46%] Built target std_msgs_generate_messages_eus
[21.023s] [35m[1mScanning dependencies of target autoware_msgs_generate_messages_nodejs[0m
[21.074s] [ 46%] Built target autoware_msgs_generate_messages_nodejs
[21.089s] [35m[1mScanning dependencies of target actionlib_msgs_generate_messages_py[0m
[21.092s] [35m[1mScanning dependencies of target jsk_footstep_msgs_generate_messages_eus[0m
[21.154s] [35m[1mScanning dependencies of target vector_map_server_generate_messages_lisp[0m
[21.164s] [ 46%] Built target jsk_footstep_msgs_generate_messages_eus
[21.171s] [ 46%] Built target actionlib_msgs_generate_messages_py
[21.208s] [ 46%] Built target vector_map_server_generate_messages_lisp
[21.222s] [35m[1mScanning dependencies of target jsk_footstep_msgs_generate_messages_lisp[0m
[21.226s] [35m[1mScanning dependencies of target jsk_footstep_msgs_generate_messages_nodejs[0m
[21.278s] [35m[1mScanning dependencies of target jsk_footstep_msgs_generate_messages_cpp[0m
[21.280s] [35m[1mScanning dependencies of target tf_generate_messages_eus[0m
[21.295s] [ 46%] Built target jsk_footstep_msgs_generate_messages_lisp
[21.316s] [ 46%] Built target jsk_footstep_msgs_generate_messages_nodejs
[21.354s] [ 46%] Built target tf_generate_messages_eus
[21.363s] [35m[1mScanning dependencies of target actionlib_msgs_generate_messages_nodejs[0m
[21.368s] [ 46%] Built target jsk_footstep_msgs_generate_messages_cpp
[21.405s] [35m[1mScanning dependencies of target actionlib_msgs_generate_messages_cpp[0m
[21.437s] [35m[1mScanning dependencies of target vector_map_msgs_generate_messages_lisp[0m
[21.447s] [35m[1mScanning dependencies of target actionlib_msgs_generate_messages_lisp[0m
[21.458s] [ 46%] Built target actionlib_msgs_generate_messages_nodejs
[21.511s] [ 46%] Built target actionlib_msgs_generate_messages_cpp
[21.519s] [ 46%] Built target vector_map_msgs_generate_messages_lisp
[21.546s] [ 46%] Built target actionlib_msgs_generate_messages_lisp
[21.552s] [35m[1mScanning dependencies of target pcl_msgs_generate_messages_py[0m
[21.614s] [35m[1mScanning dependencies of target geometry_msgs_generate_messages_cpp[0m
[21.632s] [35m[1mScanning dependencies of target actionlib_generate_messages_eus[0m
[21.633s] [35m[1mScanning dependencies of target actionlib_generate_messages_lisp[0m
[21.656s] [ 46%] Built target pcl_msgs_generate_messages_py
[21.742s] [ 46%] Built target actionlib_generate_messages_lisp
[21.750s] [ 46%] Built target geometry_msgs_generate_messages_cpp
[21.763s] [35m[1mScanning dependencies of target tf_generate_messages_cpp[0m
[21.793s] [ 46%] Built target actionlib_generate_messages_eus
[21.830s] [35m[1mScanning dependencies of target pcl_msgs_generate_messages_lisp[0m
[21.849s] [ 46%] Built target tf_generate_messages_cpp
[21.850s] [35m[1mScanning dependencies of target actionlib_generate_messages_nodejs[0m
[21.871s] [35m[1mScanning dependencies of target std_srvs_generate_messages_eus[0m
[21.959s] [35m[1mScanning dependencies of target jsk_recognition_msgs_generate_messages_nodejs[0m
[21.963s] [ 46%] Built target actionlib_generate_messages_nodejs
[21.963s] [ 46%] Built target pcl_msgs_generate_messages_lisp
[21.966s] [ 46%] Built target std_srvs_generate_messages_eus
[21.990s] [ 46%] Built target jsk_recognition_msgs_generate_messages_nodejs
[25.334s] [ 53%] [32m[1mLinking CXX executable devel/lib/op_utilities/op_bag_player[0m
[25.784s] [ 53%] Built target op_bag_player
[25.798s] [35m[1mScanning dependencies of target vector_map_server_generate_messages_py[0m
[25.808s] [ 53%] Built target vector_map_server_generate_messages_py
[25.822s] [35m[1mScanning dependencies of target roscpp_generate_messages_eus[0m
[25.839s] [ 53%] Built target roscpp_generate_messages_eus
[25.851s] [35m[1mScanning dependencies of target actionlib_msgs_generate_messages_eus[0m
[25.864s] [ 53%] Built target actionlib_msgs_generate_messages_eus
[25.879s] [35m[1mScanning dependencies of target rosgraph_msgs_generate_messages_py[0m
[25.894s] [ 53%] Built target rosgraph_msgs_generate_messages_py
[25.908s] [35m[1mScanning dependencies of target tf2_msgs_generate_messages_lisp[0m
[25.923s] [ 53%] Built target tf2_msgs_generate_messages_lisp
[25.939s] [35m[1mScanning dependencies of target actionlib_generate_messages_py[0m
[25.948s] [ 53%] Built target actionlib_generate_messages_py
[25.958s] [35m[1mScanning dependencies of target tf2_msgs_generate_messages_py[0m
[25.971s] [ 53%] Built target tf2_msgs_generate_messages_py
[25.982s] [35m[1mScanning dependencies of target tf2_msgs_generate_messages_nodejs[0m
[25.997s] [ 53%] Built target tf2_msgs_generate_messages_nodejs
[26.011s] [35m[1mScanning dependencies of target tf2_msgs_generate_messages_eus[0m
[26.026s] [ 53%] Built target tf2_msgs_generate_messages_eus
[26.037s] [35m[1mScanning dependencies of target visualization_msgs_generate_messages_cpp[0m
[26.046s] [ 53%] Built target visualization_msgs_generate_messages_cpp
[26.056s] [35m[1mScanning dependencies of target visualization_msgs_generate_messages_py[0m
[26.070s] [ 53%] Built target visualization_msgs_generate_messages_py
[26.080s] [35m[1mScanning dependencies of target vector_map_msgs_generate_messages_cpp[0m
[26.091s] [ 53%] Built target vector_map_msgs_generate_messages_cpp
[26.101s] [35m[1mScanning dependencies of target vector_map_msgs_generate_messages_eus[0m
[26.111s] [ 53%] Built target vector_map_msgs_generate_messages_eus
[26.121s] [35m[1mScanning dependencies of target visualization_msgs_generate_messages_eus[0m
[26.132s] [ 53%] Built target visualization_msgs_generate_messages_eus
[26.146s] [35m[1mScanning dependencies of target vector_map_server_generate_messages_cpp[0m
[26.156s] [ 53%] Built target vector_map_server_generate_messages_cpp
[26.171s] [35m[1mScanning dependencies of target roscpp_generate_messages_cpp[0m
[26.185s] [ 53%] Built target roscpp_generate_messages_cpp
[26.200s] [35m[1mScanning dependencies of target rosgraph_msgs_generate_messages_nodejs[0m
[26.214s] [ 53%] Built target rosgraph_msgs_generate_messages_nodejs
[26.224s] [35m[1mScanning dependencies of target rosgraph_msgs_generate_messages_lisp[0m
[26.234s] [ 53%] Built target rosgraph_msgs_generate_messages_lisp
[26.247s] [35m[1mScanning dependencies of target roscpp_generate_messages_py[0m
[26.261s] [ 53%] Built target roscpp_generate_messages_py
[26.271s] [35m[1mScanning dependencies of target roscpp_generate_messages_lisp[0m
[26.285s] [ 53%] Built target roscpp_generate_messages_lisp
[26.300s] [35m[1mScanning dependencies of target topic_tools_generate_messages_py[0m
[26.313s] [ 53%] Built target topic_tools_generate_messages_py
[26.327s] [35m[1mScanning dependencies of target topic_tools_generate_messages_cpp[0m
[26.341s] [ 53%] Built target topic_tools_generate_messages_cpp
[26.355s] [35m[1mScanning dependencies of target topic_tools_generate_messages_eus[0m
[26.369s] [ 53%] Built target topic_tools_generate_messages_eus
[26.384s] [35m[1mScanning dependencies of target topic_tools_generate_messages_nodejs[0m
[26.398s] [ 53%] Built target topic_tools_generate_messages_nodejs
[26.413s] [35m[1mScanning dependencies of target vector_map_server_generate_messages_eus[0m
[26.428s] [ 53%] Built target vector_map_server_generate_messages_eus
[26.444s] [35m[1mScanning dependencies of target op_data_logger[0m
[26.546s] [ 61%] [32mBuilding CXX object CMakeFiles/op_data_logger.dir/nodes/op_data_logger/op_data_logger.cpp.o[0m
[32.077s] [ 69%] [32mBuilding CXX object CMakeFiles/op_data_logger.dir/nodes/op_data_logger/op_data_logger_core.cpp.o[0m
[37.020s] [01m[K/home/ros/autoware.ai/src/autoware/core_planning/op_utilities/nodes/op_data_logger/op_data_logger_core.cpp:[m[K In member function ‘[01m[Kvoid DataLoggerNS::OpenPlannerDataLogger::CompareAndLog(DataLoggerNS::VehicleDataContainer&, PlannerHNS::DetectedObject&)[m[K’:
[37.020s] [01m[K/home/ros/autoware.ai/src/autoware/core_planning/op_utilities/nodes/op_data_logger/op_data_logger_core.cpp:293:42:[m[K [01;35m[Kwarning: [m[Kcomparison between ‘[01m[Kenum PlannerHNS::STATE_TYPE[m[K’ and ‘[01m[Kenum PlannerHNS::BEH_STATE_TYPE[m[K’ [[01;35m[K-Wenum-compare[m[K]
[37.020s]    if(ground_truth.beh.state == predicted.[01;35m[Kbehavior_state[m[K)
[37.020s]                                           [01;35m[K^~~~~~~~~~~~~~[m[K
[41.089s] [ 76%] [32m[1mLinking CXX executable devel/lib/op_utilities/op_data_logger[0m
[41.442s] [ 76%] Built target op_data_logger
[41.457s] [35m[1mScanning dependencies of target op_pose2tf[0m
[41.490s] [ 92%] [32mBuilding CXX object CMakeFiles/op_pose2tf.dir/nodes/op_pose2tf/op_pose2tf.cpp.o[0m
[41.490s] [ 92%] [32mBuilding CXX object CMakeFiles/op_pose2tf.dir/nodes/op_pose2tf/op_pose2tf_core.cpp.o[0m
[46.100s] [100%] [32m[1mLinking CXX executable devel/lib/op_utilities/op_pose2tf[0m
[46.407s] [100%] Built target op_pose2tf
[46.422s] Invoked command in '/home/ros/autoware.ai/build/op_utilities' returned '0': CMAKE_PREFIX_PATH=/home/ros/autoware.ai/install/op_ros_helpers:/home/ros/autoware.ai/install/op_simu:/home/ros/autoware.ai/install/op_planner:/home/ros/autoware.ai/install/op_utility:/home/ros/autoware.ai/install/map_file:/home/ros/autoware.ai/install/vector_map_server:/home/ros/autoware.ai/install/libwaypoint_follower:/home/ros/autoware.ai/install/lanelet2_extension:/home/ros/autoware.ai/install/vector_map:/home/ros/autoware.ai/install/amathutils_lib:/home/ros/autoware.ai/install/vector_map_msgs:/home/ros/autoware.ai/install/autoware_msgs:/home/ros/autoware.ai/install/autoware_lanelet2_msgs:/home/ros/autoware.ai/install/autoware_build_flags:${CMAKE_PREFIX_PATH} LD_LIBRARY_PATH=/home/ros/autoware.ai/install/op_ros_helpers/lib:/home/ros/autoware.ai/install/op_simu/lib:/home/ros/autoware.ai/install/op_planner/lib:/home/ros/autoware.ai/install/op_utility/lib:/home/ros/autoware.ai/install/map_file/lib:/home/ros/autoware.ai/install/libwaypoint_follower/lib:/home/ros/autoware.ai/install/lanelet2_extension/lib:/home/ros/autoware.ai/install/vector_map/lib:/home/ros/autoware.ai/install/amathutils_lib/lib:${LD_LIBRARY_PATH} PKG_CONFIG_PATH=/home/ros/autoware.ai/install/op_ros_helpers/lib/x86_64-linux-gnu/pkgconfig:/home/ros/autoware.ai/install/op_ros_helpers/lib/pkgconfig:/home/ros/autoware.ai/install/op_simu/lib/x86_64-linux-gnu/pkgconfig:/home/ros/autoware.ai/install/op_simu/lib/pkgconfig:/home/ros/autoware.ai/install/op_planner/lib/x86_64-linux-gnu/pkgconfig:/home/ros/autoware.ai/install/op_planner/lib/pkgconfig:/home/ros/autoware.ai/install/op_utility/lib/x86_64-linux-gnu/pkgconfig:/home/ros/autoware.ai/install/op_utility/lib/pkgconfig:/home/ros/autoware.ai/install/map_file/lib/x86_64-linux-gnu/pkgconfig:/home/ros/autoware.ai/install/map_file/lib/pkgconfig:/home/ros/autoware.ai/install/vector_map_server/lib/x86_64-linux-gnu/pkgconfig:/home/ros/autoware.ai/install/vector_map_server/lib/pkgconfig:/home/ros/autoware.ai/install/libwaypoint_follower/lib/x86_64-linux-gnu/pkgconfig:/home/ros/autoware.ai/install/libwaypoint_follower/lib/pkgconfig:/home/ros/autoware.ai/install/lanelet2_extension/lib/x86_64-linux-gnu/pkgconfig:/home/ros/autoware.ai/install/lanelet2_extension/lib/pkgconfig:/home/ros/autoware.ai/install/vector_map/lib/x86_64-linux-gnu/pkgconfig:/home/ros/autoware.ai/install/vector_map/lib/pkgconfig:/home/ros/autoware.ai/install/amathutils_lib/lib/x86_64-linux-gnu/pkgconfig:/home/ros/autoware.ai/install/amathutils_lib/lib/pkgconfig:/home/ros/autoware.ai/install/vector_map_msgs/lib/x86_64-linux-gnu/pkgconfig:/home/ros/autoware.ai/install/vector_map_msgs/lib/pkgconfig:/home/ros/autoware.ai/install/autoware_msgs/lib/x86_64-linux-gnu/pkgconfig:/home/ros/autoware.ai/install/autoware_msgs/lib/pkgconfig:/home/ros/autoware.ai/install/autoware_lanelet2_msgs/lib/x86_64-linux-gnu/pkgconfig:/home/ros/autoware.ai/install/autoware_lanelet2_msgs/lib/pkgconfig:/home/ros/autoware.ai/install/autoware_build_flags/lib/x86_64-linux-gnu/pkgconfig:/home/ros/autoware.ai/install/autoware_build_flags/lib/pkgconfig:${PKG_CONFIG_PATH} PYTHONPATH=/home/ros/autoware.ai/install/vector_map_server/lib/python2.7/dist-packages:/home/ros/autoware.ai/install/vector_map_msgs/lib/python2.7/dist-packages:/home/ros/autoware.ai/install/autoware_msgs/lib/python2.7/dist-packages:/home/ros/autoware.ai/install/autoware_lanelet2_msgs/lib/python2.7/dist-packages:${PYTHONPATH} ROS_PACKAGE_PATH=/home/ros/autoware.ai/install/op_ros_helpers/share:/home/ros/autoware.ai/install/op_simu/share:/home/ros/autoware.ai/install/op_planner/share:/home/ros/autoware.ai/install/op_utility/share:/home/ros/autoware.ai/install/map_file/share:/home/ros/autoware.ai/install/vector_map_server/share:/home/ros/autoware.ai/install/libwaypoint_follower/share:/home/ros/autoware.ai/install/lanelet2_extension/share:/home/ros/autoware.ai/install/vector_map/share:/home/ros/autoware.ai/install/amathutils_lib/share:/home/ros/autoware.ai/install/vector_map_msgs/share:/home/ros/autoware.ai/install/autoware_msgs/share:/home/ros/autoware.ai/install/autoware_lanelet2_msgs/share:/home/ros/autoware.ai/install/autoware_build_flags/share:${ROS_PACKAGE_PATH} /usr/bin/cmake --build /home/ros/autoware.ai/build/op_utilities -- -j12 -l12
[46.512s] Invoking command in '/home/ros/autoware.ai/build/op_utilities': CMAKE_PREFIX_PATH=/home/ros/autoware.ai/install/op_ros_helpers:/home/ros/autoware.ai/install/op_simu:/home/ros/autoware.ai/install/op_planner:/home/ros/autoware.ai/install/op_utility:/home/ros/autoware.ai/install/map_file:/home/ros/autoware.ai/install/vector_map_server:/home/ros/autoware.ai/install/libwaypoint_follower:/home/ros/autoware.ai/install/lanelet2_extension:/home/ros/autoware.ai/install/vector_map:/home/ros/autoware.ai/install/amathutils_lib:/home/ros/autoware.ai/install/vector_map_msgs:/home/ros/autoware.ai/install/autoware_msgs:/home/ros/autoware.ai/install/autoware_lanelet2_msgs:/home/ros/autoware.ai/install/autoware_build_flags:${CMAKE_PREFIX_PATH} LD_LIBRARY_PATH=/home/ros/autoware.ai/install/op_ros_helpers/lib:/home/ros/autoware.ai/install/op_simu/lib:/home/ros/autoware.ai/install/op_planner/lib:/home/ros/autoware.ai/install/op_utility/lib:/home/ros/autoware.ai/install/map_file/lib:/home/ros/autoware.ai/install/libwaypoint_follower/lib:/home/ros/autoware.ai/install/lanelet2_extension/lib:/home/ros/autoware.ai/install/vector_map/lib:/home/ros/autoware.ai/install/amathutils_lib/lib:${LD_LIBRARY_PATH} PKG_CONFIG_PATH=/home/ros/autoware.ai/install/op_ros_helpers/lib/x86_64-linux-gnu/pkgconfig:/home/ros/autoware.ai/install/op_ros_helpers/lib/pkgconfig:/home/ros/autoware.ai/install/op_simu/lib/x86_64-linux-gnu/pkgconfig:/home/ros/autoware.ai/install/op_simu/lib/pkgconfig:/home/ros/autoware.ai/install/op_planner/lib/x86_64-linux-gnu/pkgconfig:/home/ros/autoware.ai/install/op_planner/lib/pkgconfig:/home/ros/autoware.ai/install/op_utility/lib/x86_64-linux-gnu/pkgconfig:/home/ros/autoware.ai/install/op_utility/lib/pkgconfig:/home/ros/autoware.ai/install/map_file/lib/x86_64-linux-gnu/pkgconfig:/home/ros/autoware.ai/install/map_file/lib/pkgconfig:/home/ros/autoware.ai/install/vector_map_server/lib/x86_64-linux-gnu/pkgconfig:/home/ros/autoware.ai/install/vector_map_server/lib/pkgconfig:/home/ros/autoware.ai/install/libwaypoint_follower/lib/x86_64-linux-gnu/pkgconfig:/home/ros/autoware.ai/install/libwaypoint_follower/lib/pkgconfig:/home/ros/autoware.ai/install/lanelet2_extension/lib/x86_64-linux-gnu/pkgconfig:/home/ros/autoware.ai/install/lanelet2_extension/lib/pkgconfig:/home/ros/autoware.ai/install/vector_map/lib/x86_64-linux-gnu/pkgconfig:/home/ros/autoware.ai/install/vector_map/lib/pkgconfig:/home/ros/autoware.ai/install/amathutils_lib/lib/x86_64-linux-gnu/pkgconfig:/home/ros/autoware.ai/install/amathutils_lib/lib/pkgconfig:/home/ros/autoware.ai/install/vector_map_msgs/lib/x86_64-linux-gnu/pkgconfig:/home/ros/autoware.ai/install/vector_map_msgs/lib/pkgconfig:/home/ros/autoware.ai/install/autoware_msgs/lib/x86_64-linux-gnu/pkgconfig:/home/ros/autoware.ai/install/autoware_msgs/lib/pkgconfig:/home/ros/autoware.ai/install/autoware_lanelet2_msgs/lib/x86_64-linux-gnu/pkgconfig:/home/ros/autoware.ai/install/autoware_lanelet2_msgs/lib/pkgconfig:/home/ros/autoware.ai/install/autoware_build_flags/lib/x86_64-linux-gnu/pkgconfig:/home/ros/autoware.ai/install/autoware_build_flags/lib/pkgconfig:${PKG_CONFIG_PATH} PYTHONPATH=/home/ros/autoware.ai/install/vector_map_server/lib/python2.7/dist-packages:/home/ros/autoware.ai/install/vector_map_msgs/lib/python2.7/dist-packages:/home/ros/autoware.ai/install/autoware_msgs/lib/python2.7/dist-packages:/home/ros/autoware.ai/install/autoware_lanelet2_msgs/lib/python2.7/dist-packages:${PYTHONPATH} ROS_PACKAGE_PATH=/home/ros/autoware.ai/install/op_ros_helpers/share:/home/ros/autoware.ai/install/op_simu/share:/home/ros/autoware.ai/install/op_planner/share:/home/ros/autoware.ai/install/op_utility/share:/home/ros/autoware.ai/install/map_file/share:/home/ros/autoware.ai/install/vector_map_server/share:/home/ros/autoware.ai/install/libwaypoint_follower/share:/home/ros/autoware.ai/install/lanelet2_extension/share:/home/ros/autoware.ai/install/vector_map/share:/home/ros/autoware.ai/install/amathutils_lib/share:/home/ros/autoware.ai/install/vector_map_msgs/share:/home/ros/autoware.ai/install/autoware_msgs/share:/home/ros/autoware.ai/install/autoware_lanelet2_msgs/share:/home/ros/autoware.ai/install/autoware_build_flags/share:${ROS_PACKAGE_PATH} /usr/bin/cmake --build /home/ros/autoware.ai/build/op_utilities --target tests -- -j12 -l12
[46.595s] [35m[1mScanning dependencies of target tests[0m
[46.611s] Built target tests
[46.627s] Invoked command in '/home/ros/autoware.ai/build/op_utilities' returned '0': CMAKE_PREFIX_PATH=/home/ros/autoware.ai/install/op_ros_helpers:/home/ros/autoware.ai/install/op_simu:/home/ros/autoware.ai/install/op_planner:/home/ros/autoware.ai/install/op_utility:/home/ros/autoware.ai/install/map_file:/home/ros/autoware.ai/install/vector_map_server:/home/ros/autoware.ai/install/libwaypoint_follower:/home/ros/autoware.ai/install/lanelet2_extension:/home/ros/autoware.ai/install/vector_map:/home/ros/autoware.ai/install/amathutils_lib:/home/ros/autoware.ai/install/vector_map_msgs:/home/ros/autoware.ai/install/autoware_msgs:/home/ros/autoware.ai/install/autoware_lanelet2_msgs:/home/ros/autoware.ai/install/autoware_build_flags:${CMAKE_PREFIX_PATH} LD_LIBRARY_PATH=/home/ros/autoware.ai/install/op_ros_helpers/lib:/home/ros/autoware.ai/install/op_simu/lib:/home/ros/autoware.ai/install/op_planner/lib:/home/ros/autoware.ai/install/op_utility/lib:/home/ros/autoware.ai/install/map_file/lib:/home/ros/autoware.ai/install/libwaypoint_follower/lib:/home/ros/autoware.ai/install/lanelet2_extension/lib:/home/ros/autoware.ai/install/vector_map/lib:/home/ros/autoware.ai/install/amathutils_lib/lib:${LD_LIBRARY_PATH} PKG_CONFIG_PATH=/home/ros/autoware.ai/install/op_ros_helpers/lib/x86_64-linux-gnu/pkgconfig:/home/ros/autoware.ai/install/op_ros_helpers/lib/pkgconfig:/home/ros/autoware.ai/install/op_simu/lib/x86_64-linux-gnu/pkgconfig:/home/ros/autoware.ai/install/op_simu/lib/pkgconfig:/home/ros/autoware.ai/install/op_planner/lib/x86_64-linux-gnu/pkgconfig:/home/ros/autoware.ai/install/op_planner/lib/pkgconfig:/home/ros/autoware.ai/install/op_utility/lib/x86_64-linux-gnu/pkgconfig:/home/ros/autoware.ai/install/op_utility/lib/pkgconfig:/home/ros/autoware.ai/install/map_file/lib/x86_64-linux-gnu/pkgconfig:/home/ros/autoware.ai/install/map_file/lib/pkgconfig:/home/ros/autoware.ai/install/vector_map_server/lib/x86_64-linux-gnu/pkgconfig:/home/ros/autoware.ai/install/vector_map_server/lib/pkgconfig:/home/ros/autoware.ai/install/libwaypoint_follower/lib/x86_64-linux-gnu/pkgconfig:/home/ros/autoware.ai/install/libwaypoint_follower/lib/pkgconfig:/home/ros/autoware.ai/install/lanelet2_extension/lib/x86_64-linux-gnu/pkgconfig:/home/ros/autoware.ai/install/lanelet2_extension/lib/pkgconfig:/home/ros/autoware.ai/install/vector_map/lib/x86_64-linux-gnu/pkgconfig:/home/ros/autoware.ai/install/vector_map/lib/pkgconfig:/home/ros/autoware.ai/install/amathutils_lib/lib/x86_64-linux-gnu/pkgconfig:/home/ros/autoware.ai/install/amathutils_lib/lib/pkgconfig:/home/ros/autoware.ai/install/vector_map_msgs/lib/x86_64-linux-gnu/pkgconfig:/home/ros/autoware.ai/install/vector_map_msgs/lib/pkgconfig:/home/ros/autoware.ai/install/autoware_msgs/lib/x86_64-linux-gnu/pkgconfig:/home/ros/autoware.ai/install/autoware_msgs/lib/pkgconfig:/home/ros/autoware.ai/install/autoware_lanelet2_msgs/lib/x86_64-linux-gnu/pkgconfig:/home/ros/autoware.ai/install/autoware_lanelet2_msgs/lib/pkgconfig:/home/ros/autoware.ai/install/autoware_build_flags/lib/x86_64-linux-gnu/pkgconfig:/home/ros/autoware.ai/install/autoware_build_flags/lib/pkgconfig:${PKG_CONFIG_PATH} PYTHONPATH=/home/ros/autoware.ai/install/vector_map_server/lib/python2.7/dist-packages:/home/ros/autoware.ai/install/vector_map_msgs/lib/python2.7/dist-packages:/home/ros/autoware.ai/install/autoware_msgs/lib/python2.7/dist-packages:/home/ros/autoware.ai/install/autoware_lanelet2_msgs/lib/python2.7/dist-packages:${PYTHONPATH} ROS_PACKAGE_PATH=/home/ros/autoware.ai/install/op_ros_helpers/share:/home/ros/autoware.ai/install/op_simu/share:/home/ros/autoware.ai/install/op_planner/share:/home/ros/autoware.ai/install/op_utility/share:/home/ros/autoware.ai/install/map_file/share:/home/ros/autoware.ai/install/vector_map_server/share:/home/ros/autoware.ai/install/libwaypoint_follower/share:/home/ros/autoware.ai/install/lanelet2_extension/share:/home/ros/autoware.ai/install/vector_map/share:/home/ros/autoware.ai/install/amathutils_lib/share:/home/ros/autoware.ai/install/vector_map_msgs/share:/home/ros/autoware.ai/install/autoware_msgs/share:/home/ros/autoware.ai/install/autoware_lanelet2_msgs/share:/home/ros/autoware.ai/install/autoware_build_flags/share:${ROS_PACKAGE_PATH} /usr/bin/cmake --build /home/ros/autoware.ai/build/op_utilities --target tests -- -j12 -l12
[46.716s] Invoking command in '/home/ros/autoware.ai/build/op_utilities': CMAKE_PREFIX_PATH=/home/ros/autoware.ai/install/op_ros_helpers:/home/ros/autoware.ai/install/op_simu:/home/ros/autoware.ai/install/op_planner:/home/ros/autoware.ai/install/op_utility:/home/ros/autoware.ai/install/map_file:/home/ros/autoware.ai/install/vector_map_server:/home/ros/autoware.ai/install/libwaypoint_follower:/home/ros/autoware.ai/install/lanelet2_extension:/home/ros/autoware.ai/install/vector_map:/home/ros/autoware.ai/install/amathutils_lib:/home/ros/autoware.ai/install/vector_map_msgs:/home/ros/autoware.ai/install/autoware_msgs:/home/ros/autoware.ai/install/autoware_lanelet2_msgs:/home/ros/autoware.ai/install/autoware_build_flags:${CMAKE_PREFIX_PATH} LD_LIBRARY_PATH=/home/ros/autoware.ai/install/op_ros_helpers/lib:/home/ros/autoware.ai/install/op_simu/lib:/home/ros/autoware.ai/install/op_planner/lib:/home/ros/autoware.ai/install/op_utility/lib:/home/ros/autoware.ai/install/map_file/lib:/home/ros/autoware.ai/install/libwaypoint_follower/lib:/home/ros/autoware.ai/install/lanelet2_extension/lib:/home/ros/autoware.ai/install/vector_map/lib:/home/ros/autoware.ai/install/amathutils_lib/lib:${LD_LIBRARY_PATH} PKG_CONFIG_PATH=/home/ros/autoware.ai/install/op_ros_helpers/lib/x86_64-linux-gnu/pkgconfig:/home/ros/autoware.ai/install/op_ros_helpers/lib/pkgconfig:/home/ros/autoware.ai/install/op_simu/lib/x86_64-linux-gnu/pkgconfig:/home/ros/autoware.ai/install/op_simu/lib/pkgconfig:/home/ros/autoware.ai/install/op_planner/lib/x86_64-linux-gnu/pkgconfig:/home/ros/autoware.ai/install/op_planner/lib/pkgconfig:/home/ros/autoware.ai/install/op_utility/lib/x86_64-linux-gnu/pkgconfig:/home/ros/autoware.ai/install/op_utility/lib/pkgconfig:/home/ros/autoware.ai/install/map_file/lib/x86_64-linux-gnu/pkgconfig:/home/ros/autoware.ai/install/map_file/lib/pkgconfig:/home/ros/autoware.ai/install/vector_map_server/lib/x86_64-linux-gnu/pkgconfig:/home/ros/autoware.ai/install/vector_map_server/lib/pkgconfig:/home/ros/autoware.ai/install/libwaypoint_follower/lib/x86_64-linux-gnu/pkgconfig:/home/ros/autoware.ai/install/libwaypoint_follower/lib/pkgconfig:/home/ros/autoware.ai/install/lanelet2_extension/lib/x86_64-linux-gnu/pkgconfig:/home/ros/autoware.ai/install/lanelet2_extension/lib/pkgconfig:/home/ros/autoware.ai/install/vector_map/lib/x86_64-linux-gnu/pkgconfig:/home/ros/autoware.ai/install/vector_map/lib/pkgconfig:/home/ros/autoware.ai/install/amathutils_lib/lib/x86_64-linux-gnu/pkgconfig:/home/ros/autoware.ai/install/amathutils_lib/lib/pkgconfig:/home/ros/autoware.ai/install/vector_map_msgs/lib/x86_64-linux-gnu/pkgconfig:/home/ros/autoware.ai/install/vector_map_msgs/lib/pkgconfig:/home/ros/autoware.ai/install/autoware_msgs/lib/x86_64-linux-gnu/pkgconfig:/home/ros/autoware.ai/install/autoware_msgs/lib/pkgconfig:/home/ros/autoware.ai/install/autoware_lanelet2_msgs/lib/x86_64-linux-gnu/pkgconfig:/home/ros/autoware.ai/install/autoware_lanelet2_msgs/lib/pkgconfig:/home/ros/autoware.ai/install/autoware_build_flags/lib/x86_64-linux-gnu/pkgconfig:/home/ros/autoware.ai/install/autoware_build_flags/lib/pkgconfig:${PKG_CONFIG_PATH} PYTHONPATH=/home/ros/autoware.ai/install/vector_map_server/lib/python2.7/dist-packages:/home/ros/autoware.ai/install/vector_map_msgs/lib/python2.7/dist-packages:/home/ros/autoware.ai/install/autoware_msgs/lib/python2.7/dist-packages:/home/ros/autoware.ai/install/autoware_lanelet2_msgs/lib/python2.7/dist-packages:${PYTHONPATH} ROS_PACKAGE_PATH=/home/ros/autoware.ai/install/op_ros_helpers/share:/home/ros/autoware.ai/install/op_simu/share:/home/ros/autoware.ai/install/op_planner/share:/home/ros/autoware.ai/install/op_utility/share:/home/ros/autoware.ai/install/map_file/share:/home/ros/autoware.ai/install/vector_map_server/share:/home/ros/autoware.ai/install/libwaypoint_follower/share:/home/ros/autoware.ai/install/lanelet2_extension/share:/home/ros/autoware.ai/install/vector_map/share:/home/ros/autoware.ai/install/amathutils_lib/share:/home/ros/autoware.ai/install/vector_map_msgs/share:/home/ros/autoware.ai/install/autoware_msgs/share:/home/ros/autoware.ai/install/autoware_lanelet2_msgs/share:/home/ros/autoware.ai/install/autoware_build_flags/share:${ROS_PACKAGE_PATH} /usr/bin/cmake --build /home/ros/autoware.ai/build/op_utilities --target install -- -j12 -l12
[46.799s] [  0%] Built target vector_map_server_generate_messages_eus
[46.813s] [  0%] Built target topic_tools_generate_messages_nodejs
[46.818s] [ 53%] Built target op_bag_player
[46.832s] [ 76%] Built target op_data_logger
[46.848s] [ 76%] Built target vector_map_server_generate_messages_nodejs
[46.859s] [ 76%] Built target geometry_msgs_generate_messages_py
[46.860s] [ 76%] Built target sensor_msgs_generate_messages_nodejs
[46.866s] [ 76%] Built target actionlib_generate_messages_cpp
[46.892s] [ 76%] Built target rosgraph_msgs_generate_messages_eus
[46.892s] [ 76%] Built target pcl_msgs_generate_messages_eus
[46.907s] [ 76%] Built target jsk_recognition_msgs_generate_messages_lisp
[46.911s] [ 76%] Built target jsk_recognition_msgs_generate_messages_eus
[46.923s] [ 76%] Built target tf2_msgs_generate_messages_cpp
[46.939s] [ 76%] Built target autoware_msgs_generate_messages_py
[46.948s] [ 76%] Built target std_msgs_generate_messages_py
[46.956s] [ 76%] Built target sensor_msgs_generate_messages_eus
[46.966s] [ 76%] Built target std_msgs_generate_messages_nodejs
[46.985s] [ 76%] Built target std_srvs_generate_messages_lisp
[46.989s] [ 76%] Built target _catkin_empty_exported_target
[47.000s] [ 76%] Built target sensor_msgs_generate_messages_cpp
[47.013s] [ 76%] Built target autoware_msgs_generate_messages_cpp
[47.026s] [ 76%] Built target pcl_msgs_generate_messages_nodejs
[47.039s] [ 76%] Built target rosgraph_msgs_generate_messages_cpp
[47.050s] [ 76%] Built target jsk_recognition_msgs_generate_messages_py
[47.055s] [ 76%] Built target std_srvs_generate_messages_cpp
[47.064s] [ 76%] Built target sensor_msgs_generate_messages_lisp
[47.076s] [ 76%] Built target sensor_msgs_generate_messages_py
[47.087s] [ 76%] Built target jsk_footstep_msgs_generate_messages_py
[47.091s] [ 76%] Built target std_msgs_generate_messages_cpp
[47.113s] [ 76%] Built target vector_map_msgs_generate_messages_nodejs
[47.119s] [ 76%] Built target visualization_msgs_generate_messages_nodejs
[47.129s] [ 76%] Built target topic_tools_generate_messages_py
[47.136s] [ 76%] Built target actionlib_msgs_generate_messages_nodejs
[47.143s] [ 76%] Built target geometry_msgs_generate_messages_eus
[47.158s] [ 76%] Built target std_msgs_generate_messages_lisp
[47.172s] [ 76%] Built target geometry_msgs_generate_messages_nodejs
[47.192s] [ 76%] Built target roscpp_generate_messages_nodejs
[47.192s] [ 76%] Built target pcl_msgs_generate_messages_cpp
[47.196s] [ 76%] Built target geometry_msgs_generate_messages_lisp
[47.217s] [ 76%] Built target topic_tools_generate_messages_lisp
[47.247s] [ 76%] Built target jsk_recognition_msgs_generate_messages_cpp
[47.284s] [ 76%] Built target autoware_msgs_generate_messages_lisp
[47.293s] [ 76%] Built target autoware_msgs_generate_messages_eus
[47.345s] [ 76%] Built target tf_generate_messages_lisp
[47.347s] [ 76%] Built target std_msgs_generate_messages_eus
[47.356s] [ 76%] Built target visualization_msgs_generate_messages_lisp
[47.384s] [ 76%] Built target tf_generate_messages_nodejs
[47.454s] [ 76%] Built target vector_map_msgs_generate_messages_py
[47.457s] [ 76%] Built target autoware_msgs_generate_messages_nodejs
[47.488s] [ 76%] Built target actionlib_msgs_generate_messages_py
[47.526s] [ 76%] Built target jsk_footstep_msgs_generate_messages_lisp
[47.551s] [ 76%] Built target jsk_footstep_msgs_generate_messages_eus
[47.554s] [ 76%] Built target vector_map_server_generate_messages_lisp
[47.644s] [ 76%] Built target actionlib_msgs_generate_messages_cpp
[47.650s] [ 76%] Built target jsk_footstep_msgs_generate_messages_cpp
[47.652s] [ 76%] Built target jsk_footstep_msgs_generate_messages_nodejs
[47.652s] [ 76%] Built target tf_generate_messages_eus
[47.673s] [ 76%] Built target vector_map_msgs_generate_messages_lisp
[47.738s] [ 76%] Built target actionlib_msgs_generate_messages_lisp
[47.766s] [ 76%] Built target actionlib_generate_messages_eus
[47.811s] [ 76%] Built target geometry_msgs_generate_messages_cpp
[47.816s] [ 76%] Built target actionlib_generate_messages_lisp
[47.820s] [ 76%] Built target pcl_msgs_generate_messages_py
[47.830s] [ 76%] Built target tf_generate_messages_cpp
[47.894s] [ 76%] Built target pcl_msgs_generate_messages_lisp
[47.919s] [ 76%] Built target actionlib_generate_messages_nodejs
[47.934s] [ 76%] Built target std_srvs_generate_messages_eus
[47.989s] [ 76%] Built target jsk_recognition_msgs_generate_messages_nodejs
[47.993s] [ 76%] Built target roscpp_generate_messages_py
[47.995s] [ 76%] Built target roscpp_generate_messages_lisp
[48.077s] [ 76%] Built target rosgraph_msgs_generate_messages_lisp
[48.082s] [ 76%] Built target rosgraph_msgs_generate_messages_nodejs
[48.120s] [ 76%] Built target vector_map_server_generate_messages_py
[48.125s] [ 76%] Built target rosgraph_msgs_generate_messages_py
[48.128s] [ 76%] Built target actionlib_msgs_generate_messages_eus
[48.161s] [ 76%] Built target roscpp_generate_messages_eus
[48.249s] [ 76%] Built target actionlib_generate_messages_py
[48.256s] [ 76%] Built target tf2_msgs_generate_messages_lisp
[48.284s] [ 76%] Built target tf2_msgs_generate_messages_nodejs
[48.289s] [ 76%] Built target tf2_msgs_generate_messages_py
[48.303s] [ 76%] Built target tf2_msgs_generate_messages_eus
[48.323s] [ 76%] Built target visualization_msgs_generate_messages_cpp
[48.371s] [ 76%] Built target visualization_msgs_generate_messages_py
[48.388s] [ 76%] Built target tf_generate_messages_py
[48.397s] [ 76%] Built target vector_map_msgs_generate_messages_cpp
[48.406s] [ 76%] Built target std_srvs_generate_messages_nodejs
[48.412s] [ 76%] Built target vector_map_msgs_generate_messages_eus
[48.418s] [ 76%] Built target visualization_msgs_generate_messages_eus
[48.446s] [ 76%] Built target vector_map_server_generate_messages_cpp
[48.457s] [ 76%] Built target roscpp_generate_messages_cpp
[48.461s] [ 76%] Built target topic_tools_generate_messages_eus
[48.470s] [ 76%] Built target topic_tools_generate_messages_cpp
[48.481s] [ 76%] Built target std_srvs_generate_messages_py
[48.529s] [100%] Built target op_pose2tf
[48.566s] [36mInstall the project...[0m
[48.581s] -- Install configuration: "Release"
[48.581s] -- Installing: /home/ros/autoware.ai/install/op_utilities/lib/pkgconfig/op_utilities.pc
[48.581s] -- Installing: /home/ros/autoware.ai/install/op_utilities/share/op_utilities/cmake/op_utilitiesConfig.cmake
[48.581s] -- Installing: /home/ros/autoware.ai/install/op_utilities/share/op_utilities/cmake/op_utilitiesConfig-version.cmake
[48.582s] -- Installing: /home/ros/autoware.ai/install/op_utilities/share/op_utilities/package.xml
[48.582s] -- Installing: /home/ros/autoware.ai/install/op_utilities/lib/op_utilities/op_pose2tf
[48.582s] -- Set runtime path of "/home/ros/autoware.ai/install/op_utilities/lib/op_utilities/op_pose2tf" to ""
[48.583s] -- Installing: /home/ros/autoware.ai/install/op_utilities/lib/op_utilities/op_data_logger
[48.583s] -- Set runtime path of "/home/ros/autoware.ai/install/op_utilities/lib/op_utilities/op_data_logger" to ""
[48.584s] -- Installing: /home/ros/autoware.ai/install/op_utilities/lib/op_utilities/op_bag_player
[48.584s] -- Set runtime path of "/home/ros/autoware.ai/install/op_utilities/lib/op_utilities/op_bag_player" to ""
[48.585s] -- Installing: /home/ros/autoware.ai/install/op_utilities/share/op_utilities/launch
[48.585s] -- Installing: /home/ros/autoware.ai/install/op_utilities/share/op_utilities/launch/op_map_converter.launch
[48.585s] -- Installing: /home/ros/autoware.ai/install/op_utilities/share/op_utilities/launch/op_bag_player.launch
[48.585s] -- Installing: /home/ros/autoware.ai/install/op_utilities/share/op_utilities/launch/op_data_logger.launch
[48.585s] -- Installing: /home/ros/autoware.ai/install/op_utilities/share/op_utilities/launch/op_pose2tf.launch
[48.592s] Invoked command in '/home/ros/autoware.ai/build/op_utilities' returned '0': CMAKE_PREFIX_PATH=/home/ros/autoware.ai/install/op_ros_helpers:/home/ros/autoware.ai/install/op_simu:/home/ros/autoware.ai/install/op_planner:/home/ros/autoware.ai/install/op_utility:/home/ros/autoware.ai/install/map_file:/home/ros/autoware.ai/install/vector_map_server:/home/ros/autoware.ai/install/libwaypoint_follower:/home/ros/autoware.ai/install/lanelet2_extension:/home/ros/autoware.ai/install/vector_map:/home/ros/autoware.ai/install/amathutils_lib:/home/ros/autoware.ai/install/vector_map_msgs:/home/ros/autoware.ai/install/autoware_msgs:/home/ros/autoware.ai/install/autoware_lanelet2_msgs:/home/ros/autoware.ai/install/autoware_build_flags:${CMAKE_PREFIX_PATH} LD_LIBRARY_PATH=/home/ros/autoware.ai/install/op_ros_helpers/lib:/home/ros/autoware.ai/install/op_simu/lib:/home/ros/autoware.ai/install/op_planner/lib:/home/ros/autoware.ai/install/op_utility/lib:/home/ros/autoware.ai/install/map_file/lib:/home/ros/autoware.ai/install/libwaypoint_follower/lib:/home/ros/autoware.ai/install/lanelet2_extension/lib:/home/ros/autoware.ai/install/vector_map/lib:/home/ros/autoware.ai/install/amathutils_lib/lib:${LD_LIBRARY_PATH} PKG_CONFIG_PATH=/home/ros/autoware.ai/install/op_ros_helpers/lib/x86_64-linux-gnu/pkgconfig:/home/ros/autoware.ai/install/op_ros_helpers/lib/pkgconfig:/home/ros/autoware.ai/install/op_simu/lib/x86_64-linux-gnu/pkgconfig:/home/ros/autoware.ai/install/op_simu/lib/pkgconfig:/home/ros/autoware.ai/install/op_planner/lib/x86_64-linux-gnu/pkgconfig:/home/ros/autoware.ai/install/op_planner/lib/pkgconfig:/home/ros/autoware.ai/install/op_utility/lib/x86_64-linux-gnu/pkgconfig:/home/ros/autoware.ai/install/op_utility/lib/pkgconfig:/home/ros/autoware.ai/install/map_file/lib/x86_64-linux-gnu/pkgconfig:/home/ros/autoware.ai/install/map_file/lib/pkgconfig:/home/ros/autoware.ai/install/vector_map_server/lib/x86_64-linux-gnu/pkgconfig:/home/ros/autoware.ai/install/vector_map_server/lib/pkgconfig:/home/ros/autoware.ai/install/libwaypoint_follower/lib/x86_64-linux-gnu/pkgconfig:/home/ros/autoware.ai/install/libwaypoint_follower/lib/pkgconfig:/home/ros/autoware.ai/install/lanelet2_extension/lib/x86_64-linux-gnu/pkgconfig:/home/ros/autoware.ai/install/lanelet2_extension/lib/pkgconfig:/home/ros/autoware.ai/install/vector_map/lib/x86_64-linux-gnu/pkgconfig:/home/ros/autoware.ai/install/vector_map/lib/pkgconfig:/home/ros/autoware.ai/install/amathutils_lib/lib/x86_64-linux-gnu/pkgconfig:/home/ros/autoware.ai/install/amathutils_lib/lib/pkgconfig:/home/ros/autoware.ai/install/vector_map_msgs/lib/x86_64-linux-gnu/pkgconfig:/home/ros/autoware.ai/install/vector_map_msgs/lib/pkgconfig:/home/ros/autoware.ai/install/autoware_msgs/lib/x86_64-linux-gnu/pkgconfig:/home/ros/autoware.ai/install/autoware_msgs/lib/pkgconfig:/home/ros/autoware.ai/install/autoware_lanelet2_msgs/lib/x86_64-linux-gnu/pkgconfig:/home/ros/autoware.ai/install/autoware_lanelet2_msgs/lib/pkgconfig:/home/ros/autoware.ai/install/autoware_build_flags/lib/x86_64-linux-gnu/pkgconfig:/home/ros/autoware.ai/install/autoware_build_flags/lib/pkgconfig:${PKG_CONFIG_PATH} PYTHONPATH=/home/ros/autoware.ai/install/vector_map_server/lib/python2.7/dist-packages:/home/ros/autoware.ai/install/vector_map_msgs/lib/python2.7/dist-packages:/home/ros/autoware.ai/install/autoware_msgs/lib/python2.7/dist-packages:/home/ros/autoware.ai/install/autoware_lanelet2_msgs/lib/python2.7/dist-packages:${PYTHONPATH} ROS_PACKAGE_PATH=/home/ros/autoware.ai/install/op_ros_helpers/share:/home/ros/autoware.ai/install/op_simu/share:/home/ros/autoware.ai/install/op_planner/share:/home/ros/autoware.ai/install/op_utility/share:/home/ros/autoware.ai/install/map_file/share:/home/ros/autoware.ai/install/vector_map_server/share:/home/ros/autoware.ai/install/libwaypoint_follower/share:/home/ros/autoware.ai/install/lanelet2_extension/share:/home/ros/autoware.ai/install/vector_map/share:/home/ros/autoware.ai/install/amathutils_lib/share:/home/ros/autoware.ai/install/vector_map_msgs/share:/home/ros/autoware.ai/install/autoware_msgs/share:/home/ros/autoware.ai/install/autoware_lanelet2_msgs/share:/home/ros/autoware.ai/install/autoware_build_flags/share:${ROS_PACKAGE_PATH} /usr/bin/cmake --build /home/ros/autoware.ai/build/op_utilities --target install -- -j12 -l12
