[0.049s] Invoking command in '/home/ros/autoware.ai/build/ros_observer': /usr/bin/cmake /home/ros/autoware.ai/src/autoware/common/ros_observer -DCMAKE_BUILD_TYPE=Release -DCATKIN_INSTALL_INTO_PREFIX_ROOT=0 -DCMAKE_INSTALL_PREFIX=/home/ros/autoware.ai/install/ros_observer
[0.113s] -- The C compiler identification is GNU 7.5.0
[0.183s] -- The CXX compiler identification is GNU 7.5.0
[0.187s] -- Check for working C compiler: /usr/bin/cc
[0.261s] -- Check for working C compiler: /usr/bin/cc -- works
[0.261s] -- Detecting C compiler ABI info
[0.343s] -- Detecting C compiler ABI info - done
[0.354s] -- Detecting C compile features
[0.673s] -- Detecting C compile features - done
[0.677s] -- Check for working CXX compiler: /usr/bin/c++
[0.780s] -- Check for working CXX compiler: /usr/bin/c++ -- works
[0.780s] -- Detecting CXX compiler ABI info
[0.881s] -- Detecting CXX compiler ABI info - done
[0.892s] -- Detecting CXX compile features
[1.492s] -- Detecting CXX compile features - done
[1.496s] -- Using CATKIN_DEVEL_PREFIX: /home/ros/autoware.ai/build/ros_observer/devel
[1.496s] -- Using CMAKE_PREFIX_PATH: /opt/ros/melodic
[1.497s] -- This workspace overlays: /opt/ros/melodic
[1.530s] -- Found PythonInterp: /usr/bin/python2 (found suitable version "2.7.17", minimum required is "2") 
[1.530s] -- Using PYTHON_EXECUTABLE: /usr/bin/python2
[1.531s] -- Using Debian Python package layout
[1.531s] -- Using empy: /usr/bin/empy
[1.797s] -- Using CATKIN_ENABLE_TESTING: ON
[1.797s] -- Call enable_testing()
[1.806s] -- Using CATKIN_TEST_RESULTS_DIR: /home/ros/autoware.ai/build/ros_observer/test_results
[1.828s] -- Found gtest sources under '/usr/src/googletest': gtests will be built
[1.828s] -- Found gmock sources under '/usr/src/googletest': gmock will be built
[1.844s] -- Found PythonInterp: /usr/bin/python2 (found version "2.7.17") 
[1.845s] -- Looking for pthread.h
[1.944s] -- Looking for pthread.h - found
[1.944s] -- Looking for pthread_create
[2.028s] -- Looking for pthread_create - not found
[2.028s] -- Looking for pthread_create in pthreads
[2.099s] -- Looking for pthread_create in pthreads - not found
[2.099s] -- Looking for pthread_create in pthread
[2.198s] -- Looking for pthread_create in pthread - found
[2.199s] -- Found Threads: TRUE  
[2.204s] -- Using Python nosetests: /usr/bin/nosetests-2.7
[2.249s] -- catkin 0.7.29
[2.250s] -- BUILD_SHARED_LIBS is on
[2.525s] -- Boost version: 1.65.1
[2.525s] -- Found the following Boost libraries:
[2.525s] --   thread
[2.525s] --   chrono
[2.525s] --   system
[2.525s] --   date_time
[2.525s] --   atomic
[2.675s] -- Configuring done
[2.699s] -- Generating done
[2.705s] -- Build files have been written to: /home/ros/autoware.ai/build/ros_observer
