[0.046s] Invoking command in '/home/ros/autoware.ai/build/autoware_launcher_rviz': CMAKE_PREFIX_PATH=/home/ros/autoware.ai/install/autoware_build_flags:${CMAKE_PREFIX_PATH} PKG_CONFIG_PATH=/home/ros/autoware.ai/install/autoware_build_flags/lib/x86_64-linux-gnu/pkgconfig:/home/ros/autoware.ai/install/autoware_build_flags/lib/pkgconfig:${PKG_CONFIG_PATH} ROS_PACKAGE_PATH=/home/ros/autoware.ai/install/autoware_build_flags/share:${ROS_PACKAGE_PATH} /usr/bin/cmake /home/ros/autoware.ai/src/autoware/utilities/autoware_launcher_rviz -DCMAKE_BUILD_TYPE=Release -DCATKIN_INSTALL_INTO_PREFIX_ROOT=0 -DCMAKE_INSTALL_PREFIX=/home/ros/autoware.ai/install/autoware_launcher_rviz
[0.189s] -- The C compiler identification is GNU 7.5.0
[0.272s] -- The CXX compiler identification is GNU 7.5.0
[0.280s] -- Check for working C compiler: /usr/bin/cc
[0.412s] -- Check for working C compiler: /usr/bin/cc -- works
[0.419s] -- Detecting C compiler ABI info
[0.547s] -- Detecting C compiler ABI info - done
[0.560s] -- Detecting C compile features
[1.112s] -- Detecting C compile features - done
[1.117s] -- Check for working CXX compiler: /usr/bin/c++
[1.280s] -- Check for working CXX compiler: /usr/bin/c++ -- works
[1.282s] -- Detecting CXX compiler ABI info
[1.435s] -- Detecting CXX compiler ABI info - done
[1.448s] -- Detecting CXX compile features
[2.226s] -- Detecting CXX compile features - done
[2.231s] -- Using CATKIN_DEVEL_PREFIX: /home/ros/autoware.ai/build/autoware_launcher_rviz/devel
[2.231s] -- Using CMAKE_PREFIX_PATH: /home/ros/autoware.ai/install/autoware_build_flags;/opt/ros/melodic
[2.231s] -- This workspace overlays: /home/ros/autoware.ai/install/autoware_build_flags;/opt/ros/melodic
[2.253s] -- Found PythonInterp: /usr/bin/python2 (found suitable version "2.7.17", minimum required is "2") 
[2.253s] -- Using PYTHON_EXECUTABLE: /usr/bin/python2
[2.254s] -- Using Debian Python package layout
[2.255s] -- Using empy: /usr/bin/empy
[2.508s] -- Using CATKIN_ENABLE_TESTING: ON
[2.508s] -- Call enable_testing()
[2.511s] -- Using CATKIN_TEST_RESULTS_DIR: /home/ros/autoware.ai/build/autoware_launcher_rviz/test_results
[2.540s] -- Found gtest sources under '/usr/src/googletest': gtests will be built
[2.541s] -- Found gmock sources under '/usr/src/googletest': gmock will be built
[2.558s] -- Found PythonInterp: /usr/bin/python2 (found version "2.7.17") 
[2.560s] -- Looking for pthread.h
[2.709s] -- Looking for pthread.h - found
[2.710s] -- Looking for pthread_create
[2.833s] -- Looking for pthread_create - not found
[2.833s] -- Looking for pthread_create in pthreads
[3.004s] -- Looking for pthread_create in pthreads - not found
[3.004s] -- Looking for pthread_create in pthread
[3.229s] -- Looking for pthread_create in pthread - found
[3.230s] -- Found Threads: TRUE  
[3.236s] -- Using Python nosetests: /usr/bin/nosetests-2.7
[3.292s] -- catkin 0.7.29
[3.292s] -- BUILD_SHARED_LIBS is on
[3.648s] -- Using these message generators: gencpp;geneus;genlisp;gennodejs;genpy
[3.881s] -- CUDA compilation status: .
[4.166s] -- Configuring done
[4.208s] -- Generating done
[4.221s] -- Build files have been written to: /home/ros/autoware.ai/build/autoware_launcher_rviz
[4.232s] Invoked command in '/home/ros/autoware.ai/build/autoware_launcher_rviz' returned '0': CMAKE_PREFIX_PATH=/home/ros/autoware.ai/install/autoware_build_flags:${CMAKE_PREFIX_PATH} PKG_CONFIG_PATH=/home/ros/autoware.ai/install/autoware_build_flags/lib/x86_64-linux-gnu/pkgconfig:/home/ros/autoware.ai/install/autoware_build_flags/lib/pkgconfig:${PKG_CONFIG_PATH} ROS_PACKAGE_PATH=/home/ros/autoware.ai/install/autoware_build_flags/share:${ROS_PACKAGE_PATH} /usr/bin/cmake /home/ros/autoware.ai/src/autoware/utilities/autoware_launcher_rviz -DCMAKE_BUILD_TYPE=Release -DCATKIN_INSTALL_INTO_PREFIX_ROOT=0 -DCMAKE_INSTALL_PREFIX=/home/ros/autoware.ai/install/autoware_launcher_rviz
[4.237s] Invoking command in '/home/ros/autoware.ai/build/autoware_launcher_rviz': CMAKE_PREFIX_PATH=/home/ros/autoware.ai/install/autoware_build_flags:${CMAKE_PREFIX_PATH} PKG_CONFIG_PATH=/home/ros/autoware.ai/install/autoware_build_flags/lib/x86_64-linux-gnu/pkgconfig:/home/ros/autoware.ai/install/autoware_build_flags/lib/pkgconfig:${PKG_CONFIG_PATH} ROS_PACKAGE_PATH=/home/ros/autoware.ai/install/autoware_build_flags/share:${ROS_PACKAGE_PATH} /usr/bin/cmake --build /home/ros/autoware.ai/build/autoware_launcher_rviz -- -j12 -l12
[4.295s] [ 25%] [34m[1mGenerating src/moc_module_panel.cpp[0m
[4.322s] [35m[1mScanning dependencies of target autoware_launcher_rviz[0m
[4.363s] [ 50%] [32mBuilding CXX object CMakeFiles/autoware_launcher_rviz.dir/src/moc_module_panel.cpp.o[0m
[5.572s] [ 75%] [32mBuilding CXX object CMakeFiles/autoware_launcher_rviz.dir/src/module_panel.cpp.o[0m
[8.297s] [100%] [32m[1mLinking CXX shared library devel/lib/libautoware_launcher_rviz.so[0m
[8.784s] [100%] Built target autoware_launcher_rviz
[8.814s] Invoked command in '/home/ros/autoware.ai/build/autoware_launcher_rviz' returned '0': CMAKE_PREFIX_PATH=/home/ros/autoware.ai/install/autoware_build_flags:${CMAKE_PREFIX_PATH} PKG_CONFIG_PATH=/home/ros/autoware.ai/install/autoware_build_flags/lib/x86_64-linux-gnu/pkgconfig:/home/ros/autoware.ai/install/autoware_build_flags/lib/pkgconfig:${PKG_CONFIG_PATH} ROS_PACKAGE_PATH=/home/ros/autoware.ai/install/autoware_build_flags/share:${ROS_PACKAGE_PATH} /usr/bin/cmake --build /home/ros/autoware.ai/build/autoware_launcher_rviz -- -j12 -l12
[9.180s] Invoking command in '/home/ros/autoware.ai/build/autoware_launcher_rviz': CMAKE_PREFIX_PATH=/home/ros/autoware.ai/install/autoware_build_flags:${CMAKE_PREFIX_PATH} PKG_CONFIG_PATH=/home/ros/autoware.ai/install/autoware_build_flags/lib/x86_64-linux-gnu/pkgconfig:/home/ros/autoware.ai/install/autoware_build_flags/lib/pkgconfig:${PKG_CONFIG_PATH} ROS_PACKAGE_PATH=/home/ros/autoware.ai/install/autoware_build_flags/share:${ROS_PACKAGE_PATH} /usr/bin/cmake --build /home/ros/autoware.ai/build/autoware_launcher_rviz --target tests -- -j12 -l12
[9.274s] [35m[1mScanning dependencies of target tests[0m
[9.290s] Built target tests
[9.308s] Invoked command in '/home/ros/autoware.ai/build/autoware_launcher_rviz' returned '0': CMAKE_PREFIX_PATH=/home/ros/autoware.ai/install/autoware_build_flags:${CMAKE_PREFIX_PATH} PKG_CONFIG_PATH=/home/ros/autoware.ai/install/autoware_build_flags/lib/x86_64-linux-gnu/pkgconfig:/home/ros/autoware.ai/install/autoware_build_flags/lib/pkgconfig:${PKG_CONFIG_PATH} ROS_PACKAGE_PATH=/home/ros/autoware.ai/install/autoware_build_flags/share:${ROS_PACKAGE_PATH} /usr/bin/cmake --build /home/ros/autoware.ai/build/autoware_launcher_rviz --target tests -- -j12 -l12
[9.690s] Invoking command in '/home/ros/autoware.ai/build/autoware_launcher_rviz': CMAKE_PREFIX_PATH=/home/ros/autoware.ai/install/autoware_build_flags:${CMAKE_PREFIX_PATH} PKG_CONFIG_PATH=/home/ros/autoware.ai/install/autoware_build_flags/lib/x86_64-linux-gnu/pkgconfig:/home/ros/autoware.ai/install/autoware_build_flags/lib/pkgconfig:${PKG_CONFIG_PATH} ROS_PACKAGE_PATH=/home/ros/autoware.ai/install/autoware_build_flags/share:${ROS_PACKAGE_PATH} /usr/bin/cmake --build /home/ros/autoware.ai/build/autoware_launcher_rviz --target install -- -j12 -l12
[9.828s] [100%] Built target autoware_launcher_rviz
[9.884s] [36mInstall the project...[0m
[9.897s] -- Install configuration: "Release"
[9.897s] -- Installing: /home/ros/autoware.ai/install/autoware_launcher_rviz/lib/pkgconfig/autoware_launcher_rviz.pc
[9.898s] -- Installing: /home/ros/autoware.ai/install/autoware_launcher_rviz/share/autoware_launcher_rviz/cmake/autoware_launcher_rvizConfig.cmake
[9.898s] -- Installing: /home/ros/autoware.ai/install/autoware_launcher_rviz/share/autoware_launcher_rviz/cmake/autoware_launcher_rvizConfig-version.cmake
[9.899s] -- Installing: /home/ros/autoware.ai/install/autoware_launcher_rviz/share/autoware_launcher_rviz/package.xml
[9.899s] -- Installing: /home/ros/autoware.ai/install/autoware_launcher_rviz/lib/libautoware_launcher_rviz.so
[9.900s] -- Set runtime path of "/home/ros/autoware.ai/install/autoware_launcher_rviz/lib/libautoware_launcher_rviz.so" to ""
[9.900s] -- Installing: /home/ros/autoware.ai/install/autoware_launcher_rviz/share/autoware_launcher_rviz/plugin_description.xml
[9.901s] -- Installing: /home/ros/autoware.ai/install/autoware_launcher_rviz/share/autoware_launcher_rviz/icons/icons
[9.901s] -- Installing: /home/ros/autoware.ai/install/autoware_launcher_rviz/share/autoware_launcher_rviz/icons/icons/classes
[9.901s] -- Installing: /home/ros/autoware.ai/install/autoware_launcher_rviz/share/autoware_launcher_rviz/icons/icons/classes/ModulePanel.png
[9.906s] Invoked command in '/home/ros/autoware.ai/build/autoware_launcher_rviz' returned '0': CMAKE_PREFIX_PATH=/home/ros/autoware.ai/install/autoware_build_flags:${CMAKE_PREFIX_PATH} PKG_CONFIG_PATH=/home/ros/autoware.ai/install/autoware_build_flags/lib/x86_64-linux-gnu/pkgconfig:/home/ros/autoware.ai/install/autoware_build_flags/lib/pkgconfig:${PKG_CONFIG_PATH} ROS_PACKAGE_PATH=/home/ros/autoware.ai/install/autoware_build_flags/share:${ROS_PACKAGE_PATH} /usr/bin/cmake --build /home/ros/autoware.ai/build/autoware_launcher_rviz --target install -- -j12 -l12
