[0.152s] Invoking command in '/home/ros/autoware.ai/build/points2image': CMAKE_PREFIX_PATH=/home/ros/autoware.ai/install/rosinterface:/home/ros/autoware.ai/install/fastvirtualscan:/home/ros/autoware.ai/install/autoware_msgs:/home/ros/autoware.ai/install/autoware_build_flags:${CMAKE_PREFIX_PATH} LD_LIBRARY_PATH=/home/ros/autoware.ai/install/rosinterface/lib:/home/ros/autoware.ai/install/fastvirtualscan/lib:${LD_LIBRARY_PATH} PKG_CONFIG_PATH=/home/ros/autoware.ai/install/rosinterface/lib/x86_64-linux-gnu/pkgconfig:/home/ros/autoware.ai/install/rosinterface/lib/pkgconfig:/home/ros/autoware.ai/install/fastvirtualscan/lib/x86_64-linux-gnu/pkgconfig:/home/ros/autoware.ai/install/fastvirtualscan/lib/pkgconfig:/home/ros/autoware.ai/install/autoware_msgs/lib/x86_64-linux-gnu/pkgconfig:/home/ros/autoware.ai/install/autoware_msgs/lib/pkgconfig:/home/ros/autoware.ai/install/autoware_build_flags/lib/x86_64-linux-gnu/pkgconfig:/home/ros/autoware.ai/install/autoware_build_flags/lib/pkgconfig:${PKG_CONFIG_PATH} PYTHONPATH=/home/ros/autoware.ai/install/autoware_msgs/lib/python2.7/dist-packages:${PYTHONPATH} ROS_PACKAGE_PATH=/home/ros/autoware.ai/install/rosinterface/share:/home/ros/autoware.ai/install/fastvirtualscan/share:/home/ros/autoware.ai/install/autoware_msgs/share:/home/ros/autoware.ai/install/autoware_build_flags/share:${ROS_PACKAGE_PATH} /usr/bin/cmake /home/ros/autoware.ai/src/autoware/visualization/points2image -DCMAKE_BUILD_TYPE=Release -DCATKIN_INSTALL_INTO_PREFIX_ROOT=0 -DCMAKE_INSTALL_PREFIX=/home/ros/autoware.ai/install/points2image
[0.304s] -- The C compiler identification is GNU 7.5.0
[0.419s] -- The CXX compiler identification is GNU 7.5.0
[0.426s] -- Check for working C compiler: /usr/bin/cc
[0.578s] -- Check for working C compiler: /usr/bin/cc -- works
[0.579s] -- Detecting C compiler ABI info
[0.751s] -- Detecting C compiler ABI info - done
[0.765s] -- Detecting C compile features
[1.190s] -- Detecting C compile features - done
[1.194s] -- Check for working CXX compiler: /usr/bin/c++
[1.342s] -- Check for working CXX compiler: /usr/bin/c++ -- works
[1.345s] -- Detecting CXX compiler ABI info
[1.487s] -- Detecting CXX compiler ABI info - done
[1.500s] -- Detecting CXX compile features
[2.183s] -- Detecting CXX compile features - done
[2.199s] -- Found PkgConfig: /usr/bin/pkg-config (found version "0.29.1") 
[2.201s] -- CUDA compilation status: .
[2.204s] -- Using CATKIN_DEVEL_PREFIX: /home/ros/autoware.ai/build/points2image/devel
[2.204s] -- Using CMAKE_PREFIX_PATH: /home/ros/autoware.ai/install/rosinterface;/home/ros/autoware.ai/install/fastvirtualscan;/home/ros/autoware.ai/install/autoware_msgs;/home/ros/autoware.ai/install/autoware_build_flags;/opt/ros/melodic
[2.205s] -- This workspace overlays: /home/ros/autoware.ai/install/rosinterface;/home/ros/autoware.ai/install/fastvirtualscan;/home/ros/autoware.ai/install/autoware_msgs;/home/ros/autoware.ai/install/autoware_build_flags;/opt/ros/melodic
[2.225s] -- Found PythonInterp: /usr/bin/python2 (found suitable version "2.7.17", minimum required is "2") 
[2.225s] -- Using PYTHON_EXECUTABLE: /usr/bin/python2
[2.226s] -- Using Debian Python package layout
[2.227s] -- Using empy: /usr/bin/empy
[2.505s] -- Using CATKIN_ENABLE_TESTING: ON
[2.505s] -- Call enable_testing()
[2.519s] -- Using CATKIN_TEST_RESULTS_DIR: /home/ros/autoware.ai/build/points2image/test_results
[2.547s] -- Found gtest sources under '/usr/src/googletest': gtests will be built
[2.547s] -- Found gmock sources under '/usr/src/googletest': gmock will be built
[2.579s] -- Found PythonInterp: /usr/bin/python2 (found version "2.7.17") 
[2.581s] -- Looking for pthread.h
[2.736s] -- Looking for pthread.h - found
[2.736s] -- Looking for pthread_create
[2.892s] -- Looking for pthread_create - not found
[2.893s] -- Looking for pthread_create in pthreads
[3.020s] -- Looking for pthread_create in pthreads - not found
[3.021s] -- Looking for pthread_create in pthread
[3.170s] -- Looking for pthread_create in pthread - found
[3.172s] -- Found Threads: TRUE  
[3.178s] -- Using Python nosetests: /usr/bin/nosetests-2.7
[3.253s] -- catkin 0.7.29
[3.253s] -- BUILD_SHARED_LIBS is on
[3.537s] -- Using these message generators: gencpp;geneus;genlisp;gennodejs;genpy
[5.044s] -- Found OpenCV: /usr (found version "3.2.0") 
[5.076s] -- Found GLUT: /usr/lib/x86_64-linux-gnu/libglut.so  
[5.087s] -- Found OpenGL: /usr/lib/x86_64-linux-gnu/libOpenGL.so   
[5.330s] -- Configuring done
[5.692s] -- Generating done
[5.713s] -- Build files have been written to: /home/ros/autoware.ai/build/points2image
[5.723s] Invoked command in '/home/ros/autoware.ai/build/points2image' returned '0': CMAKE_PREFIX_PATH=/home/ros/autoware.ai/install/rosinterface:/home/ros/autoware.ai/install/fastvirtualscan:/home/ros/autoware.ai/install/autoware_msgs:/home/ros/autoware.ai/install/autoware_build_flags:${CMAKE_PREFIX_PATH} LD_LIBRARY_PATH=/home/ros/autoware.ai/install/rosinterface/lib:/home/ros/autoware.ai/install/fastvirtualscan/lib:${LD_LIBRARY_PATH} PKG_CONFIG_PATH=/home/ros/autoware.ai/install/rosinterface/lib/x86_64-linux-gnu/pkgconfig:/home/ros/autoware.ai/install/rosinterface/lib/pkgconfig:/home/ros/autoware.ai/install/fastvirtualscan/lib/x86_64-linux-gnu/pkgconfig:/home/ros/autoware.ai/install/fastvirtualscan/lib/pkgconfig:/home/ros/autoware.ai/install/autoware_msgs/lib/x86_64-linux-gnu/pkgconfig:/home/ros/autoware.ai/install/autoware_msgs/lib/pkgconfig:/home/ros/autoware.ai/install/autoware_build_flags/lib/x86_64-linux-gnu/pkgconfig:/home/ros/autoware.ai/install/autoware_build_flags/lib/pkgconfig:${PKG_CONFIG_PATH} PYTHONPATH=/home/ros/autoware.ai/install/autoware_msgs/lib/python2.7/dist-packages:${PYTHONPATH} ROS_PACKAGE_PATH=/home/ros/autoware.ai/install/rosinterface/share:/home/ros/autoware.ai/install/fastvirtualscan/share:/home/ros/autoware.ai/install/autoware_msgs/share:/home/ros/autoware.ai/install/autoware_build_flags/share:${ROS_PACKAGE_PATH} /usr/bin/cmake /home/ros/autoware.ai/src/autoware/visualization/points2image -DCMAKE_BUILD_TYPE=Release -DCATKIN_INSTALL_INTO_PREFIX_ROOT=0 -DCMAKE_INSTALL_PREFIX=/home/ros/autoware.ai/install/points2image
[5.726s] Invoking command in '/home/ros/autoware.ai/build/points2image': CMAKE_PREFIX_PATH=/home/ros/autoware.ai/install/rosinterface:/home/ros/autoware.ai/install/fastvirtualscan:/home/ros/autoware.ai/install/autoware_msgs:/home/ros/autoware.ai/install/autoware_build_flags:${CMAKE_PREFIX_PATH} LD_LIBRARY_PATH=/home/ros/autoware.ai/install/rosinterface/lib:/home/ros/autoware.ai/install/fastvirtualscan/lib:${LD_LIBRARY_PATH} PKG_CONFIG_PATH=/home/ros/autoware.ai/install/rosinterface/lib/x86_64-linux-gnu/pkgconfig:/home/ros/autoware.ai/install/rosinterface/lib/pkgconfig:/home/ros/autoware.ai/install/fastvirtualscan/lib/x86_64-linux-gnu/pkgconfig:/home/ros/autoware.ai/install/fastvirtualscan/lib/pkgconfig:/home/ros/autoware.ai/install/autoware_msgs/lib/x86_64-linux-gnu/pkgconfig:/home/ros/autoware.ai/install/autoware_msgs/lib/pkgconfig:/home/ros/autoware.ai/install/autoware_build_flags/lib/x86_64-linux-gnu/pkgconfig:/home/ros/autoware.ai/install/autoware_build_flags/lib/pkgconfig:${PKG_CONFIG_PATH} PYTHONPATH=/home/ros/autoware.ai/install/autoware_msgs/lib/python2.7/dist-packages:${PYTHONPATH} ROS_PACKAGE_PATH=/home/ros/autoware.ai/install/rosinterface/share:/home/ros/autoware.ai/install/fastvirtualscan/share:/home/ros/autoware.ai/install/autoware_msgs/share:/home/ros/autoware.ai/install/autoware_build_flags/share:${ROS_PACKAGE_PATH} /usr/bin/cmake --build /home/ros/autoware.ai/build/points2image -- -j12 -l12
[5.873s] [35m[1mScanning dependencies of target std_srvs_generate_messages_lisp[0m
[5.892s] [  0%] Built target std_srvs_generate_messages_lisp
[5.926s] [35m[1mScanning dependencies of target topic_tools_generate_messages_cpp[0m
[5.963s] [  0%] Built target topic_tools_generate_messages_cpp
[5.997s] [35m[1mScanning dependencies of target std_srvs_generate_messages_py[0m
[6.033s] [  0%] Built target std_srvs_generate_messages_py
[6.066s] [35m[1mScanning dependencies of target geometry_msgs_generate_messages_py[0m
[6.100s] [  0%] Built target geometry_msgs_generate_messages_py
[6.122s] [35m[1mScanning dependencies of target sensor_msgs_generate_messages_nodejs[0m
[6.174s] [  0%] Built target sensor_msgs_generate_messages_nodejs
[6.200s] [35m[1mScanning dependencies of target roscpp_generate_messages_cpp[0m
[6.229s] [  0%] Built target roscpp_generate_messages_cpp
[6.274s] [35m[1mScanning dependencies of target pcl_msgs_generate_messages_eus[0m
[6.305s] [  0%] Built target pcl_msgs_generate_messages_eus
[6.334s] [35m[1mScanning dependencies of target rosgraph_msgs_generate_messages_eus[0m
[6.362s] [  0%] Built target rosgraph_msgs_generate_messages_eus
[6.388s] [35m[1mScanning dependencies of target jsk_recognition_msgs_generate_messages_lisp[0m
[6.405s] [  0%] Built target jsk_recognition_msgs_generate_messages_lisp
[6.451s] [35m[1mScanning dependencies of target jsk_recognition_msgs_generate_messages_eus[0m
[6.480s] [  0%] Built target jsk_recognition_msgs_generate_messages_eus
[6.495s] [35m[1mScanning dependencies of target std_msgs_generate_messages_py[0m
[6.522s] [  0%] Built target std_msgs_generate_messages_py
[6.552s] [35m[1mScanning dependencies of target std_msgs_generate_messages_nodejs[0m
[6.580s] [  0%] Built target std_msgs_generate_messages_nodejs
[6.614s] [35m[1mScanning dependencies of target bond_generate_messages_lisp[0m
[6.646s] [  0%] Built target bond_generate_messages_lisp
[6.693s] [35m[1mScanning dependencies of target sensor_msgs_generate_messages_eus[0m
[6.725s] [  0%] Built target sensor_msgs_generate_messages_eus
[6.771s] [35m[1mScanning dependencies of target sensor_msgs_generate_messages_cpp[0m
[6.801s] [  0%] Built target sensor_msgs_generate_messages_cpp
[6.833s] [35m[1mScanning dependencies of target autoware_msgs_generate_messages_cpp[0m
[6.868s] [  0%] Built target autoware_msgs_generate_messages_cpp
[6.895s] [35m[1mScanning dependencies of target rosgraph_msgs_generate_messages_cpp[0m
[6.940s] [  0%] Built target rosgraph_msgs_generate_messages_cpp
[6.984s] [35m[1mScanning dependencies of target tf_generate_messages_py[0m
[7.014s] [  0%] Built target tf_generate_messages_py
[7.046s] [35m[1mScanning dependencies of target dynamic_reconfigure_generate_messages_cpp[0m
[7.081s] [  0%] Built target dynamic_reconfigure_generate_messages_cpp
[7.122s] [35m[1mScanning dependencies of target pcl_msgs_generate_messages_nodejs[0m
[7.145s] [  0%] Built target pcl_msgs_generate_messages_nodejs
[7.175s] [35m[1mScanning dependencies of target nodelet_generate_messages_nodejs[0m
[7.204s] [  0%] Built target nodelet_generate_messages_nodejs
[7.234s] [35m[1mScanning dependencies of target jsk_recognition_msgs_generate_messages_py[0m
[7.265s] [  0%] Built target jsk_recognition_msgs_generate_messages_py
[7.296s] [35m[1mScanning dependencies of target sensor_msgs_generate_messages_lisp[0m
[7.325s] [  0%] Built target sensor_msgs_generate_messages_lisp
[7.366s] [35m[1mScanning dependencies of target std_msgs_generate_messages_cpp[0m
[7.391s] [  0%] Built target std_msgs_generate_messages_cpp
[7.418s] [35m[1mScanning dependencies of target jsk_footstep_msgs_generate_messages_py[0m
[7.450s] [  0%] Built target jsk_footstep_msgs_generate_messages_py
[7.487s] [35m[1mScanning dependencies of target sensor_msgs_generate_messages_py[0m
[7.504s] [  0%] Built target sensor_msgs_generate_messages_py
[7.531s] [35m[1mScanning dependencies of target nodelet_generate_messages_py[0m
[7.568s] [  0%] Built target nodelet_generate_messages_py
[7.596s] [35m[1mScanning dependencies of target geometry_msgs_generate_messages_eus[0m
[7.624s] [  0%] Built target geometry_msgs_generate_messages_eus
[7.661s] [35m[1mScanning dependencies of target std_msgs_generate_messages_lisp[0m
[7.688s] [  0%] Built target std_msgs_generate_messages_lisp
[7.716s] [35m[1mScanning dependencies of target roscpp_generate_messages_nodejs[0m
[7.746s] [  0%] Built target roscpp_generate_messages_nodejs
[7.780s] [35m[1mScanning dependencies of target geometry_msgs_generate_messages_nodejs[0m
[7.812s] [  0%] Built target geometry_msgs_generate_messages_nodejs
[7.849s] [35m[1mScanning dependencies of target actionlib_generate_messages_eus[0m
[7.880s] [  0%] Built target actionlib_generate_messages_eus
[7.913s] [35m[1mScanning dependencies of target pcl_msgs_generate_messages_py[0m
[7.945s] [  0%] Built target pcl_msgs_generate_messages_py
[7.983s] [35m[1mScanning dependencies of target geometry_msgs_generate_messages_lisp[0m
[8.012s] [  0%] Built target geometry_msgs_generate_messages_lisp
[8.040s] [35m[1mScanning dependencies of target actionlib_generate_messages_lisp[0m
[8.076s] [  0%] Built target actionlib_generate_messages_lisp
[8.106s] [35m[1mScanning dependencies of target geometry_msgs_generate_messages_cpp[0m
[8.124s] [  0%] Built target geometry_msgs_generate_messages_cpp
[8.154s] [35m[1mScanning dependencies of target pcl_msgs_generate_messages_cpp[0m
[8.167s] [  0%] Built target pcl_msgs_generate_messages_cpp
[8.186s] [35m[1mScanning dependencies of target dynamic_reconfigure_generate_messages_lisp[0m
[8.215s] [  0%] Built target dynamic_reconfigure_generate_messages_lisp
[8.240s] [35m[1mScanning dependencies of target topic_tools_generate_messages_lisp[0m
[8.259s] [  0%] Built target topic_tools_generate_messages_lisp
[8.290s] [35m[1mScanning dependencies of target jsk_recognition_msgs_generate_messages_cpp[0m
[8.316s] [  0%] Built target jsk_recognition_msgs_generate_messages_cpp
[8.339s] [35m[1mScanning dependencies of target autoware_msgs_generate_messages_eus[0m
[8.363s] [  0%] Built target autoware_msgs_generate_messages_eus
[8.393s] [35m[1mScanning dependencies of target autoware_msgs_generate_messages_lisp[0m
[8.412s] [  0%] Built target autoware_msgs_generate_messages_lisp
[8.428s] [35m[1mScanning dependencies of target autoware_msgs_generate_messages_py[0m
[8.441s] [  0%] Built target autoware_msgs_generate_messages_py
[8.467s] [35m[1mScanning dependencies of target nodelet_generate_messages_lisp[0m
[8.494s] [  0%] Built target nodelet_generate_messages_lisp
[8.515s] [35m[1mScanning dependencies of target actionlib_generate_messages_nodejs[0m
[8.532s] [  0%] Built target actionlib_generate_messages_nodejs
[8.548s] [35m[1mScanning dependencies of target tf_generate_messages_cpp[0m
[8.563s] [  0%] Built target tf_generate_messages_cpp
[8.590s] [35m[1mScanning dependencies of target pcl_msgs_generate_messages_lisp[0m
[8.607s] [  0%] Built target pcl_msgs_generate_messages_lisp
[8.622s] [35m[1mScanning dependencies of target std_msgs_generate_messages_eus[0m
[8.637s] [  0%] Built target std_msgs_generate_messages_eus
[8.656s] [35m[1mScanning dependencies of target autoware_msgs_generate_messages_nodejs[0m
[8.675s] [  0%] Built target autoware_msgs_generate_messages_nodejs
[8.697s] [35m[1mScanning dependencies of target jsk_footstep_msgs_generate_messages_eus[0m
[8.713s] [  0%] Built target jsk_footstep_msgs_generate_messages_eus
[8.728s] [35m[1mScanning dependencies of target actionlib_msgs_generate_messages_py[0m
[8.743s] [  0%] Built target actionlib_msgs_generate_messages_py
[8.764s] [35m[1mScanning dependencies of target jsk_footstep_msgs_generate_messages_lisp[0m
[8.793s] [  0%] Built target jsk_footstep_msgs_generate_messages_lisp
[8.825s] [35m[1mScanning dependencies of target jsk_footstep_msgs_generate_messages_nodejs[0m
[8.851s] [  0%] Built target jsk_footstep_msgs_generate_messages_nodejs
[8.888s] [35m[1mScanning dependencies of target tf_generate_messages_eus[0m
[8.915s] [  0%] Built target tf_generate_messages_eus
[8.943s] [35m[1mScanning dependencies of target jsk_footstep_msgs_generate_messages_cpp[0m
[8.977s] [  0%] Built target jsk_footstep_msgs_generate_messages_cpp
[9.000s] [35m[1mScanning dependencies of target actionlib_msgs_generate_messages_cpp[0m
[9.017s] [  0%] Built target actionlib_msgs_generate_messages_cpp
[9.045s] [35m[1mScanning dependencies of target std_srvs_generate_messages_cpp[0m
[9.075s] [  0%] Built target std_srvs_generate_messages_cpp
[9.102s] [35m[1mScanning dependencies of target actionlib_msgs_generate_messages_lisp[0m
[9.132s] [  0%] Built target actionlib_msgs_generate_messages_lisp
[9.152s] [35m[1mScanning dependencies of target jsk_recognition_msgs_generate_messages_nodejs[0m
[9.172s] [  0%] Built target jsk_recognition_msgs_generate_messages_nodejs
[9.188s] [35m[1mScanning dependencies of target std_srvs_generate_messages_eus[0m
[9.202s] [  0%] Built target std_srvs_generate_messages_eus
[9.228s] [35m[1mScanning dependencies of target roscpp_generate_messages_lisp[0m
[9.250s] [  0%] Built target roscpp_generate_messages_lisp
[9.273s] [35m[1mScanning dependencies of target bond_generate_messages_eus[0m
[9.296s] [  0%] Built target bond_generate_messages_eus
[9.331s] [35m[1mScanning dependencies of target roscpp_generate_messages_py[0m
[9.348s] [  0%] Built target roscpp_generate_messages_py
[9.377s] [35m[1mScanning dependencies of target rosgraph_msgs_generate_messages_lisp[0m
[9.399s] [  0%] Built target rosgraph_msgs_generate_messages_lisp
[9.416s] [35m[1mScanning dependencies of target rosgraph_msgs_generate_messages_nodejs[0m
[9.441s] [  0%] Built target rosgraph_msgs_generate_messages_nodejs
[9.460s] [35m[1mScanning dependencies of target roscpp_generate_messages_eus[0m
[9.496s] [  0%] Built target roscpp_generate_messages_eus
[9.528s] [35m[1mScanning dependencies of target actionlib_msgs_generate_messages_eus[0m
[9.543s] [  0%] Built target actionlib_msgs_generate_messages_eus
[9.563s] [35m[1mScanning dependencies of target rosgraph_msgs_generate_messages_py[0m
[9.587s] [  0%] Built target rosgraph_msgs_generate_messages_py
[9.612s] [35m[1mScanning dependencies of target pcl_ros_gencfg[0m
[9.637s] [  0%] Built target pcl_ros_gencfg
[9.676s] [35m[1mScanning dependencies of target dynamic_reconfigure_generate_messages_eus[0m
[9.692s] [  0%] Built target dynamic_reconfigure_generate_messages_eus
[9.710s] [35m[1mScanning dependencies of target dynamic_reconfigure_generate_messages_nodejs[0m
[9.738s] [  0%] Built target dynamic_reconfigure_generate_messages_nodejs
[9.755s] [35m[1mScanning dependencies of target dynamic_reconfigure_generate_messages_py[0m
[9.776s] [  0%] Built target dynamic_reconfigure_generate_messages_py
[9.803s] [35m[1mScanning dependencies of target tf2_msgs_generate_messages_lisp[0m
[9.820s] [  0%] Built target tf2_msgs_generate_messages_lisp
[9.865s] [35m[1mScanning dependencies of target dynamic_reconfigure_gencfg[0m
[9.885s] [  0%] Built target dynamic_reconfigure_gencfg
[9.902s] [35m[1mScanning dependencies of target nodelet_generate_messages_cpp[0m
[9.924s] [  0%] Built target nodelet_generate_messages_cpp
[9.941s] [35m[1mScanning dependencies of target bond_generate_messages_py[0m
[9.958s] [  0%] Built target bond_generate_messages_py
[9.990s] [35m[1mScanning dependencies of target std_srvs_generate_messages_nodejs[0m
[10.020s] [  0%] Built target std_srvs_generate_messages_nodejs
[10.048s] [35m[1mScanning dependencies of target nodelet_generate_messages_eus[0m
[10.062s] [  0%] Built target nodelet_generate_messages_eus
[10.082s] [35m[1mScanning dependencies of target bond_generate_messages_cpp[0m
[10.107s] [  0%] Built target bond_generate_messages_cpp
[10.140s] [35m[1mScanning dependencies of target bond_generate_messages_nodejs[0m
[10.158s] [  0%] Built target bond_generate_messages_nodejs
[10.177s] [35m[1mScanning dependencies of target topic_tools_generate_messages_py[0m
[10.207s] [  0%] Built target topic_tools_generate_messages_py
[10.236s] [35m[1mScanning dependencies of target actionlib_msgs_generate_messages_nodejs[0m
[10.256s] [  0%] Built target actionlib_msgs_generate_messages_nodejs
[10.284s] [35m[1mScanning dependencies of target nodelet_topic_tools_gencfg[0m
[10.313s] [  0%] Built target nodelet_topic_tools_gencfg
[10.345s] [35m[1mScanning dependencies of target _catkin_empty_exported_target[0m
[10.375s] [  0%] Built target _catkin_empty_exported_target
[10.394s] [35m[1mScanning dependencies of target vscan2linelist_autogen[0m
[10.425s] [  4%] [34m[1mAutomatic MOC for target vscan2linelist[0m
[10.492s] [  4%] Built target vscan2linelist_autogen
[10.507s] [35m[1mScanning dependencies of target topic_tools_generate_messages_eus[0m
[10.537s] [  4%] Built target topic_tools_generate_messages_eus
[10.573s] [35m[1mScanning dependencies of target vscan2linelist[0m
[10.678s] [  9%] [32mBuilding CXX object CMakeFiles/vscan2linelist.dir/nodes/vscan2linelist/vscan2linelist.cpp.o[0m
[22.363s] [ 13%] [32mBuilding CXX object CMakeFiles/vscan2linelist.dir/vscan2linelist_autogen/mocs_compilation.cpp.o[0m
[22.460s] [ 18%] [32m[1mLinking CXX executable devel/lib/points2image/vscan2linelist[0m
[23.452s] [ 18%] Built target vscan2linelist
[23.512s] [35m[1mScanning dependencies of target topic_tools_generate_messages_nodejs[0m
[23.584s] [ 18%] Built target topic_tools_generate_messages_nodejs
[23.667s] [35m[1mScanning dependencies of target tf_generate_messages_lisp[0m
[23.727s] [ 18%] Built target tf_generate_messages_lisp
[23.813s] [35m[1mScanning dependencies of target tf_generate_messages_nodejs[0m
[23.872s] [ 18%] Built target tf_generate_messages_nodejs
[23.936s] [35m[1mScanning dependencies of target actionlib_generate_messages_cpp[0m
[24.004s] [ 18%] Built target actionlib_generate_messages_cpp
[24.068s] [35m[1mScanning dependencies of target actionlib_generate_messages_py[0m
[24.144s] [ 18%] Built target actionlib_generate_messages_py
[24.211s] [35m[1mScanning dependencies of target tf2_msgs_generate_messages_py[0m
[24.279s] [ 18%] Built target tf2_msgs_generate_messages_py
[24.315s] [35m[1mScanning dependencies of target tf2_msgs_generate_messages_cpp[0m
[24.335s] [ 18%] Built target tf2_msgs_generate_messages_cpp
[24.405s] [35m[1mScanning dependencies of target tf2_msgs_generate_messages_eus[0m
[24.437s] [ 18%] Built target tf2_msgs_generate_messages_eus
[24.465s] [35m[1mScanning dependencies of target tf2_msgs_generate_messages_nodejs[0m
[24.514s] [ 18%] Built target tf2_msgs_generate_messages_nodejs
[24.542s] [35m[1mScanning dependencies of target points_image_autogen[0m
[24.611s] [ 22%] [34m[1mAutomatic MOC for target points_image[0m
[24.687s] [ 22%] Built target points_image_autogen
[24.757s] [35m[1mScanning dependencies of target points_image[0m
[24.816s] [ 27%] [32mBuilding CXX object CMakeFiles/points_image.dir/lib/points_image/points_image.cpp.o[0m
[27.908s] [ 31%] [32mBuilding CXX object CMakeFiles/points_image.dir/points_image_autogen/mocs_compilation.cpp.o[0m
[27.976s] [ 36%] [32m[1mLinking CXX shared library devel/lib/libpoints_image.so[0m
[28.481s] [ 36%] Built target points_image
[28.545s] [35m[1mScanning dependencies of target vscan2image_autogen[0m
[28.600s] [ 40%] [34m[1mAutomatic MOC for target vscan2image[0m
[28.705s] [ 40%] Built target vscan2image_autogen
[28.719s] [35m[1mScanning dependencies of target points2vscan_autogen[0m
[28.753s] [ 45%] [34m[1mAutomatic MOC for target points2vscan[0m
[30.752s] [ 45%] Built target points2vscan_autogen
[30.780s] [35m[1mScanning dependencies of target vscan2image[0m
[30.847s] [ 50%] [32mBuilding CXX object CMakeFiles/vscan2image.dir/nodes/vscan2image/vscan2image.cpp.o[0m
[37.852s] [ 54%] [32mBuilding CXX object CMakeFiles/vscan2image.dir/vscan2image_autogen/mocs_compilation.cpp.o[0m
[37.878s] [ 59%] [32m[1mLinking CXX executable devel/lib/points2image/vscan2image[0m
[38.949s] [ 59%] Built target vscan2image
[38.965s] [ 63%] [34m[1mGenerating ui_mainwindow.h[0m
[38.983s] [35m[1mScanning dependencies of target points2vscan[0m
[39.083s] [ 68%] [32mBuilding CXX object CMakeFiles/points2vscan.dir/nodes/points2vscan/main.cpp.o[0m
[46.422s] [ 72%] [32mBuilding CXX object CMakeFiles/points2vscan.dir/points2vscan_autogen/mocs_compilation.cpp.o[0m
[53.716s] [ 77%] [32mBuilding CXX object CMakeFiles/points2vscan.dir/nodes/points2vscan/mainwindow.cpp.o[0m
[63.091s] [ 81%] [32m[1mLinking CXX executable devel/lib/points2image/points2vscan[0m
[67.796s] [ 81%] Built target points2vscan
[67.810s] [35m[1mScanning dependencies of target points2image_autogen[0m
[67.824s] [ 86%] [34m[1mAutomatic MOC for target points2image[0m
[67.859s] [ 86%] Built target points2image_autogen
[67.878s] [35m[1mScanning dependencies of target points2image[0m
[67.915s] [ 90%] [32mBuilding CXX object CMakeFiles/points2image.dir/nodes/points2image/points2image.cpp.o[0m
[74.685s] [ 95%] [32mBuilding CXX object CMakeFiles/points2image.dir/points2image_autogen/mocs_compilation.cpp.o[0m
[74.710s] [100%] [32m[1mLinking CXX executable devel/lib/points2image/points2image[0m
[75.892s] [100%] Built target points2image
[75.911s] Invoked command in '/home/ros/autoware.ai/build/points2image' returned '0': CMAKE_PREFIX_PATH=/home/ros/autoware.ai/install/rosinterface:/home/ros/autoware.ai/install/fastvirtualscan:/home/ros/autoware.ai/install/autoware_msgs:/home/ros/autoware.ai/install/autoware_build_flags:${CMAKE_PREFIX_PATH} LD_LIBRARY_PATH=/home/ros/autoware.ai/install/rosinterface/lib:/home/ros/autoware.ai/install/fastvirtualscan/lib:${LD_LIBRARY_PATH} PKG_CONFIG_PATH=/home/ros/autoware.ai/install/rosinterface/lib/x86_64-linux-gnu/pkgconfig:/home/ros/autoware.ai/install/rosinterface/lib/pkgconfig:/home/ros/autoware.ai/install/fastvirtualscan/lib/x86_64-linux-gnu/pkgconfig:/home/ros/autoware.ai/install/fastvirtualscan/lib/pkgconfig:/home/ros/autoware.ai/install/autoware_msgs/lib/x86_64-linux-gnu/pkgconfig:/home/ros/autoware.ai/install/autoware_msgs/lib/pkgconfig:/home/ros/autoware.ai/install/autoware_build_flags/lib/x86_64-linux-gnu/pkgconfig:/home/ros/autoware.ai/install/autoware_build_flags/lib/pkgconfig:${PKG_CONFIG_PATH} PYTHONPATH=/home/ros/autoware.ai/install/autoware_msgs/lib/python2.7/dist-packages:${PYTHONPATH} ROS_PACKAGE_PATH=/home/ros/autoware.ai/install/rosinterface/share:/home/ros/autoware.ai/install/fastvirtualscan/share:/home/ros/autoware.ai/install/autoware_msgs/share:/home/ros/autoware.ai/install/autoware_build_flags/share:${ROS_PACKAGE_PATH} /usr/bin/cmake --build /home/ros/autoware.ai/build/points2image -- -j12 -l12
[76.073s] Invoking command in '/home/ros/autoware.ai/build/points2image': CMAKE_PREFIX_PATH=/home/ros/autoware.ai/install/rosinterface:/home/ros/autoware.ai/install/fastvirtualscan:/home/ros/autoware.ai/install/autoware_msgs:/home/ros/autoware.ai/install/autoware_build_flags:${CMAKE_PREFIX_PATH} LD_LIBRARY_PATH=/home/ros/autoware.ai/install/rosinterface/lib:/home/ros/autoware.ai/install/fastvirtualscan/lib:${LD_LIBRARY_PATH} PKG_CONFIG_PATH=/home/ros/autoware.ai/install/rosinterface/lib/x86_64-linux-gnu/pkgconfig:/home/ros/autoware.ai/install/rosinterface/lib/pkgconfig:/home/ros/autoware.ai/install/fastvirtualscan/lib/x86_64-linux-gnu/pkgconfig:/home/ros/autoware.ai/install/fastvirtualscan/lib/pkgconfig:/home/ros/autoware.ai/install/autoware_msgs/lib/x86_64-linux-gnu/pkgconfig:/home/ros/autoware.ai/install/autoware_msgs/lib/pkgconfig:/home/ros/autoware.ai/install/autoware_build_flags/lib/x86_64-linux-gnu/pkgconfig:/home/ros/autoware.ai/install/autoware_build_flags/lib/pkgconfig:${PKG_CONFIG_PATH} PYTHONPATH=/home/ros/autoware.ai/install/autoware_msgs/lib/python2.7/dist-packages:${PYTHONPATH} ROS_PACKAGE_PATH=/home/ros/autoware.ai/install/rosinterface/share:/home/ros/autoware.ai/install/fastvirtualscan/share:/home/ros/autoware.ai/install/autoware_msgs/share:/home/ros/autoware.ai/install/autoware_build_flags/share:${ROS_PACKAGE_PATH} /usr/bin/cmake --build /home/ros/autoware.ai/build/points2image --target tests -- -j12 -l12
[76.174s] [35m[1mScanning dependencies of target tests[0m
[76.190s] Built target tests
[76.210s] Invoked command in '/home/ros/autoware.ai/build/points2image' returned '0': CMAKE_PREFIX_PATH=/home/ros/autoware.ai/install/rosinterface:/home/ros/autoware.ai/install/fastvirtualscan:/home/ros/autoware.ai/install/autoware_msgs:/home/ros/autoware.ai/install/autoware_build_flags:${CMAKE_PREFIX_PATH} LD_LIBRARY_PATH=/home/ros/autoware.ai/install/rosinterface/lib:/home/ros/autoware.ai/install/fastvirtualscan/lib:${LD_LIBRARY_PATH} PKG_CONFIG_PATH=/home/ros/autoware.ai/install/rosinterface/lib/x86_64-linux-gnu/pkgconfig:/home/ros/autoware.ai/install/rosinterface/lib/pkgconfig:/home/ros/autoware.ai/install/fastvirtualscan/lib/x86_64-linux-gnu/pkgconfig:/home/ros/autoware.ai/install/fastvirtualscan/lib/pkgconfig:/home/ros/autoware.ai/install/autoware_msgs/lib/x86_64-linux-gnu/pkgconfig:/home/ros/autoware.ai/install/autoware_msgs/lib/pkgconfig:/home/ros/autoware.ai/install/autoware_build_flags/lib/x86_64-linux-gnu/pkgconfig:/home/ros/autoware.ai/install/autoware_build_flags/lib/pkgconfig:${PKG_CONFIG_PATH} PYTHONPATH=/home/ros/autoware.ai/install/autoware_msgs/lib/python2.7/dist-packages:${PYTHONPATH} ROS_PACKAGE_PATH=/home/ros/autoware.ai/install/rosinterface/share:/home/ros/autoware.ai/install/fastvirtualscan/share:/home/ros/autoware.ai/install/autoware_msgs/share:/home/ros/autoware.ai/install/autoware_build_flags/share:${ROS_PACKAGE_PATH} /usr/bin/cmake --build /home/ros/autoware.ai/build/points2image --target tests -- -j12 -l12
[76.380s] Invoking command in '/home/ros/autoware.ai/build/points2image': CMAKE_PREFIX_PATH=/home/ros/autoware.ai/install/rosinterface:/home/ros/autoware.ai/install/fastvirtualscan:/home/ros/autoware.ai/install/autoware_msgs:/home/ros/autoware.ai/install/autoware_build_flags:${CMAKE_PREFIX_PATH} LD_LIBRARY_PATH=/home/ros/autoware.ai/install/rosinterface/lib:/home/ros/autoware.ai/install/fastvirtualscan/lib:${LD_LIBRARY_PATH} PKG_CONFIG_PATH=/home/ros/autoware.ai/install/rosinterface/lib/x86_64-linux-gnu/pkgconfig:/home/ros/autoware.ai/install/rosinterface/lib/pkgconfig:/home/ros/autoware.ai/install/fastvirtualscan/lib/x86_64-linux-gnu/pkgconfig:/home/ros/autoware.ai/install/fastvirtualscan/lib/pkgconfig:/home/ros/autoware.ai/install/autoware_msgs/lib/x86_64-linux-gnu/pkgconfig:/home/ros/autoware.ai/install/autoware_msgs/lib/pkgconfig:/home/ros/autoware.ai/install/autoware_build_flags/lib/x86_64-linux-gnu/pkgconfig:/home/ros/autoware.ai/install/autoware_build_flags/lib/pkgconfig:${PKG_CONFIG_PATH} PYTHONPATH=/home/ros/autoware.ai/install/autoware_msgs/lib/python2.7/dist-packages:${PYTHONPATH} ROS_PACKAGE_PATH=/home/ros/autoware.ai/install/rosinterface/share:/home/ros/autoware.ai/install/fastvirtualscan/share:/home/ros/autoware.ai/install/autoware_msgs/share:/home/ros/autoware.ai/install/autoware_build_flags/share:${ROS_PACKAGE_PATH} /usr/bin/cmake --build /home/ros/autoware.ai/build/points2image --target install -- -j12 -l12
[76.470s] [  0%] Built target std_srvs_generate_messages_lisp
[76.500s] [  0%] Built target topic_tools_generate_messages_cpp
[76.539s] [  0%] Built target std_srvs_generate_messages_py
[76.573s] [  0%] Built target geometry_msgs_generate_messages_py
[76.605s] [  0%] Built target sensor_msgs_generate_messages_nodejs
[76.635s] [  0%] Built target roscpp_generate_messages_cpp
[76.676s] [  0%] Built target pcl_msgs_generate_messages_eus
[76.705s] [  0%] Built target rosgraph_msgs_generate_messages_eus
[76.738s] [  0%] Built target jsk_recognition_msgs_generate_messages_lisp
[76.770s] [  0%] Built target jsk_recognition_msgs_generate_messages_eus
[76.804s] [  0%] Built target std_msgs_generate_messages_py
[76.834s] [  0%] Built target std_msgs_generate_messages_nodejs
[76.870s] [  0%] Built target bond_generate_messages_lisp
[76.900s] [  0%] Built target sensor_msgs_generate_messages_eus
[76.933s] [  0%] Built target sensor_msgs_generate_messages_cpp
[76.966s] [  0%] Built target autoware_msgs_generate_messages_cpp
[76.993s] [  0%] Built target rosgraph_msgs_generate_messages_cpp
[77.024s] [  0%] Built target tf_generate_messages_py
[77.057s] [  0%] Built target dynamic_reconfigure_generate_messages_cpp
[77.086s] [  0%] Built target pcl_msgs_generate_messages_nodejs
[77.116s] [  0%] Built target nodelet_generate_messages_nodejs
[77.147s] [  0%] Built target jsk_recognition_msgs_generate_messages_py
[77.185s] [  0%] Built target sensor_msgs_generate_messages_lisp
[77.221s] [  0%] Built target std_msgs_generate_messages_cpp
[77.251s] [  0%] Built target jsk_footstep_msgs_generate_messages_py
[77.295s] [  0%] Built target sensor_msgs_generate_messages_py
[77.325s] [  0%] Built target nodelet_generate_messages_py
[77.358s] [  0%] Built target geometry_msgs_generate_messages_eus
[77.388s] [  0%] Built target std_msgs_generate_messages_lisp
[77.417s] [  0%] Built target roscpp_generate_messages_nodejs
[77.445s] [  0%] Built target geometry_msgs_generate_messages_nodejs
[77.479s] [  0%] Built target actionlib_generate_messages_eus
[77.506s] [  0%] Built target pcl_msgs_generate_messages_py
[77.536s] [  0%] Built target geometry_msgs_generate_messages_lisp
[77.571s] [  0%] Built target actionlib_generate_messages_lisp
[77.602s] [  0%] Built target geometry_msgs_generate_messages_cpp
[77.634s] [  0%] Built target pcl_msgs_generate_messages_cpp
[77.668s] [  0%] Built target dynamic_reconfigure_generate_messages_lisp
[77.697s] [  0%] Built target topic_tools_generate_messages_lisp
[77.728s] [  0%] Built target jsk_recognition_msgs_generate_messages_cpp
[77.767s] [  0%] Built target autoware_msgs_generate_messages_eus
[77.800s] [  0%] Built target autoware_msgs_generate_messages_lisp
[77.830s] [  0%] Built target autoware_msgs_generate_messages_py
[77.864s] [  0%] Built target nodelet_generate_messages_lisp
[77.894s] [  0%] Built target actionlib_generate_messages_nodejs
[77.933s] [  0%] Built target tf_generate_messages_cpp
[77.968s] [  0%] Built target pcl_msgs_generate_messages_lisp
[78.006s] [  0%] Built target std_msgs_generate_messages_eus
[78.040s] [  0%] Built target autoware_msgs_generate_messages_nodejs
[78.076s] [  0%] Built target jsk_footstep_msgs_generate_messages_eus
[78.103s] [  0%] Built target actionlib_msgs_generate_messages_py
[78.131s] [  0%] Built target jsk_footstep_msgs_generate_messages_lisp
[78.168s] [  0%] Built target jsk_footstep_msgs_generate_messages_nodejs
[78.207s] [  0%] Built target tf_generate_messages_eus
[78.240s] [  0%] Built target jsk_footstep_msgs_generate_messages_cpp
[78.282s] [  0%] Built target actionlib_msgs_generate_messages_cpp
[78.317s] [  0%] Built target std_srvs_generate_messages_cpp
[78.353s] [  0%] Built target actionlib_msgs_generate_messages_lisp
[78.392s] [  0%] Built target jsk_recognition_msgs_generate_messages_nodejs
[78.425s] [  0%] Built target std_srvs_generate_messages_eus
[78.461s] [  0%] Built target roscpp_generate_messages_lisp
[78.501s] [  0%] Built target bond_generate_messages_eus
[78.532s] [  0%] Built target roscpp_generate_messages_py
[78.560s] [  0%] Built target rosgraph_msgs_generate_messages_lisp
[78.596s] [  0%] Built target rosgraph_msgs_generate_messages_nodejs
[78.629s] [  0%] Built target roscpp_generate_messages_eus
[78.674s] [  0%] Built target actionlib_msgs_generate_messages_eus
[78.708s] [  0%] Built target rosgraph_msgs_generate_messages_py
[78.743s] [  0%] Built target pcl_ros_gencfg
[78.780s] [  0%] Built target dynamic_reconfigure_generate_messages_eus
[78.808s] [  0%] Built target dynamic_reconfigure_generate_messages_nodejs
[78.837s] [  0%] Built target dynamic_reconfigure_generate_messages_py
[78.865s] [  0%] Built target tf2_msgs_generate_messages_lisp
[78.891s] [  0%] Built target dynamic_reconfigure_gencfg
[78.917s] [  0%] Built target nodelet_generate_messages_cpp
[78.953s] [  0%] Built target bond_generate_messages_py
[78.984s] [  0%] Built target std_srvs_generate_messages_nodejs
[79.017s] [  0%] Built target nodelet_generate_messages_eus
[79.046s] [  0%] Built target bond_generate_messages_cpp
[79.081s] [  0%] Built target bond_generate_messages_nodejs
[79.126s] [  0%] Built target topic_tools_generate_messages_py
[79.155s] [  0%] Built target actionlib_msgs_generate_messages_nodejs
[79.199s] [  0%] Built target nodelet_topic_tools_gencfg
[79.229s] [  0%] Built target _catkin_empty_exported_target
[79.256s] [  4%] [34m[1mAutomatic MOC for target vscan2linelist[0m
[79.288s] [  4%] Built target vscan2linelist_autogen
[79.319s] [  4%] Built target topic_tools_generate_messages_eus
[79.367s] [ 18%] Built target vscan2linelist
[79.397s] [ 18%] Built target topic_tools_generate_messages_nodejs
[79.429s] [ 18%] Built target tf_generate_messages_lisp
[79.455s] [ 18%] Built target tf_generate_messages_nodejs
[79.495s] [ 18%] Built target actionlib_generate_messages_cpp
[79.525s] [ 18%] Built target actionlib_generate_messages_py
[79.551s] [ 18%] Built target tf2_msgs_generate_messages_py
[79.584s] [ 18%] Built target tf2_msgs_generate_messages_cpp
[79.617s] [ 18%] Built target tf2_msgs_generate_messages_eus
[79.652s] [ 18%] Built target tf2_msgs_generate_messages_nodejs
[79.681s] [ 22%] [34m[1mAutomatic MOC for target points_image[0m
[79.706s] [ 22%] Built target points_image_autogen
[79.743s] [ 36%] Built target points_image
[79.769s] [ 40%] [34m[1mAutomatic MOC for target vscan2image[0m
[79.795s] [ 40%] Built target vscan2image_autogen
[79.828s] [ 45%] [34m[1mAutomatic MOC for target points2vscan[0m
[79.855s] [ 45%] Built target points2vscan_autogen
[79.899s] [ 59%] Built target vscan2image
[79.953s] [ 81%] Built target points2vscan
[79.981s] [ 86%] [34m[1mAutomatic MOC for target points2image[0m
[80.006s] [ 86%] Built target points2image_autogen
[80.047s] [100%] Built target points2image
[80.086s] [36mInstall the project...[0m
[80.100s] -- Install configuration: "Release"
[80.100s] -- Installing: /home/ros/autoware.ai/install/points2image/lib/pkgconfig/points2image.pc
[80.101s] -- Installing: /home/ros/autoware.ai/install/points2image/share/points2image/cmake/points2imageConfig.cmake
[80.101s] -- Installing: /home/ros/autoware.ai/install/points2image/share/points2image/cmake/points2imageConfig-version.cmake
[80.102s] -- Installing: /home/ros/autoware.ai/install/points2image/share/points2image/package.xml
[80.102s] -- Installing: /home/ros/autoware.ai/install/points2image/lib/libpoints_image.so
[80.103s] -- Set runtime path of "/home/ros/autoware.ai/install/points2image/lib/libpoints_image.so" to ""
[80.104s] -- Installing: /home/ros/autoware.ai/install/points2image/lib/points2image/vscan2linelist
[80.108s] -- Set runtime path of "/home/ros/autoware.ai/install/points2image/lib/points2image/vscan2linelist" to ""
[80.109s] -- Installing: /home/ros/autoware.ai/install/points2image/lib/points2image/vscan2image
[80.111s] -- Set runtime path of "/home/ros/autoware.ai/install/points2image/lib/points2image/vscan2image" to ""
[80.111s] -- Installing: /home/ros/autoware.ai/install/points2image/lib/points2image/points2image
[80.114s] -- Set runtime path of "/home/ros/autoware.ai/install/points2image/lib/points2image/points2image" to ""
[80.114s] -- Installing: /home/ros/autoware.ai/install/points2image/lib/points2image/points2vscan
[80.120s] -- Set runtime path of "/home/ros/autoware.ai/install/points2image/lib/points2image/points2vscan" to ""
[80.128s] Invoked command in '/home/ros/autoware.ai/build/points2image' returned '0': CMAKE_PREFIX_PATH=/home/ros/autoware.ai/install/rosinterface:/home/ros/autoware.ai/install/fastvirtualscan:/home/ros/autoware.ai/install/autoware_msgs:/home/ros/autoware.ai/install/autoware_build_flags:${CMAKE_PREFIX_PATH} LD_LIBRARY_PATH=/home/ros/autoware.ai/install/rosinterface/lib:/home/ros/autoware.ai/install/fastvirtualscan/lib:${LD_LIBRARY_PATH} PKG_CONFIG_PATH=/home/ros/autoware.ai/install/rosinterface/lib/x86_64-linux-gnu/pkgconfig:/home/ros/autoware.ai/install/rosinterface/lib/pkgconfig:/home/ros/autoware.ai/install/fastvirtualscan/lib/x86_64-linux-gnu/pkgconfig:/home/ros/autoware.ai/install/fastvirtualscan/lib/pkgconfig:/home/ros/autoware.ai/install/autoware_msgs/lib/x86_64-linux-gnu/pkgconfig:/home/ros/autoware.ai/install/autoware_msgs/lib/pkgconfig:/home/ros/autoware.ai/install/autoware_build_flags/lib/x86_64-linux-gnu/pkgconfig:/home/ros/autoware.ai/install/autoware_build_flags/lib/pkgconfig:${PKG_CONFIG_PATH} PYTHONPATH=/home/ros/autoware.ai/install/autoware_msgs/lib/python2.7/dist-packages:${PYTHONPATH} ROS_PACKAGE_PATH=/home/ros/autoware.ai/install/rosinterface/share:/home/ros/autoware.ai/install/fastvirtualscan/share:/home/ros/autoware.ai/install/autoware_msgs/share:/home/ros/autoware.ai/install/autoware_build_flags/share:${ROS_PACKAGE_PATH} /usr/bin/cmake --build /home/ros/autoware.ai/build/points2image --target install -- -j12 -l12
