Determining if the pthread_create exist failed with the following output:
Change Dir: /home/ros/autoware.ai/build/autoware_bag_tools/CMakeFiles/CMakeTmp

Run Build Command:"/usr/bin/make" "cmTC_98246/fast"
/usr/bin/make -f CMakeFiles/cmTC_98246.dir/build.make CMakeFiles/cmTC_98246.dir/build
make[1]: Entering directory '/home/ros/autoware.ai/build/autoware_bag_tools/CMakeFiles/CMakeTmp'
Building C object CMakeFiles/cmTC_98246.dir/CheckSymbolExists.c.o
/usr/bin/cc    -o CMakeFiles/cmTC_98246.dir/CheckSymbolExists.c.o   -c /home/ros/autoware.ai/build/autoware_bag_tools/CMakeFiles/CMakeTmp/CheckSymbolExists.c
Linking C executable cmTC_98246
/usr/bin/cmake -E cmake_link_script CMakeFiles/cmTC_98246.dir/link.txt --verbose=1
/usr/bin/cc      -rdynamic CMakeFiles/cmTC_98246.dir/CheckSymbolExists.c.o  -o cmTC_98246 
CMakeFiles/cmTC_98246.dir/CheckSymbolExists.c.o: In function `main':
CheckSymbolExists.c:(.text+0x1b): undefined reference to `pthread_create'
collect2: error: ld returned 1 exit status
CMakeFiles/cmTC_98246.dir/build.make:97: recipe for target 'cmTC_98246' failed
make[1]: *** [cmTC_98246] Error 1
make[1]: Leaving directory '/home/ros/autoware.ai/build/autoware_bag_tools/CMakeFiles/CMakeTmp'
Makefile:126: recipe for target 'cmTC_98246/fast' failed
make: *** [cmTC_98246/fast] Error 2

File /home/ros/autoware.ai/build/autoware_bag_tools/CMakeFiles/CMakeTmp/CheckSymbolExists.c:
/* */
#include <pthread.h>

int main(int argc, char** argv)
{
  (void)argv;
#ifndef pthread_create
  return ((int*)(&pthread_create))[argc];
#else
  (void)argc;
  return 0;
#endif
}

Determining if the function pthread_create exists in the pthreads failed with the following output:
Change Dir: /home/ros/autoware.ai/build/autoware_bag_tools/CMakeFiles/CMakeTmp

Run Build Command:"/usr/bin/make" "cmTC_517ae/fast"
/usr/bin/make -f CMakeFiles/cmTC_517ae.dir/build.make CMakeFiles/cmTC_517ae.dir/build
make[1]: Entering directory '/home/ros/autoware.ai/build/autoware_bag_tools/CMakeFiles/CMakeTmp'
Building C object CMakeFiles/cmTC_517ae.dir/CheckFunctionExists.c.o
/usr/bin/cc   -DCHECK_FUNCTION_EXISTS=pthread_create   -o CMakeFiles/cmTC_517ae.dir/CheckFunctionExists.c.o   -c /usr/share/cmake-3.10/Modules/CheckFunctionExists.c
Linking C executable cmTC_517ae
/usr/bin/cmake -E cmake_link_script CMakeFiles/cmTC_517ae.dir/link.txt --verbose=1
/usr/bin/cc  -DCHECK_FUNCTION_EXISTS=pthread_create    -rdynamic CMakeFiles/cmTC_517ae.dir/CheckFunctionExists.c.o  -o cmTC_517ae -lpthreads 
/usr/bin/ld: cannot find -lpthreads
collect2: error: ld returned 1 exit status
CMakeFiles/cmTC_517ae.dir/build.make:97: recipe for target 'cmTC_517ae' failed
make[1]: *** [cmTC_517ae] Error 1
make[1]: Leaving directory '/home/ros/autoware.ai/build/autoware_bag_tools/CMakeFiles/CMakeTmp'
Makefile:126: recipe for target 'cmTC_517ae/fast' failed
make: *** [cmTC_517ae/fast] Error 2


