[0.055s] Invoking command in '/home/ros/autoware.ai/build/vector_map_msgs': /usr/bin/cmake /home/ros/autoware.ai/src/autoware/messages/vector_map_msgs -DCMAKE_BUILD_TYPE=Release -DCATKIN_INSTALL_INTO_PREFIX_ROOT=0 -DCMAKE_INSTALL_PREFIX=/home/ros/autoware.ai/install/vector_map_msgs
[0.107s] -- The C compiler identification is GNU 7.5.0
[0.175s] -- The CXX compiler identification is GNU 7.5.0
[0.180s] -- Check for working C compiler: /usr/bin/cc
[0.273s] -- Check for working C compiler: /usr/bin/cc -- works
[0.274s] -- Detecting C compiler ABI info
[0.350s] -- Detecting C compiler ABI info - done
[0.360s] -- Detecting C compile features
[0.595s] -- Detecting C compile features - done
[0.599s] -- Check for working CXX compiler: /usr/bin/c++
[0.750s] -- Check for working CXX compiler: /usr/bin/c++ -- works
[0.751s] -- Detecting CXX compiler ABI info
[0.859s] -- Detecting CXX compiler ABI info - done
[0.866s] -- Detecting CXX compile features
[1.423s] -- Detecting CXX compile features - done
[1.425s] -- Using CATKIN_DEVEL_PREFIX: /home/ros/autoware.ai/build/vector_map_msgs/devel
[1.426s] -- Using CMAKE_PREFIX_PATH: /opt/ros/melodic
[1.426s] -- This workspace overlays: /opt/ros/melodic
[1.444s] -- Found PythonInterp: /usr/bin/python2 (found suitable version "2.7.17", minimum required is "2") 
[1.444s] -- Using PYTHON_EXECUTABLE: /usr/bin/python2
[1.444s] -- Using Debian Python package layout
[1.446s] -- Using empy: /usr/bin/empy
[1.704s] -- Using CATKIN_ENABLE_TESTING: ON
[1.704s] -- Call enable_testing()
[1.706s] -- Using CATKIN_TEST_RESULTS_DIR: /home/ros/autoware.ai/build/vector_map_msgs/test_results
[1.725s] -- Found gtest sources under '/usr/src/googletest': gtests will be built
[1.725s] -- Found gmock sources under '/usr/src/googletest': gmock will be built
[1.746s] -- Found PythonInterp: /usr/bin/python2 (found version "2.7.17") 
[1.747s] -- Looking for pthread.h
[1.883s] -- Looking for pthread.h - found
[1.883s] -- Looking for pthread_create
[1.983s] -- Looking for pthread_create - not found
[1.983s] -- Looking for pthread_create in pthreads
[2.051s] -- Looking for pthread_create in pthreads - not found
[2.051s] -- Looking for pthread_create in pthread
[2.143s] -- Looking for pthread_create in pthread - found
[2.144s] -- Found Threads: TRUE  
[2.147s] -- Using Python nosetests: /usr/bin/nosetests-2.7
[2.202s] -- catkin 0.7.29
[2.202s] -- BUILD_SHARED_LIBS is on
[2.328s] -- Using these message generators: gencpp;geneus;genlisp;gennodejs;genpy
[2.642s] -- vector_map_msgs: 64 messages, 0 services
[2.821s] -- Configuring done
[2.868s] -- Generating done
[2.876s] -- Build files have been written to: /home/ros/autoware.ai/build/vector_map_msgs
