[0.052s] Invoking command in '/home/ros/autoware.ai/build/autoware_config_msgs': /usr/bin/cmake /home/ros/autoware.ai/src/autoware/messages/autoware_config_msgs -DCMAKE_BUILD_TYPE=Release -DCATKIN_INSTALL_INTO_PREFIX_ROOT=0 -DCMAKE_INSTALL_PREFIX=/home/ros/autoware.ai/install/autoware_config_msgs
[0.112s] -- The C compiler identification is GNU 7.5.0
[0.177s] -- The CXX compiler identification is GNU 7.5.0
[0.180s] -- Check for working C compiler: /usr/bin/cc
[0.258s] -- Check for working C compiler: /usr/bin/cc -- works
[0.259s] -- Detecting C compiler ABI info
[0.329s] -- Detecting C compiler ABI info - done
[0.340s] -- Detecting C compile features
[0.588s] -- Detecting C compile features - done
[0.592s] -- Check for working CXX compiler: /usr/bin/c++
[0.744s] -- Check for working CXX compiler: /usr/bin/c++ -- works
[0.744s] -- Detecting CXX compiler ABI info
[0.838s] -- Detecting CXX compiler ABI info - done
[0.852s] -- Detecting CXX compile features
[1.369s] -- Detecting CXX compile features - done
[1.371s] -- Using CATKIN_DEVEL_PREFIX: /home/ros/autoware.ai/build/autoware_config_msgs/devel
[1.372s] -- Using CMAKE_PREFIX_PATH: /opt/ros/melodic
[1.372s] -- This workspace overlays: /opt/ros/melodic
[1.393s] -- Found PythonInterp: /usr/bin/python2 (found suitable version "2.7.17", minimum required is "2") 
[1.393s] -- Using PYTHON_EXECUTABLE: /usr/bin/python2
[1.393s] -- Using Debian Python package layout
[1.393s] -- Using empy: /usr/bin/empy
[1.602s] -- Using CATKIN_ENABLE_TESTING: ON
[1.603s] -- Call enable_testing()
[1.606s] -- Using CATKIN_TEST_RESULTS_DIR: /home/ros/autoware.ai/build/autoware_config_msgs/test_results
[1.625s] -- Found gtest sources under '/usr/src/googletest': gtests will be built
[1.625s] -- Found gmock sources under '/usr/src/googletest': gmock will be built
[1.649s] -- Found PythonInterp: /usr/bin/python2 (found version "2.7.17") 
[1.650s] -- Looking for pthread.h
[1.804s] -- Looking for pthread.h - found
[1.805s] -- Looking for pthread_create
[1.914s] -- Looking for pthread_create - not found
[1.917s] -- Looking for pthread_create in pthreads
[1.980s] -- Looking for pthread_create in pthreads - not found
[1.980s] -- Looking for pthread_create in pthread
[2.068s] -- Looking for pthread_create in pthread - found
[2.069s] -- Found Threads: TRUE  
[2.074s] -- Using Python nosetests: /usr/bin/nosetests-2.7
[2.122s] -- catkin 0.7.29
[2.122s] -- BUILD_SHARED_LIBS is on
[2.255s] -- Using these message generators: gencpp;geneus;genlisp;gennodejs;genpy
[2.539s] -- autoware_config_msgs: 31 messages, 0 services
[2.704s] -- Configuring done
[2.741s] -- Generating done
[2.751s] -- Build files have been written to: /home/ros/autoware.ai/build/autoware_config_msgs
