Determining if the pthread_create exist failed with the following output:
Change Dir: /home/ros/autoware.ai/build/sound_player/CMakeFiles/CMakeTmp

Run Build Command:"/usr/bin/make" "cmTC_abe8a/fast"
/usr/bin/make -f CMakeFiles/cmTC_abe8a.dir/build.make CMakeFiles/cmTC_abe8a.dir/build
make[1]: Entering directory '/home/ros/autoware.ai/build/sound_player/CMakeFiles/CMakeTmp'
Building C object CMakeFiles/cmTC_abe8a.dir/CheckSymbolExists.c.o
/usr/bin/cc    -o CMakeFiles/cmTC_abe8a.dir/CheckSymbolExists.c.o   -c /home/ros/autoware.ai/build/sound_player/CMakeFiles/CMakeTmp/CheckSymbolExists.c
Linking C executable cmTC_abe8a
/usr/bin/cmake -E cmake_link_script CMakeFiles/cmTC_abe8a.dir/link.txt --verbose=1
/usr/bin/cc      -rdynamic CMakeFiles/cmTC_abe8a.dir/CheckSymbolExists.c.o  -o cmTC_abe8a 
CMakeFiles/cmTC_abe8a.dir/CheckSymbolExists.c.o: In function `main':
CheckSymbolExists.c:(.text+0x1b): undefined reference to `pthread_create'
collect2: error: ld returned 1 exit status
CMakeFiles/cmTC_abe8a.dir/build.make:97: recipe for target 'cmTC_abe8a' failed
make[1]: *** [cmTC_abe8a] Error 1
make[1]: Leaving directory '/home/ros/autoware.ai/build/sound_player/CMakeFiles/CMakeTmp'
Makefile:126: recipe for target 'cmTC_abe8a/fast' failed
make: *** [cmTC_abe8a/fast] Error 2

File /home/ros/autoware.ai/build/sound_player/CMakeFiles/CMakeTmp/CheckSymbolExists.c:
/* */
#include <pthread.h>

int main(int argc, char** argv)
{
  (void)argv;
#ifndef pthread_create
  return ((int*)(&pthread_create))[argc];
#else
  (void)argc;
  return 0;
#endif
}

Determining if the function pthread_create exists in the pthreads failed with the following output:
Change Dir: /home/ros/autoware.ai/build/sound_player/CMakeFiles/CMakeTmp

Run Build Command:"/usr/bin/make" "cmTC_d98a8/fast"
/usr/bin/make -f CMakeFiles/cmTC_d98a8.dir/build.make CMakeFiles/cmTC_d98a8.dir/build
make[1]: Entering directory '/home/ros/autoware.ai/build/sound_player/CMakeFiles/CMakeTmp'
Building C object CMakeFiles/cmTC_d98a8.dir/CheckFunctionExists.c.o
/usr/bin/cc   -DCHECK_FUNCTION_EXISTS=pthread_create   -o CMakeFiles/cmTC_d98a8.dir/CheckFunctionExists.c.o   -c /usr/share/cmake-3.10/Modules/CheckFunctionExists.c
Linking C executable cmTC_d98a8
/usr/bin/cmake -E cmake_link_script CMakeFiles/cmTC_d98a8.dir/link.txt --verbose=1
/usr/bin/cc  -DCHECK_FUNCTION_EXISTS=pthread_create    -rdynamic CMakeFiles/cmTC_d98a8.dir/CheckFunctionExists.c.o  -o cmTC_d98a8 -lpthreads 
/usr/bin/ld: cannot find -lpthreads
collect2: error: ld returned 1 exit status
CMakeFiles/cmTC_d98a8.dir/build.make:97: recipe for target 'cmTC_d98a8' failed
make[1]: *** [cmTC_d98a8] Error 1
make[1]: Leaving directory '/home/ros/autoware.ai/build/sound_player/CMakeFiles/CMakeTmp'
Makefile:126: recipe for target 'cmTC_d98a8/fast' failed
make: *** [cmTC_d98a8/fast] Error 2


