[0.041s] Invoking command in '/home/ros/autoware.ai/build/vel_pose_diff_checker': CMAKE_PREFIX_PATH=/home/ros/autoware.ai/install/autoware_health_checker:/home/ros/autoware.ai/install/amathutils_lib:/home/ros/autoware.ai/install/ros_observer:/home/ros/autoware.ai/install/autoware_system_msgs:/home/ros/autoware.ai/install/autoware_msgs:/home/ros/autoware.ai/install/autoware_build_flags:${CMAKE_PREFIX_PATH} LD_LIBRARY_PATH=/home/ros/autoware.ai/install/autoware_health_checker/lib:/home/ros/autoware.ai/install/amathutils_lib/lib:/home/ros/autoware.ai/install/ros_observer/lib:${LD_LIBRARY_PATH} PKG_CONFIG_PATH=/home/ros/autoware.ai/install/autoware_health_checker/lib/x86_64-linux-gnu/pkgconfig:/home/ros/autoware.ai/install/autoware_health_checker/lib/pkgconfig:/home/ros/autoware.ai/install/amathutils_lib/lib/x86_64-linux-gnu/pkgconfig:/home/ros/autoware.ai/install/amathutils_lib/lib/pkgconfig:/home/ros/autoware.ai/install/ros_observer/lib/x86_64-linux-gnu/pkgconfig:/home/ros/autoware.ai/install/ros_observer/lib/pkgconfig:/home/ros/autoware.ai/install/autoware_system_msgs/lib/x86_64-linux-gnu/pkgconfig:/home/ros/autoware.ai/install/autoware_system_msgs/lib/pkgconfig:/home/ros/autoware.ai/install/autoware_msgs/lib/x86_64-linux-gnu/pkgconfig:/home/ros/autoware.ai/install/autoware_msgs/lib/pkgconfig:/home/ros/autoware.ai/install/autoware_build_flags/lib/x86_64-linux-gnu/pkgconfig:/home/ros/autoware.ai/install/autoware_build_flags/lib/pkgconfig:${PKG_CONFIG_PATH} PYTHONPATH=/home/ros/autoware.ai/install/autoware_system_msgs/lib/python2.7/dist-packages:/home/ros/autoware.ai/install/autoware_msgs/lib/python2.7/dist-packages:${PYTHONPATH} ROS_PACKAGE_PATH=/home/ros/autoware.ai/install/autoware_health_checker/share:/home/ros/autoware.ai/install/amathutils_lib/share:/home/ros/autoware.ai/install/ros_observer/share:/home/ros/autoware.ai/install/autoware_system_msgs/share:/home/ros/autoware.ai/install/autoware_msgs/share:/home/ros/autoware.ai/install/autoware_build_flags/share:${ROS_PACKAGE_PATH} /usr/bin/cmake /home/ros/autoware.ai/src/autoware/core_perception/vel_pose_diff_checker -DCMAKE_BUILD_TYPE=Release -DCATKIN_INSTALL_INTO_PREFIX_ROOT=0 -DCMAKE_INSTALL_PREFIX=/home/ros/autoware.ai/install/vel_pose_diff_checker
[0.138s] -- The C compiler identification is GNU 7.5.0
[0.234s] -- The CXX compiler identification is GNU 7.5.0
[0.239s] -- Check for working C compiler: /usr/bin/cc
[0.334s] -- Check for working C compiler: /usr/bin/cc -- works
[0.335s] -- Detecting C compiler ABI info
[0.439s] -- Detecting C compiler ABI info - done
[0.451s] -- Detecting C compile features
[0.760s] -- Detecting C compile features - done
[0.765s] -- Check for working CXX compiler: /usr/bin/c++
[0.882s] -- Check for working CXX compiler: /usr/bin/c++ -- works
[0.884s] -- Detecting CXX compiler ABI info
[0.989s] -- Detecting CXX compiler ABI info - done
[1.002s] -- Detecting CXX compile features
[1.491s] -- Detecting CXX compile features - done
[1.494s] -- Using CATKIN_DEVEL_PREFIX: /home/ros/autoware.ai/build/vel_pose_diff_checker/devel
[1.494s] -- Using CMAKE_PREFIX_PATH: /home/ros/autoware.ai/install/autoware_health_checker;/home/ros/autoware.ai/install/amathutils_lib;/home/ros/autoware.ai/install/ros_observer;/home/ros/autoware.ai/install/autoware_system_msgs;/home/ros/autoware.ai/install/autoware_msgs;/home/ros/autoware.ai/install/autoware_build_flags;/opt/ros/melodic
[1.495s] -- This workspace overlays: /home/ros/autoware.ai/install/autoware_health_checker;/home/ros/autoware.ai/install/amathutils_lib;/home/ros/autoware.ai/install/ros_observer;/home/ros/autoware.ai/install/autoware_system_msgs;/home/ros/autoware.ai/install/autoware_msgs;/home/ros/autoware.ai/install/autoware_build_flags;/opt/ros/melodic
[1.513s] -- Found PythonInterp: /usr/bin/python2 (found suitable version "2.7.17", minimum required is "2") 
[1.513s] -- Using PYTHON_EXECUTABLE: /usr/bin/python2
[1.514s] -- Using Debian Python package layout
[1.514s] -- Using empy: /usr/bin/empy
[1.747s] -- Using CATKIN_ENABLE_TESTING: ON
[1.747s] -- Call enable_testing()
[1.750s] -- Using CATKIN_TEST_RESULTS_DIR: /home/ros/autoware.ai/build/vel_pose_diff_checker/test_results
[1.780s] -- Found gtest sources under '/usr/src/googletest': gtests will be built
[1.780s] -- Found gmock sources under '/usr/src/googletest': gmock will be built
[1.800s] -- Found PythonInterp: /usr/bin/python2 (found version "2.7.17") 
[1.800s] -- Looking for pthread.h
[1.898s] -- Looking for pthread.h - found
[1.899s] -- Looking for pthread_create
[1.998s] -- Looking for pthread_create - not found
[1.998s] -- Looking for pthread_create in pthreads
[2.074s] -- Looking for pthread_create in pthreads - not found
[2.075s] -- Looking for pthread_create in pthread
[2.180s] -- Looking for pthread_create in pthread - found
[2.182s] -- Found Threads: TRUE  
[2.189s] -- Using Python nosetests: /usr/bin/nosetests-2.7
[2.250s] -- catkin 0.7.29
[2.250s] -- BUILD_SHARED_LIBS is on
[2.499s] -- Using these message generators: gencpp;geneus;genlisp;gennodejs;genpy
[2.756s] -- CUDA compilation status: .
[2.934s] -- Configuring done
[2.978s] -- Generating done
[2.992s] -- Build files have been written to: /home/ros/autoware.ai/build/vel_pose_diff_checker
[3.004s] Invoked command in '/home/ros/autoware.ai/build/vel_pose_diff_checker' returned '0': CMAKE_PREFIX_PATH=/home/ros/autoware.ai/install/autoware_health_checker:/home/ros/autoware.ai/install/amathutils_lib:/home/ros/autoware.ai/install/ros_observer:/home/ros/autoware.ai/install/autoware_system_msgs:/home/ros/autoware.ai/install/autoware_msgs:/home/ros/autoware.ai/install/autoware_build_flags:${CMAKE_PREFIX_PATH} LD_LIBRARY_PATH=/home/ros/autoware.ai/install/autoware_health_checker/lib:/home/ros/autoware.ai/install/amathutils_lib/lib:/home/ros/autoware.ai/install/ros_observer/lib:${LD_LIBRARY_PATH} PKG_CONFIG_PATH=/home/ros/autoware.ai/install/autoware_health_checker/lib/x86_64-linux-gnu/pkgconfig:/home/ros/autoware.ai/install/autoware_health_checker/lib/pkgconfig:/home/ros/autoware.ai/install/amathutils_lib/lib/x86_64-linux-gnu/pkgconfig:/home/ros/autoware.ai/install/amathutils_lib/lib/pkgconfig:/home/ros/autoware.ai/install/ros_observer/lib/x86_64-linux-gnu/pkgconfig:/home/ros/autoware.ai/install/ros_observer/lib/pkgconfig:/home/ros/autoware.ai/install/autoware_system_msgs/lib/x86_64-linux-gnu/pkgconfig:/home/ros/autoware.ai/install/autoware_system_msgs/lib/pkgconfig:/home/ros/autoware.ai/install/autoware_msgs/lib/x86_64-linux-gnu/pkgconfig:/home/ros/autoware.ai/install/autoware_msgs/lib/pkgconfig:/home/ros/autoware.ai/install/autoware_build_flags/lib/x86_64-linux-gnu/pkgconfig:/home/ros/autoware.ai/install/autoware_build_flags/lib/pkgconfig:${PKG_CONFIG_PATH} PYTHONPATH=/home/ros/autoware.ai/install/autoware_system_msgs/lib/python2.7/dist-packages:/home/ros/autoware.ai/install/autoware_msgs/lib/python2.7/dist-packages:${PYTHONPATH} ROS_PACKAGE_PATH=/home/ros/autoware.ai/install/autoware_health_checker/share:/home/ros/autoware.ai/install/amathutils_lib/share:/home/ros/autoware.ai/install/ros_observer/share:/home/ros/autoware.ai/install/autoware_system_msgs/share:/home/ros/autoware.ai/install/autoware_msgs/share:/home/ros/autoware.ai/install/autoware_build_flags/share:${ROS_PACKAGE_PATH} /usr/bin/cmake /home/ros/autoware.ai/src/autoware/core_perception/vel_pose_diff_checker -DCMAKE_BUILD_TYPE=Release -DCATKIN_INSTALL_INTO_PREFIX_ROOT=0 -DCMAKE_INSTALL_PREFIX=/home/ros/autoware.ai/install/vel_pose_diff_checker
[3.005s] Invoking command in '/home/ros/autoware.ai/build/vel_pose_diff_checker': CMAKE_PREFIX_PATH=/home/ros/autoware.ai/install/autoware_health_checker:/home/ros/autoware.ai/install/amathutils_lib:/home/ros/autoware.ai/install/ros_observer:/home/ros/autoware.ai/install/autoware_system_msgs:/home/ros/autoware.ai/install/autoware_msgs:/home/ros/autoware.ai/install/autoware_build_flags:${CMAKE_PREFIX_PATH} LD_LIBRARY_PATH=/home/ros/autoware.ai/install/autoware_health_checker/lib:/home/ros/autoware.ai/install/amathutils_lib/lib:/home/ros/autoware.ai/install/ros_observer/lib:${LD_LIBRARY_PATH} PKG_CONFIG_PATH=/home/ros/autoware.ai/install/autoware_health_checker/lib/x86_64-linux-gnu/pkgconfig:/home/ros/autoware.ai/install/autoware_health_checker/lib/pkgconfig:/home/ros/autoware.ai/install/amathutils_lib/lib/x86_64-linux-gnu/pkgconfig:/home/ros/autoware.ai/install/amathutils_lib/lib/pkgconfig:/home/ros/autoware.ai/install/ros_observer/lib/x86_64-linux-gnu/pkgconfig:/home/ros/autoware.ai/install/ros_observer/lib/pkgconfig:/home/ros/autoware.ai/install/autoware_system_msgs/lib/x86_64-linux-gnu/pkgconfig:/home/ros/autoware.ai/install/autoware_system_msgs/lib/pkgconfig:/home/ros/autoware.ai/install/autoware_msgs/lib/x86_64-linux-gnu/pkgconfig:/home/ros/autoware.ai/install/autoware_msgs/lib/pkgconfig:/home/ros/autoware.ai/install/autoware_build_flags/lib/x86_64-linux-gnu/pkgconfig:/home/ros/autoware.ai/install/autoware_build_flags/lib/pkgconfig:${PKG_CONFIG_PATH} PYTHONPATH=/home/ros/autoware.ai/install/autoware_system_msgs/lib/python2.7/dist-packages:/home/ros/autoware.ai/install/autoware_msgs/lib/python2.7/dist-packages:${PYTHONPATH} ROS_PACKAGE_PATH=/home/ros/autoware.ai/install/autoware_health_checker/share:/home/ros/autoware.ai/install/amathutils_lib/share:/home/ros/autoware.ai/install/ros_observer/share:/home/ros/autoware.ai/install/autoware_system_msgs/share:/home/ros/autoware.ai/install/autoware_msgs/share:/home/ros/autoware.ai/install/autoware_build_flags/share:${ROS_PACKAGE_PATH} /usr/bin/cmake --build /home/ros/autoware.ai/build/vel_pose_diff_checker -- -j12 -l12
[3.060s] [35m[1mScanning dependencies of target autoware_system_msgs_generate_messages_py[0m
[3.074s] [  0%] Built target autoware_system_msgs_generate_messages_py
[3.089s] [35m[1mScanning dependencies of target std_msgs_generate_messages_nodejs[0m
[3.104s] [  0%] Built target std_msgs_generate_messages_nodejs
[3.117s] [35m[1mScanning dependencies of target sensor_msgs_generate_messages_eus[0m
[3.130s] [  0%] Built target sensor_msgs_generate_messages_eus
[3.148s] [35m[1mScanning dependencies of target _catkin_empty_exported_target[0m
[3.161s] [  0%] Built target _catkin_empty_exported_target
[3.175s] [35m[1mScanning dependencies of target sensor_msgs_generate_messages_cpp[0m
[3.199s] [  0%] Built target sensor_msgs_generate_messages_cpp
[3.212s] [35m[1mScanning dependencies of target autoware_msgs_generate_messages_cpp[0m
[3.225s] [  0%] Built target autoware_msgs_generate_messages_cpp
[3.240s] [35m[1mScanning dependencies of target rosgraph_msgs_generate_messages_cpp[0m
[3.267s] [  0%] Built target rosgraph_msgs_generate_messages_cpp
[3.286s] [35m[1mScanning dependencies of target pcl_msgs_generate_messages_nodejs[0m
[3.306s] [  0%] Built target pcl_msgs_generate_messages_nodejs
[3.320s] [35m[1mScanning dependencies of target jsk_recognition_msgs_generate_messages_py[0m
[3.350s] [  0%] Built target jsk_recognition_msgs_generate_messages_py
[3.366s] [35m[1mScanning dependencies of target sensor_msgs_generate_messages_lisp[0m
[3.385s] [  0%] Built target sensor_msgs_generate_messages_lisp
[3.405s] [35m[1mScanning dependencies of target sensor_msgs_generate_messages_py[0m
[3.419s] [  0%] Built target sensor_msgs_generate_messages_py
[3.441s] [35m[1mScanning dependencies of target tf_generate_messages_py[0m
[3.460s] [  0%] Built target tf_generate_messages_py
[3.474s] [35m[1mScanning dependencies of target std_msgs_generate_messages_cpp[0m
[3.489s] [  0%] Built target std_msgs_generate_messages_cpp
[3.506s] [35m[1mScanning dependencies of target jsk_footstep_msgs_generate_messages_py[0m
[3.521s] [  0%] Built target jsk_footstep_msgs_generate_messages_py
[3.538s] [35m[1mScanning dependencies of target actionlib_msgs_generate_messages_nodejs[0m
[3.553s] [  0%] Built target actionlib_msgs_generate_messages_nodejs
[3.567s] [35m[1mScanning dependencies of target geometry_msgs_generate_messages_eus[0m
[3.585s] [  0%] Built target geometry_msgs_generate_messages_eus
[3.600s] [35m[1mScanning dependencies of target std_msgs_generate_messages_lisp[0m
[3.615s] [  0%] Built target std_msgs_generate_messages_lisp
[3.630s] [35m[1mScanning dependencies of target roscpp_generate_messages_nodejs[0m
[3.645s] [  0%] Built target roscpp_generate_messages_nodejs
[3.659s] [35m[1mScanning dependencies of target autoware_system_msgs_generate_messages_cpp[0m
[3.673s] [  0%] Built target autoware_system_msgs_generate_messages_cpp
[3.691s] [35m[1mScanning dependencies of target geometry_msgs_generate_messages_nodejs[0m
[3.709s] [  0%] Built target geometry_msgs_generate_messages_nodejs
[3.722s] [35m[1mScanning dependencies of target geometry_msgs_generate_messages_lisp[0m
[3.738s] [  0%] Built target geometry_msgs_generate_messages_lisp
[3.756s] [35m[1mScanning dependencies of target pcl_msgs_generate_messages_cpp[0m
[3.774s] [  0%] Built target pcl_msgs_generate_messages_cpp
[3.794s] [35m[1mScanning dependencies of target jsk_recognition_msgs_generate_messages_cpp[0m
[3.808s] [  0%] Built target jsk_recognition_msgs_generate_messages_cpp
[3.823s] [35m[1mScanning dependencies of target autoware_msgs_generate_messages_eus[0m
[3.838s] [  0%] Built target autoware_msgs_generate_messages_eus
[3.852s] [35m[1mScanning dependencies of target autoware_msgs_generate_messages_lisp[0m
[3.873s] [  0%] Built target autoware_msgs_generate_messages_lisp
[3.891s] [35m[1mScanning dependencies of target std_msgs_generate_messages_eus[0m
[3.905s] [  0%] Built target std_msgs_generate_messages_eus
[3.924s] [35m[1mScanning dependencies of target autoware_msgs_generate_messages_nodejs[0m
[3.938s] [  0%] Built target autoware_msgs_generate_messages_nodejs
[3.956s] [35m[1mScanning dependencies of target jsk_footstep_msgs_generate_messages_eus[0m
[3.973s] [  0%] Built target jsk_footstep_msgs_generate_messages_eus
[3.995s] [35m[1mScanning dependencies of target actionlib_msgs_generate_messages_py[0m
[4.013s] [  0%] Built target actionlib_msgs_generate_messages_py
[4.028s] [35m[1mScanning dependencies of target jsk_footstep_msgs_generate_messages_lisp[0m
[4.046s] [  0%] Built target jsk_footstep_msgs_generate_messages_lisp
[4.059s] [35m[1mScanning dependencies of target jsk_footstep_msgs_generate_messages_nodejs[0m
[4.074s] [  0%] Built target jsk_footstep_msgs_generate_messages_nodejs
[4.098s] [35m[1mScanning dependencies of target autoware_system_msgs_generate_messages_nodejs[0m
[4.114s] [  0%] Built target autoware_system_msgs_generate_messages_nodejs
[4.128s] [35m[1mScanning dependencies of target actionlib_msgs_generate_messages_lisp[0m
[4.143s] [  0%] Built target actionlib_msgs_generate_messages_lisp
[4.157s] [35m[1mScanning dependencies of target jsk_footstep_msgs_generate_messages_cpp[0m
[4.172s] [  0%] Built target jsk_footstep_msgs_generate_messages_cpp
[4.195s] [35m[1mScanning dependencies of target actionlib_msgs_generate_messages_cpp[0m
[4.209s] [  0%] Built target actionlib_msgs_generate_messages_cpp
[4.223s] [35m[1mScanning dependencies of target tf_generate_messages_eus[0m
[4.239s] [  0%] Built target tf_generate_messages_eus
[4.253s] [35m[1mScanning dependencies of target tf_generate_messages_lisp[0m
[4.268s] [  0%] Built target tf_generate_messages_lisp
[4.284s] [35m[1mScanning dependencies of target tf_generate_messages_nodejs[0m
[4.305s] [  0%] Built target tf_generate_messages_nodejs
[4.318s] [35m[1mScanning dependencies of target jsk_recognition_msgs_generate_messages_nodejs[0m
[4.332s] [  0%] Built target jsk_recognition_msgs_generate_messages_nodejs
[4.348s] [35m[1mScanning dependencies of target roscpp_generate_messages_lisp[0m
[4.362s] [  0%] Built target roscpp_generate_messages_lisp
[4.376s] [35m[1mScanning dependencies of target roscpp_generate_messages_py[0m
[4.396s] [  0%] Built target roscpp_generate_messages_py
[4.409s] [35m[1mScanning dependencies of target rosgraph_msgs_generate_messages_lisp[0m
[4.423s] [  0%] Built target rosgraph_msgs_generate_messages_lisp
[4.438s] [35m[1mScanning dependencies of target rosgraph_msgs_generate_messages_nodejs[0m
[4.453s] [  0%] Built target rosgraph_msgs_generate_messages_nodejs
[4.469s] [35m[1mScanning dependencies of target roscpp_generate_messages_eus[0m
[4.485s] [  0%] Built target roscpp_generate_messages_eus
[4.501s] [35m[1mScanning dependencies of target actionlib_msgs_generate_messages_eus[0m
[4.517s] [  0%] Built target actionlib_msgs_generate_messages_eus
[4.529s] [35m[1mScanning dependencies of target rosgraph_msgs_generate_messages_py[0m
[4.548s] [  0%] Built target rosgraph_msgs_generate_messages_py
[4.559s] [35m[1mScanning dependencies of target pcl_msgs_generate_messages_py[0m
[4.573s] [  0%] Built target pcl_msgs_generate_messages_py
[4.590s] [35m[1mScanning dependencies of target actionlib_generate_messages_eus[0m
[4.604s] [  0%] Built target actionlib_generate_messages_eus
[4.619s] [35m[1mScanning dependencies of target geometry_msgs_generate_messages_cpp[0m
[4.634s] [  0%] Built target geometry_msgs_generate_messages_cpp
[4.649s] [35m[1mScanning dependencies of target actionlib_generate_messages_lisp[0m
[4.664s] [  0%] Built target actionlib_generate_messages_lisp
[4.684s] [35m[1mScanning dependencies of target pcl_msgs_generate_messages_lisp[0m
[4.708s] [  0%] Built target pcl_msgs_generate_messages_lisp
[4.724s] [35m[1mScanning dependencies of target tf_generate_messages_cpp[0m
[4.743s] [  0%] Built target tf_generate_messages_cpp
[4.762s] [35m[1mScanning dependencies of target actionlib_generate_messages_nodejs[0m
[4.776s] [  0%] Built target actionlib_generate_messages_nodejs
[4.792s] [35m[1mScanning dependencies of target autoware_system_msgs_generate_messages_eus[0m
[4.815s] [  0%] Built target autoware_system_msgs_generate_messages_eus
[4.831s] [35m[1mScanning dependencies of target tf2_msgs_generate_messages_eus[0m
[4.846s] [  0%] Built target tf2_msgs_generate_messages_eus
[4.859s] [35m[1mScanning dependencies of target tf2_msgs_generate_messages_lisp[0m
[4.871s] [  0%] Built target tf2_msgs_generate_messages_lisp
[4.884s] [35m[1mScanning dependencies of target actionlib_generate_messages_py[0m
[4.907s] [  0%] Built target actionlib_generate_messages_py
[4.922s] [35m[1mScanning dependencies of target tf2_msgs_generate_messages_py[0m
[4.937s] [  0%] Built target tf2_msgs_generate_messages_py
[4.953s] [35m[1mScanning dependencies of target autoware_system_msgs_generate_messages_lisp[0m
[4.969s] [  0%] Built target autoware_system_msgs_generate_messages_lisp
[4.989s] [35m[1mScanning dependencies of target tf2_msgs_generate_messages_nodejs[0m
[5.007s] [  0%] Built target tf2_msgs_generate_messages_nodejs
[5.035s] [35m[1mScanning dependencies of target sensor_msgs_generate_messages_nodejs[0m
[5.056s] [  0%] Built target sensor_msgs_generate_messages_nodejs
[5.073s] [35m[1mScanning dependencies of target autoware_msgs_generate_messages_py[0m
[5.099s] [  0%] Built target autoware_msgs_generate_messages_py
[5.112s] [35m[1mScanning dependencies of target std_msgs_generate_messages_py[0m
[5.127s] [  0%] Built target std_msgs_generate_messages_py
[5.141s] [35m[1mScanning dependencies of target tf2_msgs_generate_messages_cpp[0m
[5.156s] [  0%] Built target tf2_msgs_generate_messages_cpp
[5.172s] [35m[1mScanning dependencies of target jsk_recognition_msgs_generate_messages_eus[0m
[5.187s] [  0%] Built target jsk_recognition_msgs_generate_messages_eus
[5.205s] [35m[1mScanning dependencies of target jsk_recognition_msgs_generate_messages_lisp[0m
[5.224s] [  0%] Built target jsk_recognition_msgs_generate_messages_lisp
[5.238s] [35m[1mScanning dependencies of target rosgraph_msgs_generate_messages_eus[0m
[5.254s] [  0%] Built target rosgraph_msgs_generate_messages_eus
[5.268s] [35m[1mScanning dependencies of target pcl_msgs_generate_messages_eus[0m
[5.283s] [  0%] Built target pcl_msgs_generate_messages_eus
[5.299s] [35m[1mScanning dependencies of target actionlib_generate_messages_cpp[0m
[5.312s] [  0%] Built target actionlib_generate_messages_cpp
[5.328s] [35m[1mScanning dependencies of target roscpp_generate_messages_cpp[0m
[5.345s] [  0%] Built target roscpp_generate_messages_cpp
[5.358s] [35m[1mScanning dependencies of target geometry_msgs_generate_messages_py[0m
[5.372s] [  0%] Built target geometry_msgs_generate_messages_py
[5.387s] [35m[1mScanning dependencies of target vel_pose_diff_checker[0m
[5.434s] [ 25%] [32mBuilding CXX object CMakeFiles/vel_pose_diff_checker.dir/src/vel_pose_diff_checker_node.cpp.o[0m
[9.230s] [ 50%] [32mBuilding CXX object CMakeFiles/vel_pose_diff_checker.dir/src/value_time_queue.cpp.o[0m
[11.287s] [ 75%] [32mBuilding CXX object CMakeFiles/vel_pose_diff_checker.dir/src/vel_pose_diff_checker_core.cpp.o[0m
[17.026s] [100%] [32m[1mLinking CXX executable devel/lib/vel_pose_diff_checker/vel_pose_diff_checker[0m
[17.263s] [100%] Built target vel_pose_diff_checker
[17.282s] Invoked command in '/home/ros/autoware.ai/build/vel_pose_diff_checker' returned '0': CMAKE_PREFIX_PATH=/home/ros/autoware.ai/install/autoware_health_checker:/home/ros/autoware.ai/install/amathutils_lib:/home/ros/autoware.ai/install/ros_observer:/home/ros/autoware.ai/install/autoware_system_msgs:/home/ros/autoware.ai/install/autoware_msgs:/home/ros/autoware.ai/install/autoware_build_flags:${CMAKE_PREFIX_PATH} LD_LIBRARY_PATH=/home/ros/autoware.ai/install/autoware_health_checker/lib:/home/ros/autoware.ai/install/amathutils_lib/lib:/home/ros/autoware.ai/install/ros_observer/lib:${LD_LIBRARY_PATH} PKG_CONFIG_PATH=/home/ros/autoware.ai/install/autoware_health_checker/lib/x86_64-linux-gnu/pkgconfig:/home/ros/autoware.ai/install/autoware_health_checker/lib/pkgconfig:/home/ros/autoware.ai/install/amathutils_lib/lib/x86_64-linux-gnu/pkgconfig:/home/ros/autoware.ai/install/amathutils_lib/lib/pkgconfig:/home/ros/autoware.ai/install/ros_observer/lib/x86_64-linux-gnu/pkgconfig:/home/ros/autoware.ai/install/ros_observer/lib/pkgconfig:/home/ros/autoware.ai/install/autoware_system_msgs/lib/x86_64-linux-gnu/pkgconfig:/home/ros/autoware.ai/install/autoware_system_msgs/lib/pkgconfig:/home/ros/autoware.ai/install/autoware_msgs/lib/x86_64-linux-gnu/pkgconfig:/home/ros/autoware.ai/install/autoware_msgs/lib/pkgconfig:/home/ros/autoware.ai/install/autoware_build_flags/lib/x86_64-linux-gnu/pkgconfig:/home/ros/autoware.ai/install/autoware_build_flags/lib/pkgconfig:${PKG_CONFIG_PATH} PYTHONPATH=/home/ros/autoware.ai/install/autoware_system_msgs/lib/python2.7/dist-packages:/home/ros/autoware.ai/install/autoware_msgs/lib/python2.7/dist-packages:${PYTHONPATH} ROS_PACKAGE_PATH=/home/ros/autoware.ai/install/autoware_health_checker/share:/home/ros/autoware.ai/install/amathutils_lib/share:/home/ros/autoware.ai/install/ros_observer/share:/home/ros/autoware.ai/install/autoware_system_msgs/share:/home/ros/autoware.ai/install/autoware_msgs/share:/home/ros/autoware.ai/install/autoware_build_flags/share:${ROS_PACKAGE_PATH} /usr/bin/cmake --build /home/ros/autoware.ai/build/vel_pose_diff_checker -- -j12 -l12
[17.408s] Invoking command in '/home/ros/autoware.ai/build/vel_pose_diff_checker': CMAKE_PREFIX_PATH=/home/ros/autoware.ai/install/autoware_health_checker:/home/ros/autoware.ai/install/amathutils_lib:/home/ros/autoware.ai/install/ros_observer:/home/ros/autoware.ai/install/autoware_system_msgs:/home/ros/autoware.ai/install/autoware_msgs:/home/ros/autoware.ai/install/autoware_build_flags:${CMAKE_PREFIX_PATH} LD_LIBRARY_PATH=/home/ros/autoware.ai/install/autoware_health_checker/lib:/home/ros/autoware.ai/install/amathutils_lib/lib:/home/ros/autoware.ai/install/ros_observer/lib:${LD_LIBRARY_PATH} PKG_CONFIG_PATH=/home/ros/autoware.ai/install/autoware_health_checker/lib/x86_64-linux-gnu/pkgconfig:/home/ros/autoware.ai/install/autoware_health_checker/lib/pkgconfig:/home/ros/autoware.ai/install/amathutils_lib/lib/x86_64-linux-gnu/pkgconfig:/home/ros/autoware.ai/install/amathutils_lib/lib/pkgconfig:/home/ros/autoware.ai/install/ros_observer/lib/x86_64-linux-gnu/pkgconfig:/home/ros/autoware.ai/install/ros_observer/lib/pkgconfig:/home/ros/autoware.ai/install/autoware_system_msgs/lib/x86_64-linux-gnu/pkgconfig:/home/ros/autoware.ai/install/autoware_system_msgs/lib/pkgconfig:/home/ros/autoware.ai/install/autoware_msgs/lib/x86_64-linux-gnu/pkgconfig:/home/ros/autoware.ai/install/autoware_msgs/lib/pkgconfig:/home/ros/autoware.ai/install/autoware_build_flags/lib/x86_64-linux-gnu/pkgconfig:/home/ros/autoware.ai/install/autoware_build_flags/lib/pkgconfig:${PKG_CONFIG_PATH} PYTHONPATH=/home/ros/autoware.ai/install/autoware_system_msgs/lib/python2.7/dist-packages:/home/ros/autoware.ai/install/autoware_msgs/lib/python2.7/dist-packages:${PYTHONPATH} ROS_PACKAGE_PATH=/home/ros/autoware.ai/install/autoware_health_checker/share:/home/ros/autoware.ai/install/amathutils_lib/share:/home/ros/autoware.ai/install/ros_observer/share:/home/ros/autoware.ai/install/autoware_system_msgs/share:/home/ros/autoware.ai/install/autoware_msgs/share:/home/ros/autoware.ai/install/autoware_build_flags/share:${ROS_PACKAGE_PATH} /usr/bin/cmake --build /home/ros/autoware.ai/build/vel_pose_diff_checker --target tests -- -j12 -l12
[17.560s] [35m[1mScanning dependencies of target gtest[0m
[17.592s] [ 16%] [32mBuilding CXX object gtest/googlemock/gtest/CMakeFiles/gtest.dir/src/gtest-all.cc.o[0m
[24.129s] [ 33%] [32m[1mLinking CXX shared library libgtest.so[0m
[24.244s] [ 33%] Built target gtest
[24.259s] [35m[1mScanning dependencies of target vel_pose_diff_checker-test[0m
[24.307s] [ 50%] [32mBuilding CXX object CMakeFiles/vel_pose_diff_checker-test.dir/test/src/test_vel_pose_diff_checker.cpp.o[0m
[28.969s] [ 66%] [32mBuilding CXX object CMakeFiles/vel_pose_diff_checker-test.dir/src/value_time_queue.cpp.o[0m
[31.128s] [ 83%] [32mBuilding CXX object CMakeFiles/vel_pose_diff_checker-test.dir/src/vel_pose_diff_checker_core.cpp.o[0m
[36.864s] [100%] [32m[1mLinking CXX executable devel/lib/vel_pose_diff_checker/vel_pose_diff_checker-test[0m
[37.077s] [100%] Built target vel_pose_diff_checker-test
[37.091s] [35m[1mScanning dependencies of target tests[0m
[37.105s] [100%] Built target tests
[37.123s] Invoked command in '/home/ros/autoware.ai/build/vel_pose_diff_checker' returned '0': CMAKE_PREFIX_PATH=/home/ros/autoware.ai/install/autoware_health_checker:/home/ros/autoware.ai/install/amathutils_lib:/home/ros/autoware.ai/install/ros_observer:/home/ros/autoware.ai/install/autoware_system_msgs:/home/ros/autoware.ai/install/autoware_msgs:/home/ros/autoware.ai/install/autoware_build_flags:${CMAKE_PREFIX_PATH} LD_LIBRARY_PATH=/home/ros/autoware.ai/install/autoware_health_checker/lib:/home/ros/autoware.ai/install/amathutils_lib/lib:/home/ros/autoware.ai/install/ros_observer/lib:${LD_LIBRARY_PATH} PKG_CONFIG_PATH=/home/ros/autoware.ai/install/autoware_health_checker/lib/x86_64-linux-gnu/pkgconfig:/home/ros/autoware.ai/install/autoware_health_checker/lib/pkgconfig:/home/ros/autoware.ai/install/amathutils_lib/lib/x86_64-linux-gnu/pkgconfig:/home/ros/autoware.ai/install/amathutils_lib/lib/pkgconfig:/home/ros/autoware.ai/install/ros_observer/lib/x86_64-linux-gnu/pkgconfig:/home/ros/autoware.ai/install/ros_observer/lib/pkgconfig:/home/ros/autoware.ai/install/autoware_system_msgs/lib/x86_64-linux-gnu/pkgconfig:/home/ros/autoware.ai/install/autoware_system_msgs/lib/pkgconfig:/home/ros/autoware.ai/install/autoware_msgs/lib/x86_64-linux-gnu/pkgconfig:/home/ros/autoware.ai/install/autoware_msgs/lib/pkgconfig:/home/ros/autoware.ai/install/autoware_build_flags/lib/x86_64-linux-gnu/pkgconfig:/home/ros/autoware.ai/install/autoware_build_flags/lib/pkgconfig:${PKG_CONFIG_PATH} PYTHONPATH=/home/ros/autoware.ai/install/autoware_system_msgs/lib/python2.7/dist-packages:/home/ros/autoware.ai/install/autoware_msgs/lib/python2.7/dist-packages:${PYTHONPATH} ROS_PACKAGE_PATH=/home/ros/autoware.ai/install/autoware_health_checker/share:/home/ros/autoware.ai/install/amathutils_lib/share:/home/ros/autoware.ai/install/ros_observer/share:/home/ros/autoware.ai/install/autoware_system_msgs/share:/home/ros/autoware.ai/install/autoware_msgs/share:/home/ros/autoware.ai/install/autoware_build_flags/share:${ROS_PACKAGE_PATH} /usr/bin/cmake --build /home/ros/autoware.ai/build/vel_pose_diff_checker --target tests -- -j12 -l12
[37.223s] Invoking command in '/home/ros/autoware.ai/build/vel_pose_diff_checker': CMAKE_PREFIX_PATH=/home/ros/autoware.ai/install/autoware_health_checker:/home/ros/autoware.ai/install/amathutils_lib:/home/ros/autoware.ai/install/ros_observer:/home/ros/autoware.ai/install/autoware_system_msgs:/home/ros/autoware.ai/install/autoware_msgs:/home/ros/autoware.ai/install/autoware_build_flags:${CMAKE_PREFIX_PATH} LD_LIBRARY_PATH=/home/ros/autoware.ai/install/autoware_health_checker/lib:/home/ros/autoware.ai/install/amathutils_lib/lib:/home/ros/autoware.ai/install/ros_observer/lib:${LD_LIBRARY_PATH} PKG_CONFIG_PATH=/home/ros/autoware.ai/install/autoware_health_checker/lib/x86_64-linux-gnu/pkgconfig:/home/ros/autoware.ai/install/autoware_health_checker/lib/pkgconfig:/home/ros/autoware.ai/install/amathutils_lib/lib/x86_64-linux-gnu/pkgconfig:/home/ros/autoware.ai/install/amathutils_lib/lib/pkgconfig:/home/ros/autoware.ai/install/ros_observer/lib/x86_64-linux-gnu/pkgconfig:/home/ros/autoware.ai/install/ros_observer/lib/pkgconfig:/home/ros/autoware.ai/install/autoware_system_msgs/lib/x86_64-linux-gnu/pkgconfig:/home/ros/autoware.ai/install/autoware_system_msgs/lib/pkgconfig:/home/ros/autoware.ai/install/autoware_msgs/lib/x86_64-linux-gnu/pkgconfig:/home/ros/autoware.ai/install/autoware_msgs/lib/pkgconfig:/home/ros/autoware.ai/install/autoware_build_flags/lib/x86_64-linux-gnu/pkgconfig:/home/ros/autoware.ai/install/autoware_build_flags/lib/pkgconfig:${PKG_CONFIG_PATH} PYTHONPATH=/home/ros/autoware.ai/install/autoware_system_msgs/lib/python2.7/dist-packages:/home/ros/autoware.ai/install/autoware_msgs/lib/python2.7/dist-packages:${PYTHONPATH} ROS_PACKAGE_PATH=/home/ros/autoware.ai/install/autoware_health_checker/share:/home/ros/autoware.ai/install/amathutils_lib/share:/home/ros/autoware.ai/install/ros_observer/share:/home/ros/autoware.ai/install/autoware_system_msgs/share:/home/ros/autoware.ai/install/autoware_msgs/share:/home/ros/autoware.ai/install/autoware_build_flags/share:${ROS_PACKAGE_PATH} /usr/bin/cmake --build /home/ros/autoware.ai/build/vel_pose_diff_checker --target install -- -j12 -l12
[37.303s] [  0%] Built target autoware_system_msgs_generate_messages_py
[37.331s] [  0%] Built target std_msgs_generate_messages_nodejs
[37.358s] [  0%] Built target sensor_msgs_generate_messages_eus
[37.390s] [  0%] Built target _catkin_empty_exported_target
[37.420s] [  0%] Built target sensor_msgs_generate_messages_cpp
[37.448s] [  0%] Built target autoware_msgs_generate_messages_cpp
[37.477s] [  0%] Built target rosgraph_msgs_generate_messages_cpp
[37.505s] [  0%] Built target pcl_msgs_generate_messages_nodejs
[37.535s] [  0%] Built target jsk_recognition_msgs_generate_messages_py
[37.566s] [  0%] Built target sensor_msgs_generate_messages_lisp
[37.594s] [  0%] Built target sensor_msgs_generate_messages_py
[37.624s] [  0%] Built target tf_generate_messages_py
[37.653s] [  0%] Built target std_msgs_generate_messages_cpp
[37.679s] [  0%] Built target jsk_footstep_msgs_generate_messages_py
[37.708s] [  0%] Built target actionlib_msgs_generate_messages_nodejs
[37.739s] [  0%] Built target geometry_msgs_generate_messages_eus
[37.766s] [  0%] Built target std_msgs_generate_messages_lisp
[37.792s] [  0%] Built target roscpp_generate_messages_nodejs
[37.818s] [  0%] Built target autoware_system_msgs_generate_messages_cpp
[37.843s] [  0%] Built target geometry_msgs_generate_messages_nodejs
[37.869s] [  0%] Built target geometry_msgs_generate_messages_lisp
[37.900s] [  0%] Built target pcl_msgs_generate_messages_cpp
[37.927s] [  0%] Built target jsk_recognition_msgs_generate_messages_cpp
[37.953s] [  0%] Built target autoware_msgs_generate_messages_eus
[37.980s] [  0%] Built target autoware_msgs_generate_messages_lisp
[38.009s] [  0%] Built target std_msgs_generate_messages_eus
[38.037s] [  0%] Built target autoware_msgs_generate_messages_nodejs
[38.080s] [  0%] Built target jsk_footstep_msgs_generate_messages_eus
[38.110s] [  0%] Built target actionlib_msgs_generate_messages_py
[38.138s] [  0%] Built target jsk_footstep_msgs_generate_messages_lisp
[38.170s] [  0%] Built target jsk_footstep_msgs_generate_messages_nodejs
[38.202s] [  0%] Built target autoware_system_msgs_generate_messages_nodejs
[38.232s] [  0%] Built target actionlib_msgs_generate_messages_lisp
[38.262s] [  0%] Built target jsk_footstep_msgs_generate_messages_cpp
[38.292s] [  0%] Built target actionlib_msgs_generate_messages_cpp
[38.316s] [  0%] Built target tf_generate_messages_eus
[38.345s] [  0%] Built target tf_generate_messages_lisp
[38.375s] [  0%] Built target tf_generate_messages_nodejs
[38.404s] [  0%] Built target jsk_recognition_msgs_generate_messages_nodejs
[38.433s] [  0%] Built target roscpp_generate_messages_lisp
[38.464s] [  0%] Built target roscpp_generate_messages_py
[38.500s] [  0%] Built target rosgraph_msgs_generate_messages_lisp
[38.532s] [  0%] Built target rosgraph_msgs_generate_messages_nodejs
[38.560s] [  0%] Built target roscpp_generate_messages_eus
[38.590s] [  0%] Built target actionlib_msgs_generate_messages_eus
[38.623s] [  0%] Built target rosgraph_msgs_generate_messages_py
[38.649s] [  0%] Built target pcl_msgs_generate_messages_py
[38.675s] [  0%] Built target actionlib_generate_messages_eus
[38.701s] [  0%] Built target geometry_msgs_generate_messages_cpp
[38.732s] [  0%] Built target actionlib_generate_messages_lisp
[38.758s] [  0%] Built target pcl_msgs_generate_messages_lisp
[38.785s] [  0%] Built target tf_generate_messages_cpp
[38.811s] [  0%] Built target actionlib_generate_messages_nodejs
[38.837s] [  0%] Built target autoware_system_msgs_generate_messages_eus
[38.861s] [  0%] Built target tf2_msgs_generate_messages_eus
[38.890s] [  0%] Built target tf2_msgs_generate_messages_lisp
[38.924s] [  0%] Built target actionlib_generate_messages_py
[38.953s] [  0%] Built target tf2_msgs_generate_messages_py
[38.982s] [  0%] Built target autoware_system_msgs_generate_messages_lisp
[39.006s] [  0%] Built target tf2_msgs_generate_messages_nodejs
[39.033s] [  0%] Built target sensor_msgs_generate_messages_nodejs
[39.058s] [  0%] Built target autoware_msgs_generate_messages_py
[39.088s] [  0%] Built target std_msgs_generate_messages_py
[39.116s] [  0%] Built target tf2_msgs_generate_messages_cpp
[39.153s] [  0%] Built target jsk_recognition_msgs_generate_messages_eus
[39.182s] [  0%] Built target jsk_recognition_msgs_generate_messages_lisp
[39.212s] [  0%] Built target rosgraph_msgs_generate_messages_eus
[39.242s] [  0%] Built target pcl_msgs_generate_messages_eus
[39.268s] [  0%] Built target actionlib_generate_messages_cpp
[39.297s] [  0%] Built target roscpp_generate_messages_cpp
[39.328s] [  0%] Built target geometry_msgs_generate_messages_py
[39.364s] [100%] Built target vel_pose_diff_checker
[39.393s] [36mInstall the project...[0m
[39.405s] -- Install configuration: "Release"
[39.405s] -- Installing: /home/ros/autoware.ai/install/vel_pose_diff_checker/lib/pkgconfig/vel_pose_diff_checker.pc
[39.405s] -- Installing: /home/ros/autoware.ai/install/vel_pose_diff_checker/share/vel_pose_diff_checker/cmake/vel_pose_diff_checkerConfig.cmake
[39.406s] -- Installing: /home/ros/autoware.ai/install/vel_pose_diff_checker/share/vel_pose_diff_checker/cmake/vel_pose_diff_checkerConfig-version.cmake
[39.406s] -- Installing: /home/ros/autoware.ai/install/vel_pose_diff_checker/share/vel_pose_diff_checker/package.xml
[39.406s] -- Installing: /home/ros/autoware.ai/install/vel_pose_diff_checker/lib/vel_pose_diff_checker/vel_pose_diff_checker
[39.407s] -- Set runtime path of "/home/ros/autoware.ai/install/vel_pose_diff_checker/lib/vel_pose_diff_checker/vel_pose_diff_checker" to ""
[39.407s] -- Installing: /home/ros/autoware.ai/install/vel_pose_diff_checker/share/vel_pose_diff_checker/launch
[39.407s] -- Installing: /home/ros/autoware.ai/install/vel_pose_diff_checker/share/vel_pose_diff_checker/launch/vel_pose_diff_checker.launch
[39.407s] -- Installing: /home/ros/autoware.ai/install/vel_pose_diff_checker/share/vel_pose_diff_checker/config
[39.407s] -- Installing: /home/ros/autoware.ai/install/vel_pose_diff_checker/share/vel_pose_diff_checker/config/health_checker.yaml
[39.414s] Invoked command in '/home/ros/autoware.ai/build/vel_pose_diff_checker' returned '0': CMAKE_PREFIX_PATH=/home/ros/autoware.ai/install/autoware_health_checker:/home/ros/autoware.ai/install/amathutils_lib:/home/ros/autoware.ai/install/ros_observer:/home/ros/autoware.ai/install/autoware_system_msgs:/home/ros/autoware.ai/install/autoware_msgs:/home/ros/autoware.ai/install/autoware_build_flags:${CMAKE_PREFIX_PATH} LD_LIBRARY_PATH=/home/ros/autoware.ai/install/autoware_health_checker/lib:/home/ros/autoware.ai/install/amathutils_lib/lib:/home/ros/autoware.ai/install/ros_observer/lib:${LD_LIBRARY_PATH} PKG_CONFIG_PATH=/home/ros/autoware.ai/install/autoware_health_checker/lib/x86_64-linux-gnu/pkgconfig:/home/ros/autoware.ai/install/autoware_health_checker/lib/pkgconfig:/home/ros/autoware.ai/install/amathutils_lib/lib/x86_64-linux-gnu/pkgconfig:/home/ros/autoware.ai/install/amathutils_lib/lib/pkgconfig:/home/ros/autoware.ai/install/ros_observer/lib/x86_64-linux-gnu/pkgconfig:/home/ros/autoware.ai/install/ros_observer/lib/pkgconfig:/home/ros/autoware.ai/install/autoware_system_msgs/lib/x86_64-linux-gnu/pkgconfig:/home/ros/autoware.ai/install/autoware_system_msgs/lib/pkgconfig:/home/ros/autoware.ai/install/autoware_msgs/lib/x86_64-linux-gnu/pkgconfig:/home/ros/autoware.ai/install/autoware_msgs/lib/pkgconfig:/home/ros/autoware.ai/install/autoware_build_flags/lib/x86_64-linux-gnu/pkgconfig:/home/ros/autoware.ai/install/autoware_build_flags/lib/pkgconfig:${PKG_CONFIG_PATH} PYTHONPATH=/home/ros/autoware.ai/install/autoware_system_msgs/lib/python2.7/dist-packages:/home/ros/autoware.ai/install/autoware_msgs/lib/python2.7/dist-packages:${PYTHONPATH} ROS_PACKAGE_PATH=/home/ros/autoware.ai/install/autoware_health_checker/share:/home/ros/autoware.ai/install/amathutils_lib/share:/home/ros/autoware.ai/install/ros_observer/share:/home/ros/autoware.ai/install/autoware_system_msgs/share:/home/ros/autoware.ai/install/autoware_msgs/share:/home/ros/autoware.ai/install/autoware_build_flags/share:${ROS_PACKAGE_PATH} /usr/bin/cmake --build /home/ros/autoware.ai/build/vel_pose_diff_checker --target install -- -j12 -l12
