[0.015s] Invoking command in '/home/ros/autoware.ai/build/gnss': /home/ros/.local/bin/cmake /home/ros/autoware.ai/src/autoware/common/gnss -DCATKIN_INSTALL_INTO_PREFIX_ROOT=0 -DCMAKE_INSTALL_PREFIX=/home/ros/autoware.ai/install/gnss
[0.105s] -- The C compiler identification is GNU 7.5.0
[0.159s] -- The CXX compiler identification is GNU 7.5.0
[0.168s] -- Detecting C compiler ABI info
[0.217s] -- Detecting C compiler ABI info - done
[0.227s] -- Check for working C compiler: /usr/bin/cc - skipped
[0.227s] -- Detecting C compile features
[0.228s] -- Detecting C compile features - done
[0.231s] -- Detecting CXX compiler ABI info
[0.288s] -- Detecting CXX compiler ABI info - done
[0.300s] -- Check for working CXX compiler: /usr/bin/c++ - skipped
[0.300s] -- Detecting CXX compile features
[0.300s] -- Detecting CXX compile features - done
[0.301s] -- Using CATKIN_DEVEL_PREFIX: /home/ros/autoware.ai/build/gnss/devel
[0.301s] -- Using CMAKE_PREFIX_PATH: /home/ros/autoware.ai/install/wf_simulator;/home/ros/autoware.ai/install/lattice_planner;/home/ros/autoware.ai/install/waypoint_planner;/home/ros/autoware.ai/install/waypoint_maker;/home/ros/autoware.ai/install/way_planner;/home/ros/autoware.ai/install/vision_ssd_detect;/home/ros/autoware.ai/install/vision_segment_enet_detect;/home/ros/autoware.ai/install/vision_lane_detect;/home/ros/autoware.ai/install/vision_darknet_detect;/home/ros/autoware.ai/install/vision_beyond_track;/home/ros/autoware.ai/install/vel_pose_diff_checker;/home/ros/autoware.ai/install/vehicle_socket;/home/ros/autoware.ai/install/vehicle_sim_model;/home/ros/autoware.ai/install/vehicle_model;/home/ros/autoware.ai/install/vehicle_gazebo_simulation_launcher;/home/ros/autoware.ai/install/vehicle_gazebo_simulation_interface;/home/ros/autoware.ai/install/vehicle_engage_panel;/home/ros/autoware.ai/install/vehicle_description;/home/ros/autoware.ai/install/trafficlight_recognizer;/home/ros/autoware.ai/install/op_utilities;/home/ros/autoware.ai/install/op_simulation_package;/home/ros/autoware.ai/install/op_local_planner;/home/ros/autoware.ai/install/op_global_planner;/home/ros/autoware.ai/install/lidar_kf_contour_track;/home/ros/autoware.ai/install/op_ros_helpers;/home/ros/autoware.ai/install/ff_waypoint_follower;/home/ros/autoware.ai/install/dp_planner;/home/ros/autoware.ai/install/op_simu;/home/ros/autoware.ai/install/op_planner;/home/ros/autoware.ai/install/op_utility;/home/ros/autoware.ai/install/lidar_euclidean_cluster_detect;/home/ros/autoware.ai/install/vector_map_server;/home/ros/autoware.ai/install/road_occupancy_processor;/home/ros/autoware.ai/install/costmap_generator;/home/ros/autoware.ai/install/object_map;/home/ros/autoware.ai/install/naive_motion_predict;/home/ros/autoware.ai/install/lanelet_aisan_converter;/home/ros/autoware.ai/install/map_file;/home/ros/autoware.ai/install/libvectormap;/home/ros/autoware.ai/install/lane_planner;/home/ros/autoware.ai/install/imm_ukf_pda_track;/home/ros/autoware.ai/install/decision_maker;/home/ros/autoware.ai/install/vector_map;/home/ros/autoware.ai/install/vector_map_msgs;/home/ros/autoware.ai/install/udon_socket;/home/ros/autoware.ai/install/twist_generator;/home/ros/autoware.ai/install/twist_gate;/home/ros/autoware.ai/install/twist_filter;/home/ros/autoware.ai/install/twist2odom;/home/ros/autoware.ai/install/tablet_socket;/home/ros/autoware.ai/install/runtime_manager;/home/ros/autoware.ai/install/mqtt_socket;/home/ros/autoware.ai/install/tablet_socket_msgs;/home/ros/autoware.ai/install/system_monitor;/home/ros/autoware.ai/install/state_machine_lib;/home/ros/autoware.ai/install/sound_player;/home/ros/autoware.ai/install/points2image;/home/ros/autoware.ai/install/rosinterface;/home/ros/autoware.ai/install/rosbag_controller;/home/ros/autoware.ai/install/pure_pursuit;/home/ros/autoware.ai/install/points_preprocessor;/home/ros/autoware.ai/install/mpc_follower;/home/ros/autoware.ai/install/lidar_localizer;/home/ros/autoware.ai/install/emergency_handler;/home/ros/autoware.ai/install/autoware_health_checker;/home/ros/autoware.ai/install/ros_observer;/home/ros/autoware.ai/install/roi_object_filter;/home/ros/autoware.ai/install/range_vision_fusion;/home/ros/autoware.ai/install/pos_db;/home/ros/autoware.ai/install/points_downsampler;/home/ros/autoware.ai/install/pixel_cloud_fusion;/home/ros/autoware.ai/install/pcl_omp_registration;/home/ros/autoware.ai/install/pc2_downsampler;/home/ros/autoware.ai/install/oculus_socket;/home/ros/autoware.ai/install/obj_db;/home/ros/autoware.ai/install/ndt_tku;/home/ros/autoware.ai/install/ndt_cpu;/home/ros/autoware.ai/install/multi_lidar_calibrator;/home/ros/autoware.ai/install/marker_downsampler;/home/ros/autoware.ai/install/map_tools;/home/ros/autoware.ai/install/map_tf_generator;/home/ros/autoware.ai/install/log_tools;/home/ros/autoware.ai/install/ll2_global_planner;/home/ros/autoware.ai/install/lidar_shape_estimation;/home/ros/autoware.ai/install/lidar_point_pillars;/home/ros/autoware.ai/install/lidar_naive_l_shape_detect;/home/ros/autoware.ai/install/lidar_fake_perception;/home/ros/autoware.ai/install/lidar_apollo_cnn_seg_detect;/home/ros/autoware.ai/install/libwaypoint_follower;/home/ros/autoware.ai/install/lgsvl_simulator_bridge;/home/ros/autoware.ai/install/lanelet2_extension;/home/ros/autoware.ai/install/kitti_launch;/home/ros/autoware.ai/install/kitti_player;/home/ros/autoware.ai/install/kitti_box_publisher;/home/ros/autoware.ai/install/integrated_viewer;/home/ros/autoware.ai/install/image_processor;/home/ros/autoware.ai/install/graph_tools;/home/ros/autoware.ai/install/gnss_localizer;/home/ros/autoware.ai/install/gnss;/home/ros/autoware.ai/install/glviewer;/home/ros/autoware.ai/install/gazebo_world_description;/home/ros/autoware.ai/install/gazebo_imu_description;/home/ros/autoware.ai/install/gazebo_camera_description;/home/ros/autoware.ai/install/freespace_planner;/home/ros/autoware.ai/install/fastvirtualscan;/home/ros/autoware.ai/install/ekf_localizer;/home/ros/autoware.ai/install/detected_objects_visualizer;/home/ros/autoware.ai/install/decision_maker_panel;/home/ros/autoware.ai/install/data_preprocessor;/home/ros/autoware.ai/install/carla_autoware_bridge;/home/ros/autoware.ai/install/calibration_publisher;/home/ros/autoware.ai/install/autoware_system_msgs;/home/ros/autoware.ai/install/autoware_rviz_plugins;/home/ros/autoware.ai/install/autoware_quickstart_examples;/home/ros/autoware.ai/install/autoware_connector;/home/ros/autoware.ai/install/autoware_camera_lidar_calibrator;/home/ros/autoware.ai/install/astar_search;/home/ros/autoware.ai/install/amathutils_lib;/home/ros/autoware.ai/install/autoware_msgs;/home/ros/autoware.ai/install/autoware_map_msgs;/home/ros/autoware.ai/install/autoware_launcher_rviz;/home/ros/autoware.ai/install/autoware_launcher;/home/ros/autoware.ai/install/autoware_lanelet2_msgs;/home/ros/autoware.ai/install/autoware_external_msgs;/home/ros/autoware.ai/install/autoware_config_msgs;/home/ros/autoware.ai/install/autoware_can_msgs;/home/ros/autoware.ai/install/autoware_build_flags;/home/ros/autoware.ai/install/autoware_bag_tools;/home/ros/catkin_ws/devel;/opt/ros/melodic
[0.306s] -- This workspace overlays: /home/ros/autoware.ai/install/wf_simulator;/home/ros/autoware.ai/install/lattice_planner;/home/ros/autoware.ai/install/waypoint_planner;/home/ros/autoware.ai/install/waypoint_maker;/home/ros/autoware.ai/install/way_planner;/home/ros/autoware.ai/install/vision_ssd_detect;/home/ros/autoware.ai/install/vision_segment_enet_detect;/home/ros/autoware.ai/install/vision_lane_detect;/home/ros/autoware.ai/install/vision_darknet_detect;/home/ros/autoware.ai/install/vision_beyond_track;/home/ros/autoware.ai/install/vel_pose_diff_checker;/home/ros/autoware.ai/install/vehicle_socket;/home/ros/autoware.ai/install/vehicle_sim_model;/home/ros/autoware.ai/install/vehicle_model;/home/ros/autoware.ai/install/vehicle_gazebo_simulation_launcher;/home/ros/autoware.ai/install/vehicle_gazebo_simulation_interface;/home/ros/autoware.ai/install/vehicle_engage_panel;/home/ros/autoware.ai/install/vehicle_description;/home/ros/autoware.ai/install/trafficlight_recognizer;/home/ros/autoware.ai/install/op_utilities;/home/ros/autoware.ai/install/op_simulation_package;/home/ros/autoware.ai/install/op_local_planner;/home/ros/autoware.ai/install/op_global_planner;/home/ros/autoware.ai/install/lidar_kf_contour_track;/home/ros/autoware.ai/install/op_ros_helpers;/home/ros/autoware.ai/install/ff_waypoint_follower;/home/ros/autoware.ai/install/dp_planner;/home/ros/autoware.ai/install/op_simu;/home/ros/autoware.ai/install/op_planner;/home/ros/autoware.ai/install/op_utility;/home/ros/autoware.ai/install/lidar_euclidean_cluster_detect;/home/ros/autoware.ai/install/vector_map_server;/home/ros/autoware.ai/install/road_occupancy_processor;/home/ros/autoware.ai/install/costmap_generator;/home/ros/autoware.ai/install/object_map;/home/ros/autoware.ai/install/naive_motion_predict;/home/ros/autoware.ai/install/lanelet_aisan_converter;/home/ros/autoware.ai/install/map_file;/home/ros/autoware.ai/install/libvectormap;/home/ros/autoware.ai/install/lane_planner;/home/ros/autoware.ai/install/imm_ukf_pda_track;/home/ros/autoware.ai/install/decision_maker;/home/ros/autoware.ai/install/vector_map;/home/ros/autoware.ai/install/vector_map_msgs;/home/ros/autoware.ai/install/udon_socket;/home/ros/autoware.ai/install/twist_generator;/home/ros/autoware.ai/install/twist_gate;/home/ros/autoware.ai/install/twist_filter;/home/ros/autoware.ai/install/twist2odom;/home/ros/autoware.ai/install/tablet_socket;/home/ros/autoware.ai/install/runtime_manager;/home/ros/autoware.ai/install/mqtt_socket;/home/ros/autoware.ai/install/tablet_socket_msgs;/home/ros/autoware.ai/install/system_monitor;/home/ros/autoware.ai/install/state_machine_lib;/home/ros/autoware.ai/install/sound_player;/home/ros/autoware.ai/install/points2image;/home/ros/autoware.ai/install/rosinterface;/home/ros/autoware.ai/install/rosbag_controller;/home/ros/autoware.ai/install/pure_pursuit;/home/ros/autoware.ai/install/points_preprocessor;/home/ros/autoware.ai/install/mpc_follower;/home/ros/autoware.ai/install/lidar_localizer;/home/ros/autoware.ai/install/emergency_handler;/home/ros/autoware.ai/install/autoware_health_checker;/home/ros/autoware.ai/install/ros_observer;/home/ros/autoware.ai/install/roi_object_filter;/home/ros/autoware.ai/install/range_vision_fusion;/home/ros/autoware.ai/install/pos_db;/home/ros/autoware.ai/install/points_downsampler;/home/ros/autoware.ai/install/pixel_cloud_fusion;/home/ros/autoware.ai/install/pcl_omp_registration;/home/ros/autoware.ai/install/pc2_downsampler;/home/ros/autoware.ai/install/oculus_socket;/home/ros/autoware.ai/install/obj_db;/home/ros/autoware.ai/install/ndt_tku;/home/ros/autoware.ai/install/ndt_cpu;/home/ros/autoware.ai/install/multi_lidar_calibrator;/home/ros/autoware.ai/install/marker_downsampler;/home/ros/autoware.ai/install/map_tools;/home/ros/autoware.ai/install/map_tf_generator;/home/ros/autoware.ai/install/log_tools;/home/ros/autoware.ai/install/ll2_global_planner;/home/ros/autoware.ai/install/lidar_shape_estimation;/home/ros/autoware.ai/install/lidar_point_pillars;/home/ros/autoware.ai/install/lidar_naive_l_shape_detect;/home/ros/autoware.ai/install/lidar_fake_perception;/home/ros/autoware.ai/install/lidar_apollo_cnn_seg_detect;/home/ros/autoware.ai/install/libwaypoint_follower;/home/ros/autoware.ai/install/lgsvl_simulator_bridge;/home/ros/autoware.ai/install/lanelet2_extension;/home/ros/autoware.ai/install/kitti_launch;/home/ros/autoware.ai/install/kitti_player;/home/ros/autoware.ai/install/kitti_box_publisher;/home/ros/autoware.ai/install/integrated_viewer;/home/ros/autoware.ai/install/image_processor;/home/ros/autoware.ai/install/graph_tools;/home/ros/autoware.ai/install/gnss_localizer;/home/ros/autoware.ai/install/gnss;/home/ros/autoware.ai/install/glviewer;/home/ros/autoware.ai/install/gazebo_world_description;/home/ros/autoware.ai/install/gazebo_imu_description;/home/ros/autoware.ai/install/gazebo_camera_description;/home/ros/autoware.ai/install/freespace_planner;/home/ros/autoware.ai/install/fastvirtualscan;/home/ros/autoware.ai/install/ekf_localizer;/home/ros/autoware.ai/install/detected_objects_visualizer;/home/ros/autoware.ai/install/decision_maker_panel;/home/ros/autoware.ai/install/data_preprocessor;/home/ros/autoware.ai/install/carla_autoware_bridge;/home/ros/autoware.ai/install/calibration_publisher;/home/ros/autoware.ai/install/autoware_system_msgs;/home/ros/autoware.ai/install/autoware_rviz_plugins;/home/ros/autoware.ai/install/autoware_quickstart_examples;/home/ros/autoware.ai/install/autoware_connector;/home/ros/autoware.ai/install/autoware_camera_lidar_calibrator;/home/ros/autoware.ai/install/astar_search;/home/ros/autoware.ai/install/amathutils_lib;/home/ros/autoware.ai/install/autoware_msgs;/home/ros/autoware.ai/install/autoware_map_msgs;/home/ros/autoware.ai/install/autoware_launcher_rviz;/home/ros/autoware.ai/install/autoware_launcher;/home/ros/autoware.ai/install/autoware_lanelet2_msgs;/home/ros/autoware.ai/install/autoware_external_msgs;/home/ros/autoware.ai/install/autoware_config_msgs;/home/ros/autoware.ai/install/autoware_can_msgs;/home/ros/autoware.ai/install/autoware_build_flags;/home/ros/autoware.ai/install/autoware_bag_tools;/home/ros/catkin_ws/devel;/opt/ros/melodic
[0.319s] -- Found PythonInterp: /usr/bin/python2 (found suitable version "2.7.17", minimum required is "2") 
[0.319s] -- Using PYTHON_EXECUTABLE: /usr/bin/python2
[0.319s] -- Using Debian Python package layout
[0.320s] -- Using empy: /usr/bin/empy
[0.433s] -- Using CATKIN_ENABLE_TESTING: ON
[0.433s] -- Call enable_testing()
[0.433s] -- Using CATKIN_TEST_RESULTS_DIR: /home/ros/autoware.ai/build/gnss/test_results
[0.460s] -- Found gtest sources under '/usr/src/googletest': gtests will be built
[0.460s] -- Found gmock sources under '/usr/src/googletest': gmock will be built
[0.473s] -- Found PythonInterp: /usr/bin/python2 (found version "2.7.17") 
[0.474s] -- Performing Test CMAKE_HAVE_LIBC_PTHREAD
[0.527s] -- Performing Test CMAKE_HAVE_LIBC_PTHREAD - Failed
[0.531s] -- Using Python nosetests: /usr/bin/nosetests-2.7
[0.566s] -- catkin 0.7.29
[0.566s] -- BUILD_SHARED_LIBS is on
[0.894s] -- Configuring done
[0.915s] -- Generating done
[0.918s] -- Build files have been written to: /home/ros/autoware.ai/build/gnss
[0.926s] Invoked command in '/home/ros/autoware.ai/build/gnss' returned '0': /home/ros/.local/bin/cmake /home/ros/autoware.ai/src/autoware/common/gnss -DCATKIN_INSTALL_INTO_PREFIX_ROOT=0 -DCMAKE_INSTALL_PREFIX=/home/ros/autoware.ai/install/gnss
[0.929s] Invoking command in '/home/ros/autoware.ai/build/gnss': /home/ros/.local/bin/cmake --build /home/ros/autoware.ai/build/gnss -- -j12 -l12
[0.983s] [35m[1mScanning dependencies of target gnss[0m
[0.990s] [ 50%] [32mBuilding CXX object CMakeFiles/gnss.dir/src/geo_pos_conv.cpp.o[0m
[1.064s] [100%] [32m[1mLinking CXX shared library devel/lib/libgnss.so[0m
[1.097s] [100%] Built target gnss
[1.105s] Invoked command in '/home/ros/autoware.ai/build/gnss' returned '0': /home/ros/.local/bin/cmake --build /home/ros/autoware.ai/build/gnss -- -j12 -l12
[1.241s] Invoking command in '/home/ros/autoware.ai/build/gnss': /home/ros/.local/bin/cmake --build /home/ros/autoware.ai/build/gnss --target tests -- -j12 -l12
[1.308s] [35m[1mScanning dependencies of target roscpp_generate_messages_eus[0m
[1.308s] [35m[1mScanning dependencies of target std_msgs_generate_messages_nodejs[0m
[1.308s] [35m[1mScanning dependencies of target rosgraph_msgs_generate_messages_eus[0m
[1.308s] [35m[1mScanning dependencies of target roscpp_generate_messages_cpp[0m
[1.309s] [35m[1mScanning dependencies of target roscpp_generate_messages_py[0m
[1.309s] [35m[1mScanning dependencies of target std_msgs_generate_messages_cpp[0m
[1.309s] [35m[1mScanning dependencies of target gtest[0m
[1.309s] [35m[1mScanning dependencies of target std_msgs_generate_messages_lisp[0m
[1.309s] [35m[1mScanning dependencies of target rosgraph_msgs_generate_messages_cpp[0m
[1.309s] [35m[1mScanning dependencies of target roscpp_generate_messages_nodejs[0m
[1.311s] [35m[1mScanning dependencies of target rosgraph_msgs_generate_messages_nodejs[0m
[1.312s] [35m[1mScanning dependencies of target rosgraph_msgs_generate_messages_lisp[0m
[1.319s] [  0%] Built target roscpp_generate_messages_py
[1.319s] [  0%] Built target std_msgs_generate_messages_nodejs
[1.319s] [  0%] Built target std_msgs_generate_messages_lisp
[1.319s] [  0%] Built target std_msgs_generate_messages_cpp
[1.319s] [  0%] Built target rosgraph_msgs_generate_messages_eus
[1.320s] [  0%] Built target roscpp_generate_messages_cpp
[1.320s] [  0%] Built target rosgraph_msgs_generate_messages_cpp
[1.321s] [ 20%] [32mBuilding CXX object gtest/googlemock/gtest/CMakeFiles/gtest.dir/src/gtest-all.cc.o[0m
[1.321s] [ 20%] Built target roscpp_generate_messages_nodejs
[1.322s] [ 20%] Built target rosgraph_msgs_generate_messages_nodejs
[1.323s] [ 20%] Built target roscpp_generate_messages_eus
[1.324s] [ 20%] Built target rosgraph_msgs_generate_messages_lisp
[1.327s] [35m[1mScanning dependencies of target roscpp_generate_messages_lisp[0m
[1.328s] [35m[1mScanning dependencies of target std_msgs_generate_messages_eus[0m
[1.329s] [35m[1mScanning dependencies of target rosgraph_msgs_generate_messages_py[0m
[1.329s] [35m[1mScanning dependencies of target std_msgs_generate_messages_py[0m
[1.336s] [ 20%] Built target std_msgs_generate_messages_eus
[1.337s] [ 20%] Built target roscpp_generate_messages_lisp
[1.338s] [ 20%] Built target rosgraph_msgs_generate_messages_py
[1.339s] [ 20%] Built target std_msgs_generate_messages_py
[4.836s] [ 40%] [32m[1mLinking CXX shared library libgtest.so[0m
[4.886s] [ 40%] Built target gtest
[4.894s] [35m[1mScanning dependencies of target test_gnss[0m
[4.903s] [ 80%] [32mBuilding CXX object CMakeFiles/test_gnss.dir/test/test_gnss.cpp.o[0m
[4.903s] [ 80%] [32mBuilding CXX object CMakeFiles/test_gnss.dir/src/geo_pos_conv.cpp.o[0m
[6.101s] [100%] [32m[1mLinking CXX executable devel/lib/gnss/test_gnss[0m
[6.198s] [100%] Built target test_gnss
[6.206s] [35m[1mScanning dependencies of target tests[0m
[6.213s] [100%] Built target tests
[6.222s] Invoked command in '/home/ros/autoware.ai/build/gnss' returned '0': /home/ros/.local/bin/cmake --build /home/ros/autoware.ai/build/gnss --target tests -- -j12 -l12
[6.402s] Invoking command in '/home/ros/autoware.ai/build/gnss': /home/ros/.local/bin/cmake --install /home/ros/autoware.ai/build/gnss
[6.451s] -- Install configuration: "Release"
[6.451s] -- Installing: /home/ros/autoware.ai/install/gnss/lib/pkgconfig/gnss.pc
[6.451s] -- Installing: /home/ros/autoware.ai/install/gnss/share/gnss/cmake/gnssConfig.cmake
[6.451s] -- Up-to-date: /home/ros/autoware.ai/install/gnss/share/gnss/cmake/gnssConfig-version.cmake
[6.451s] -- Up-to-date: /home/ros/autoware.ai/install/gnss/share/gnss/package.xml
[6.452s] -- Up-to-date: /home/ros/autoware.ai/install/gnss/include/gnss
[6.452s] -- Up-to-date: /home/ros/autoware.ai/install/gnss/include/gnss/geo_pos_conv.hpp
[6.452s] -- Installing: /home/ros/autoware.ai/install/gnss/lib/libgnss.so
[6.452s] -- Set runtime path of "/home/ros/autoware.ai/install/gnss/lib/libgnss.so" to ""
[6.458s] Invoked command in '/home/ros/autoware.ai/build/gnss' returned '0': /home/ros/.local/bin/cmake --install /home/ros/autoware.ai/build/gnss
