[0.035s] Invoking command in '/home/ros/autoware.ai/build/autoware_quickstart_examples': /usr/bin/cmake /home/ros/autoware.ai/src/autoware/documentation/autoware_quickstart_examples -DCMAKE_BUILD_TYPE=Release -DCATKIN_INSTALL_INTO_PREFIX_ROOT=0 -DCMAKE_INSTALL_PREFIX=/home/ros/autoware.ai/install/autoware_quickstart_examples
[0.173s] -- The C compiler identification is GNU 7.5.0
[0.276s] -- The CXX compiler identification is GNU 7.5.0
[0.282s] -- Check for working C compiler: /usr/bin/cc
[0.432s] -- Check for working C compiler: /usr/bin/cc -- works
[0.433s] -- Detecting C compiler ABI info
[0.647s] -- Detecting C compiler ABI info - done
[0.660s] -- Detecting C compile features
[1.043s] -- Detecting C compile features - done
[1.048s] -- Check for working CXX compiler: /usr/bin/c++
[1.217s] -- Check for working CXX compiler: /usr/bin/c++ -- works
[1.218s] -- Detecting CXX compiler ABI info
[1.478s] -- Detecting CXX compiler ABI info - done
[1.493s] -- Detecting CXX compile features
[2.649s] -- Detecting CXX compile features - done
[2.649s] -- Using CATKIN_DEVEL_PREFIX: /home/ros/autoware.ai/build/autoware_quickstart_examples/devel
[2.649s] -- Using CMAKE_PREFIX_PATH: /opt/ros/melodic
[2.649s] -- This workspace overlays: /opt/ros/melodic
[2.694s] -- Found PythonInterp: /usr/bin/python2 (found suitable version "2.7.17", minimum required is "2") 
[2.694s] -- Using PYTHON_EXECUTABLE: /usr/bin/python2
[2.695s] -- Using Debian Python package layout
[2.696s] -- Using empy: /usr/bin/empy
[3.150s] -- Using CATKIN_ENABLE_TESTING: ON
[3.151s] -- Call enable_testing()
[3.155s] -- Using CATKIN_TEST_RESULTS_DIR: /home/ros/autoware.ai/build/autoware_quickstart_examples/test_results
[3.185s] -- Found gtest sources under '/usr/src/googletest': gtests will be built
[3.185s] -- Found gmock sources under '/usr/src/googletest': gmock will be built
[3.215s] -- Found PythonInterp: /usr/bin/python2 (found version "2.7.17") 
[3.217s] -- Looking for pthread.h
[3.426s] -- Looking for pthread.h - found
[3.426s] -- Looking for pthread_create
[3.721s] -- Looking for pthread_create - not found
[3.721s] -- Looking for pthread_create in pthreads
[4.061s] -- Looking for pthread_create in pthreads - not found
[4.062s] -- Looking for pthread_create in pthread
[4.524s] -- Looking for pthread_create in pthread - found
[4.526s] -- Found Threads: TRUE  
[4.538s] -- Using Python nosetests: /usr/bin/nosetests-2.7
[4.663s] -- catkin 0.7.29
[4.664s] -- BUILD_SHARED_LIBS is on
[5.537s] -- Configuring done
[5.553s] -- Generating done
[5.557s] -- Build files have been written to: /home/ros/autoware.ai/build/autoware_quickstart_examples
[5.569s] Invoked command in '/home/ros/autoware.ai/build/autoware_quickstart_examples' returned '0': /usr/bin/cmake /home/ros/autoware.ai/src/autoware/documentation/autoware_quickstart_examples -DCMAKE_BUILD_TYPE=Release -DCATKIN_INSTALL_INTO_PREFIX_ROOT=0 -DCMAKE_INSTALL_PREFIX=/home/ros/autoware.ai/install/autoware_quickstart_examples
[5.570s] Invoking command in '/home/ros/autoware.ai/build/autoware_quickstart_examples': /usr/bin/cmake --build /home/ros/autoware.ai/build/autoware_quickstart_examples -- -j12 -l12
[5.638s] Invoked command in '/home/ros/autoware.ai/build/autoware_quickstart_examples' returned '0': /usr/bin/cmake --build /home/ros/autoware.ai/build/autoware_quickstart_examples -- -j12 -l12
[5.772s] Invoking command in '/home/ros/autoware.ai/build/autoware_quickstart_examples': /usr/bin/cmake --build /home/ros/autoware.ai/build/autoware_quickstart_examples --target tests -- -j12 -l12
[5.964s] [35m[1mScanning dependencies of target tests[0m
[6.006s] Built target tests
[6.041s] Invoked command in '/home/ros/autoware.ai/build/autoware_quickstart_examples' returned '0': /usr/bin/cmake --build /home/ros/autoware.ai/build/autoware_quickstart_examples --target tests -- -j12 -l12
[6.145s] Invoking command in '/home/ros/autoware.ai/build/autoware_quickstart_examples': /usr/bin/cmake --build /home/ros/autoware.ai/build/autoware_quickstart_examples --target install -- -j12 -l12
[6.288s] [36mInstall the project...[0m
[6.312s] -- Install configuration: "Release"
[6.312s] -- Installing: /home/ros/autoware.ai/install/autoware_quickstart_examples/lib/pkgconfig/autoware_quickstart_examples.pc
[6.313s] -- Installing: /home/ros/autoware.ai/install/autoware_quickstart_examples/share/autoware_quickstart_examples/cmake/autoware_quickstart_examplesConfig.cmake
[6.313s] -- Installing: /home/ros/autoware.ai/install/autoware_quickstart_examples/share/autoware_quickstart_examples/cmake/autoware_quickstart_examplesConfig-version.cmake
[6.313s] -- Installing: /home/ros/autoware.ai/install/autoware_quickstart_examples/share/autoware_quickstart_examples/package.xml
[6.314s] -- Installing: /home/ros/autoware.ai/install/autoware_quickstart_examples/share/autoware_quickstart_examples/launch
[6.315s] -- Installing: /home/ros/autoware.ai/install/autoware_quickstart_examples/share/autoware_quickstart_examples/launch/rosbag_demo
[6.315s] -- Installing: /home/ros/autoware.ai/install/autoware_quickstart_examples/share/autoware_quickstart_examples/launch/rosbag_demo/my_sensing.launch
[6.315s] -- Installing: /home/ros/autoware.ai/install/autoware_quickstart_examples/share/autoware_quickstart_examples/launch/rosbag_demo/my_mission_planning.launch
[6.315s] -- Installing: /home/ros/autoware.ai/install/autoware_quickstart_examples/share/autoware_quickstart_examples/launch/rosbag_demo/my_detection.launch
[6.315s] -- Installing: /home/ros/autoware.ai/install/autoware_quickstart_examples/share/autoware_quickstart_examples/launch/rosbag_demo/my_localization.launch
[6.315s] -- Installing: /home/ros/autoware.ai/install/autoware_quickstart_examples/share/autoware_quickstart_examples/launch/rosbag_demo/my_map.launch
[6.315s] -- Installing: /home/ros/autoware.ai/install/autoware_quickstart_examples/share/autoware_quickstart_examples/launch/rosbag_demo/default.rviz
[6.315s] -- Installing: /home/ros/autoware.ai/install/autoware_quickstart_examples/share/autoware_quickstart_examples/launch/rosbag_demo/my_motion_planning.launch
[6.316s] -- Installing: /home/ros/autoware.ai/install/autoware_quickstart_examples/share/autoware_quickstart_examples/launch/rosbag_demo/README.md
[6.316s] -- Installing: /home/ros/autoware.ai/install/autoware_quickstart_examples/share/autoware_quickstart_examples/launch/rosbag_demo/autoware.rviz
[6.316s] -- Installing: /home/ros/autoware.ai/install/autoware_quickstart_examples/share/autoware_quickstart_examples/launch/tf_local.launch
[6.323s] Invoked command in '/home/ros/autoware.ai/build/autoware_quickstart_examples' returned '0': /usr/bin/cmake --build /home/ros/autoware.ai/build/autoware_quickstart_examples --target install -- -j12 -l12
